#
# There is insufficient memory for the Java Runtime Environment to continue.
# Native memory allocation (malloc) failed to allocate 382736 bytes. Error detail: Chunk::new
# Possible reasons:
#   The system is out of physical RAM or swap space
#   This process is running with CompressedOops enabled, and the Java Heap may be blocking the growth of the native heap
# Possible solutions:
#   Reduce memory load on the system
#   Increase physical memory or swap space
#   Check if swap backing store is full
#   Decrease Java heap size (-Xmx/-Xms)
#   Decrease number of Java threads
#   Decrease Java thread stack sizes (-Xss)
#   Set larger code cache with -XX:ReservedCodeCacheSize=
#   JVM is running with Unscaled Compressed Oops mode in which the Java heap is
#     placed in the first 4GB address space. The Java Heap base address is the
#     maximum limit for the native heap growth. Please use -XX:HeapBaseMinAddress
#     to set the Java Heap base and to place the Java Heap above 4GB virtual address.
# This output file may be truncated or incomplete.
#
#  Out of Memory Error (arena.cpp:191), pid=18860, tid=5772
#
# JRE version: OpenJDK Runtime Environment Temurin-17.0.13+11 (17.0.13+11) (build 17.0.13+11)
# Java VM: OpenJDK 64-Bit Server VM Temurin-17.0.13+11 (17.0.13+11, mixed mode, tiered, compressed oops, compressed class ptrs, parallel gc, windows-amd64)
# No core dump will be written. Minidumps are not enabled by default on client versions of Windows
#

---------------  S U M M A R Y ------------

Command Line: --add-modules=ALL-SYSTEM --add-opens=java.base/java.util=ALL-UNNAMED --add-opens=java.base/java.lang=ALL-UNNAMED --add-opens=java.base/sun.nio.fs=ALL-UNNAMED -Declipse.application=org.eclipse.jdt.ls.core.id1 -Dosgi.bundles.defaultStartLevel=4 -Declipse.product=org.eclipse.jdt.ls.core.product -Djava.import.generatesMetadataFilesAtProjectRoot=false -DDetectVMInstallationsJob.disabled=true -Dfile.encoding=utf8 -XX:+UseParallelGC -XX:GCTimeRatio=4 -XX:AdaptiveSizePolicyWeight=90 -Dsun.zip.disableMemoryMapping=true -Xmx1G -Xms100m -Xlog:disable -javaagent:c:\Users\Kiet\.vscode\extensions\redhat.java-1.38.0-win32-x64\lombok\lombok-1.18.34.jar -XX:+HeapDumpOnOutOfMemoryError -XX:HeapDumpPath=c:\Users\Kiet\AppData\Roaming\Code\User\workspaceStorage\f22878db525d6a51bc79ced663af2e8e\redhat.java -Daether.dependencyCollector.impl=bf c:\Users\Kiet\.vscode\extensions\redhat.java-1.38.0-win32-x64\server\plugins\org.eclipse.equinox.launcher_1.6.900.v20240613-2009.jar -configuration c:\Users\Kiet\AppData\Roaming\Code\User\globalStorage\redhat.java\1.38.0\config_win -data c:\Users\Kiet\AppData\Roaming\Code\User\workspaceStorage\f22878db525d6a51bc79ced663af2e8e\redhat.java\jdt_ws --pipe=\\.\pipe\lsp-be81f02473cbc926045cd4ad75355cf0-sock

Host: Intel(R) Core(TM) i5-1035G1 CPU @ 1.00GHz, 8 cores, 7G,  Windows 11 , 64 bit Build 22621 (10.0.22621.4391)
Time: Fri Dec 20 23:20:36 2024 SE Asia Standard Time elapsed time: 0.895491 seconds (0d 0h 0m 0s)

---------------  T H R E A D  ---------------

Current thread (0x000002d0a3597140):  JavaThread "C2 CompilerThread1" daemon [_thread_in_native, id=5772, stack(0x000000f055000000,0x000000f055100000)]


Current CompileTask:
C2:    895  715   !   4       java.util.jar.Attributes::read (498 bytes)

Stack: [0x000000f055000000,0x000000f055100000]
Native frames: (J=compiled Java code, j=interpreted, Vv=VM code, C=native code)
V  [jvm.dll+0x682a19]
V  [jvm.dll+0x839538]
V  [jvm.dll+0x83afe3]
V  [jvm.dll+0x83b653]
V  [jvm.dll+0x24704f]
V  [jvm.dll+0xace34]
V  [jvm.dll+0xad4cc]
V  [jvm.dll+0x2ac84f]
V  [jvm.dll+0x588a79]
V  [jvm.dll+0x220ea2]
V  [jvm.dll+0x22129f]
V  [jvm.dll+0x21a2b0]
V  [jvm.dll+0x21738b]
V  [jvm.dll+0x1a3070]
V  [jvm.dll+0x22788c]
V  [jvm.dll+0x2259eb]
V  [jvm.dll+0x7eec98]
V  [jvm.dll+0x7e8ffc]
V  [jvm.dll+0x6818f7]
C  [ucrtbase.dll+0x29333]
C  [KERNEL32.DLL+0x1259d]
C  [ntdll.dll+0x5af38]


---------------  P R O C E S S  ---------------

Threads class SMR info:
_java_thread_list=0x000002d0a36faeb0, length=13, elements={
0x000002d08852dd90, 0x000002d0885dcf40, 0x000002d0885de2a0, 0x000002d0a3398f30,
0x000002d0a3399a00, 0x000002d0a339a5c0, 0x000002d0a339c230, 0x000002d0a33a5000,
0x000002d0a33a5ab0, 0x000002d0a33af090, 0x000002d0a350c4b0, 0x000002d0a3597140,
0x000002d0a350bfa0
}

Java Threads: ( => current thread )
  0x000002d08852dd90 JavaThread "main" [_thread_in_Java, id=14460, stack(0x000000f054300000,0x000000f054400000)]
  0x000002d0885dcf40 JavaThread "Reference Handler" daemon [_thread_blocked, id=19512, stack(0x000000f054600000,0x000000f054700000)]
  0x000002d0885de2a0 JavaThread "Finalizer" daemon [_thread_blocked, id=6152, stack(0x000000f054700000,0x000000f054800000)]
  0x000002d0a3398f30 JavaThread "Signal Dispatcher" daemon [_thread_blocked, id=6908, stack(0x000000f054800000,0x000000f054900000)]
  0x000002d0a3399a00 JavaThread "Attach Listener" daemon [_thread_blocked, id=4048, stack(0x000000f054900000,0x000000f054a00000)]
  0x000002d0a339a5c0 JavaThread "Service Thread" daemon [_thread_blocked, id=22512, stack(0x000000f054a00000,0x000000f054b00000)]
  0x000002d0a339c230 JavaThread "Monitor Deflation Thread" daemon [_thread_blocked, id=19308, stack(0x000000f054b00000,0x000000f054c00000)]
  0x000002d0a33a5000 JavaThread "C2 CompilerThread0" daemon [_thread_in_native, id=12004, stack(0x000000f054c00000,0x000000f054d00000)]
  0x000002d0a33a5ab0 JavaThread "C1 CompilerThread0" daemon [_thread_blocked, id=7892, stack(0x000000f054d00000,0x000000f054e00000)]
  0x000002d0a33af090 JavaThread "Sweeper thread" daemon [_thread_blocked, id=17808, stack(0x000000f054e00000,0x000000f054f00000)]
  0x000002d0a350c4b0 JavaThread "Common-Cleaner" daemon [_thread_blocked, id=1808, stack(0x000000f054f00000,0x000000f055000000)]
=>0x000002d0a3597140 JavaThread "C2 CompilerThread1" daemon [_thread_in_native, id=5772, stack(0x000000f055000000,0x000000f055100000)]
  0x000002d0a350bfa0 JavaThread "Notification Thread" daemon [_thread_blocked, id=15608, stack(0x000000f055100000,0x000000f055200000)]

Other Threads:
  0x000002d0885b8fe0 VMThread "VM Thread" [stack: 0x000000f054500000,0x000000f054600000] [id=17288]
  0x000002d0a372e120 WatcherThread [stack: 0x000000f055200000,0x000000f055300000] [id=3848]
  0x000002d088544ea0 GCTaskThread "GC Thread#0" [stack: 0x000000f054400000,0x000000f054500000] [id=13164]

Threads with active compile tasks:
C2 CompilerThread0      922  726       4       sun.security.provider.SHA2::implCompress0 (490 bytes)
C2 CompilerThread1      922  715   !   4       java.util.jar.Attributes::read (498 bytes)

VM state: not at safepoint (normal execution)

VM Mutex/Monitor currently owned by a thread: None

Heap address: 0x00000000c0000000, size: 1024 MB, Compressed Oops mode: 32-bit

CDS archive(s) not mapped
Compressed class space mapped at: 0x0000000100000000-0x0000000140000000, reserved size: 1073741824
Narrow klass base: 0x0000000000000000, Narrow klass shift: 3, Narrow klass range: 0x140000000

GC Precious Log:
 CPUs: 8 total, 8 available
 Memory: 7987M
 Large Page Support: Disabled
 NUMA Support: Disabled
 Compressed Oops: Enabled (32-bit)
 Alignments: Space 512K, Generation 512K, Heap 2M
 Heap Min Capacity: 100M
 Heap Initial Capacity: 100M
 Heap Max Capacity: 1G
 Pre-touch: Disabled
 Parallel Workers: 8

Heap:
 PSYoungGen      total 29696K, used 18568K [0x00000000eab00000, 0x00000000ecc00000, 0x0000000100000000)
  eden space 25600K, 72% used [0x00000000eab00000,0x00000000ebd222e8,0x00000000ec400000)
  from space 4096K, 0% used [0x00000000ec800000,0x00000000ec800000,0x00000000ecc00000)
  to   space 4096K, 0% used [0x00000000ec400000,0x00000000ec400000,0x00000000ec800000)
 ParOldGen       total 68608K, used 0K [0x00000000c0000000, 0x00000000c4300000, 0x00000000eab00000)
  object space 68608K, 0% used [0x00000000c0000000,0x00000000c0000000,0x00000000c4300000)
 Metaspace       used 9563K, committed 9728K, reserved 1114112K
  class space    used 951K, committed 1024K, reserved 1048576K

Card table byte_map: [0x000002d09bb90000,0x000002d09bda0000] _byte_map_base: 0x000002d09b590000

Marking Bits: (ParMarkBitMap*) 0x00007ffdc5c66940
 Begin Bits: [0x000002d09bf00000, 0x000002d09cf00000)
 End Bits:   [0x000002d09cf00000, 0x000002d09df00000)

Polling page: 0x000002d0885e0000

Metaspace:

Usage:
  Non-class:      8.41 MB used.
      Class:    953.52 KB used.
       Both:      9.34 MB used.

Virtual space:
  Non-class space:       64.00 MB reserved,       8.50 MB ( 13%) committed,  1 nodes.
      Class space:        1.00 GB reserved,       1.00 MB ( <1%) committed,  1 nodes.
             Both:        1.06 GB reserved,       9.50 MB ( <1%) committed. 

Chunk freelists:
   Non-Class:  6.78 MB
       Class:  15.01 MB
        Both:  21.79 MB

MaxMetaspaceSize: unlimited
CompressedClassSpaceSize: 1.00 GB
Initial GC threshold: 21.00 MB
Current GC threshold: 21.00 MB
CDS: off
MetaspaceReclaimPolicy: balanced
 - commit_granule_bytes: 65536.
 - commit_granule_words: 8192.
 - virtual_space_node_default_size: 8388608.
 - enlarge_chunks_in_place: 1.
 - new_chunks_are_fully_committed: 0.
 - uncommit_free_chunks: 1.
 - use_allocation_guard: 0.
 - handle_deallocations: 1.


Internal statistics:

num_allocs_failed_limit: 0.
num_arena_births: 16.
num_arena_deaths: 0.
num_vsnodes_births: 2.
num_vsnodes_deaths: 0.
num_space_committed: 152.
num_space_uncommitted: 0.
num_chunks_returned_to_freelist: 0.
num_chunks_taken_from_freelist: 63.
num_chunk_merges: 0.
num_chunk_splits: 38.
num_chunks_enlarged: 30.
num_inconsistent_stats: 0.

CodeHeap 'non-profiled nmethods': size=120000Kb used=293Kb max_used=293Kb free=119706Kb
 bounds [0x000002d094480000, 0x000002d0946f0000, 0x000002d09b9b0000]
CodeHeap 'profiled nmethods': size=120000Kb used=1174Kb max_used=1174Kb free=118825Kb
 bounds [0x000002d08c9b0000, 0x000002d08cc20000, 0x000002d093ee0000]
CodeHeap 'non-nmethods': size=5760Kb used=1148Kb max_used=1178Kb free=4611Kb
 bounds [0x000002d093ee0000, 0x000002d094150000, 0x000002d094480000]
 total_blobs=1172 nmethods=747 adapters=340
 compilation: enabled
              stopped_count=0, restarted_count=0
 full_count=0

Compilation events (20 events):
Event: 0.861 Thread 0x000002d0a33a5000 nmethod 714 0x000002d0944c6e90 code [0x000002d0944c70c0, 0x000002d0944c7c20]
Event: 0.861 Thread 0x000002d0a33a5000  728       4       java.math.BigInteger::addOne (77 bytes)
Event: 0.863 Thread 0x000002d0a33a5000 nmethod 728 0x000002d0944c8390 code [0x000002d0944c8500, 0x000002d0944c8638]
Event: 0.863 Thread 0x000002d0a33a5000  726       4       sun.security.provider.SHA2::implCompress0 (490 bytes)
Event: 0.871 Thread 0x000002d0a33a5ab0  731  s    3       java.util.Hashtable::put (104 bytes)
Event: 0.872 Thread 0x000002d0a33a5ab0 nmethod 731 0x000002d08cac8710 code [0x000002d08cac8920, 0x000002d08cac8fb8]
Event: 0.872 Thread 0x000002d0a33a5ab0  732       3       java.util.Hashtable::addEntry (87 bytes)
Event: 0.872 Thread 0x000002d0a33a5ab0 nmethod 732 0x000002d08cac9210 code [0x000002d08cac93e0, 0x000002d08cac99d8]
Event: 0.872 Thread 0x000002d0a33a5ab0  733       3       java.util.Hashtable$Entry::<init> (26 bytes)
Event: 0.873 Thread 0x000002d0a33a5ab0 nmethod 733 0x000002d08cac9c90 code [0x000002d08cac9e20, 0x000002d08cac9fd8]
Event: 0.873 Thread 0x000002d0a33a5ab0  734       3       sun.security.util.SignatureFileVerifier::updateSigners (132 bytes)
Event: 0.874 Thread 0x000002d0a33a5ab0 nmethod 734 0x000002d08caca090 code [0x000002d08caca340, 0x000002d08cacb278]
Event: 0.874 Thread 0x000002d0a33a5ab0  737       3       lombok.eclipse.agent.EclipsePatcher$1::shouldTransform (93 bytes)
Event: 0.875 Thread 0x000002d0a33a5ab0 nmethod 737 0x000002d08cacb890 code [0x000002d08cacbb40, 0x000002d08cacc768]
Event: 0.875 Thread 0x000002d0a33a5ab0  735       3       sun.security.util.SignatureFileVerifier::matches (93 bytes)
Event: 0.876 Thread 0x000002d0a33a5ab0 nmethod 735 0x000002d08caccb90 code [0x000002d08caccdc0, 0x000002d08cacd618]
Event: 0.876 Thread 0x000002d0a33a5ab0  736       3       jdk.internal.reflect.ClassFileAssembler::emitShort (24 bytes)
Event: 0.877 Thread 0x000002d0a33a5ab0 nmethod 736 0x000002d08cacd910 code [0x000002d08cacdae0, 0x000002d08cacddd8]
Event: 0.889 Thread 0x000002d0a33a5ab0  739       3       java.io.InputStream::<init> (5 bytes)
Event: 0.890 Thread 0x000002d0a33a5ab0 nmethod 739 0x000002d08cacdf90 code [0x000002d08cace120, 0x000002d08cace278]

GC Heap History (0 events):
No events

Dll operation events (8 events):
Event: 0.014 Loaded shared library c:\Users\Kiet\.vscode\extensions\redhat.java-1.38.0-win32-x64\jre\17.0.13-win32-x86_64\bin\java.dll
Event: 0.209 Loaded shared library c:\Users\Kiet\.vscode\extensions\redhat.java-1.38.0-win32-x64\jre\17.0.13-win32-x86_64\bin\zip.dll
Event: 0.214 Loaded shared library C:\Users\Kiet\.vscode\extensions\redhat.java-1.38.0-win32-x64\jre\17.0.13-win32-x86_64\bin\instrument.dll
Event: 0.236 Loaded shared library C:\Users\Kiet\.vscode\extensions\redhat.java-1.38.0-win32-x64\jre\17.0.13-win32-x86_64\bin\net.dll
Event: 0.239 Loaded shared library C:\Users\Kiet\.vscode\extensions\redhat.java-1.38.0-win32-x64\jre\17.0.13-win32-x86_64\bin\nio.dll
Event: 0.249 Loaded shared library C:\Users\Kiet\.vscode\extensions\redhat.java-1.38.0-win32-x64\jre\17.0.13-win32-x86_64\bin\zip.dll
Event: 0.276 Loaded shared library C:\Users\Kiet\.vscode\extensions\redhat.java-1.38.0-win32-x64\jre\17.0.13-win32-x86_64\bin\jimage.dll
Event: 0.368 Loaded shared library c:\Users\Kiet\.vscode\extensions\redhat.java-1.38.0-win32-x64\jre\17.0.13-win32-x86_64\bin\verify.dll

Deoptimization events (20 events):
Event: 0.874 Thread 0x000002d08852dd90 DEOPT PACKING pc=0x000002d08ca7ffc4 sp=0x000000f0543fe8d0
Event: 0.874 Thread 0x000002d08852dd90 DEOPT UNPACKING pc=0x000002d093f3a9e3 sp=0x000000f0543fdd28 mode 0
Event: 0.875 Thread 0x000002d08852dd90 DEOPT PACKING pc=0x000002d08ca7ffc4 sp=0x000000f0543fe8d0
Event: 0.875 Thread 0x000002d08852dd90 DEOPT UNPACKING pc=0x000002d093f3a9e3 sp=0x000000f0543fdd28 mode 0
Event: 0.876 Thread 0x000002d08852dd90 DEOPT PACKING pc=0x000002d08ca8009c sp=0x000000f0543fe8d0
Event: 0.876 Thread 0x000002d08852dd90 DEOPT UNPACKING pc=0x000002d093f3a9e3 sp=0x000000f0543fdd28 mode 0
Event: 0.876 Thread 0x000002d08852dd90 DEOPT PACKING pc=0x000002d08ca8009c sp=0x000000f0543fe8d0
Event: 0.876 Thread 0x000002d08852dd90 DEOPT UNPACKING pc=0x000002d093f3a9e3 sp=0x000000f0543fdd28 mode 0
Event: 0.876 Thread 0x000002d08852dd90 DEOPT PACKING pc=0x000002d08ca8009c sp=0x000000f0543fe8d0
Event: 0.876 Thread 0x000002d08852dd90 DEOPT UNPACKING pc=0x000002d093f3a9e3 sp=0x000000f0543fdd28 mode 0
Event: 0.877 Thread 0x000002d08852dd90 DEOPT PACKING pc=0x000002d08ca8009c sp=0x000000f0543fe8d0
Event: 0.877 Thread 0x000002d08852dd90 DEOPT UNPACKING pc=0x000002d093f3a9e3 sp=0x000000f0543fdd28 mode 0
Event: 0.877 Thread 0x000002d08852dd90 DEOPT PACKING pc=0x000002d08ca7ffc4 sp=0x000000f0543fe8d0
Event: 0.877 Thread 0x000002d08852dd90 DEOPT UNPACKING pc=0x000002d093f3a9e3 sp=0x000000f0543fdd28 mode 0
Event: 0.877 Thread 0x000002d08852dd90 DEOPT PACKING pc=0x000002d08ca7ffc4 sp=0x000000f0543fe8d0
Event: 0.877 Thread 0x000002d08852dd90 DEOPT UNPACKING pc=0x000002d093f3a9e3 sp=0x000000f0543fdd28 mode 0
Event: 0.889 Thread 0x000002d08852dd90 DEOPT PACKING pc=0x000002d08ca7ffc4 sp=0x000000f0543fa980
Event: 0.889 Thread 0x000002d08852dd90 DEOPT UNPACKING pc=0x000002d093f3a9e3 sp=0x000000f0543f9dd8 mode 0
Event: 0.891 Thread 0x000002d08852dd90 DEOPT PACKING pc=0x000002d08ca8009c sp=0x000000f0543f8d30
Event: 0.891 Thread 0x000002d08852dd90 DEOPT UNPACKING pc=0x000002d093f3a9e3 sp=0x000000f0543f8188 mode 0

Classes loaded (20 events):
Event: 0.859 Loading class jdk/internal/reflect/BootstrapConstructorAccessorImpl
Event: 0.859 Loading class jdk/internal/reflect/BootstrapConstructorAccessorImpl done
Event: 0.878 Loading class java/io/FilePermission
Event: 0.879 Loading class java/io/FilePermission done
Event: 0.879 Loading class java/io/FilePermission$1
Event: 0.879 Loading class jdk/internal/access/JavaIOFilePermissionAccess
Event: 0.879 Loading class jdk/internal/access/JavaIOFilePermissionAccess done
Event: 0.879 Loading class java/io/FilePermission$1 done
Event: 0.880 Loading class sun/security/util/FilePermCompat
Event: 0.880 Loading class sun/security/util/FilePermCompat done
Event: 0.880 Loading class sun/security/util/SecurityProperties
Event: 0.880 Loading class sun/security/util/SecurityProperties done
Event: 0.880 Loading class java/io/FilePermissionCollection
Event: 0.881 Loading class java/io/FilePermissionCollection done
Event: 0.881 Loading class java/io/FilePermissionCollection$1
Event: 0.881 Loading class java/io/FilePermissionCollection$1 done
Event: 0.888 Loading class java/util/EventListener
Event: 0.888 Loading class java/util/EventListener done
Event: 0.892 Loading class java/lang/InterruptedException
Event: 0.892 Loading class java/lang/InterruptedException done

Classes unloaded (0 events):
No events

Classes redefined (0 events):
No events

Internal exceptions (9 events):
Event: 0.174 Thread 0x000002d08852dd90 Exception <a 'java/lang/NoSuchMethodError'{0x00000000eacb52a0}: 'void java.lang.invoke.DirectMethodHandle$Holder.invokeStatic(java.lang.Object, java.lang.Object, java.lang.Object)'> (0x00000000eacb52a0) 
thrown [s\src\hotspot\share\interpreter\linkResolver.cpp, line 759]
Event: 0.394 Thread 0x000002d08852dd90 Exception <a 'java/lang/reflect/InvocationTargetException'{0x00000000eafe6748}> (0x00000000eafe6748) 
thrown [s\src\hotspot\share\runtime\reflection.cpp, line 1128]
Event: 0.746 Thread 0x000002d08852dd90 Exception <a 'java/lang/ClassNotFoundException'{0x00000000eb878ff8}: sun/net/www/protocol/c/Handler> (0x00000000eb878ff8) 
thrown [s\src\hotspot\share\classfile\systemDictionary.cpp, line 256]
Event: 0.756 Thread 0x000002d08852dd90 Exception <a 'java/io/FileNotFoundException'{0x00000000eb894860}> (0x00000000eb894860) 
thrown [s\src\hotspot\share\prims\jni.cpp, line 516]
Event: 0.757 Thread 0x000002d08852dd90 Exception <a 'java/io/FileNotFoundException'{0x00000000eb895580}> (0x00000000eb895580) 
thrown [s\src\hotspot\share\prims\jni.cpp, line 516]
Event: 0.757 Thread 0x000002d08852dd90 Exception <a 'java/io/FileNotFoundException'{0x00000000eb896280}> (0x00000000eb896280) 
thrown [s\src\hotspot\share\prims\jni.cpp, line 516]
Event: 0.757 Thread 0x000002d08852dd90 Exception <a 'java/io/FileNotFoundException'{0x00000000eb896f50}> (0x00000000eb896f50) 
thrown [s\src\hotspot\share\prims\jni.cpp, line 516]
Event: 0.765 Thread 0x000002d08852dd90 Implicit null exception at 0x000002d0944a60f2 to 0x000002d0944a6668
Event: 0.769 Thread 0x000002d08852dd90 Exception <a 'java/io/FileNotFoundException'{0x00000000eb8d1830}> (0x00000000eb8d1830) 
thrown [s\src\hotspot\share\prims\jni.cpp, line 516]

VM Operations (8 events):
Event: 0.181 Executing VM operation: HandshakeAllThreads
Event: 0.181 Executing VM operation: HandshakeAllThreads done
Event: 0.304 Executing VM operation: HandshakeAllThreads
Event: 0.304 Executing VM operation: HandshakeAllThreads done
Event: 0.717 Executing VM operation: HandshakeAllThreads
Event: 0.717 Executing VM operation: HandshakeAllThreads done
Event: 0.739 Executing VM operation: HandshakeAllThreads
Event: 0.739 Executing VM operation: HandshakeAllThreads done

Memory protections (0 events):
No events

Nmethod flushes (0 events):
No events

Events (13 events):
Event: 0.045 Thread 0x000002d08852dd90 Thread added: 0x000002d08852dd90
Event: 0.056 Thread 0x000002d08852dd90 Thread added: 0x000002d0885dcf40
Event: 0.056 Thread 0x000002d08852dd90 Thread added: 0x000002d0885de2a0
Event: 0.074 Thread 0x000002d08852dd90 Thread added: 0x000002d0a3398f30
Event: 0.074 Thread 0x000002d08852dd90 Thread added: 0x000002d0a3399a00
Event: 0.074 Thread 0x000002d08852dd90 Thread added: 0x000002d0a339a5c0
Event: 0.075 Thread 0x000002d08852dd90 Thread added: 0x000002d0a339c230
Event: 0.075 Thread 0x000002d08852dd90 Thread added: 0x000002d0a33a5000
Event: 0.075 Thread 0x000002d08852dd90 Thread added: 0x000002d0a33a5ab0
Event: 0.075 Thread 0x000002d08852dd90 Thread added: 0x000002d0a33af090
Event: 0.152 Thread 0x000002d08852dd90 Thread added: 0x000002d0a350c4b0
Event: 0.195 Thread 0x000002d0a33a5000 Thread added: 0x000002d0a3597140
Event: 0.479 Thread 0x000002d08852dd90 Thread added: 0x000002d0a350bfa0


Dynamic libraries:
0x00007ff6c4610000 - 0x00007ff6c461e000 	c:\Users\Kiet\.vscode\extensions\redhat.java-1.38.0-win32-x64\jre\17.0.13-win32-x86_64\bin\java.exe
0x00007ffe112d0000 - 0x00007ffe114e7000 	C:\WINDOWS\SYSTEM32\ntdll.dll
0x00007ffe105a0000 - 0x00007ffe10664000 	C:\WINDOWS\System32\KERNEL32.DLL
0x00007ffe0e7f0000 - 0x00007ffe0ebaa000 	C:\WINDOWS\System32\KERNELBASE.dll
0x00007ffe0ee10000 - 0x00007ffe0ef21000 	C:\WINDOWS\System32\ucrtbase.dll
0x00007ffdfe060000 - 0x00007ffdfe077000 	c:\Users\Kiet\.vscode\extensions\redhat.java-1.38.0-win32-x64\jre\17.0.13-win32-x86_64\bin\jli.dll
0x00007ffe10950000 - 0x00007ffe10afe000 	C:\WINDOWS\System32\USER32.dll
0x00007ffe0e740000 - 0x00007ffe0e766000 	C:\WINDOWS\System32\win32u.dll
0x00007ffe0f1b0000 - 0x00007ffe0f1d9000 	C:\WINDOWS\System32\GDI32.dll
0x00007ffe0e5a0000 - 0x00007ffe0e6bb000 	C:\WINDOWS\System32\gdi32full.dll
0x00007ffe0ef30000 - 0x00007ffe0efca000 	C:\WINDOWS\System32\msvcp_win.dll
0x00007ffdf0570000 - 0x00007ffdf058e000 	c:\Users\Kiet\.vscode\extensions\redhat.java-1.38.0-win32-x64\jre\17.0.13-win32-x86_64\bin\VCRUNTIME140.dll
0x00007ffdf4940000 - 0x00007ffdf4bd2000 	C:\WINDOWS\WinSxS\amd64_microsoft.windows.common-controls_6595b64144ccf1df_6.0.22621.4541_none_2710d1c57384c085\COMCTL32.dll
0x00007ffe10b20000 - 0x00007ffe10bc7000 	C:\WINDOWS\System32\msvcrt.dll
0x00007ffe0f030000 - 0x00007ffe0f061000 	C:\WINDOWS\System32\IMM32.DLL
0x00007ffe0a320000 - 0x00007ffe0a32c000 	c:\Users\Kiet\.vscode\extensions\redhat.java-1.38.0-win32-x64\jre\17.0.13-win32-x86_64\bin\vcruntime140_1.dll
0x00007ffdde150000 - 0x00007ffdde1dd000 	c:\Users\Kiet\.vscode\extensions\redhat.java-1.38.0-win32-x64\jre\17.0.13-win32-x86_64\bin\msvcp140.dll
0x00007ffdc50c0000 - 0x00007ffdc5d2b000 	c:\Users\Kiet\.vscode\extensions\redhat.java-1.38.0-win32-x64\jre\17.0.13-win32-x86_64\bin\server\jvm.dll
0x00007ffe111d0000 - 0x00007ffe11282000 	C:\WINDOWS\System32\ADVAPI32.dll
0x00007ffe0f2e0000 - 0x00007ffe0f387000 	C:\WINDOWS\System32\sechost.dll
0x00007ffe0ebb0000 - 0x00007ffe0ebd8000 	C:\WINDOWS\System32\bcrypt.dll
0x00007ffe0f070000 - 0x00007ffe0f184000 	C:\WINDOWS\System32\RPCRT4.dll
0x00007ffe10340000 - 0x00007ffe103b1000 	C:\WINDOWS\System32\WS2_32.dll
0x00007ffe0e470000 - 0x00007ffe0e4bd000 	C:\WINDOWS\SYSTEM32\POWRPROF.dll
0x00007ffe0a010000 - 0x00007ffe0a044000 	C:\WINDOWS\SYSTEM32\WINMM.dll
0x00007ffe0a630000 - 0x00007ffe0a63a000 	C:\WINDOWS\SYSTEM32\VERSION.dll
0x00007ffe0e450000 - 0x00007ffe0e463000 	C:\WINDOWS\SYSTEM32\UMPDC.dll
0x00007ffe0d5e0000 - 0x00007ffe0d5f8000 	C:\WINDOWS\SYSTEM32\kernel.appcore.dll
0x00007ffe09f30000 - 0x00007ffe09f3a000 	c:\Users\Kiet\.vscode\extensions\redhat.java-1.38.0-win32-x64\jre\17.0.13-win32-x86_64\bin\jimage.dll
0x00007ffe0bdb0000 - 0x00007ffe0bfe2000 	C:\WINDOWS\SYSTEM32\DBGHELP.DLL
0x00007ffe0fca0000 - 0x00007ffe1002f000 	C:\WINDOWS\System32\combase.dll
0x00007ffe110f0000 - 0x00007ffe111c7000 	C:\WINDOWS\System32\OLEAUT32.dll
0x00007ffdfae80000 - 0x00007ffdfaeb2000 	C:\WINDOWS\SYSTEM32\dbgcore.DLL
0x00007ffe0e6c0000 - 0x00007ffe0e73b000 	C:\WINDOWS\System32\bcryptPrimitives.dll
0x00007ffe09bc0000 - 0x00007ffe09bce000 	c:\Users\Kiet\.vscode\extensions\redhat.java-1.38.0-win32-x64\jre\17.0.13-win32-x86_64\bin\instrument.dll
0x00007ffdedf30000 - 0x00007ffdedf55000 	c:\Users\Kiet\.vscode\extensions\redhat.java-1.38.0-win32-x64\jre\17.0.13-win32-x86_64\bin\java.dll
0x00007ffdea1d0000 - 0x00007ffdea1e8000 	c:\Users\Kiet\.vscode\extensions\redhat.java-1.38.0-win32-x64\jre\17.0.13-win32-x86_64\bin\zip.dll
0x00007ffe0f390000 - 0x00007ffe0fc08000 	C:\WINDOWS\System32\SHELL32.dll
0x00007ffe0c4e0000 - 0x00007ffe0cde8000 	C:\WINDOWS\SYSTEM32\windows.storage.dll
0x00007ffe0c3a0000 - 0x00007ffe0c4df000 	C:\WINDOWS\SYSTEM32\wintypes.dll
0x00007ffe0f1e0000 - 0x00007ffe0f2da000 	C:\WINDOWS\System32\SHCORE.dll
0x00007ffe0efd0000 - 0x00007ffe0f02e000 	C:\WINDOWS\System32\shlwapi.dll
0x00007ffe0e4d0000 - 0x00007ffe0e4fb000 	C:\WINDOWS\SYSTEM32\profapi.dll
0x00007ffde3db0000 - 0x00007ffde3dc9000 	C:\Users\Kiet\.vscode\extensions\redhat.java-1.38.0-win32-x64\jre\17.0.13-win32-x86_64\bin\net.dll
0x00007ffe09d40000 - 0x00007ffe09e76000 	C:\WINDOWS\SYSTEM32\WINHTTP.dll
0x00007ffe0da60000 - 0x00007ffe0dac9000 	C:\WINDOWS\system32\mswsock.dll
0x00007ffddff90000 - 0x00007ffddffa6000 	C:\Users\Kiet\.vscode\extensions\redhat.java-1.38.0-win32-x64\jre\17.0.13-win32-x86_64\bin\nio.dll
0x00007ffe030e0000 - 0x00007ffe030f0000 	c:\Users\Kiet\.vscode\extensions\redhat.java-1.38.0-win32-x64\jre\17.0.13-win32-x86_64\bin\verify.dll

dbghelp: loaded successfully - version: 4.0.5 - missing functions: none
symbol engine: initialized successfully - sym options: 0x614 - pdb path: .;c:\Users\Kiet\.vscode\extensions\redhat.java-1.38.0-win32-x64\jre\17.0.13-win32-x86_64\bin;C:\WINDOWS\SYSTEM32;C:\WINDOWS\WinSxS\amd64_microsoft.windows.common-controls_6595b64144ccf1df_6.0.22621.4541_none_2710d1c57384c085;c:\Users\Kiet\.vscode\extensions\redhat.java-1.38.0-win32-x64\jre\17.0.13-win32-x86_64\bin\server

VM Arguments:
jvm_args: --add-modules=ALL-SYSTEM --add-opens=java.base/java.util=ALL-UNNAMED --add-opens=java.base/java.lang=ALL-UNNAMED --add-opens=java.base/sun.nio.fs=ALL-UNNAMED -Declipse.application=org.eclipse.jdt.ls.core.id1 -Dosgi.bundles.defaultStartLevel=4 -Declipse.product=org.eclipse.jdt.ls.core.product -Djava.import.generatesMetadataFilesAtProjectRoot=false -DDetectVMInstallationsJob.disabled=true -Dfile.encoding=utf8 -XX:+UseParallelGC -XX:GCTimeRatio=4 -XX:AdaptiveSizePolicyWeight=90 -Dsun.zip.disableMemoryMapping=true -Xmx1G -Xms100m -Xlog:disable -javaagent:c:\Users\Kiet\.vscode\extensions\redhat.java-1.38.0-win32-x64\lombok\lombok-1.18.34.jar -XX:+HeapDumpOnOutOfMemoryError -XX:HeapDumpPath=c:\Users\Kiet\AppData\Roaming\Code\User\workspaceStorage\f22878db525d6a51bc79ced663af2e8e\redhat.java -Daether.dependencyCollector.impl=bf 
java_command: c:\Users\Kiet\.vscode\extensions\redhat.java-1.38.0-win32-x64\server\plugins\org.eclipse.equinox.launcher_1.6.900.v20240613-2009.jar -configuration c:\Users\Kiet\AppData\Roaming\Code\User\globalStorage\redhat.java\1.38.0\config_win -data c:\Users\Kiet\AppData\Roaming\Code\User\workspaceStorage\f22878db525d6a51bc79ced663af2e8e\redhat.java\jdt_ws --pipe=\\.\pipe\lsp-be81f02473cbc926045cd4ad75355cf0-sock
java_class_path (initial): c:\Users\Kiet\.vscode\extensions\redhat.java-1.38.0-win32-x64\server\plugins\org.eclipse.equinox.launcher_1.6.900.v20240613-2009.jar
Launcher Type: SUN_STANDARD

[Global flags]
    uintx AdaptiveSizePolicyWeight                 = 90                                        {product} {command line}
     intx CICompilerCount                          = 4                                         {product} {ergonomic}
    uintx GCTimeRatio                              = 4                                         {product} {command line}
     bool HeapDumpOnOutOfMemoryError               = true                                   {manageable} {command line}
    ccstr HeapDumpPath                             = c:\Users\Kiet\AppData\Roaming\Code\User\workspaceStorage\f22878db525d6a51bc79ced663af2e8e\redhat.java         {manageable} {command line}
   size_t InitialHeapSize                          = 104857600                                 {product} {command line}
   size_t MaxHeapSize                              = 1073741824                                {product} {command line}
   size_t MaxNewSize                               = 357564416                                 {product} {ergonomic}
   size_t MinHeapDeltaBytes                        = 524288                                    {product} {ergonomic}
   size_t MinHeapSize                              = 104857600                                 {product} {command line}
   size_t NewSize                                  = 34603008                                  {product} {ergonomic}
    uintx NonNMethodCodeHeapSize                   = 5839372                                {pd product} {ergonomic}
    uintx NonProfiledCodeHeapSize                  = 122909434                              {pd product} {ergonomic}
   size_t OldSize                                  = 70254592                                  {product} {ergonomic}
    uintx ProfiledCodeHeapSize                     = 122909434                              {pd product} {ergonomic}
    uintx ReservedCodeCacheSize                    = 251658240                              {pd product} {ergonomic}
     bool SegmentedCodeCache                       = true                                      {product} {ergonomic}
   size_t SoftMaxHeapSize                          = 1073741824                             {manageable} {ergonomic}
     bool UseCompressedClassPointers               = true                           {product lp64_product} {ergonomic}
     bool UseCompressedOops                        = true                           {product lp64_product} {ergonomic}
     bool UseLargePagesIndividualAllocation        = false                                  {pd product} {ergonomic}
     bool UseParallelGC                            = true                                      {product} {command line}

Logging:
Log output configuration:
 #0: stdout all=off uptime,level,tags
 #1: stderr all=off uptime,level,tags

Environment Variables:
JAVA_HOME=C:\Program Files\Java\jdk-21
PATH=C:\Program Files\Common Files\Oracle\Java\javapath;C:\Program Files (x86)\Common Files\Oracle\Java\java8path;C:\Program Files (x86)\Common Files\Oracle\Java\javapath;C:\WINDOWS\system32;C:\WINDOWS;C:\WINDOWS\System32\Wbem;C:\WINDOWS\System32\WindowsPowerShell\v1.0\;C:\WINDOWS\System32\OpenSSH\;C:\Program Files\dotnet\;C:\Program Files (x86)\Microsoft SQL Server\160\Tools\Binn\;C:\Program Files\Microsoft SQL Server\160\Tools\Binn\;C:\Program Files\Microsoft SQL Server\Client SDK\ODBC\170\Tools\Binn\;C:\Program Files\Microsoft SQL Server\160\DTS\Binn\;C:\Program Files (x86)\Microsoft SQL Server\160\DTS\Binn\;C:\Program Files\Azure Data Studio\bin;C:\Program Files\apache-maven-3.9.6\bin;C:\Program Files\Git\cmd;C:\Program Files\Java\jdk-21\bin;C:\Users\Kiet\AppData\Local\Programs\Python\Python38;C:\Users\Kiet\AppData\Local\Programs\Python\Python38\Scripts;C:\Program Files\CMake\bin;C:\Program Files\PostgreSQL\17\bin;C:\Users\Kiet\anaconda3\Scripts;C:\Program Files\nodejs\;C:\Users\Kiet\AppData\Local\Microsoft\WindowsApps;C:\Users\Kiet\AppData\Local\Programs\Microsoft VS Code\bin;C:\Users\Kiet\.dotnet\tools;C:\Program Files\Azure Data Studio\bin;C:\Users\Kiet\AppData\Roaming\npm
USERNAME=Kiet
OS=Windows_NT
PROCESSOR_IDENTIFIER=Intel64 Family 6 Model 126 Stepping 5, GenuineIntel
TMP=C:\Users\Kiet\AppData\Local\Temp
TEMP=C:\Users\Kiet\AppData\Local\Temp



Periodic native trim disabled


---------------  S Y S T E M  ---------------

OS:
 Windows 11 , 64 bit Build 22621 (10.0.22621.4391)
OS uptime: 6 days 1:19 hours

CPU: total 8 (initial active 8) (4 cores per cpu, 2 threads per core) family 6 model 126 stepping 5 microcode 0xa6, cx8, cmov, fxsr, ht, mmx, 3dnowpref, sse, sse2, sse3, ssse3, sse4.1, sse4.2, popcnt, lzcnt, tsc, tscinvbit, avx, avx2, aes, erms, clmul, bmi1, bmi2, adx, avx512f, avx512dq, avx512cd, avx512bw, avx512vl, sha, fma, vzeroupper, avx512_vpopcntdq, avx512_vpclmulqdq, avx512_vaes, avx512_vnni, clflush, clflushopt, avx512_vbmi2, avx512_vbmi
Processor Information for all 8 processors :
  Max Mhz: 1190, Current Mhz: 991, Mhz Limit: 987

Memory: 4k page, system-wide physical 7987M (399M free)
TotalPageFile size 10035M (AvailPageFile size 2M)
current process WorkingSet (physical memory assigned to process): 64M, peak: 64M
current process commit charge ("private bytes"): 197M, peak: 197M

vm_info: OpenJDK 64-Bit Server VM (17.0.13+11) for windows-amd64 JRE (17.0.13+11), built on Oct 16 2024 00:10:08 by "admin" with MS VC++ 17.7 (VS2022)

END.
