#
# There is insufficient memory for the Java Runtime Environment to continue.
# Native memory allocation (mmap) failed to map 65536 bytes. Error detail: Failed to commit metaspace.
# Possible reasons:
#   The system is out of physical RAM or swap space
#   This process is running with CompressedOops enabled, and the Java Heap may be blocking the growth of the native heap
# Possible solutions:
#   Reduce memory load on the system
#   Increase physical memory or swap space
#   Check if swap backing store is full
#   Decrease Java heap size (-Xmx/-Xms)
#   Decrease number of Java threads
#   Decrease Java thread stack sizes (-Xss)
#   Set larger code cache with -XX:ReservedCodeCacheSize=
#   JVM is running with Unscaled Compressed Oops mode in which the Java heap is
#     placed in the first 4GB address space. The Java Heap base address is the
#     maximum limit for the native heap growth. Please use -XX:HeapBaseMinAddress
#     to set the Java Heap base and to place the Java Heap above 4GB virtual address.
# This output file may be truncated or incomplete.
#
#  Out of Memory Error (virtualSpaceNode.cpp:112), pid=3484, tid=5320
#
# JRE version: OpenJDK Runtime Environment (22.0.2+9) (build 22.0.2+9-70)
# Java VM: OpenJDK 64-Bit Server VM (22.0.2+9-70, mixed mode, emulated-client, tiered, compressed oops, compressed class ptrs, g1 gc, windows-amd64)
# No core dump will be written. Minidumps are not enabled by default on client versions of Windows
#

---------------  S U M M A R Y ------------

Command Line: -XX:TieredStopAtLevel=1 -Dspring.output.ansi.enabled=always -Dcom.sun.management.jmxremote -Dspring.jmx.enabled=true -Dspring.liveBeansView.mbeanDomain -Dspring.application.admin.enabled=true -Dmanagement.endpoints.jmx.exposure.include=* -javaagent:C:\Program Files\JetBrains\IntelliJ IDEA 2024.1.3\lib\idea_rt.jar=53135:C:\Program Files\JetBrains\IntelliJ IDEA 2024.1.3\bin -Dfile.encoding=UTF-8 -Dsun.stdout.encoding=UTF-8 -Dsun.stderr.encoding=UTF-8 net.enjoy.springboot.registrationlogin.RegistrationLoginApplication

Host: Intel(R) Core(TM) i5-1035G1 CPU @ 1.00GHz, 8 cores, 7G,  Windows 11 , 64 bit Build 22621 (10.0.22621.3672)
Time: Tue Jul 30 21:17:07 2024 SE Asia Standard Time elapsed time: 0.830083 seconds (0d 0h 0m 0s)

---------------  T H R E A D  ---------------

Current thread (0x00000203297a94f0):  JavaThread "main"             [_thread_in_vm, id=5320, stack(0x000000b04bf00000,0x000000b04c000000) (1024K)]

Stack: [0x000000b04bf00000,0x000000b04c000000]
Native frames: (J=compiled Java code, j=interpreted, Vv=VM code, C=native code)
V  [jvm.dll+0x6e26e9]  (no source info available)
V  [jvm.dll+0x875753]  (no source info available)
V  [jvm.dll+0x877b7e]  (no source info available)
V  [jvm.dll+0x878253]  (no source info available)
V  [jvm.dll+0x27fc86]  (no source info available)
V  [jvm.dll+0x87139e]  (no source info available)
V  [jvm.dll+0x685755]  (no source info available)
V  [jvm.dll+0x6857ba]  (no source info available)
V  [jvm.dll+0x687ffa]  (no source info available)
V  [jvm.dll+0x224f6c]  (no source info available)
V  [jvm.dll+0x68616e]  (no source info available)
V  [jvm.dll+0x2155d8]  (no source info available)
V  [jvm.dll+0x216071]  (no source info available)
V  [jvm.dll+0x20b3ae]  (no source info available)
V  [jvm.dll+0x5c4a8f]  (no source info available)
V  [jvm.dll+0x21cb2a]  (no source info available)
V  [jvm.dll+0x7ebe8c]  (no source info available)
V  [jvm.dll+0x7ecf26]  (no source info available)
V  [jvm.dll+0x7ed534]  (no source info available)
V  [jvm.dll+0x7ed1b8]  (no source info available)
V  [jvm.dll+0x26d6ab]  (no source info available)
V  [jvm.dll+0x26d8da]  (no source info available)
V  [jvm.dll+0x5e8187]  (no source info available)
V  [jvm.dll+0x5eb186]  (no source info available)
V  [jvm.dll+0x3ddbfd]  (no source info available)
V  [jvm.dll+0x3dd1fd]  (no source info available)
C  0x0000020331af8ed1  (no source info available)

The last pc belongs to invokestatic (printed below).
Java frames: (J=compiled Java code, j=interpreted, Vv=VM code)
j  java.util.logging.Level.<init>(Ljava/lang/String;ILjava/lang/String;Z)V+55 java.logging@22.0.2
j  java.util.logging.Level.<init>(Ljava/lang/String;ILjava/lang/String;)V+5 java.logging@22.0.2
j  java.util.logging.Level.<clinit>()V+10 java.logging@22.0.2
v  ~StubRoutines::call_stub 0x0000020331ae100d
j  java.util.logging.LogManager.<clinit>()V+16 java.logging@22.0.2
v  ~StubRoutines::call_stub 0x0000020331ae100d
j  jdk.internal.misc.Unsafe.ensureClassInitialized0(Ljava/lang/Class;)V+0 java.base@22.0.2
j  jdk.internal.misc.Unsafe.ensureClassInitialized(Ljava/lang/Class;)V+14 java.base@22.0.2
j  jdk.internal.reflect.MethodHandleAccessorFactory.ensureClassInitialized(Ljava/lang/Class;)V+14 java.base@22.0.2
j  jdk.internal.reflect.MethodHandleAccessorFactory.newMethodAccessor(Ljava/lang/reflect/Method;Z)Ljdk/internal/reflect/MethodAccessorImpl;+17 java.base@22.0.2
j  jdk.internal.reflect.ReflectionFactory.newMethodAccessor(Ljava/lang/reflect/Method;Z)Ljdk/internal/reflect/MethodAccessor;+22 java.base@22.0.2
j  java.lang.reflect.Method.acquireMethodAccessor()Ljdk/internal/reflect/MethodAccessor;+38 java.base@22.0.2
j  java.lang.reflect.Method.invoke(Ljava/lang/Object;[Ljava/lang/Object;)Ljava/lang/Object;+75 java.base@22.0.2
j  sun.management.ManagementFactoryHelper$LoggingMXBeanAccess.getMXBeanImplementation()Ljava/lang/Object;+35 java.management@22.0.2
j  sun.management.ManagementFactoryHelper$LoggingMXBeanAccess.<init>()V+5 java.management@22.0.2
j  sun.management.ManagementFactoryHelper$PlatformLoggingImpl.getInstance()Lsun/management/ManagementFactoryHelper$PlatformLoggingImpl;+8 java.management@22.0.2
j  sun.management.ManagementFactoryHelper$PlatformLoggingImpl.<clinit>()V+0 java.management@22.0.2
v  ~StubRoutines::call_stub 0x0000020331ae100d
j  sun.management.ManagementFactoryHelper.getPlatformLoggingMXBean()Ljava/lang/management/PlatformLoggingMXBean;+6 java.management@22.0.2
j  java.lang.management.DefaultPlatformMBeanProvider$9.nameToMBeanMap()Ljava/util/Map;+2 java.management@22.0.2
j  java.lang.management.ManagementFactory.lambda$getPlatformMBeanServer$0(Lsun/management/spi/PlatformMBeanProvider$PlatformComponent;)Ljava/util/stream/Stream;+1 java.management@22.0.2
j  java.lang.management.ManagementFactory$$Lambda+0x00000000230e6450.apply(Ljava/lang/Object;)Ljava/lang/Object;+4 java.management@22.0.2
j  java.util.stream.ReferencePipeline$7$1.accept(Ljava/lang/Object;)V+8 java.base@22.0.2
j  java.util.stream.ReferencePipeline$2$1.accept(Ljava/lang/Object;)V+21 java.base@22.0.2
j  java.util.HashMap$ValueSpliterator.forEachRemaining(Ljava/util/function/Consumer;)V+145 java.base@22.0.2
j  java.util.stream.AbstractPipeline.copyInto(Ljava/util/stream/Sink;Ljava/util/Spliterator;)V+32 java.base@22.0.2
j  java.util.stream.AbstractPipeline.wrapAndCopyInto(Ljava/util/stream/Sink;Ljava/util/Spliterator;)Ljava/util/stream/Sink;+13 java.base@22.0.2
j  java.util.stream.ForEachOps$ForEachOp.evaluateSequential(Ljava/util/stream/PipelineHelper;Ljava/util/Spliterator;)Ljava/lang/Void;+3 java.base@22.0.2
j  java.util.stream.ForEachOps$ForEachOp$OfRef.evaluateSequential(Ljava/util/stream/PipelineHelper;Ljava/util/Spliterator;)Ljava/lang/Object;+3 java.base@22.0.2
j  java.util.stream.AbstractPipeline.evaluate(Ljava/util/stream/TerminalOp;)Ljava/lang/Object;+88 java.base@22.0.2
j  java.util.stream.ReferencePipeline.forEach(Ljava/util/function/Consumer;)V+6 java.base@22.0.2
j  java.lang.management.ManagementFactory.getPlatformMBeanServer()Ljavax/management/MBeanServer;+68 java.management@22.0.2
j  sun.management.jmxremote.ConnectorBootstrap.startLocalConnectorServer()Ljavax/management/remote/JMXConnectorServer;+88 jdk.management.agent@22.0.2
j  jdk.internal.agent.Agent.startLocalManagementAgent()V+13 jdk.management.agent@22.0.2
j  jdk.internal.agent.Agent.startAgent(Ljava/util/Properties;)V+58 jdk.management.agent@22.0.2
j  jdk.internal.agent.Agent.startAgent()V+20 jdk.management.agent@22.0.2
v  ~StubRoutines::call_stub 0x0000020331ae100d
invokestatic  184 invokestatic  [0x0000020331af8e20, 0x0000020331af8f98]  376 bytes
[MachCode]
  0x0000020331af8e20: 4883 ec08 | c5fa 1104 | 24eb 1f48 | 83ec 10c5 | fb11 0424 | eb14 4883 | ec10 4889 | 0424 48c7 
  0x0000020331af8e40: 4424 0800 | 0000 00eb | 0150 488b | 4dd0 410f | b755 0148 | 8b49 306b | d218 488d | 4c11 080f 
  0x0000020331af8e60: b659 1681 | fbb8 0000 | 000f 84bd | 0000 00bb | b800 0000 | e805 0000 | 00e9 9900 | 0000 488b 
  0x0000020331af8e80: d348 8d44 | 2408 4c89 | 6dc0 498b | cfc5 f877 | 4989 afb0 | 0300 0049 | 8987 a003 | 0000 4883 
  0x0000020331af8ea0: ec20 40f6 | c40f 0f84 | 1900 0000 | 4883 ec08 | 48b8 90d1 | 843c ff7f | 0000 ffd0 | 4883 c408 
  0x0000020331af8ec0: e90c 0000 | 0048 b890 | d184 3cff | 7f00 00ff | d048 83c4 | 2049 c787 | a003 0000 | 0000 0000 
  0x0000020331af8ee0: 49c7 87b0 | 0300 0000 | 0000 0049 | c787 a803 | 0000 0000 | 0000 c5f8 | 7749 837f | 0800 0f84 
  0x0000020331af8f00: 0500 0000 | e9f7 7ffe | ff4c 8b6d | c04c 8b75 | c84e 8d74 | f500 c348 | 8b4d d041 | 0fb7 5501 
  0x0000020331af8f20: 488b 4930 | 6bd2 1848 | 8d4c 1108 | 488b 1948 | 8b5b 0848 | 8b5b 0848 | 8b5b 1880 | bb20 0100 
  0x0000020331af8f40: 0005 0f84 | 0d00 0000 | 4c3b bb30 | 0100 000f | 851a ffff | ff0f b651 | 1548 8b19 | 4c89 6dc0 
  0x0000020331af8f60: 448b ea0f | b651 1449 | ba40 c80e | 3dff 7f00 | 0049 8b14 | d252 418b | d54c 8b6d | c04c 8d6c 
  0x0000020331af8f80: 2408 498b | cd48 2bcd | 48c1 f903 | 4889 4df0 | ff63 500f | 1f44 0000 
[/MachCode]

---------------  P R O C E S S  ---------------

Threads class SMR info:
_java_thread_list=0x000002033e68cfa0, length=14, elements={
0x00000203297a94f0, 0x000002033e07f2f0, 0x000002033e066bd0, 0x000002033e073f40,
0x000002033e075c00, 0x000002033e06b650, 0x000002033e06ca80, 0x000002033e099a50,
0x0000020339dbf1d0, 0x000002033e23e0f0, 0x000002033e244bd0, 0x000002033e249ed0,
0x000002033e3fb5b0, 0x000002033e3fbc20
}

Java Threads: ( => current thread )
=>0x00000203297a94f0 JavaThread "main"                              [_thread_in_vm, id=5320, stack(0x000000b04bf00000,0x000000b04c000000) (1024K)]
  0x000002033e07f2f0 JavaThread "Reference Handler"          daemon [_thread_blocked, id=16148, stack(0x000000b04c700000,0x000000b04c800000) (1024K)]
  0x000002033e066bd0 JavaThread "Finalizer"                  daemon [_thread_blocked, id=6884, stack(0x000000b04c800000,0x000000b04c900000) (1024K)]
  0x000002033e073f40 JavaThread "Signal Dispatcher"          daemon [_thread_blocked, id=17320, stack(0x000000b04c900000,0x000000b04ca00000) (1024K)]
  0x000002033e075c00 JavaThread "Attach Listener"            daemon [_thread_blocked, id=18408, stack(0x000000b04ca00000,0x000000b04cb00000) (1024K)]
  0x000002033e06b650 JavaThread "Service Thread"             daemon [_thread_blocked, id=1860, stack(0x000000b04cb00000,0x000000b04cc00000) (1024K)]
  0x000002033e06ca80 JavaThread "Monitor Deflation Thread"   daemon [_thread_blocked, id=12980, stack(0x000000b04cc00000,0x000000b04cd00000) (1024K)]
  0x000002033e099a50 JavaThread "C1 CompilerThread0"         daemon [_thread_blocked, id=360, stack(0x000000b04cd00000,0x000000b04ce00000) (1024K)]
  0x0000020339dbf1d0 JavaThread "Common-Cleaner"             daemon [_thread_blocked, id=8628, stack(0x000000b04ce00000,0x000000b04cf00000) (1024K)]
  0x000002033e23e0f0 JavaThread "C1 CompilerThread1"         daemon [_thread_blocked, id=2092, stack(0x000000b04cf00000,0x000000b04d000000) (1024K)]
  0x000002033e244bd0 JavaThread "C1 CompilerThread2"         daemon [_thread_blocked, id=15300, stack(0x000000b04d000000,0x000000b04d100000) (1024K)]
  0x000002033e249ed0 JavaThread "C1 CompilerThread3"         daemon [_thread_blocked, id=3432, stack(0x000000b04d100000,0x000000b04d200000) (1024K)]
  0x000002033e3fb5b0 JavaThread "Monitor Ctrl-Break"         daemon [_thread_in_native, id=13572, stack(0x000000b04d200000,0x000000b04d300000) (1024K)]
  0x000002033e3fbc20 JavaThread "Notification Thread"        daemon [_thread_blocked, id=4892, stack(0x000000b04d300000,0x000000b04d400000) (1024K)]
Total: 14

Other Threads:
  0x000002033e008690 VMThread "VM Thread"                           [id=7392, stack(0x000000b04c600000,0x000000b04c700000) (1024K)]
  0x0000020339dbcf70 WatcherThread "VM Periodic Task Thread"        [id=15944, stack(0x000000b04c500000,0x000000b04c600000) (1024K)]
  0x00000203297ffdb0 WorkerThread "GC Thread#0"                     [id=11208, stack(0x000000b04c000000,0x000000b04c100000) (1024K)]
  0x0000020329811920 ConcurrentGCThread "G1 Main Marker"            [id=12776, stack(0x000000b04c100000,0x000000b04c200000) (1024K)]
  0x0000020329812bd0 WorkerThread "G1 Conc#0"                       [id=18656, stack(0x000000b04c200000,0x000000b04c300000) (1024K)]
  0x0000020339c8f580 ConcurrentGCThread "G1 Refine#0"               [id=3400, stack(0x000000b04c300000,0x000000b04c400000) (1024K)]
  0x0000020339c8ffa0 ConcurrentGCThread "G1 Service"                [id=5968, stack(0x000000b04c400000,0x000000b04c500000) (1024K)]
Total: 7

Threads with active compile tasks:
Total: 0

VM state: not at safepoint (normal execution)

VM Mutex/Monitor currently owned by a thread:  ([mutex/lock_event])
[0x00007fff3d0dab00] Metaspace_lock - owner thread: 0x00000203297a94f0

Heap address: 0x0000000083200000, size: 1998 MB, Compressed Oops mode: 32-bit

CDS archive(s) not mapped
Compressed class space mapped at: 0x0000000023000000-0x0000000063000000, reserved size: 1073741824
Narrow klass base: 0x0000000000000000, Narrow klass shift: 0, Narrow klass range: 0x63000000

GC Precious Log:
 CardTable entry size: 512
 Card Set container configuration: InlinePtr #cards 5 size 8 Array Of Cards #cards 12 size 40 Howl #buckets 4 coarsen threshold 1843 Howl Bitmap #cards 512 size 80 coarsen threshold 460 Card regions per heap region 1 cards per card region 2048
 CPUs: 8 total, 8 available
 Memory: 7987M
 Large Page Support: Disabled
 NUMA Support: Disabled
 Compressed Oops: Enabled (32-bit)
 Heap Region Size: 1M
 Heap Min Capacity: 8M
 Heap Initial Capacity: 126M
 Heap Max Capacity: 1998M
 Pre-touch: Disabled
 Parallel Workers: 8
 Concurrent Workers: 2
 Concurrent Refinement Workers: 8
 Periodic GC: Disabled

Heap:
 garbage-first heap   total reserved 2045952K, committed 129024K, used 10240K [0x0000000083200000, 0x0000000100000000)
  region size 1024K, 10 young (10240K), 0 survivors (0K)
 Metaspace       used 10064K, committed 10176K, reserved 1114112K
  class space    used 949K, committed 1024K, reserved 1048576K

Heap Regions: E=young(eden), S=young(survivor), O=old, HS=humongous(starts), HC=humongous(continues), CS=collection set, F=free, TAMS=top-at-mark-start, PB=parsable bottom
|   0|0x0000000083200000, 0x0000000083300000, 0x0000000083300000|100%|HS|  |TAMS 0x0000000083200000| PB 0x0000000083200000| Complete |  0
|   1|0x0000000083300000, 0x0000000083300000, 0x0000000083400000|  0%| F|  |TAMS 0x0000000083300000| PB 0x0000000083300000| Untracked |  0
|   2|0x0000000083400000, 0x0000000083400000, 0x0000000083500000|  0%| F|  |TAMS 0x0000000083400000| PB 0x0000000083400000| Untracked |  0
|   3|0x0000000083500000, 0x0000000083500000, 0x0000000083600000|  0%| F|  |TAMS 0x0000000083500000| PB 0x0000000083500000| Untracked |  0
|   4|0x0000000083600000, 0x0000000083600000, 0x0000000083700000|  0%| F|  |TAMS 0x0000000083600000| PB 0x0000000083600000| Untracked |  0
|   5|0x0000000083700000, 0x0000000083700000, 0x0000000083800000|  0%| F|  |TAMS 0x0000000083700000| PB 0x0000000083700000| Untracked |  0
|   6|0x0000000083800000, 0x0000000083800000, 0x0000000083900000|  0%| F|  |TAMS 0x0000000083800000| PB 0x0000000083800000| Untracked |  0
|   7|0x0000000083900000, 0x0000000083900000, 0x0000000083a00000|  0%| F|  |TAMS 0x0000000083900000| PB 0x0000000083900000| Untracked |  0
|   8|0x0000000083a00000, 0x0000000083a00000, 0x0000000083b00000|  0%| F|  |TAMS 0x0000000083a00000| PB 0x0000000083a00000| Untracked |  0
|   9|0x0000000083b00000, 0x0000000083b00000, 0x0000000083c00000|  0%| F|  |TAMS 0x0000000083b00000| PB 0x0000000083b00000| Untracked |  0
|  10|0x0000000083c00000, 0x0000000083c00000, 0x0000000083d00000|  0%| F|  |TAMS 0x0000000083c00000| PB 0x0000000083c00000| Untracked |  0
|  11|0x0000000083d00000, 0x0000000083d00000, 0x0000000083e00000|  0%| F|  |TAMS 0x0000000083d00000| PB 0x0000000083d00000| Untracked |  0
|  12|0x0000000083e00000, 0x0000000083e00000, 0x0000000083f00000|  0%| F|  |TAMS 0x0000000083e00000| PB 0x0000000083e00000| Untracked |  0
|  13|0x0000000083f00000, 0x0000000083f00000, 0x0000000084000000|  0%| F|  |TAMS 0x0000000083f00000| PB 0x0000000083f00000| Untracked |  0
|  14|0x0000000084000000, 0x0000000084000000, 0x0000000084100000|  0%| F|  |TAMS 0x0000000084000000| PB 0x0000000084000000| Untracked |  0
|  15|0x0000000084100000, 0x0000000084100000, 0x0000000084200000|  0%| F|  |TAMS 0x0000000084100000| PB 0x0000000084100000| Untracked |  0
|  16|0x0000000084200000, 0x0000000084200000, 0x0000000084300000|  0%| F|  |TAMS 0x0000000084200000| PB 0x0000000084200000| Untracked |  0
|  17|0x0000000084300000, 0x0000000084300000, 0x0000000084400000|  0%| F|  |TAMS 0x0000000084300000| PB 0x0000000084300000| Untracked |  0
|  18|0x0000000084400000, 0x0000000084400000, 0x0000000084500000|  0%| F|  |TAMS 0x0000000084400000| PB 0x0000000084400000| Untracked |  0
|  19|0x0000000084500000, 0x0000000084500000, 0x0000000084600000|  0%| F|  |TAMS 0x0000000084500000| PB 0x0000000084500000| Untracked |  0
|  20|0x0000000084600000, 0x0000000084600000, 0x0000000084700000|  0%| F|  |TAMS 0x0000000084600000| PB 0x0000000084600000| Untracked |  0
|  21|0x0000000084700000, 0x0000000084700000, 0x0000000084800000|  0%| F|  |TAMS 0x0000000084700000| PB 0x0000000084700000| Untracked |  0
|  22|0x0000000084800000, 0x0000000084800000, 0x0000000084900000|  0%| F|  |TAMS 0x0000000084800000| PB 0x0000000084800000| Untracked |  0
|  23|0x0000000084900000, 0x0000000084900000, 0x0000000084a00000|  0%| F|  |TAMS 0x0000000084900000| PB 0x0000000084900000| Untracked |  0
|  24|0x0000000084a00000, 0x0000000084a00000, 0x0000000084b00000|  0%| F|  |TAMS 0x0000000084a00000| PB 0x0000000084a00000| Untracked |  0
|  25|0x0000000084b00000, 0x0000000084b00000, 0x0000000084c00000|  0%| F|  |TAMS 0x0000000084b00000| PB 0x0000000084b00000| Untracked |  0
|  26|0x0000000084c00000, 0x0000000084c00000, 0x0000000084d00000|  0%| F|  |TAMS 0x0000000084c00000| PB 0x0000000084c00000| Untracked |  0
|  27|0x0000000084d00000, 0x0000000084d00000, 0x0000000084e00000|  0%| F|  |TAMS 0x0000000084d00000| PB 0x0000000084d00000| Untracked |  0
|  28|0x0000000084e00000, 0x0000000084e00000, 0x0000000084f00000|  0%| F|  |TAMS 0x0000000084e00000| PB 0x0000000084e00000| Untracked |  0
|  29|0x0000000084f00000, 0x0000000084f00000, 0x0000000085000000|  0%| F|  |TAMS 0x0000000084f00000| PB 0x0000000084f00000| Untracked |  0
|  30|0x0000000085000000, 0x0000000085000000, 0x0000000085100000|  0%| F|  |TAMS 0x0000000085000000| PB 0x0000000085000000| Untracked |  0
|  31|0x0000000085100000, 0x0000000085100000, 0x0000000085200000|  0%| F|  |TAMS 0x0000000085100000| PB 0x0000000085100000| Untracked |  0
|  32|0x0000000085200000, 0x0000000085200000, 0x0000000085300000|  0%| F|  |TAMS 0x0000000085200000| PB 0x0000000085200000| Untracked |  0
|  33|0x0000000085300000, 0x0000000085300000, 0x0000000085400000|  0%| F|  |TAMS 0x0000000085300000| PB 0x0000000085300000| Untracked |  0
|  34|0x0000000085400000, 0x0000000085400000, 0x0000000085500000|  0%| F|  |TAMS 0x0000000085400000| PB 0x0000000085400000| Untracked |  0
|  35|0x0000000085500000, 0x0000000085500000, 0x0000000085600000|  0%| F|  |TAMS 0x0000000085500000| PB 0x0000000085500000| Untracked |  0
|  36|0x0000000085600000, 0x0000000085600000, 0x0000000085700000|  0%| F|  |TAMS 0x0000000085600000| PB 0x0000000085600000| Untracked |  0
|  37|0x0000000085700000, 0x0000000085700000, 0x0000000085800000|  0%| F|  |TAMS 0x0000000085700000| PB 0x0000000085700000| Untracked |  0
|  38|0x0000000085800000, 0x0000000085800000, 0x0000000085900000|  0%| F|  |TAMS 0x0000000085800000| PB 0x0000000085800000| Untracked |  0
|  39|0x0000000085900000, 0x0000000085900000, 0x0000000085a00000|  0%| F|  |TAMS 0x0000000085900000| PB 0x0000000085900000| Untracked |  0
|  40|0x0000000085a00000, 0x0000000085a00000, 0x0000000085b00000|  0%| F|  |TAMS 0x0000000085a00000| PB 0x0000000085a00000| Untracked |  0
|  41|0x0000000085b00000, 0x0000000085b00000, 0x0000000085c00000|  0%| F|  |TAMS 0x0000000085b00000| PB 0x0000000085b00000| Untracked |  0
|  42|0x0000000085c00000, 0x0000000085c00000, 0x0000000085d00000|  0%| F|  |TAMS 0x0000000085c00000| PB 0x0000000085c00000| Untracked |  0
|  43|0x0000000085d00000, 0x0000000085d00000, 0x0000000085e00000|  0%| F|  |TAMS 0x0000000085d00000| PB 0x0000000085d00000| Untracked |  0
|  44|0x0000000085e00000, 0x0000000085e00000, 0x0000000085f00000|  0%| F|  |TAMS 0x0000000085e00000| PB 0x0000000085e00000| Untracked |  0
|  45|0x0000000085f00000, 0x0000000085f00000, 0x0000000086000000|  0%| F|  |TAMS 0x0000000085f00000| PB 0x0000000085f00000| Untracked |  0
|  46|0x0000000086000000, 0x0000000086000000, 0x0000000086100000|  0%| F|  |TAMS 0x0000000086000000| PB 0x0000000086000000| Untracked |  0
|  47|0x0000000086100000, 0x0000000086100000, 0x0000000086200000|  0%| F|  |TAMS 0x0000000086100000| PB 0x0000000086100000| Untracked |  0
|  48|0x0000000086200000, 0x0000000086200000, 0x0000000086300000|  0%| F|  |TAMS 0x0000000086200000| PB 0x0000000086200000| Untracked |  0
|  49|0x0000000086300000, 0x0000000086300000, 0x0000000086400000|  0%| F|  |TAMS 0x0000000086300000| PB 0x0000000086300000| Untracked |  0
|  50|0x0000000086400000, 0x0000000086400000, 0x0000000086500000|  0%| F|  |TAMS 0x0000000086400000| PB 0x0000000086400000| Untracked |  0
|  51|0x0000000086500000, 0x0000000086500000, 0x0000000086600000|  0%| F|  |TAMS 0x0000000086500000| PB 0x0000000086500000| Untracked |  0
|  52|0x0000000086600000, 0x0000000086600000, 0x0000000086700000|  0%| F|  |TAMS 0x0000000086600000| PB 0x0000000086600000| Untracked |  0
|  53|0x0000000086700000, 0x0000000086700000, 0x0000000086800000|  0%| F|  |TAMS 0x0000000086700000| PB 0x0000000086700000| Untracked |  0
|  54|0x0000000086800000, 0x0000000086800000, 0x0000000086900000|  0%| F|  |TAMS 0x0000000086800000| PB 0x0000000086800000| Untracked |  0
|  55|0x0000000086900000, 0x0000000086900000, 0x0000000086a00000|  0%| F|  |TAMS 0x0000000086900000| PB 0x0000000086900000| Untracked |  0
|  56|0x0000000086a00000, 0x0000000086a00000, 0x0000000086b00000|  0%| F|  |TAMS 0x0000000086a00000| PB 0x0000000086a00000| Untracked |  0
|  57|0x0000000086b00000, 0x0000000086b00000, 0x0000000086c00000|  0%| F|  |TAMS 0x0000000086b00000| PB 0x0000000086b00000| Untracked |  0
|  58|0x0000000086c00000, 0x0000000086c00000, 0x0000000086d00000|  0%| F|  |TAMS 0x0000000086c00000| PB 0x0000000086c00000| Untracked |  0
|  59|0x0000000086d00000, 0x0000000086d00000, 0x0000000086e00000|  0%| F|  |TAMS 0x0000000086d00000| PB 0x0000000086d00000| Untracked |  0
|  60|0x0000000086e00000, 0x0000000086e00000, 0x0000000086f00000|  0%| F|  |TAMS 0x0000000086e00000| PB 0x0000000086e00000| Untracked |  0
|  61|0x0000000086f00000, 0x0000000086f00000, 0x0000000087000000|  0%| F|  |TAMS 0x0000000086f00000| PB 0x0000000086f00000| Untracked |  0
|  62|0x0000000087000000, 0x0000000087000000, 0x0000000087100000|  0%| F|  |TAMS 0x0000000087000000| PB 0x0000000087000000| Untracked |  0
|  63|0x0000000087100000, 0x0000000087100000, 0x0000000087200000|  0%| F|  |TAMS 0x0000000087100000| PB 0x0000000087100000| Untracked |  0
|  64|0x0000000087200000, 0x0000000087200000, 0x0000000087300000|  0%| F|  |TAMS 0x0000000087200000| PB 0x0000000087200000| Untracked |  0
|  65|0x0000000087300000, 0x0000000087300000, 0x0000000087400000|  0%| F|  |TAMS 0x0000000087300000| PB 0x0000000087300000| Untracked |  0
|  66|0x0000000087400000, 0x0000000087400000, 0x0000000087500000|  0%| F|  |TAMS 0x0000000087400000| PB 0x0000000087400000| Untracked |  0
|  67|0x0000000087500000, 0x0000000087500000, 0x0000000087600000|  0%| F|  |TAMS 0x0000000087500000| PB 0x0000000087500000| Untracked |  0
|  68|0x0000000087600000, 0x0000000087600000, 0x0000000087700000|  0%| F|  |TAMS 0x0000000087600000| PB 0x0000000087600000| Untracked |  0
|  69|0x0000000087700000, 0x0000000087700000, 0x0000000087800000|  0%| F|  |TAMS 0x0000000087700000| PB 0x0000000087700000| Untracked |  0
|  70|0x0000000087800000, 0x0000000087800000, 0x0000000087900000|  0%| F|  |TAMS 0x0000000087800000| PB 0x0000000087800000| Untracked |  0
|  71|0x0000000087900000, 0x0000000087900000, 0x0000000087a00000|  0%| F|  |TAMS 0x0000000087900000| PB 0x0000000087900000| Untracked |  0
|  72|0x0000000087a00000, 0x0000000087a00000, 0x0000000087b00000|  0%| F|  |TAMS 0x0000000087a00000| PB 0x0000000087a00000| Untracked |  0
|  73|0x0000000087b00000, 0x0000000087b00000, 0x0000000087c00000|  0%| F|  |TAMS 0x0000000087b00000| PB 0x0000000087b00000| Untracked |  0
|  74|0x0000000087c00000, 0x0000000087c00000, 0x0000000087d00000|  0%| F|  |TAMS 0x0000000087c00000| PB 0x0000000087c00000| Untracked |  0
|  75|0x0000000087d00000, 0x0000000087d00000, 0x0000000087e00000|  0%| F|  |TAMS 0x0000000087d00000| PB 0x0000000087d00000| Untracked |  0
|  76|0x0000000087e00000, 0x0000000087e00000, 0x0000000087f00000|  0%| F|  |TAMS 0x0000000087e00000| PB 0x0000000087e00000| Untracked |  0
|  77|0x0000000087f00000, 0x0000000087f00000, 0x0000000088000000|  0%| F|  |TAMS 0x0000000087f00000| PB 0x0000000087f00000| Untracked |  0
|  78|0x0000000088000000, 0x0000000088000000, 0x0000000088100000|  0%| F|  |TAMS 0x0000000088000000| PB 0x0000000088000000| Untracked |  0
|  79|0x0000000088100000, 0x0000000088100000, 0x0000000088200000|  0%| F|  |TAMS 0x0000000088100000| PB 0x0000000088100000| Untracked |  0
|  80|0x0000000088200000, 0x0000000088200000, 0x0000000088300000|  0%| F|  |TAMS 0x0000000088200000| PB 0x0000000088200000| Untracked |  0
|  81|0x0000000088300000, 0x0000000088300000, 0x0000000088400000|  0%| F|  |TAMS 0x0000000088300000| PB 0x0000000088300000| Untracked |  0
|  82|0x0000000088400000, 0x0000000088400000, 0x0000000088500000|  0%| F|  |TAMS 0x0000000088400000| PB 0x0000000088400000| Untracked |  0
|  83|0x0000000088500000, 0x0000000088500000, 0x0000000088600000|  0%| F|  |TAMS 0x0000000088500000| PB 0x0000000088500000| Untracked |  0
|  84|0x0000000088600000, 0x0000000088600000, 0x0000000088700000|  0%| F|  |TAMS 0x0000000088600000| PB 0x0000000088600000| Untracked |  0
|  85|0x0000000088700000, 0x0000000088700000, 0x0000000088800000|  0%| F|  |TAMS 0x0000000088700000| PB 0x0000000088700000| Untracked |  0
|  86|0x0000000088800000, 0x0000000088800000, 0x0000000088900000|  0%| F|  |TAMS 0x0000000088800000| PB 0x0000000088800000| Untracked |  0
|  87|0x0000000088900000, 0x0000000088900000, 0x0000000088a00000|  0%| F|  |TAMS 0x0000000088900000| PB 0x0000000088900000| Untracked |  0
|  88|0x0000000088a00000, 0x0000000088a00000, 0x0000000088b00000|  0%| F|  |TAMS 0x0000000088a00000| PB 0x0000000088a00000| Untracked |  0
|  89|0x0000000088b00000, 0x0000000088b00000, 0x0000000088c00000|  0%| F|  |TAMS 0x0000000088b00000| PB 0x0000000088b00000| Untracked |  0
|  90|0x0000000088c00000, 0x0000000088c00000, 0x0000000088d00000|  0%| F|  |TAMS 0x0000000088c00000| PB 0x0000000088c00000| Untracked |  0
|  91|0x0000000088d00000, 0x0000000088d00000, 0x0000000088e00000|  0%| F|  |TAMS 0x0000000088d00000| PB 0x0000000088d00000| Untracked |  0
|  92|0x0000000088e00000, 0x0000000088e00000, 0x0000000088f00000|  0%| F|  |TAMS 0x0000000088e00000| PB 0x0000000088e00000| Untracked |  0
|  93|0x0000000088f00000, 0x0000000088f00000, 0x0000000089000000|  0%| F|  |TAMS 0x0000000088f00000| PB 0x0000000088f00000| Untracked |  0
|  94|0x0000000089000000, 0x0000000089000000, 0x0000000089100000|  0%| F|  |TAMS 0x0000000089000000| PB 0x0000000089000000| Untracked |  0
|  95|0x0000000089100000, 0x0000000089100000, 0x0000000089200000|  0%| F|  |TAMS 0x0000000089100000| PB 0x0000000089100000| Untracked |  0
|  96|0x0000000089200000, 0x0000000089200000, 0x0000000089300000|  0%| F|  |TAMS 0x0000000089200000| PB 0x0000000089200000| Untracked |  0
|  97|0x0000000089300000, 0x0000000089300000, 0x0000000089400000|  0%| F|  |TAMS 0x0000000089300000| PB 0x0000000089300000| Untracked |  0
|  98|0x0000000089400000, 0x0000000089400000, 0x0000000089500000|  0%| F|  |TAMS 0x0000000089400000| PB 0x0000000089400000| Untracked |  0
|  99|0x0000000089500000, 0x0000000089500000, 0x0000000089600000|  0%| F|  |TAMS 0x0000000089500000| PB 0x0000000089500000| Untracked |  0
| 100|0x0000000089600000, 0x0000000089600000, 0x0000000089700000|  0%| F|  |TAMS 0x0000000089600000| PB 0x0000000089600000| Untracked |  0
| 101|0x0000000089700000, 0x0000000089700000, 0x0000000089800000|  0%| F|  |TAMS 0x0000000089700000| PB 0x0000000089700000| Untracked |  0
| 102|0x0000000089800000, 0x0000000089800000, 0x0000000089900000|  0%| F|  |TAMS 0x0000000089800000| PB 0x0000000089800000| Untracked |  0
| 103|0x0000000089900000, 0x0000000089900000, 0x0000000089a00000|  0%| F|  |TAMS 0x0000000089900000| PB 0x0000000089900000| Untracked |  0
| 104|0x0000000089a00000, 0x0000000089a00000, 0x0000000089b00000|  0%| F|  |TAMS 0x0000000089a00000| PB 0x0000000089a00000| Untracked |  0
| 105|0x0000000089b00000, 0x0000000089b00000, 0x0000000089c00000|  0%| F|  |TAMS 0x0000000089b00000| PB 0x0000000089b00000| Untracked |  0
| 106|0x0000000089c00000, 0x0000000089c00000, 0x0000000089d00000|  0%| F|  |TAMS 0x0000000089c00000| PB 0x0000000089c00000| Untracked |  0
| 107|0x0000000089d00000, 0x0000000089d00000, 0x0000000089e00000|  0%| F|  |TAMS 0x0000000089d00000| PB 0x0000000089d00000| Untracked |  0
| 108|0x0000000089e00000, 0x0000000089e00000, 0x0000000089f00000|  0%| F|  |TAMS 0x0000000089e00000| PB 0x0000000089e00000| Untracked |  0
| 109|0x0000000089f00000, 0x0000000089f00000, 0x000000008a000000|  0%| F|  |TAMS 0x0000000089f00000| PB 0x0000000089f00000| Untracked |  0
| 110|0x000000008a000000, 0x000000008a000000, 0x000000008a100000|  0%| F|  |TAMS 0x000000008a000000| PB 0x000000008a000000| Untracked |  0
| 111|0x000000008a100000, 0x000000008a100000, 0x000000008a200000|  0%| F|  |TAMS 0x000000008a100000| PB 0x000000008a100000| Untracked |  0
| 112|0x000000008a200000, 0x000000008a200000, 0x000000008a300000|  0%| F|  |TAMS 0x000000008a200000| PB 0x000000008a200000| Untracked |  0
| 113|0x000000008a300000, 0x000000008a300000, 0x000000008a400000|  0%| F|  |TAMS 0x000000008a300000| PB 0x000000008a300000| Untracked |  0
| 114|0x000000008a400000, 0x000000008a400000, 0x000000008a500000|  0%| F|  |TAMS 0x000000008a400000| PB 0x000000008a400000| Untracked |  0
| 115|0x000000008a500000, 0x000000008a500000, 0x000000008a600000|  0%| F|  |TAMS 0x000000008a500000| PB 0x000000008a500000| Untracked |  0
| 116|0x000000008a600000, 0x000000008a6f5d18, 0x000000008a700000| 96%| E|  |TAMS 0x000000008a600000| PB 0x000000008a600000| Complete |  0
| 117|0x000000008a700000, 0x000000008a800000, 0x000000008a800000|100%| E|CS|TAMS 0x000000008a700000| PB 0x000000008a700000| Complete |  0
| 118|0x000000008a800000, 0x000000008a900000, 0x000000008a900000|100%| E|CS|TAMS 0x000000008a800000| PB 0x000000008a800000| Complete |  0
| 119|0x000000008a900000, 0x000000008aa00000, 0x000000008aa00000|100%| E|CS|TAMS 0x000000008a900000| PB 0x000000008a900000| Complete |  0
| 120|0x000000008aa00000, 0x000000008ab00000, 0x000000008ab00000|100%| E|CS|TAMS 0x000000008aa00000| PB 0x000000008aa00000| Complete |  0
| 121|0x000000008ab00000, 0x000000008ac00000, 0x000000008ac00000|100%| E|CS|TAMS 0x000000008ab00000| PB 0x000000008ab00000| Complete |  0
| 122|0x000000008ac00000, 0x000000008ad00000, 0x000000008ad00000|100%| E|CS|TAMS 0x000000008ac00000| PB 0x000000008ac00000| Complete |  0
| 123|0x000000008ad00000, 0x000000008ae00000, 0x000000008ae00000|100%| E|CS|TAMS 0x000000008ad00000| PB 0x000000008ad00000| Complete |  0
| 124|0x000000008ae00000, 0x000000008af00000, 0x000000008af00000|100%| E|CS|TAMS 0x000000008ae00000| PB 0x000000008ae00000| Complete |  0
| 125|0x000000008af00000, 0x000000008b000000, 0x000000008b000000|100%| E|CS|TAMS 0x000000008af00000| PB 0x000000008af00000| Complete |  0

Card table byte_map: [0x0000020334fe0000,0x00000203353d0000] _byte_map_base: 0x0000020334bc7000

Marking Bits: (CMBitMap*) 0x00000203298004c0
 Bits: [0x00000203353d0000, 0x0000020337308000)

Polling page: 0x0000020328f60000

Metaspace:

Usage:
  Non-class:      8.90 MB used.
      Class:    949.94 KB used.
       Both:      9.83 MB used.

Virtual space:
  Non-class space:       64.00 MB reserved,       8.94 MB ( 14%) committed,  1 nodes.
      Class space:        1.00 GB reserved,       1.00 MB ( <1%) committed,  1 nodes.
             Both:        1.06 GB reserved,       9.94 MB ( <1%) committed. 

Chunk freelists:
   Non-Class:  6.95 MB
       Class:  15.02 MB
        Both:  21.97 MB

MaxMetaspaceSize: unlimited
CompressedClassSpaceSize: 1.00 GB
Initial GC threshold: 21.00 MB
Current GC threshold: 21.00 MB
CDS: off
 - commit_granule_bytes: 65536.
 - commit_granule_words: 8192.
 - virtual_space_node_default_size: 8388608.
 - enlarge_chunks_in_place: 1.
 - use_allocation_guard: 0.


Internal statistics:

num_allocs_failed_limit: 0.
num_arena_births: 86.
num_arena_deaths: 0.
num_vsnodes_births: 2.
num_vsnodes_deaths: 0.
num_space_committed: 159.
num_space_uncommitted: 0.
num_chunks_returned_to_freelist: 0.
num_chunks_taken_from_freelist: 115.
num_chunk_merges: 0.
num_chunk_splits: 69.
num_chunks_enlarged: 40.
num_inconsistent_stats: 0.

CodeCache: size=49152Kb used=3909Kb max_used=3909Kb free=45242Kb
 bounds [0x0000020331ae0000, 0x0000020331ec0000, 0x0000020334ae0000]
 total_blobs=1120 nmethods=680 adapters=362
 compilation: enabled
              stopped_count=0, restarted_count=0
 full_count=0

Compilation events (20 events):
Event: 0.825 Thread 0x000002033e244bd0 nmethod 670 0x0000020331ead790 code [0x0000020331ead960, 0x0000020331eadb68]
Event: 0.825 Thread 0x000002033e244bd0  673       1       jdk.internal.reflect.ReflectionFactory::copyMethod (11 bytes)
Event: 0.825 Thread 0x000002033e099a50 nmethod 672 0x0000020331eadc90 code [0x0000020331eade20, 0x0000020331eadf90]
Event: 0.825 Thread 0x000002033e244bd0 nmethod 673 0x0000020331eae010 code [0x0000020331eae1c0, 0x0000020331eae2e0]
Event: 0.825 Thread 0x000002033e099a50  677       1       java.util.WeakHashMap::get (75 bytes)
Event: 0.825 Thread 0x000002033e23e0f0 nmethod 666 0x0000020331eae410 code [0x0000020331eae660, 0x0000020331eaebe8]
Event: 0.825 Thread 0x000002033e244bd0  678       1       java.util.LinkedHashMap$LinkedEntryIterator::next (5 bytes)
Event: 0.825 Thread 0x000002033e23e0f0  675       1       java.lang.reflect.Method::copy (84 bytes)
Event: 0.825 Thread 0x000002033e244bd0 nmethod 678 0x0000020331eaef90 code [0x0000020331eaf120, 0x0000020331eaf200]
Event: 0.825 Thread 0x000002033e244bd0  676       1       java.lang.reflect.Method::<init> (68 bytes)
Event: 0.825 Thread 0x000002033e249ed0 nmethod 671 0x0000020331eaf290 code [0x0000020331eaf460, 0x0000020331eaf7d0]
Event: 0.825 Thread 0x000002033e249ed0  679       1       java.util.LinkedHashMap$LinkedEntryIterator::next (5 bytes)
Event: 0.825 Thread 0x000002033e249ed0 nmethod 679 0x0000020331eafa10 code [0x0000020331eafba0, 0x0000020331eafc80]
Event: 0.826 Thread 0x000002033e23e0f0 nmethod 675 0x0000020331eafd10 code [0x0000020331eafec0, 0x0000020331eb01d8]
Event: 0.826 Thread 0x000002033e249ed0  674       1       java.lang.reflect.ReflectAccess::copyMethod (5 bytes)
Event: 0.826 Thread 0x000002033e244bd0 nmethod 676 0x0000020331eb0290 code [0x0000020331eb0440, 0x0000020331eb0868]
Event: 0.826 Thread 0x000002033e23e0f0  680       1       java.lang.reflect.Method::getRoot (5 bytes)
Event: 0.826 Thread 0x000002033e099a50 nmethod 677 0x0000020331eb0910 code [0x0000020331eb0b00, 0x0000020331eb0df0]
Event: 0.826 Thread 0x000002033e249ed0 nmethod 674 0x0000020331eb1010 code [0x0000020331eb11a0, 0x0000020331eb1290]
Event: 0.826 Thread 0x000002033e23e0f0 nmethod 680 0x0000020331eb1310 code [0x0000020331eb14a0, 0x0000020331eb1568]

GC Heap History (0 events):
No events

Dll operation events (11 events):
Event: 0.014 Loaded shared library C:\Users\Kiet\.jdks\openjdk-22.0.2\bin\java.dll
Event: 0.384 Loaded shared library C:\Users\Kiet\.jdks\openjdk-22.0.2\bin\zip.dll
Event: 0.394 Loaded shared library C:\Users\Kiet\.jdks\openjdk-22.0.2\bin\instrument.dll
Event: 0.414 Loaded shared library C:\Users\Kiet\.jdks\openjdk-22.0.2\bin\net.dll
Event: 0.416 Loaded shared library C:\Users\Kiet\.jdks\openjdk-22.0.2\bin\nio.dll
Event: 0.429 Loaded shared library C:\Users\Kiet\.jdks\openjdk-22.0.2\bin\zip.dll
Event: 0.623 Loaded shared library C:\Program Files\JetBrains\IntelliJ IDEA 2024.1.3\bin\breakgen64.dll
Event: 0.641 Loaded shared library C:\Users\Kiet\.jdks\openjdk-22.0.2\bin\jimage.dll
Event: 0.645 Loaded shared library C:\Users\Kiet\.jdks\openjdk-22.0.2\bin\extnet.dll
Event: 0.676 Loaded shared library C:\Users\Kiet\.jdks\openjdk-22.0.2\bin\management.dll
Event: 0.701 Loaded shared library C:\Users\Kiet\.jdks\openjdk-22.0.2\bin\management_ext.dll

Deoptimization events (0 events):
No events

Classes loaded (20 events):
Event: 0.823 Loading class sun/management/VMManagementImpl$1 done
Event: 0.823 Loading class sun/management/CompilationImpl
Event: 0.823 Loading class java/lang/management/CompilationMXBean
Event: 0.823 Loading class java/lang/management/CompilationMXBean done
Event: 0.823 Loading class sun/management/CompilationImpl done
Event: 0.826 Loading class sun/management/ManagementFactoryHelper$PlatformLoggingImpl
Event: 0.826 Loading class java/lang/management/PlatformLoggingMXBean
Event: 0.826 Loading class java/lang/management/PlatformLoggingMXBean done
Event: 0.826 Loading class sun/management/ManagementFactoryHelper$PlatformLoggingImpl done
Event: 0.826 Loading class java/lang/SecurityException
Event: 0.826 Loading class java/lang/SecurityException done
Event: 0.826 Loading class java/util/logging/Logger
Event: 0.827 Loading class java/util/logging/Logger done
Event: 0.827 Loading class java/io/IOException
Event: 0.827 Loading class java/io/IOException done
Event: 0.827 Loading class java/util/logging/LoggingMXBean
Event: 0.827 Loading class java/util/logging/LoggingMXBean done
Event: 0.828 Loading class java/util/logging/Level
Event: 0.828 Loading class java/util/logging/Level done
Event: 0.828 Loading class java/util/logging/Level$KnownLevel

Classes unloaded (0 events):
No events

Classes redefined (0 events):
No events

Internal exceptions (6 events):
Event: 0.613 Thread 0x00000203297a94f0 Exception <a 'java/lang/NoSuchMethodError'{0x000000008a871e40}: 'void java.lang.invoke.DirectMethodHandle$Holder.invokeStatic(java.lang.Object, java.lang.Object, java.lang.Object)'> (0x000000008a871e40) 
thrown [s\open\src\hotspot\share\interpreter\linkResolver.cpp, line 774]
Event: 0.618 Thread 0x00000203297a94f0 Exception <a 'java/lang/NoSuchMethodError'{0x000000008a8897c0}: 'java.lang.Object java.lang.invoke.Invokers$Holder.invokeExact_MT(java.lang.Object, java.lang.Object, java.lang.Object, java.lang.Object, java.lang.Object)'> (0x000000008a8897c0) 
thrown [s\open\src\hotspot\share\interpreter\linkResolver.cpp, line 774]
Event: 0.647 Thread 0x000002033e3fb5b0 Exception <a 'java/lang/NoSuchMethodError'{0x000000008a708d20}: 'void java.lang.invoke.DirectMethodHandle$Holder.invokeStatic(java.lang.Object, java.lang.Object)'> (0x000000008a708d20) 
thrown [s\open\src\hotspot\share\interpreter\linkResolver.cpp, line 774]
Event: 0.709 Thread 0x00000203297a94f0 Exception <a 'java/lang/NoSuchMethodError'{0x000000008a7a37c0}: 'int java.lang.invoke.DirectMethodHandle$Holder.invokeInterface(java.lang.Object, java.lang.Object)'> (0x000000008a7a37c0) 
thrown [s\open\src\hotspot\share\interpreter\linkResolver.cpp, line 774]
Event: 0.710 Thread 0x00000203297a94f0 Exception <a 'java/lang/IncompatibleClassChangeError'{0x000000008a7a6ae8}: Found class java.lang.Object, but interface was expected> (0x000000008a7a6ae8) 
thrown [s\open\src\hotspot\share\interpreter\linkResolver.cpp, line 841]
Event: 0.803 Thread 0x00000203297a94f0 Exception <a 'java/lang/NoSuchMethodError'{0x000000008a671a10}: 'int java.lang.invoke.DirectMethodHandle$Holder.invokeSpecial(java.lang.Object, java.lang.Object, java.lang.Object)'> (0x000000008a671a10) 
thrown [s\open\src\hotspot\share\interpreter\linkResolver.cpp, line 774]

ZGC Phase Switch (0 events):
No events

VM Operations (2 events):
Event: 0.357 Executing VM operation: HandshakeAllThreads (Deoptimize)
Event: 0.357 Executing VM operation: HandshakeAllThreads (Deoptimize) done

Memory protections (0 events):
No events

Nmethod flushes (0 events):
No events

Events (14 events):
Event: 0.025 Thread 0x00000203297a94f0 Thread added: 0x00000203297a94f0
Event: 0.151 Thread 0x00000203297a94f0 Thread added: 0x000002033e07f2f0
Event: 0.152 Thread 0x00000203297a94f0 Thread added: 0x000002033e066bd0
Event: 0.154 Thread 0x00000203297a94f0 Thread added: 0x000002033e073f40
Event: 0.154 Thread 0x00000203297a94f0 Thread added: 0x000002033e075c00
Event: 0.154 Thread 0x00000203297a94f0 Thread added: 0x000002033e06b650
Event: 0.154 Thread 0x00000203297a94f0 Thread added: 0x000002033e06ca80
Event: 0.154 Thread 0x00000203297a94f0 Thread added: 0x000002033e099a50
Event: 0.329 Thread 0x00000203297a94f0 Thread added: 0x0000020339dbf1d0
Event: 0.361 Thread 0x000002033e099a50 Thread added: 0x000002033e23e0f0
Event: 0.361 Thread 0x000002033e099a50 Thread added: 0x000002033e244bd0
Event: 0.362 Thread 0x000002033e23e0f0 Thread added: 0x000002033e249ed0
Event: 0.624 Thread 0x00000203297a94f0 Thread added: 0x000002033e3fb5b0
Event: 0.624 Thread 0x00000203297a94f0 Thread added: 0x000002033e3fbc20


Dynamic libraries:
0x00007ff6ccdb0000 - 0x00007ff6ccdbe000 	C:\Users\Kiet\.jdks\openjdk-22.0.2\bin\java.exe
0x00007fff90ff0000 - 0x00007fff91207000 	C:\WINDOWS\SYSTEM32\ntdll.dll
0x00007fff8fc10000 - 0x00007fff8fcd4000 	C:\WINDOWS\System32\KERNEL32.DLL
0x00007fff8e350000 - 0x00007fff8e6fd000 	C:\WINDOWS\System32\KERNELBASE.dll
0x00007fff8ea30000 - 0x00007fff8eb41000 	C:\WINDOWS\System32\ucrtbase.dll
0x00007fff88a70000 - 0x00007fff88a8b000 	C:\Users\Kiet\.jdks\openjdk-22.0.2\bin\VCRUNTIME140.dll
0x00007fff88ad0000 - 0x00007fff88ae7000 	C:\Users\Kiet\.jdks\openjdk-22.0.2\bin\jli.dll
0x00007fff90d00000 - 0x00007fff90eae000 	C:\WINDOWS\System32\USER32.dll
0x00007fff74f00000 - 0x00007fff75193000 	C:\WINDOWS\WinSxS\amd64_microsoft.windows.common-controls_6595b64144ccf1df_6.0.22621.3672_none_2713b9d173822955\COMCTL32.dll
0x00007fff8ea00000 - 0x00007fff8ea26000 	C:\WINDOWS\System32\win32u.dll
0x00007fff8f0f0000 - 0x00007fff8f197000 	C:\WINDOWS\System32\msvcrt.dll
0x00007fff8fcf0000 - 0x00007fff8fd19000 	C:\WINDOWS\System32\GDI32.dll
0x00007fff8e780000 - 0x00007fff8e899000 	C:\WINDOWS\System32\gdi32full.dll
0x00007fff8e8a0000 - 0x00007fff8e93a000 	C:\WINDOWS\System32\msvcp_win.dll
0x00007fff902c0000 - 0x00007fff902f1000 	C:\WINDOWS\System32\IMM32.DLL
0x00007fff8b0f0000 - 0x00007fff8b0fc000 	C:\Users\Kiet\.jdks\openjdk-22.0.2\bin\vcruntime140_1.dll
0x00007fff7c680000 - 0x00007fff7c70e000 	C:\Users\Kiet\.jdks\openjdk-22.0.2\bin\msvcp140.dll
0x00007fff3c470000 - 0x00007fff3d1b9000 	C:\Users\Kiet\.jdks\openjdk-22.0.2\bin\server\jvm.dll
0x00007fff90ae0000 - 0x00007fff90b92000 	C:\WINDOWS\System32\ADVAPI32.dll
0x00007fff907a0000 - 0x00007fff90849000 	C:\WINDOWS\System32\sechost.dll
0x00007fff8e320000 - 0x00007fff8e348000 	C:\WINDOWS\System32\bcrypt.dll
0x00007fff8eee0000 - 0x00007fff8eff4000 	C:\WINDOWS\System32\RPCRT4.dll
0x00007fff8fb90000 - 0x00007fff8fc01000 	C:\WINDOWS\System32\WS2_32.dll
0x00007fff8e1e0000 - 0x00007fff8e22d000 	C:\WINDOWS\SYSTEM32\POWRPROF.dll
0x00007fff88d10000 - 0x00007fff88d44000 	C:\WINDOWS\SYSTEM32\WINMM.dll
0x00007fff85b40000 - 0x00007fff85b4a000 	C:\WINDOWS\SYSTEM32\VERSION.dll
0x00007fff8e1c0000 - 0x00007fff8e1d3000 	C:\WINDOWS\SYSTEM32\UMPDC.dll
0x00007fff8d350000 - 0x00007fff8d368000 	C:\WINDOWS\SYSTEM32\kernel.appcore.dll
0x00007fff898d0000 - 0x00007fff898da000 	C:\Users\Kiet\.jdks\openjdk-22.0.2\bin\jimage.dll
0x00007fff8bba0000 - 0x00007fff8bdd2000 	C:\WINDOWS\SYSTEM32\DBGHELP.DLL
0x00007fff90410000 - 0x00007fff90798000 	C:\WINDOWS\System32\combase.dll
0x00007fff8f010000 - 0x00007fff8f0e7000 	C:\WINDOWS\System32\OLEAUT32.dll
0x00007fff7a2a0000 - 0x00007fff7a2d2000 	C:\WINDOWS\SYSTEM32\dbgcore.DLL
0x00007fff8e700000 - 0x00007fff8e77b000 	C:\WINDOWS\System32\bcryptPrimitives.dll
0x00007fff89460000 - 0x00007fff8946f000 	C:\Users\Kiet\.jdks\openjdk-22.0.2\bin\instrument.dll
0x00007fff88010000 - 0x00007fff8802e000 	C:\Users\Kiet\.jdks\openjdk-22.0.2\bin\java.dll
0x00007fff8f330000 - 0x00007fff8fb8f000 	C:\WINDOWS\System32\SHELL32.dll
0x00007fff8ed30000 - 0x00007fff8eed5000 	C:\WINDOWS\System32\ole32.dll
0x00007fff8c270000 - 0x00007fff8cb6c000 	C:\WINDOWS\SYSTEM32\windows.storage.dll
0x00007fff8c130000 - 0x00007fff8c26f000 	C:\WINDOWS\SYSTEM32\wintypes.dll
0x00007fff8f230000 - 0x00007fff8f324000 	C:\WINDOWS\System32\SHCORE.dll
0x00007fff908c0000 - 0x00007fff9091e000 	C:\WINDOWS\System32\shlwapi.dll
0x00007fff8e250000 - 0x00007fff8e271000 	C:\WINDOWS\SYSTEM32\profapi.dll
0x00007fff7e690000 - 0x00007fff7e6a7000 	C:\Users\Kiet\.jdks\openjdk-22.0.2\bin\zip.dll
0x00007fff88a60000 - 0x00007fff88a70000 	C:\Users\Kiet\.jdks\openjdk-22.0.2\bin\net.dll
0x00007fff8d7c0000 - 0x00007fff8d829000 	C:\WINDOWS\system32\mswsock.dll
0x00007fff87ff0000 - 0x00007fff88006000 	C:\Users\Kiet\.jdks\openjdk-22.0.2\bin\nio.dll
0x00007fff7e660000 - 0x00007fff7e67a000 	C:\Program Files\JetBrains\IntelliJ IDEA 2024.1.3\bin\breakgen64.dll
0x00007fff7e650000 - 0x00007fff7e659000 	C:\Users\Kiet\.jdks\openjdk-22.0.2\bin\extnet.dll
0x00007fff8ce40000 - 0x00007fff8cf38000 	C:\WINDOWS\SYSTEM32\DNSAPI.dll
0x00007fff8cdd0000 - 0x00007fff8cdfd000 	C:\WINDOWS\SYSTEM32\IPHLPAPI.DLL
0x00007fff8fce0000 - 0x00007fff8fce9000 	C:\WINDOWS\System32\NSI.dll
0x00007fff86400000 - 0x00007fff8640a000 	C:\Windows\System32\rasadhlp.dll
0x00007fff88430000 - 0x00007fff884b3000 	C:\WINDOWS\System32\fwpuclnt.dll
0x00007fff85f00000 - 0x00007fff85f0a000 	C:\Users\Kiet\.jdks\openjdk-22.0.2\bin\management.dll
0x00007fff7e680000 - 0x00007fff7e68b000 	C:\Users\Kiet\.jdks\openjdk-22.0.2\bin\management_ext.dll
0x00007fff8f000000 - 0x00007fff8f008000 	C:\WINDOWS\System32\PSAPI.DLL

dbghelp: loaded successfully - version: 4.0.5 - missing functions: none
symbol engine: initialized successfully - sym options: 0x614 - pdb path: .;C:\Users\Kiet\.jdks\openjdk-22.0.2\bin;C:\WINDOWS\SYSTEM32;C:\WINDOWS\WinSxS\amd64_microsoft.windows.common-controls_6595b64144ccf1df_6.0.22621.3672_none_2713b9d173822955;C:\Users\Kiet\.jdks\openjdk-22.0.2\bin\server;C:\Program Files\JetBrains\IntelliJ IDEA 2024.1.3\bin

VM Arguments:
jvm_args: -XX:TieredStopAtLevel=1 -Dspring.output.ansi.enabled=always -Dcom.sun.management.jmxremote -Dspring.jmx.enabled=true -Dspring.liveBeansView.mbeanDomain -Dspring.application.admin.enabled=true -Dmanagement.endpoints.jmx.exposure.include=* -javaagent:C:\Program Files\JetBrains\IntelliJ IDEA 2024.1.3\lib\idea_rt.jar=53135:C:\Program Files\JetBrains\IntelliJ IDEA 2024.1.3\bin -Dfile.encoding=UTF-8 -Dsun.stdout.encoding=UTF-8 -Dsun.stderr.encoding=UTF-8 
java_command: net.enjoy.springboot.registrationlogin.RegistrationLoginApplication
java_class_path (initial): C:\Users\Kiet\Desktop\spring_boot_ecommerce-b077a4de88005e8f5c08184057d81a74732c988f\target\classes;C:\Users\Kiet\.m2\repository\org\springframework\boot\spring-boot-starter-data-jpa\3.2.4\spring-boot-starter-data-jpa-3.2.4.jar;C:\Users\Kiet\.m2\repository\org\springframework\boot\spring-boot-starter-aop\3.2.4\spring-boot-starter-aop-3.2.4.jar;C:\Users\Kiet\.m2\repository\org\aspectj\aspectjweaver\1.9.21\aspectjweaver-1.9.21.jar;C:\Users\Kiet\.m2\repository\org\springframework\boot\spring-boot-starter-jdbc\3.2.4\spring-boot-starter-jdbc-3.2.4.jar;C:\Users\Kiet\.m2\repository\com\zaxxer\HikariCP\5.0.1\HikariCP-5.0.1.jar;C:\Users\Kiet\.m2\repository\org\springframework\spring-jdbc\6.1.5\spring-jdbc-6.1.5.jar;C:\Users\Kiet\.m2\repository\org\hibernate\orm\hibernate-core\6.4.4.Final\hibernate-core-6.4.4.Final.jar;C:\Users\Kiet\.m2\repository\jakarta\persistence\jakarta.persistence-api\3.1.0\jakarta.persistence-api-3.1.0.jar;C:\Users\Kiet\.m2\repository\jakarta\transaction\jakarta.transaction-api\2.0.1\jakarta.transaction-api-2.0.1.jar;C:\Users\Kiet\.m2\repository\org\jboss\logging\jboss-logging\3.5.3.Final\jboss-logging-3.5.3.Final.jar;C:\Users\Kiet\.m2\repository\org\hibernate\common\hibernate-commons-annotations\6.0.6.Final\hibernate-commons-annotations-6.0.6.Final.jar;C:\Users\Kiet\.m2\repository\io\smallrye\jandex\3.1.2\jandex-3.1.2.jar;C:\Users\Kiet\.m2\repository\com\fasterxml\classmate\1.6.0\classmate-1.6.0.jar;C:\Users\Kiet\.m2\repository\net\bytebuddy\byte-buddy\1.14.12\byte-buddy-1.14.12.jar;C:\Users\Kiet\.m2\repository\org\glassfish\jaxb\jaxb-runtime\4.0.5\jaxb-runtime-4.0.5.jar;C:\Users\Kiet\.m2\repository\org\glassfish\jaxb\jaxb-core\4.0.5\jaxb-core-4.0.5.jar;C:\Users\Kiet\.m2\repository\org\eclipse\angus\angus-activation\2.0.2\angus-activation-2.0.2.jar;C:\Users\Kiet\.m2\repository\org\glassfish\jaxb\txw2\4.0.5\txw2-4.0.5.jar;C:\Users\Kiet\.m2\repository\com\sun\istack\istack-commons-runtime\4.1.2\istack-commons-runtime-4.1.2.jar;C:\Users\Kiet\.m2\repository\jakarta\inject\jakarta.inject-api\2.0.1\jakarta.inject-api-2.0.1.jar;C:\Users\Kiet\.m2\repository\org\antlr\antlr4-runtime\4.13.0\antlr4-runtime-4.13.0.jar;C:\Users\Kiet\.m2\repository\org\springframework\data\spring-data-jpa\3.2.4\spring-data-jpa-3.2.4.jar;C:\Users\Kiet\.m2\repository\org\springframework\data\spring-data-commons\3.2.4\spring-data-commons-3.2.4.jar;C:\Users\Kiet\.m2\repository\org\springframework\spring-orm\6.1.5\spring-orm-6.1.5.jar;C:\Users\Kiet\.m2\repository\org\springframework\spring-context\6.1.5\spring-context-6.1.5.jar;C:\Users\Kiet\.m2\repository\org\springframework\spring-tx\6.1.5\spring-tx-6.1.5.jar;C:\Users\Kiet\.m2\repository\org\springframework\spring-beans\6.1.5\spring-beans-6.1.5.jar;C:\Users\Kiet\.m2\repository\jakarta\annotation\jakarta.annotation-api\2.1.1\jakarta.annotation-api-2.1.1.jar;C:\Users\Kiet\.m2\repository\org\slf4j\slf4j-api\2.0.12\slf4j-api-2.0.12.jar;C:\Users\Kiet\.m2\repository\org\springframework\spring-aspects\6.1.5\spring-aspects-6.1.5.jar;C:\Users\Kiet\.m2\repository\org\springframework\boot\spring-boot-starter-thymeleaf\3.2.4\spring-boot-starter-thymeleaf-3.2.4.jar;C:\Users\Kiet\.m2\repository\org\springframework\boot\spring-boot-starter\3.2.4\spring-boot-starter-3.2.4.jar;C:\Users\Kiet\.m2\repository\org\springframework\boot\spring-boot\3.2.4\spring-boot-3.2.4.jar;C:\Users\Kiet\.m2\repository\org\springframework\boot\spring-boot-autoconfigure\3.2.4\spring-boot-autoconfigure-3.2.4.jar;C:\Users\Kiet\.m2\repository\org\springframework\boot\spring-boot-starter-logging\3.2.4\spring-boot-starter-logging-3.2.4.jar;C:\Users\Kiet\.m2\repository\ch\qos\logback\logback-classic\1.4.14\logback-classic-1.4.14.jar;C:\Users\Kiet\.m2\repository\ch\qos\logback\logback-core\1.4.14\logback-core-1.4.14.jar;C:\Users\Kiet\.m2\repository\org\apache\logging\log4j\log4j-to-slf4j\2.21.1\log4j-to-slf4j-2.21.1.jar;C:\Users\Kiet\.m2\repository\org\apache\logging\log4j\log4j-api\2.21.1\log4j-api-2.21.1.jar;C:\Users\Kiet\.m2\repository\org\slf4j\jul-to-slf4j\2.0.12\jul-to-slf4j-2.0.12.jar;C:\Users\Kiet\.m2\repository\org\yaml\snakeyaml\2.2\snakeyaml-2.2.jar;C:\Users\Kiet\.m2\repository\org\thymeleaf\thymeleaf-spring6\3.1.2.RELEASE\thymeleaf-spring6-3.1.2.RELEASE.jar;C:\Users\Kiet\.m2\repository\org\thymeleaf\thymeleaf\3.1.2.RELEASE\thymeleaf-3.1.2.RELEASE.jar;C:\Users\Kiet\.m2\repository\org\attoparser\attoparser\2.0.7.RELEASE\attoparser-2.0.7.RELEASE.jar;C:\Users\Kiet\.m2\repository\org\unbescape\unbescape\1.1.6.RELEASE\unbescape-1.1.6.RELEASE.jar;C:\Users\Kiet\.m2\repository\org\springframework\boot\spring-boot-starter-web\3.2.4\spring-boot-starter-web-3.2.4.jar;C:\Users\Kiet\.m2\repository\org\springframework\boot\spring-boot-starter-json\3.2.4\spring-boot-starter-json-3.2.4.jar;C:\Users\Kiet\.m2\repository\com\fasterxml\jackson\core\jackson-databind\2.15.4\jackson-databind-2.15.4.jar;C:\Users\Kiet\.m2\repository\com\fasterxml\jackson\core\jackson-annotations\2.15.4\jackson-annotations-2.15.4.jar;C:\Users\Kiet\.m2\repository\com\fasterxml\jackson\core\jackson-core\2.15.4\jackson-core-2.15.4.jar;C:\Users\Kiet\.m2\repository\com\fasterxml\jackson\datatype\jackson-datatype-jdk8\2.15.4\jackson-datatype-jdk8-2.15.4.jar;C:\Users\Kiet\.m2\repository\com\fasterxml\jackson\datatype\jackson-datatype-jsr310\2.15.4\jackson-datatype-jsr310-2.15.4.jar;C:\Users\Kiet\.m2\repository\com\fasterxml\jackson\module\jackson-module-parameter-names\2.15.4\jackson-module-parameter-names-2.15.4.jar;C:\Users\Kiet\.m2\repository\org\springframework\boot\spring-boot-starter-tomcat\3.2.4\spring-boot-starter-tomcat-3.2.4.jar;C:\Users\Kiet\.m2\repository\org\apache\tomcat\embed\tomcat-embed-core\10.1.19\tomcat-embed-core-10.1.19.jar;C:\Users\Kiet\.m2\repository\org\apache\tomcat\embed\tomcat-embed-websocket\10.1.19\tomcat-embed-websocket-10.1.19.jar;C:\Users\Kiet\.m2\repository\org\springframework\spring-web\6.1.5\spring-web-6.1.5.jar;C:\Users\Kiet\.m2\repository\io\micrometer\micrometer-observation\1.12.4\micrometer-observation-1.12.4.jar;C:\Users\Kiet\.m2\repository\io\micrometer\micrometer-commons\1.12.4\micrometer-commons-1.12.4.jar;C:\Users\Kiet\.m2\repository\org\springframework\spring-webmvc\6.1.5\spring-webmvc-6.1.5.jar;C:\Users\Kiet\.m2\repository\org\springframework\spring-expression\6.1.5\spring-expression-6.1.5.jar;C:\Users\Kiet\.m2\repository\org\springframework\boot\spring-boot-starter-validation\3.2.4\spring-boot-starter-validation-3.2.4.jar;C:\Users\Kiet\.m2\repository\org\apache\tomcat\embed\tomcat-embed-el\10.1.19\tomcat-embed-el-10.1.19.jar;C:\Users\Kiet\.m2\repository\org\hibernate\validator\hibernate-validator\8.0.1.Final\hibernate-validator-8.0.1.Final.jar;C:\Users\Kiet\.m2\repository\jakarta\validation\jakarta.validation-api\3.0.2\jakarta.validation-api-3.0.2.jar;C:\Users\Kiet\.m2\repository\com\mysql\mysql-connector-j\8.2.0\mysql-connector-j-8.2.0.jar;C:\Users\Kiet\.m2\repository\org\projectlombok\lombok\1.18.30\lombok-1.18.30.jar;C:\Users\Kiet\.m2\repository\jakarta\xml\bind\jakarta.xml.bind-api\4.0.2\jakarta.xml.bind-api-4.0.2.jar;C:\Users\Kiet\.m2\repository\jakarta\activation\jakarta.activation-api\2.1.3\jakarta.activation-api-2.1.3.jar;C:\Users\Kiet\.m2\repository\org\springframework\spring-core\6.1.5\spring-core-6.1.5.jar;C:\Users\Kiet\.m2\repository\org\springframework\spring-jcl\6.1.5\spring-jcl-6.1.5.jar;C:\Users\Kiet\.m2\repository\org\springframework\boot\spring-boot-starter-security\3.2.4\spring-boot-starter-security-3.2.4.jar;C:\Users\Kiet\.m2\repository\org\springframework\spring-aop\6.1.5\spring-aop-6.1.5.jar;C:\Users\Kiet\.m2\repository\org\springframework\security\spring-security-config\6.2.3\spring-security-config-6.2.3.jar;C:\Users\Kiet\.m2\repository\org\springframework\security\spring-security-core\6.2.3\spring-security-core-6.2.3.jar;C:\Users\Kiet\.m2\repository\org\springframework\security\spring-security-crypto\6.2.3\spring-security-crypto-6.2.3.jar;C:\Users\Kiet\.m2\repository\org\springframework\security\spring-security-web\6.2.3\spring-security-web-6.2.3.jar
Launcher Type: SUN_STANDARD

[Global flags]
     intx CICompilerCount                          = 4                                         {product} {ergonomic}
     uint ConcGCThreads                            = 2                                         {product} {ergonomic}
     uint G1ConcRefinementThreads                  = 8                                         {product} {ergonomic}
   size_t G1HeapRegionSize                         = 1048576                                   {product} {ergonomic}
   size_t InitialHeapSize                          = 132120576                                 {product} {ergonomic}
     bool ManagementServer                         = true                                      {product} {command line}
   size_t MarkStackSize                            = 4194304                                   {product} {ergonomic}
   size_t MaxHeapSize                              = 2095054848                                {product} {ergonomic}
   size_t MaxNewSize                               = 1256194048                                {product} {ergonomic}
   size_t MinHeapDeltaBytes                        = 1048576                                   {product} {ergonomic}
   size_t MinHeapSize                              = 8388608                                   {product} {ergonomic}
    uintx NonNMethodCodeHeapSize                   = 4096                                   {pd product} {ergonomic}
    uintx NonProfiledCodeHeapSize                  = 0                                      {pd product} {ergonomic}
     bool ProfileInterpreter                       = false                                  {pd product} {command line}
    uintx ProfiledCodeHeapSize                     = 0                                      {pd product} {ergonomic}
   size_t SoftMaxHeapSize                          = 2095054848                             {manageable} {ergonomic}
     intx TieredStopAtLevel                        = 1                                         {product} {command line}
     bool UseCompressedOops                        = true                           {product lp64_product} {ergonomic}
     bool UseG1GC                                  = true                                      {product} {ergonomic}
     bool UseLargePagesIndividualAllocation        = false                                  {pd product} {ergonomic}

Logging:
Log output configuration:
 #0: stdout all=warning uptime,level,tags foldmultilines=false
 #1: stderr all=off uptime,level,tags foldmultilines=false

Environment Variables:
PATH=C:\Program Files\Common Files\Oracle\Java\javapath;C:\Program Files (x86)\Common Files\Oracle\Java\javapath;C:\WINDOWS\system32;C:\WINDOWS;C:\WINDOWS\System32\Wbem;C:\WINDOWS\System32\WindowsPowerShell\v1.0\;C:\WINDOWS\System32\OpenSSH\;C:\Program Files\dotnet\;C:\Program Files\Common Files\Oracle\Java\javapath;C:\Program Files\Java\jdk-11\bin;C:\Program Files (x86)\Microsoft SQL Server\160\Tools\Binn\;C:\Program Files\Microsoft SQL Server\160\Tools\Binn\;C:\Program Files\Microsoft SQL Server\Client SDK\ODBC\170\Tools\Binn\;C:\Program Files\Microsoft SQL Server\160\DTS\Binn\;C:\Program Files (x86)\Microsoft SQL Server\160\DTS\Binn\;C:\Program Files\Azure Data Studio\bin;C:\Program Files\apache-maven-3.9.6\bin;C:\Program Files\Git\cmd;C:\Program Files\nodejs\;C:\Program Files\Java\jdk-21\bin;C:\Users\Kiet\AppData\Local\Microsoft\WindowsApps;C:\Users\Kiet\AppData\Local\Programs\Microsoft VS Code\bin;C:\Users\Kiet\AppData\Local\GitHubDesktop\bin;C:\Users\Kiet\.dotnet\tools;C:\Program Files\Azure Data Studio\bin;C:\Users\Kiet\AppData\Roaming\npm
USERNAME=Kiet
OS=Windows_NT
PROCESSOR_IDENTIFIER=Intel64 Family 6 Model 126 Stepping 5, GenuineIntel
TMP=C:\Users\Kiet\AppData\Local\Temp
TEMP=C:\Users\Kiet\AppData\Local\Temp




Periodic native trim disabled

---------------  S Y S T E M  ---------------

OS:
 Windows 11 , 64 bit Build 22621 (10.0.22621.3672)
OS uptime: 0 days 5:38 hours

CPU: total 8 (initial active 8) (4 cores per cpu, 2 threads per core) family 6 model 126 stepping 5 microcode 0xa6, cx8, cmov, fxsr, ht, mmx, 3dnowpref, sse, sse2, sse3, ssse3, sse4.1, sse4.2, popcnt, lzcnt, tsc, tscinvbit, avx, avx2, aes, erms, clmul, bmi1, bmi2, adx, avx512f, avx512dq, avx512cd, avx512bw, avx512vl, sha, fma, vzeroupper, avx512_vpopcntdq, avx512_vpclmulqdq, avx512_vaes, avx512_vnni, clflush, clflushopt, avx512_vbmi2, avx512_vbmi, rdtscp, rdpid, fsrm, gfni, avx512_bitalg, f16c, pku, avx512_ifma
Processor Information for all 8 processors :
  Max Mhz: 1190, Current Mhz: 991, Mhz Limit: 987

Memory: 4k page, system-wide physical 7987M (919M free)
TotalPageFile size 10035M (AvailPageFile size 4M)
current process WorkingSet (physical memory assigned to process): 47M, peak: 47M
current process commit charge ("private bytes"): 207M, peak: 207M

vm_info: OpenJDK 64-Bit Server VM (22.0.2+9-70) for windows-amd64 JRE (22.0.2+9-70), built on 2024-06-04T16:52:23Z by "mach5one" with MS VC++ 17.6 (VS2022)

END.
