#
# There is insufficient memory for the Java Runtime Environment to continue.
# Native memory allocation (malloc) failed to allocate 363936 bytes. Error detail: Chunk::new
# Possible reasons:
#   The system is out of physical RAM or swap space
#   This process is running with CompressedOops enabled, and the Java Heap may be blocking the growth of the native heap
# Possible solutions:
#   Reduce memory load on the system
#   Increase physical memory or swap space
#   Check if swap backing store is full
#   Decrease Java heap size (-Xmx/-Xms)
#   Decrease number of Java threads
#   Decrease Java thread stack sizes (-Xss)
#   Set larger code cache with -XX:ReservedCodeCacheSize=
#   JVM is running with Unscaled Compressed Oops mode in which the Java heap is
#     placed in the first 4GB address space. The Java Heap base address is the
#     maximum limit for the native heap growth. Please use -XX:HeapBaseMinAddress
#     to set the Java Heap base and to place the Java Heap above 4GB virtual address.
# This output file may be truncated or incomplete.
#
#  Out of Memory Error (arena.cpp:191), pid=14356, tid=5476
#
# JRE version: OpenJDK Runtime Environment Temurin-17.0.12+7 (17.0.12+7) (build 17.0.12+7)
# Java VM: OpenJDK 64-Bit Server VM Temurin-17.0.12+7 (17.0.12+7, mixed mode, tiered, compressed oops, compressed class ptrs, parallel gc, windows-amd64)
# No core dump will be written. Minidumps are not enabled by default on client versions of Windows
#

---------------  S U M M A R Y ------------

Command Line: --add-modules=ALL-SYSTEM --add-opens=java.base/java.util=ALL-UNNAMED --add-opens=java.base/java.lang=ALL-UNNAMED --add-opens=java.base/sun.nio.fs=ALL-UNNAMED -Declipse.application=org.eclipse.jdt.ls.core.id1 -Dosgi.bundles.defaultStartLevel=4 -Declipse.product=org.eclipse.jdt.ls.core.product -Djava.import.generatesMetadataFilesAtProjectRoot=false -DDetectVMInstallationsJob.disabled=true -Dfile.encoding=utf8 -XX:+UseParallelGC -XX:GCTimeRatio=4 -XX:AdaptiveSizePolicyWeight=90 -Dsun.zip.disableMemoryMapping=true -Xmx1G -Xms100m -Xlog:disable -javaagent:c:\Users\Kiet\.vscode\extensions\redhat.java-1.35.1-win32-x64\lombok\lombok-1.18.33.jar -XX:+HeapDumpOnOutOfMemoryError -XX:HeapDumpPath=c:\Users\Kiet\AppData\Roaming\Code\User\workspaceStorage\a71174b1d402feb6f45fdbc2b12219ee\redhat.java -Daether.dependencyCollector.impl=bf c:\Users\Kiet\.vscode\extensions\redhat.java-1.35.1-win32-x64\server\plugins\org.eclipse.equinox.launcher_1.6.900.v20240613-2009.jar -configuration c:\Users\Kiet\AppData\Roaming\Code\User\globalStorage\redhat.java\1.35.1\config_win -data c:\Users\Kiet\AppData\Roaming\Code\User\workspaceStorage\a71174b1d402feb6f45fdbc2b12219ee\redhat.java\jdt_ws --pipe=\\.\pipe\lsp-5061a58c4d916e0e2cf4defda812a48f-sock

Host: Intel(R) Core(TM) i5-1035G1 CPU @ 1.00GHz, 8 cores, 7G,  Windows 11 , 64 bit Build 22621 (10.0.22621.3958)
Time: Sun Oct  6 21:05:16 2024 SE Asia Standard Time elapsed time: 14.236745 seconds (0d 0h 0m 14s)

---------------  T H R E A D  ---------------

Current thread (0x0000022a4aa5ba10):  JavaThread "C2 CompilerThread2" daemon [_thread_in_native, id=5476, stack(0x0000006b03d00000,0x0000006b03e00000)]


Current CompileTask:
C2:  14236 6316   !   4       lombok.patcher.ScriptManager$OurClassFileTransformer::transform (364 bytes)

Stack: [0x0000006b03d00000,0x0000006b03e00000]
Native frames: (J=compiled Java code, j=interpreted, Vv=VM code, C=native code)
V  [jvm.dll+0x67f929]
V  [jvm.dll+0x8371ba]
V  [jvm.dll+0x838c7e]
V  [jvm.dll+0x8392e3]
V  [jvm.dll+0x24834f]
V  [jvm.dll+0xac9d4]
V  [jvm.dll+0xad01c]
V  [jvm.dll+0x2af96f]
V  [jvm.dll+0x5868d7]
V  [jvm.dll+0x2231c2]
V  [jvm.dll+0x2235bf]
V  [jvm.dll+0x21c6e0]
V  [jvm.dll+0x219be1]
V  [jvm.dll+0x1a58bd]
V  [jvm.dll+0x229a2d]
V  [jvm.dll+0x227bdc]
V  [jvm.dll+0x7ec1f7]
V  [jvm.dll+0x7e65dc]
V  [jvm.dll+0x67e7f7]
C  [ucrtbase.dll+0x29333]
C  [KERNEL32.DLL+0x1257d]
C  [ntdll.dll+0x5af28]


---------------  P R O C E S S  ---------------

Threads class SMR info:
_java_thread_list=0x0000022a4c731560, length=38, elements={
0x0000022a2fdedd70, 0x0000022a43c7ea30, 0x0000022a48f35dc0, 0x0000022a48f60f20,
0x0000022a48f617f0, 0x0000022a48f63070, 0x0000022a48f64380, 0x0000022a48f6dae0,
0x0000022a48f6f4b0, 0x0000022a48f72d50, 0x0000022a4905b030, 0x0000022a492c83a0,
0x0000022a4a8f3390, 0x0000022a4a698770, 0x0000022a4adeca70, 0x0000022a4addd550,
0x0000022a4ade9a50, 0x0000022a4b057230, 0x0000022a4b059090, 0x0000022a4b0558e0,
0x0000022a4b058160, 0x0000022a4b058670, 0x0000022a4b057740, 0x0000022a4b057c50,
0x0000022a4b055df0, 0x0000022a4b056300, 0x0000022a4b056810, 0x0000022a4a345690,
0x0000022a4a3474f0, 0x0000022a4a3460b0, 0x0000022a4a34a790, 0x0000022a4a3465c0,
0x0000022a4a348930, 0x0000022a4a34aca0, 0x0000022a4a346ad0, 0x0000022a4a344760,
0x0000022a4aa5aa20, 0x0000022a4aa5ba10
}

Java Threads: ( => current thread )
  0x0000022a2fdedd70 JavaThread "main" [_thread_blocked, id=12952, stack(0x0000006b01d00000,0x0000006b01e00000)]
  0x0000022a43c7ea30 JavaThread "Reference Handler" daemon [_thread_blocked, id=8388, stack(0x0000006b02000000,0x0000006b02100000)]
  0x0000022a48f35dc0 JavaThread "Finalizer" daemon [_thread_blocked, id=11056, stack(0x0000006b02100000,0x0000006b02200000)]
  0x0000022a48f60f20 JavaThread "Signal Dispatcher" daemon [_thread_blocked, id=8828, stack(0x0000006b02200000,0x0000006b02300000)]
  0x0000022a48f617f0 JavaThread "Attach Listener" daemon [_thread_blocked, id=16800, stack(0x0000006b02300000,0x0000006b02400000)]
  0x0000022a48f63070 JavaThread "Service Thread" daemon [_thread_blocked, id=16708, stack(0x0000006b02400000,0x0000006b02500000)]
  0x0000022a48f64380 JavaThread "Monitor Deflation Thread" daemon [_thread_blocked, id=12996, stack(0x0000006b02500000,0x0000006b02600000)]
  0x0000022a48f6dae0 JavaThread "C2 CompilerThread0" daemon [_thread_blocked, id=13056, stack(0x0000006b02600000,0x0000006b02700000)]
  0x0000022a48f6f4b0 JavaThread "C1 CompilerThread0" daemon [_thread_blocked, id=16880, stack(0x0000006b02700000,0x0000006b02800000)]
  0x0000022a48f72d50 JavaThread "Sweeper thread" daemon [_thread_blocked, id=10652, stack(0x0000006b02800000,0x0000006b02900000)]
  0x0000022a4905b030 JavaThread "Common-Cleaner" daemon [_thread_blocked, id=8368, stack(0x0000006b02900000,0x0000006b02a00000)]
  0x0000022a492c83a0 JavaThread "Notification Thread" daemon [_thread_blocked, id=15412, stack(0x0000006b02b00000,0x0000006b02c00000)]
  0x0000022a4a8f3390 JavaThread "Active Thread: Equinox Container: b8fa2634-df53-4fd7-88e1-e146a875b216" [_thread_blocked, id=12080, stack(0x0000006b03400000,0x0000006b03500000)]
  0x0000022a4a698770 JavaThread "Framework Event Dispatcher: Equinox Container: b8fa2634-df53-4fd7-88e1-e146a875b216" daemon [_thread_blocked, id=1876, stack(0x0000006b03500000,0x0000006b03600000)]
  0x0000022a4adeca70 JavaThread "Start Level: Equinox Container: b8fa2634-df53-4fd7-88e1-e146a875b216" daemon [_thread_blocked, id=15280, stack(0x0000006b03600000,0x0000006b03700000)]
  0x0000022a4addd550 JavaThread "Bundle File Closer" daemon [_thread_blocked, id=16952, stack(0x0000006b02d00000,0x0000006b02e00000)]
  0x0000022a4ade9a50 JavaThread "SCR Component Actor" daemon [_thread_blocked, id=9200, stack(0x0000006b03800000,0x0000006b03900000)]
  0x0000022a4b057230 JavaThread "Worker-JM" [_thread_blocked, id=8260, stack(0x0000006b03a00000,0x0000006b03b00000)]
  0x0000022a4b059090 JavaThread "JNA Cleaner" daemon [_thread_blocked, id=12296, stack(0x0000006b02a00000,0x0000006b02b00000)]
  0x0000022a4b0558e0 JavaThread "Worker-0" [_thread_blocked, id=13648, stack(0x0000006b03b00000,0x0000006b03c00000)]
  0x0000022a4b058160 JavaThread "Worker-1: Initialize workspace" [_thread_blocked, id=9332, stack(0x0000006b03c00000,0x0000006b03d00000)]
  0x0000022a4b058670 JavaThread "Java indexing" daemon [_thread_blocked, id=5268, stack(0x0000006b03f00000,0x0000006b04000000)]
  0x0000022a4b057740 JavaThread "Worker-2" [_thread_blocked, id=10340, stack(0x0000006b04000000,0x0000006b04100000)]
  0x0000022a4b057c50 JavaThread "Thread-2" daemon [_thread_in_native, id=12940, stack(0x0000006b04100000,0x0000006b04200000)]
  0x0000022a4b055df0 JavaThread "Thread-3" daemon [_thread_in_native, id=5904, stack(0x0000006b04200000,0x0000006b04300000)]
  0x0000022a4b056300 JavaThread "Thread-4" daemon [_thread_in_native, id=16912, stack(0x0000006b04300000,0x0000006b04400000)]
  0x0000022a4b056810 JavaThread "Thread-5" daemon [_thread_in_native, id=6692, stack(0x0000006b04400000,0x0000006b04500000)]
  0x0000022a4a345690 JavaThread "Thread-6" daemon [_thread_in_native, id=8052, stack(0x0000006b04500000,0x0000006b04600000)]
  0x0000022a4a3474f0 JavaThread "Thread-7" daemon [_thread_in_native, id=1268, stack(0x0000006b04600000,0x0000006b04700000)]
  0x0000022a4a3460b0 JavaThread "Thread-8" daemon [_thread_in_native, id=5152, stack(0x0000006b04700000,0x0000006b04800000)]
  0x0000022a4a34a790 JavaThread "Thread-9" daemon [_thread_in_native, id=10952, stack(0x0000006b04800000,0x0000006b04900000)]
  0x0000022a4a3465c0 JavaThread "Thread-10" daemon [_thread_in_native, id=3852, stack(0x0000006b04900000,0x0000006b04a00000)]
  0x0000022a4a348930 JavaThread "pool-2-thread-1" [_thread_blocked, id=12064, stack(0x0000006b04a00000,0x0000006b04b00000)]
  0x0000022a4a34aca0 JavaThread "WorkspaceEventsHandler" [_thread_blocked, id=10392, stack(0x0000006b04b00000,0x0000006b04c00000)]
  0x0000022a4a346ad0 JavaThread "pool-1-thread-1" [_thread_in_Java, id=16040, stack(0x0000006b04c00000,0x0000006b04d00000)]
  0x0000022a4a344760 JavaThread "Worker-3" [_thread_blocked, id=14416, stack(0x0000006b04d00000,0x0000006b04e00000)]
  0x0000022a4aa5aa20 JavaThread "C2 CompilerThread1" daemon [_thread_in_native, id=8288, stack(0x0000006b03900000,0x0000006b03a00000)]
=>0x0000022a4aa5ba10 JavaThread "C2 CompilerThread2" daemon [_thread_in_native, id=5476, stack(0x0000006b03d00000,0x0000006b03e00000)]

Other Threads:
  0x0000022a43c7dd60 VMThread "VM Thread" [stack: 0x0000006b01f00000,0x0000006b02000000] [id=10344]
  0x0000022a492b05c0 WatcherThread [stack: 0x0000006b02c00000,0x0000006b02d00000] [id=16340]
  0x0000022a2fe050f0 GCTaskThread "GC Thread#0" [stack: 0x0000006b01e00000,0x0000006b01f00000] [id=1136]
  0x0000022a4a546bc0 GCTaskThread "GC Thread#1" [stack: 0x0000006b02e00000,0x0000006b02f00000] [id=3664]
  0x0000022a4a50b030 GCTaskThread "GC Thread#2" [stack: 0x0000006b02f00000,0x0000006b03000000] [id=7516]
  0x0000022a4a410120 GCTaskThread "GC Thread#3" [stack: 0x0000006b03000000,0x0000006b03100000] [id=8736]
  0x0000022a4a487f30 GCTaskThread "GC Thread#4" [stack: 0x0000006b03100000,0x0000006b03200000] [id=8824]
  0x0000022a4a4881f0 GCTaskThread "GC Thread#5" [stack: 0x0000006b03200000,0x0000006b03300000] [id=12472]
  0x0000022a4a4884b0 GCTaskThread "GC Thread#6" [stack: 0x0000006b03300000,0x0000006b03400000] [id=6896]
  0x0000022a4a90cbc0 GCTaskThread "GC Thread#7" [stack: 0x0000006b03700000,0x0000006b03800000] [id=8664]

Threads with active compile tasks:
C2 CompilerThread1    14285 6200       4       java.util.stream.SortedOps$SizedRefSortingSink::end (129 bytes)
C2 CompilerThread2    14285 6316   !   4       lombok.patcher.ScriptManager$OurClassFileTransformer::transform (364 bytes)

VM state: not at safepoint (normal execution)

VM Mutex/Monitor currently owned by a thread: None

Heap address: 0x00000000c0000000, size: 1024 MB, Compressed Oops mode: 32-bit

CDS archive(s) not mapped
Compressed class space mapped at: 0x0000000100000000-0x0000000140000000, reserved size: 1073741824
Narrow klass base: 0x0000000000000000, Narrow klass shift: 3, Narrow klass range: 0x140000000

GC Precious Log:
 CPUs: 8 total, 8 available
 Memory: 7987M
 Large Page Support: Disabled
 NUMA Support: Disabled
 Compressed Oops: Enabled (32-bit)
 Alignments: Space 512K, Generation 512K, Heap 2M
 Heap Min Capacity: 100M
 Heap Initial Capacity: 100M
 Heap Max Capacity: 1G
 Pre-touch: Disabled
 Parallel Workers: 8

Heap:
 PSYoungGen      total 23040K, used 1742K [0x00000000eab00000, 0x00000000ec300000, 0x0000000100000000)
  eden space 21504K, 3% used [0x00000000eab00000,0x00000000eaba58e0,0x00000000ec000000)
  from space 1536K, 70% used [0x00000000ec000000,0x00000000ec10dfc8,0x00000000ec180000)
  to   space 1536K, 0% used [0x00000000ec180000,0x00000000ec180000,0x00000000ec300000)
 ParOldGen       total 68608K, used 22595K [0x00000000c0000000, 0x00000000c4300000, 0x00000000eab00000)
  object space 68608K, 32% used [0x00000000c0000000,0x00000000c1610e78,0x00000000c4300000)
 Metaspace       used 52896K, committed 54080K, reserved 1114112K
  class space    used 5705K, committed 6208K, reserved 1048576K

Card table byte_map: [0x0000022a2f7b0000,0x0000022a2f9c0000] _byte_map_base: 0x0000022a2f1b0000

Marking Bits: (ParMarkBitMap*) 0x00007ffb969158b0
 Begin Bits: [0x0000022a41a80000, 0x0000022a42a80000)
 End Bits:   [0x0000022a42a80000, 0x0000022a43a80000)

Polling page: 0x0000022a2f5a0000

Metaspace:

Usage:
  Non-class:     46.08 MB used.
      Class:      5.57 MB used.
       Both:     51.66 MB used.

Virtual space:
  Non-class space:       64.00 MB reserved,      46.75 MB ( 73%) committed,  1 nodes.
      Class space:        1.00 GB reserved,       6.06 MB ( <1%) committed,  1 nodes.
             Both:        1.06 GB reserved,      52.81 MB (  5%) committed. 

Chunk freelists:
   Non-Class:  688.00 KB
       Class:  9.98 MB
        Both:  10.66 MB

MaxMetaspaceSize: unlimited
CompressedClassSpaceSize: 1.00 GB
Initial GC threshold: 21.00 MB
Current GC threshold: 58.38 MB
CDS: off
MetaspaceReclaimPolicy: balanced
 - commit_granule_bytes: 65536.
 - commit_granule_words: 8192.
 - virtual_space_node_default_size: 8388608.
 - enlarge_chunks_in_place: 1.
 - new_chunks_are_fully_committed: 0.
 - uncommit_free_chunks: 1.
 - use_allocation_guard: 0.
 - handle_deallocations: 1.


Internal statistics:

num_allocs_failed_limit: 6.
num_arena_births: 728.
num_arena_deaths: 14.
num_vsnodes_births: 2.
num_vsnodes_deaths: 0.
num_space_committed: 845.
num_space_uncommitted: 0.
num_chunks_returned_to_freelist: 20.
num_chunks_taken_from_freelist: 2789.
num_chunk_merges: 11.
num_chunk_splits: 1730.
num_chunks_enlarged: 1001.
num_inconsistent_stats: 0.

CodeHeap 'non-profiled nmethods': size=120000Kb used=2881Kb max_used=2881Kb free=117118Kb
 bounds [0x0000022a3a550000, 0x0000022a3a830000, 0x0000022a41a80000]
CodeHeap 'profiled nmethods': size=120000Kb used=11174Kb max_used=11174Kb free=108826Kb
 bounds [0x0000022a32a80000, 0x0000022a33570000, 0x0000022a39fb0000]
CodeHeap 'non-nmethods': size=5760Kb used=1369Kb max_used=1369Kb free=4390Kb
 bounds [0x0000022a39fb0000, 0x0000022a3a220000, 0x0000022a3a550000]
 total_blobs=6170 nmethods=5533 adapters=548
 compilation: enabled
              stopped_count=0, restarted_count=0
 full_count=0

Compilation events (20 events):
Event: 14.194 Thread 0x0000022a48f6f4b0 nmethod 6319 0x0000022a3354fd10 code [0x0000022a3354fec0, 0x0000022a33550038]
Event: 14.194 Thread 0x0000022a48f6f4b0 6320       2       java.util.Comparator$$Lambda$211/0x00000001002ee6e8::compare (16 bytes)
Event: 14.194 Thread 0x0000022a48f6f4b0 nmethod 6320 0x0000022a33550110 code [0x0000022a335502c0, 0x0000022a335504b8]
Event: 14.194 Thread 0x0000022a48f6f4b0 6321       3       org.eclipse.jdt.internal.launching.environments.ExecutionEnvironment::getId (12 bytes)
Event: 14.195 Thread 0x0000022a48f6f4b0 nmethod 6321 0x0000022a33550610 code [0x0000022a335507e0, 0x0000022a33550dd8]
Event: 14.203 Thread 0x0000022a48f6dae0 nmethod 6290 0x0000022a3a81be90 code [0x0000022a3a81c020, 0x0000022a3a81c458]
Event: 14.203 Thread 0x0000022a48f6dae0 6299   !   4       org.eclipse.jdt.ls.core.internal.ConnectionStreamFactory$NamedPipeInputStream::read (128 bytes)
Event: 14.203 Thread 0x0000022a48f6f4b0 6322   !   3       java.lang.ref.ReferenceQueue::remove (125 bytes)
Event: 14.204 Thread 0x0000022a48f6f4b0 nmethod 6322 0x0000022a33551010 code [0x0000022a33551220, 0x0000022a335519d8]
Event: 14.206 Thread 0x0000022a48f6f4b0 6323       3       java.net.URLStreamHandler::setURL (159 bytes)
Event: 14.209 Thread 0x0000022a48f6f4b0 nmethod 6323 0x0000022a33551d10 code [0x0000022a335520a0, 0x0000022a33553608]
Event: 14.213 Thread 0x0000022a48f6dae0 nmethod 6299 0x0000022a3a81c710 code [0x0000022a3a81c900, 0x0000022a3a81ccc8]
Event: 14.213 Thread 0x0000022a48f6dae0 6318  s    4       java.util.Hashtable::put (104 bytes)
Event: 14.213 Thread 0x0000022a48f6f4b0 6324       3       java.util.HashSet::iterator (13 bytes)
Event: 14.213 Thread 0x0000022a48f6f4b0 nmethod 6324 0x0000022a33553e90 code [0x0000022a33554040, 0x0000022a335542d8]
Event: 14.216 Thread 0x0000022a48f6f4b0 6325       3       org.eclipse.osgi.container.ModuleRevisionBuilder::unmodifiableMap (86 bytes)
Event: 14.217 Thread 0x0000022a48f6f4b0 nmethod 6325 0x0000022a33554410 code [0x0000022a335546a0, 0x0000022a33555408]
Event: 14.220 Thread 0x0000022a48f6f4b0 6326       1       org.osgi.framework.Version::getMajor (5 bytes)
Event: 14.220 Thread 0x0000022a48f6f4b0 nmethod 6326 0x0000022a3a81d090 code [0x0000022a3a81d220, 0x0000022a3a81d2f8]
Event: 14.220 Thread 0x0000022a48f6f4b0 6329   !   3       jdk.internal.math.FloatingDecimal::readJavaFormatString (827 bytes)

GC Heap History (20 events):
Event: 6.876 GC heap before
{Heap before GC invocations=12 (full 1):
 PSYoungGen      total 25600K, used 7281K [0x00000000eab00000, 0x00000000ec800000, 0x0000000100000000)
  eden space 22528K, 20% used [0x00000000eab00000,0x00000000eaf6c020,0x00000000ec100000)
  from space 3072K, 89% used [0x00000000ec500000,0x00000000ec7b0768,0x00000000ec800000)
  to   space 3072K, 0% used [0x00000000ec200000,0x00000000ec200000,0x00000000ec500000)
 ParOldGen       total 68608K, used 16498K [0x00000000c0000000, 0x00000000c4300000, 0x00000000eab00000)
  object space 68608K, 24% used [0x00000000c0000000,0x00000000c101cb98,0x00000000c4300000)
 Metaspace       used 35082K, committed 35840K, reserved 1114112K
  class space    used 3451K, committed 3776K, reserved 1048576K
}
Event: 6.881 GC heap after
{Heap after GC invocations=12 (full 1):
 PSYoungGen      total 23552K, used 848K [0x00000000eab00000, 0x00000000ec580000, 0x0000000100000000)
  eden space 22528K, 0% used [0x00000000eab00000,0x00000000eab00000,0x00000000ec100000)
  from space 1024K, 82% used [0x00000000ec200000,0x00000000ec2d41d0,0x00000000ec300000)
  to   space 2048K, 0% used [0x00000000ec380000,0x00000000ec380000,0x00000000ec580000)
 ParOldGen       total 68608K, used 19053K [0x00000000c0000000, 0x00000000c4300000, 0x00000000eab00000)
  object space 68608K, 27% used [0x00000000c0000000,0x00000000c129b6a0,0x00000000c4300000)
 Metaspace       used 35082K, committed 35840K, reserved 1114112K
  class space    used 3451K, committed 3776K, reserved 1048576K
}
Event: 6.881 GC heap before
{Heap before GC invocations=13 (full 2):
 PSYoungGen      total 23552K, used 848K [0x00000000eab00000, 0x00000000ec580000, 0x0000000100000000)
  eden space 22528K, 0% used [0x00000000eab00000,0x00000000eab00000,0x00000000ec100000)
  from space 1024K, 82% used [0x00000000ec200000,0x00000000ec2d41d0,0x00000000ec300000)
  to   space 2048K, 0% used [0x00000000ec380000,0x00000000ec380000,0x00000000ec580000)
 ParOldGen       total 68608K, used 19053K [0x00000000c0000000, 0x00000000c4300000, 0x00000000eab00000)
  object space 68608K, 27% used [0x00000000c0000000,0x00000000c129b6a0,0x00000000c4300000)
 Metaspace       used 35082K, committed 35840K, reserved 1114112K
  class space    used 3451K, committed 3776K, reserved 1048576K
}
Event: 6.925 GC heap after
{Heap after GC invocations=13 (full 2):
 PSYoungGen      total 23552K, used 0K [0x00000000eab00000, 0x00000000ec580000, 0x0000000100000000)
  eden space 22528K, 0% used [0x00000000eab00000,0x00000000eab00000,0x00000000ec100000)
  from space 1024K, 0% used [0x00000000ec200000,0x00000000ec200000,0x00000000ec300000)
  to   space 2048K, 0% used [0x00000000ec380000,0x00000000ec380000,0x00000000ec580000)
 ParOldGen       total 68608K, used 15966K [0x00000000c0000000, 0x00000000c4300000, 0x00000000eab00000)
  object space 68608K, 23% used [0x00000000c0000000,0x00000000c0f97830,0x00000000c4300000)
 Metaspace       used 35069K, committed 35840K, reserved 1114112K
  class space    used 3447K, committed 3776K, reserved 1048576K
}
Event: 7.326 GC heap before
{Heap before GC invocations=14 (full 2):
 PSYoungGen      total 23552K, used 22528K [0x00000000eab00000, 0x00000000ec580000, 0x0000000100000000)
  eden space 22528K, 100% used [0x00000000eab00000,0x00000000ec100000,0x00000000ec100000)
  from space 1024K, 0% used [0x00000000ec200000,0x00000000ec200000,0x00000000ec300000)
  to   space 2048K, 0% used [0x00000000ec380000,0x00000000ec380000,0x00000000ec580000)
 ParOldGen       total 68608K, used 15966K [0x00000000c0000000, 0x00000000c4300000, 0x00000000eab00000)
  object space 68608K, 23% used [0x00000000c0000000,0x00000000c0f97830,0x00000000c4300000)
 Metaspace       used 38433K, committed 39360K, reserved 1114112K
  class space    used 3850K, committed 4224K, reserved 1048576K
}
Event: 7.329 GC heap after
{Heap after GC invocations=14 (full 2):
 PSYoungGen      total 23552K, used 1130K [0x00000000eab00000, 0x00000000ec500000, 0x0000000100000000)
  eden space 22016K, 0% used [0x00000000eab00000,0x00000000eab00000,0x00000000ec080000)
  from space 1536K, 73% used [0x00000000ec380000,0x00000000ec49a900,0x00000000ec500000)
  to   space 1536K, 0% used [0x00000000ec200000,0x00000000ec200000,0x00000000ec380000)
 ParOldGen       total 68608K, used 15974K [0x00000000c0000000, 0x00000000c4300000, 0x00000000eab00000)
  object space 68608K, 23% used [0x00000000c0000000,0x00000000c0f99830,0x00000000c4300000)
 Metaspace       used 38433K, committed 39360K, reserved 1114112K
  class space    used 3850K, committed 4224K, reserved 1048576K
}
Event: 7.761 GC heap before
{Heap before GC invocations=15 (full 2):
 PSYoungGen      total 23552K, used 23146K [0x00000000eab00000, 0x00000000ec500000, 0x0000000100000000)
  eden space 22016K, 100% used [0x00000000eab00000,0x00000000ec080000,0x00000000ec080000)
  from space 1536K, 73% used [0x00000000ec380000,0x00000000ec49a900,0x00000000ec500000)
  to   space 1536K, 0% used [0x00000000ec200000,0x00000000ec200000,0x00000000ec380000)
 ParOldGen       total 68608K, used 15974K [0x00000000c0000000, 0x00000000c4300000, 0x00000000eab00000)
  object space 68608K, 23% used [0x00000000c0000000,0x00000000c0f99830,0x00000000c4300000)
 Metaspace       used 41027K, committed 41984K, reserved 1114112K
  class space    used 4218K, committed 4608K, reserved 1048576K
}
Event: 7.768 GC heap after
{Heap after GC invocations=15 (full 2):
 PSYoungGen      total 23040K, used 800K [0x00000000eab00000, 0x00000000ec400000, 0x0000000100000000)
  eden space 22016K, 0% used [0x00000000eab00000,0x00000000eab00000,0x00000000ec080000)
  from space 1024K, 78% used [0x00000000ec200000,0x00000000ec2c8000,0x00000000ec300000)
  to   space 1024K, 0% used [0x00000000ec300000,0x00000000ec300000,0x00000000ec400000)
 ParOldGen       total 68608K, used 16907K [0x00000000c0000000, 0x00000000c4300000, 0x00000000eab00000)
  object space 68608K, 24% used [0x00000000c0000000,0x00000000c1082db0,0x00000000c4300000)
 Metaspace       used 41027K, committed 41984K, reserved 1114112K
  class space    used 4218K, committed 4608K, reserved 1048576K
}
Event: 8.076 GC heap before
{Heap before GC invocations=16 (full 2):
 PSYoungGen      total 23040K, used 22816K [0x00000000eab00000, 0x00000000ec400000, 0x0000000100000000)
  eden space 22016K, 100% used [0x00000000eab00000,0x00000000ec080000,0x00000000ec080000)
  from space 1024K, 78% used [0x00000000ec200000,0x00000000ec2c8000,0x00000000ec300000)
  to   space 1024K, 0% used [0x00000000ec300000,0x00000000ec300000,0x00000000ec400000)
 ParOldGen       total 68608K, used 16907K [0x00000000c0000000, 0x00000000c4300000, 0x00000000eab00000)
  object space 68608K, 24% used [0x00000000c0000000,0x00000000c1082db0,0x00000000c4300000)
 Metaspace       used 42739K, committed 43776K, reserved 1114112K
  class space    used 4426K, committed 4864K, reserved 1048576K
}
Event: 8.079 GC heap after
{Heap after GC invocations=16 (full 2):
 PSYoungGen      total 23040K, used 982K [0x00000000eab00000, 0x00000000ec400000, 0x0000000100000000)
  eden space 22016K, 0% used [0x00000000eab00000,0x00000000eab00000,0x00000000ec080000)
  from space 1024K, 95% used [0x00000000ec300000,0x00000000ec3f5ae0,0x00000000ec400000)
  to   space 1024K, 0% used [0x00000000ec200000,0x00000000ec200000,0x00000000ec300000)
 ParOldGen       total 68608K, used 17493K [0x00000000c0000000, 0x00000000c4300000, 0x00000000eab00000)
  object space 68608K, 25% used [0x00000000c0000000,0x00000000c1115658,0x00000000c4300000)
 Metaspace       used 42739K, committed 43776K, reserved 1114112K
  class space    used 4426K, committed 4864K, reserved 1048576K
}
Event: 8.709 GC heap before
{Heap before GC invocations=17 (full 2):
 PSYoungGen      total 23040K, used 22998K [0x00000000eab00000, 0x00000000ec400000, 0x0000000100000000)
  eden space 22016K, 100% used [0x00000000eab00000,0x00000000ec080000,0x00000000ec080000)
  from space 1024K, 95% used [0x00000000ec300000,0x00000000ec3f5ae0,0x00000000ec400000)
  to   space 1024K, 0% used [0x00000000ec200000,0x00000000ec200000,0x00000000ec300000)
 ParOldGen       total 68608K, used 17493K [0x00000000c0000000, 0x00000000c4300000, 0x00000000eab00000)
  object space 68608K, 25% used [0x00000000c0000000,0x00000000c1115658,0x00000000c4300000)
 Metaspace       used 44353K, committed 45376K, reserved 1114112K
  class space    used 4629K, committed 5056K, reserved 1048576K
}
Event: 8.711 GC heap after
{Heap after GC invocations=17 (full 2):
 PSYoungGen      total 23040K, used 608K [0x00000000eab00000, 0x00000000ec380000, 0x0000000100000000)
  eden space 22016K, 0% used [0x00000000eab00000,0x00000000eab00000,0x00000000ec080000)
  from space 1024K, 59% used [0x00000000ec200000,0x00000000ec298000,0x00000000ec300000)
  to   space 512K, 0% used [0x00000000ec300000,0x00000000ec300000,0x00000000ec380000)
 ParOldGen       total 68608K, used 18037K [0x00000000c0000000, 0x00000000c4300000, 0x00000000eab00000)
  object space 68608K, 26% used [0x00000000c0000000,0x00000000c119d658,0x00000000c4300000)
 Metaspace       used 44353K, committed 45376K, reserved 1114112K
  class space    used 4629K, committed 5056K, reserved 1048576K
}
Event: 10.266 GC heap before
{Heap before GC invocations=18 (full 2):
 PSYoungGen      total 23040K, used 22624K [0x00000000eab00000, 0x00000000ec380000, 0x0000000100000000)
  eden space 22016K, 100% used [0x00000000eab00000,0x00000000ec080000,0x00000000ec080000)
  from space 1024K, 59% used [0x00000000ec200000,0x00000000ec298000,0x00000000ec300000)
  to   space 512K, 0% used [0x00000000ec300000,0x00000000ec300000,0x00000000ec380000)
 ParOldGen       total 68608K, used 18037K [0x00000000c0000000, 0x00000000c4300000, 0x00000000eab00000)
  object space 68608K, 26% used [0x00000000c0000000,0x00000000c119d658,0x00000000c4300000)
 Metaspace       used 46843K, committed 47872K, reserved 1114112K
  class space    used 4956K, committed 5376K, reserved 1048576K
}
Event: 10.269 GC heap after
{Heap after GC invocations=18 (full 2):
 PSYoungGen      total 22016K, used 496K [0x00000000eab00000, 0x00000000ec680000, 0x0000000100000000)
  eden space 21504K, 0% used [0x00000000eab00000,0x00000000eab00000,0x00000000ec000000)
  from space 512K, 96% used [0x00000000ec300000,0x00000000ec37c078,0x00000000ec380000)
  to   space 3072K, 0% used [0x00000000ec000000,0x00000000ec000000,0x00000000ec300000)
 ParOldGen       total 68608K, used 19899K [0x00000000c0000000, 0x00000000c4300000, 0x00000000eab00000)
  object space 68608K, 29% used [0x00000000c0000000,0x00000000c136ecd0,0x00000000c4300000)
 Metaspace       used 46843K, committed 47872K, reserved 1114112K
  class space    used 4956K, committed 5376K, reserved 1048576K
}
Event: 11.946 GC heap before
{Heap before GC invocations=19 (full 2):
 PSYoungGen      total 22016K, used 22000K [0x00000000eab00000, 0x00000000ec680000, 0x0000000100000000)
  eden space 21504K, 100% used [0x00000000eab00000,0x00000000ec000000,0x00000000ec000000)
  from space 512K, 96% used [0x00000000ec300000,0x00000000ec37c078,0x00000000ec380000)
  to   space 3072K, 0% used [0x00000000ec000000,0x00000000ec000000,0x00000000ec300000)
 ParOldGen       total 68608K, used 19899K [0x00000000c0000000, 0x00000000c4300000, 0x00000000eab00000)
  object space 68608K, 29% used [0x00000000c0000000,0x00000000c136ecd0,0x00000000c4300000)
 Metaspace       used 49256K, committed 50240K, reserved 1114112K
  class space    used 5280K, committed 5696K, reserved 1048576K
}
Event: 11.949 GC heap after
{Heap after GC invocations=19 (full 2):
 PSYoungGen      total 23040K, used 1280K [0x00000000eab00000, 0x00000000ec400000, 0x0000000100000000)
  eden space 21504K, 0% used [0x00000000eab00000,0x00000000eab00000,0x00000000ec000000)
  from space 1536K, 83% used [0x00000000ec000000,0x00000000ec140000,0x00000000ec180000)
  to   space 2048K, 0% used [0x00000000ec200000,0x00000000ec200000,0x00000000ec400000)
 ParOldGen       total 68608K, used 20419K [0x00000000c0000000, 0x00000000c4300000, 0x00000000eab00000)
  object space 68608K, 29% used [0x00000000c0000000,0x00000000c13f0d48,0x00000000c4300000)
 Metaspace       used 49256K, committed 50240K, reserved 1114112K
  class space    used 5280K, committed 5696K, reserved 1048576K
}
Event: 13.295 GC heap before
{Heap before GC invocations=20 (full 2):
 PSYoungGen      total 23040K, used 22784K [0x00000000eab00000, 0x00000000ec400000, 0x0000000100000000)
  eden space 21504K, 100% used [0x00000000eab00000,0x00000000ec000000,0x00000000ec000000)
  from space 1536K, 83% used [0x00000000ec000000,0x00000000ec140000,0x00000000ec180000)
  to   space 2048K, 0% used [0x00000000ec200000,0x00000000ec200000,0x00000000ec400000)
 ParOldGen       total 68608K, used 20419K [0x00000000c0000000, 0x00000000c4300000, 0x00000000eab00000)
  object space 68608K, 29% used [0x00000000c0000000,0x00000000c13f0d48,0x00000000c4300000)
 Metaspace       used 52024K, committed 53120K, reserved 1114112K
  class space    used 5615K, committed 6080K, reserved 1048576K
}
Event: 13.300 GC heap after
{Heap after GC invocations=20 (full 2):
 PSYoungGen      total 23040K, used 1113K [0x00000000eab00000, 0x00000000ec380000, 0x0000000100000000)
  eden space 21504K, 0% used [0x00000000eab00000,0x00000000eab00000,0x00000000ec000000)
  from space 1536K, 72% used [0x00000000ec200000,0x00000000ec3165a0,0x00000000ec380000)
  to   space 1536K, 0% used [0x00000000ec000000,0x00000000ec000000,0x00000000ec180000)
 ParOldGen       total 68608K, used 21583K [0x00000000c0000000, 0x00000000c4300000, 0x00000000eab00000)
  object space 68608K, 31% used [0x00000000c0000000,0x00000000c1513d58,0x00000000c4300000)
 Metaspace       used 52024K, committed 53120K, reserved 1114112K
  class space    used 5615K, committed 6080K, reserved 1048576K
}
Event: 14.200 GC heap before
{Heap before GC invocations=21 (full 2):
 PSYoungGen      total 23040K, used 22617K [0x00000000eab00000, 0x00000000ec380000, 0x0000000100000000)
  eden space 21504K, 100% used [0x00000000eab00000,0x00000000ec000000,0x00000000ec000000)
  from space 1536K, 72% used [0x00000000ec200000,0x00000000ec3165a0,0x00000000ec380000)
  to   space 1536K, 0% used [0x00000000ec000000,0x00000000ec000000,0x00000000ec180000)
 ParOldGen       total 68608K, used 21583K [0x00000000c0000000, 0x00000000c4300000, 0x00000000eab00000)
  object space 68608K, 31% used [0x00000000c0000000,0x00000000c1513d58,0x00000000c4300000)
 Metaspace       used 52856K, committed 53952K, reserved 1114112K
  class space    used 5702K, committed 6144K, reserved 1048576K
}
Event: 14.203 GC heap after
{Heap after GC invocations=21 (full 2):
 PSYoungGen      total 23040K, used 1079K [0x00000000eab00000, 0x00000000ec300000, 0x0000000100000000)
  eden space 21504K, 0% used [0x00000000eab00000,0x00000000eab00000,0x00000000ec000000)
  from space 1536K, 70% used [0x00000000ec000000,0x00000000ec10dfc8,0x00000000ec180000)
  to   space 1536K, 0% used [0x00000000ec180000,0x00000000ec180000,0x00000000ec300000)
 ParOldGen       total 68608K, used 22595K [0x00000000c0000000, 0x00000000c4300000, 0x00000000eab00000)
  object space 68608K, 32% used [0x00000000c0000000,0x00000000c1610e78,0x00000000c4300000)
 Metaspace       used 52856K, committed 53952K, reserved 1114112K
  class space    used 5702K, committed 6144K, reserved 1048576K
}

Dll operation events (10 events):
Event: 0.013 Loaded shared library c:\Users\Kiet\.vscode\extensions\redhat.java-1.35.1-win32-x64\jre\17.0.12-win32-x86_64\bin\java.dll
Event: 0.214 Loaded shared library c:\Users\Kiet\.vscode\extensions\redhat.java-1.35.1-win32-x64\jre\17.0.12-win32-x86_64\bin\zip.dll
Event: 0.218 Loaded shared library C:\Users\Kiet\.vscode\extensions\redhat.java-1.35.1-win32-x64\jre\17.0.12-win32-x86_64\bin\instrument.dll
Event: 0.241 Loaded shared library C:\Users\Kiet\.vscode\extensions\redhat.java-1.35.1-win32-x64\jre\17.0.12-win32-x86_64\bin\net.dll
Event: 0.244 Loaded shared library C:\Users\Kiet\.vscode\extensions\redhat.java-1.35.1-win32-x64\jre\17.0.12-win32-x86_64\bin\nio.dll
Event: 0.265 Loaded shared library C:\Users\Kiet\.vscode\extensions\redhat.java-1.35.1-win32-x64\jre\17.0.12-win32-x86_64\bin\zip.dll
Event: 0.305 Loaded shared library C:\Users\Kiet\.vscode\extensions\redhat.java-1.35.1-win32-x64\jre\17.0.12-win32-x86_64\bin\jimage.dll
Event: 0.425 Loaded shared library c:\Users\Kiet\.vscode\extensions\redhat.java-1.35.1-win32-x64\jre\17.0.12-win32-x86_64\bin\verify.dll
Event: 2.470 Loaded shared library C:\Users\Kiet\AppData\Roaming\Code\User\globalStorage\redhat.java\1.35.1\config_win\org.eclipse.equinox.launcher\org.eclipse.equinox.launcher.win32.win32.x86_64_1.2.1100.v20240722-2106\eclipse_11904.dll
Event: 4.734 Loaded shared library C:\Users\Kiet\AppData\Local\Temp\jna-2338477\jna8086915111205095709.dll

Deoptimization events (20 events):
Event: 14.191 Thread 0x0000022a4a346ad0 DEOPT PACKING pc=0x0000022a3a7b5470 sp=0x0000006b04cfdb70
Event: 14.191 Thread 0x0000022a4a346ad0 DEOPT UNPACKING pc=0x0000022a3a009ea3 sp=0x0000006b04cfda98 mode 2
Event: 14.191 Thread 0x0000022a4a346ad0 Uncommon trap: trap_request=0xffffffc6 fr.pc=0x0000022a3a7b5470 relative=0x00000000000005d0
Event: 14.191 Thread 0x0000022a4a346ad0 Uncommon trap: reason=bimorphic_or_optimized_type_check action=maybe_recompile pc=0x0000022a3a7b5470 method=java.util.Comparator.lambda$thenComparing$36697e65$1(Ljava/util/Comparator;Ljava/lang/Object;Ljava/lang/Object;)I @ 3 c2
Event: 14.191 Thread 0x0000022a4a346ad0 DEOPT PACKING pc=0x0000022a3a7b5470 sp=0x0000006b04cfdc00
Event: 14.191 Thread 0x0000022a4a346ad0 DEOPT UNPACKING pc=0x0000022a3a009ea3 sp=0x0000006b04cfdb28 mode 2
Event: 14.191 Thread 0x0000022a4a346ad0 Uncommon trap: trap_request=0xffffffc6 fr.pc=0x0000022a3a7b5470 relative=0x00000000000005d0
Event: 14.191 Thread 0x0000022a4a346ad0 Uncommon trap: reason=bimorphic_or_optimized_type_check action=maybe_recompile pc=0x0000022a3a7b5470 method=java.util.Comparator.lambda$thenComparing$36697e65$1(Ljava/util/Comparator;Ljava/lang/Object;Ljava/lang/Object;)I @ 3 c2
Event: 14.191 Thread 0x0000022a4a346ad0 DEOPT PACKING pc=0x0000022a3a7b5470 sp=0x0000006b04cfdc00
Event: 14.191 Thread 0x0000022a4a346ad0 DEOPT UNPACKING pc=0x0000022a3a009ea3 sp=0x0000006b04cfdb28 mode 2
Event: 14.191 Thread 0x0000022a4a346ad0 Uncommon trap: trap_request=0xffffffc6 fr.pc=0x0000022a3a7b5470 relative=0x00000000000005d0
Event: 14.191 Thread 0x0000022a4a346ad0 Uncommon trap: reason=bimorphic_or_optimized_type_check action=maybe_recompile pc=0x0000022a3a7b5470 method=java.util.Comparator.lambda$thenComparing$36697e65$1(Ljava/util/Comparator;Ljava/lang/Object;Ljava/lang/Object;)I @ 3 c2
Event: 14.191 Thread 0x0000022a4a346ad0 DEOPT PACKING pc=0x0000022a3a7b5470 sp=0x0000006b04cfdc00
Event: 14.192 Thread 0x0000022a4a346ad0 DEOPT UNPACKING pc=0x0000022a3a009ea3 sp=0x0000006b04cfdb28 mode 2
Event: 14.197 Thread 0x0000022a4a346ad0 Uncommon trap: trap_request=0xffffff76 fr.pc=0x0000022a3a72a470 relative=0x0000000000000630
Event: 14.197 Thread 0x0000022a4a346ad0 Uncommon trap: reason=predicate action=maybe_recompile pc=0x0000022a3a72a470 method=java.util.TreeMap.getEntryUsingComparator(Ljava/lang/Object;)Ljava/util/TreeMap$Entry; @ 19 c2
Event: 14.197 Thread 0x0000022a4a346ad0 DEOPT PACKING pc=0x0000022a3a72a470 sp=0x0000006b04cfdba0
Event: 14.197 Thread 0x0000022a4a346ad0 DEOPT UNPACKING pc=0x0000022a3a009ea3 sp=0x0000006b04cfda68 mode 2
Event: 14.204 Thread 0x0000022a4a346ad0 DEOPT PACKING pc=0x0000022a334ab5a1 sp=0x0000006b04cfda90
Event: 14.204 Thread 0x0000022a4a346ad0 DEOPT UNPACKING pc=0x0000022a3a00a9e3 sp=0x0000006b04cfcf48 mode 0

Classes loaded (20 events):
Event: 13.219 Loading class java/nio/file/FileVisitResult
Event: 13.219 Loading class java/nio/file/FileVisitResult done
Event: 13.304 Loading class sun/nio/fs/WindowsException
Event: 13.304 Loading class sun/nio/fs/WindowsException done
Event: 13.312 Loading class sun/net/www/protocol/https/Handler
Event: 13.312 Loading class sun/net/www/protocol/http/Handler
Event: 13.313 Loading class sun/net/www/protocol/http/Handler done
Event: 13.313 Loading class sun/net/www/protocol/https/Handler done
Event: 13.673 Loading class java/util/regex/PatternSyntaxException
Event: 13.674 Loading class java/util/regex/PatternSyntaxException done
Event: 14.072 Loading class java/util/Collections$SynchronizedRandomAccessList
Event: 14.073 Loading class java/util/Collections$SynchronizedList
Event: 14.073 Loading class java/util/Collections$SynchronizedList done
Event: 14.073 Loading class java/util/Collections$SynchronizedRandomAccessList done
Event: 14.155 Loading class java/util/concurrent/locks/ReentrantReadWriteLock$Sync$HoldCounter
Event: 14.156 Loading class java/util/concurrent/locks/ReentrantReadWriteLock$Sync$HoldCounter done
Event: 14.176 Loading class java/util/concurrent/CompletableFuture$Signaller
Event: 14.176 Loading class java/util/concurrent/CompletableFuture$Signaller done
Event: 14.177 Loading class java/util/concurrent/ForkJoinTask$Aux
Event: 14.177 Loading class java/util/concurrent/ForkJoinTask$Aux done

Classes unloaded (7 events):
Event: 6.892 Thread 0x0000022a43c7dd60 Unloading class 0x0000000100250400 'java/lang/invoke/LambdaForm$MH+0x0000000100250400'
Event: 6.892 Thread 0x0000022a43c7dd60 Unloading class 0x0000000100250000 'java/lang/invoke/LambdaForm$MH+0x0000000100250000'
Event: 6.892 Thread 0x0000022a43c7dd60 Unloading class 0x000000010024fc00 'java/lang/invoke/LambdaForm$MH+0x000000010024fc00'
Event: 6.892 Thread 0x0000022a43c7dd60 Unloading class 0x000000010024f800 'java/lang/invoke/LambdaForm$MH+0x000000010024f800'
Event: 6.892 Thread 0x0000022a43c7dd60 Unloading class 0x000000010024f400 'java/lang/invoke/LambdaForm$BMH+0x000000010024f400'
Event: 6.892 Thread 0x0000022a43c7dd60 Unloading class 0x000000010024f000 'java/lang/invoke/LambdaForm$DMH+0x000000010024f000'
Event: 6.892 Thread 0x0000022a43c7dd60 Unloading class 0x000000010024c400 'java/lang/invoke/LambdaForm$DMH+0x000000010024c400'

Classes redefined (0 events):
No events

Internal exceptions (20 events):
Event: 13.305 Thread 0x0000022a4b057740 Exception <a 'sun/nio/fs/WindowsException'{0x00000000eab14e50}> (0x00000000eab14e50) 
thrown [s\src\hotspot\share\prims\jni.cpp, line 516]
Event: 13.305 Thread 0x0000022a4b057740 Exception <a 'sun/nio/fs/WindowsException'{0x00000000eab15c98}> (0x00000000eab15c98) 
thrown [s\src\hotspot\share\prims\jni.cpp, line 516]
Event: 13.305 Thread 0x0000022a4b057740 Exception <a 'sun/nio/fs/WindowsException'{0x00000000eab16828}> (0x00000000eab16828) 
thrown [s\src\hotspot\share\prims\jni.cpp, line 516]
Event: 13.308 Thread 0x0000022a4b057740 Exception <a 'sun/nio/fs/WindowsException'{0x00000000eab2ca08}> (0x00000000eab2ca08) 
thrown [s\src\hotspot\share\prims\jni.cpp, line 516]
Event: 13.310 Thread 0x0000022a4b057740 Exception <a 'sun/nio/fs/WindowsException'{0x00000000eab2d508}> (0x00000000eab2d508) 
thrown [s\src\hotspot\share\prims\jni.cpp, line 516]
Event: 13.315 Thread 0x0000022a4b057740 Exception <a 'sun/nio/fs/WindowsException'{0x00000000eab41790}> (0x00000000eab41790) 
thrown [s\src\hotspot\share\prims\jni.cpp, line 516]
Event: 13.315 Thread 0x0000022a4b057740 Exception <a 'sun/nio/fs/WindowsException'{0x00000000eab42290}> (0x00000000eab42290) 
thrown [s\src\hotspot\share\prims\jni.cpp, line 516]
Event: 13.322 Thread 0x0000022a4b057740 Exception <a 'sun/nio/fs/WindowsException'{0x00000000eab79ca8}> (0x00000000eab79ca8) 
thrown [s\src\hotspot\share\prims\jni.cpp, line 516]
Event: 13.322 Thread 0x0000022a4b057740 Exception <a 'sun/nio/fs/WindowsException'{0x00000000eab7a2e0}> (0x00000000eab7a2e0) 
thrown [s\src\hotspot\share\prims\jni.cpp, line 516]
Event: 13.322 Thread 0x0000022a4b057740 Exception <a 'sun/nio/fs/WindowsException'{0x00000000eab7ac18}> (0x00000000eab7ac18) 
thrown [s\src\hotspot\share\prims\jni.cpp, line 516]
Event: 13.323 Thread 0x0000022a4b057740 Exception <a 'sun/nio/fs/WindowsException'{0x00000000eab7b250}> (0x00000000eab7b250) 
thrown [s\src\hotspot\share\prims\jni.cpp, line 516]
Event: 13.323 Thread 0x0000022a4b057740 Exception <a 'sun/nio/fs/WindowsException'{0x00000000eab7bbe8}> (0x00000000eab7bbe8) 
thrown [s\src\hotspot\share\prims\jni.cpp, line 516]
Event: 13.323 Thread 0x0000022a4b057740 Exception <a 'sun/nio/fs/WindowsException'{0x00000000eab7c4c8}> (0x00000000eab7c4c8) 
thrown [s\src\hotspot\share\prims\jni.cpp, line 516]
Event: 13.324 Thread 0x0000022a4b057740 Exception <a 'sun/nio/fs/WindowsException'{0x00000000eab7e108}> (0x00000000eab7e108) 
thrown [s\src\hotspot\share\prims\jni.cpp, line 516]
Event: 13.324 Thread 0x0000022a4b057740 Exception <a 'sun/nio/fs/WindowsException'{0x00000000eab7e9e8}> (0x00000000eab7e9e8) 
thrown [s\src\hotspot\share\prims\jni.cpp, line 516]
Event: 13.331 Thread 0x0000022a4b057740 Exception <a 'java/lang/NoSuchMethodError'{0x00000000eab94ca0}: 'void java.lang.invoke.DirectMethodHandle$Holder.invokeVirtual(java.lang.Object, java.lang.Object, java.lang.Object, java.lang.Object)'> (0x00000000eab94ca0) 
thrown [s\src\hotspot\share\interpreter\linkResolver.cpp, line 759]
Event: 14.178 Thread 0x0000022a4a346ad0 Exception <a 'sun/nio/fs/WindowsException'{0x00000000ebf70458}> (0x00000000ebf70458) 
thrown [s\src\hotspot\share\prims\jni.cpp, line 516]
Event: 14.178 Thread 0x0000022a4a346ad0 Exception <a 'sun/nio/fs/WindowsException'{0x00000000ebf70a90}> (0x00000000ebf70a90) 
thrown [s\src\hotspot\share\prims\jni.cpp, line 516]
Event: 14.180 Thread 0x0000022a4a346ad0 Exception <a 'sun/nio/fs/WindowsException'{0x00000000ebf742a8}> (0x00000000ebf742a8) 
thrown [s\src\hotspot\share\prims\jni.cpp, line 516]
Event: 14.180 Thread 0x0000022a4a346ad0 Exception <a 'sun/nio/fs/WindowsException'{0x00000000ebf748e0}> (0x00000000ebf748e0) 
thrown [s\src\hotspot\share\prims\jni.cpp, line 516]

VM Operations (20 events):
Event: 11.945 Executing VM operation: ParallelGCFailedAllocation
Event: 11.949 Executing VM operation: ParallelGCFailedAllocation done
Event: 12.751 Executing VM operation: HandshakeAllThreads
Event: 12.751 Executing VM operation: HandshakeAllThreads done
Event: 12.752 Executing VM operation: HandshakeAllThreads
Event: 12.752 Executing VM operation: HandshakeAllThreads done
Event: 12.969 Executing VM operation: ICBufferFull
Event: 12.969 Executing VM operation: ICBufferFull done
Event: 13.295 Executing VM operation: ParallelGCFailedAllocation
Event: 13.300 Executing VM operation: ParallelGCFailedAllocation done
Event: 13.670 Executing VM operation: HandshakeAllThreads
Event: 13.670 Executing VM operation: HandshakeAllThreads done
Event: 13.681 Executing VM operation: HandshakeAllThreads
Event: 13.682 Executing VM operation: HandshakeAllThreads done
Event: 14.056 Executing VM operation: HandshakeAllThreads
Event: 14.056 Executing VM operation: HandshakeAllThreads done
Event: 14.057 Executing VM operation: HandshakeAllThreads
Event: 14.057 Executing VM operation: HandshakeAllThreads done
Event: 14.200 Executing VM operation: ParallelGCFailedAllocation
Event: 14.203 Executing VM operation: ParallelGCFailedAllocation done

Events (20 events):
Event: 8.659 Thread 0x0000022a48f72d50 flushing nmethod 0x0000022a333f6910
Event: 8.659 Thread 0x0000022a48f72d50 flushing nmethod 0x0000022a333fa910
Event: 8.659 Thread 0x0000022a48f72d50 flushing nmethod 0x0000022a333fbb10
Event: 8.659 Thread 0x0000022a48f72d50 flushing nmethod 0x0000022a333fde10
Event: 8.659 Thread 0x0000022a48f72d50 flushing nmethod 0x0000022a33400d10
Event: 8.659 Thread 0x0000022a48f72d50 flushing nmethod 0x0000022a33408e10
Event: 8.659 Thread 0x0000022a48f72d50 flushing nmethod 0x0000022a3342a310
Event: 8.659 Thread 0x0000022a48f72d50 flushing nmethod 0x0000022a33471210
Event: 8.660 Thread 0x0000022a48f72d50 flushing nmethod 0x0000022a3347cd10
Event: 8.660 Thread 0x0000022a48f72d50 flushing nmethod 0x0000022a33485f10
Event: 8.660 Thread 0x0000022a48f72d50 flushing nmethod 0x0000022a33489890
Event: 8.660 Thread 0x0000022a48f72d50 flushing nmethod 0x0000022a334a2b10
Event: 9.265 Thread 0x0000022a4a344760 Thread added: 0x0000022a4a344760
Event: 9.810 Thread 0x0000022a4aa5af70 Thread exited: 0x0000022a4aa5af70
Event: 10.258 Thread 0x0000022a4aa5aa20 Thread exited: 0x0000022a4aa5aa20
Event: 11.087 Thread 0x0000022a4ac42700 Thread exited: 0x0000022a4ac42700
Event: 12.754 Thread 0x0000022a4aa5aa20 Thread added: 0x0000022a4aa5aa20
Event: 13.578 Thread 0x0000022a4aa5ba10 Thread added: 0x0000022a4aa5ba10
Event: 13.812 Thread 0x0000022a4aa5ba10 Thread exited: 0x0000022a4aa5ba10
Event: 14.168 Thread 0x0000022a4aa5ba10 Thread added: 0x0000022a4aa5ba10


Dynamic libraries:
0x00007ff609b00000 - 0x00007ff609b0e000 	c:\Users\Kiet\.vscode\extensions\redhat.java-1.35.1-win32-x64\jre\17.0.12-win32-x86_64\bin\java.exe
0x00007ffc018b0000 - 0x00007ffc01ac7000 	C:\WINDOWS\SYSTEM32\ntdll.dll
0x00007ffc012a0000 - 0x00007ffc01364000 	C:\WINDOWS\System32\KERNEL32.DLL
0x00007ffbff200000 - 0x00007ffbff5ad000 	C:\WINDOWS\System32\KERNELBASE.dll
0x00007ffbfebd0000 - 0x00007ffbfece1000 	C:\WINDOWS\System32\ucrtbase.dll
0x00007ffbea9e0000 - 0x00007ffbea9fb000 	c:\Users\Kiet\.vscode\extensions\redhat.java-1.35.1-win32-x64\jre\17.0.12-win32-x86_64\bin\VCRUNTIME140.dll
0x00007ffbeb200000 - 0x00007ffbeb217000 	c:\Users\Kiet\.vscode\extensions\redhat.java-1.35.1-win32-x64\jre\17.0.12-win32-x86_64\bin\jli.dll
0x00007ffc00170000 - 0x00007ffc0031e000 	C:\WINDOWS\System32\USER32.dll
0x00007ffbff1d0000 - 0x00007ffbff1f6000 	C:\WINDOWS\System32\win32u.dll
0x00007ffbe7fb0000 - 0x00007ffbe8243000 	C:\WINDOWS\WinSxS\amd64_microsoft.windows.common-controls_6595b64144ccf1df_6.0.22621.3672_none_2713b9d173822955\COMCTL32.dll
0x00007ffc005f0000 - 0x00007ffc00619000 	C:\WINDOWS\System32\GDI32.dll
0x00007ffc010d0000 - 0x00007ffc01177000 	C:\WINDOWS\System32\msvcrt.dll
0x00007ffbfecf0000 - 0x00007ffbfee09000 	C:\WINDOWS\System32\gdi32full.dll
0x00007ffbfef40000 - 0x00007ffbfefda000 	C:\WINDOWS\System32\msvcp_win.dll
0x00007ffc00790000 - 0x00007ffc007c1000 	C:\WINDOWS\System32\IMM32.DLL
0x00007ffbf7b70000 - 0x00007ffbf7b7c000 	c:\Users\Kiet\.vscode\extensions\redhat.java-1.35.1-win32-x64\jre\17.0.12-win32-x86_64\bin\vcruntime140_1.dll
0x00007ffbc2930000 - 0x00007ffbc29bd000 	c:\Users\Kiet\.vscode\extensions\redhat.java-1.35.1-win32-x64\jre\17.0.12-win32-x86_64\bin\msvcp140.dll
0x00007ffb95d70000 - 0x00007ffb969da000 	c:\Users\Kiet\.vscode\extensions\redhat.java-1.35.1-win32-x64\jre\17.0.12-win32-x86_64\bin\server\jvm.dll
0x00007ffc01370000 - 0x00007ffc01422000 	C:\WINDOWS\System32\ADVAPI32.dll
0x00007ffc00380000 - 0x00007ffc00429000 	C:\WINDOWS\System32\sechost.dll
0x00007ffbff5b0000 - 0x00007ffbff5d8000 	C:\WINDOWS\System32\bcrypt.dll
0x00007ffc00dd0000 - 0x00007ffc00ee4000 	C:\WINDOWS\System32\RPCRT4.dll
0x00007ffc00c50000 - 0x00007ffc00cc1000 	C:\WINDOWS\System32\WS2_32.dll
0x00007ffbfeaa0000 - 0x00007ffbfeaed000 	C:\WINDOWS\SYSTEM32\POWRPROF.dll
0x00007ffbfa360000 - 0x00007ffbfa394000 	C:\WINDOWS\SYSTEM32\WINMM.dll
0x00007ffbfa590000 - 0x00007ffbfa59a000 	C:\WINDOWS\SYSTEM32\VERSION.dll
0x00007ffbfea80000 - 0x00007ffbfea93000 	C:\WINDOWS\SYSTEM32\UMPDC.dll
0x00007ffbfdc20000 - 0x00007ffbfdc38000 	C:\WINDOWS\SYSTEM32\kernel.appcore.dll
0x00007ffbebe50000 - 0x00007ffbebe5a000 	c:\Users\Kiet\.vscode\extensions\redhat.java-1.35.1-win32-x64\jre\17.0.12-win32-x86_64\bin\jimage.dll
0x00007ffbfc490000 - 0x00007ffbfc6c2000 	C:\WINDOWS\SYSTEM32\DBGHELP.DLL
0x00007ffc01430000 - 0x00007ffc017be000 	C:\WINDOWS\System32\combase.dll
0x00007ffbff810000 - 0x00007ffbff8e7000 	C:\WINDOWS\System32\OLEAUT32.dll
0x00007ffbe7ee0000 - 0x00007ffbe7f12000 	C:\WINDOWS\SYSTEM32\dbgcore.DLL
0x00007ffbff150000 - 0x00007ffbff1cb000 	C:\WINDOWS\System32\bcryptPrimitives.dll
0x00007ffbf7b80000 - 0x00007ffbf7b8e000 	c:\Users\Kiet\.vscode\extensions\redhat.java-1.35.1-win32-x64\jre\17.0.12-win32-x86_64\bin\instrument.dll
0x00007ffbe71d0000 - 0x00007ffbe71f5000 	c:\Users\Kiet\.vscode\extensions\redhat.java-1.35.1-win32-x64\jre\17.0.12-win32-x86_64\bin\java.dll
0x00007ffbe7f90000 - 0x00007ffbe7fa8000 	c:\Users\Kiet\.vscode\extensions\redhat.java-1.35.1-win32-x64\jre\17.0.12-win32-x86_64\bin\zip.dll
0x00007ffbff8f0000 - 0x00007ffc00157000 	C:\WINDOWS\System32\SHELL32.dll
0x00007ffbfcb50000 - 0x00007ffbfd44f000 	C:\WINDOWS\SYSTEM32\windows.storage.dll
0x00007ffbfca10000 - 0x00007ffbfcb4f000 	C:\WINDOWS\SYSTEM32\wintypes.dll
0x00007ffc00cd0000 - 0x00007ffc00dc9000 	C:\WINDOWS\System32\SHCORE.dll
0x00007ffc01240000 - 0x00007ffc0129e000 	C:\WINDOWS\System32\shlwapi.dll
0x00007ffbfeb00000 - 0x00007ffbfeb27000 	C:\WINDOWS\SYSTEM32\profapi.dll
0x00007ffbe70e0000 - 0x00007ffbe70f9000 	C:\Users\Kiet\.vscode\extensions\redhat.java-1.35.1-win32-x64\jre\17.0.12-win32-x86_64\bin\net.dll
0x00007ffbfab20000 - 0x00007ffbfac56000 	C:\WINDOWS\SYSTEM32\WINHTTP.dll
0x00007ffbfe090000 - 0x00007ffbfe0f9000 	C:\WINDOWS\system32\mswsock.dll
0x00007ffbe4660000 - 0x00007ffbe4676000 	C:\Users\Kiet\.vscode\extensions\redhat.java-1.35.1-win32-x64\jre\17.0.12-win32-x86_64\bin\nio.dll
0x00007ffbe8480000 - 0x00007ffbe8490000 	c:\Users\Kiet\.vscode\extensions\redhat.java-1.35.1-win32-x64\jre\17.0.12-win32-x86_64\bin\verify.dll
0x00007ffbe46f0000 - 0x00007ffbe4735000 	C:\Users\Kiet\AppData\Roaming\Code\User\globalStorage\redhat.java\1.35.1\config_win\org.eclipse.equinox.launcher\org.eclipse.equinox.launcher.win32.win32.x86_64_1.2.1100.v20240722-2106\eclipse_11904.dll
0x00007ffc00440000 - 0x00007ffc005e5000 	C:\WINDOWS\System32\ole32.dll
0x00007ffbfe2e0000 - 0x00007ffbfe2fb000 	C:\WINDOWS\SYSTEM32\CRYPTSP.dll
0x00007ffbfdb80000 - 0x00007ffbfdbb5000 	C:\WINDOWS\system32\rsaenh.dll
0x00007ffbfe180000 - 0x00007ffbfe1a8000 	C:\WINDOWS\SYSTEM32\USERENV.dll
0x00007ffbfe300000 - 0x00007ffbfe30c000 	C:\WINDOWS\SYSTEM32\CRYPTBASE.dll
0x00007ffbfd6b0000 - 0x00007ffbfd6dd000 	C:\WINDOWS\SYSTEM32\IPHLPAPI.DLL
0x00007ffc00780000 - 0x00007ffc00789000 	C:\WINDOWS\System32\NSI.dll
0x00007ffbfab00000 - 0x00007ffbfab19000 	C:\WINDOWS\SYSTEM32\dhcpcsvc6.DLL
0x00007ffbfaa30000 - 0x00007ffbfaa4f000 	C:\WINDOWS\SYSTEM32\dhcpcsvc.DLL
0x00007ffbfd720000 - 0x00007ffbfd818000 	C:\WINDOWS\SYSTEM32\DNSAPI.dll
0x00007ffbd0580000 - 0x00007ffbd05c9000 	C:\Users\Kiet\AppData\Local\Temp\jna-2338477\jna8086915111205095709.dll
0x00007ffc01180000 - 0x00007ffc01188000 	C:\WINDOWS\System32\PSAPI.DLL

dbghelp: loaded successfully - version: 4.0.5 - missing functions: none
symbol engine: initialized successfully - sym options: 0x614 - pdb path: .;c:\Users\Kiet\.vscode\extensions\redhat.java-1.35.1-win32-x64\jre\17.0.12-win32-x86_64\bin;C:\WINDOWS\SYSTEM32;C:\WINDOWS\WinSxS\amd64_microsoft.windows.common-controls_6595b64144ccf1df_6.0.22621.3672_none_2713b9d173822955;c:\Users\Kiet\.vscode\extensions\redhat.java-1.35.1-win32-x64\jre\17.0.12-win32-x86_64\bin\server;C:\Users\Kiet\AppData\Roaming\Code\User\globalStorage\redhat.java\1.35.1\config_win\org.eclipse.equinox.launcher\org.eclipse.equinox.launcher.win32.win32.x86_64_1.2.1100.v20240722-2106;C:\Users\Kiet\AppData\Local\Temp\jna-2338477

VM Arguments:
jvm_args: --add-modules=ALL-SYSTEM --add-opens=java.base/java.util=ALL-UNNAMED --add-opens=java.base/java.lang=ALL-UNNAMED --add-opens=java.base/sun.nio.fs=ALL-UNNAMED -Declipse.application=org.eclipse.jdt.ls.core.id1 -Dosgi.bundles.defaultStartLevel=4 -Declipse.product=org.eclipse.jdt.ls.core.product -Djava.import.generatesMetadataFilesAtProjectRoot=false -DDetectVMInstallationsJob.disabled=true -Dfile.encoding=utf8 -XX:+UseParallelGC -XX:GCTimeRatio=4 -XX:AdaptiveSizePolicyWeight=90 -Dsun.zip.disableMemoryMapping=true -Xmx1G -Xms100m -Xlog:disable -javaagent:c:\Users\Kiet\.vscode\extensions\redhat.java-1.35.1-win32-x64\lombok\lombok-1.18.33.jar -XX:+HeapDumpOnOutOfMemoryError -XX:HeapDumpPath=c:\Users\Kiet\AppData\Roaming\Code\User\workspaceStorage\a71174b1d402feb6f45fdbc2b12219ee\redhat.java -Daether.dependencyCollector.impl=bf 
java_command: c:\Users\Kiet\.vscode\extensions\redhat.java-1.35.1-win32-x64\server\plugins\org.eclipse.equinox.launcher_1.6.900.v20240613-2009.jar -configuration c:\Users\Kiet\AppData\Roaming\Code\User\globalStorage\redhat.java\1.35.1\config_win -data c:\Users\Kiet\AppData\Roaming\Code\User\workspaceStorage\a71174b1d402feb6f45fdbc2b12219ee\redhat.java\jdt_ws --pipe=\\.\pipe\lsp-5061a58c4d916e0e2cf4defda812a48f-sock
java_class_path (initial): c:\Users\Kiet\.vscode\extensions\redhat.java-1.35.1-win32-x64\server\plugins\org.eclipse.equinox.launcher_1.6.900.v20240613-2009.jar
Launcher Type: SUN_STANDARD

[Global flags]
    uintx AdaptiveSizePolicyWeight                 = 90                                        {product} {command line}
     intx CICompilerCount                          = 4                                         {product} {ergonomic}
    uintx GCTimeRatio                              = 4                                         {product} {command line}
     bool HeapDumpOnOutOfMemoryError               = true                                   {manageable} {command line}
    ccstr HeapDumpPath                             = c:\Users\Kiet\AppData\Roaming\Code\User\workspaceStorage\a71174b1d402feb6f45fdbc2b12219ee\redhat.java         {manageable} {command line}
   size_t InitialHeapSize                          = 104857600                                 {product} {command line}
   size_t MaxHeapSize                              = 1073741824                                {product} {command line}
   size_t MaxNewSize                               = 357564416                                 {product} {ergonomic}
   size_t MinHeapDeltaBytes                        = 524288                                    {product} {ergonomic}
   size_t MinHeapSize                              = 104857600                                 {product} {command line}
   size_t NewSize                                  = 34603008                                  {product} {ergonomic}
    uintx NonNMethodCodeHeapSize                   = 5839372                                {pd product} {ergonomic}
    uintx NonProfiledCodeHeapSize                  = 122909434                              {pd product} {ergonomic}
   size_t OldSize                                  = 70254592                                  {product} {ergonomic}
    uintx ProfiledCodeHeapSize                     = 122909434                              {pd product} {ergonomic}
    uintx ReservedCodeCacheSize                    = 251658240                              {pd product} {ergonomic}
     bool SegmentedCodeCache                       = true                                      {product} {ergonomic}
   size_t SoftMaxHeapSize                          = 1073741824                             {manageable} {ergonomic}
     bool UseCompressedClassPointers               = true                           {product lp64_product} {ergonomic}
     bool UseCompressedOops                        = true                           {product lp64_product} {ergonomic}
     bool UseLargePagesIndividualAllocation        = false                                  {pd product} {ergonomic}
     bool UseParallelGC                            = true                                      {product} {command line}

Logging:
Log output configuration:
 #0: stdout all=off uptime,level,tags
 #1: stderr all=off uptime,level,tags

Environment Variables:
JAVA_HOME=C:\Program Files\Java\jdk-22
PATH=C:\Program Files (x86)\Common Files\Oracle\Java\java8path;C:\Program Files (x86)\Common Files\Oracle\Java\javapath;C:\WINDOWS\system32;C:\WINDOWS;C:\WINDOWS\System32\Wbem;C:\WINDOWS\System32\WindowsPowerShell\v1.0\;C:\WINDOWS\System32\OpenSSH\;C:\Program Files\dotnet\;C:\Program Files\Java\jdk-11\bin;C:\Program Files (x86)\Microsoft SQL Server\160\Tools\Binn\;C:\Program Files\Microsoft SQL Server\160\Tools\Binn\;C:\Program Files\Microsoft SQL Server\Client SDK\ODBC\170\Tools\Binn\;C:\Program Files\Microsoft SQL Server\160\DTS\Binn\;C:\Program Files (x86)\Microsoft SQL Server\160\DTS\Binn\;C:\Program Files\Azure Data Studio\bin;C:\Program Files\apache-maven-3.9.6\bin;C:\Program Files\Git\cmd;C:\Program Files\Java\jdk-22\bin;C:\Users\Kiet\AppData\Local\Programs\Python\Python38;C:\Users\Kiet\AppData\Local\Programs\Python\Python38\Scripts;C:\Program Files\CMake\bin;C:\Program Files\PostgreSQL\17\bin;C:\Users\Kiet\anaconda3\Scripts;C:\Program Files\nodejs\;C:\Users\Kiet\AppData\Local\Microsoft\WindowsApps;C:\Users\Kiet\AppData\Local\Programs\Microsoft VS Code\bin;C:\Users\Kiet\.dotnet\tools;C:\Program Files\Azure Data Studio\bin;C:\Users\Kiet\AppData\Roaming\npm
USERNAME=Kiet
OS=Windows_NT
PROCESSOR_IDENTIFIER=Intel64 Family 6 Model 126 Stepping 5, GenuineIntel
TMP=C:\Users\Kiet\AppData\Local\Temp
TEMP=C:\Users\Kiet\AppData\Local\Temp



Periodic native trim disabled


---------------  S Y S T E M  ---------------

OS:
 Windows 11 , 64 bit Build 22621 (10.0.22621.3958)
OS uptime: 0 days 1:49 hours

CPU: total 8 (initial active 8) (4 cores per cpu, 2 threads per core) family 6 model 126 stepping 5 microcode 0xa6, cx8, cmov, fxsr, ht, mmx, 3dnowpref, sse, sse2, sse3, ssse3, sse4.1, sse4.2, popcnt, lzcnt, tsc, tscinvbit, avx, avx2, aes, erms, clmul, bmi1, bmi2, adx, avx512f, avx512dq, avx512cd, avx512bw, avx512vl, sha, fma, vzeroupper, avx512_vpopcntdq, avx512_vpclmulqdq, avx512_vaes, avx512_vnni, clflush, clflushopt, avx512_vbmi2, avx512_vbmi
Processor Information for all 8 processors :
  Max Mhz: 1190, Current Mhz: 991, Mhz Limit: 987

Memory: 4k page, system-wide physical 7987M (749M free)
TotalPageFile size 10035M (AvailPageFile size 12M)
current process WorkingSet (physical memory assigned to process): 203M, peak: 219M
current process commit charge ("private bytes"): 292M, peak: 312M

vm_info: OpenJDK 64-Bit Server VM (17.0.12+7) for windows-amd64 JRE (17.0.12+7), built on Jul 16 2024 22:08:24 by "admin" with MS VC++ 16.10 / 16.11 (VS2019)

END.
