#
# There is insufficient memory for the Java Runtime Environment to continue.
# Native memory allocation (malloc) failed to allocate 32744 bytes. Error detail: Chunk::new
# Possible reasons:
#   The system is out of physical RAM or swap space
#   This process is running with CompressedOops enabled, and the Java Heap may be blocking the growth of the native heap
# Possible solutions:
#   Reduce memory load on the system
#   Increase physical memory or swap space
#   Check if swap backing store is full
#   Decrease Java heap size (-Xmx/-Xms)
#   Decrease number of Java threads
#   Decrease Java thread stack sizes (-Xss)
#   Set larger code cache with -XX:ReservedCodeCacheSize=
#   JVM is running with Unscaled Compressed Oops mode in which the Java heap is
#     placed in the first 4GB address space. The Java Heap base address is the
#     maximum limit for the native heap growth. Please use -XX:HeapBaseMinAddress
#     to set the Java Heap base and to place the Java Heap above 4GB virtual address.
# This output file may be truncated or incomplete.
#
#  Out of Memory Error (arena.cpp:150), pid=5788, tid=16468
#
# JRE version: Java(TM) SE Runtime Environment (22.0.2+9) (build 22.0.2+9-70)
# Java VM: Java HotSpot(TM) 64-Bit Server VM (22.0.2+9-70, mixed mode, sharing, tiered, compressed oops, compressed class ptrs, g1 gc, windows-amd64)
# No core dump will be written. Minidumps are not enabled by default on client versions of Windows
#

---------------  S U M M A R Y ------------

Command Line: -Dclassworlds.conf=C:\Program Files\apache-maven-3.9.6\bin\m2.conf -Dmaven.home=C:\Program Files\apache-maven-3.9.6 -Dlibrary.jansi.path=C:\Program Files\apache-maven-3.9.6\lib\jansi-native -Dmaven.multiModuleProjectDirectory=C:\Users\Kiet\Desktop\spring_boot_ecommerce-b077a4de88005e8f5c08184057d81a74732c988f org.codehaus.plexus.classworlds.launcher.Launcher clean install

Host: Intel(R) Core(TM) i5-1035G1 CPU @ 1.00GHz, 8 cores, 7G,  Windows 11 , 64 bit Build 22621 (10.0.22621.3958)
Time: Fri Oct  4 21:59:30 2024 SE Asia Standard Time elapsed time: 37.944415 seconds (0d 0h 0m 37s)

---------------  T H R E A D  ---------------

Current thread (0x000001f9a97ce990):  JavaThread "C2 CompilerThread0" daemon [_thread_in_native, id=16468, stack(0x00000048eed00000,0x00000048eee00000) (1024K)]


Current CompileTask:
C2:37944 10296       4       org.codehaus.plexus.classworlds.realm.ClassRealm::loadClass (7 bytes)

Stack: [0x00000048eed00000,0x00000048eee00000]
Native frames: (J=compiled Java code, j=interpreted, Vv=VM code, C=native code)
V  [jvm.dll+0x6e26e9]  (no source info available)
V  [jvm.dll+0x875753]  (no source info available)
V  [jvm.dll+0x877b7e]  (no source info available)
V  [jvm.dll+0x878253]  (no source info available)
V  [jvm.dll+0x27fc86]  (no source info available)
V  [jvm.dll+0xc3d0f]  (no source info available)
V  [jvm.dll+0xc3f6b]  (no source info available)
V  [jvm.dll+0x3c0798]  (no source info available)
V  [jvm.dll+0x5ee738]  (no source info available)
V  [jvm.dll+0x5ed816]  (no source info available)
V  [jvm.dll+0x5ee095]  (no source info available)
V  [jvm.dll+0x1df6c4]  (no source info available)
V  [jvm.dll+0x24793c]  (no source info available)
V  [jvm.dll+0x246e9f]  (no source info available)
V  [jvm.dll+0x1c4e80]  (no source info available)
V  [jvm.dll+0x2568f3]  (no source info available)
V  [jvm.dll+0x254baa]  (no source info available)
V  [jvm.dll+0x3f57a6]  (no source info available)
V  [jvm.dll+0x81dc0b]  (no source info available)
V  [jvm.dll+0x6e0d85]  (no source info available)
C  [ucrtbase.dll+0x29333]  (no source info available)
C  [KERNEL32.DLL+0x1257d]  (no source info available)
C  [ntdll.dll+0x5af28]  (no source info available)


---------------  P R O C E S S  ---------------

Threads class SMR info:
_java_thread_list=0x000001f9f208c7e0, length=13, elements={
0x000001f98cfcf920, 0x000001f9a97bbd40, 0x000001f9a97bcd50, 0x000001f9a97c4850,
0x000001f9a97ca2a0, 0x000001f9a97cdf30, 0x000001f9a97c7d70, 0x000001f9a97ce990,
0x000001f9a97d9960, 0x000001f9a9a943d0, 0x000001f9a9a9caa0, 0x000001f9a9bc60e0,
0x000001f9a9bc67b0
}

Java Threads: ( => current thread )
  0x000001f98cfcf920 JavaThread "main"                              [_thread_in_native, id=15284, stack(0x00000048edf00000,0x00000048ee000000) (1024K)]
  0x000001f9a97bbd40 JavaThread "Reference Handler"          daemon [_thread_blocked, id=10364, stack(0x00000048ee700000,0x00000048ee800000) (1024K)]
  0x000001f9a97bcd50 JavaThread "Finalizer"                  daemon [_thread_blocked, id=9944, stack(0x00000048ee800000,0x00000048ee900000) (1024K)]
  0x000001f9a97c4850 JavaThread "Signal Dispatcher"          daemon [_thread_blocked, id=18396, stack(0x00000048ee900000,0x00000048eea00000) (1024K)]
  0x000001f9a97ca2a0 JavaThread "Attach Listener"            daemon [_thread_blocked, id=17892, stack(0x00000048eea00000,0x00000048eeb00000) (1024K)]
  0x000001f9a97cdf30 JavaThread "Service Thread"             daemon [_thread_blocked, id=4892, stack(0x00000048eeb00000,0x00000048eec00000) (1024K)]
  0x000001f9a97c7d70 JavaThread "Monitor Deflation Thread"   daemon [_thread_blocked, id=2176, stack(0x00000048eec00000,0x00000048eed00000) (1024K)]
=>0x000001f9a97ce990 JavaThread "C2 CompilerThread0"         daemon [_thread_in_native, id=16468, stack(0x00000048eed00000,0x00000048eee00000) (1024K)]
  0x000001f9a97d9960 JavaThread "C1 CompilerThread0"         daemon [_thread_blocked, id=14956, stack(0x00000048eee00000,0x00000048eef00000) (1024K)]
  0x000001f9a9a943d0 JavaThread "Notification Thread"        daemon [_thread_blocked, id=7380, stack(0x00000048eef00000,0x00000048ef000000) (1024K)]
  0x000001f9a9a9caa0 JavaThread "Common-Cleaner"             daemon [_thread_blocked, id=13716, stack(0x00000048ef000000,0x00000048ef100000) (1024K)]
  0x000001f9a9bc60e0 JavaThread "C2 CompilerThread1"         daemon [_thread_blocked, id=14264, stack(0x00000048ede00000,0x00000048edf00000) (1024K)]
  0x000001f9a9bc67b0 JavaThread "C2 CompilerThread2"         daemon [_thread_in_native, id=15180, stack(0x00000048ef100000,0x00000048ef200000) (1024K)]
Total: 13

Other Threads:
  0x000001f9a97a2e80 VMThread "VM Thread"                           [id=17464, stack(0x00000048ee600000,0x00000048ee700000) (1024K)]
  0x000001f9a9789500 WatcherThread "VM Periodic Task Thread"        [id=15508, stack(0x00000048ee500000,0x00000048ee600000) (1024K)]
  0x000001f98d024350 WorkerThread "GC Thread#0"                     [id=11912, stack(0x00000048ee000000,0x00000048ee100000) (1024K)]
  0x000001f9efaface0 WorkerThread "GC Thread#1"                     [id=9936, stack(0x00000048ef200000,0x00000048ef300000) (1024K)]
  0x000001f9efafb090 WorkerThread "GC Thread#2"                     [id=11724, stack(0x00000048ef300000,0x00000048ef400000) (1024K)]
  0x000001f9efd03aa0 WorkerThread "GC Thread#3"                     [id=15368, stack(0x00000048ef400000,0x00000048ef500000) (1024K)]
  0x000001f9effbcfd0 WorkerThread "GC Thread#4"                     [id=13672, stack(0x00000048ef500000,0x00000048ef600000) (1024K)]
  0x000001f9effbd380 WorkerThread "GC Thread#5"                     [id=7432, stack(0x00000048ef600000,0x00000048ef700000) (1024K)]
  0x000001f9efaf47b0 WorkerThread "GC Thread#6"                     [id=12168, stack(0x00000048ef700000,0x00000048ef800000) (1024K)]
  0x000001f9eff05eb0 WorkerThread "GC Thread#7"                     [id=8128, stack(0x00000048ef800000,0x00000048ef900000) (1024K)]
  0x000001f98d034d00 ConcurrentGCThread "G1 Main Marker"            [id=15680, stack(0x00000048ee100000,0x00000048ee200000) (1024K)]
  0x000001f98d0359c0 WorkerThread "G1 Conc#0"                       [id=15228, stack(0x00000048ee200000,0x00000048ee300000) (1024K)]
  0x000001f9eff069c0 WorkerThread "G1 Conc#1"                       [id=5932, stack(0x00000048ef900000,0x00000048efa00000) (1024K)]
  0x000001f9a965beb0 ConcurrentGCThread "G1 Refine#0"               [id=15140, stack(0x00000048ee300000,0x00000048ee400000) (1024K)]
  0x000001f9a965c840 ConcurrentGCThread "G1 Service"                [id=16532, stack(0x00000048ee400000,0x00000048ee500000) (1024K)]
Total: 15

Threads with active compile tasks:
C2 CompilerThread0  38006 10296       4       org.codehaus.plexus.classworlds.realm.ClassRealm::loadClass (7 bytes)
C2 CompilerThread2  38006 10297   !   4       org.codehaus.plexus.classworlds.realm.ClassRealm::loadClass (33 bytes)
Total: 2

VM state: not at safepoint (normal execution)

VM Mutex/Monitor currently owned by a thread: None

Heap address: 0x0000000083200000, size: 1998 MB, Compressed Oops mode: 32-bit

CDS archive(s) mapped at: [0x000001f9aa000000-0x000001f9aac60000-0x000001f9aac60000), size 12976128, SharedBaseAddress: 0x000001f9aa000000, ArchiveRelocationMode: 1.
Compressed class space mapped at: 0x000001f9ab000000-0x000001f9eb000000, reserved size: 1073741824
Narrow klass base: 0x000001f9aa000000, Narrow klass shift: 0, Narrow klass range: 0x41000000

GC Precious Log:
 CardTable entry size: 512
 Card Set container configuration: InlinePtr #cards 5 size 8 Array Of Cards #cards 12 size 40 Howl #buckets 4 coarsen threshold 1843 Howl Bitmap #cards 512 size 80 coarsen threshold 460 Card regions per heap region 1 cards per card region 2048
 CPUs: 8 total, 8 available
 Memory: 7987M
 Large Page Support: Disabled
 NUMA Support: Disabled
 Compressed Oops: Enabled (32-bit)
 Heap Region Size: 1M
 Heap Min Capacity: 8M
 Heap Initial Capacity: 126M
 Heap Max Capacity: 1998M
 Pre-touch: Disabled
 Parallel Workers: 8
 Concurrent Workers: 2
 Concurrent Refinement Workers: 8
 Periodic GC: Disabled

Heap:
 garbage-first heap   total reserved 2045952K, committed 183296K, used 130560K [0x0000000083200000, 0x0000000100000000)
  region size 1024K, 51 young (52224K), 4 survivors (4096K)
 Metaspace       used 38368K, committed 39040K, reserved 1114112K
  class space    used 4413K, committed 4736K, reserved 1048576K

Heap Regions: E=young(eden), S=young(survivor), O=old, HS=humongous(starts), HC=humongous(continues), CS=collection set, F=free, TAMS=top-at-mark-start, PB=parsable bottom
|   0|0x0000000083200000, 0x0000000083300000, 0x0000000083300000|100%| O|  |TAMS 0x0000000083200000| PB 0x0000000083200000| Untracked |  0
|   1|0x0000000083300000, 0x0000000083400000, 0x0000000083400000|100%| O|  |TAMS 0x0000000083300000| PB 0x0000000083300000| Untracked |  0
|   2|0x0000000083400000, 0x0000000083500000, 0x0000000083500000|100%| O|  |TAMS 0x0000000083400000| PB 0x0000000083400000| Untracked |  0
|   3|0x0000000083500000, 0x0000000083600000, 0x0000000083600000|100%| O|  |TAMS 0x0000000083500000| PB 0x0000000083500000| Untracked |  0
|   4|0x0000000083600000, 0x0000000083700000, 0x0000000083700000|100%| O|  |TAMS 0x0000000083600000| PB 0x0000000083600000| Untracked |  0
|   5|0x0000000083700000, 0x0000000083800000, 0x0000000083800000|100%| O|  |TAMS 0x0000000083700000| PB 0x0000000083700000| Untracked |  0
|   6|0x0000000083800000, 0x0000000083900000, 0x0000000083900000|100%| O|  |TAMS 0x0000000083800000| PB 0x0000000083800000| Untracked |  0
|   7|0x0000000083900000, 0x0000000083a00000, 0x0000000083a00000|100%| O|  |TAMS 0x0000000083900000| PB 0x0000000083900000| Untracked |  0
|   8|0x0000000083a00000, 0x0000000083b00000, 0x0000000083b00000|100%| O|  |TAMS 0x0000000083a00000| PB 0x0000000083a00000| Untracked |  0
|   9|0x0000000083b00000, 0x0000000083c00000, 0x0000000083c00000|100%| O|  |TAMS 0x0000000083b00000| PB 0x0000000083b00000| Untracked |  0
|  10|0x0000000083c00000, 0x0000000083d00000, 0x0000000083d00000|100%| O|  |TAMS 0x0000000083c00000| PB 0x0000000083c00000| Untracked |  0
|  11|0x0000000083d00000, 0x0000000083e00000, 0x0000000083e00000|100%| O|  |TAMS 0x0000000083d00000| PB 0x0000000083d00000| Untracked |  0
|  12|0x0000000083e00000, 0x0000000083f00000, 0x0000000083f00000|100%| O|  |TAMS 0x0000000083e00000| PB 0x0000000083e00000| Untracked |  0
|  13|0x0000000083f00000, 0x0000000084000000, 0x0000000084000000|100%| O|Cm|TAMS 0x0000000083f00000| PB 0x0000000083f00000| Complete |  0
|  14|0x0000000084000000, 0x0000000084100000, 0x0000000084100000|100%| O|Cm|TAMS 0x0000000084000000| PB 0x0000000084000000| Complete |  0
|  15|0x0000000084100000, 0x0000000084200000, 0x0000000084200000|100%|HS|  |TAMS 0x0000000084100000| PB 0x0000000084100000| Complete |  0
|  16|0x0000000084200000, 0x0000000084200000, 0x0000000084300000|  0%| F|  |TAMS 0x0000000084200000| PB 0x0000000084200000| Untracked |  0
|  17|0x0000000084300000, 0x0000000084400000, 0x0000000084400000|100%|HS|  |TAMS 0x0000000084300000| PB 0x0000000084300000| Complete |  0
|  18|0x0000000084400000, 0x0000000084500000, 0x0000000084500000|100%|HC|  |TAMS 0x0000000084400000| PB 0x0000000084400000| Complete |  0
|  19|0x0000000084500000, 0x0000000084600000, 0x0000000084600000|100%| S|CS|TAMS 0x0000000084500000| PB 0x0000000084500000| Complete |  0
|  20|0x0000000084600000, 0x0000000084700000, 0x0000000084700000|100%|HS|  |TAMS 0x0000000084600000| PB 0x0000000084600000| Complete |  0
|  21|0x0000000084700000, 0x0000000084700000, 0x0000000084800000|  0%| F|  |TAMS 0x0000000084700000| PB 0x0000000084700000| Untracked |  0
|  22|0x0000000084800000, 0x0000000084900000, 0x0000000084900000|100%| O|Cm|TAMS 0x0000000084800000| PB 0x0000000084800000| Complete |  0
|  23|0x0000000084900000, 0x0000000084a00000, 0x0000000084a00000|100%| O|Cm|TAMS 0x0000000084900000| PB 0x0000000084900000| Complete |  0
|  24|0x0000000084a00000, 0x0000000084a00000, 0x0000000084b00000|  0%| F|  |TAMS 0x0000000084a00000| PB 0x0000000084a00000| Untracked |  0
|  25|0x0000000084b00000, 0x0000000084c00000, 0x0000000084c00000|100%| O|Cm|TAMS 0x0000000084b00000| PB 0x0000000084b00000| Complete |  0
|  26|0x0000000084c00000, 0x0000000084d00000, 0x0000000084d00000|100%| O|Cm|TAMS 0x0000000084c00000| PB 0x0000000084c00000| Complete |  0
|  27|0x0000000084d00000, 0x0000000084e00000, 0x0000000084e00000|100%| O|Cm|TAMS 0x0000000084d00000| PB 0x0000000084d00000| Complete |  0
|  28|0x0000000084e00000, 0x0000000084f00000, 0x0000000084f00000|100%| O|  |TAMS 0x0000000084e00000| PB 0x0000000084e00000| Untracked |  0
|  29|0x0000000084f00000, 0x0000000085000000, 0x0000000085000000|100%| O|  |TAMS 0x0000000084f00000| PB 0x0000000084f00000| Untracked |  0
|  30|0x0000000085000000, 0x0000000085100000, 0x0000000085100000|100%| O|Cm|TAMS 0x0000000085000000| PB 0x0000000085000000| Complete |  0
|  31|0x0000000085100000, 0x0000000085200000, 0x0000000085200000|100%| O|Cm|TAMS 0x0000000085100000| PB 0x0000000085100000| Complete |  0
|  32|0x0000000085200000, 0x0000000085300000, 0x0000000085300000|100%| O|Cm|TAMS 0x0000000085200000| PB 0x0000000085200000| Complete |  0
|  33|0x0000000085300000, 0x0000000085400000, 0x0000000085400000|100%|HS|  |TAMS 0x0000000085300000| PB 0x0000000085300000| Complete |  0
|  34|0x0000000085400000, 0x0000000085500000, 0x0000000085500000|100%|HC|  |TAMS 0x0000000085400000| PB 0x0000000085400000| Complete |  0
|  35|0x0000000085500000, 0x0000000085600000, 0x0000000085600000|100%|HS|  |TAMS 0x0000000085500000| PB 0x0000000085500000| Complete |  0
|  36|0x0000000085600000, 0x0000000085700000, 0x0000000085700000|100%| O|Cm|TAMS 0x0000000085600000| PB 0x0000000085600000| Complete |  0
|  37|0x0000000085700000, 0x0000000085800000, 0x0000000085800000|100%| O|Cm|TAMS 0x0000000085700000| PB 0x0000000085700000| Complete |  0
|  38|0x0000000085800000, 0x0000000085900000, 0x0000000085900000|100%| O|Cm|TAMS 0x0000000085800000| PB 0x0000000085800000| Complete |  0
|  39|0x0000000085900000, 0x0000000085a00000, 0x0000000085a00000|100%| O|Cm|TAMS 0x0000000085900000| PB 0x0000000085900000| Complete |  0
|  40|0x0000000085a00000, 0x0000000085b00000, 0x0000000085b00000|100%| O|Cm|TAMS 0x0000000085a00000| PB 0x0000000085a00000| Complete |  0
|  41|0x0000000085b00000, 0x0000000085c00000, 0x0000000085c00000|100%| O|  |TAMS 0x0000000085b00000| PB 0x0000000085b00000| Untracked |  0
|  42|0x0000000085c00000, 0x0000000085d00000, 0x0000000085d00000|100%| O|  |TAMS 0x0000000085c00000| PB 0x0000000085c00000| Untracked |  0
|  43|0x0000000085d00000, 0x0000000085e00000, 0x0000000085e00000|100%| O|  |TAMS 0x0000000085d00000| PB 0x0000000085d00000| Untracked |  0
|  44|0x0000000085e00000, 0x0000000085f00000, 0x0000000085f00000|100%| O|  |TAMS 0x0000000085e00000| PB 0x0000000085e00000| Untracked |  0
|  45|0x0000000085f00000, 0x0000000086000000, 0x0000000086000000|100%| O|  |TAMS 0x0000000085f00000| PB 0x0000000085f00000| Untracked |  0
|  46|0x0000000086000000, 0x0000000086080000, 0x0000000086100000| 50%| O|  |TAMS 0x0000000086000000| PB 0x0000000086000000| Untracked |  0
|  47|0x0000000086100000, 0x0000000086100000, 0x0000000086200000|  0%| F|  |TAMS 0x0000000086100000| PB 0x0000000086100000| Untracked |  0
|  48|0x0000000086200000, 0x0000000086200000, 0x0000000086300000|  0%| F|  |TAMS 0x0000000086200000| PB 0x0000000086200000| Untracked |  0
|  49|0x0000000086300000, 0x0000000086400000, 0x0000000086400000|100%| O|Cm|TAMS 0x0000000086300000| PB 0x0000000086300000| Complete |  0
|  50|0x0000000086400000, 0x0000000086500000, 0x0000000086500000|100%| O|Cm|TAMS 0x0000000086400000| PB 0x0000000086400000| Complete |  0
|  51|0x0000000086500000, 0x0000000086600000, 0x0000000086600000|100%| O|Cm|TAMS 0x0000000086500000| PB 0x0000000086500000| Complete |  0
|  52|0x0000000086600000, 0x0000000086700000, 0x0000000086700000|100%| O|Cm|TAMS 0x0000000086600000| PB 0x0000000086600000| Complete |  0
|  53|0x0000000086700000, 0x0000000086800000, 0x0000000086800000|100%| O|Cm|TAMS 0x0000000086700000| PB 0x0000000086700000| Complete |  0
|  54|0x0000000086800000, 0x0000000086900000, 0x0000000086900000|100%| O|Cm|TAMS 0x0000000086800000| PB 0x0000000086800000| Complete |  0
|  55|0x0000000086900000, 0x0000000086a00000, 0x0000000086a00000|100%| O|  |TAMS 0x0000000086900000| PB 0x0000000086900000| Untracked |  0
|  56|0x0000000086a00000, 0x0000000086b00000, 0x0000000086b00000|100%| O|  |TAMS 0x0000000086a00000| PB 0x0000000086a00000| Untracked |  0
|  57|0x0000000086b00000, 0x0000000086c00000, 0x0000000086c00000|100%| O|  |TAMS 0x0000000086b00000| PB 0x0000000086b00000| Untracked |  0
|  58|0x0000000086c00000, 0x0000000086d00000, 0x0000000086d00000|100%| O|Cm|TAMS 0x0000000086c00000| PB 0x0000000086c00000| Complete |  0
|  59|0x0000000086d00000, 0x0000000086e00000, 0x0000000086e00000|100%| O|  |TAMS 0x0000000086d00000| PB 0x0000000086d00000| Untracked |  0
|  60|0x0000000086e00000, 0x0000000086f00000, 0x0000000086f00000|100%| O|  |TAMS 0x0000000086e00000| PB 0x0000000086e00000| Untracked |  0
|  61|0x0000000086f00000, 0x0000000086f00000, 0x0000000087000000|  0%| F|  |TAMS 0x0000000086f00000| PB 0x0000000086f00000| Untracked |  0
|  62|0x0000000087000000, 0x0000000087000000, 0x0000000087100000|  0%| F|  |TAMS 0x0000000087000000| PB 0x0000000087000000| Untracked |  0
|  63|0x0000000087100000, 0x0000000087100000, 0x0000000087200000|  0%| F|  |TAMS 0x0000000087100000| PB 0x0000000087100000| Untracked |  0
|  64|0x0000000087200000, 0x0000000087200000, 0x0000000087300000|  0%| F|  |TAMS 0x0000000087200000| PB 0x0000000087200000| Untracked |  0
|  65|0x0000000087300000, 0x0000000087300000, 0x0000000087400000|  0%| F|  |TAMS 0x0000000087300000| PB 0x0000000087300000| Untracked |  0
|  66|0x0000000087400000, 0x0000000087400000, 0x0000000087500000|  0%| F|  |TAMS 0x0000000087400000| PB 0x0000000087400000| Untracked |  0
|  67|0x0000000087500000, 0x0000000087500000, 0x0000000087600000|  0%| F|  |TAMS 0x0000000087500000| PB 0x0000000087500000| Untracked |  0
|  68|0x0000000087600000, 0x0000000087600000, 0x0000000087700000|  0%| F|  |TAMS 0x0000000087600000| PB 0x0000000087600000| Untracked |  0
|  69|0x0000000087700000, 0x0000000087700000, 0x0000000087800000|  0%| F|  |TAMS 0x0000000087700000| PB 0x0000000087700000| Untracked |  0
|  70|0x0000000087800000, 0x0000000087800000, 0x0000000087900000|  0%| F|  |TAMS 0x0000000087800000| PB 0x0000000087800000| Untracked |  0
|  71|0x0000000087900000, 0x0000000087900000, 0x0000000087a00000|  0%| F|  |TAMS 0x0000000087900000| PB 0x0000000087900000| Untracked |  0
|  72|0x0000000087a00000, 0x0000000087a00000, 0x0000000087b00000|  0%| F|  |TAMS 0x0000000087a00000| PB 0x0000000087a00000| Untracked |  0
|  73|0x0000000087b00000, 0x0000000087b00000, 0x0000000087c00000|  0%| F|  |TAMS 0x0000000087b00000| PB 0x0000000087b00000| Untracked |  0
|  74|0x0000000087c00000, 0x0000000087c00000, 0x0000000087d00000|  0%| F|  |TAMS 0x0000000087c00000| PB 0x0000000087c00000| Untracked |  0
|  75|0x0000000087d00000, 0x0000000087d00000, 0x0000000087e00000|  0%| F|  |TAMS 0x0000000087d00000| PB 0x0000000087d00000| Untracked |  0
|  76|0x0000000087e00000, 0x0000000087e00000, 0x0000000087f00000|  0%| F|  |TAMS 0x0000000087e00000| PB 0x0000000087e00000| Untracked |  0
|  77|0x0000000087f00000, 0x0000000087f00000, 0x0000000088000000|  0%| F|  |TAMS 0x0000000087f00000| PB 0x0000000087f00000| Untracked |  0
|  78|0x0000000088000000, 0x0000000088000000, 0x0000000088100000|  0%| F|  |TAMS 0x0000000088000000| PB 0x0000000088000000| Untracked |  0
|  79|0x0000000088100000, 0x0000000088100000, 0x0000000088200000|  0%| F|  |TAMS 0x0000000088100000| PB 0x0000000088100000| Untracked |  0
|  80|0x0000000088200000, 0x0000000088200000, 0x0000000088300000|  0%| F|  |TAMS 0x0000000088200000| PB 0x0000000088200000| Untracked |  0
|  81|0x0000000088300000, 0x0000000088300000, 0x0000000088400000|  0%| F|  |TAMS 0x0000000088300000| PB 0x0000000088300000| Untracked |  0
|  82|0x0000000088400000, 0x0000000088400000, 0x0000000088500000|  0%| F|  |TAMS 0x0000000088400000| PB 0x0000000088400000| Untracked |  0
|  83|0x0000000088500000, 0x0000000088500000, 0x0000000088600000|  0%| F|  |TAMS 0x0000000088500000| PB 0x0000000088500000| Untracked |  0
|  84|0x0000000088600000, 0x0000000088600000, 0x0000000088700000|  0%| F|  |TAMS 0x0000000088600000| PB 0x0000000088600000| Untracked |  0
|  85|0x0000000088700000, 0x0000000088700000, 0x0000000088800000|  0%| F|  |TAMS 0x0000000088700000| PB 0x0000000088700000| Untracked |  0
|  86|0x0000000088800000, 0x0000000088800000, 0x0000000088900000|  0%| F|  |TAMS 0x0000000088800000| PB 0x0000000088800000| Untracked |  0
|  87|0x0000000088900000, 0x0000000088900000, 0x0000000088a00000|  0%| F|  |TAMS 0x0000000088900000| PB 0x0000000088900000| Untracked |  0
|  88|0x0000000088a00000, 0x0000000088a00000, 0x0000000088b00000|  0%| F|  |TAMS 0x0000000088a00000| PB 0x0000000088a00000| Untracked |  0
|  89|0x0000000088b00000, 0x0000000088b00000, 0x0000000088c00000|  0%| F|  |TAMS 0x0000000088b00000| PB 0x0000000088b00000| Untracked |  0
|  90|0x0000000088c00000, 0x0000000088c00000, 0x0000000088d00000|  0%| F|  |TAMS 0x0000000088c00000| PB 0x0000000088c00000| Untracked |  0
|  91|0x0000000088d00000, 0x0000000088d00000, 0x0000000088e00000|  0%| F|  |TAMS 0x0000000088d00000| PB 0x0000000088d00000| Untracked |  0
|  92|0x0000000088e00000, 0x0000000088e00000, 0x0000000088f00000|  0%| F|  |TAMS 0x0000000088e00000| PB 0x0000000088e00000| Untracked |  0
|  93|0x0000000088f00000, 0x0000000088f00000, 0x0000000089000000|  0%| F|  |TAMS 0x0000000088f00000| PB 0x0000000088f00000| Untracked |  0
|  94|0x0000000089000000, 0x0000000089000000, 0x0000000089100000|  0%| F|  |TAMS 0x0000000089000000| PB 0x0000000089000000| Untracked |  0
|  95|0x0000000089100000, 0x0000000089100000, 0x0000000089200000|  0%| F|  |TAMS 0x0000000089100000| PB 0x0000000089100000| Untracked |  0
|  96|0x0000000089200000, 0x0000000089200000, 0x0000000089300000|  0%| F|  |TAMS 0x0000000089200000| PB 0x0000000089200000| Untracked |  0
|  97|0x0000000089300000, 0x0000000089300000, 0x0000000089400000|  0%| F|  |TAMS 0x0000000089300000| PB 0x0000000089300000| Untracked |  0
|  98|0x0000000089400000, 0x0000000089400000, 0x0000000089500000|  0%| F|  |TAMS 0x0000000089400000| PB 0x0000000089400000| Untracked |  0
|  99|0x0000000089500000, 0x0000000089500000, 0x0000000089600000|  0%| F|  |TAMS 0x0000000089500000| PB 0x0000000089500000| Untracked |  0
| 100|0x0000000089600000, 0x0000000089600000, 0x0000000089700000|  0%| F|  |TAMS 0x0000000089600000| PB 0x0000000089600000| Untracked |  0
| 101|0x0000000089700000, 0x0000000089700000, 0x0000000089800000|  0%| F|  |TAMS 0x0000000089700000| PB 0x0000000089700000| Untracked |  0
| 102|0x0000000089800000, 0x0000000089800000, 0x0000000089900000|  0%| F|  |TAMS 0x0000000089800000| PB 0x0000000089800000| Untracked |  0
| 103|0x0000000089900000, 0x0000000089900000, 0x0000000089a00000|  0%| F|  |TAMS 0x0000000089900000| PB 0x0000000089900000| Untracked |  0
| 104|0x0000000089a00000, 0x0000000089a00000, 0x0000000089b00000|  0%| F|  |TAMS 0x0000000089a00000| PB 0x0000000089a00000| Untracked |  0
| 105|0x0000000089b00000, 0x0000000089b00000, 0x0000000089c00000|  0%| F|  |TAMS 0x0000000089b00000| PB 0x0000000089b00000| Untracked |  0
| 106|0x0000000089c00000, 0x0000000089c88010, 0x0000000089d00000| 53%| E|  |TAMS 0x0000000089c00000| PB 0x0000000089c00000| Complete |  1
| 107|0x0000000089d00000, 0x0000000089e00000, 0x0000000089e00000|100%| E|CS|TAMS 0x0000000089d00000| PB 0x0000000089d00000| Complete |  0
| 108|0x0000000089e00000, 0x0000000089f00000, 0x0000000089f00000|100%| E|CS|TAMS 0x0000000089e00000| PB 0x0000000089e00000| Complete |  0
| 109|0x0000000089f00000, 0x000000008a000000, 0x000000008a000000|100%| E|CS|TAMS 0x0000000089f00000| PB 0x0000000089f00000| Complete |  0
| 110|0x000000008a000000, 0x000000008a100000, 0x000000008a100000|100%| E|CS|TAMS 0x000000008a000000| PB 0x000000008a000000| Complete |  0
| 111|0x000000008a100000, 0x000000008a200000, 0x000000008a200000|100%| E|CS|TAMS 0x000000008a100000| PB 0x000000008a100000| Complete |  0
| 112|0x000000008a200000, 0x000000008a300000, 0x000000008a300000|100%| E|CS|TAMS 0x000000008a200000| PB 0x000000008a200000| Complete |  0
| 113|0x000000008a300000, 0x000000008a400000, 0x000000008a400000|100%| E|CS|TAMS 0x000000008a300000| PB 0x000000008a300000| Complete |  0
| 114|0x000000008a400000, 0x000000008a500000, 0x000000008a500000|100%| E|CS|TAMS 0x000000008a400000| PB 0x000000008a400000| Complete |  0
| 115|0x000000008a500000, 0x000000008a600000, 0x000000008a600000|100%| E|CS|TAMS 0x000000008a500000| PB 0x000000008a500000| Complete |  0
| 116|0x000000008a600000, 0x000000008a700000, 0x000000008a700000|100%| E|CS|TAMS 0x000000008a600000| PB 0x000000008a600000| Complete |  0
| 117|0x000000008a700000, 0x000000008a800000, 0x000000008a800000|100%| E|CS|TAMS 0x000000008a700000| PB 0x000000008a700000| Complete |  0
| 118|0x000000008a800000, 0x000000008a900000, 0x000000008a900000|100%| E|CS|TAMS 0x000000008a800000| PB 0x000000008a800000| Complete |  0
| 119|0x000000008a900000, 0x000000008aa00000, 0x000000008aa00000|100%| E|CS|TAMS 0x000000008a900000| PB 0x000000008a900000| Complete |  0
| 120|0x000000008aa00000, 0x000000008ab00000, 0x000000008ab00000|100%| E|CS|TAMS 0x000000008aa00000| PB 0x000000008aa00000| Complete |  0
| 121|0x000000008ab00000, 0x000000008ac00000, 0x000000008ac00000|100%| E|CS|TAMS 0x000000008ab00000| PB 0x000000008ab00000| Complete |  0
| 122|0x000000008ac00000, 0x000000008ad00000, 0x000000008ad00000|100%| E|CS|TAMS 0x000000008ac00000| PB 0x000000008ac00000| Complete |  0
| 123|0x000000008ad00000, 0x000000008ae00000, 0x000000008ae00000|100%| E|CS|TAMS 0x000000008ad00000| PB 0x000000008ad00000| Complete |  0
| 124|0x000000008ae00000, 0x000000008af00000, 0x000000008af00000|100%| E|CS|TAMS 0x000000008ae00000| PB 0x000000008ae00000| Complete |  0
| 125|0x000000008af00000, 0x000000008b000000, 0x000000008b000000|100%| E|CS|TAMS 0x000000008af00000| PB 0x000000008af00000| Complete |  0
| 126|0x000000008b000000, 0x000000008b100000, 0x000000008b100000|100%| E|CS|TAMS 0x000000008b000000| PB 0x000000008b000000| Complete |  0
| 127|0x000000008b100000, 0x000000008b200000, 0x000000008b200000|100%| E|CS|TAMS 0x000000008b100000| PB 0x000000008b100000| Complete |  0
| 128|0x000000008b200000, 0x000000008b300000, 0x000000008b300000|100%| E|CS|TAMS 0x000000008b200000| PB 0x000000008b200000| Complete |  0
| 129|0x000000008b300000, 0x000000008b400000, 0x000000008b400000|100%| E|CS|TAMS 0x000000008b300000| PB 0x000000008b300000| Complete |  0
| 130|0x000000008b400000, 0x000000008b500000, 0x000000008b500000|100%| E|CS|TAMS 0x000000008b400000| PB 0x000000008b400000| Complete |  0
| 131|0x000000008b500000, 0x000000008b600000, 0x000000008b600000|100%| E|CS|TAMS 0x000000008b500000| PB 0x000000008b500000| Complete |  0
| 132|0x000000008b600000, 0x000000008b700000, 0x000000008b700000|100%| E|CS|TAMS 0x000000008b600000| PB 0x000000008b600000| Complete |  0
| 133|0x000000008b700000, 0x000000008b800000, 0x000000008b800000|100%| E|CS|TAMS 0x000000008b700000| PB 0x000000008b700000| Complete |  0
| 134|0x000000008b800000, 0x000000008b900000, 0x000000008b900000|100%| E|CS|TAMS 0x000000008b800000| PB 0x000000008b800000| Complete |  0
| 135|0x000000008b900000, 0x000000008ba00000, 0x000000008ba00000|100%| E|CS|TAMS 0x000000008b900000| PB 0x000000008b900000| Complete |  0
| 136|0x000000008ba00000, 0x000000008bb00000, 0x000000008bb00000|100%| E|CS|TAMS 0x000000008ba00000| PB 0x000000008ba00000| Complete |  0
| 137|0x000000008bb00000, 0x000000008bc00000, 0x000000008bc00000|100%| E|CS|TAMS 0x000000008bb00000| PB 0x000000008bb00000| Complete |  0
| 138|0x000000008bc00000, 0x000000008bd00000, 0x000000008bd00000|100%| E|CS|TAMS 0x000000008bc00000| PB 0x000000008bc00000| Complete |  0
| 139|0x000000008bd00000, 0x000000008be00000, 0x000000008be00000|100%| E|CS|TAMS 0x000000008bd00000| PB 0x000000008bd00000| Complete |  0
| 140|0x000000008be00000, 0x000000008bf00000, 0x000000008bf00000|100%| E|CS|TAMS 0x000000008be00000| PB 0x000000008be00000| Complete |  0
| 141|0x000000008bf00000, 0x000000008c000000, 0x000000008c000000|100%| E|CS|TAMS 0x000000008bf00000| PB 0x000000008bf00000| Complete |  0
| 142|0x000000008c000000, 0x000000008c100000, 0x000000008c100000|100%| E|CS|TAMS 0x000000008c000000| PB 0x000000008c000000| Complete |  0
| 143|0x000000008c100000, 0x000000008c200000, 0x000000008c200000|100%| E|CS|TAMS 0x000000008c100000| PB 0x000000008c100000| Complete |  0
| 144|0x000000008c200000, 0x000000008c300000, 0x000000008c300000|100%| E|CS|TAMS 0x000000008c200000| PB 0x000000008c200000| Complete |  0
| 145|0x000000008c300000, 0x000000008c400000, 0x000000008c400000|100%| E|CS|TAMS 0x000000008c300000| PB 0x000000008c300000| Complete |  0
| 146|0x000000008c400000, 0x000000008c500000, 0x000000008c500000|100%| E|CS|TAMS 0x000000008c400000| PB 0x000000008c400000| Complete |  0
| 147|0x000000008c500000, 0x000000008c600000, 0x000000008c600000|100%| E|CS|TAMS 0x000000008c500000| PB 0x000000008c500000| Complete |  0
| 148|0x000000008c600000, 0x000000008c700000, 0x000000008c700000|100%| E|CS|TAMS 0x000000008c600000| PB 0x000000008c600000| Complete |  0
| 149|0x000000008c700000, 0x000000008c800000, 0x000000008c800000|100%| E|CS|TAMS 0x000000008c700000| PB 0x000000008c700000| Complete |  0
| 150|0x000000008c800000, 0x000000008c900000, 0x000000008c900000|100%| E|CS|TAMS 0x000000008c800000| PB 0x000000008c800000| Complete |  0
| 151|0x000000008c900000, 0x000000008ca00000, 0x000000008ca00000|100%| E|CS|TAMS 0x000000008c900000| PB 0x000000008c900000| Complete |  0
| 152|0x000000008ca00000, 0x000000008cb00000, 0x000000008cb00000|100%| S|CS|TAMS 0x000000008ca00000| PB 0x000000008ca00000| Complete |  0
| 153|0x000000008cb00000, 0x000000008cc00000, 0x000000008cc00000|100%| S|CS|TAMS 0x000000008cb00000| PB 0x000000008cb00000| Complete |  0
| 154|0x000000008cc00000, 0x000000008cd00000, 0x000000008cd00000|100%| S|CS|TAMS 0x000000008cc00000| PB 0x000000008cc00000| Complete |  0
|1974|0x00000000fe800000, 0x00000000fe900000, 0x00000000fe900000|100%| O|  |TAMS 0x00000000fe800000| PB 0x00000000fe800000| Untracked |  0
|1975|0x00000000fe900000, 0x00000000fea00000, 0x00000000fea00000|100%| O|  |TAMS 0x00000000fe900000| PB 0x00000000fe900000| Untracked |  0
|1976|0x00000000fea00000, 0x00000000feb00000, 0x00000000feb00000|100%| O|  |TAMS 0x00000000fea00000| PB 0x00000000fea00000| Untracked |  0
|1977|0x00000000feb00000, 0x00000000fec00000, 0x00000000fec00000|100%| O|  |TAMS 0x00000000feb00000| PB 0x00000000feb00000| Untracked |  0
|1978|0x00000000fec00000, 0x00000000fed00000, 0x00000000fed00000|100%| O|Cm|TAMS 0x00000000fec00000| PB 0x00000000fec00000| Complete |  0
|1979|0x00000000fed00000, 0x00000000fee00000, 0x00000000fee00000|100%| O|Cm|TAMS 0x00000000fed00000| PB 0x00000000fed00000| Complete |  0
|1980|0x00000000fee00000, 0x00000000fef00000, 0x00000000fef00000|100%| O|Cm|TAMS 0x00000000fee00000| PB 0x00000000fee00000| Complete |  0
|1981|0x00000000fef00000, 0x00000000ff000000, 0x00000000ff000000|100%| O|Cm|TAMS 0x00000000fef00000| PB 0x00000000fef00000| Complete |  0
|1982|0x00000000ff000000, 0x00000000ff100000, 0x00000000ff100000|100%| O|Cm|TAMS 0x00000000ff000000| PB 0x00000000ff000000| Complete |  0
|1983|0x00000000ff100000, 0x00000000ff200000, 0x00000000ff200000|100%| O|Cm|TAMS 0x00000000ff100000| PB 0x00000000ff100000| Complete |  0
|1984|0x00000000ff200000, 0x00000000ff300000, 0x00000000ff300000|100%| O|  |TAMS 0x00000000ff200000| PB 0x00000000ff200000| Untracked |  0
|1985|0x00000000ff300000, 0x00000000ff400000, 0x00000000ff400000|100%| O|  |TAMS 0x00000000ff300000| PB 0x00000000ff300000| Untracked |  0
|1986|0x00000000ff400000, 0x00000000ff500000, 0x00000000ff500000|100%| O|  |TAMS 0x00000000ff400000| PB 0x00000000ff400000| Untracked |  0
|1987|0x00000000ff500000, 0x00000000ff600000, 0x00000000ff600000|100%| O|  |TAMS 0x00000000ff500000| PB 0x00000000ff500000| Untracked |  0
|1988|0x00000000ff600000, 0x00000000ff700000, 0x00000000ff700000|100%| O|  |TAMS 0x00000000ff600000| PB 0x00000000ff600000| Untracked |  0
|1989|0x00000000ff700000, 0x00000000ff800000, 0x00000000ff800000|100%| O|Cm|TAMS 0x00000000ff700000| PB 0x00000000ff700000| Complete |  0
|1990|0x00000000ff800000, 0x00000000ff900000, 0x00000000ff900000|100%| O|  |TAMS 0x00000000ff800000| PB 0x00000000ff800000| Untracked |  0
|1991|0x00000000ff900000, 0x00000000ffa00000, 0x00000000ffa00000|100%| O|  |TAMS 0x00000000ff900000| PB 0x00000000ff900000| Untracked |  0
|1992|0x00000000ffa00000, 0x00000000ffb00000, 0x00000000ffb00000|100%| O|  |TAMS 0x00000000ffa00000| PB 0x00000000ffa00000| Untracked |  0
|1993|0x00000000ffb00000, 0x00000000ffc00000, 0x00000000ffc00000|100%| O|  |TAMS 0x00000000ffb00000| PB 0x00000000ffb00000| Untracked |  0
|1994|0x00000000ffc00000, 0x00000000ffd00000, 0x00000000ffd00000|100%| O|Cm|TAMS 0x00000000ffc00000| PB 0x00000000ffc00000| Complete |  0
|1995|0x00000000ffd00000, 0x00000000ffe00000, 0x00000000ffe00000|100%| E|CS|TAMS 0x00000000ffd00000| PB 0x00000000ffd00000| Complete |  0
|1996|0x00000000ffe00000, 0x00000000fff00000, 0x00000000fff00000|100%| O|  |TAMS 0x00000000ffe00000| PB 0x00000000ffe00000| Untracked |  0
|1997|0x00000000fff00000, 0x0000000100000000, 0x0000000100000000|100%| O|  |TAMS 0x00000000fff00000| PB 0x00000000fff00000| Untracked |  0

Card table byte_map: [0x000001f9a4a40000,0x000001f9a4e30000] _byte_map_base: 0x000001f9a4627000

Marking Bits: (CMBitMap*) 0x000001f98d024a60
 Bits: [0x000001f9a4e30000, 0x000001f9a6d68000)

Polling page: 0x000001f98af80000

Metaspace:

Usage:
  Non-class:     33.16 MB used.
      Class:      4.31 MB used.
       Both:     37.47 MB used.

Virtual space:
  Non-class space:       64.00 MB reserved,      33.50 MB ( 52%) committed,  1 nodes.
      Class space:        1.00 GB reserved,       4.62 MB ( <1%) committed,  1 nodes.
             Both:        1.06 GB reserved,      38.12 MB (  4%) committed. 

Chunk freelists:
   Non-Class:  14.48 MB
       Class:  11.42 MB
        Both:  25.91 MB

MaxMetaspaceSize: unlimited
CompressedClassSpaceSize: 1.00 GB
Initial GC threshold: 21.00 MB
Current GC threshold: 55.88 MB
CDS: on
 - commit_granule_bytes: 65536.
 - commit_granule_words: 8192.
 - virtual_space_node_default_size: 8388608.
 - enlarge_chunks_in_place: 1.
 - use_allocation_guard: 0.


Internal statistics:

num_allocs_failed_limit: 3.
num_arena_births: 598.
num_arena_deaths: 4.
num_vsnodes_births: 2.
num_vsnodes_deaths: 0.
num_space_committed: 625.
num_space_uncommitted: 9.
num_chunks_returned_to_freelist: 93.
num_chunks_taken_from_freelist: 2100.
num_chunk_merges: 19.
num_chunk_splits: 1452.
num_chunks_enlarged: 1114.
num_inconsistent_stats: 0.

CodeHeap 'non-profiled nmethods': size=120000Kb used=5632Kb max_used=5632Kb free=114367Kb
 bounds [0x000001f99cdf0000, 0x000001f99d380000, 0x000001f9a4320000]
CodeHeap 'profiled nmethods': size=120000Kb used=20045Kb max_used=20801Kb free=99954Kb
 bounds [0x000001f995320000, 0x000001f996780000, 0x000001f99c850000]
CodeHeap 'non-nmethods': size=5760Kb used=1737Kb max_used=1868Kb free=4022Kb
 bounds [0x000001f99c850000, 0x000001f99cac0000, 0x000001f99cdf0000]
 total_blobs=9970 nmethods=9348 adapters=523
 compilation: enabled
              stopped_count=0, restarted_count=0
 full_count=0

Compilation events (20 events):
Event: 37.126 Thread 0x000001f9a97d9960 10430       3       org.apache.commons.compress.archivers.zip.ZipArchiveOutputStream::putArchiveEntry (7 bytes)
Event: 37.126 Thread 0x000001f9a97d9960 nmethod 10430 0x000001f995de8510 code [0x000001f995de86c0, 0x000001f995de8800]
Event: 37.158 Thread 0x000001f9a97d9960 10431       3       org.apache.commons.compress.archivers.zip.ZipArchiveOutputStream::closeArchiveEntry (85 bytes)
Event: 37.159 Thread 0x000001f9a97d9960 nmethod 10431 0x000001f99627f590 code [0x000001f99627f820, 0x000001f9962806d8]
Event: 37.159 Thread 0x000001f9a97d9960 10432       3       org.apache.commons.compress.archivers.zip.ZipArchiveOutputStream::preClose (54 bytes)
Event: 37.159 Thread 0x000001f9a97d9960 nmethod 10432 0x000001f99627ee10 code [0x000001f99627efe0, 0x000001f99627f400]
Event: 37.159 Thread 0x000001f9a97d9960 10433       3       org.apache.commons.compress.archivers.zip.StreamCompressor::getCrc32 (8 bytes)
Event: 37.160 Thread 0x000001f9a97d9960 nmethod 10433 0x000001f99627e990 code [0x000001f99627eb20, 0x000001f99627ed28]
Event: 37.170 Thread 0x000001f9a97d9960 10434       3       org.apache.commons.compress.archivers.zip.ZipArchiveOutputStream::flush (15 bytes)
Event: 37.171 Thread 0x000001f9a97d9960 nmethod 10434 0x000001f99627e510 code [0x000001f99627e6c0, 0x000001f99627e8c8]
Event: 37.171 Thread 0x000001f9a97d9960 10435       3       org.springframework.boot.loader.tools.AbstractJarWriter$InputStreamEntryWriter::write (34 bytes)
Event: 37.171 Thread 0x000001f9a97d9960 nmethod 10435 0x000001f99627dd10 code [0x000001f99627dee0, 0x000001f99627e3a8]
Event: 37.192 Thread 0x000001f9a97d9960 10436       3       org.springframework.boot.loader.tools.AbstractJarWriter::writeParentDirectoryEntries (81 bytes)
Event: 37.195 Thread 0x000001f9a97d9960 nmethod 10436 0x000001f995373e90 code [0x000001f9953742e0, 0x000001f995375ed0]
Event: 37.333 Thread 0x000001f9a9bc60e0 10437   !   4       jdk.internal.misc.Blocker::begin (97 bytes)
Event: 37.335 Thread 0x000001f9a9bc60e0 nmethod 10437 0x000001f99d36eb10 code [0x000001f99d36eca0, 0x000001f99d36ed68]
Event: 37.765 Thread 0x000001f9a9bc60e0 10438   !   4       java.io.FileOutputStream::write (47 bytes)
Event: 37.766 Thread 0x000001f9a9bc60e0 nmethod 10438 0x000001f99d36ee90 code [0x000001f99d36f020, 0x000001f99d36f188]
Event: 37.897 Thread 0x000001f9a9bc60e0 10439       4       org.apache.commons.compress.archivers.zip.StreamCompressor::deflate (33 bytes)
Event: 37.906 Thread 0x000001f9a9bc60e0 nmethod 10439 0x000001f99d36f390 code [0x000001f99d36f560, 0x000001f99d36f7e8]

GC Heap History (20 events):
Event: 2.559 GC heap before
{Heap before GC invocations=2 (full 0):
 garbage-first heap   total reserved 2045952K, committed 129024K, used 79827K [0x0000000083200000, 0x0000000100000000)
  region size 1024K, 75 young (76800K), 3 survivors (3072K)
 Metaspace       used 15838K, committed 16064K, reserved 1114112K
  class space    used 1868K, committed 1984K, reserved 1048576K
}
Event: 2.570 GC heap after
{Heap after GC invocations=3 (full 0):
 garbage-first heap   total reserved 2045952K, committed 129024K, used 14257K [0x0000000083200000, 0x0000000100000000)
  region size 1024K, 10 young (10240K), 10 survivors (10240K)
 Metaspace       used 15838K, committed 16064K, reserved 1114112K
  class space    used 1868K, committed 1984K, reserved 1048576K
}
Event: 3.418 GC heap before
{Heap before GC invocations=3 (full 0):
 garbage-first heap   total reserved 2045952K, committed 129024K, used 80817K [0x0000000083200000, 0x0000000100000000)
  region size 1024K, 75 young (76800K), 10 survivors (10240K)
 Metaspace       used 16920K, committed 17152K, reserved 1114112K
  class space    used 1950K, committed 2048K, reserved 1048576K
}
Event: 3.431 GC heap after
{Heap after GC invocations=4 (full 0):
 garbage-first heap   total reserved 2045952K, committed 129024K, used 19225K [0x0000000083200000, 0x0000000100000000)
  region size 1024K, 6 young (6144K), 6 survivors (6144K)
 Metaspace       used 16920K, committed 17152K, reserved 1114112K
  class space    used 1950K, committed 2048K, reserved 1048576K
}
Event: 6.891 GC heap before
{Heap before GC invocations=4 (full 0):
 garbage-first heap   total reserved 2045952K, committed 129024K, used 90905K [0x0000000083200000, 0x0000000100000000)
  region size 1024K, 72 young (73728K), 6 survivors (6144K)
 Metaspace       used 21139K, committed 21504K, reserved 1114112K
  class space    used 2398K, committed 2560K, reserved 1048576K
}
Event: 6.901 GC heap after
{Heap after GC invocations=5 (full 0):
 garbage-first heap   total reserved 2045952K, committed 129024K, used 29696K [0x0000000083200000, 0x0000000100000000)
  region size 1024K, 10 young (10240K), 10 survivors (10240K)
 Metaspace       used 21139K, committed 21504K, reserved 1114112K
  class space    used 2398K, committed 2560K, reserved 1048576K
}
Event: 7.906 GC heap before
{Heap before GC invocations=6 (full 0):
 garbage-first heap   total reserved 2045952K, committed 99328K, used 98304K [0x0000000083200000, 0x0000000100000000)
  region size 1024K, 75 young (76800K), 10 survivors (10240K)
 Metaspace       used 27352K, committed 27776K, reserved 1114112K
  class space    used 3126K, committed 3328K, reserved 1048576K
}
Event: 7.933 GC heap after
{Heap after GC invocations=7 (full 0):
 garbage-first heap   total reserved 2045952K, committed 130048K, used 52736K [0x0000000083200000, 0x0000000100000000)
  region size 1024K, 10 young (10240K), 10 survivors (10240K)
 Metaspace       used 27352K, committed 27776K, reserved 1114112K
  class space    used 3126K, committed 3328K, reserved 1048576K
}
Event: 9.218 GC heap before
{Heap before GC invocations=7 (full 0):
 garbage-first heap   total reserved 2045952K, committed 130048K, used 103936K [0x0000000083200000, 0x0000000100000000)
  region size 1024K, 61 young (62464K), 10 survivors (10240K)
 Metaspace       used 29867K, committed 30400K, reserved 1114112K
  class space    used 3422K, committed 3648K, reserved 1048576K
}
Event: 9.234 GC heap after
{Heap after GC invocations=8 (full 0):
 garbage-first heap   total reserved 2045952K, committed 130048K, used 56320K [0x0000000083200000, 0x0000000100000000)
  region size 1024K, 3 young (3072K), 3 survivors (3072K)
 Metaspace       used 29867K, committed 30400K, reserved 1114112K
  class space    used 3422K, committed 3648K, reserved 1048576K
}
Event: 9.756 GC heap before
{Heap before GC invocations=8 (full 0):
 garbage-first heap   total reserved 2045952K, committed 130048K, used 108544K [0x0000000083200000, 0x0000000100000000)
  region size 1024K, 54 young (55296K), 3 survivors (3072K)
 Metaspace       used 30291K, committed 30784K, reserved 1114112K
  class space    used 3433K, committed 3648K, reserved 1048576K
}
Event: 9.765 GC heap after
{Heap after GC invocations=9 (full 0):
 garbage-first heap   total reserved 2045952K, committed 130048K, used 56588K [0x0000000083200000, 0x0000000100000000)
  region size 1024K, 4 young (4096K), 4 survivors (4096K)
 Metaspace       used 30291K, committed 30784K, reserved 1114112K
  class space    used 3433K, committed 3648K, reserved 1048576K
}
Event: 11.076 GC heap before
{Heap before GC invocations=9 (full 0):
 garbage-first heap   total reserved 2045952K, committed 130048K, used 114956K [0x0000000083200000, 0x0000000100000000)
  region size 1024K, 57 young (58368K), 4 survivors (4096K)
 Metaspace       used 32310K, committed 32896K, reserved 1114112K
  class space    used 3691K, committed 3968K, reserved 1048576K
}
Event: 11.087 GC heap after
{Heap after GC invocations=10 (full 0):
 garbage-first heap   total reserved 2045952K, committed 159744K, used 72704K [0x0000000083200000, 0x0000000100000000)
  region size 1024K, 8 young (8192K), 8 survivors (8192K)
 Metaspace       used 32310K, committed 32896K, reserved 1114112K
  class space    used 3691K, committed 3968K, reserved 1048576K
}
Event: 11.836 GC heap before
{Heap before GC invocations=10 (full 0):
 garbage-first heap   total reserved 2045952K, committed 159744K, used 130048K [0x0000000083200000, 0x0000000100000000)
  region size 1024K, 65 young (66560K), 8 survivors (8192K)
 Metaspace       used 32879K, committed 33408K, reserved 1114112K
  class space    used 3762K, committed 4032K, reserved 1048576K
}
Event: 11.855 GC heap after
{Heap after GC invocations=11 (full 0):
 garbage-first heap   total reserved 2045952K, committed 159744K, used 87552K [0x0000000083200000, 0x0000000100000000)
  region size 1024K, 9 young (9216K), 9 survivors (9216K)
 Metaspace       used 32879K, committed 33408K, reserved 1114112K
  class space    used 3762K, committed 4032K, reserved 1048576K
}
Event: 12.857 GC heap before
{Heap before GC invocations=11 (full 0):
 garbage-first heap   total reserved 2045952K, committed 159744K, used 132608K [0x0000000083200000, 0x0000000100000000)
  region size 1024K, 53 young (54272K), 9 survivors (9216K)
 Metaspace       used 34449K, committed 35008K, reserved 1114112K
  class space    used 3916K, committed 4224K, reserved 1048576K
}
Event: 12.861 GC heap after
{Heap after GC invocations=12 (full 0):
 garbage-first heap   total reserved 2045952K, committed 159744K, used 85997K [0x0000000083200000, 0x0000000100000000)
  region size 1024K, 3 young (3072K), 3 survivors (3072K)
 Metaspace       used 34449K, committed 35008K, reserved 1114112K
  class space    used 3916K, committed 4224K, reserved 1048576K
}
Event: 35.413 GC heap before
{Heap before GC invocations=13 (full 0):
 garbage-first heap   total reserved 2045952K, committed 180224K, used 178157K [0x0000000083200000, 0x0000000100000000)
  region size 1024K, 51 young (52224K), 3 survivors (3072K)
 Metaspace       used 36930K, committed 37504K, reserved 1114112K
  class space    used 4232K, committed 4480K, reserved 1048576K
}
Event: 35.418 GC heap after
{Heap after GC invocations=14 (full 0):
 garbage-first heap   total reserved 2045952K, committed 183296K, used 82432K [0x0000000083200000, 0x0000000100000000)
  region size 1024K, 4 young (4096K), 4 survivors (4096K)
 Metaspace       used 36930K, committed 37504K, reserved 1114112K
  class space    used 4232K, committed 4480K, reserved 1048576K
}

Dll operation events (8 events):
Event: 0.007 Loaded shared library C:\Program Files\Java\jdk-22\bin\java.dll
Event: 0.032 Loaded shared library C:\Program Files\Java\jdk-22\bin\jsvml.dll
Event: 0.046 Loaded shared library C:\Program Files\Java\jdk-22\bin\net.dll
Event: 0.048 Loaded shared library C:\Program Files\Java\jdk-22\bin\nio.dll
Event: 0.051 Loaded shared library C:\Program Files\Java\jdk-22\bin\zip.dll
Event: 0.212 Loaded shared library C:\Program Files\Java\jdk-22\bin\jimage.dll
Event: 0.222 Loaded shared library C:\Program Files\apache-maven-3.9.6\lib\jansi-native\Windows\x86_64\jansi.dll
Event: 0.234 Loaded shared library C:\Program Files\Java\jdk-22\bin\verify.dll

Deoptimization events (20 events):
Event: 36.141 Thread 0x000001f98cfcf920 Uncommon trap: trap_request=0xffffff45 fr.pc=0x000001f99d310ee8 relative=0x00000000000013c8
Event: 36.141 Thread 0x000001f98cfcf920 Uncommon trap: reason=unstable_if action=reinterpret pc=0x000001f99d310ee8 method=java.util.zip.ZipInputStream.read([BII)I @ 22 c2
Event: 36.141 Thread 0x000001f98cfcf920 DEOPT PACKING pc=0x000001f99d310ee8 sp=0x00000048edffda90
Event: 36.142 Thread 0x000001f98cfcf920 DEOPT UNPACKING pc=0x000001f99c8a7da2 sp=0x00000048edffdaa0 mode 2
Event: 36.142 Thread 0x000001f98cfcf920 Uncommon trap: trap_request=0xffffffc6 fr.pc=0x000001f99d20102c relative=0x000000000000136c
Event: 36.142 Thread 0x000001f98cfcf920 Uncommon trap: reason=bimorphic_or_optimized_type_check action=maybe_recompile pc=0x000001f99d20102c method=java.io.FilterInputStream.read([BII)I @ 7 c2
Event: 36.142 Thread 0x000001f98cfcf920 DEOPT PACKING pc=0x000001f99d20102c sp=0x00000048edffd870
Event: 36.142 Thread 0x000001f98cfcf920 DEOPT UNPACKING pc=0x000001f99c8a7da2 sp=0x00000048edffd8b8 mode 2
Event: 36.204 Thread 0x000001f98cfcf920 Uncommon trap: trap_request=0xffffff45 fr.pc=0x000001f99d13bf48 relative=0x00000000000001a8
Event: 36.205 Thread 0x000001f98cfcf920 Uncommon trap: reason=unstable_if action=reinterpret pc=0x000001f99d13bf48 method=java.util.Arrays.equals([B[B)Z @ 34 c2
Event: 36.205 Thread 0x000001f98cfcf920 DEOPT PACKING pc=0x000001f99d13bf48 sp=0x00000048edffdc60
Event: 36.205 Thread 0x000001f98cfcf920 DEOPT UNPACKING pc=0x000001f99c8a7da2 sp=0x00000048edffdc28 mode 2
Event: 36.205 Thread 0x000001f98cfcf920 Uncommon trap: trap_request=0xffffff45 fr.pc=0x000001f99d0a3ee0 relative=0x0000000000000320
Event: 36.205 Thread 0x000001f98cfcf920 Uncommon trap: reason=unstable_if action=reinterpret pc=0x000001f99d0a3ee0 method=java.util.zip.Inflater.inflate([BII)I @ 31 c2
Event: 36.205 Thread 0x000001f98cfcf920 DEOPT PACKING pc=0x000001f99d0a3ee0 sp=0x00000048edffdbf0
Event: 36.205 Thread 0x000001f98cfcf920 DEOPT UNPACKING pc=0x000001f99c8a7da2 sp=0x00000048edffdb60 mode 2
Event: 36.207 Thread 0x000001f98cfcf920 Uncommon trap: trap_request=0xffffff45 fr.pc=0x000001f99d149554 relative=0x0000000000000134
Event: 36.207 Thread 0x000001f98cfcf920 Uncommon trap: reason=unstable_if action=reinterpret pc=0x000001f99d149554 method=java.util.concurrent.TimeUnit.toMillis(J)J @ 18 c2
Event: 36.207 Thread 0x000001f98cfcf920 DEOPT PACKING pc=0x000001f99d149554 sp=0x00000048edffdb90
Event: 36.207 Thread 0x000001f98cfcf920 DEOPT UNPACKING pc=0x000001f99c8a7da2 sp=0x00000048edffdaf8 mode 2

Classes loaded (20 events):
Event: 35.904 Loading class javax/management/JMException done
Event: 35.904 Loading class javax/management/ReflectionException done
Event: 35.904 Loading class javax/management/MBeanServerConnection
Event: 35.906 Loading class javax/management/MBeanServerConnection done
Event: 35.910 Loading class javax/management/InstanceNotFoundException
Event: 35.910 Loading class javax/management/OperationsException
Event: 35.910 Loading class javax/management/OperationsException done
Event: 35.911 Loading class javax/management/InstanceNotFoundException done
Event: 36.040 Loading class java/net/HttpURLConnection
Event: 36.041 Loading class java/net/HttpURLConnection done
Event: 36.043 Loading class java/util/stream/DistinctOps
Event: 36.043 Loading class java/util/stream/DistinctOps done
Event: 36.043 Loading class java/util/stream/DistinctOps$1
Event: 36.043 Loading class java/util/stream/DistinctOps$1 done
Event: 36.046 Loading class java/util/stream/DistinctOps$1$2
Event: 36.046 Loading class java/util/stream/DistinctOps$1$2 done
Event: 36.057 Loading class java/util/jar/JarInputStream
Event: 36.058 Loading class java/util/jar/JarInputStream done
Event: 36.093 Loading class sun/security/util/ManifestEntryVerifier
Event: 36.093 Loading class sun/security/util/ManifestEntryVerifier done

Classes unloaded (20 events):
Event: 12.894 Thread 0x000001f9a97a2e80 Unloading class 0x000001f9ab34a7e8 'lombok/javac/apt/MessagerDiagnosticsReceiver'
Event: 12.894 Thread 0x000001f9a97a2e80 Unloading class 0x000001f9ab34a420 'lombok/javac/apt/InterceptingJavaFileManager'
Event: 12.894 Thread 0x000001f9a97a2e80 Unloading class 0x000001f9ab34a218 'lombok/permit/dummy/Parent'
Event: 12.894 Thread 0x000001f9a97a2e80 Unloading class 0x000001f9ab34a000 'lombok/core/CleanupRegistry'
Event: 12.894 Thread 0x000001f9a97a2e80 Unloading class 0x000001f9ab349de8 'lombok/permit/Permit$Fake'
Event: 12.894 Thread 0x000001f9a97a2e80 Unloading class 0x000001f9ab349be8 'lombok/permit/Permit'
Event: 12.894 Thread 0x000001f9a97a2e80 Unloading class 0x000001f9ab3498f8 'lombok/javac/apt/LombokProcessor$1'
Event: 12.894 Thread 0x000001f9a97a2e80 Unloading class 0x000001f9ab349700 'lombok/core/DiagnosticsReceiver'
Event: 12.894 Thread 0x000001f9a97a2e80 Unloading class 0x000001f9ab349468 'lombok/javac/apt/LombokProcessor'
Event: 12.894 Thread 0x000001f9a97a2e80 Unloading class 0x000001f9ab349238 'lombok/core/AnnotationProcessor$EcjDescriptor'
Event: 12.894 Thread 0x000001f9a97a2e80 Unloading class 0x000001f9ab349000 'lombok/core/AnnotationProcessor$JavacDescriptor'
Event: 12.894 Thread 0x000001f9a97a2e80 Unloading class 0x000001f9ab348a80 'lombok/core/AnnotationProcessor$ProcessorDescriptor'
Event: 12.894 Thread 0x000001f9a97a2e80 Unloading class 0x000001f9ab348800 'lombok/core/AnnotationProcessor'
Event: 12.894 Thread 0x000001f9a97a2e80 Unloading class 0x000001f9ab395000 'lombok/launch/AnnotationProcessorHider$ClaimingProcessor'
Event: 12.894 Thread 0x000001f9a97a2e80 Unloading class 0x000001f9ab348498 'lombok/launch/AnnotationProcessorHider$AstModificationNotifierData'
Event: 12.894 Thread 0x000001f9a97a2e80 Unloading class 0x000001f9ab348218 'lombok/launch/ClassFileMetaData'
Event: 12.894 Thread 0x000001f9a97a2e80 Unloading class 0x000001f9ab348000 'lombok/launch/PackageShader'
Event: 12.894 Thread 0x000001f9a97a2e80 Unloading class 0x000001f9ab320480 'lombok/launch/ShadowClassLoader'
Event: 12.894 Thread 0x000001f9a97a2e80 Unloading class 0x000001f9ab320280 'lombok/launch/Main'
Event: 12.894 Thread 0x000001f9a97a2e80 Unloading class 0x000001f9ab320000 'lombok/launch/AnnotationProcessorHider$AnnotationProcessor'

Classes redefined (0 events):
No events

Internal exceptions (20 events):
Event: 21.765 Thread 0x000001f9f34d7c40 Implicit null exception at 0x000001f99d2953f7 to 0x000001f99d2955f0
Event: 21.854 Thread 0x000001f98cfcf920 Exception <a 'sun/nio/fs/WindowsException'{0x000000008a86b4f8}> (0x000000008a86b4f8) 
thrown [s\open\src\hotspot\share\prims\jni.cpp, line 520]
Event: 33.924 Thread 0x000001f98cfcf920 Exception <a 'sun/nio/fs/WindowsException'{0x000000008a3de170}> (0x000000008a3de170) 
thrown [s\open\src\hotspot\share\prims\jni.cpp, line 520]
Event: 33.927 Thread 0x000001f98cfcf920 Exception <a 'sun/nio/fs/WindowsException'{0x000000008a3e0d80}> (0x000000008a3e0d80) 
thrown [s\open\src\hotspot\share\prims\jni.cpp, line 520]
Event: 33.929 Thread 0x000001f98cfcf920 Exception <a 'sun/nio/fs/WindowsException'{0x000000008a3e22f0}> (0x000000008a3e22f0) 
thrown [s\open\src\hotspot\share\prims\jni.cpp, line 520]
Event: 33.933 Thread 0x000001f98cfcf920 Exception <a 'sun/nio/fs/WindowsException'{0x000000008a3e3860}> (0x000000008a3e3860) 
thrown [s\open\src\hotspot\share\prims\jni.cpp, line 520]
Event: 33.937 Thread 0x000001f98cfcf920 Exception <a 'sun/nio/fs/WindowsException'{0x000000008a3e6490}> (0x000000008a3e6490) 
thrown [s\open\src\hotspot\share\prims\jni.cpp, line 520]
Event: 33.938 Thread 0x000001f98cfcf920 Exception <a 'sun/nio/fs/WindowsException'{0x000000008a3e7b50}> (0x000000008a3e7b50) 
thrown [s\open\src\hotspot\share\prims\jni.cpp, line 520]
Event: 33.940 Thread 0x000001f98cfcf920 Exception <a 'sun/nio/fs/WindowsException'{0x000000008a3e9298}> (0x000000008a3e9298) 
thrown [s\open\src\hotspot\share\prims\jni.cpp, line 520]
Event: 33.984 Thread 0x000001f98cfcf920 Exception <a 'sun/nio/fs/WindowsException'{0x000000008a3ea9e0}> (0x000000008a3ea9e0) 
thrown [s\open\src\hotspot\share\prims\jni.cpp, line 520]
Event: 33.986 Thread 0x000001f98cfcf920 Exception <a 'sun/nio/fs/WindowsException'{0x000000008a3ec158}> (0x000000008a3ec158) 
thrown [s\open\src\hotspot\share\prims\jni.cpp, line 520]
Event: 33.989 Thread 0x000001f98cfcf920 Exception <a 'sun/nio/fs/WindowsException'{0x000000008a3ed828}> (0x000000008a3ed828) 
thrown [s\open\src\hotspot\share\prims\jni.cpp, line 520]
Event: 33.999 Thread 0x000001f98cfcf920 Exception <a 'sun/nio/fs/WindowsException'{0x000000008a3eeff0}> (0x000000008a3eeff0) 
thrown [s\open\src\hotspot\share\prims\jni.cpp, line 520]
Event: 34.000 Thread 0x000001f98cfcf920 Exception <a 'sun/nio/fs/WindowsException'{0x000000008a3f0748}> (0x000000008a3f0748) 
thrown [s\open\src\hotspot\share\prims\jni.cpp, line 520]
Event: 34.002 Thread 0x000001f98cfcf920 Exception <a 'sun/nio/fs/WindowsException'{0x000000008a3f2060}> (0x000000008a3f2060) 
thrown [s\open\src\hotspot\share\prims\jni.cpp, line 520]
Event: 34.733 Thread 0x000001f98cfcf920 Exception <a 'java/lang/NoSuchMethodError'{0x0000000088d1dd70}: 'void java.lang.invoke.DirectMethodHandle$Holder.invokeStaticInit(java.lang.Object, java.lang.Object)'> (0x0000000088d1dd70) 
thrown [s\open\src\hotspot\share\interpreter\linkResolver.cpp, line 774]
Event: 34.744 Thread 0x000001f9f34d8960 Implicit null exception at 0x000001f99d05a41c to 0x000001f99d05a4e0
Event: 35.919 Thread 0x000001f98cfcf920 Exception <a 'java/lang/NoClassDefFoundError'{0x000000008b8dae58}: org/codehaus/plexus/util/io/CachingOutputStream> (0x000000008b8dae58) 
thrown [s\open\src\hotspot\share\classfile\systemDictionary.cpp, line 302]
Event: 36.022 Thread 0x000001f98cfcf920 Exception <a 'java/lang/NoSuchMethodError'{0x000000008ad4dc68}: 'void java.lang.invoke.DirectMethodHandle$Holder.invokeStatic(java.lang.Object, java.lang.Object, java.lang.Object, java.lang.Object)'> (0x000000008ad4dc68) 
thrown [s\open\src\hotspot\share\interpreter\linkResolver.cpp, line 774]
Event: 36.141 Thread 0x000001f98cfcf920 Implicit null exception at 0x000001f99d30fbbd to 0x000001f99d310ed8

ZGC Phase Switch (0 events):
No events

VM Operations (20 events):
Event: 22.269 Executing VM operation: Cleanup
Event: 22.269 Executing VM operation: Cleanup done
Event: 33.918 Executing VM operation: HandshakeAllThreads (Deoptimize)
Event: 33.918 Executing VM operation: HandshakeAllThreads (Deoptimize) done
Event: 33.918 Executing VM operation: Cleanup
Event: 33.918 Executing VM operation: Cleanup done
Event: 34.302 Executing VM operation: HandshakeAllThreads (Deoptimize)
Event: 34.302 Executing VM operation: HandshakeAllThreads (Deoptimize) done
Event: 34.325 Executing VM operation: HandshakeAllThreads (Deoptimize)
Event: 34.325 Executing VM operation: HandshakeAllThreads (Deoptimize) done
Event: 34.470 Executing VM operation: HandshakeAllThreads (Deoptimize)
Event: 34.470 Executing VM operation: HandshakeAllThreads (Deoptimize) done
Event: 35.413 Executing VM operation: G1CollectForAllocation (G1 Evacuation Pause)
Event: 35.418 Executing VM operation: G1CollectForAllocation (G1 Evacuation Pause) done
Event: 36.045 Executing VM operation: HandshakeAllThreads (Deoptimize)
Event: 36.045 Executing VM operation: HandshakeAllThreads (Deoptimize) done
Event: 36.060 Executing VM operation: HandshakeAllThreads (Deoptimize)
Event: 36.060 Executing VM operation: HandshakeAllThreads (Deoptimize) done
Event: 37.061 Executing VM operation: Cleanup
Event: 37.062 Executing VM operation: Cleanup done

Memory protections (0 events):
No events

Nmethod flushes (20 events):
Event: 12.907 Thread 0x000001f9a97a2e80 flushing  nmethod 0x000001f996289710
Event: 12.907 Thread 0x000001f9a97a2e80 flushing  nmethod 0x000001f9962a4090
Event: 12.907 Thread 0x000001f9a97a2e80 flushing  nmethod 0x000001f9962a5190
Event: 12.907 Thread 0x000001f9a97a2e80 flushing  nmethod 0x000001f9962ad410
Event: 12.907 Thread 0x000001f9a97a2e80 flushing  nmethod 0x000001f9962af890
Event: 12.907 Thread 0x000001f9a97a2e80 flushing  nmethod 0x000001f9962b0b10
Event: 12.907 Thread 0x000001f9a97a2e80 flushing  nmethod 0x000001f9962bce10
Event: 12.907 Thread 0x000001f9a97a2e80 flushing  nmethod 0x000001f9962bf010
Event: 12.907 Thread 0x000001f9a97a2e80 flushing  nmethod 0x000001f9962bfc10
Event: 12.907 Thread 0x000001f9a97a2e80 flushing  nmethod 0x000001f9962c6510
Event: 12.907 Thread 0x000001f9a97a2e80 flushing  nmethod 0x000001f9962d0510
Event: 12.907 Thread 0x000001f9a97a2e80 flushing  nmethod 0x000001f9962f0010
Event: 12.907 Thread 0x000001f9a97a2e80 flushing  nmethod 0x000001f9962f1010
Event: 12.907 Thread 0x000001f9a97a2e80 flushing  nmethod 0x000001f9962f1e90
Event: 12.907 Thread 0x000001f9a97a2e80 flushing  nmethod 0x000001f9962f2510
Event: 12.907 Thread 0x000001f9a97a2e80 flushing  nmethod 0x000001f996334310
Event: 12.907 Thread 0x000001f9a97a2e80 flushing  nmethod 0x000001f99633e110
Event: 12.907 Thread 0x000001f9a97a2e80 flushing  nmethod 0x000001f996366e90
Event: 12.907 Thread 0x000001f9a97a2e80 flushing  nmethod 0x000001f996368910
Event: 12.907 Thread 0x000001f9a97a2e80 flushing  nmethod 0x000001f996372d90

Events (20 events):
Event: 33.911 Thread 0x000001f98cfcf920 Thread added: 0x000001f9f34d8960
Event: 33.911 Thread 0x000001f9f34d8960 Thread exited: 0x000001f9f34d8960
Event: 34.078 Thread 0x000001f9a97d9960 Thread added: 0x000001f9a9bc60e0
Event: 34.186 Thread 0x000001f9a97d9960 Thread added: 0x000001f9a9bc67b0
Event: 34.744 Thread 0x000001f98cfcf920 Thread added: 0x000001f9f34d8960
Event: 34.744 Thread 0x000001f98cfcf920 Thread added: 0x000001f9f34d82d0
Event: 34.744 Thread 0x000001f98cfcf920 Thread added: 0x000001f9f34d75b0
Event: 34.744 Thread 0x000001f98cfcf920 Thread added: 0x000001f9f34d8ff0
Event: 34.744 Thread 0x000001f98cfcf920 Thread added: 0x000001f9f34d6890
Event: 34.745 Thread 0x000001f98cfcf920 Thread added: 0x000001f9f34d6200
Event: 34.745 Thread 0x000001f98cfcf920 Thread added: 0x000001f9f34d7c40
Event: 34.745 Thread 0x000001f98cfcf920 Thread added: 0x000001f9f374d060
Event: 35.289 Thread 0x000001f9f374d060 Thread exited: 0x000001f9f374d060
Event: 35.289 Thread 0x000001f9f34d8ff0 Thread exited: 0x000001f9f34d8ff0
Event: 35.289 Thread 0x000001f9f34d6200 Thread exited: 0x000001f9f34d6200
Event: 35.289 Thread 0x000001f9f34d6890 Thread exited: 0x000001f9f34d6890
Event: 35.289 Thread 0x000001f9f34d7c40 Thread exited: 0x000001f9f34d7c40
Event: 35.289 Thread 0x000001f9f34d82d0 Thread exited: 0x000001f9f34d82d0
Event: 35.289 Thread 0x000001f9f34d8960 Thread exited: 0x000001f9f34d8960
Event: 35.290 Thread 0x000001f9f34d75b0 Thread exited: 0x000001f9f34d75b0


Dynamic libraries:
0x00007ff7a6350000 - 0x00007ff7a6360000 	C:\Program Files\Java\jdk-22\bin\java.exe
0x00007ffe1be50000 - 0x00007ffe1c067000 	C:\WINDOWS\SYSTEM32\ntdll.dll
0x00007ffe1ad50000 - 0x00007ffe1ae14000 	C:\WINDOWS\System32\KERNEL32.DLL
0x00007ffe192a0000 - 0x00007ffe1964d000 	C:\WINDOWS\System32\KERNELBASE.dll
0x00007ffe19720000 - 0x00007ffe19831000 	C:\WINDOWS\System32\ucrtbase.dll
0x00007ffe08b20000 - 0x00007ffe08b3b000 	C:\Program Files\Java\jdk-22\bin\VCRUNTIME140.dll
0x00007ffe05e70000 - 0x00007ffe05e87000 	C:\Program Files\Java\jdk-22\bin\jli.dll
0x00007ffe1b190000 - 0x00007ffe1b33e000 	C:\WINDOWS\System32\USER32.dll
0x00007ffe19650000 - 0x00007ffe19676000 	C:\WINDOWS\System32\win32u.dll
0x00007ffe1a8f0000 - 0x00007ffe1a919000 	C:\WINDOWS\System32\GDI32.dll
0x00007ffe198c0000 - 0x00007ffe199d9000 	C:\WINDOWS\System32\gdi32full.dll
0x00007ffe039f0000 - 0x00007ffe03c83000 	C:\WINDOWS\WinSxS\amd64_microsoft.windows.common-controls_6595b64144ccf1df_6.0.22621.3672_none_2713b9d173822955\COMCTL32.dll
0x00007ffe19680000 - 0x00007ffe1971a000 	C:\WINDOWS\System32\msvcp_win.dll
0x00007ffe1afa0000 - 0x00007ffe1b047000 	C:\WINDOWS\System32\msvcrt.dll
0x00007ffe1b050000 - 0x00007ffe1b081000 	C:\WINDOWS\System32\IMM32.DLL
0x00007ffe13fd0000 - 0x00007ffe13fdc000 	C:\Program Files\Java\jdk-22\bin\vcruntime140_1.dll
0x00007ffdd5f20000 - 0x00007ffdd5fae000 	C:\Program Files\Java\jdk-22\bin\msvcp140.dll
0x00007ffdc3150000 - 0x00007ffdc3e99000 	C:\Program Files\Java\jdk-22\bin\server\jvm.dll
0x00007ffe1b880000 - 0x00007ffe1b932000 	C:\WINDOWS\System32\ADVAPI32.dll
0x00007ffe1bd60000 - 0x00007ffe1be09000 	C:\WINDOWS\System32\sechost.dll
0x00007ffe19b50000 - 0x00007ffe19b78000 	C:\WINDOWS\System32\bcrypt.dll
0x00007ffe1ae80000 - 0x00007ffe1af94000 	C:\WINDOWS\System32\RPCRT4.dll
0x00007ffe1acd0000 - 0x00007ffe1ad41000 	C:\WINDOWS\System32\WS2_32.dll
0x00007ffe19040000 - 0x00007ffe1908d000 	C:\WINDOWS\SYSTEM32\POWRPROF.dll
0x00007ffe148c0000 - 0x00007ffe148f4000 	C:\WINDOWS\SYSTEM32\WINMM.dll
0x00007ffe14af0000 - 0x00007ffe14afa000 	C:\WINDOWS\SYSTEM32\VERSION.dll
0x00007ffe19020000 - 0x00007ffe19033000 	C:\WINDOWS\SYSTEM32\UMPDC.dll
0x00007ffe18160000 - 0x00007ffe18178000 	C:\WINDOWS\SYSTEM32\kernel.appcore.dll
0x00007ffe07bd0000 - 0x00007ffe07bda000 	C:\Program Files\Java\jdk-22\bin\jimage.dll
0x00007ffe16a60000 - 0x00007ffe16c92000 	C:\WINDOWS\SYSTEM32\DBGHELP.DLL
0x00007ffe1b9c0000 - 0x00007ffe1bd4e000 	C:\WINDOWS\System32\combase.dll
0x00007ffe1a660000 - 0x00007ffe1a737000 	C:\WINDOWS\System32\OLEAUT32.dll
0x00007ffe03300000 - 0x00007ffe03332000 	C:\WINDOWS\SYSTEM32\dbgcore.DLL
0x00007ffe19840000 - 0x00007ffe198bb000 	C:\WINDOWS\System32\bcryptPrimitives.dll
0x00007ffe00ec0000 - 0x00007ffe00ede000 	C:\Program Files\Java\jdk-22\bin\java.dll
0x00007ffe19d40000 - 0x00007ffe1a5a7000 	C:\WINDOWS\System32\SHELL32.dll
0x00007ffe1a740000 - 0x00007ffe1a8e5000 	C:\WINDOWS\System32\ole32.dll
0x00007ffe170f0000 - 0x00007ffe179ef000 	C:\WINDOWS\SYSTEM32\windows.storage.dll
0x00007ffe16fb0000 - 0x00007ffe170ef000 	C:\WINDOWS\SYSTEM32\wintypes.dll
0x00007ffe1aa00000 - 0x00007ffe1aaf9000 	C:\WINDOWS\System32\SHCORE.dll
0x00007ffe1b940000 - 0x00007ffe1b99e000 	C:\WINDOWS\System32\shlwapi.dll
0x00007ffe190a0000 - 0x00007ffe190c7000 	C:\WINDOWS\SYSTEM32\profapi.dll
0x00007ffdd1910000 - 0x00007ffdd19e7000 	C:\Program Files\Java\jdk-22\bin\jsvml.dll
0x00007ffe05810000 - 0x00007ffe05820000 	C:\Program Files\Java\jdk-22\bin\net.dll
0x00007ffe18630000 - 0x00007ffe18699000 	C:\WINDOWS\system32\mswsock.dll
0x00007ffdf3a00000 - 0x00007ffdf3a16000 	C:\Program Files\Java\jdk-22\bin\nio.dll
0x00007ffdf39e0000 - 0x00007ffdf39f7000 	C:\Program Files\Java\jdk-22\bin\zip.dll
0x0000000069ac0000 - 0x0000000069ae4000 	C:\Program Files\apache-maven-3.9.6\lib\jansi-native\Windows\x86_64\jansi.dll
0x00007ffe02840000 - 0x00007ffe02850000 	C:\Program Files\Java\jdk-22\bin\verify.dll
0x00007ffe182d0000 - 0x00007ffe18304000 	C:\WINDOWS\SYSTEM32\ntmarta.dll
0x00007ffe18880000 - 0x00007ffe1889b000 	C:\WINDOWS\SYSTEM32\CRYPTSP.dll
0x00007ffe18120000 - 0x00007ffe18155000 	C:\WINDOWS\system32\rsaenh.dll
0x00007ffe18720000 - 0x00007ffe18748000 	C:\WINDOWS\SYSTEM32\USERENV.dll
0x00007ffe188a0000 - 0x00007ffe188ac000 	C:\WINDOWS\SYSTEM32\CRYPTBASE.dll
0x00007ffe17c50000 - 0x00007ffe17c7d000 	C:\WINDOWS\SYSTEM32\IPHLPAPI.DLL
0x00007ffe1b850000 - 0x00007ffe1b859000 	C:\WINDOWS\System32\NSI.dll

dbghelp: loaded successfully - version: 4.0.5 - missing functions: none
symbol engine: initialized successfully - sym options: 0x614 - pdb path: .;C:\Program Files\Java\jdk-22\bin;C:\WINDOWS\SYSTEM32;C:\WINDOWS\WinSxS\amd64_microsoft.windows.common-controls_6595b64144ccf1df_6.0.22621.3672_none_2713b9d173822955;C:\Program Files\Java\jdk-22\bin\server;C:\Program Files\apache-maven-3.9.6\lib\jansi-native\Windows\x86_64

VM Arguments:
jvm_args: -Dclassworlds.conf=C:\Program Files\apache-maven-3.9.6\bin\m2.conf -Dmaven.home=C:\Program Files\apache-maven-3.9.6 -Dlibrary.jansi.path=C:\Program Files\apache-maven-3.9.6\lib\jansi-native -Dmaven.multiModuleProjectDirectory=C:\Users\Kiet\Desktop\spring_boot_ecommerce-b077a4de88005e8f5c08184057d81a74732c988f 
java_command: org.codehaus.plexus.classworlds.launcher.Launcher clean install
java_class_path (initial): C:\Program Files\apache-maven-3.9.6\boot\plexus-classworlds-2.7.0.jar
Launcher Type: SUN_STANDARD

[Global flags]
     intx CICompilerCount                          = 4                                         {product} {ergonomic}
     uint ConcGCThreads                            = 2                                         {product} {ergonomic}
     uint G1ConcRefinementThreads                  = 8                                         {product} {ergonomic}
   size_t G1HeapRegionSize                         = 1048576                                   {product} {ergonomic}
   size_t InitialHeapSize                          = 132120576                                 {product} {ergonomic}
   size_t MarkStackSize                            = 4194304                                   {product} {ergonomic}
   size_t MaxHeapSize                              = 2095054848                                {product} {ergonomic}
   size_t MaxNewSize                               = 1256194048                                {product} {ergonomic}
   size_t MinHeapDeltaBytes                        = 1048576                                   {product} {ergonomic}
   size_t MinHeapSize                              = 8388608                                   {product} {ergonomic}
    uintx NonNMethodCodeHeapSize                   = 5839372                                {pd product} {ergonomic}
    uintx NonProfiledCodeHeapSize                  = 122909434                              {pd product} {ergonomic}
    uintx ProfiledCodeHeapSize                     = 122909434                              {pd product} {ergonomic}
    uintx ReservedCodeCacheSize                    = 251658240                              {pd product} {ergonomic}
     bool SegmentedCodeCache                       = true                                      {product} {ergonomic}
   size_t SoftMaxHeapSize                          = 2095054848                             {manageable} {ergonomic}
     bool UseCompressedOops                        = true                           {product lp64_product} {ergonomic}
     bool UseG1GC                                  = true                                      {product} {ergonomic}
     bool UseLargePagesIndividualAllocation        = false                                  {pd product} {ergonomic}

Logging:
Log output configuration:
 #0: stdout all=warning uptime,level,tags foldmultilines=false
 #1: stderr all=off uptime,level,tags foldmultilines=false

Environment Variables:
JAVA_HOME=C:\Program Files\Java\jdk-22
PATH=C:\Program Files (x86)\Common Files\Oracle\Java\java8path;C:\Program Files (x86)\Common Files\Oracle\Java\javapath;C:\WINDOWS\system32;C:\WINDOWS;C:\WINDOWS\System32\Wbem;C:\WINDOWS\System32\WindowsPowerShell\v1.0\;C:\WINDOWS\System32\OpenSSH\;C:\Program Files\dotnet\;C:\Program Files\Java\jdk-11\bin;C:\Program Files (x86)\Microsoft SQL Server\160\Tools\Binn\;C:\Program Files\Microsoft SQL Server\160\Tools\Binn\;C:\Program Files\Microsoft SQL Server\Client SDK\ODBC\170\Tools\Binn\;C:\Program Files\Microsoft SQL Server\160\DTS\Binn\;C:\Program Files (x86)\Microsoft SQL Server\160\DTS\Binn\;C:\Program Files\Azure Data Studio\bin;C:\Program Files\apache-maven-3.9.6\bin;C:\Program Files\Git\cmd;C:\Program Files\Java\jdk-22\bin;C:\Users\Kiet\AppData\Local\Programs\Python\Python38;C:\Users\Kiet\AppData\Local\Programs\Python\Python38\Scripts;C:\Program Files\CMake\bin;C:\Program Files\PostgreSQL\17\bin;C:\Users\Kiet\anaconda3\Scripts;C:\Program Files\nodejs\;C:\Users\Kiet\AppData\Local\Microsoft\WindowsApps;C:\Users\Kiet\AppData\Local\Programs\Microsoft VS Code\bin;C:\Users\Kiet\.dotnet\tools;C:\Program Files\Azure Data Studio\bin;C:\Users\Kiet\AppData\Roaming\npm
USERNAME=Kiet
OS=Windows_NT
PROCESSOR_IDENTIFIER=Intel64 Family 6 Model 126 Stepping 5, GenuineIntel
TMP=C:\Users\Kiet\AppData\Local\Temp
TEMP=C:\Users\Kiet\AppData\Local\Temp




Periodic native trim disabled

---------------  S Y S T E M  ---------------

OS:
 Windows 11 , 64 bit Build 22621 (10.0.22621.3958)
OS uptime: 0 days 7:56 hours

CPU: total 8 (initial active 8) (4 cores per cpu, 2 threads per core) family 6 model 126 stepping 5 microcode 0xa6, cx8, cmov, fxsr, ht, mmx, 3dnowpref, sse, sse2, sse3, ssse3, sse4.1, sse4.2, popcnt, lzcnt, tsc, tscinvbit, avx, avx2, aes, erms, clmul, bmi1, bmi2, adx, avx512f, avx512dq, avx512cd, avx512bw, avx512vl, sha, fma, vzeroupper, avx512_vpopcntdq, avx512_vpclmulqdq, avx512_vaes, avx512_vnni, clflush, clflushopt, avx512_vbmi2, avx512_vbmi, rdtscp, rdpid, fsrm, gfni, avx512_bitalg, f16c, pku, avx512_ifma
Processor Information for all 8 processors :
  Max Mhz: 1190, Current Mhz: 991, Mhz Limit: 987

Memory: 4k page, system-wide physical 7987M (210M free)
TotalPageFile size 10035M (AvailPageFile size 0M)
current process WorkingSet (physical memory assigned to process): 496M, peak: 497M
current process commit charge ("private bytes"): 634M, peak: 634M

vm_info: Java HotSpot(TM) 64-Bit Server VM (22.0.2+9-70) for windows-amd64 JRE (22.0.2+9-70), built on 2024-06-04T16:52:23Z by "mach5one" with MS VC++ 17.6 (VS2022)

END.
