#
# There is insufficient memory for the Java Runtime Environment to continue.
# Native memory allocation (malloc) failed to allocate 128176 bytes. Error detail: Chunk::new
# Possible reasons:
#   The system is out of physical RAM or swap space
#   This process is running with CompressedOops enabled, and the Java Heap may be blocking the growth of the native heap
# Possible solutions:
#   Reduce memory load on the system
#   Increase physical memory or swap space
#   Check if swap backing store is full
#   Decrease Java heap size (-Xmx/-Xms)
#   Decrease number of Java threads
#   Decrease Java thread stack sizes (-Xss)
#   Set larger code cache with -XX:ReservedCodeCacheSize=
#   JVM is running with Unscaled Compressed Oops mode in which the Java heap is
#     placed in the first 4GB address space. The Java Heap base address is the
#     maximum limit for the native heap growth. Please use -XX:HeapBaseMinAddress
#     to set the Java Heap base and to place the Java Heap above 4GB virtual address.
# This output file may be truncated or incomplete.
#
#  Out of Memory Error (arena.cpp:191), pid=7456, tid=14556
#
# JRE version: OpenJDK Runtime Environment Temurin-17.0.13+11 (17.0.13+11) (build 17.0.13+11)
# Java VM: OpenJDK 64-Bit Server VM Temurin-17.0.13+11 (17.0.13+11, mixed mode, tiered, compressed oops, compressed class ptrs, parallel gc, windows-amd64)
# No core dump will be written. Minidumps are not enabled by default on client versions of Windows
#

---------------  S U M M A R Y ------------

Command Line: --add-modules=ALL-SYSTEM --add-opens=java.base/java.util=ALL-UNNAMED --add-opens=java.base/java.lang=ALL-UNNAMED --add-opens=java.base/sun.nio.fs=ALL-UNNAMED -Declipse.application=org.eclipse.jdt.ls.core.id1 -Dosgi.bundles.defaultStartLevel=4 -Declipse.product=org.eclipse.jdt.ls.core.product -Djava.import.generatesMetadataFilesAtProjectRoot=false -DDetectVMInstallationsJob.disabled=true -Dfile.encoding=utf8 -XX:+UseParallelGC -XX:GCTimeRatio=4 -XX:AdaptiveSizePolicyWeight=90 -Dsun.zip.disableMemoryMapping=true -Xmx1G -Xms100m -Xlog:disable -javaagent:c:\Users\Kiet\.vscode\extensions\redhat.java-1.38.0-win32-x64\lombok\lombok-1.18.34.jar -XX:+HeapDumpOnOutOfMemoryError -XX:HeapDumpPath=c:\Users\Kiet\AppData\Roaming\Code\User\workspaceStorage\f22878db525d6a51bc79ced663af2e8e\redhat.java -Daether.dependencyCollector.impl=bf c:\Users\Kiet\.vscode\extensions\redhat.java-1.38.0-win32-x64\server\plugins\org.eclipse.equinox.launcher_1.6.900.v20240613-2009.jar -configuration c:\Users\Kiet\AppData\Roaming\Code\User\globalStorage\redhat.java\1.38.0\config_win -data c:\Users\Kiet\AppData\Roaming\Code\User\workspaceStorage\f22878db525d6a51bc79ced663af2e8e\redhat.java\jdt_ws --pipe=\\.\pipe\lsp-ad3e87e7b1198c798605372124e837e6-sock

Host: Intel(R) Core(TM) i5-1035G1 CPU @ 1.00GHz, 8 cores, 7G,  Windows 11 , 64 bit Build 22621 (10.0.22621.4391)
Time: Fri Dec 20 23:21:33 2024 SE Asia Standard Time elapsed time: 40.493094 seconds (0d 0h 0m 40s)

---------------  T H R E A D  ---------------

Current thread (0x0000021232b35c70):  JavaThread "C2 CompilerThread0" daemon [_thread_in_native, id=14556, stack(0x0000009a2ca00000,0x0000009a2cb00000)]


Current CompileTask:
C2:  40493 14427       4       org.apache.commons.exec.LogOutputStream::write (119 bytes)

Stack: [0x0000009a2ca00000,0x0000009a2cb00000]
Native frames: (J=compiled Java code, j=interpreted, Vv=VM code, C=native code)
V  [jvm.dll+0x682a19]
V  [jvm.dll+0x839538]
V  [jvm.dll+0x83afe3]
V  [jvm.dll+0x83b653]
V  [jvm.dll+0x24704f]
V  [jvm.dll+0xace34]
V  [jvm.dll+0xad4cc]
V  [jvm.dll+0x2ac84f]
V  [jvm.dll+0x588a79]
V  [jvm.dll+0x220ea2]
V  [jvm.dll+0x22129f]
V  [jvm.dll+0x21a2b0]
V  [jvm.dll+0x21738b]
V  [jvm.dll+0x1a3070]
V  [jvm.dll+0x22788c]
V  [jvm.dll+0x2259eb]
V  [jvm.dll+0x7eec98]
V  [jvm.dll+0x7e8ffc]
V  [jvm.dll+0x6818f7]
C  [ucrtbase.dll+0x29333]
C  [KERNEL32.DLL+0x1259d]
C  [ntdll.dll+0x5af38]


---------------  P R O C E S S  ---------------

Threads class SMR info:
_java_thread_list=0x0000021237921940, length=68, elements={
0x0000021219c0f7f0, 0x000002122da95020, 0x000002122da97280, 0x0000021232b2b340,
0x0000021232b2bc10, 0x0000021232b2cc80, 0x0000021232b2dcf0, 0x0000021232b35c70,
0x0000021232b39580, 0x0000021232b3a670, 0x0000021232c8aaa0, 0x0000021233cf8490,
0x0000021234499260, 0x00000212347ec800, 0x00000212347cf480, 0x00000212346b9020,
0x0000021234a9b9c0, 0x0000021234d2f8d0, 0x0000021234d30800, 0x0000021234d2e490,
0x0000021234d2fde0, 0x0000021234d2f3c0, 0x0000021234d302f0, 0x0000021234d31220,
0x0000021234d2da70, 0x0000021234d2df80, 0x00000212361b6910, 0x00000212361b45a0,
0x00000212361b1d20, 0x00000212361b1810, 0x00000212361b4090, 0x00000212361b2230,
0x00000212361b4ab0, 0x00000212361b3670, 0x00000212361b0df0, 0x00000212361b54d0,
0x00000212361b2740, 0x00000212361b4fc0, 0x00000212361b3b80, 0x00000212361b3160,
0x00000212361b59e0, 0x00000212361b6400, 0x00000212361af9b0, 0x00000212361b1300,
0x00000212361b7330, 0x00000212361afec0, 0x00000212361b03d0, 0x00000212361b08e0,
0x0000021234d2eeb0, 0x0000021237831a90, 0x0000021237835240, 0x0000021237836680,
0x0000021237836170, 0x0000021237830140, 0x0000021237831fa0, 0x000002123782fc30,
0x00000212378370a0, 0x0000021237834820, 0x00000212378324b0, 0x0000021237834d30,
0x00000212378329c0, 0x00000212378333e0, 0x00000212378338f0, 0x0000021237833e00,
0x0000021234d2e9a0, 0x000002123404bde0, 0x000002123404e660, 0x000002123404aeb0
}

Java Threads: ( => current thread )
  0x0000021219c0f7f0 JavaThread "main" [_thread_blocked, id=17972, stack(0x0000009a2c100000,0x0000009a2c200000)]
  0x000002122da95020 JavaThread "Reference Handler" daemon [_thread_blocked, id=19312, stack(0x0000009a2c400000,0x0000009a2c500000)]
  0x000002122da97280 JavaThread "Finalizer" daemon [_thread_blocked, id=15736, stack(0x0000009a2c500000,0x0000009a2c600000)]
  0x0000021232b2b340 JavaThread "Signal Dispatcher" daemon [_thread_blocked, id=19948, stack(0x0000009a2c600000,0x0000009a2c700000)]
  0x0000021232b2bc10 JavaThread "Attach Listener" daemon [_thread_blocked, id=316, stack(0x0000009a2c700000,0x0000009a2c800000)]
  0x0000021232b2cc80 JavaThread "Service Thread" daemon [_thread_blocked, id=15200, stack(0x0000009a2c800000,0x0000009a2c900000)]
  0x0000021232b2dcf0 JavaThread "Monitor Deflation Thread" daemon [_thread_blocked, id=11180, stack(0x0000009a2c900000,0x0000009a2ca00000)]
=>0x0000021232b35c70 JavaThread "C2 CompilerThread0" daemon [_thread_in_native, id=14556, stack(0x0000009a2ca00000,0x0000009a2cb00000)]
  0x0000021232b39580 JavaThread "C1 CompilerThread0" daemon [_thread_blocked, id=14712, stack(0x0000009a2cb00000,0x0000009a2cc00000)]
  0x0000021232b3a670 JavaThread "Sweeper thread" daemon [_thread_blocked, id=4880, stack(0x0000009a2cc00000,0x0000009a2cd00000)]
  0x0000021232c8aaa0 JavaThread "Common-Cleaner" daemon [_thread_blocked, id=5920, stack(0x0000009a2cd00000,0x0000009a2ce00000)]
  0x0000021233cf8490 JavaThread "Notification Thread" daemon [_thread_blocked, id=14008, stack(0x0000009a2cf00000,0x0000009a2d000000)]
  0x0000021234499260 JavaThread "Active Thread: Equinox Container: 645e5d11-6ae2-4740-9d97-0beebbf08102" [_thread_blocked, id=11712, stack(0x0000009a2d800000,0x0000009a2d900000)]
  0x00000212347ec800 JavaThread "Refresh Thread: Equinox Container: 645e5d11-6ae2-4740-9d97-0beebbf08102" daemon [_thread_blocked, id=17244, stack(0x0000009a2d900000,0x0000009a2da00000)]
  0x00000212347cf480 JavaThread "Framework Event Dispatcher: Equinox Container: 645e5d11-6ae2-4740-9d97-0beebbf08102" daemon [_thread_blocked, id=22280, stack(0x0000009a2da00000,0x0000009a2db00000)]
  0x00000212346b9020 JavaThread "Start Level: Equinox Container: 645e5d11-6ae2-4740-9d97-0beebbf08102" daemon [_thread_blocked, id=4128, stack(0x0000009a2db00000,0x0000009a2dc00000)]
  0x0000021234a9b9c0 JavaThread "Bundle File Closer" daemon [_thread_blocked, id=15628, stack(0x0000009a2dd00000,0x0000009a2de00000)]
  0x0000021234d2f8d0 JavaThread "SCR Component Actor" daemon [_thread_blocked, id=18420, stack(0x0000009a2de00000,0x0000009a2df00000)]
  0x0000021234d30800 JavaThread "Worker-JM" [_thread_blocked, id=16640, stack(0x0000009a2d100000,0x0000009a2d200000)]
  0x0000021234d2e490 JavaThread "JNA Cleaner" daemon [_thread_blocked, id=12156, stack(0x0000009a2ce00000,0x0000009a2cf00000)]
  0x0000021234d2fde0 JavaThread "Worker-0: Refreshing workspace" [_thread_blocked, id=668, stack(0x0000009a2e000000,0x0000009a2e100000)]
  0x0000021234d2f3c0 JavaThread "Worker-1: Initialize workspace" [_thread_blocked, id=10200, stack(0x0000009a2e100000,0x0000009a2e200000)]
  0x0000021234d302f0 JavaThread "Java indexing" daemon [_thread_blocked, id=21036, stack(0x0000009a2e400000,0x0000009a2e500000)]
  0x0000021234d31220 JavaThread "Thread-2" daemon [_thread_in_native, id=16320, stack(0x0000009a2e500000,0x0000009a2e600000)]
  0x0000021234d2da70 JavaThread "Thread-3" daemon [_thread_in_native, id=20436, stack(0x0000009a2e600000,0x0000009a2e700000)]
  0x0000021234d2df80 JavaThread "Thread-4" daemon [_thread_in_native, id=12868, stack(0x0000009a2e700000,0x0000009a2e800000)]
  0x00000212361b6910 JavaThread "Thread-5" daemon [_thread_in_native, id=3340, stack(0x0000009a2e800000,0x0000009a2e900000)]
  0x00000212361b45a0 JavaThread "Thread-6" daemon [_thread_in_native, id=21268, stack(0x0000009a2e900000,0x0000009a2ea00000)]
  0x00000212361b1d20 JavaThread "Thread-7" daemon [_thread_in_native, id=13844, stack(0x0000009a2ea00000,0x0000009a2eb00000)]
  0x00000212361b1810 JavaThread "Thread-8" daemon [_thread_in_native, id=12948, stack(0x0000009a2eb00000,0x0000009a2ec00000)]
  0x00000212361b4090 JavaThread "Thread-9" daemon [_thread_in_native, id=21296, stack(0x0000009a2ec00000,0x0000009a2ed00000)]
  0x00000212361b2230 JavaThread "Thread-10" daemon [_thread_in_native, id=2280, stack(0x0000009a2ed00000,0x0000009a2ee00000)]
  0x00000212361b4ab0 JavaThread "pool-2-thread-1" [_thread_blocked, id=22488, stack(0x0000009a2ee00000,0x0000009a2ef00000)]
  0x00000212361b3670 JavaThread "Worker-2" [_thread_blocked, id=15168, stack(0x0000009a2ef00000,0x0000009a2f000000)]
  0x00000212361b0df0 JavaThread "WorkspaceEventsHandler" [_thread_blocked, id=21796, stack(0x0000009a2f000000,0x0000009a2f100000)]
  0x00000212361b54d0 JavaThread "pool-1-thread-1" [_thread_blocked, id=21428, stack(0x0000009a2f100000,0x0000009a2f200000)]
  0x00000212361b2740 JavaThread "Worker-3" [_thread_blocked, id=5272, stack(0x0000009a2f200000,0x0000009a2f300000)]
  0x00000212361b4fc0 JavaThread "Worker-4" [_thread_blocked, id=2024, stack(0x0000009a2f300000,0x0000009a2f400000)]
  0x00000212361b3b80 JavaThread "ForkJoinPool.commonPool-worker-1" daemon [_thread_in_native, id=6456, stack(0x0000009a2f400000,0x0000009a2f500000)]
  0x00000212361b3160 JavaThread "LocalFile Deleter" daemon [_thread_blocked, id=10400, stack(0x0000009a2f500000,0x0000009a2f600000)]
  0x00000212361b59e0 JavaThread "LocalFile Deleter" daemon [_thread_blocked, id=8748, stack(0x0000009a2f600000,0x0000009a2f700000)]
  0x00000212361b6400 JavaThread "ForkJoinPool.commonPool-worker-2" daemon [_thread_blocked, id=4824, stack(0x0000009a2f700000,0x0000009a2f800000)]
  0x00000212361af9b0 JavaThread "LocalFile Deleter" daemon [_thread_blocked, id=2792, stack(0x0000009a2f800000,0x0000009a2f900000)]
  0x00000212361b1300 JavaThread "LocalFile Deleter" daemon [_thread_blocked, id=21280, stack(0x0000009a2f900000,0x0000009a2fa00000)]
  0x00000212361b7330 JavaThread "LocalFile Deleter" daemon [_thread_blocked, id=14280, stack(0x0000009a2fa00000,0x0000009a2fb00000)]
  0x00000212361afec0 JavaThread "LocalFile Deleter" daemon [_thread_blocked, id=5236, stack(0x0000009a2fb00000,0x0000009a2fc00000)]
  0x00000212361b03d0 JavaThread "LocalFile Deleter" daemon [_thread_blocked, id=22272, stack(0x0000009a2fc00000,0x0000009a2fd00000)]
  0x00000212361b08e0 JavaThread "LocalFile Deleter" daemon [_thread_blocked, id=2144, stack(0x0000009a2fd00000,0x0000009a2fe00000)]
  0x0000021234d2eeb0 JavaThread "ForkJoinPool.commonPool-worker-3" daemon [_thread_blocked, id=8944, stack(0x0000009a2fe00000,0x0000009a2ff00000)]
  0x0000021237831a90 JavaThread "ForkJoinPool.commonPool-worker-4" daemon [_thread_blocked, id=11380, stack(0x0000009a2ff00000,0x0000009a30000000)]
  0x0000021237835240 JavaThread "ForkJoinPool.commonPool-worker-5" daemon [_thread_blocked, id=22144, stack(0x0000009a2df00000,0x0000009a2e000000)]
  0x0000021237836680 JavaThread "Compiler Source File Reader" daemon [_thread_blocked, id=1384, stack(0x0000009a30100000,0x0000009a30200000)]
  0x0000021237836170 JavaThread "Compiler Source File Reader" daemon [_thread_blocked, id=13252, stack(0x0000009a30200000,0x0000009a30300000)]
  0x0000021237830140 JavaThread "Compiler Source File Reader" daemon [_thread_blocked, id=9620, stack(0x0000009a30300000,0x0000009a30400000)]
  0x0000021237831fa0 JavaThread "Compiler Source File Reader" daemon [_thread_blocked, id=21220, stack(0x0000009a30400000,0x0000009a30500000)]
  0x000002123782fc30 JavaThread "Compiler Source File Reader" daemon [_thread_blocked, id=22112, stack(0x0000009a30500000,0x0000009a30600000)]
  0x00000212378370a0 JavaThread "Compiler Source File Reader" daemon [_thread_blocked, id=11604, stack(0x0000009a30600000,0x0000009a30700000)]
  0x0000021237834820 JavaThread "Compiler Processing Task" daemon [_thread_blocked, id=12556, stack(0x0000009a30700000,0x0000009a30800000)]
  0x00000212378324b0 JavaThread "ForkJoinPool.commonPool-worker-6" daemon [_thread_blocked, id=20728, stack(0x0000009a30800000,0x0000009a30900000)]
  0x0000021237834d30 JavaThread "Compiler Class File Writer" daemon [_thread_blocked, id=5132, stack(0x0000009a30900000,0x0000009a30a00000)]
  0x00000212378329c0 JavaThread "Compiler Class File Writer" daemon [_thread_blocked, id=4344, stack(0x0000009a30a00000,0x0000009a30b00000)]
  0x00000212378333e0 JavaThread "ForkJoinPool.commonPool-worker-7" daemon [_thread_blocked, id=6384, stack(0x0000009a30b00000,0x0000009a30c00000)]
  0x00000212378338f0 JavaThread "Compiler Class File Writer" daemon [_thread_blocked, id=21616, stack(0x0000009a30c00000,0x0000009a30d00000)]
  0x0000021237833e00 JavaThread "Compiler Class File Writer" daemon [_thread_blocked, id=11400, stack(0x0000009a30d00000,0x0000009a30e00000)]
  0x0000021234d2e9a0 JavaThread "Compiler Class File Writer" daemon [_thread_blocked, id=10148, stack(0x0000009a30e00000,0x0000009a30f00000)]
  0x000002123404bde0 JavaThread "Compiler Class File Writer" daemon [_thread_blocked, id=5196, stack(0x0000009a30f00000,0x0000009a31000000)]
  0x000002123404e660 JavaThread "Exec Stream Pumper" daemon [_thread_in_native, id=19616, stack(0x0000009a2e200000,0x0000009a2e300000)]
  0x000002123404aeb0 JavaThread "Exec Stream Pumper" daemon [_thread_in_native, id=1448, stack(0x0000009a2e300000,0x0000009a2e400000)]

Other Threads:
  0x0000021219cb9a70 VMThread "VM Thread" [stack: 0x0000009a2c300000,0x0000009a2c400000] [id=19764]
  0x0000021232ea9f20 WatcherThread [stack: 0x0000009a2d000000,0x0000009a2d100000] [id=8100]
  0x0000021219c25240 GCTaskThread "GC Thread#0" [stack: 0x0000009a2c200000,0x0000009a2c300000] [id=8464]
  0x0000021234072590 GCTaskThread "GC Thread#1" [stack: 0x0000009a2d200000,0x0000009a2d300000] [id=18436]
  0x0000021234072850 GCTaskThread "GC Thread#2" [stack: 0x0000009a2d300000,0x0000009a2d400000] [id=6516]
  0x0000021234072dd0 GCTaskThread "GC Thread#3" [stack: 0x0000009a2d400000,0x0000009a2d500000] [id=8616]
  0x0000021234073610 GCTaskThread "GC Thread#4" [stack: 0x0000009a2d500000,0x0000009a2d600000] [id=20808]
  0x0000021234073350 GCTaskThread "GC Thread#5" [stack: 0x0000009a2d600000,0x0000009a2d700000] [id=7104]
  0x00000212340738d0 GCTaskThread "GC Thread#6" [stack: 0x0000009a2d700000,0x0000009a2d800000] [id=11804]
  0x0000021234073090 GCTaskThread "GC Thread#7" [stack: 0x0000009a2dc00000,0x0000009a2dd00000] [id=15908]

Threads with active compile tasks:
C2 CompilerThread0    40522 14427       4       org.apache.commons.exec.LogOutputStream::write (119 bytes)

VM state: not at safepoint (normal execution)

VM Mutex/Monitor currently owned by a thread: None

Heap address: 0x00000000c0000000, size: 1024 MB, Compressed Oops mode: 32-bit

CDS archive(s) not mapped
Compressed class space mapped at: 0x0000000100000000-0x0000000140000000, reserved size: 1073741824
Narrow klass base: 0x0000000000000000, Narrow klass shift: 3, Narrow klass range: 0x140000000

GC Precious Log:
 CPUs: 8 total, 8 available
 Memory: 7987M
 Large Page Support: Disabled
 NUMA Support: Disabled
 Compressed Oops: Enabled (32-bit)
 Alignments: Space 512K, Generation 512K, Heap 2M
 Heap Min Capacity: 100M
 Heap Initial Capacity: 100M
 Heap Max Capacity: 1G
 Pre-touch: Disabled
 Parallel Workers: 8

Heap:
 PSYoungGen      total 34816K, used 31972K [0x00000000eab00000, 0x00000000ed600000, 0x0000000100000000)
  eden space 27648K, 90% used [0x00000000eab00000,0x00000000ec378588,0x00000000ec600000)
  from space 7168K, 96% used [0x00000000ec600000,0x00000000eccc0cb8,0x00000000ecd00000)
  to   space 8192K, 0% used [0x00000000ece00000,0x00000000ece00000,0x00000000ed600000)
 ParOldGen       total 391168K, used 333138K [0x00000000c0000000, 0x00000000d7e00000, 0x00000000eab00000)
  object space 391168K, 85% used [0x00000000c0000000,0x00000000d4554b00,0x00000000d7e00000)
 Metaspace       used 73857K, committed 75264K, reserved 1179648K
  class space    used 7605K, committed 8192K, reserved 1048576K

Card table byte_map: [0x00000212195d0000,0x00000212197e0000] _byte_map_base: 0x0000021218fd0000

Marking Bits: (ParMarkBitMap*) 0x00007ffdc5c66940
 Begin Bits: [0x000002122b8a0000, 0x000002122c8a0000)
 End Bits:   [0x000002122c8a0000, 0x000002122d8a0000)

Polling page: 0x00000212193c0000

Metaspace:

Usage:
  Non-class:     64.70 MB used.
      Class:      7.43 MB used.
       Both:     72.13 MB used.

Virtual space:
  Non-class space:      128.00 MB reserved,      65.50 MB ( 51%) committed,  2 nodes.
      Class space:        1.00 GB reserved,       8.00 MB ( <1%) committed,  1 nodes.
             Both:        1.12 GB reserved,      73.50 MB (  6%) committed. 

Chunk freelists:
   Non-Class:  14.34 MB
       Class:  7.81 MB
        Both:  22.16 MB

MaxMetaspaceSize: unlimited
CompressedClassSpaceSize: 1.00 GB
Initial GC threshold: 21.00 MB
Current GC threshold: 121.50 MB
CDS: off
MetaspaceReclaimPolicy: balanced
 - commit_granule_bytes: 65536.
 - commit_granule_words: 8192.
 - virtual_space_node_default_size: 8388608.
 - enlarge_chunks_in_place: 1.
 - new_chunks_are_fully_committed: 0.
 - uncommit_free_chunks: 1.
 - use_allocation_guard: 0.
 - handle_deallocations: 1.


Internal statistics:

num_allocs_failed_limit: 6.
num_arena_births: 964.
num_arena_deaths: 16.
num_vsnodes_births: 3.
num_vsnodes_deaths: 0.
num_space_committed: 1176.
num_space_uncommitted: 0.
num_chunks_returned_to_freelist: 23.
num_chunks_taken_from_freelist: 4101.
num_chunk_merges: 8.
num_chunk_splits: 2518.
num_chunks_enlarged: 1404.
num_inconsistent_stats: 0.

CodeHeap 'non-profiled nmethods': size=120000Kb used=7846Kb max_used=8674Kb free=112153Kb
 bounds [0x0000021224370000, 0x0000021224bf0000, 0x000002122b8a0000]
CodeHeap 'profiled nmethods': size=120000Kb used=21657Kb max_used=23047Kb free=98342Kb
 bounds [0x000002121c8a0000, 0x000002121df30000, 0x0000021223dd0000]
CodeHeap 'non-nmethods': size=5760Kb used=1378Kb max_used=1447Kb free=4381Kb
 bounds [0x0000021223dd0000, 0x0000021224040000, 0x0000021224370000]
 total_blobs=11894 nmethods=11180 adapters=626
 compilation: enabled
              stopped_count=0, restarted_count=0
 full_count=0

Compilation events (20 events):
Event: 40.477 Thread 0x0000021232b39580 nmethod 14419 0x000002121d48af10 code [0x000002121d48b0a0, 0x000002121d48b258]
Event: 40.477 Thread 0x0000021232b39580 14420   !   3       java.nio.charset.Charset::defaultCharset (53 bytes)
Event: 40.478 Thread 0x0000021232b39580 nmethod 14420 0x000002121d807210 code [0x000002121d8074c0, 0x000002121d808218]
Event: 40.478 Thread 0x0000021232b39580 14421       3       org.apache.commons.exec.LogOutputStream::write (119 bytes)
Event: 40.479 Thread 0x0000021232b39580 nmethod 14421 0x000002121ceac910 code [0x000002121ceacb00, 0x000002121cead118]
Event: 40.483 Thread 0x0000021232b39580 14422       3       java.lang.String::<init> (11 bytes)
Event: 40.484 Thread 0x0000021232b39580 nmethod 14422 0x000002121d4a2c90 code [0x000002121d4a2e40, 0x000002121d4a2fd8]
Event: 40.484 Thread 0x0000021232b39580 14423  s    3       java.io.ByteArrayOutputStream::toString (17 bytes)
Event: 40.484 Thread 0x0000021232b39580 nmethod 14423 0x000002121ce69c10 code [0x000002121ce69dc0, 0x000002121ce6a028]
Event: 40.484 Thread 0x0000021232b39580 14424       3       org.apache.commons.exec.LogOutputStream::processBuffer (19 bytes)
Event: 40.484 Thread 0x0000021232b39580 nmethod 14424 0x000002121cc0b010 code [0x000002121cc0b1e0, 0x000002121cc0b698]
Event: 40.484 Thread 0x0000021232b39580 14425       3       org.apache.commons.exec.LogOutputStream::processLine (10 bytes)
Event: 40.484 Thread 0x0000021232b39580 nmethod 14425 0x000002121cc5f810 code [0x000002121cc5f9a0, 0x000002121cc5fae8]
Event: 40.484 Thread 0x0000021232b39580 14426       3       ch.qos.logback.classic.Logger::error (15 bytes)
Event: 40.484 Thread 0x0000021232b39580 nmethod 14426 0x000002121d4ef610 code [0x000002121d4ef7c0, 0x000002121d4ef928]
Event: 40.484 Thread 0x0000021232b35c70 14427       4       org.apache.commons.exec.LogOutputStream::write (119 bytes)
Event: 40.486 Thread 0x0000021232b39580 14428       3       org.apache.commons.exec.LogOutputStream::write (53 bytes)
Event: 40.486 Thread 0x0000021232b39580 nmethod 14428 0x000002121d4ac490 code [0x000002121d4ac680, 0x000002121d4acf68]
Event: 40.487 Thread 0x0000021232b39580 14429       3       com.github.eirslett.maven.plugins.frontend.lib.ProcessExecutor$LoggerOutputStream::processLine (50 bytes)
Event: 40.488 Thread 0x0000021232b39580 nmethod 14429 0x000002121ccec290 code [0x000002121ccec4a0, 0x000002121ccec898]

GC Heap History (20 events):
Event: 20.147 GC heap before
{Heap before GC invocations=286 (full 11):
 PSYoungGen      total 29184K, used 29179K [0x00000000eab00000, 0x00000000ece80000, 0x0000000100000000)
  eden space 25088K, 100% used [0x00000000eab00000,0x00000000ec380000,0x00000000ec380000)
  from space 4096K, 99% used [0x00000000ec380000,0x00000000ec77ef48,0x00000000ec780000)
  to   space 5120K, 0% used [0x00000000ec980000,0x00000000ec980000,0x00000000ece80000)
 ParOldGen       total 363520K, used 325377K [0x00000000c0000000, 0x00000000d6300000, 0x00000000eab00000)
  object space 363520K, 89% used [0x00000000c0000000,0x00000000d3dc05d0,0x00000000d6300000)
 Metaspace       used 70314K, committed 71680K, reserved 1114112K
  class space    used 7347K, committed 8000K, reserved 1048576K
}
Event: 20.156 GC heap after
{Heap after GC invocations=286 (full 11):
 PSYoungGen      total 31232K, used 3616K [0x00000000eab00000, 0x00000000ecd80000, 0x0000000100000000)
  eden space 27136K, 0% used [0x00000000eab00000,0x00000000eab00000,0x00000000ec580000)
  from space 4096K, 88% used [0x00000000ec980000,0x00000000ecd08000,0x00000000ecd80000)
  to   space 4096K, 0% used [0x00000000ec580000,0x00000000ec580000,0x00000000ec980000)
 ParOldGen       total 363520K, used 328250K [0x00000000c0000000, 0x00000000d6300000, 0x00000000eab00000)
  object space 363520K, 90% used [0x00000000c0000000,0x00000000d408ea10,0x00000000d6300000)
 Metaspace       used 70314K, committed 71680K, reserved 1114112K
  class space    used 7347K, committed 8000K, reserved 1048576K
}
Event: 20.314 GC heap before
{Heap before GC invocations=287 (full 11):
 PSYoungGen      total 31232K, used 30752K [0x00000000eab00000, 0x00000000ecd80000, 0x0000000100000000)
  eden space 27136K, 100% used [0x00000000eab00000,0x00000000ec580000,0x00000000ec580000)
  from space 4096K, 88% used [0x00000000ec980000,0x00000000ecd08000,0x00000000ecd80000)
  to   space 4096K, 0% used [0x00000000ec580000,0x00000000ec580000,0x00000000ec980000)
 ParOldGen       total 363520K, used 328250K [0x00000000c0000000, 0x00000000d6300000, 0x00000000eab00000)
  object space 363520K, 90% used [0x00000000c0000000,0x00000000d408ea10,0x00000000d6300000)
 Metaspace       used 70492K, committed 71936K, reserved 1114112K
  class space    used 7348K, committed 8000K, reserved 1048576K
}
Event: 20.319 GC heap after
{Heap after GC invocations=287 (full 11):
 PSYoungGen      total 31232K, used 4091K [0x00000000eab00000, 0x00000000ed180000, 0x0000000100000000)
  eden space 27136K, 0% used [0x00000000eab00000,0x00000000eab00000,0x00000000ec580000)
  from space 4096K, 99% used [0x00000000ec580000,0x00000000ec97ee60,0x00000000ec980000)
  to   space 5120K, 0% used [0x00000000ecc80000,0x00000000ecc80000,0x00000000ed180000)
 ParOldGen       total 363520K, used 328690K [0x00000000c0000000, 0x00000000d6300000, 0x00000000eab00000)
  object space 363520K, 90% used [0x00000000c0000000,0x00000000d40fca10,0x00000000d6300000)
 Metaspace       used 70492K, committed 71936K, reserved 1114112K
  class space    used 7348K, committed 8000K, reserved 1048576K
}
Event: 20.413 GC heap before
{Heap before GC invocations=288 (full 11):
 PSYoungGen      total 31232K, used 31227K [0x00000000eab00000, 0x00000000ed180000, 0x0000000100000000)
  eden space 27136K, 100% used [0x00000000eab00000,0x00000000ec580000,0x00000000ec580000)
  from space 4096K, 99% used [0x00000000ec580000,0x00000000ec97ee60,0x00000000ec980000)
  to   space 5120K, 0% used [0x00000000ecc80000,0x00000000ecc80000,0x00000000ed180000)
 ParOldGen       total 363520K, used 328690K [0x00000000c0000000, 0x00000000d6300000, 0x00000000eab00000)
  object space 363520K, 90% used [0x00000000c0000000,0x00000000d40fca10,0x00000000d6300000)
 Metaspace       used 70589K, committed 72064K, reserved 1114112K
  class space    used 7348K, committed 8000K, reserved 1048576K
}
Event: 20.422 GC heap after
{Heap after GC invocations=288 (full 11):
 PSYoungGen      total 32768K, used 3579K [0x00000000eab00000, 0x00000000ed000000, 0x0000000100000000)
  eden space 29184K, 0% used [0x00000000eab00000,0x00000000eab00000,0x00000000ec780000)
  from space 3584K, 99% used [0x00000000ecc80000,0x00000000ecffee90,0x00000000ed000000)
  to   space 4096K, 0% used [0x00000000ec800000,0x00000000ec800000,0x00000000ecc00000)
 ParOldGen       total 363520K, used 331725K [0x00000000c0000000, 0x00000000d6300000, 0x00000000eab00000)
  object space 363520K, 91% used [0x00000000c0000000,0x00000000d43f34c8,0x00000000d6300000)
 Metaspace       used 70589K, committed 72064K, reserved 1114112K
  class space    used 7348K, committed 8000K, reserved 1048576K
}
Event: 20.550 GC heap before
{Heap before GC invocations=289 (full 11):
 PSYoungGen      total 32768K, used 32763K [0x00000000eab00000, 0x00000000ed000000, 0x0000000100000000)
  eden space 29184K, 100% used [0x00000000eab00000,0x00000000ec780000,0x00000000ec780000)
  from space 3584K, 99% used [0x00000000ecc80000,0x00000000ecffee90,0x00000000ed000000)
  to   space 4096K, 0% used [0x00000000ec800000,0x00000000ec800000,0x00000000ecc00000)
 ParOldGen       total 363520K, used 331725K [0x00000000c0000000, 0x00000000d6300000, 0x00000000eab00000)
  object space 363520K, 91% used [0x00000000c0000000,0x00000000d43f34c8,0x00000000d6300000)
 Metaspace       used 70983K, committed 72384K, reserved 1114112K
  class space    used 7386K, committed 8000K, reserved 1048576K
}
Event: 20.558 GC heap after
{Heap after GC invocations=289 (full 11):
 PSYoungGen      total 33792K, used 4094K [0x00000000eab00000, 0x00000000ed680000, 0x0000000100000000)
  eden space 29696K, 0% used [0x00000000eab00000,0x00000000eab00000,0x00000000ec800000)
  from space 4096K, 99% used [0x00000000ec800000,0x00000000ecbffbc0,0x00000000ecc00000)
  to   space 6656K, 0% used [0x00000000ed000000,0x00000000ed000000,0x00000000ed680000)
 ParOldGen       total 363520K, used 333743K [0x00000000c0000000, 0x00000000d6300000, 0x00000000eab00000)
  object space 363520K, 91% used [0x00000000c0000000,0x00000000d45ebdb8,0x00000000d6300000)
 Metaspace       used 70983K, committed 72384K, reserved 1114112K
  class space    used 7386K, committed 8000K, reserved 1048576K
}
Event: 20.671 GC heap before
{Heap before GC invocations=290 (full 11):
 PSYoungGen      total 33792K, used 33790K [0x00000000eab00000, 0x00000000ed680000, 0x0000000100000000)
  eden space 29696K, 100% used [0x00000000eab00000,0x00000000ec800000,0x00000000ec800000)
  from space 4096K, 99% used [0x00000000ec800000,0x00000000ecbffbc0,0x00000000ecc00000)
  to   space 6656K, 0% used [0x00000000ed000000,0x00000000ed000000,0x00000000ed680000)
 ParOldGen       total 363520K, used 333743K [0x00000000c0000000, 0x00000000d6300000, 0x00000000eab00000)
  object space 363520K, 91% used [0x00000000c0000000,0x00000000d45ebdb8,0x00000000d6300000)
 Metaspace       used 71378K, committed 72768K, reserved 1114112K
  class space    used 7438K, committed 8064K, reserved 1048576K
}
Event: 20.683 GC heap after
{Heap after GC invocations=290 (full 11):
 PSYoungGen      total 36864K, used 4917K [0x00000000eab00000, 0x00000000ed500000, 0x0000000100000000)
  eden space 31744K, 0% used [0x00000000eab00000,0x00000000eab00000,0x00000000eca00000)
  from space 5120K, 96% used [0x00000000ed000000,0x00000000ed4cd5d8,0x00000000ed500000)
  to   space 5632K, 0% used [0x00000000eca00000,0x00000000eca00000,0x00000000ecf80000)
 ParOldGen       total 363520K, used 336016K [0x00000000c0000000, 0x00000000d6300000, 0x00000000eab00000)
  object space 363520K, 92% used [0x00000000c0000000,0x00000000d4824128,0x00000000d6300000)
 Metaspace       used 71378K, committed 72768K, reserved 1114112K
  class space    used 7438K, committed 8064K, reserved 1048576K
}
Event: 21.038 GC heap before
{Heap before GC invocations=291 (full 11):
 PSYoungGen      total 36864K, used 36661K [0x00000000eab00000, 0x00000000ed500000, 0x0000000100000000)
  eden space 31744K, 100% used [0x00000000eab00000,0x00000000eca00000,0x00000000eca00000)
  from space 5120K, 96% used [0x00000000ed000000,0x00000000ed4cd5d8,0x00000000ed500000)
  to   space 5632K, 0% used [0x00000000eca00000,0x00000000eca00000,0x00000000ecf80000)
 ParOldGen       total 363520K, used 336016K [0x00000000c0000000, 0x00000000d6300000, 0x00000000eab00000)
  object space 363520K, 92% used [0x00000000c0000000,0x00000000d4824128,0x00000000d6300000)
 Metaspace       used 71844K, committed 73216K, reserved 1114112K
  class space    used 7455K, committed 8064K, reserved 1048576K
}
Event: 21.055 GC heap after
{Heap after GC invocations=291 (full 11):
 PSYoungGen      total 37376K, used 5630K [0x00000000eab00000, 0x00000000eeb00000, 0x0000000100000000)
  eden space 31744K, 0% used [0x00000000eab00000,0x00000000eab00000,0x00000000eca00000)
  from space 5632K, 99% used [0x00000000eca00000,0x00000000ecf7fba8,0x00000000ecf80000)
  to   space 15872K, 0% used [0x00000000edb80000,0x00000000edb80000,0x00000000eeb00000)
 ParOldGen       total 363520K, used 344643K [0x00000000c0000000, 0x00000000d6300000, 0x00000000eab00000)
  object space 363520K, 94% used [0x00000000c0000000,0x00000000d5090da0,0x00000000d6300000)
 Metaspace       used 71844K, committed 73216K, reserved 1114112K
  class space    used 7455K, committed 8064K, reserved 1048576K
}
Event: 21.750 GC heap before
{Heap before GC invocations=292 (full 11):
 PSYoungGen      total 37376K, used 37374K [0x00000000eab00000, 0x00000000eeb00000, 0x0000000100000000)
  eden space 31744K, 100% used [0x00000000eab00000,0x00000000eca00000,0x00000000eca00000)
  from space 5632K, 99% used [0x00000000eca00000,0x00000000ecf7fba8,0x00000000ecf80000)
  to   space 15872K, 0% used [0x00000000edb80000,0x00000000edb80000,0x00000000eeb00000)
 ParOldGen       total 363520K, used 344643K [0x00000000c0000000, 0x00000000d6300000, 0x00000000eab00000)
  object space 363520K, 94% used [0x00000000c0000000,0x00000000d5090da0,0x00000000d6300000)
 Metaspace       used 72584K, committed 73920K, reserved 1179648K
  class space    used 7472K, committed 8064K, reserved 1048576K
}
Event: 21.766 GC heap after
{Heap after GC invocations=292 (full 11):
 PSYoungGen      total 44032K, used 15869K [0x00000000eab00000, 0x00000000ef600000, 0x0000000100000000)
  eden space 28160K, 0% used [0x00000000eab00000,0x00000000eab00000,0x00000000ec680000)
  from space 15872K, 99% used [0x00000000edb80000,0x00000000eeaff6e0,0x00000000eeb00000)
  to   space 21504K, 0% used [0x00000000ec680000,0x00000000ec680000,0x00000000edb80000)
 ParOldGen       total 363520K, used 348498K [0x00000000c0000000, 0x00000000d6300000, 0x00000000eab00000)
  object space 363520K, 95% used [0x00000000c0000000,0x00000000d5454a08,0x00000000d6300000)
 Metaspace       used 72584K, committed 73920K, reserved 1179648K
  class space    used 7472K, committed 8064K, reserved 1048576K
}
Event: 21.963 GC heap before
{Heap before GC invocations=293 (full 11):
 PSYoungGen      total 44032K, used 44029K [0x00000000eab00000, 0x00000000ef600000, 0x0000000100000000)
  eden space 28160K, 100% used [0x00000000eab00000,0x00000000ec680000,0x00000000ec680000)
  from space 15872K, 99% used [0x00000000edb80000,0x00000000eeaff6e0,0x00000000eeb00000)
  to   space 21504K, 0% used [0x00000000ec680000,0x00000000ec680000,0x00000000edb80000)
 ParOldGen       total 363520K, used 348498K [0x00000000c0000000, 0x00000000d6300000, 0x00000000eab00000)
  object space 363520K, 95% used [0x00000000c0000000,0x00000000d5454a08,0x00000000d6300000)
 Metaspace       used 72701K, committed 74112K, reserved 1179648K
  class space    used 7489K, committed 8128K, reserved 1048576K
}
Event: 21.978 GC heap after
{Heap after GC invocations=293 (full 11):
 PSYoungGen      total 35328K, used 6943K [0x00000000eab00000, 0x00000000edf00000, 0x0000000100000000)
  eden space 28160K, 0% used [0x00000000eab00000,0x00000000eab00000,0x00000000ec680000)
  from space 7168K, 96% used [0x00000000ec680000,0x00000000ecd47c60,0x00000000ecd80000)
  to   space 11776K, 0% used [0x00000000ed380000,0x00000000ed380000,0x00000000edf00000)
 ParOldGen       total 363520K, used 358203K [0x00000000c0000000, 0x00000000d6300000, 0x00000000eab00000)
  object space 363520K, 98% used [0x00000000c0000000,0x00000000d5dced50,0x00000000d6300000)
 Metaspace       used 72701K, committed 74112K, reserved 1179648K
  class space    used 7489K, committed 8128K, reserved 1048576K
}
Event: 23.309 GC heap before
{Heap before GC invocations=294 (full 12):
 PSYoungGen      total 35328K, used 35103K [0x00000000eab00000, 0x00000000edf00000, 0x0000000100000000)
  eden space 28160K, 100% used [0x00000000eab00000,0x00000000ec680000,0x00000000ec680000)
  from space 7168K, 96% used [0x00000000ec680000,0x00000000ecd47c60,0x00000000ecd80000)
  to   space 11776K, 0% used [0x00000000ed380000,0x00000000ed380000,0x00000000edf00000)
 ParOldGen       total 363520K, used 358203K [0x00000000c0000000, 0x00000000d6300000, 0x00000000eab00000)
  object space 363520K, 98% used [0x00000000c0000000,0x00000000d5dced50,0x00000000d6300000)
 Metaspace       used 73168K, committed 74624K, reserved 1179648K
  class space    used 7550K, committed 8192K, reserved 1048576K
}
Event: 23.606 GC heap after
{Heap after GC invocations=294 (full 12):
 PSYoungGen      total 37376K, used 0K [0x00000000eab00000, 0x00000000edd00000, 0x0000000100000000)
  eden space 27648K, 0% used [0x00000000eab00000,0x00000000eab00000,0x00000000ec600000)
  from space 9728K, 0% used [0x00000000ed380000,0x00000000ed380000,0x00000000edd00000)
  to   space 11776K, 0% used [0x00000000ec600000,0x00000000ec600000,0x00000000ed180000)
 ParOldGen       total 391168K, used 333130K [0x00000000c0000000, 0x00000000d7e00000, 0x00000000eab00000)
  object space 391168K, 85% used [0x00000000c0000000,0x00000000d4552b00,0x00000000d7e00000)
 Metaspace       used 73168K, committed 74624K, reserved 1179648K
  class space    used 7550K, committed 8192K, reserved 1048576K
}
Event: 24.575 GC heap before
{Heap before GC invocations=295 (full 12):
 PSYoungGen      total 37376K, used 27648K [0x00000000eab00000, 0x00000000edd00000, 0x0000000100000000)
  eden space 27648K, 100% used [0x00000000eab00000,0x00000000ec600000,0x00000000ec600000)
  from space 9728K, 0% used [0x00000000ed380000,0x00000000ed380000,0x00000000edd00000)
  to   space 11776K, 0% used [0x00000000ec600000,0x00000000ec600000,0x00000000ed180000)
 ParOldGen       total 391168K, used 333130K [0x00000000c0000000, 0x00000000d7e00000, 0x00000000eab00000)
  object space 391168K, 85% used [0x00000000c0000000,0x00000000d4552b00,0x00000000d7e00000)
 Metaspace       used 73743K, committed 75200K, reserved 1179648K
  class space    used 7602K, committed 8192K, reserved 1048576K
}
Event: 24.582 GC heap after
{Heap after GC invocations=295 (full 12):
 PSYoungGen      total 34816K, used 6915K [0x00000000eab00000, 0x00000000ed600000, 0x0000000100000000)
  eden space 27648K, 0% used [0x00000000eab00000,0x00000000eab00000,0x00000000ec600000)
  from space 7168K, 96% used [0x00000000ec600000,0x00000000eccc0cb8,0x00000000ecd00000)
  to   space 8192K, 0% used [0x00000000ece00000,0x00000000ece00000,0x00000000ed600000)
 ParOldGen       total 391168K, used 333138K [0x00000000c0000000, 0x00000000d7e00000, 0x00000000eab00000)
  object space 391168K, 85% used [0x00000000c0000000,0x00000000d4554b00,0x00000000d7e00000)
 Metaspace       used 73743K, committed 75200K, reserved 1179648K
  class space    used 7602K, committed 8192K, reserved 1048576K
}

Dll operation events (10 events):
Event: 0.010 Loaded shared library c:\Users\Kiet\.vscode\extensions\redhat.java-1.38.0-win32-x64\jre\17.0.13-win32-x86_64\bin\java.dll
Event: 0.175 Loaded shared library c:\Users\Kiet\.vscode\extensions\redhat.java-1.38.0-win32-x64\jre\17.0.13-win32-x86_64\bin\zip.dll
Event: 0.177 Loaded shared library C:\Users\Kiet\.vscode\extensions\redhat.java-1.38.0-win32-x64\jre\17.0.13-win32-x86_64\bin\instrument.dll
Event: 0.193 Loaded shared library C:\Users\Kiet\.vscode\extensions\redhat.java-1.38.0-win32-x64\jre\17.0.13-win32-x86_64\bin\net.dll
Event: 0.195 Loaded shared library C:\Users\Kiet\.vscode\extensions\redhat.java-1.38.0-win32-x64\jre\17.0.13-win32-x86_64\bin\nio.dll
Event: 0.204 Loaded shared library C:\Users\Kiet\.vscode\extensions\redhat.java-1.38.0-win32-x64\jre\17.0.13-win32-x86_64\bin\zip.dll
Event: 0.225 Loaded shared library C:\Users\Kiet\.vscode\extensions\redhat.java-1.38.0-win32-x64\jre\17.0.13-win32-x86_64\bin\jimage.dll
Event: 0.296 Loaded shared library c:\Users\Kiet\.vscode\extensions\redhat.java-1.38.0-win32-x64\jre\17.0.13-win32-x86_64\bin\verify.dll
Event: 1.972 Loaded shared library C:\Users\Kiet\AppData\Roaming\Code\User\globalStorage\redhat.java\1.38.0\config_win\org.eclipse.equinox.launcher\org.eclipse.equinox.launcher.win32.win32.x86_64_1.2.1100.v20240722-2106\eclipse_11904.dll
Event: 4.224 Loaded shared library C:\Users\Kiet\AppData\Local\Temp\jna-2338477\jna6126003982475286693.dll

Deoptimization events (20 events):
Event: 24.275 Thread 0x00000212361b3b80 DEOPT PACKING pc=0x00000212249d62e0 sp=0x0000009a2f4fd1d0
Event: 24.275 Thread 0x00000212361b3b80 DEOPT UNPACKING pc=0x0000021223e29ea3 sp=0x0000009a2f4fd198 mode 2
Event: 24.322 Thread 0x00000212361b3b80 Uncommon trap: trap_request=0xffffff45 fr.pc=0x00000212247935f8 relative=0x0000000000001838
Event: 24.322 Thread 0x00000212361b3b80 Uncommon trap: reason=unstable_if action=reinterpret pc=0x00000212247935f8 method=sun.nio.ch.ChannelInputStream.read([BII)I @ 19 c2
Event: 24.322 Thread 0x00000212361b3b80 DEOPT PACKING pc=0x00000212247935f8 sp=0x0000009a2f4fc910
Event: 24.322 Thread 0x00000212361b3b80 DEOPT UNPACKING pc=0x0000021223e29ea3 sp=0x0000009a2f4fc930 mode 2
Event: 24.339 Thread 0x00000212361b3b80 Uncommon trap: trap_request=0xffffff45 fr.pc=0x0000021224872d18 relative=0x0000000000000258
Event: 24.339 Thread 0x00000212361b3b80 Uncommon trap: reason=unstable_if action=reinterpret pc=0x0000021224872d18 method=java.io.WinNTFileSystem.prefixLength(Ljava/lang/String;)I @ 11 c2
Event: 24.339 Thread 0x00000212361b3b80 DEOPT PACKING pc=0x0000021224872d18 sp=0x0000009a2f4fd200
Event: 24.339 Thread 0x00000212361b3b80 DEOPT UNPACKING pc=0x0000021223e29ea3 sp=0x0000009a2f4fd1a0 mode 2
Event: 24.570 Thread 0x0000021234d302f0 DEOPT PACKING pc=0x000002121d2dc2d9 sp=0x0000009a2e4feb30
Event: 24.570 Thread 0x0000021234d302f0 DEOPT UNPACKING pc=0x0000021223e2a9e3 sp=0x0000009a2e4fe118 mode 0
Event: 24.586 Thread 0x0000021234d302f0 Uncommon trap: trap_request=0xffffff45 fr.pc=0x00000212245d0dd4 relative=0x0000000000000614
Event: 24.586 Thread 0x0000021234d302f0 Uncommon trap: reason=unstable_if action=reinterpret pc=0x00000212245d0dd4 method=org.eclipse.jdt.internal.core.index.DiskIndex.readStreamChars(Ljava/io/InputStream;)[C @ 14 c2
Event: 24.586 Thread 0x0000021234d302f0 DEOPT PACKING pc=0x00000212245d0dd4 sp=0x0000009a2e4feab0
Event: 24.586 Thread 0x0000021234d302f0 DEOPT UNPACKING pc=0x0000021223e29ea3 sp=0x0000009a2e4fea20 mode 2
Event: 31.601 Thread 0x0000021234499260 Uncommon trap: trap_request=0xffffff45 fr.pc=0x00000212249ef664 relative=0x00000000000003a4
Event: 31.601 Thread 0x0000021234499260 Uncommon trap: reason=unstable_if action=reinterpret pc=0x00000212249ef664 method=java.util.HashMap.removeNode(ILjava/lang/Object;Ljava/lang/Object;ZZ)Ljava/util/HashMap$Node; @ 62 c2
Event: 31.601 Thread 0x0000021234499260 DEOPT PACKING pc=0x00000212249ef664 sp=0x0000009a2d8feaf0
Event: 31.601 Thread 0x0000021234499260 DEOPT UNPACKING pc=0x0000021223e29ea3 sp=0x0000009a2d8fe9f0 mode 2

Classes loaded (20 events):
Event: 20.665 Loading class java/util/concurrent/ConcurrentHashMap$KeySpliterator
Event: 20.665 Loading class java/util/concurrent/ConcurrentHashMap$KeySpliterator done
Event: 21.743 Loading class jdk/internal/module/IllegalAccessLogger
Event: 21.743 Loading class jdk/internal/module/IllegalAccessLogger done
Event: 22.131 Loading class java/lang/ProcessBuilder
Event: 22.132 Loading class java/lang/ProcessBuilder done
Event: 22.132 Loading class java/lang/ProcessImpl
Event: 22.133 Loading class java/lang/ProcessImpl done
Event: 22.144 Loading class java/lang/ProcessImpl$2
Event: 22.144 Loading class java/lang/ProcessImpl$2 done
Event: 22.144 Loading class java/lang/Process$PipeInputStream
Event: 22.144 Loading class java/lang/Process$PipeInputStream done
Event: 22.172 Loading class jdk/internal/event/ProcessStartEvent
Event: 22.173 Loading class jdk/internal/event/ProcessStartEvent done
Event: 22.173 Loading class java/io/PipedOutputStream
Event: 22.173 Loading class java/io/PipedOutputStream done
Event: 24.308 Loading class java/io/CharArrayWriter
Event: 24.308 Loading class java/io/CharArrayWriter done
Event: 24.323 Loading class java/nio/file/attribute/PosixFileAttributes
Event: 24.323 Loading class java/nio/file/attribute/PosixFileAttributes done

Classes unloaded (8 events):
Event: 5.599 Thread 0x0000021219cb9a70 Unloading class 0x0000000100258000 'java/lang/invoke/LambdaForm$MH+0x0000000100258000'
Event: 5.599 Thread 0x0000021219cb9a70 Unloading class 0x0000000100257c00 'java/lang/invoke/LambdaForm$MH+0x0000000100257c00'
Event: 5.599 Thread 0x0000021219cb9a70 Unloading class 0x0000000100257800 'java/lang/invoke/LambdaForm$MH+0x0000000100257800'
Event: 5.599 Thread 0x0000021219cb9a70 Unloading class 0x0000000100257400 'java/lang/invoke/LambdaForm$MH+0x0000000100257400'
Event: 5.599 Thread 0x0000021219cb9a70 Unloading class 0x0000000100257000 'java/lang/invoke/LambdaForm$BMH+0x0000000100257000'
Event: 5.599 Thread 0x0000021219cb9a70 Unloading class 0x0000000100256c00 'java/lang/invoke/LambdaForm$DMH+0x0000000100256c00'
Event: 5.599 Thread 0x0000021219cb9a70 Unloading class 0x0000000100254400 'java/lang/invoke/LambdaForm$DMH+0x0000000100254400'
Event: 11.000 Thread 0x0000021219cb9a70 Unloading class 0x000000010069c800 'java/lang/invoke/LambdaForm$DMH+0x000000010069c800'

Classes redefined (0 events):
No events

Internal exceptions (20 events):
Event: 24.850 Thread 0x00000212361b3b80 Exception <a 'sun/nio/fs/WindowsException'{0x00000000ebf43638}> (0x00000000ebf43638) 
thrown [s\src\hotspot\share\prims\jni.cpp, line 516]
Event: 24.851 Thread 0x00000212361b3b80 Exception <a 'sun/nio/fs/WindowsException'{0x00000000ebf44fb8}> (0x00000000ebf44fb8) 
thrown [s\src\hotspot\share\prims\jni.cpp, line 516]
Event: 24.853 Thread 0x00000212361b3b80 Exception <a 'sun/nio/fs/WindowsException'{0x00000000ebf46938}> (0x00000000ebf46938) 
thrown [s\src\hotspot\share\prims\jni.cpp, line 516]
Event: 24.854 Thread 0x00000212361b3b80 Exception <a 'sun/nio/fs/WindowsException'{0x00000000ebf482b8}> (0x00000000ebf482b8) 
thrown [s\src\hotspot\share\prims\jni.cpp, line 516]
Event: 24.856 Thread 0x00000212361b3b80 Exception <a 'sun/nio/fs/WindowsException'{0x00000000ebf49c38}> (0x00000000ebf49c38) 
thrown [s\src\hotspot\share\prims\jni.cpp, line 516]
Event: 24.857 Thread 0x00000212361b3b80 Exception <a 'sun/nio/fs/WindowsException'{0x00000000ebf4b5b8}> (0x00000000ebf4b5b8) 
thrown [s\src\hotspot\share\prims\jni.cpp, line 516]
Event: 24.859 Thread 0x00000212361b3b80 Exception <a 'sun/nio/fs/WindowsException'{0x00000000ebf4cf38}> (0x00000000ebf4cf38) 
thrown [s\src\hotspot\share\prims\jni.cpp, line 516]
Event: 24.861 Thread 0x00000212361b3b80 Exception <a 'sun/nio/fs/WindowsException'{0x00000000ebf4e8b8}> (0x00000000ebf4e8b8) 
thrown [s\src\hotspot\share\prims\jni.cpp, line 516]
Event: 24.863 Thread 0x00000212361b3b80 Exception <a 'sun/nio/fs/WindowsException'{0x00000000ebf501a0}> (0x00000000ebf501a0) 
thrown [s\src\hotspot\share\prims\jni.cpp, line 516]
Event: 24.865 Thread 0x00000212361b3b80 Exception <a 'sun/nio/fs/WindowsException'{0x00000000ebf51b38}> (0x00000000ebf51b38) 
thrown [s\src\hotspot\share\prims\jni.cpp, line 516]
Event: 24.867 Thread 0x00000212361b3b80 Exception <a 'sun/nio/fs/WindowsException'{0x00000000ebf53408}> (0x00000000ebf53408) 
thrown [s\src\hotspot\share\prims\jni.cpp, line 516]
Event: 24.868 Thread 0x00000212361b3b80 Exception <a 'sun/nio/fs/WindowsException'{0x00000000ebf54d18}> (0x00000000ebf54d18) 
thrown [s\src\hotspot\share\prims\jni.cpp, line 516]
Event: 24.869 Thread 0x00000212361b3b80 Exception <a 'sun/nio/fs/WindowsException'{0x00000000ebf566a8}> (0x00000000ebf566a8) 
thrown [s\src\hotspot\share\prims\jni.cpp, line 516]
Event: 24.871 Thread 0x00000212361b3b80 Exception <a 'sun/nio/fs/WindowsException'{0x00000000ebf57f90}> (0x00000000ebf57f90) 
thrown [s\src\hotspot\share\prims\jni.cpp, line 516]
Event: 24.872 Thread 0x00000212361b3b80 Exception <a 'sun/nio/fs/WindowsException'{0x00000000ebf5a128}> (0x00000000ebf5a128) 
thrown [s\src\hotspot\share\prims\jni.cpp, line 516]
Event: 24.874 Thread 0x00000212361b3b80 Exception <a 'sun/nio/fs/WindowsException'{0x00000000ebf5ba48}> (0x00000000ebf5ba48) 
thrown [s\src\hotspot\share\prims\jni.cpp, line 516]
Event: 24.875 Thread 0x00000212361b3b80 Exception <a 'sun/nio/fs/WindowsException'{0x00000000ebf5d368}> (0x00000000ebf5d368) 
thrown [s\src\hotspot\share\prims\jni.cpp, line 516]
Event: 24.876 Thread 0x00000212361b3b80 Exception <a 'sun/nio/fs/WindowsException'{0x00000000ebf5ec30}> (0x00000000ebf5ec30) 
thrown [s\src\hotspot\share\prims\jni.cpp, line 516]
Event: 24.878 Thread 0x00000212361b3b80 Exception <a 'sun/nio/fs/WindowsException'{0x00000000ebf604f0}> (0x00000000ebf604f0) 
thrown [s\src\hotspot\share\prims\jni.cpp, line 516]
Event: 24.879 Thread 0x00000212361b3b80 Exception <a 'sun/nio/fs/WindowsException'{0x00000000ebf61d88}> (0x00000000ebf61d88) 
thrown [s\src\hotspot\share\prims\jni.cpp, line 516]

VM Operations (20 events):
Event: 21.963 Executing VM operation: ParallelGCFailedAllocation
Event: 21.978 Executing VM operation: ParallelGCFailedAllocation done
Event: 22.146 Executing VM operation: HandshakeAllThreads
Event: 22.172 Executing VM operation: HandshakeAllThreads done
Event: 23.172 Executing VM operation: Cleanup
Event: 23.173 Executing VM operation: Cleanup done
Event: 23.309 Executing VM operation: ParallelGCFailedAllocation
Event: 23.606 Executing VM operation: ParallelGCFailedAllocation done
Event: 24.184 Executing VM operation: HandshakeAllThreads
Event: 24.186 Executing VM operation: HandshakeAllThreads done
Event: 24.216 Executing VM operation: HandshakeAllThreads
Event: 24.221 Executing VM operation: HandshakeAllThreads done
Event: 24.253 Executing VM operation: HandshakeAllThreads
Event: 24.256 Executing VM operation: HandshakeAllThreads done
Event: 24.575 Executing VM operation: ParallelGCFailedAllocation
Event: 24.582 Executing VM operation: ParallelGCFailedAllocation done
Event: 26.582 Executing VM operation: Cleanup
Event: 26.582 Executing VM operation: Cleanup done
Event: 32.586 Executing VM operation: Cleanup
Event: 32.586 Executing VM operation: Cleanup done

Memory protections (0 events):
No events

Nmethod flushes (20 events):
Event: 24.281 Thread 0x0000021232b3a670 flushing  nmethod 0x000002121ddb6b10
Event: 24.281 Thread 0x0000021232b3a670 flushing  nmethod 0x000002121ddbeb90
Event: 24.281 Thread 0x0000021232b3a670 flushing  nmethod 0x000002121dddbe10
Event: 24.282 Thread 0x0000021232b3a670 flushing  nmethod 0x000002121de7a610
Event: 24.282 Thread 0x0000021232b3a670 flushing  nmethod 0x000002121de7ab10
Event: 24.282 Thread 0x0000021232b3a670 flushing osr nmethod 0x000002121dec9d90
Event: 24.282 Thread 0x0000021232b3a670 flushing  nmethod 0x000002121deca310
Event: 24.282 Thread 0x0000021232b3a670 flushing  nmethod 0x000002121dee5110
Event: 24.282 Thread 0x0000021232b3a670 flushing  nmethod 0x000002121dee5610
Event: 24.282 Thread 0x0000021232b3a670 flushing osr nmethod 0x000002121dee5f90
Event: 24.282 Thread 0x0000021232b3a670 flushing  nmethod 0x000002121dee7f10
Event: 24.282 Thread 0x0000021232b3a670 flushing  nmethod 0x000002121dee9b10
Event: 24.282 Thread 0x0000021232b3a670 flushing  nmethod 0x000002121deea090
Event: 24.282 Thread 0x0000021232b3a670 flushing osr nmethod 0x000002121deee810
Event: 24.282 Thread 0x0000021232b3a670 flushing  nmethod 0x000002121deef190
Event: 24.282 Thread 0x0000021232b3a670 flushing  nmethod 0x000002121deefc10
Event: 24.282 Thread 0x0000021232b3a670 flushing osr nmethod 0x000002121def0490
Event: 24.282 Thread 0x0000021232b3a670 flushing  nmethod 0x000002121def2390
Event: 24.282 Thread 0x0000021232b3a670 flushing  nmethod 0x000002121def3f90
Event: 24.282 Thread 0x0000021232b3a670 flushing osr nmethod 0x000002121def4990

Events (20 events):
Event: 24.111 Thread 0x00000212361b3b80 Thread added: 0x000002123404f080
Event: 24.112 Thread 0x00000212361b3b80 Thread added: 0x000002123404f590
Event: 24.112 Thread 0x00000212361b3b80 Thread added: 0x000002123404faa0
Event: 24.112 Thread 0x00000212361b3b80 Thread added: 0x000002123404ffb0
Event: 24.112 Thread 0x00000212361b3b80 Thread added: 0x0000021234049f80
Event: 24.120 Thread 0x0000021232b39580 Thread added: 0x0000021236d2ec00
Event: 24.125 Thread 0x0000021232b39580 Thread added: 0x0000021236d29c50
Event: 24.129 Thread 0x000002123404ffb0 Thread exited: 0x000002123404ffb0
Event: 24.129 Thread 0x0000021234049f80 Thread exited: 0x0000021234049f80
Event: 24.129 Thread 0x000002123404f080 Thread exited: 0x000002123404f080
Event: 24.134 Thread 0x000002123404faa0 Thread exited: 0x000002123404faa0
Event: 24.136 Thread 0x000002123404f590 Thread exited: 0x000002123404f590
Event: 24.787 Thread 0x0000021236d29c50 Thread exited: 0x0000021236d29c50
Event: 24.899 Thread 0x00000212361b3b80 Thread added: 0x000002123404e660
Event: 24.899 Thread 0x00000212361b3b80 Thread added: 0x000002123404aeb0
Event: 29.894 Thread 0x0000021236d2ec00 Thread exited: 0x0000021236d2ec00
Event: 31.604 Thread 0x0000021232b39580 Thread added: 0x0000021236d29c50
Event: 31.614 Thread 0x0000021232b39580 Thread added: 0x0000021236d28c60
Event: 33.045 Thread 0x0000021236d28c60 Thread exited: 0x0000021236d28c60
Event: 38.045 Thread 0x0000021236d29c50 Thread exited: 0x0000021236d29c50


Dynamic libraries:
0x00007ff6c4610000 - 0x00007ff6c461e000 	c:\Users\Kiet\.vscode\extensions\redhat.java-1.38.0-win32-x64\jre\17.0.13-win32-x86_64\bin\java.exe
0x00007ffe112d0000 - 0x00007ffe114e7000 	C:\WINDOWS\SYSTEM32\ntdll.dll
0x00007ffe105a0000 - 0x00007ffe10664000 	C:\WINDOWS\System32\KERNEL32.DLL
0x00007ffe0e7f0000 - 0x00007ffe0ebaa000 	C:\WINDOWS\System32\KERNELBASE.dll
0x00007ffe0ee10000 - 0x00007ffe0ef21000 	C:\WINDOWS\System32\ucrtbase.dll
0x00007ffdfe060000 - 0x00007ffdfe07e000 	c:\Users\Kiet\.vscode\extensions\redhat.java-1.38.0-win32-x64\jre\17.0.13-win32-x86_64\bin\VCRUNTIME140.dll
0x00007ffdf0570000 - 0x00007ffdf0587000 	c:\Users\Kiet\.vscode\extensions\redhat.java-1.38.0-win32-x64\jre\17.0.13-win32-x86_64\bin\jli.dll
0x00007ffe10950000 - 0x00007ffe10afe000 	C:\WINDOWS\System32\USER32.dll
0x00007ffe0e740000 - 0x00007ffe0e766000 	C:\WINDOWS\System32\win32u.dll
0x00007ffe0f1b0000 - 0x00007ffe0f1d9000 	C:\WINDOWS\System32\GDI32.dll
0x00007ffe0e5a0000 - 0x00007ffe0e6bb000 	C:\WINDOWS\System32\gdi32full.dll
0x00007ffe0ef30000 - 0x00007ffe0efca000 	C:\WINDOWS\System32\msvcp_win.dll
0x00007ffdf4940000 - 0x00007ffdf4bd2000 	C:\WINDOWS\WinSxS\amd64_microsoft.windows.common-controls_6595b64144ccf1df_6.0.22621.4541_none_2710d1c57384c085\COMCTL32.dll
0x00007ffe10b20000 - 0x00007ffe10bc7000 	C:\WINDOWS\System32\msvcrt.dll
0x00007ffe0f030000 - 0x00007ffe0f061000 	C:\WINDOWS\System32\IMM32.DLL
0x00007ffe0a320000 - 0x00007ffe0a32c000 	c:\Users\Kiet\.vscode\extensions\redhat.java-1.38.0-win32-x64\jre\17.0.13-win32-x86_64\bin\vcruntime140_1.dll
0x00007ffdd0360000 - 0x00007ffdd03ed000 	c:\Users\Kiet\.vscode\extensions\redhat.java-1.38.0-win32-x64\jre\17.0.13-win32-x86_64\bin\msvcp140.dll
0x00007ffdc50c0000 - 0x00007ffdc5d2b000 	c:\Users\Kiet\.vscode\extensions\redhat.java-1.38.0-win32-x64\jre\17.0.13-win32-x86_64\bin\server\jvm.dll
0x00007ffe111d0000 - 0x00007ffe11282000 	C:\WINDOWS\System32\ADVAPI32.dll
0x00007ffe0f2e0000 - 0x00007ffe0f387000 	C:\WINDOWS\System32\sechost.dll
0x00007ffe0ebb0000 - 0x00007ffe0ebd8000 	C:\WINDOWS\System32\bcrypt.dll
0x00007ffe0f070000 - 0x00007ffe0f184000 	C:\WINDOWS\System32\RPCRT4.dll
0x00007ffe10340000 - 0x00007ffe103b1000 	C:\WINDOWS\System32\WS2_32.dll
0x00007ffe0e470000 - 0x00007ffe0e4bd000 	C:\WINDOWS\SYSTEM32\POWRPROF.dll
0x00007ffe0a010000 - 0x00007ffe0a044000 	C:\WINDOWS\SYSTEM32\WINMM.dll
0x00007ffe0a630000 - 0x00007ffe0a63a000 	C:\WINDOWS\SYSTEM32\VERSION.dll
0x00007ffe0e450000 - 0x00007ffe0e463000 	C:\WINDOWS\SYSTEM32\UMPDC.dll
0x00007ffe0d5e0000 - 0x00007ffe0d5f8000 	C:\WINDOWS\SYSTEM32\kernel.appcore.dll
0x00007ffe09f30000 - 0x00007ffe09f3a000 	c:\Users\Kiet\.vscode\extensions\redhat.java-1.38.0-win32-x64\jre\17.0.13-win32-x86_64\bin\jimage.dll
0x00007ffe0bdb0000 - 0x00007ffe0bfe2000 	C:\WINDOWS\SYSTEM32\DBGHELP.DLL
0x00007ffe0fca0000 - 0x00007ffe1002f000 	C:\WINDOWS\System32\combase.dll
0x00007ffe110f0000 - 0x00007ffe111c7000 	C:\WINDOWS\System32\OLEAUT32.dll
0x00007ffdfae80000 - 0x00007ffdfaeb2000 	C:\WINDOWS\SYSTEM32\dbgcore.DLL
0x00007ffe0e6c0000 - 0x00007ffe0e73b000 	C:\WINDOWS\System32\bcryptPrimitives.dll
0x00007ffe09bc0000 - 0x00007ffe09bce000 	c:\Users\Kiet\.vscode\extensions\redhat.java-1.38.0-win32-x64\jre\17.0.13-win32-x86_64\bin\instrument.dll
0x00007ffde3db0000 - 0x00007ffde3dd5000 	c:\Users\Kiet\.vscode\extensions\redhat.java-1.38.0-win32-x64\jre\17.0.13-win32-x86_64\bin\java.dll
0x00007ffdee860000 - 0x00007ffdee878000 	c:\Users\Kiet\.vscode\extensions\redhat.java-1.38.0-win32-x64\jre\17.0.13-win32-x86_64\bin\zip.dll
0x00007ffe0f390000 - 0x00007ffe0fc08000 	C:\WINDOWS\System32\SHELL32.dll
0x00007ffe0c4e0000 - 0x00007ffe0cde8000 	C:\WINDOWS\SYSTEM32\windows.storage.dll
0x00007ffe0c3a0000 - 0x00007ffe0c4df000 	C:\WINDOWS\SYSTEM32\wintypes.dll
0x00007ffe0f1e0000 - 0x00007ffe0f2da000 	C:\WINDOWS\System32\SHCORE.dll
0x00007ffe0efd0000 - 0x00007ffe0f02e000 	C:\WINDOWS\System32\shlwapi.dll
0x00007ffe0e4d0000 - 0x00007ffe0e4fb000 	C:\WINDOWS\SYSTEM32\profapi.dll
0x00007ffdea1d0000 - 0x00007ffdea1e9000 	C:\Users\Kiet\.vscode\extensions\redhat.java-1.38.0-win32-x64\jre\17.0.13-win32-x86_64\bin\net.dll
0x00007ffe09d40000 - 0x00007ffe09e76000 	C:\WINDOWS\SYSTEM32\WINHTTP.dll
0x00007ffe0da60000 - 0x00007ffe0dac9000 	C:\WINDOWS\system32\mswsock.dll
0x00007ffde88b0000 - 0x00007ffde88c6000 	C:\Users\Kiet\.vscode\extensions\redhat.java-1.38.0-win32-x64\jre\17.0.13-win32-x86_64\bin\nio.dll
0x00007ffe030e0000 - 0x00007ffe030f0000 	c:\Users\Kiet\.vscode\extensions\redhat.java-1.38.0-win32-x64\jre\17.0.13-win32-x86_64\bin\verify.dll
0x00007ffdde140000 - 0x00007ffdde185000 	C:\Users\Kiet\AppData\Roaming\Code\User\globalStorage\redhat.java\1.38.0\config_win\org.eclipse.equinox.launcher\org.eclipse.equinox.launcher.win32.win32.x86_64_1.2.1100.v20240722-2106\eclipse_11904.dll
0x00007ffe10670000 - 0x00007ffe10815000 	C:\WINDOWS\System32\ole32.dll
0x00007ffe0dcb0000 - 0x00007ffe0dccb000 	C:\WINDOWS\SYSTEM32\CRYPTSP.dll
0x00007ffe0d540000 - 0x00007ffe0d575000 	C:\WINDOWS\system32\rsaenh.dll
0x00007ffe0db50000 - 0x00007ffe0db78000 	C:\WINDOWS\SYSTEM32\USERENV.dll
0x00007ffe0dcd0000 - 0x00007ffe0dcdc000 	C:\WINDOWS\SYSTEM32\CRYPTBASE.dll
0x00007ffe0d050000 - 0x00007ffe0d07d000 	C:\WINDOWS\SYSTEM32\IPHLPAPI.DLL
0x00007ffe0f190000 - 0x00007ffe0f199000 	C:\WINDOWS\System32\NSI.dll
0x00007ffe09ad0000 - 0x00007ffe09ae9000 	C:\WINDOWS\SYSTEM32\dhcpcsvc6.DLL
0x00007ffe099b0000 - 0x00007ffe099cf000 	C:\WINDOWS\SYSTEM32\dhcpcsvc.DLL
0x00007ffe0d0c0000 - 0x00007ffe0d1c2000 	C:\WINDOWS\SYSTEM32\DNSAPI.dll
0x00007ffdc9f90000 - 0x00007ffdc9fd9000 	C:\Users\Kiet\AppData\Local\Temp\jna-2338477\jna6126003982475286693.dll
0x00007ffe10590000 - 0x00007ffe10598000 	C:\WINDOWS\System32\PSAPI.DLL
0x00007ffe0d6f0000 - 0x00007ffe0d724000 	C:\WINDOWS\SYSTEM32\ntmarta.dll

dbghelp: loaded successfully - version: 4.0.5 - missing functions: none
symbol engine: initialized successfully - sym options: 0x614 - pdb path: .;c:\Users\Kiet\.vscode\extensions\redhat.java-1.38.0-win32-x64\jre\17.0.13-win32-x86_64\bin;C:\WINDOWS\SYSTEM32;C:\WINDOWS\WinSxS\amd64_microsoft.windows.common-controls_6595b64144ccf1df_6.0.22621.4541_none_2710d1c57384c085;c:\Users\Kiet\.vscode\extensions\redhat.java-1.38.0-win32-x64\jre\17.0.13-win32-x86_64\bin\server;C:\Users\Kiet\AppData\Roaming\Code\User\globalStorage\redhat.java\1.38.0\config_win\org.eclipse.equinox.launcher\org.eclipse.equinox.launcher.win32.win32.x86_64_1.2.1100.v20240722-2106;C:\Users\Kiet\AppData\Local\Temp\jna-2338477

VM Arguments:
jvm_args: --add-modules=ALL-SYSTEM --add-opens=java.base/java.util=ALL-UNNAMED --add-opens=java.base/java.lang=ALL-UNNAMED --add-opens=java.base/sun.nio.fs=ALL-UNNAMED -Declipse.application=org.eclipse.jdt.ls.core.id1 -Dosgi.bundles.defaultStartLevel=4 -Declipse.product=org.eclipse.jdt.ls.core.product -Djava.import.generatesMetadataFilesAtProjectRoot=false -DDetectVMInstallationsJob.disabled=true -Dfile.encoding=utf8 -XX:+UseParallelGC -XX:GCTimeRatio=4 -XX:AdaptiveSizePolicyWeight=90 -Dsun.zip.disableMemoryMapping=true -Xmx1G -Xms100m -Xlog:disable -javaagent:c:\Users\Kiet\.vscode\extensions\redhat.java-1.38.0-win32-x64\lombok\lombok-1.18.34.jar -XX:+HeapDumpOnOutOfMemoryError -XX:HeapDumpPath=c:\Users\Kiet\AppData\Roaming\Code\User\workspaceStorage\f22878db525d6a51bc79ced663af2e8e\redhat.java -Daether.dependencyCollector.impl=bf 
java_command: c:\Users\Kiet\.vscode\extensions\redhat.java-1.38.0-win32-x64\server\plugins\org.eclipse.equinox.launcher_1.6.900.v20240613-2009.jar -configuration c:\Users\Kiet\AppData\Roaming\Code\User\globalStorage\redhat.java\1.38.0\config_win -data c:\Users\Kiet\AppData\Roaming\Code\User\workspaceStorage\f22878db525d6a51bc79ced663af2e8e\redhat.java\jdt_ws --pipe=\\.\pipe\lsp-ad3e87e7b1198c798605372124e837e6-sock
java_class_path (initial): c:\Users\Kiet\.vscode\extensions\redhat.java-1.38.0-win32-x64\server\plugins\org.eclipse.equinox.launcher_1.6.900.v20240613-2009.jar
Launcher Type: SUN_STANDARD

[Global flags]
    uintx AdaptiveSizePolicyWeight                 = 90                                        {product} {command line}
     intx CICompilerCount                          = 4                                         {product} {ergonomic}
    uintx GCTimeRatio                              = 4                                         {product} {command line}
     bool HeapDumpOnOutOfMemoryError               = true                                   {manageable} {command line}
    ccstr HeapDumpPath                             = c:\Users\Kiet\AppData\Roaming\Code\User\workspaceStorage\f22878db525d6a51bc79ced663af2e8e\redhat.java         {manageable} {command line}
   size_t InitialHeapSize                          = 104857600                                 {product} {command line}
   size_t MaxHeapSize                              = 1073741824                                {product} {command line}
   size_t MaxNewSize                               = 357564416                                 {product} {ergonomic}
   size_t MinHeapDeltaBytes                        = 524288                                    {product} {ergonomic}
   size_t MinHeapSize                              = 104857600                                 {product} {command line}
   size_t NewSize                                  = 34603008                                  {product} {ergonomic}
    uintx NonNMethodCodeHeapSize                   = 5839372                                {pd product} {ergonomic}
    uintx NonProfiledCodeHeapSize                  = 122909434                              {pd product} {ergonomic}
   size_t OldSize                                  = 70254592                                  {product} {ergonomic}
    uintx ProfiledCodeHeapSize                     = 122909434                              {pd product} {ergonomic}
    uintx ReservedCodeCacheSize                    = 251658240                              {pd product} {ergonomic}
     bool SegmentedCodeCache                       = true                                      {product} {ergonomic}
   size_t SoftMaxHeapSize                          = 1073741824                             {manageable} {ergonomic}
     bool UseCompressedClassPointers               = true                           {product lp64_product} {ergonomic}
     bool UseCompressedOops                        = true                           {product lp64_product} {ergonomic}
     bool UseLargePagesIndividualAllocation        = false                                  {pd product} {ergonomic}
     bool UseParallelGC                            = true                                      {product} {command line}

Logging:
Log output configuration:
 #0: stdout all=off uptime,level,tags
 #1: stderr all=off uptime,level,tags

Environment Variables:
JAVA_HOME=C:\Program Files\Java\jdk-21
PATH=C:\Program Files\Common Files\Oracle\Java\javapath;C:\Program Files (x86)\Common Files\Oracle\Java\java8path;C:\Program Files (x86)\Common Files\Oracle\Java\javapath;C:\WINDOWS\system32;C:\WINDOWS;C:\WINDOWS\System32\Wbem;C:\WINDOWS\System32\WindowsPowerShell\v1.0\;C:\WINDOWS\System32\OpenSSH\;C:\Program Files\dotnet\;C:\Program Files (x86)\Microsoft SQL Server\160\Tools\Binn\;C:\Program Files\Microsoft SQL Server\160\Tools\Binn\;C:\Program Files\Microsoft SQL Server\Client SDK\ODBC\170\Tools\Binn\;C:\Program Files\Microsoft SQL Server\160\DTS\Binn\;C:\Program Files (x86)\Microsoft SQL Server\160\DTS\Binn\;C:\Program Files\Azure Data Studio\bin;C:\Program Files\apache-maven-3.9.6\bin;C:\Program Files\Git\cmd;C:\Program Files\Java\jdk-21\bin;C:\Users\Kiet\AppData\Local\Programs\Python\Python38;C:\Users\Kiet\AppData\Local\Programs\Python\Python38\Scripts;C:\Program Files\CMake\bin;C:\Program Files\PostgreSQL\17\bin;C:\Users\Kiet\anaconda3\Scripts;C:\Program Files\nodejs\;C:\Users\Kiet\AppData\Local\Microsoft\WindowsApps;C:\Users\Kiet\AppData\Local\Programs\Microsoft VS Code\bin;C:\Users\Kiet\.dotnet\tools;C:\Program Files\Azure Data Studio\bin;C:\Users\Kiet\AppData\Roaming\npm
USERNAME=Kiet
OS=Windows_NT
PROCESSOR_IDENTIFIER=Intel64 Family 6 Model 126 Stepping 5, GenuineIntel
TMP=C:\Users\Kiet\AppData\Local\Temp
TEMP=C:\Users\Kiet\AppData\Local\Temp



Periodic native trim disabled


---------------  S Y S T E M  ---------------

OS:
 Windows 11 , 64 bit Build 22621 (10.0.22621.4391)
OS uptime: 6 days 1:20 hours

CPU: total 8 (initial active 8) (4 cores per cpu, 2 threads per core) family 6 model 126 stepping 5 microcode 0xa6, cx8, cmov, fxsr, ht, mmx, 3dnowpref, sse, sse2, sse3, ssse3, sse4.1, sse4.2, popcnt, lzcnt, tsc, tscinvbit, avx, avx2, aes, erms, clmul, bmi1, bmi2, adx, avx512f, avx512dq, avx512cd, avx512bw, avx512vl, sha, fma, vzeroupper, avx512_vpopcntdq, avx512_vpclmulqdq, avx512_vaes, avx512_vnni, clflush, clflushopt, avx512_vbmi2, avx512_vbmi
Processor Information for all 8 processors :
  Max Mhz: 1190, Current Mhz: 991, Mhz Limit: 987

Memory: 4k page, system-wide physical 7987M (446M free)
TotalPageFile size 10035M (AvailPageFile size 26M)
current process WorkingSet (physical memory assigned to process): 716M, peak: 783M
current process commit charge ("private bytes"): 651M, peak: 711M

vm_info: OpenJDK 64-Bit Server VM (17.0.13+11) for windows-amd64 JRE (17.0.13+11), built on Oct 16 2024 00:10:08 by "admin" with MS VC++ 17.7 (VS2022)

END.
