#
# There is insufficient memory for the Java Runtime Environment to continue.
# Native memory allocation (malloc) failed to allocate 2097152 bytes. Error detail: AllocateHeap
# Possible reasons:
#   The system is out of physical RAM or swap space
#   This process is running with CompressedOops enabled, and the Java Heap may be blocking the growth of the native heap
# Possible solutions:
#   Reduce memory load on the system
#   Increase physical memory or swap space
#   Check if swap backing store is full
#   Decrease Java heap size (-Xmx/-Xms)
#   Decrease number of Java threads
#   Decrease Java thread stack sizes (-Xss)
#   Set larger code cache with -XX:ReservedCodeCacheSize=
#   JVM is running with Unscaled Compressed Oops mode in which the Java heap is
#     placed in the first 4GB address space. The Java Heap base address is the
#     maximum limit for the native heap growth. Please use -XX:HeapBaseMinAddress
#     to set the Java Heap base and to place the Java Heap above 4GB virtual address.
# This output file may be truncated or incomplete.
#
#  Out of Memory Error (allocation.cpp:44), pid=22356, tid=12232
#
# JRE version: OpenJDK Runtime Environment Temurin-17.0.12+7 (17.0.12+7) (build 17.0.12+7)
# Java VM: OpenJDK 64-Bit Server VM Temurin-17.0.12+7 (17.0.12+7, mixed mode, tiered, compressed oops, compressed class ptrs, g1 gc, windows-amd64)
# No core dump will be written. Minidumps are not enabled by default on client versions of Windows
#

---------------  S U M M A R Y ------------

Command Line: -XX:+ShowCodeDetailsInExceptionMessages net.enjoy.springboot.registrationlogin.RegistrationLoginApplication

Host: Intel(R) Core(TM) i5-1035G1 CPU @ 1.00GHz, 8 cores, 7G,  Windows 11 , 64 bit Build 22621 (10.0.22621.3958)
Time: Sat Sep 28 21:13:51 2024 SE Asia Standard Time elapsed time: 4526.097866 seconds (0d 1h 15m 26s)

---------------  T H R E A D  ---------------

Current thread (0x000001bcfef4f680):  VMThread "VM Thread" [stack: 0x0000003d8f600000,0x0000003d8f700000] [id=12232]

Stack: [0x0000003d8f600000,0x0000003d8f700000]
Native frames: (J=compiled Java code, j=interpreted, Vv=VM code, C=native code)
V  [jvm.dll+0x67f929]
V  [jvm.dll+0x8371ba]
V  [jvm.dll+0x838c7e]
V  [jvm.dll+0x8392e3]
V  [jvm.dll+0x24834f]
V  [jvm.dll+0xa70d3]
V  [jvm.dll+0x2f9101]
V  [jvm.dll+0x2f4d00]
V  [jvm.dll+0x2dd82f]
V  [jvm.dll+0x3201f7]
V  [jvm.dll+0x83d7dd]
V  [jvm.dll+0x83e522]
V  [jvm.dll+0x83ea4f]
V  [jvm.dll+0x83ee34]
V  [jvm.dll+0x83ef00]
V  [jvm.dll+0x7e65dc]
V  [jvm.dll+0x67e7f7]
C  [ucrtbase.dll+0x29333]
C  [KERNEL32.DLL+0x1257d]
C  [ntdll.dll+0x5af28]

VM_Operation (0x0000003d903ff020): G1CollectFull, mode: safepoint, requested by thread 0x000001bc87dd3400


---------------  P R O C E S S  ---------------

Threads class SMR info:
_java_thread_list=0x000001bc87bf3ed0, length=15, elements={
0x000001bcfef93260, 0x000001bcfef944d0, 0x000001bcfef7a350, 0x000001bcfefb45b0,
0x000001bcfefb92b0, 0x000001bcfefb9b80, 0x000001bcfefba830, 0x000001bcfefbb990,
0x000001bcfefbc2a0, 0x000001bcff12a210, 0x000001bcff129830, 0x000001bc869a6290,
0x000001bc8c2f46d0, 0x000001bc8c2f7970, 0x000001bc87dd3400
}

Java Threads: ( => current thread )
  0x000001bcfef93260 JavaThread "Reference Handler" daemon [_thread_blocked, id=11268, stack(0x0000003d8f700000,0x0000003d8f800000)]
  0x000001bcfef944d0 JavaThread "Finalizer" daemon [_thread_blocked, id=16172, stack(0x0000003d8f800000,0x0000003d8f900000)]
  0x000001bcfef7a350 JavaThread "Signal Dispatcher" daemon [_thread_blocked, id=8692, stack(0x0000003d8f900000,0x0000003d8fa00000)]
  0x000001bcfefb45b0 JavaThread "Attach Listener" daemon [_thread_blocked, id=17552, stack(0x0000003d8fa00000,0x0000003d8fb00000)]
  0x000001bcfefb92b0 JavaThread "Service Thread" daemon [_thread_blocked, id=15128, stack(0x0000003d8fb00000,0x0000003d8fc00000)]
  0x000001bcfefb9b80 JavaThread "Monitor Deflation Thread" daemon [_thread_blocked, id=19016, stack(0x0000003d8fc00000,0x0000003d8fd00000)]
  0x000001bcfefba830 JavaThread "C2 CompilerThread0" daemon [_thread_blocked, id=5520, stack(0x0000003d8fd00000,0x0000003d8fe00000)]
  0x000001bcfefbb990 JavaThread "C1 CompilerThread0" daemon [_thread_blocked, id=19452, stack(0x0000003d8fe00000,0x0000003d8ff00000)]
  0x000001bcfefbc2a0 JavaThread "Sweeper thread" daemon [_thread_blocked, id=17604, stack(0x0000003d8ff00000,0x0000003d90000000)]
  0x000001bcff12a210 JavaThread "Notification Thread" daemon [_thread_blocked, id=9956, stack(0x0000003d90000000,0x0000003d90100000)]
  0x000001bcff129830 JavaThread "Common-Cleaner" daemon [_thread_blocked, id=5236, stack(0x0000003d90200000,0x0000003d90300000)]
  0x000001bc869a6290 JavaThread "mysql-cj-abandoned-connection-cleanup" daemon [_thread_blocked, id=11256, stack(0x0000003d91200000,0x0000003d91300000)]
  0x000001bc8c2f46d0 JavaThread "Live Reload Server" daemon [_thread_in_native, id=2920, stack(0x0000003d91800000,0x0000003d91900000)]
  0x000001bc8c2f7970 JavaThread "DestroyJavaVM" [_thread_blocked, id=21384, stack(0x0000003d8f000000,0x0000003d8f100000)]
  0x000001bc87dd3400 JavaThread "Thread-147" [_thread_blocked, id=3384, stack(0x0000003d90300000,0x0000003d90400000)]

Other Threads:
=>0x000001bcfef4f680 VMThread "VM Thread" [stack: 0x0000003d8f600000,0x0000003d8f700000] [id=12232]
  0x000001bcff073770 WatcherThread [stack: 0x0000003d90100000,0x0000003d90200000] [id=19200]
  0x000001bce5b7c810 GCTaskThread "GC Thread#0" [stack: 0x0000003d8f100000,0x0000003d8f200000] [id=15720]
  0x000001bc8640bac0 GCTaskThread "GC Thread#1" [stack: 0x0000003d90700000,0x0000003d90800000] [id=10168]
  0x000001bc8640b800 GCTaskThread "GC Thread#2" [stack: 0x0000003d90800000,0x0000003d90900000] [id=2608]
  0x000001bc8640b540 GCTaskThread "GC Thread#3" [stack: 0x0000003d90900000,0x0000003d90a00000] [id=9076]
  0x000001bc8640bd80 GCTaskThread "GC Thread#4" [stack: 0x0000003d90a00000,0x0000003d90b00000] [id=14828]
  0x000001bc8640b280 GCTaskThread "GC Thread#5" [stack: 0x0000003d90b00000,0x0000003d90c00000] [id=12224]
  0x000001bc86de2a00 GCTaskThread "GC Thread#6" [stack: 0x0000003d90d00000,0x0000003d90e00000] [id=10512]
  0x000001bc86de2480 GCTaskThread "GC Thread#7" [stack: 0x0000003d90e00000,0x0000003d90f00000] [id=2548]
  0x000001bce5b8d730 ConcurrentGCThread "G1 Main Marker" [stack: 0x0000003d8f200000,0x0000003d8f300000] [id=16772]
  0x000001bce5b8e8f0 ConcurrentGCThread "G1 Conc#0" [stack: 0x0000003d8f300000,0x0000003d8f400000] [id=16116]
  0x000001bc86de1c40 ConcurrentGCThread "G1 Conc#1" [stack: 0x0000003d90f00000,0x0000003d91000000] [id=11048]
  0x000001bcfedca110 ConcurrentGCThread "G1 Refine#0" [stack: 0x0000003d8f400000,0x0000003d8f500000] [id=2444]
  0x000001bcfedcab40 ConcurrentGCThread "G1 Service" [stack: 0x0000003d8f500000,0x0000003d8f600000] [id=20392]

Threads with active compile tasks:

VM state: at safepoint (normal execution)

VM Mutex/Monitor currently owned by a thread:  ([mutex/lock_event])
[0x000001bce5b15600] Threads_lock - owner thread: 0x000001bcfef4f680
[0x000001bce5b165c0] Heap_lock - owner thread: 0x000001bc87dd3400

Heap address: 0x0000000083200000, size: 1998 MB, Compressed Oops mode: 32-bit

CDS archive(s) not mapped
Compressed class space mapped at: 0x0000000100000000-0x0000000140000000, reserved size: 1073741824
Narrow klass base: 0x0000000000000000, Narrow klass shift: 3, Narrow klass range: 0x140000000

GC Precious Log:
 CPUs: 8 total, 8 available
 Memory: 7987M
 Large Page Support: Disabled
 NUMA Support: Disabled
 Compressed Oops: Enabled (32-bit)
 Heap Region Size: 1M
 Heap Min Capacity: 8M
 Heap Initial Capacity: 126M
 Heap Max Capacity: 1998M
 Pre-touch: Disabled
 Parallel Workers: 8
 Concurrent Workers: 2
 Concurrent Refinement Workers: 8
 Periodic GC: Disabled

Heap:
 garbage-first heap   total 164864K, used 94221K [0x0000000083200000, 0x0000000100000000)
  region size 1024K, 52 young (53248K), 5 survivors (5120K)
 Metaspace       used 116580K, committed 118080K, reserved 1179648K
  class space    used 14130K, committed 14912K, reserved 1048576K

Heap Regions: E=young(eden), S=young(survivor), O=old, HS=humongous(starts), HC=humongous(continues), CS=collection set, F=free, OA=open archive, CA=closed archive, TAMS=top-at-mark-start (previous, next)
|   0|0x0000000083200000, 0x0000000083300000, 0x0000000083300000|100%|HS|  |TAMS 0x0000000083300000, 0x0000000083200000| Complete 
|   1|0x0000000083300000, 0x00000000833fffb0, 0x0000000083400000| 99%| O|  |TAMS 0x00000000833fffb0, 0x0000000083300000| Untracked 
|   2|0x0000000083400000, 0x00000000834ff9c0, 0x0000000083500000| 99%| O|  |TAMS 0x00000000834ff9c0, 0x0000000083400000| Untracked 
|   3|0x0000000083500000, 0x00000000835fff90, 0x0000000083600000| 99%| O|  |TAMS 0x00000000835fff90, 0x0000000083500000| Untracked 
|   4|0x0000000083600000, 0x00000000836ffff0, 0x0000000083700000| 99%| O|  |TAMS 0x00000000836ffff0, 0x0000000083600000| Untracked 
|   5|0x0000000083700000, 0x0000000083800000, 0x0000000083800000|100%| O|  |TAMS 0x0000000083800000, 0x0000000083700000| Untracked 
|   6|0x0000000083800000, 0x0000000083900000, 0x0000000083900000|100%| O|  |TAMS 0x0000000083900000, 0x0000000083800000| Untracked 
|   7|0x0000000083900000, 0x00000000839fffe0, 0x0000000083a00000| 99%| O|  |TAMS 0x00000000839fffe0, 0x0000000083900000| Untracked 
|   8|0x0000000083a00000, 0x0000000083afffe0, 0x0000000083b00000| 99%| O|  |TAMS 0x0000000083afffe0, 0x0000000083a00000| Untracked 
|   9|0x0000000083b00000, 0x0000000083c00000, 0x0000000083c00000|100%| O|  |TAMS 0x0000000083c00000, 0x0000000083b00000| Untracked 
|  10|0x0000000083c00000, 0x0000000083d00000, 0x0000000083d00000|100%| O|  |TAMS 0x0000000083d00000, 0x0000000083c00000| Untracked 
|  11|0x0000000083d00000, 0x0000000083e00000, 0x0000000083e00000|100%| O|  |TAMS 0x0000000083e00000, 0x0000000083d00000| Untracked 
|  12|0x0000000083e00000, 0x0000000083effff0, 0x0000000083f00000| 99%| O|  |TAMS 0x0000000083effff0, 0x0000000083e00000| Untracked 
|  13|0x0000000083f00000, 0x0000000084000000, 0x0000000084000000|100%| O|  |TAMS 0x0000000084000000, 0x0000000083f00000| Untracked 
|  14|0x0000000084000000, 0x00000000840fffd8, 0x0000000084100000| 99%| O|  |TAMS 0x00000000840fffd8, 0x0000000084000000| Untracked 
|  15|0x0000000084100000, 0x00000000841ff2a0, 0x0000000084200000| 99%| O|  |TAMS 0x00000000841ff2a0, 0x0000000084100000| Untracked 
|  16|0x0000000084200000, 0x00000000842fffe8, 0x0000000084300000| 99%| O|  |TAMS 0x00000000842fffe8, 0x0000000084200000| Untracked 
|  17|0x0000000084300000, 0x00000000843fff60, 0x0000000084400000| 99%| O|  |TAMS 0x00000000843fff60, 0x0000000084300000| Untracked 
|  18|0x0000000084400000, 0x00000000844ffff0, 0x0000000084500000| 99%| O|  |TAMS 0x00000000844ffff0, 0x0000000084400000| Untracked 
|  19|0x0000000084500000, 0x00000000845fff50, 0x0000000084600000| 99%| O|  |TAMS 0x00000000845fff50, 0x0000000084500000| Untracked 
|  20|0x0000000084600000, 0x00000000846fffb8, 0x0000000084700000| 99%| O|  |TAMS 0x00000000846fffb8, 0x0000000084600000| Untracked 
|  21|0x0000000084700000, 0x0000000084800000, 0x0000000084800000|100%| O|  |TAMS 0x0000000084800000, 0x0000000084700000| Untracked 
|  22|0x0000000084800000, 0x0000000084900000, 0x0000000084900000|100%| O|  |TAMS 0x0000000084900000, 0x0000000084800000| Untracked 
|  23|0x0000000084900000, 0x00000000849fffc0, 0x0000000084a00000| 99%| O|  |TAMS 0x00000000849fffc0, 0x0000000084900000| Untracked 
|  24|0x0000000084a00000, 0x0000000084affff0, 0x0000000084b00000| 99%| O|  |TAMS 0x0000000084affff0, 0x0000000084a00000| Untracked 
|  25|0x0000000084b00000, 0x0000000084bfffb0, 0x0000000084c00000| 99%| O|  |TAMS 0x0000000084bfffb0, 0x0000000084b00000| Untracked 
|  26|0x0000000084c00000, 0x0000000084cffef8, 0x0000000084d00000| 99%| O|  |TAMS 0x0000000084cffef8, 0x0000000084c00000| Untracked 
|  27|0x0000000084d00000, 0x0000000084dfffd0, 0x0000000084e00000| 99%| O|  |TAMS 0x0000000084dfffd0, 0x0000000084d00000| Untracked 
|  28|0x0000000084e00000, 0x0000000084effff8, 0x0000000084f00000| 99%| O|  |TAMS 0x0000000084effff8, 0x0000000084e00000| Untracked 
|  29|0x0000000084f00000, 0x0000000084ffcaa8, 0x0000000085000000| 98%| O|  |TAMS 0x0000000084ffcaa8, 0x0000000084f00000| Untracked 
|  30|0x0000000085000000, 0x0000000085100000, 0x0000000085100000|100%| O|  |TAMS 0x0000000085100000, 0x0000000085000000| Untracked 
|  31|0x0000000085100000, 0x00000000851fffc0, 0x0000000085200000| 99%| O|  |TAMS 0x00000000851fffc0, 0x0000000085100000| Untracked 
|  32|0x0000000085200000, 0x00000000852fffc0, 0x0000000085300000| 99%| O|  |TAMS 0x00000000852fffc0, 0x0000000085200000| Untracked 
|  33|0x0000000085300000, 0x00000000853ffff8, 0x0000000085400000| 99%| O|  |TAMS 0x00000000853ffff8, 0x0000000085300000| Untracked 
|  34|0x0000000085400000, 0x00000000854fffe8, 0x0000000085500000| 99%| O|  |TAMS 0x00000000854fffe8, 0x0000000085400000| Untracked 
|  35|0x0000000085500000, 0x00000000855ff618, 0x0000000085600000| 99%| O|  |TAMS 0x00000000855ff618, 0x0000000085500000| Untracked 
|  36|0x0000000085600000, 0x00000000856ffff8, 0x0000000085700000| 99%| O|  |TAMS 0x00000000856ffff8, 0x0000000085600000| Untracked 
|  37|0x0000000085700000, 0x00000000857fffe8, 0x0000000085800000| 99%| O|  |TAMS 0x00000000857fffe8, 0x0000000085700000| Untracked 
|  38|0x0000000085800000, 0x00000000858fffe0, 0x0000000085900000| 99%| O|  |TAMS 0x00000000858fffe0, 0x0000000085800000| Untracked 
|  39|0x0000000085900000, 0x0000000085932b50, 0x0000000085a00000| 19%| O|  |TAMS 0x0000000085932b50, 0x0000000085900000| Untracked 
|  40|0x0000000085a00000, 0x0000000085af0d18, 0x0000000085b00000| 94%| O|  |TAMS 0x0000000085af0d18, 0x0000000085a00000| Untracked 
|  41|0x0000000085b00000, 0x0000000085b00000, 0x0000000085c00000|  0%| F|  |TAMS 0x0000000085b00000, 0x0000000085b00000| Untracked 
|  42|0x0000000085c00000, 0x0000000085c00000, 0x0000000085d00000|  0%| F|  |TAMS 0x0000000085c00000, 0x0000000085c00000| Untracked 
|  43|0x0000000085d00000, 0x0000000085d00000, 0x0000000085e00000|  0%| F|  |TAMS 0x0000000085d00000, 0x0000000085d00000| Untracked 
|  44|0x0000000085e00000, 0x0000000085e00000, 0x0000000085f00000|  0%| F|  |TAMS 0x0000000085e00000, 0x0000000085e00000| Untracked 
|  45|0x0000000085f00000, 0x0000000085f00000, 0x0000000086000000|  0%| F|  |TAMS 0x0000000085f00000, 0x0000000085f00000| Untracked 
|  46|0x0000000086000000, 0x0000000086000000, 0x0000000086100000|  0%| F|  |TAMS 0x0000000086000000, 0x0000000086000000| Untracked 
|  47|0x0000000086100000, 0x0000000086100000, 0x0000000086200000|  0%| F|  |TAMS 0x0000000086100000, 0x0000000086100000| Untracked 
|  48|0x0000000086200000, 0x0000000086200000, 0x0000000086300000|  0%| F|  |TAMS 0x0000000086200000, 0x0000000086200000| Untracked 
|  49|0x0000000086300000, 0x0000000086300000, 0x0000000086400000|  0%| F|  |TAMS 0x0000000086300000, 0x0000000086300000| Untracked 
|  50|0x0000000086400000, 0x0000000086400000, 0x0000000086500000|  0%| F|  |TAMS 0x0000000086400000, 0x0000000086400000| Untracked 
|  51|0x0000000086500000, 0x0000000086500000, 0x0000000086600000|  0%| F|  |TAMS 0x0000000086500000, 0x0000000086500000| Untracked 
|  52|0x0000000086600000, 0x0000000086600000, 0x0000000086700000|  0%| F|  |TAMS 0x0000000086600000, 0x0000000086600000| Untracked 
|  53|0x0000000086700000, 0x0000000086700000, 0x0000000086800000|  0%| F|  |TAMS 0x0000000086700000, 0x0000000086700000| Untracked 
|  54|0x0000000086800000, 0x0000000086800000, 0x0000000086900000|  0%| F|  |TAMS 0x0000000086800000, 0x0000000086800000| Untracked 
|  55|0x0000000086900000, 0x0000000086900000, 0x0000000086a00000|  0%| F|  |TAMS 0x0000000086900000, 0x0000000086900000| Untracked 
|  56|0x0000000086a00000, 0x0000000086a00000, 0x0000000086b00000|  0%| F|  |TAMS 0x0000000086a00000, 0x0000000086a00000| Untracked 
|  57|0x0000000086b00000, 0x0000000086b00000, 0x0000000086c00000|  0%| F|  |TAMS 0x0000000086b00000, 0x0000000086b00000| Untracked 
|  58|0x0000000086c00000, 0x0000000086c00000, 0x0000000086d00000|  0%| F|  |TAMS 0x0000000086c00000, 0x0000000086c00000| Untracked 
|  59|0x0000000086d00000, 0x0000000086d00000, 0x0000000086e00000|  0%| F|  |TAMS 0x0000000086d00000, 0x0000000086d00000| Untracked 
|  60|0x0000000086e00000, 0x0000000086e00000, 0x0000000086f00000|  0%| F|  |TAMS 0x0000000086e00000, 0x0000000086e00000| Untracked 
|  61|0x0000000086f00000, 0x0000000086f00000, 0x0000000087000000|  0%| F|  |TAMS 0x0000000086f00000, 0x0000000086f00000| Untracked 
|  62|0x0000000087000000, 0x0000000087000000, 0x0000000087100000|  0%| F|  |TAMS 0x0000000087000000, 0x0000000087000000| Untracked 
|  63|0x0000000087100000, 0x000000008716cc48, 0x0000000087200000| 42%| O|  |TAMS 0x000000008716cc48, 0x0000000087100000| Untracked 
|  64|0x0000000087200000, 0x0000000087278a30, 0x0000000087300000| 47%| O|  |TAMS 0x0000000087278a30, 0x0000000087200000| Untracked 
|  65|0x0000000087300000, 0x0000000087300000, 0x0000000087400000|  0%| F|  |TAMS 0x0000000087300000, 0x0000000087300000| Untracked 
|  66|0x0000000087400000, 0x0000000087500000, 0x0000000087500000|100%| S|CS|TAMS 0x0000000087400000, 0x0000000087400000| Complete 
|  67|0x0000000087500000, 0x0000000087600000, 0x0000000087600000|100%| S|CS|TAMS 0x0000000087500000, 0x0000000087500000| Complete 
|  68|0x0000000087600000, 0x0000000087700000, 0x0000000087700000|100%| S|CS|TAMS 0x0000000087600000, 0x0000000087600000| Complete 
|  69|0x0000000087700000, 0x0000000087800000, 0x0000000087800000|100%| S|CS|TAMS 0x0000000087700000, 0x0000000087700000| Complete 
|  70|0x0000000087800000, 0x0000000087900000, 0x0000000087900000|100%| S|CS|TAMS 0x0000000087800000, 0x0000000087800000| Complete 
|  71|0x0000000087900000, 0x0000000087900000, 0x0000000087a00000|  0%| F|  |TAMS 0x0000000087900000, 0x0000000087900000| Untracked 
|  72|0x0000000087a00000, 0x0000000087a00000, 0x0000000087b00000|  0%| F|  |TAMS 0x0000000087a00000, 0x0000000087a00000| Untracked 
|  73|0x0000000087b00000, 0x0000000087b00000, 0x0000000087c00000|  0%| F|  |TAMS 0x0000000087b00000, 0x0000000087b00000| Untracked 
|  74|0x0000000087c00000, 0x0000000087c00000, 0x0000000087d00000|  0%| F|  |TAMS 0x0000000087c00000, 0x0000000087c00000| Untracked 
|  75|0x0000000087d00000, 0x0000000087d00000, 0x0000000087e00000|  0%| F|  |TAMS 0x0000000087d00000, 0x0000000087d00000| Untracked 
|  76|0x0000000087e00000, 0x0000000087e00000, 0x0000000087f00000|  0%| F|  |TAMS 0x0000000087e00000, 0x0000000087e00000| Untracked 
|  77|0x0000000087f00000, 0x0000000087f00000, 0x0000000088000000|  0%| F|  |TAMS 0x0000000087f00000, 0x0000000087f00000| Untracked 
|  78|0x0000000088000000, 0x0000000088000000, 0x0000000088100000|  0%| F|  |TAMS 0x0000000088000000, 0x0000000088000000| Untracked 
|  79|0x0000000088100000, 0x0000000088100000, 0x0000000088200000|  0%| F|  |TAMS 0x0000000088100000, 0x0000000088100000| Untracked 
|  80|0x0000000088200000, 0x0000000088200000, 0x0000000088300000|  0%| F|  |TAMS 0x0000000088200000, 0x0000000088200000| Untracked 
|  81|0x0000000088300000, 0x0000000088300000, 0x0000000088400000|  0%| F|  |TAMS 0x0000000088300000, 0x0000000088300000| Untracked 
|  82|0x0000000088400000, 0x0000000088400000, 0x0000000088500000|  0%| F|  |TAMS 0x0000000088400000, 0x0000000088400000| Untracked 
|  83|0x0000000088500000, 0x0000000088500000, 0x0000000088600000|  0%| F|  |TAMS 0x0000000088500000, 0x0000000088500000| Untracked 
|  84|0x0000000088600000, 0x0000000088600000, 0x0000000088700000|  0%| F|  |TAMS 0x0000000088600000, 0x0000000088600000| Untracked 
|  85|0x0000000088700000, 0x0000000088700000, 0x0000000088800000|  0%| F|  |TAMS 0x0000000088700000, 0x0000000088700000| Untracked 
|  86|0x0000000088800000, 0x0000000088800000, 0x0000000088900000|  0%| F|  |TAMS 0x0000000088800000, 0x0000000088800000| Untracked 
|  87|0x0000000088900000, 0x0000000088900000, 0x0000000088a00000|  0%| F|  |TAMS 0x0000000088900000, 0x0000000088900000| Untracked 
|  88|0x0000000088a00000, 0x0000000088a00000, 0x0000000088b00000|  0%| F|  |TAMS 0x0000000088a00000, 0x0000000088a00000| Untracked 
|  89|0x0000000088b00000, 0x0000000088b00000, 0x0000000088c00000|  0%| F|  |TAMS 0x0000000088b00000, 0x0000000088b00000| Untracked 
|  90|0x0000000088c00000, 0x0000000088c00000, 0x0000000088d00000|  0%| F|  |TAMS 0x0000000088c00000, 0x0000000088c00000| Untracked 
|  91|0x0000000088d00000, 0x0000000088d00000, 0x0000000088e00000|  0%| F|  |TAMS 0x0000000088d00000, 0x0000000088d00000| Untracked 
|  92|0x0000000088e00000, 0x0000000088e00000, 0x0000000088f00000|  0%| F|  |TAMS 0x0000000088e00000, 0x0000000088e00000| Untracked 
|  93|0x0000000088f00000, 0x0000000088f00000, 0x0000000089000000|  0%| F|  |TAMS 0x0000000088f00000, 0x0000000088f00000| Untracked 
|  94|0x0000000089000000, 0x0000000089000000, 0x0000000089100000|  0%| F|  |TAMS 0x0000000089000000, 0x0000000089000000| Untracked 
|  95|0x0000000089100000, 0x0000000089100000, 0x0000000089200000|  0%| F|  |TAMS 0x0000000089100000, 0x0000000089100000| Untracked 
|  96|0x0000000089200000, 0x0000000089200000, 0x0000000089300000|  0%| F|  |TAMS 0x0000000089200000, 0x0000000089200000| Untracked 
|  97|0x0000000089300000, 0x0000000089300000, 0x0000000089400000|  0%| F|  |TAMS 0x0000000089300000, 0x0000000089300000| Untracked 
|  98|0x0000000089400000, 0x0000000089400000, 0x0000000089500000|  0%| F|  |TAMS 0x0000000089400000, 0x0000000089400000| Untracked 
|  99|0x0000000089500000, 0x0000000089500000, 0x0000000089600000|  0%| F|  |TAMS 0x0000000089500000, 0x0000000089500000| Untracked 
| 100|0x0000000089600000, 0x0000000089600000, 0x0000000089700000|  0%| F|  |TAMS 0x0000000089600000, 0x0000000089600000| Untracked 
| 101|0x0000000089700000, 0x0000000089700000, 0x0000000089800000|  0%| F|  |TAMS 0x0000000089700000, 0x0000000089700000| Untracked 
| 102|0x0000000089800000, 0x0000000089800000, 0x0000000089900000|  0%| F|  |TAMS 0x0000000089800000, 0x0000000089800000| Untracked 
| 103|0x0000000089900000, 0x0000000089900000, 0x0000000089a00000|  0%| F|  |TAMS 0x0000000089900000, 0x0000000089900000| Untracked 
| 104|0x0000000089a00000, 0x0000000089a00000, 0x0000000089b00000|  0%| F|  |TAMS 0x0000000089a00000, 0x0000000089a00000| Untracked 
| 105|0x0000000089b00000, 0x0000000089b00000, 0x0000000089c00000|  0%| F|  |TAMS 0x0000000089b00000, 0x0000000089b00000| Untracked 
| 106|0x0000000089c00000, 0x0000000089c00000, 0x0000000089d00000|  0%| F|  |TAMS 0x0000000089c00000, 0x0000000089c00000| Untracked 
| 107|0x0000000089d00000, 0x0000000089d00000, 0x0000000089e00000|  0%| F|  |TAMS 0x0000000089d00000, 0x0000000089d00000| Untracked 
| 108|0x0000000089e00000, 0x0000000089e00000, 0x0000000089f00000|  0%| F|  |TAMS 0x0000000089e00000, 0x0000000089e00000| Untracked 
| 109|0x0000000089f00000, 0x0000000089f00000, 0x000000008a000000|  0%| F|  |TAMS 0x0000000089f00000, 0x0000000089f00000| Untracked 
| 110|0x000000008a000000, 0x000000008a000000, 0x000000008a100000|  0%| F|  |TAMS 0x000000008a000000, 0x000000008a000000| Untracked 
| 111|0x000000008a100000, 0x000000008a100000, 0x000000008a200000|  0%| F|  |TAMS 0x000000008a100000, 0x000000008a100000| Untracked 
| 112|0x000000008a200000, 0x000000008a200000, 0x000000008a300000|  0%| F|  |TAMS 0x000000008a200000, 0x000000008a200000| Untracked 
| 113|0x000000008a300000, 0x000000008a300000, 0x000000008a400000|  0%| F|  |TAMS 0x000000008a300000, 0x000000008a300000| Untracked 
| 114|0x000000008a400000, 0x000000008a500000, 0x000000008a500000|100%| E|  |TAMS 0x000000008a400000, 0x000000008a400000| Complete 
| 115|0x000000008a500000, 0x000000008a600000, 0x000000008a600000|100%| E|CS|TAMS 0x000000008a500000, 0x000000008a500000| Complete 
| 116|0x000000008a600000, 0x000000008a700000, 0x000000008a700000|100%| E|CS|TAMS 0x000000008a600000, 0x000000008a600000| Complete 
| 117|0x000000008a700000, 0x000000008a800000, 0x000000008a800000|100%| E|CS|TAMS 0x000000008a700000, 0x000000008a700000| Complete 
| 118|0x000000008a800000, 0x000000008a900000, 0x000000008a900000|100%| E|CS|TAMS 0x000000008a800000, 0x000000008a800000| Complete 
| 119|0x000000008a900000, 0x000000008aa00000, 0x000000008aa00000|100%| E|CS|TAMS 0x000000008a900000, 0x000000008a900000| Complete 
| 120|0x000000008aa00000, 0x000000008ab00000, 0x000000008ab00000|100%| E|CS|TAMS 0x000000008aa00000, 0x000000008aa00000| Complete 
| 121|0x000000008ab00000, 0x000000008ac00000, 0x000000008ac00000|100%| E|CS|TAMS 0x000000008ab00000, 0x000000008ab00000| Complete 
| 122|0x000000008ac00000, 0x000000008ad00000, 0x000000008ad00000|100%| E|CS|TAMS 0x000000008ac00000, 0x000000008ac00000| Complete 
| 123|0x000000008ad00000, 0x000000008ae00000, 0x000000008ae00000|100%| E|CS|TAMS 0x000000008ad00000, 0x000000008ad00000| Complete 
| 124|0x000000008ae00000, 0x000000008af00000, 0x000000008af00000|100%| E|CS|TAMS 0x000000008ae00000, 0x000000008ae00000| Complete 
| 125|0x000000008af00000, 0x000000008b000000, 0x000000008b000000|100%| E|CS|TAMS 0x000000008af00000, 0x000000008af00000| Complete 
| 126|0x000000008b000000, 0x000000008b100000, 0x000000008b100000|100%| E|CS|TAMS 0x000000008b000000, 0x000000008b000000| Complete 
| 127|0x000000008b100000, 0x000000008b200000, 0x000000008b200000|100%| E|CS|TAMS 0x000000008b100000, 0x000000008b100000| Complete 
| 128|0x000000008b200000, 0x000000008b300000, 0x000000008b300000|100%| E|CS|TAMS 0x000000008b200000, 0x000000008b200000| Complete 
| 129|0x000000008b300000, 0x000000008b400000, 0x000000008b400000|100%| E|CS|TAMS 0x000000008b300000, 0x000000008b300000| Complete 
| 130|0x000000008b400000, 0x000000008b500000, 0x000000008b500000|100%| E|CS|TAMS 0x000000008b400000, 0x000000008b400000| Complete 
| 131|0x000000008b500000, 0x000000008b600000, 0x000000008b600000|100%| E|CS|TAMS 0x000000008b500000, 0x000000008b500000| Complete 
| 132|0x000000008b600000, 0x000000008b700000, 0x000000008b700000|100%| E|CS|TAMS 0x000000008b600000, 0x000000008b600000| Complete 
| 133|0x000000008b700000, 0x000000008b800000, 0x000000008b800000|100%| E|CS|TAMS 0x000000008b700000, 0x000000008b700000| Complete 
| 134|0x000000008b800000, 0x000000008b900000, 0x000000008b900000|100%| E|CS|TAMS 0x000000008b800000, 0x000000008b800000| Complete 
| 135|0x000000008b900000, 0x000000008ba00000, 0x000000008ba00000|100%| E|CS|TAMS 0x000000008b900000, 0x000000008b900000| Complete 
| 136|0x000000008ba00000, 0x000000008bb00000, 0x000000008bb00000|100%| E|CS|TAMS 0x000000008ba00000, 0x000000008ba00000| Complete 
| 137|0x000000008bb00000, 0x000000008bc00000, 0x000000008bc00000|100%| E|CS|TAMS 0x000000008bb00000, 0x000000008bb00000| Complete 
| 138|0x000000008bc00000, 0x000000008bd00000, 0x000000008bd00000|100%| E|CS|TAMS 0x000000008bc00000, 0x000000008bc00000| Complete 
| 139|0x000000008bd00000, 0x000000008be00000, 0x000000008be00000|100%| E|CS|TAMS 0x000000008bd00000, 0x000000008bd00000| Complete 
| 140|0x000000008be00000, 0x000000008bf00000, 0x000000008bf00000|100%| E|CS|TAMS 0x000000008be00000, 0x000000008be00000| Complete 
| 141|0x000000008bf00000, 0x000000008c000000, 0x000000008c000000|100%| E|CS|TAMS 0x000000008bf00000, 0x000000008bf00000| Complete 
| 142|0x000000008c000000, 0x000000008c100000, 0x000000008c100000|100%| E|CS|TAMS 0x000000008c000000, 0x000000008c000000| Complete 
| 143|0x000000008c100000, 0x000000008c200000, 0x000000008c200000|100%| E|CS|TAMS 0x000000008c100000, 0x000000008c100000| Complete 
| 144|0x000000008c200000, 0x000000008c300000, 0x000000008c300000|100%| E|CS|TAMS 0x000000008c200000, 0x000000008c200000| Complete 
| 145|0x000000008c300000, 0x000000008c400000, 0x000000008c400000|100%| E|CS|TAMS 0x000000008c300000, 0x000000008c300000| Complete 
| 146|0x000000008c400000, 0x000000008c500000, 0x000000008c500000|100%| E|CS|TAMS 0x000000008c400000, 0x000000008c400000| Complete 
| 147|0x000000008c500000, 0x000000008c600000, 0x000000008c600000|100%| E|CS|TAMS 0x000000008c500000, 0x000000008c500000| Complete 
| 148|0x000000008c600000, 0x000000008c700000, 0x000000008c700000|100%| E|CS|TAMS 0x000000008c600000, 0x000000008c600000| Complete 
| 149|0x000000008c700000, 0x000000008c800000, 0x000000008c800000|100%| E|CS|TAMS 0x000000008c700000, 0x000000008c700000| Complete 
| 150|0x000000008c800000, 0x000000008c900000, 0x000000008c900000|100%| E|CS|TAMS 0x000000008c800000, 0x000000008c800000| Complete 
| 151|0x000000008c900000, 0x000000008ca00000, 0x000000008ca00000|100%| E|CS|TAMS 0x000000008c900000, 0x000000008c900000| Complete 
| 152|0x000000008ca00000, 0x000000008cb00000, 0x000000008cb00000|100%| E|CS|TAMS 0x000000008ca00000, 0x000000008ca00000| Complete 
| 153|0x000000008cb00000, 0x000000008cc00000, 0x000000008cc00000|100%| E|CS|TAMS 0x000000008cb00000, 0x000000008cb00000| Complete 
| 154|0x000000008cc00000, 0x000000008cd00000, 0x000000008cd00000|100%| E|CS|TAMS 0x000000008cc00000, 0x000000008cc00000| Complete 
| 155|0x000000008cd00000, 0x000000008ce00000, 0x000000008ce00000|100%| E|CS|TAMS 0x000000008cd00000, 0x000000008cd00000| Complete 
| 156|0x000000008ce00000, 0x000000008cf00000, 0x000000008cf00000|100%| E|CS|TAMS 0x000000008ce00000, 0x000000008ce00000| Complete 
| 157|0x000000008cf00000, 0x000000008d000000, 0x000000008d000000|100%| E|CS|TAMS 0x000000008cf00000, 0x000000008cf00000| Complete 
| 158|0x000000008d000000, 0x000000008d100000, 0x000000008d100000|100%| E|CS|TAMS 0x000000008d000000, 0x000000008d000000| Complete 
| 159|0x000000008d100000, 0x000000008d200000, 0x000000008d200000|100%| E|CS|TAMS 0x000000008d100000, 0x000000008d100000| Complete 
| 160|0x000000008d200000, 0x000000008d300000, 0x000000008d300000|100%| E|CS|TAMS 0x000000008d200000, 0x000000008d200000| Complete 

Card table byte_map: [0x000001bcf9e00000,0x000001bcfa1f0000] _byte_map_base: 0x000001bcf99e7000

Marking Bits (Prev, Next): (CMBitMap*) 0x000001bce5b7ce30, (CMBitMap*) 0x000001bce5b7ce70
 Prev Bits: [0x000001bcfa5e0000, 0x000001bcfc518000)
 Next Bits: [0x000001bcfc520000, 0x000001bcfe458000)

Polling page: 0x000001bce5bc0000

Metaspace:

Usage:
  Non-class:    100.05 MB used.
      Class:     13.80 MB used.
       Both:    113.85 MB used.

Virtual space:
  Non-class space:      128.00 MB reserved,     100.75 MB ( 79%) committed,  2 nodes.
      Class space:        1.00 GB reserved,      14.56 MB (  1%) committed,  1 nodes.
             Both:        1.12 GB reserved,     115.31 MB ( 10%) committed. 

Chunk freelists:
   Non-Class:  11.23 MB
       Class:  1.39 MB
        Both:  12.62 MB

MaxMetaspaceSize: unlimited
CompressedClassSpaceSize: 1.00 GB
Initial GC threshold: 21.00 MB
Current GC threshold: 192.00 MB
CDS: off
MetaspaceReclaimPolicy: balanced
 - commit_granule_bytes: 65536.
 - commit_granule_words: 8192.
 - virtual_space_node_default_size: 8388608.
 - enlarge_chunks_in_place: 1.
 - new_chunks_are_fully_committed: 0.
 - uncommit_free_chunks: 1.
 - use_allocation_guard: 0.
 - handle_deallocations: 1.


Internal statistics:

num_allocs_failed_limit: 8.
num_arena_births: 2298.
num_arena_deaths: 354.
num_vsnodes_births: 3.
num_vsnodes_deaths: 0.
num_space_committed: 1845.
num_space_uncommitted: 0.
num_chunks_returned_to_freelist: 395.
num_chunks_taken_from_freelist: 7421.
num_chunk_merges: 110.
num_chunk_splits: 4603.
num_chunks_enlarged: 2902.
num_inconsistent_stats: 0.

CodeHeap 'non-profiled nmethods': size=120000Kb used=20099Kb max_used=20099Kb free=99901Kb
 bounds [0x000001bcf1a80000, 0x000001bcf2e30000, 0x000001bcf8fb0000]
CodeHeap 'profiled nmethods': size=120000Kb used=39164Kb max_used=39164Kb free=80835Kb
 bounds [0x000001bce9fb0000, 0x000001bcec600000, 0x000001bcf14e0000]
CodeHeap 'non-nmethods': size=5760Kb used=1386Kb max_used=1510Kb free=4373Kb
 bounds [0x000001bcf14e0000, 0x000001bcf1750000, 0x000001bcf1a80000]
 total_blobs=20345 nmethods=19631 adapters=625
 compilation: enabled
              stopped_count=0, restarted_count=0
 full_count=0

Compilation events (20 events):
Event: 4522.498 Thread 0x000001bcfefbb990 24475       3       org.springframework.web.servlet.mvc.method.annotation.AbstractMessageConverterMethodArgumentResolver::<init> (39 bytes)
Event: 4522.499 Thread 0x000001bcfefbb990 nmethod 24475 0x000001bcec5f0290 code [0x000001bcec5f04e0, 0x000001bcec5f0fe8]
Event: 4522.499 Thread 0x000001bcfefbb990 24476       3       org.springframework.web.servlet.mvc.method.annotation.RequestResponseBodyAdviceChain::<init> (61 bytes)
Event: 4522.499 Thread 0x000001bcfefbb990 nmethod 24476 0x000001bcec5f1390 code [0x000001bcec5f15a0, 0x000001bcec5f1b18]
Event: 4522.505 Thread 0x000001bc86ce15b0 nmethod 24422 0x000001bcf2e15b10 code [0x000001bcf2e15fa0, 0x000001bcf2e1a830]
Event: 4522.505 Thread 0x000001bc86ce15b0 24436   !   4       jdk.proxy2.$Proxy99::annotationType (29 bytes)
Event: 4522.507 Thread 0x000001bc86ce15b0 nmethod 24436 0x000001bcf2e1d010 code [0x000001bcf2e1d1a0, 0x000001bcf2e1d2e8]
Event: 4522.507 Thread 0x000001bc86ce15b0 24459       4       org.springframework.beans.AbstractNestablePropertyAccessor::<init> (37 bytes)
Event: 4522.507 Thread 0x000001bcfefba830 nmethod 24450 0x000001bcf2e1d490 code [0x000001bcf2e1d6e0, 0x000001bcf2e1eda8]
Event: 4522.509 Thread 0x000001bc86ce15b0 nmethod 24459 0x000001bcf2e1fa90 code [0x000001bcf2e1fc20, 0x000001bcf2e1fef8]
Event: 4522.512 Thread 0x000001bcfefbb990 24477       3       org.springframework.core.MethodParameter::hasNullableAnnotation (48 bytes)
Event: 4522.513 Thread 0x000001bcfefbb990 nmethod 24477 0x000001bcec5f1d10 code [0x000001bcec5f1f00, 0x000001bcec5f2338]
Event: 4522.522 Thread 0x000001bc86ce15b0 24478       4       org.springframework.beans.AbstractNestablePropertyAccessor::setWrappedInstance (75 bytes)
Event: 4522.527 Thread 0x000001bc86ce15b0 nmethod 24478 0x000001bcf2e20010 code [0x000001bcf2e201a0, 0x000001bcf2e20738]
Event: 4522.528 Thread 0x000001bcfefbb990 24479       1       org.springframework.orm.jpa.AbstractEntityManagerFactoryBean::isSingleton (2 bytes)
Event: 4522.528 Thread 0x000001bcfefbb990 nmethod 24479 0x000001bcf2e20910 code [0x000001bcf2e20aa0, 0x000001bcf2e20b78]
Event: 4526.053 Thread 0x000001bcfefbb990 24480       3       org.hibernate.internal.util.collections.EmptyReadOnlyMap::dispose (1 bytes)
Event: 4526.053 Thread 0x000001bcfefbb990 nmethod 24480 0x000001bcec5f2510 code [0x000001bcec5f26a0, 0x000001bcec5f27b8]
Event: 4526.054 Thread 0x000001bcfefbb990 24481       3       java.util.concurrent.ThreadPoolExecutor::interruptIdleWorkers (6 bytes)
Event: 4526.055 Thread 0x000001bcfefbb990 nmethod 24481 0x000001bcec5f2890 code [0x000001bcec5f2a20, 0x000001bcec5f2b68]

GC Heap History (20 events):
Event: 4387.147 GC heap after
{Heap after GC invocations=175 (full 32):
 garbage-first heap   total 137216K, used 40489K [0x0000000083200000, 0x0000000100000000)
  region size 1024K, 0 young (0K), 0 survivors (0K)
 Metaspace       used 113687K, committed 115136K, reserved 1179648K
  class space    used 13867K, committed 14592K, reserved 1048576K
}
Event: 4387.849 GC heap before
{Heap before GC invocations=175 (full 32):
 garbage-first heap   total 137216K, used 106025K [0x0000000083200000, 0x0000000100000000)
  region size 1024K, 64 young (65536K), 0 survivors (0K)
 Metaspace       used 114023K, committed 115456K, reserved 1179648K
  class space    used 13904K, committed 14656K, reserved 1048576K
}
Event: 4387.853 GC heap after
{Heap after GC invocations=176 (full 32):
 garbage-first heap   total 137216K, used 45844K [0x0000000083200000, 0x0000000100000000)
  region size 1024K, 6 young (6144K), 6 survivors (6144K)
 Metaspace       used 114023K, committed 115456K, reserved 1179648K
  class space    used 13904K, committed 14656K, reserved 1048576K
}
Event: 4429.727 GC heap before
{Heap before GC invocations=177 (full 32):
 garbage-first heap   total 137216K, used 105236K [0x0000000083200000, 0x0000000100000000)
  region size 1024K, 65 young (66560K), 6 survivors (6144K)
 Metaspace       used 114264K, committed 115712K, reserved 1179648K
  class space    used 13922K, committed 14656K, reserved 1048576K
}
Event: 4429.793 GC heap after
{Heap after GC invocations=178 (full 33):
 garbage-first heap   total 137216K, used 43498K [0x0000000083200000, 0x0000000100000000)
  region size 1024K, 0 young (0K), 0 survivors (0K)
 Metaspace       used 114261K, committed 115712K, reserved 1179648K
  class space    used 13921K, committed 14656K, reserved 1048576K
}
Event: 4430.328 GC heap before
{Heap before GC invocations=178 (full 33):
 garbage-first heap   total 137216K, used 105962K [0x0000000083200000, 0x0000000100000000)
  region size 1024K, 62 young (63488K), 0 survivors (0K)
 Metaspace       used 114586K, committed 116032K, reserved 1179648K
  class space    used 13957K, committed 14720K, reserved 1048576K
}
Event: 4430.330 GC heap after
{Heap after GC invocations=179 (full 33):
 garbage-first heap   total 137216K, used 48618K [0x0000000083200000, 0x0000000100000000)
  region size 1024K, 5 young (5120K), 5 survivors (5120K)
 Metaspace       used 114586K, committed 116032K, reserved 1179648K
  class space    used 13957K, committed 14720K, reserved 1048576K
}
Event: 4482.318 GC heap before
{Heap before GC invocations=180 (full 33):
 garbage-first heap   total 137216K, used 103914K [0x0000000083200000, 0x0000000100000000)
  region size 1024K, 60 young (61440K), 5 survivors (5120K)
 Metaspace       used 114801K, committed 116224K, reserved 1179648K
  class space    used 13973K, committed 14720K, reserved 1048576K
}
Event: 4482.395 GC heap after
{Heap after GC invocations=181 (full 34):
 garbage-first heap   total 137216K, used 41251K [0x0000000083200000, 0x0000000100000000)
  region size 1024K, 0 young (0K), 0 survivors (0K)
 Metaspace       used 114798K, committed 116224K, reserved 1179648K
  class space    used 13972K, committed 14720K, reserved 1048576K
}
Event: 4483.127 GC heap before
{Heap before GC invocations=181 (full 34):
 garbage-first heap   total 137216K, used 105763K [0x0000000083200000, 0x0000000100000000)
  region size 1024K, 63 young (64512K), 0 survivors (0K)
 Metaspace       used 115141K, committed 116672K, reserved 1179648K
  class space    used 14008K, committed 14784K, reserved 1048576K
}
Event: 4483.130 GC heap after
{Heap after GC invocations=182 (full 34):
 garbage-first heap   total 137216K, used 46240K [0x0000000083200000, 0x0000000100000000)
  region size 1024K, 5 young (5120K), 5 survivors (5120K)
 Metaspace       used 115141K, committed 116672K, reserved 1179648K
  class space    used 14008K, committed 14784K, reserved 1048576K
}
Event: 4518.915 GC heap before
{Heap before GC invocations=183 (full 34):
 garbage-first heap   total 137216K, used 105632K [0x0000000083200000, 0x0000000100000000)
  region size 1024K, 64 young (65536K), 5 survivors (5120K)
 Metaspace       used 115441K, committed 116928K, reserved 1179648K
  class space    used 14027K, committed 14784K, reserved 1048576K
}
Event: 4519.010 GC heap after
{Heap after GC invocations=184 (full 35):
 garbage-first heap   total 137216K, used 44270K [0x0000000083200000, 0x0000000100000000)
  region size 1024K, 0 young (0K), 0 survivors (0K)
 Metaspace       used 115438K, committed 116928K, reserved 1179648K
  class space    used 14026K, committed 14784K, reserved 1048576K
}
Event: 4519.913 GC heap before
{Heap before GC invocations=184 (full 35):
 garbage-first heap   total 137216K, used 106734K [0x0000000083200000, 0x0000000100000000)
  region size 1024K, 62 young (63488K), 0 survivors (0K)
 Metaspace       used 115688K, committed 117184K, reserved 1179648K
  class space    used 14059K, committed 14848K, reserved 1048576K
}
Event: 4519.916 GC heap after
{Heap after GC invocations=185 (full 35):
 garbage-first heap   total 137216K, used 49726K [0x0000000083200000, 0x0000000100000000)
  region size 1024K, 6 young (6144K), 6 survivors (6144K)
 Metaspace       used 115688K, committed 117184K, reserved 1179648K
  class space    used 14059K, committed 14848K, reserved 1048576K
}
Event: 4521.606 GC heap before
{Heap before GC invocations=186 (full 35):
 garbage-first heap   total 137216K, used 96830K [0x0000000083200000, 0x0000000100000000)
  region size 1024K, 53 young (54272K), 6 survivors (6144K)
 Metaspace       used 115967K, committed 117440K, reserved 1179648K
  class space    used 14078K, committed 14848K, reserved 1048576K
}
Event: 4521.686 GC heap after
{Heap after GC invocations=187 (full 36):
 garbage-first heap   total 137216K, used 41997K [0x0000000083200000, 0x0000000100000000)
  region size 1024K, 0 young (0K), 0 survivors (0K)
 Metaspace       used 115964K, committed 117440K, reserved 1179648K
  class space    used 14077K, committed 14848K, reserved 1048576K
}
Event: 4522.290 GC heap before
{Heap before GC invocations=187 (full 36):
 garbage-first heap   total 137216K, used 106509K [0x0000000083200000, 0x0000000100000000)
  region size 1024K, 63 young (64512K), 0 survivors (0K)
 Metaspace       used 116332K, committed 117824K, reserved 1179648K
  class space    used 14113K, committed 14912K, reserved 1048576K
}
Event: 4522.295 GC heap after
{Heap after GC invocations=188 (full 36):
 garbage-first heap   total 164864K, used 47117K [0x0000000083200000, 0x0000000100000000)
  region size 1024K, 5 young (5120K), 5 survivors (5120K)
 Metaspace       used 116332K, committed 117824K, reserved 1179648K
  class space    used 14113K, committed 14912K, reserved 1048576K
}
Event: 4526.064 GC heap before
{Heap before GC invocations=189 (full 36):
 garbage-first heap   total 164864K, used 94221K [0x0000000083200000, 0x0000000100000000)
  region size 1024K, 52 young (53248K), 5 survivors (5120K)
 Metaspace       used 116580K, committed 118080K, reserved 1179648K
  class space    used 14130K, committed 14912K, reserved 1048576K
}

Dll operation events (10 events):
Event: 0.006 Loaded shared library C:\Users\Kiet\.vscode\extensions\redhat.java-1.34.0-win32-x64\jre\17.0.12-win32-x86_64\bin\java.dll
Event: 0.136 Loaded shared library C:\Users\Kiet\.vscode\extensions\redhat.java-1.34.0-win32-x64\jre\17.0.12-win32-x86_64\bin\net.dll
Event: 0.137 Loaded shared library C:\Users\Kiet\.vscode\extensions\redhat.java-1.34.0-win32-x64\jre\17.0.12-win32-x86_64\bin\nio.dll
Event: 0.143 Loaded shared library C:\Users\Kiet\.vscode\extensions\redhat.java-1.34.0-win32-x64\jre\17.0.12-win32-x86_64\bin\zip.dll
Event: 0.263 Loaded shared library C:\Users\Kiet\.vscode\extensions\redhat.java-1.34.0-win32-x64\jre\17.0.12-win32-x86_64\bin\jimage.dll
Event: 0.586 Loaded shared library C:\Users\Kiet\.vscode\extensions\redhat.java-1.34.0-win32-x64\jre\17.0.12-win32-x86_64\bin\management.dll
Event: 0.589 Loaded shared library C:\Users\Kiet\.vscode\extensions\redhat.java-1.34.0-win32-x64\jre\17.0.12-win32-x86_64\bin\management_ext.dll
Event: 1.720 Loaded shared library C:\Users\Kiet\.vscode\extensions\redhat.java-1.34.0-win32-x64\jre\17.0.12-win32-x86_64\bin\sunmscapi.dll
Event: 4.378 Loaded shared library C:\Users\Kiet\.vscode\extensions\redhat.java-1.34.0-win32-x64\jre\17.0.12-win32-x86_64\bin\verify.dll
Event: 4.682 Loaded shared library C:\Users\Kiet\.vscode\extensions\redhat.java-1.34.0-win32-x64\jre\17.0.12-win32-x86_64\bin\extnet.dll

Deoptimization events (20 events):
Event: 4522.054 Thread 0x000001bc87dd5260 Uncommon trap: trap_request=0xffffffd6 fr.pc=0x000001bcf2df34dc relative=0x00000000000002bc
Event: 4522.054 Thread 0x000001bc87dd5260 Uncommon trap: reason=array_check action=maybe_recompile pc=0x000001bcf2df34dc method=java.util.LinkedList.toArray([Ljava/lang/Object;)[Ljava/lang/Object; @ 52 c2
Event: 4522.054 Thread 0x000001bc87dd5260 DEOPT PACKING pc=0x000001bcf2df34dc sp=0x0000003d904fd6d0
Event: 4522.054 Thread 0x000001bc87dd5260 DEOPT UNPACKING pc=0x000001bcf153a1a3 sp=0x0000003d904fd678 mode 2
Event: 4522.055 Thread 0x000001bc87dd5260 Uncommon trap: trap_request=0xffffffd6 fr.pc=0x000001bcf2df34dc relative=0x00000000000002bc
Event: 4522.055 Thread 0x000001bc87dd5260 Uncommon trap: reason=array_check action=maybe_recompile pc=0x000001bcf2df34dc method=java.util.LinkedList.toArray([Ljava/lang/Object;)[Ljava/lang/Object; @ 52 c2
Event: 4522.056 Thread 0x000001bc87dd5260 DEOPT PACKING pc=0x000001bcf2df34dc sp=0x0000003d904fd6d0
Event: 4522.056 Thread 0x000001bc87dd5260 DEOPT UNPACKING pc=0x000001bcf153a1a3 sp=0x0000003d904fd678 mode 2
Event: 4522.057 Thread 0x000001bc87dd5260 Uncommon trap: trap_request=0xffffffd6 fr.pc=0x000001bcf2df34dc relative=0x00000000000002bc
Event: 4522.057 Thread 0x000001bc87dd5260 Uncommon trap: reason=array_check action=maybe_recompile pc=0x000001bcf2df34dc method=java.util.LinkedList.toArray([Ljava/lang/Object;)[Ljava/lang/Object; @ 52 c2
Event: 4522.057 Thread 0x000001bc87dd5260 DEOPT PACKING pc=0x000001bcf2df34dc sp=0x0000003d904fd6d0
Event: 4522.057 Thread 0x000001bc87dd5260 DEOPT UNPACKING pc=0x000001bcf153a1a3 sp=0x0000003d904fd678 mode 2
Event: 4522.058 Thread 0x000001bc87dd5260 Uncommon trap: trap_request=0xffffffd6 fr.pc=0x000001bcf2df34dc relative=0x00000000000002bc
Event: 4522.058 Thread 0x000001bc87dd5260 Uncommon trap: reason=array_check action=maybe_recompile pc=0x000001bcf2df34dc method=java.util.LinkedList.toArray([Ljava/lang/Object;)[Ljava/lang/Object; @ 52 c2
Event: 4522.058 Thread 0x000001bc87dd5260 DEOPT PACKING pc=0x000001bcf2df34dc sp=0x0000003d904fda20
Event: 4522.058 Thread 0x000001bc87dd5260 DEOPT UNPACKING pc=0x000001bcf153a1a3 sp=0x0000003d904fd9c8 mode 2
Event: 4522.146 Thread 0x000001bc87dd2ef0 Uncommon trap: trap_request=0xfffffff4 fr.pc=0x000001bcf2d36848 relative=0x00000000000013c8
Event: 4522.146 Thread 0x000001bc87dd2ef0 Uncommon trap: reason=null_check action=make_not_entrant pc=0x000001bcf2d36848 method=com.mysql.cj.jdbc.JdbcPropertySetImpl.postInitialization()V @ 50 c2
Event: 4522.146 Thread 0x000001bc87dd2ef0 DEOPT PACKING pc=0x000001bcf2d36848 sp=0x0000003d913fe830
Event: 4522.146 Thread 0x000001bc87dd2ef0 DEOPT UNPACKING pc=0x000001bcf153a1a3 sp=0x0000003d913fe778 mode 2

Classes loaded (20 events):
Event: 874.132 Loading class java/io/ObjectInputStream$GetField done
Event: 874.132 Loading class java/io/ObjectInputStream$FieldValues done
Event: 882.993 Loading class java/io/PushbackInputStream
Event: 882.994 Loading class java/io/PushbackInputStream done
Event: 883.034 Loading class org/w3c/dom/Node
Event: 883.034 Loading class org/w3c/dom/Node done
Event: 883.034 Loading class org/w3c/dom/Document
Event: 883.034 Loading class org/w3c/dom/Document done
Event: 883.160 Loading class java/util/stream/LongStream
Event: 883.160 Loading class java/util/stream/LongStream done
Event: 883.160 Loading class java/util/stream/DoubleStream
Event: 883.161 Loading class java/util/stream/DoubleStream done
Event: 1174.488 Loading class java/io/ObjectStreamClass$ExceptionInfo
Event: 1174.489 Loading class java/io/ObjectStreamClass$ExceptionInfo done
Event: 1174.489 Loading class java/lang/Throwable$PrintStreamOrWriter
Event: 1174.490 Loading class java/lang/Throwable$PrintStreamOrWriter done
Event: 1491.058 Loading class jdk/internal/misc/ScopedMemoryAccess$Scope$Handle
Event: 1491.058 Loading class jdk/internal/misc/ScopedMemoryAccess$Scope$Handle done
Event: 3763.720 Loading class sun/util/locale/LocaleExtensions
Event: 3763.752 Loading class sun/util/locale/LocaleExtensions done

Classes unloaded (20 events):
Event: 3601.770 Thread 0x000001bcfef4f680 Unloading class 0x0000000100198400 'java/lang/invoke/LambdaForm$MH+0x0000000100198400'
Event: 3601.770 Thread 0x000001bcfef4f680 Unloading class 0x0000000100198000 'java/lang/invoke/LambdaForm$MH+0x0000000100198000'
Event: 3601.770 Thread 0x000001bcfef4f680 Unloading class 0x00000001000ac000 'java/lang/invoke/LambdaForm$MH+0x00000001000ac000'
Event: 3601.770 Thread 0x000001bcfef4f680 Unloading class 0x000000010008f800 'java/lang/invoke/LambdaForm$MH+0x000000010008f800'
Event: 3665.787 Thread 0x000001bcfef4f680 Unloading class 0x0000000100da0800 'org/apache/catalina/loader/JdbcLeakPrevention'
Event: 3666.366 Thread 0x000001bcfef4f680 Unloading class 0x0000000100c85c00 'jdk/internal/reflect/GeneratedConstructorAccessor126'
Event: 3761.604 Thread 0x000001bcfef4f680 Unloading class 0x0000000100db0000 'org/apache/catalina/loader/JdbcLeakPrevention'
Event: 3774.094 Thread 0x000001bcfef4f680 Unloading class 0x0000000100dc0000 'org/apache/catalina/loader/JdbcLeakPrevention'
Event: 3901.301 Thread 0x000001bcfef4f680 Unloading class 0x0000000100dcc800 'org/apache/catalina/loader/JdbcLeakPrevention'
Event: 4103.364 Thread 0x000001bcfef4f680 Unloading class 0x0000000100ddc800 'org/apache/catalina/loader/JdbcLeakPrevention'
Event: 4105.819 Thread 0x000001bcfef4f680 Unloading class 0x0000000100de8800 'org/apache/catalina/loader/JdbcLeakPrevention'
Event: 4119.795 Thread 0x000001bcfef4f680 Unloading class 0x0000000100df8800 'org/apache/catalina/loader/JdbcLeakPrevention'
Event: 4347.307 Thread 0x000001bcfef4f680 Unloading class 0x0000000100e08800 'org/apache/catalina/loader/JdbcLeakPrevention'
Event: 4355.776 Thread 0x000001bcfef4f680 Unloading class 0x0000000100e18800 'org/apache/catalina/loader/JdbcLeakPrevention'
Event: 4381.788 Thread 0x000001bcfef4f680 Unloading class 0x0000000100e28800 'org/apache/catalina/loader/JdbcLeakPrevention'
Event: 4387.097 Thread 0x000001bcfef4f680 Unloading class 0x0000000100e38800 'org/apache/catalina/loader/JdbcLeakPrevention'
Event: 4429.743 Thread 0x000001bcfef4f680 Unloading class 0x0000000100e48800 'org/apache/catalina/loader/JdbcLeakPrevention'
Event: 4482.337 Thread 0x000001bcfef4f680 Unloading class 0x0000000100e58800 'org/apache/catalina/loader/JdbcLeakPrevention'
Event: 4518.935 Thread 0x000001bcfef4f680 Unloading class 0x0000000100e68800 'org/apache/catalina/loader/JdbcLeakPrevention'
Event: 4521.625 Thread 0x000001bcfef4f680 Unloading class 0x0000000100e78800 'org/apache/catalina/loader/JdbcLeakPrevention'

Classes redefined (0 events):
No events

Internal exceptions (20 events):
Event: 4521.605 Thread 0x000001bc87dd4840 Exception <a 'java/lang/InterruptedException'{0x00000000887ff640}: sleep interrupted> (0x00000000887ff640) 
thrown [s\src\hotspot\share\prims\jvm.cpp, line 3064]
Event: 4521.696 Thread 0x000001bc87dd5260 Exception <a 'sun/nio/fs/WindowsException'{0x000000008b78cbf8}> (0x000000008b78cbf8) 
thrown [s\src\hotspot\share\prims\jni.cpp, line 516]
Event: 4521.715 Thread 0x000001bc87dd5260 Exception <a 'sun/nio/fs/WindowsException'{0x000000008b5fa9f0}> (0x000000008b5fa9f0) 
thrown [s\src\hotspot\share\prims\jni.cpp, line 516]
Event: 4521.826 Thread 0x000001bc87dd5260 Exception <a 'sun/nio/fs/WindowsException'{0x000000008a094430}> (0x000000008a094430) 
thrown [s\src\hotspot\share\prims\jni.cpp, line 516]
Event: 4521.836 Thread 0x000001bc87dd5260 Exception <a 'sun/nio/fs/WindowsException'{0x0000000089f70ef8}> (0x0000000089f70ef8) 
thrown [s\src\hotspot\share\prims\jni.cpp, line 516]
Event: 4521.895 Thread 0x000001bc87dd5260 Exception <a 'java/lang/NoClassDefFoundError'{0x0000000089a3b968}: org/flywaydb/core/Flyway> (0x0000000089a3b968) 
thrown [s\src\hotspot\share\oops\constantPool.cpp, line 837]
Event: 4521.895 Thread 0x000001bc87dd5260 Exception <a 'java/lang/NoClassDefFoundError'{0x0000000089a3bfb8}: liquibase/integration/spring/SpringLiquibase> (0x0000000089a3bfb8) 
thrown [s\src\hotspot\share\oops\constantPool.cpp, line 837]
Event: 4521.903 Thread 0x000001bc87dd5260 Exception <a 'java/lang/NoClassDefFoundError'{0x0000000089a9b748}: org/jooq/DSLContext> (0x0000000089a9b748) 
thrown [s\src\hotspot\share\oops\constantPool.cpp, line 837]
Event: 4521.904 Thread 0x000001bc87dd5260 Exception <a 'java/lang/NoClassDefFoundError'{0x0000000089aa5bf8}: org/springframework/batch/core/repository/JobRepository> (0x0000000089aa5bf8) 
thrown [s\src\hotspot\share\oops\constantPool.cpp, line 837]
Event: 4521.904 Thread 0x000001bc87dd5260 Exception <a 'java/lang/NoClassDefFoundError'{0x0000000089aa6240}: org/quartz/Scheduler> (0x0000000089aa6240) 
thrown [s\src\hotspot\share\oops\constantPool.cpp, line 837]
Event: 4521.904 Thread 0x000001bc87dd5260 Exception <a 'java/lang/NoClassDefFoundError'{0x0000000089aa68b0}: org/springframework/session/jdbc/JdbcIndexedSessionRepository> (0x0000000089aa68b0) 
thrown [s\src\hotspot\share\oops\constantPool.cpp, line 837]
Event: 4521.964 Thread 0x000001bc87dd5260 Exception <a 'sun/nio/fs/WindowsException'{0x0000000089330ba0}> (0x0000000089330ba0) 
thrown [s\src\hotspot\share\prims\jni.cpp, line 516]
Event: 4521.964 Thread 0x000001bc87dd5260 Exception <a 'sun/nio/fs/WindowsException'{0x00000000893311a8}> (0x00000000893311a8) 
thrown [s\src\hotspot\share\prims\jni.cpp, line 516]
Event: 4521.964 Thread 0x000001bc87dd5260 Exception <a 'sun/nio/fs/WindowsException'{0x0000000089331880}> (0x0000000089331880) 
thrown [s\src\hotspot\share\prims\jni.cpp, line 516]
Event: 4521.970 Thread 0x000001bc87dd5260 Exception <a 'java/io/FileNotFoundException'{0x000000008936bbc8}> (0x000000008936bbc8) 
thrown [s\src\hotspot\share\prims\jni.cpp, line 516]
Event: 4522.007 Thread 0x000001bc87dd5260 Exception <a 'sun/nio/fs/WindowsException'{0x0000000088c2b4b8}> (0x0000000088c2b4b8) 
thrown [s\src\hotspot\share\prims\jni.cpp, line 516]
Event: 4522.019 Thread 0x000001bc87dd5260 Implicit null exception at 0x000001bcf2dc8855 to 0x000001bcf2dc9a84
Event: 4522.146 Thread 0x000001bc87dd2ef0 Implicit null exception at 0x000001bcf2d35cbd to 0x000001bcf2d36838
Event: 4522.464 Thread 0x000001bc87dd5260 Exception <a 'sun/nio/fs/WindowsException'{0x000000008b747d88}> (0x000000008b747d88) 
thrown [s\src\hotspot\share\prims\jni.cpp, line 516]
Event: 4526.064 Thread 0x000001bc87dd5c80 Exception <a 'java/lang/InterruptedException'{0x000000008a4e5a30}: sleep interrupted> (0x000000008a4e5a30) 
thrown [s\src\hotspot\share\prims\jvm.cpp, line 3064]

VM Operations (20 events):
Event: 4519.011 Executing VM operation: G1CollectFull done
Event: 4519.913 Executing VM operation: G1CollectForAllocation
Event: 4519.916 Executing VM operation: G1CollectForAllocation done
Event: 4519.968 Executing VM operation: G1PauseRemark
Event: 4519.983 Executing VM operation: G1PauseRemark done
Event: 4520.002 Executing VM operation: G1PauseCleanup
Event: 4520.002 Executing VM operation: G1PauseCleanup done
Event: 4521.009 Executing VM operation: Cleanup
Event: 4521.009 Executing VM operation: Cleanup done
Event: 4521.605 Executing VM operation: G1CollectFull
Event: 4521.686 Executing VM operation: G1CollectFull done
Event: 4522.290 Executing VM operation: G1CollectForAllocation
Event: 4522.295 Executing VM operation: G1CollectForAllocation done
Event: 4522.355 Executing VM operation: G1PauseRemark
Event: 4522.366 Executing VM operation: G1PauseRemark done
Event: 4522.385 Executing VM operation: G1PauseCleanup
Event: 4522.385 Executing VM operation: G1PauseCleanup done
Event: 4523.391 Executing VM operation: Cleanup
Event: 4523.391 Executing VM operation: Cleanup done
Event: 4526.064 Executing VM operation: G1CollectFull

Events (20 events):
Event: 4526.051 Thread 0x000001bc87dd8f20 Thread exited: 0x000001bc87dd8f20
Event: 4526.051 Thread 0x000001bc87dd8500 Thread exited: 0x000001bc87dd8500
Event: 4526.051 Thread 0x000001bc87dd75d0 Thread exited: 0x000001bc87dd75d0
Event: 4526.051 Thread 0x000001bc87dd7ae0 Thread exited: 0x000001bc87dd7ae0
Event: 4526.051 Thread 0x000001bc87dd6190 Thread exited: 0x000001bc87dd6190
Event: 4526.051 Thread 0x000001bc87dd4d50 Thread exited: 0x000001bc87dd4d50
Event: 4526.051 Thread 0x000001bc87dd15a0 Thread exited: 0x000001bc87dd15a0
Event: 4526.051 Thread 0x000001bc87dd7ff0 Thread exited: 0x000001bc87dd7ff0
Event: 4526.051 Thread 0x000001bc87dd66a0 Thread exited: 0x000001bc87dd66a0
Event: 4526.051 Thread 0x000001bc87dd70c0 Thread exited: 0x000001bc87dd70c0
Event: 4526.051 Thread 0x000001bc87dd4840 Thread exited: 0x000001bc87dd4840
Event: 4526.051 Thread 0x000001bc87dd8a10 Thread exited: 0x000001bc87dd8a10
Event: 4526.053 Thread 0x000001bc86ce15b0 Thread exited: 0x000001bc86ce15b0
Event: 4526.054 Thread 0x000001bc87dd70c0 Thread added: 0x000001bc87dd70c0
Event: 4526.055 Thread 0x000001bc87dd2ef0 Thread exited: 0x000001bc87dd2ef0
Event: 4526.055 Thread 0x000001bc87dd1ab0 Thread exited: 0x000001bc87dd1ab0
Event: 4526.060 Thread 0x000001bc87dd70c0 Thread exited: 0x000001bc87dd70c0
Event: 4526.064 Thread 0x000001bc87dd3e20 Thread exited: 0x000001bc87dd3e20
Event: 4526.064 Thread 0x000001bc87dd5c80 Thread exited: 0x000001bc87dd5c80
Event: 4526.064 Thread 0x000001bc87dd5770 Thread exited: 0x000001bc87dd5770


Dynamic libraries:
0x00007ff785030000 - 0x00007ff78503e000 	C:\Users\Kiet\.vscode\extensions\redhat.java-1.34.0-win32-x64\jre\17.0.12-win32-x86_64\bin\java.exe
0x00007ff8772f0000 - 0x00007ff877507000 	C:\WINDOWS\SYSTEM32\ntdll.dll
0x00007ff875d70000 - 0x00007ff875e34000 	C:\WINDOWS\System32\KERNEL32.DLL
0x00007ff874c00000 - 0x00007ff874fad000 	C:\WINDOWS\System32\KERNELBASE.dll
0x00007ff874610000 - 0x00007ff874721000 	C:\WINDOWS\System32\ucrtbase.dll
0x00007ff86a860000 - 0x00007ff86a87b000 	C:\Users\Kiet\.vscode\extensions\redhat.java-1.34.0-win32-x64\jre\17.0.12-win32-x86_64\bin\VCRUNTIME140.dll
0x00007ff86a920000 - 0x00007ff86a937000 	C:\Users\Kiet\.vscode\extensions\redhat.java-1.34.0-win32-x64\jre\17.0.12-win32-x86_64\bin\jli.dll
0x00007ff8756e0000 - 0x00007ff87588e000 	C:\WINDOWS\System32\USER32.dll
0x00007ff85fb50000 - 0x00007ff85fde3000 	C:\WINDOWS\WinSxS\amd64_microsoft.windows.common-controls_6595b64144ccf1df_6.0.22621.3672_none_2713b9d173822955\COMCTL32.dll
0x00007ff874910000 - 0x00007ff874936000 	C:\WINDOWS\System32\win32u.dll
0x00007ff876870000 - 0x00007ff876917000 	C:\WINDOWS\System32\msvcrt.dll
0x00007ff876920000 - 0x00007ff876949000 	C:\WINDOWS\System32\GDI32.dll
0x00007ff874ab0000 - 0x00007ff874bc9000 	C:\WINDOWS\System32\gdi32full.dll
0x00007ff874730000 - 0x00007ff8747ca000 	C:\WINDOWS\System32\msvcp_win.dll
0x00007ff8770e0000 - 0x00007ff877111000 	C:\WINDOWS\System32\IMM32.DLL
0x00007ff86ca50000 - 0x00007ff86ca5c000 	C:\Users\Kiet\.vscode\extensions\redhat.java-1.34.0-win32-x64\jre\17.0.12-win32-x86_64\bin\vcruntime140_1.dll
0x00007ff848960000 - 0x00007ff8489ed000 	C:\Users\Kiet\.vscode\extensions\redhat.java-1.34.0-win32-x64\jre\17.0.12-win32-x86_64\bin\msvcp140.dll
0x00007ff822f00000 - 0x00007ff823b6a000 	C:\Users\Kiet\.vscode\extensions\redhat.java-1.34.0-win32-x64\jre\17.0.12-win32-x86_64\bin\server\jvm.dll
0x00007ff875e40000 - 0x00007ff875ef2000 	C:\WINDOWS\System32\ADVAPI32.dll
0x00007ff877200000 - 0x00007ff8772a9000 	C:\WINDOWS\System32\sechost.dll
0x00007ff874bd0000 - 0x00007ff874bf8000 	C:\WINDOWS\System32\bcrypt.dll
0x00007ff8755c0000 - 0x00007ff8756d4000 	C:\WINDOWS\System32\RPCRT4.dll
0x00007ff876ee0000 - 0x00007ff876f51000 	C:\WINDOWS\System32\WS2_32.dll
0x00007ff8744e0000 - 0x00007ff87452d000 	C:\WINDOWS\SYSTEM32\POWRPROF.dll
0x00007ff86fd80000 - 0x00007ff86fdb4000 	C:\WINDOWS\SYSTEM32\WINMM.dll
0x00007ff86ffb0000 - 0x00007ff86ffba000 	C:\WINDOWS\SYSTEM32\VERSION.dll
0x00007ff8744c0000 - 0x00007ff8744d3000 	C:\WINDOWS\SYSTEM32\UMPDC.dll
0x00007ff873600000 - 0x00007ff873618000 	C:\WINDOWS\SYSTEM32\kernel.appcore.dll
0x00007ff86ca20000 - 0x00007ff86ca2a000 	C:\Users\Kiet\.vscode\extensions\redhat.java-1.34.0-win32-x64\jre\17.0.12-win32-x86_64\bin\jimage.dll
0x00007ff871f00000 - 0x00007ff872132000 	C:\WINDOWS\SYSTEM32\DBGHELP.DLL
0x00007ff875020000 - 0x00007ff8753ae000 	C:\WINDOWS\System32\combase.dll
0x00007ff877120000 - 0x00007ff8771f7000 	C:\WINDOWS\System32\OLEAUT32.dll
0x00007ff85e7a0000 - 0x00007ff85e7d2000 	C:\WINDOWS\SYSTEM32\dbgcore.DLL
0x00007ff874890000 - 0x00007ff87490b000 	C:\WINDOWS\System32\bcryptPrimitives.dll
0x00007ff861890000 - 0x00007ff8618b5000 	C:\Users\Kiet\.vscode\extensions\redhat.java-1.34.0-win32-x64\jre\17.0.12-win32-x86_64\bin\java.dll
0x00007ff8608e0000 - 0x00007ff8608f8000 	C:\Users\Kiet\.vscode\extensions\redhat.java-1.34.0-win32-x64\jre\17.0.12-win32-x86_64\bin\zip.dll
0x00007ff875f00000 - 0x00007ff876767000 	C:\WINDOWS\System32\SHELL32.dll
0x00007ff872590000 - 0x00007ff872e8f000 	C:\WINDOWS\SYSTEM32\windows.storage.dll
0x00007ff8722e0000 - 0x00007ff87241f000 	C:\WINDOWS\SYSTEM32\wintypes.dll
0x00007ff876770000 - 0x00007ff876869000 	C:\WINDOWS\System32\SHCORE.dll
0x00007ff876b10000 - 0x00007ff876b6e000 	C:\WINDOWS\System32\shlwapi.dll
0x00007ff874540000 - 0x00007ff874567000 	C:\WINDOWS\SYSTEM32\profapi.dll
0x00007ff85f4d0000 - 0x00007ff85f4e9000 	C:\Users\Kiet\.vscode\extensions\redhat.java-1.34.0-win32-x64\jre\17.0.12-win32-x86_64\bin\net.dll
0x00007ff870530000 - 0x00007ff870666000 	C:\WINDOWS\SYSTEM32\WINHTTP.dll
0x00007ff873ad0000 - 0x00007ff873b39000 	C:\WINDOWS\system32\mswsock.dll
0x00007ff85ce00000 - 0x00007ff85ce16000 	C:\Users\Kiet\.vscode\extensions\redhat.java-1.34.0-win32-x64\jre\17.0.12-win32-x86_64\bin\nio.dll
0x00007ff86d630000 - 0x00007ff86d639000 	C:\Users\Kiet\.vscode\extensions\redhat.java-1.34.0-win32-x64\jre\17.0.12-win32-x86_64\bin\management.dll
0x00007ff86c9a0000 - 0x00007ff86c9ab000 	C:\Users\Kiet\.vscode\extensions\redhat.java-1.34.0-win32-x64\jre\17.0.12-win32-x86_64\bin\management_ext.dll
0x00007ff875590000 - 0x00007ff875598000 	C:\WINDOWS\System32\PSAPI.DLL
0x00007ff86c8a0000 - 0x00007ff86c8ae000 	C:\Users\Kiet\.vscode\extensions\redhat.java-1.34.0-win32-x64\jre\17.0.12-win32-x86_64\bin\sunmscapi.dll
0x00007ff874940000 - 0x00007ff874aa6000 	C:\WINDOWS\System32\CRYPT32.dll
0x00007ff873ec0000 - 0x00007ff873eee000 	C:\WINDOWS\SYSTEM32\ncrypt.dll
0x00007ff873e80000 - 0x00007ff873eb7000 	C:\WINDOWS\SYSTEM32\NTASN1.dll
0x00007ff873d20000 - 0x00007ff873d3b000 	C:\WINDOWS\SYSTEM32\CRYPTSP.dll
0x00007ff8735c0000 - 0x00007ff8735f5000 	C:\WINDOWS\system32\rsaenh.dll
0x00007ff873bc0000 - 0x00007ff873be8000 	C:\WINDOWS\SYSTEM32\USERENV.dll
0x00007ff873d40000 - 0x00007ff873d4c000 	C:\WINDOWS\SYSTEM32\CRYPTBASE.dll
0x00007ff873130000 - 0x00007ff87315d000 	C:\WINDOWS\SYSTEM32\IPHLPAPI.DLL
0x00007ff876950000 - 0x00007ff876959000 	C:\WINDOWS\System32\NSI.dll
0x00007ff870a20000 - 0x00007ff870a39000 	C:\WINDOWS\SYSTEM32\dhcpcsvc6.DLL
0x00007ff870460000 - 0x00007ff87047f000 	C:\WINDOWS\SYSTEM32\dhcpcsvc.DLL
0x00007ff873160000 - 0x00007ff873258000 	C:\WINDOWS\SYSTEM32\DNSAPI.dll
0x00007ff86c930000 - 0x00007ff86c940000 	C:\Users\Kiet\.vscode\extensions\redhat.java-1.34.0-win32-x64\jre\17.0.12-win32-x86_64\bin\verify.dll
0x000000005ccd0000 - 0x000000005ccf6000 	C:\Program Files\Bonjour\mdnsNSP.dll
0x00007ff863120000 - 0x00007ff86312a000 	C:\Windows\System32\rasadhlp.dll
0x00007ff86e380000 - 0x00007ff86e403000 	C:\WINDOWS\System32\fwpuclnt.dll
0x00007ff86c890000 - 0x00007ff86c899000 	C:\Users\Kiet\.vscode\extensions\redhat.java-1.34.0-win32-x64\jre\17.0.12-win32-x86_64\bin\extnet.dll
0x00007ff86fee0000 - 0x00007ff86fee8000 	C:\WINDOWS\system32\wshunix.dll

dbghelp: loaded successfully - version: 4.0.5 - missing functions: none
symbol engine: initialized successfully - sym options: 0x614 - pdb path: .;C:\Users\Kiet\.vscode\extensions\redhat.java-1.34.0-win32-x64\jre\17.0.12-win32-x86_64\bin;C:\WINDOWS\SYSTEM32;C:\WINDOWS\WinSxS\amd64_microsoft.windows.common-controls_6595b64144ccf1df_6.0.22621.3672_none_2713b9d173822955;C:\Users\Kiet\.vscode\extensions\redhat.java-1.34.0-win32-x64\jre\17.0.12-win32-x86_64\bin\server;C:\Program Files\Bonjour

VM Arguments:
jvm_args: -XX:+ShowCodeDetailsInExceptionMessages 
java_command: net.enjoy.springboot.registrationlogin.RegistrationLoginApplication
java_class_path (initial): C:\Users\Kiet\Desktop\spring_boot_ecommerce-b077a4de88005e8f5c08184057d81a74732c988f\target\classes;C:\Users\Kiet\.m2\repository\org\springframework\boot\spring-boot-starter-data-jpa\3.2.4\spring-boot-starter-data-jpa-3.2.4.jar;C:\Users\Kiet\.m2\repository\org\springframework\boot\spring-boot-starter-aop\3.2.4\spring-boot-starter-aop-3.2.4.jar;C:\Users\Kiet\.m2\repository\org\aspectj\aspectjweaver\1.9.21\aspectjweaver-1.9.21.jar;C:\Users\Kiet\.m2\repository\org\springframework\boot\spring-boot-starter-jdbc\3.2.4\spring-boot-starter-jdbc-3.2.4.jar;C:\Users\Kiet\.m2\repository\com\zaxxer\HikariCP\5.0.1\HikariCP-5.0.1.jar;C:\Users\Kiet\.m2\repository\org\springframework\spring-jdbc\6.1.5\spring-jdbc-6.1.5.jar;C:\Users\Kiet\.m2\repository\org\hibernate\orm\hibernate-core\6.4.4.Final\hibernate-core-6.4.4.Final.jar;C:\Users\Kiet\.m2\repository\jakarta\persistence\jakarta.persistence-api\3.1.0\jakarta.persistence-api-3.1.0.jar;C:\Users\Kiet\.m2\repository\jakarta\transaction\jakarta.transaction-api\2.0.1\jakarta.transaction-api-2.0.1.jar;C:\Users\Kiet\.m2\repository\org\jboss\logging\jboss-logging\3.5.3.Final\jboss-logging-3.5.3.Final.jar;C:\Users\Kiet\.m2\repository\org\hibernate\common\hibernate-commons-annotations\6.0.6.Final\hibernate-commons-annotations-6.0.6.Final.jar;C:\Users\Kiet\.m2\repository\io\smallrye\jandex\3.1.2\jandex-3.1.2.jar;C:\Users\Kiet\.m2\repository\com\fasterxml\classmate\1.6.0\classmate-1.6.0.jar;C:\Users\Kiet\.m2\repository\net\bytebuddy\byte-buddy\1.14.12\byte-buddy-1.14.12.jar;C:\Users\Kiet\.m2\repository\org\glassfish\jaxb\jaxb-runtime\4.0.5\jaxb-runtime-4.0.5.jar;C:\Users\Kiet\.m2\repository\org\glassfish\jaxb\jaxb-core\4.0.5\jaxb-core-4.0.5.jar;C:\Users\Kiet\.m2\repository\org\eclipse\angus\angus-activation\2.0.2\angus-activation-2.0.2.jar;C:\Users\Kiet\.m2\repository\org\glassfish\jaxb\txw2\4.0.5\txw2-4.0.5.jar;C:\Users\Kiet\.m2\repository\com\sun\istack\istack-commons-runtime\4.1.2\istack-commons-runtime-4.1.2.j
Launcher Type: SUN_STANDARD

[Global flags]
     intx CICompilerCount                          = 4                                         {product} {ergonomic}
     uint ConcGCThreads                            = 2                                         {product} {ergonomic}
     uint G1ConcRefinementThreads                  = 8                                         {product} {ergonomic}
   size_t G1HeapRegionSize                         = 1048576                                   {product} {ergonomic}
    uintx GCDrainStackTargetSize                   = 64                                        {product} {ergonomic}
   size_t InitialHeapSize                          = 132120576                                 {product} {ergonomic}
   size_t MarkStackSize                            = 4194304                                   {product} {ergonomic}
   size_t MaxHeapSize                              = 2095054848                                {product} {ergonomic}
   size_t MaxNewSize                               = 1256194048                                {product} {ergonomic}
   size_t MinHeapDeltaBytes                        = 1048576                                   {product} {ergonomic}
   size_t MinHeapSize                              = 8388608                                   {product} {ergonomic}
    uintx NonNMethodCodeHeapSize                   = 5839372                                {pd product} {ergonomic}
    uintx NonProfiledCodeHeapSize                  = 122909434                              {pd product} {ergonomic}
    uintx ProfiledCodeHeapSize                     = 122909434                              {pd product} {ergonomic}
    uintx ReservedCodeCacheSize                    = 251658240                              {pd product} {ergonomic}
     bool SegmentedCodeCache                       = true                                      {product} {ergonomic}
     bool ShowCodeDetailsInExceptionMessages       = true                                   {manageable} {command line}
   size_t SoftMaxHeapSize                          = 2095054848                             {manageable} {ergonomic}
     bool UseCompressedClassPointers               = true                           {product lp64_product} {ergonomic}
     bool UseCompressedOops                        = true                           {product lp64_product} {ergonomic}
     bool UseG1GC                                  = true                                      {product} {ergonomic}
     bool UseLargePagesIndividualAllocation        = false                                  {pd product} {ergonomic}

Logging:
Log output configuration:
 #0: stdout all=warning uptime,level,tags
 #1: stderr all=off uptime,level,tags

Environment Variables:
JAVA_HOME=C:\Program Files\Java\jdk-22
PATH=C:\Program Files (x86)\Common Files\Oracle\Java\java8path;C:\Program Files (x86)\Common Files\Oracle\Java\javapath;C:\WINDOWS\system32;C:\WINDOWS;C:\WINDOWS\System32\Wbem;C:\WINDOWS\System32\WindowsPowerShell\v1.0\;C:\WINDOWS\System32\OpenSSH\;C:\Program Files\dotnet\;C:\Program Files\Java\jdk-11\bin;C:\Program Files (x86)\Microsoft SQL Server\160\Tools\Binn\;C:\Program Files\Microsoft SQL Server\160\Tools\Binn\;C:\Program Files\Microsoft SQL Server\Client SDK\ODBC\170\Tools\Binn\;C:\Program Files\Microsoft SQL Server\160\DTS\Binn\;C:\Program Files (x86)\Microsoft SQL Server\160\DTS\Binn\;C:\Program Files\Azure Data Studio\bin;C:\Program Files\apache-maven-3.9.6\bin;C:\Program Files\Git\cmd;C:\Program Files\Java\jdk-22\bin;C:\Users\Kiet\AppData\Local\Programs\Python\Python312;C:\Users\Kiet\AppData\Local\Programs\Python\Python312\Scripts;C:\Program Files\CMake\bin;C:\Program Files\PostgreSQL\17\bin;C:\Users\Kiet\AppData\Local\Programs\Python\Launcher\;C:\Users\Kiet\AppData\Local\Microsoft\WindowsApps;C:\Users\Kiet\AppData\Local\Programs\Microsoft VS Code\bin;C:\Users\Kiet\.dotnet\tools;C:\Program Files\Azure Data Studio\bin
USERNAME=Kiet
LANG=en_US.UTF-8
OS=Windows_NT
PROCESSOR_IDENTIFIER=Intel64 Family 6 Model 126 Stepping 5, GenuineIntel
TMP=C:\Users\Kiet\AppData\Local\Temp
TEMP=C:\Users\Kiet\AppData\Local\Temp



Periodic native trim disabled


---------------  S Y S T E M  ---------------

OS:
 Windows 11 , 64 bit Build 22621 (10.0.22621.3958)
OS uptime: 4 days 23:55 hours

CPU: total 8 (initial active 8) (4 cores per cpu, 2 threads per core) family 6 model 126 stepping 5 microcode 0xa6, cx8, cmov, fxsr, ht, mmx, 3dnowpref, sse, sse2, sse3, ssse3, sse4.1, sse4.2, popcnt, lzcnt, tsc, tscinvbit, avx, avx2, aes, erms, clmul, bmi1, bmi2, adx, avx512f, avx512dq, avx512cd, avx512bw, avx512vl, sha, fma, vzeroupper, avx512_vpopcntdq, avx512_vpclmulqdq, avx512_vaes, avx512_vnni, clflush, clflushopt, avx512_vbmi2, avx512_vbmi
Processor Information for all 8 processors :
  Max Mhz: 1190, Current Mhz: 991, Mhz Limit: 987

Memory: 4k page, system-wide physical 7987M (915M free)
TotalPageFile size 10035M (AvailPageFile size 9M)
current process WorkingSet (physical memory assigned to process): 454M, peak: 454M
current process commit charge ("private bytes"): 506M, peak: 508M

vm_info: OpenJDK 64-Bit Server VM (17.0.12+7) for windows-amd64 JRE (17.0.12+7), built on Jul 16 2024 22:08:24 by "admin" with MS VC++ 16.10 / 16.11 (VS2019)

END.
