#
# There is insufficient memory for the Java Runtime Environment to continue.
# Native memory allocation (malloc) failed to allocate 397584 bytes. Error detail: Chunk::new
# Possible reasons:
#   The system is out of physical RAM or swap space
#   This process is running with CompressedOops enabled, and the Java Heap may be blocking the growth of the native heap
# Possible solutions:
#   Reduce memory load on the system
#   Increase physical memory or swap space
#   Check if swap backing store is full
#   Decrease Java heap size (-Xmx/-Xms)
#   Decrease number of Java threads
#   Decrease Java thread stack sizes (-Xss)
#   Set larger code cache with -XX:ReservedCodeCacheSize=
#   JVM is running with Unscaled Compressed Oops mode in which the Java heap is
#     placed in the first 4GB address space. The Java Heap base address is the
#     maximum limit for the native heap growth. Please use -XX:HeapBaseMinAddress
#     to set the Java Heap base and to place the Java Heap above 4GB virtual address.
# This output file may be truncated or incomplete.
#
#  Out of Memory Error (arena.cpp:191), pid=21916, tid=12160
#
# JRE version: OpenJDK Runtime Environment Temurin-17.0.12+7 (17.0.12+7) (build 17.0.12+7)
# Java VM: OpenJDK 64-Bit Server VM Temurin-17.0.12+7 (17.0.12+7, mixed mode, tiered, compressed oops, compressed class ptrs, g1 gc, windows-amd64)
# No core dump will be written. Minidumps are not enabled by default on client versions of Windows
#

---------------  S U M M A R Y ------------

Command Line: -XX:+ShowCodeDetailsInExceptionMessages net.enjoy.springboot.registrationlogin.RegistrationLoginApplication

Host: Intel(R) Core(TM) i5-1035G1 CPU @ 1.00GHz, 8 cores, 7G,  Windows 11 , 64 bit Build 22621 (10.0.22621.3958)
Time: Sat Sep 28 21:20:27 2024 SE Asia Standard Time elapsed time: 262.002972 seconds (0d 0h 4m 22s)

---------------  T H R E A D  ---------------

Current thread (0x000001a8361c2130):  JavaThread "C2 CompilerThread1" daemon [_thread_in_native, id=12160, stack(0x00000098b5700000,0x00000098b5800000)]


Current CompileTask:
C2: 262003 13026   !   4       org.springframework.core.io.DefaultResourceLoader::getResource (140 bytes)

Stack: [0x00000098b5700000,0x00000098b5800000]
Native frames: (J=compiled Java code, j=interpreted, Vv=VM code, C=native code)
V  [jvm.dll+0x67f929]
V  [jvm.dll+0x8371ba]
V  [jvm.dll+0x838c7e]
V  [jvm.dll+0x8392e3]
V  [jvm.dll+0x24834f]
V  [jvm.dll+0xac9d4]
V  [jvm.dll+0xad01c]
V  [jvm.dll+0x11f8a7]
V  [jvm.dll+0x611475]
V  [jvm.dll+0x60fb1a]
V  [jvm.dll+0x21a728]
V  [jvm.dll+0x219cf1]
V  [jvm.dll+0x1a58bd]
V  [jvm.dll+0x229a2d]
V  [jvm.dll+0x227bdc]
V  [jvm.dll+0x7ec1f7]
V  [jvm.dll+0x7e65dc]
V  [jvm.dll+0x67e7f7]
C  [ucrtbase.dll+0x29333]
C  [KERNEL32.DLL+0x1257d]
C  [ntdll.dll+0x5af28]


---------------  P R O C E S S  ---------------

Threads class SMR info:
_java_thread_list=0x000001a83a84a9c0, length=18, elements={
0x000001a82f5da020, 0x000001a82f5db380, 0x000001a82f615250, 0x000001a82f615c20,
0x000001a82f61a820, 0x000001a82f61c1f0, 0x000001a82f621020, 0x000001a82f622180,
0x000001a82f626730, 0x000001a82f61e560, 0x000001a82f61e050, 0x000001a82f61d120,
0x000001a837155ba0, 0x000001a837654ab0, 0x000001a837293090, 0x000001a837295400,
0x000001a8361c2130, 0x000001a8361c2bd0
}

Java Threads: ( => current thread )
  0x000001a82f5da020 JavaThread "Reference Handler" daemon [_thread_blocked, id=10740, stack(0x00000098b4a00000,0x00000098b4b00000)]
  0x000001a82f5db380 JavaThread "Finalizer" daemon [_thread_blocked, id=18164, stack(0x00000098b4b00000,0x00000098b4c00000)]
  0x000001a82f615250 JavaThread "Signal Dispatcher" daemon [_thread_blocked, id=13208, stack(0x00000098b4c00000,0x00000098b4d00000)]
  0x000001a82f615c20 JavaThread "Attach Listener" daemon [_thread_blocked, id=17984, stack(0x00000098b4d00000,0x00000098b4e00000)]
  0x000001a82f61a820 JavaThread "Service Thread" daemon [_thread_blocked, id=11504, stack(0x00000098b4e00000,0x00000098b4f00000)]
  0x000001a82f61c1f0 JavaThread "Monitor Deflation Thread" daemon [_thread_blocked, id=4180, stack(0x00000098b4f00000,0x00000098b5000000)]
  0x000001a82f621020 JavaThread "C2 CompilerThread0" daemon [_thread_in_native, id=17568, stack(0x00000098b5000000,0x00000098b5100000)]
  0x000001a82f622180 JavaThread "C1 CompilerThread0" daemon [_thread_in_native, id=13124, stack(0x00000098b5100000,0x00000098b5200000)]
  0x000001a82f626730 JavaThread "Sweeper thread" daemon [_thread_blocked, id=21540, stack(0x00000098b5200000,0x00000098b5300000)]
  0x000001a82f61e560 JavaThread "Notification Thread" daemon [_thread_blocked, id=15168, stack(0x00000098b5300000,0x00000098b5400000)]
  0x000001a82f61e050 JavaThread "Common-Cleaner" daemon [_thread_blocked, id=9232, stack(0x00000098b5500000,0x00000098b5600000)]
  0x000001a82f61d120 JavaThread "mysql-cj-abandoned-connection-cleanup" daemon [_thread_blocked, id=15268, stack(0x00000098b6500000,0x00000098b6600000)]
  0x000001a837155ba0 JavaThread "Live Reload Server" daemon [_thread_in_native, id=20292, stack(0x00000098b6b00000,0x00000098b6c00000)]
  0x000001a837654ab0 JavaThread "DestroyJavaVM" [_thread_blocked, id=20240, stack(0x00000098b4300000,0x00000098b4400000)]
  0x000001a837293090 JavaThread "Thread-15" [_thread_blocked, id=10588, stack(0x00000098b4200000,0x00000098b4300000)]
  0x000001a837295400 JavaThread "restartedMain" [_thread_in_Java, id=18884, stack(0x00000098b5600000,0x00000098b5700000)]
=>0x000001a8361c2130 JavaThread "C2 CompilerThread1" daemon [_thread_in_native, id=12160, stack(0x00000098b5700000,0x00000098b5800000)]
  0x000001a8361c2bd0 JavaThread "C2 CompilerThread2" daemon [_thread_in_native, id=15956, stack(0x00000098b5800000,0x00000098b5900000)]

Other Threads:
  0x000001a82f5b2f30 VMThread "VM Thread" [stack: 0x00000098b4900000,0x00000098b4a00000] [id=21636]
  0x000001a82f63f320 WatcherThread [stack: 0x00000098b5400000,0x00000098b5500000] [id=12304]
  0x000001a8161ae080 GCTaskThread "GC Thread#0" [stack: 0x00000098b4400000,0x00000098b4500000] [id=12076]
  0x000001a834c8b640 GCTaskThread "GC Thread#1" [stack: 0x00000098b5900000,0x00000098b5a00000] [id=12480]
  0x000001a834c8b900 GCTaskThread "GC Thread#2" [stack: 0x00000098b5a00000,0x00000098b5b00000] [id=11172]
  0x000001a834c87010 GCTaskThread "GC Thread#3" [stack: 0x00000098b5b00000,0x00000098b5c00000] [id=8588]
  0x000001a834bd7230 GCTaskThread "GC Thread#4" [stack: 0x00000098b5c00000,0x00000098b5d00000] [id=15576]
  0x000001a834bd6cb0 GCTaskThread "GC Thread#5" [stack: 0x00000098b5d00000,0x00000098b5e00000] [id=8388]
  0x000001a834bd6f70 GCTaskThread "GC Thread#6" [stack: 0x00000098b5f00000,0x00000098b6000000] [id=1896]
  0x000001a834bd82b0 GCTaskThread "GC Thread#7" [stack: 0x00000098b6000000,0x00000098b6100000] [id=11908]
  0x000001a8161bf9a0 ConcurrentGCThread "G1 Main Marker" [stack: 0x00000098b4500000,0x00000098b4600000] [id=15852]
  0x000001a8161c03c0 ConcurrentGCThread "G1 Conc#0" [stack: 0x00000098b4600000,0x00000098b4700000] [id=1188]
  0x000001a834bd7d30 ConcurrentGCThread "G1 Conc#1" [stack: 0x00000098b6200000,0x00000098b6300000] [id=9052]
  0x000001a8161ed890 ConcurrentGCThread "G1 Refine#0" [stack: 0x00000098b4700000,0x00000098b4800000] [id=18812]
  0x000001a8161ee2c0 ConcurrentGCThread "G1 Service" [stack: 0x00000098b4800000,0x00000098b4900000] [id=18984]

Threads with active compile tasks:
C2 CompilerThread0   262022 13038       4       org.springframework.boot.context.properties.source.SpringIterableConfigurationPropertySource::getConfigurationProperty (94 bytes)
C1 CompilerThread0   262022 13050       3       org.springframework.boot.autoconfigure.condition.OnPropertyCondition::getMatchOutcome (164 bytes)
C2 CompilerThread1   262022 13026   !   4       org.springframework.core.io.DefaultResourceLoader::getResource (140 bytes)
C2 CompilerThread2   262022 13040       4       org.springframework.asm.ClassReader::readElementValue (1237 bytes)

VM state: not at safepoint (normal execution)

VM Mutex/Monitor currently owned by a thread: None

Heap address: 0x0000000083200000, size: 1998 MB, Compressed Oops mode: 32-bit

CDS archive(s) not mapped
Compressed class space mapped at: 0x0000000100000000-0x0000000140000000, reserved size: 1073741824
Narrow klass base: 0x0000000000000000, Narrow klass shift: 3, Narrow klass range: 0x140000000

GC Precious Log:
 CPUs: 8 total, 8 available
 Memory: 7987M
 Large Page Support: Disabled
 NUMA Support: Disabled
 Compressed Oops: Enabled (32-bit)
 Heap Region Size: 1M
 Heap Min Capacity: 8M
 Heap Initial Capacity: 126M
 Heap Max Capacity: 1998M
 Pre-touch: Disabled
 Parallel Workers: 8
 Concurrent Workers: 2
 Concurrent Refinement Workers: 8
 Periodic GC: Disabled

Heap:
 garbage-first heap   total 112640K, used 65766K [0x0000000083200000, 0x0000000100000000)
  region size 1024K, 31 young (31744K), 0 survivors (0K)
 Metaspace       used 92327K, committed 93120K, reserved 1179648K
  class space    used 12170K, committed 12544K, reserved 1048576K

Heap Regions: E=young(eden), S=young(survivor), O=old, HS=humongous(starts), HC=humongous(continues), CS=collection set, F=free, OA=open archive, CA=closed archive, TAMS=top-at-mark-start (previous, next)
|   0|0x0000000083200000, 0x0000000083300000, 0x0000000083300000|100%|HS|  |TAMS 0x0000000083300000, 0x0000000083200000| Untracked 
|   1|0x0000000083300000, 0x0000000083400000, 0x0000000083400000|100%| O|  |TAMS 0x0000000083400000, 0x0000000083300000| Untracked 
|   2|0x0000000083400000, 0x0000000083500000, 0x0000000083500000|100%| O|  |TAMS 0x0000000083500000, 0x0000000083400000| Untracked 
|   3|0x0000000083500000, 0x0000000083600000, 0x0000000083600000|100%| O|  |TAMS 0x0000000083600000, 0x0000000083500000| Untracked 
|   4|0x0000000083600000, 0x0000000083700000, 0x0000000083700000|100%| O|  |TAMS 0x0000000083700000, 0x0000000083600000| Untracked 
|   5|0x0000000083700000, 0x00000000837fffc0, 0x0000000083800000| 99%| O|  |TAMS 0x00000000837fffc0, 0x0000000083700000| Untracked 
|   6|0x0000000083800000, 0x00000000838fcc70, 0x0000000083900000| 98%| O|  |TAMS 0x00000000838fcc70, 0x0000000083800000| Untracked 
|   7|0x0000000083900000, 0x00000000839f5f60, 0x0000000083a00000| 96%| O|  |TAMS 0x00000000839f5f60, 0x0000000083900000| Untracked 
|   8|0x0000000083a00000, 0x0000000083b00000, 0x0000000083b00000|100%| O|  |TAMS 0x0000000083b00000, 0x0000000083a00000| Untracked 
|   9|0x0000000083b00000, 0x0000000083c00000, 0x0000000083c00000|100%| O|  |TAMS 0x0000000083c00000, 0x0000000083b00000| Untracked 
|  10|0x0000000083c00000, 0x0000000083cffff0, 0x0000000083d00000| 99%| O|  |TAMS 0x0000000083cffff0, 0x0000000083c00000| Untracked 
|  11|0x0000000083d00000, 0x0000000083dffff0, 0x0000000083e00000| 99%| O|  |TAMS 0x0000000083dffff0, 0x0000000083d00000| Untracked 
|  12|0x0000000083e00000, 0x0000000083effff0, 0x0000000083f00000| 99%| O|  |TAMS 0x0000000083effff0, 0x0000000083e00000| Untracked 
|  13|0x0000000083f00000, 0x0000000083fffff8, 0x0000000084000000| 99%| O|  |TAMS 0x0000000083fffff8, 0x0000000083f00000| Untracked 
|  14|0x0000000084000000, 0x00000000840fff98, 0x0000000084100000| 99%| O|  |TAMS 0x00000000840fff98, 0x0000000084000000| Untracked 
|  15|0x0000000084100000, 0x00000000841fff80, 0x0000000084200000| 99%| O|  |TAMS 0x00000000841fff80, 0x0000000084100000| Untracked 
|  16|0x0000000084200000, 0x0000000084300000, 0x0000000084300000|100%| O|  |TAMS 0x0000000084300000, 0x0000000084200000| Untracked 
|  17|0x0000000084300000, 0x00000000843fffe0, 0x0000000084400000| 99%| O|  |TAMS 0x00000000843fffe0, 0x0000000084300000| Untracked 
|  18|0x0000000084400000, 0x0000000084500000, 0x0000000084500000|100%| O|  |TAMS 0x0000000084500000, 0x0000000084400000| Untracked 
|  19|0x0000000084500000, 0x0000000084600000, 0x0000000084600000|100%| O|  |TAMS 0x0000000084600000, 0x0000000084500000| Untracked 
|  20|0x0000000084600000, 0x00000000846fffe8, 0x0000000084700000| 99%| O|  |TAMS 0x00000000846fffe8, 0x0000000084600000| Untracked 
|  21|0x0000000084700000, 0x00000000847ffff0, 0x0000000084800000| 99%| O|  |TAMS 0x00000000847ffff0, 0x0000000084700000| Untracked 
|  22|0x0000000084800000, 0x00000000848ffff8, 0x0000000084900000| 99%| O|  |TAMS 0x00000000848ffff8, 0x0000000084800000| Untracked 
|  23|0x0000000084900000, 0x00000000849fffd8, 0x0000000084a00000| 99%| O|  |TAMS 0x00000000849fffd8, 0x0000000084900000| Untracked 
|  24|0x0000000084a00000, 0x0000000084affff8, 0x0000000084b00000| 99%| O|  |TAMS 0x0000000084a00000, 0x0000000084a00000| Untracked 
|  25|0x0000000084b00000, 0x0000000084bffff8, 0x0000000084c00000| 99%| O|  |TAMS 0x0000000084b00000, 0x0000000084b00000| Untracked 
|  26|0x0000000084c00000, 0x0000000084cfffe8, 0x0000000084d00000| 99%| O|  |TAMS 0x0000000084cfffe8, 0x0000000084c00000| Untracked 
|  27|0x0000000084d00000, 0x0000000084dfffc0, 0x0000000084e00000| 99%| O|  |TAMS 0x0000000084d00000, 0x0000000084d00000| Untracked 
|  28|0x0000000084e00000, 0x0000000084effff8, 0x0000000084f00000| 99%| O|  |TAMS 0x0000000084e00000, 0x0000000084e00000| Untracked 
|  29|0x0000000084f00000, 0x0000000084fbcf48, 0x0000000085000000| 73%| O|  |TAMS 0x0000000084f00000, 0x0000000084f00000| Untracked 
|  30|0x0000000085000000, 0x0000000085000000, 0x0000000085100000|  0%| F|  |TAMS 0x0000000085000000, 0x0000000085000000| Untracked 
|  31|0x0000000085100000, 0x00000000851fffc0, 0x0000000085200000| 99%| O|  |TAMS 0x0000000085100000, 0x0000000085100000| Untracked 
|  32|0x0000000085200000, 0x00000000852fffe0, 0x0000000085300000| 99%| O|  |TAMS 0x0000000085200000, 0x0000000085200000| Untracked 
|  33|0x0000000085300000, 0x00000000853a9238, 0x0000000085400000| 66%| O|  |TAMS 0x0000000085300000, 0x0000000085300000| Untracked 
|  34|0x0000000085400000, 0x000000008540c0c8, 0x0000000085500000|  4%| O|  |TAMS 0x0000000085400000, 0x0000000085400000| Untracked 
|  35|0x0000000085500000, 0x0000000085500000, 0x0000000085600000|  0%| F|  |TAMS 0x0000000085500000, 0x0000000085500000| Untracked 
|  36|0x0000000085600000, 0x0000000085600000, 0x0000000085700000|  0%| F|  |TAMS 0x0000000085600000, 0x0000000085600000| Untracked 
|  37|0x0000000085700000, 0x0000000085700000, 0x0000000085800000|  0%| F|  |TAMS 0x0000000085700000, 0x0000000085700000| Untracked 
|  38|0x0000000085800000, 0x0000000085814ce0, 0x0000000085900000|  8%| O|  |TAMS 0x0000000085800000, 0x0000000085800000| Untracked 
|  39|0x0000000085900000, 0x00000000859ff410, 0x0000000085a00000| 99%| O|  |TAMS 0x0000000085900000, 0x0000000085900000| Untracked 
|  40|0x0000000085a00000, 0x0000000085ac0e80, 0x0000000085b00000| 75%| O|  |TAMS 0x0000000085a00000, 0x0000000085a00000| Untracked 
|  41|0x0000000085b00000, 0x0000000085b00000, 0x0000000085c00000|  0%| F|  |TAMS 0x0000000085b00000, 0x0000000085b00000| Untracked 
|  42|0x0000000085c00000, 0x0000000085c00000, 0x0000000085d00000|  0%| F|  |TAMS 0x0000000085c00000, 0x0000000085c00000| Untracked 
|  43|0x0000000085d00000, 0x0000000085d00000, 0x0000000085e00000|  0%| F|  |TAMS 0x0000000085d00000, 0x0000000085d00000| Untracked 
|  44|0x0000000085e00000, 0x0000000085e00000, 0x0000000085f00000|  0%| F|  |TAMS 0x0000000085e00000, 0x0000000085e00000| Untracked 
|  45|0x0000000085f00000, 0x0000000085f00000, 0x0000000086000000|  0%| F|  |TAMS 0x0000000085f00000, 0x0000000085f00000| Untracked 
|  46|0x0000000086000000, 0x0000000086000000, 0x0000000086100000|  0%| F|  |TAMS 0x0000000086000000, 0x0000000086000000| Untracked 
|  47|0x0000000086100000, 0x0000000086100000, 0x0000000086200000|  0%| F|  |TAMS 0x0000000086100000, 0x0000000086100000| Untracked 
|  48|0x0000000086200000, 0x0000000086200000, 0x0000000086300000|  0%| F|  |TAMS 0x0000000086200000, 0x0000000086200000| Untracked 
|  49|0x0000000086300000, 0x0000000086300000, 0x0000000086400000|  0%| F|  |TAMS 0x0000000086300000, 0x0000000086300000| Untracked 
|  50|0x0000000086400000, 0x0000000086400000, 0x0000000086500000|  0%| F|  |TAMS 0x0000000086400000, 0x0000000086400000| Untracked 
|  51|0x0000000086500000, 0x0000000086500000, 0x0000000086600000|  0%| F|  |TAMS 0x0000000086500000, 0x0000000086500000| Untracked 
|  52|0x0000000086600000, 0x0000000086600000, 0x0000000086700000|  0%| F|  |TAMS 0x0000000086600000, 0x0000000086600000| Untracked 
|  53|0x0000000086700000, 0x0000000086700000, 0x0000000086800000|  0%| F|  |TAMS 0x0000000086700000, 0x0000000086700000| Untracked 
|  54|0x0000000086800000, 0x0000000086800000, 0x0000000086900000|  0%| F|  |TAMS 0x0000000086800000, 0x0000000086800000| Untracked 
|  55|0x0000000086900000, 0x0000000086900000, 0x0000000086a00000|  0%| F|  |TAMS 0x0000000086900000, 0x0000000086900000| Untracked 
|  56|0x0000000086a00000, 0x0000000086a00000, 0x0000000086b00000|  0%| F|  |TAMS 0x0000000086a00000, 0x0000000086a00000| Untracked 
|  57|0x0000000086b00000, 0x0000000086b00000, 0x0000000086c00000|  0%| F|  |TAMS 0x0000000086b00000, 0x0000000086b00000| Untracked 
|  58|0x0000000086c00000, 0x0000000086c00000, 0x0000000086d00000|  0%| F|  |TAMS 0x0000000086c00000, 0x0000000086c00000| Untracked 
|  59|0x0000000086d00000, 0x0000000086d00000, 0x0000000086e00000|  0%| F|  |TAMS 0x0000000086d00000, 0x0000000086d00000| Untracked 
|  60|0x0000000086e00000, 0x0000000086e00000, 0x0000000086f00000|  0%| F|  |TAMS 0x0000000086e00000, 0x0000000086e00000| Untracked 
|  61|0x0000000086f00000, 0x0000000086f00000, 0x0000000087000000|  0%| F|  |TAMS 0x0000000086f00000, 0x0000000086f00000| Untracked 
|  62|0x0000000087000000, 0x0000000087000000, 0x0000000087100000|  0%| F|  |TAMS 0x0000000087000000, 0x0000000087000000| Untracked 
|  63|0x0000000087100000, 0x0000000087100000, 0x0000000087200000|  0%| F|  |TAMS 0x0000000087100000, 0x0000000087100000| Untracked 
|  64|0x0000000087200000, 0x0000000087200000, 0x0000000087300000|  0%| F|  |TAMS 0x0000000087200000, 0x0000000087200000| Untracked 
|  65|0x0000000087300000, 0x0000000087300000, 0x0000000087400000|  0%| F|  |TAMS 0x0000000087300000, 0x0000000087300000| Untracked 
|  66|0x0000000087400000, 0x0000000087400000, 0x0000000087500000|  0%| F|  |TAMS 0x0000000087400000, 0x0000000087400000| Untracked 
|  67|0x0000000087500000, 0x0000000087500000, 0x0000000087600000|  0%| F|  |TAMS 0x0000000087500000, 0x0000000087500000| Untracked 
|  68|0x0000000087600000, 0x0000000087600000, 0x0000000087700000|  0%| F|  |TAMS 0x0000000087600000, 0x0000000087600000| Untracked 
|  69|0x0000000087700000, 0x0000000087700000, 0x0000000087800000|  0%| F|  |TAMS 0x0000000087700000, 0x0000000087700000| Untracked 
|  70|0x0000000087800000, 0x0000000087800000, 0x0000000087900000|  0%| F|  |TAMS 0x0000000087800000, 0x0000000087800000| Untracked 
|  71|0x0000000087900000, 0x0000000087900000, 0x0000000087a00000|  0%| F|  |TAMS 0x0000000087900000, 0x0000000087900000| Untracked 
|  72|0x0000000087a00000, 0x0000000087a00000, 0x0000000087b00000|  0%| F|  |TAMS 0x0000000087a00000, 0x0000000087a00000| Untracked 
|  73|0x0000000087b00000, 0x0000000087b00000, 0x0000000087c00000|  0%| F|  |TAMS 0x0000000087b00000, 0x0000000087b00000| Untracked 
|  74|0x0000000087c00000, 0x0000000087c00000, 0x0000000087d00000|  0%| F|  |TAMS 0x0000000087c00000, 0x0000000087c00000| Untracked 
|  75|0x0000000087d00000, 0x0000000087d00000, 0x0000000087e00000|  0%| F|  |TAMS 0x0000000087d00000, 0x0000000087d00000| Untracked 
|  76|0x0000000087e00000, 0x0000000087e00000, 0x0000000087f00000|  0%| F|  |TAMS 0x0000000087e00000, 0x0000000087e00000| Untracked 
|  77|0x0000000087f00000, 0x0000000087f00000, 0x0000000088000000|  0%| F|  |TAMS 0x0000000087f00000, 0x0000000087f00000| Untracked 
|  78|0x0000000088000000, 0x0000000088041cd8, 0x0000000088100000| 25%| E|  |TAMS 0x0000000088000000, 0x0000000088000000| Complete 
|  79|0x0000000088100000, 0x0000000088200000, 0x0000000088200000|100%| E|CS|TAMS 0x0000000088100000, 0x0000000088100000| Complete 
|  80|0x0000000088200000, 0x0000000088300000, 0x0000000088300000|100%| E|CS|TAMS 0x0000000088200000, 0x0000000088200000| Complete 
|  81|0x0000000088300000, 0x0000000088400000, 0x0000000088400000|100%| E|CS|TAMS 0x0000000088300000, 0x0000000088300000| Complete 
|  82|0x0000000088400000, 0x0000000088500000, 0x0000000088500000|100%| E|CS|TAMS 0x0000000088400000, 0x0000000088400000| Complete 
|  83|0x0000000088500000, 0x0000000088600000, 0x0000000088600000|100%| E|CS|TAMS 0x0000000088500000, 0x0000000088500000| Complete 
|  84|0x0000000088600000, 0x0000000088700000, 0x0000000088700000|100%| E|CS|TAMS 0x0000000088600000, 0x0000000088600000| Complete 
|  85|0x0000000088700000, 0x0000000088800000, 0x0000000088800000|100%| E|CS|TAMS 0x0000000088700000, 0x0000000088700000| Complete 
|  86|0x0000000088800000, 0x0000000088900000, 0x0000000088900000|100%| E|CS|TAMS 0x0000000088800000, 0x0000000088800000| Complete 
|  87|0x0000000088900000, 0x0000000088a00000, 0x0000000088a00000|100%| E|CS|TAMS 0x0000000088900000, 0x0000000088900000| Complete 
|  88|0x0000000088a00000, 0x0000000088b00000, 0x0000000088b00000|100%| E|CS|TAMS 0x0000000088a00000, 0x0000000088a00000| Complete 
|  89|0x0000000088b00000, 0x0000000088c00000, 0x0000000088c00000|100%| E|CS|TAMS 0x0000000088b00000, 0x0000000088b00000| Complete 
|  90|0x0000000088c00000, 0x0000000088d00000, 0x0000000088d00000|100%| E|CS|TAMS 0x0000000088c00000, 0x0000000088c00000| Complete 
|  91|0x0000000088d00000, 0x0000000088e00000, 0x0000000088e00000|100%| E|CS|TAMS 0x0000000088d00000, 0x0000000088d00000| Complete 
|  92|0x0000000088e00000, 0x0000000088f00000, 0x0000000088f00000|100%| E|CS|TAMS 0x0000000088e00000, 0x0000000088e00000| Complete 
|  93|0x0000000088f00000, 0x0000000089000000, 0x0000000089000000|100%| E|CS|TAMS 0x0000000088f00000, 0x0000000088f00000| Complete 
|  94|0x0000000089000000, 0x0000000089100000, 0x0000000089100000|100%| E|CS|TAMS 0x0000000089000000, 0x0000000089000000| Complete 
|  95|0x0000000089100000, 0x0000000089200000, 0x0000000089200000|100%| E|CS|TAMS 0x0000000089100000, 0x0000000089100000| Complete 
|  96|0x0000000089200000, 0x0000000089300000, 0x0000000089300000|100%| E|CS|TAMS 0x0000000089200000, 0x0000000089200000| Complete 
|  97|0x0000000089300000, 0x0000000089400000, 0x0000000089400000|100%| E|CS|TAMS 0x0000000089300000, 0x0000000089300000| Complete 
|  98|0x0000000089400000, 0x0000000089500000, 0x0000000089500000|100%| E|CS|TAMS 0x0000000089400000, 0x0000000089400000| Complete 
|  99|0x0000000089500000, 0x0000000089600000, 0x0000000089600000|100%| E|CS|TAMS 0x0000000089500000, 0x0000000089500000| Complete 
| 100|0x0000000089600000, 0x0000000089700000, 0x0000000089700000|100%| E|CS|TAMS 0x0000000089600000, 0x0000000089600000| Complete 
| 101|0x0000000089700000, 0x0000000089800000, 0x0000000089800000|100%| E|CS|TAMS 0x0000000089700000, 0x0000000089700000| Complete 
| 102|0x0000000089800000, 0x0000000089900000, 0x0000000089900000|100%| E|CS|TAMS 0x0000000089800000, 0x0000000089800000| Complete 
| 103|0x0000000089900000, 0x0000000089a00000, 0x0000000089a00000|100%| E|CS|TAMS 0x0000000089900000, 0x0000000089900000| Complete 
| 104|0x0000000089a00000, 0x0000000089b00000, 0x0000000089b00000|100%| E|CS|TAMS 0x0000000089a00000, 0x0000000089a00000| Complete 
| 105|0x0000000089b00000, 0x0000000089c00000, 0x0000000089c00000|100%| E|CS|TAMS 0x0000000089b00000, 0x0000000089b00000| Complete 
| 106|0x0000000089c00000, 0x0000000089d00000, 0x0000000089d00000|100%| E|CS|TAMS 0x0000000089c00000, 0x0000000089c00000| Complete 
| 107|0x0000000089d00000, 0x0000000089e00000, 0x0000000089e00000|100%| E|CS|TAMS 0x0000000089d00000, 0x0000000089d00000| Complete 
| 108|0x0000000089e00000, 0x0000000089f00000, 0x0000000089f00000|100%| E|CS|TAMS 0x0000000089e00000, 0x0000000089e00000| Complete 
| 109|0x0000000089f00000, 0x000000008a000000, 0x000000008a000000|100%| E|CS|TAMS 0x0000000089f00000, 0x0000000089f00000| Complete 

Card table byte_map: [0x000001a8284f0000,0x000001a8288e0000] _byte_map_base: 0x000001a8280d7000

Marking Bits (Prev, Next): (CMBitMap*) 0x000001a8161af6f0, (CMBitMap*) 0x000001a8161af6b0
 Prev Bits: [0x000001a82ac10000, 0x000001a82cb48000)
 Next Bits: [0x000001a828cd0000, 0x000001a82ac08000)

Polling page: 0x000001a814100000

Metaspace:

Usage:
  Non-class:     78.28 MB used.
      Class:     11.89 MB used.
       Both:     90.16 MB used.

Virtual space:
  Non-class space:      128.00 MB reserved,      78.69 MB ( 61%) committed,  2 nodes.
      Class space:        1.00 GB reserved,      12.25 MB (  1%) committed,  1 nodes.
             Both:        1.12 GB reserved,      90.94 MB (  8%) committed. 

Chunk freelists:
   Non-Class:  829.00 KB
       Class:  3.76 MB
        Both:  4.57 MB

MaxMetaspaceSize: unlimited
CompressedClassSpaceSize: 1.00 GB
Initial GC threshold: 21.00 MB
Current GC threshold: 151.25 MB
CDS: off
MetaspaceReclaimPolicy: balanced
 - commit_granule_bytes: 65536.
 - commit_granule_words: 8192.
 - virtual_space_node_default_size: 8388608.
 - enlarge_chunks_in_place: 1.
 - new_chunks_are_fully_committed: 0.
 - uncommit_free_chunks: 1.
 - use_allocation_guard: 0.
 - handle_deallocations: 1.


Internal statistics:

num_allocs_failed_limit: 6.
num_arena_births: 1060.
num_arena_deaths: 6.
num_vsnodes_births: 3.
num_vsnodes_deaths: 0.
num_space_committed: 1455.
num_space_uncommitted: 0.
num_chunks_returned_to_freelist: 13.
num_chunks_taken_from_freelist: 4374.
num_chunk_merges: 6.
num_chunk_splits: 3060.
num_chunks_enlarged: 2287.
num_inconsistent_stats: 0.

CodeHeap 'non-profiled nmethods': size=120000Kb used=8550Kb max_used=8550Kb free=111449Kb
 bounds [0x000001a8208a0000, 0x000001a821100000, 0x000001a827dd0000]
CodeHeap 'profiled nmethods': size=120000Kb used=23198Kb max_used=23198Kb free=96801Kb
 bounds [0x000001a818dd0000, 0x000001a81a480000, 0x000001a820300000]
CodeHeap 'non-nmethods': size=5760Kb used=1389Kb max_used=1455Kb free=4370Kb
 bounds [0x000001a820300000, 0x000001a820570000, 0x000001a8208a0000]
 total_blobs=12196 nmethods=11482 adapters=625
 compilation: enabled
              stopped_count=0, restarted_count=0
 full_count=0

Compilation events (20 events):
Event: 261.894 Thread 0x000001a82f621020 nmethod 13035 0x000001a8210f6c90 code [0x000001a8210f6e40, 0x000001a8210f70f8]
Event: 261.894 Thread 0x000001a82f621020 13034       4       org.springframework.util.MultiValueMapAdapter::add (28 bytes)
Event: 261.900 Thread 0x000001a82f621020 nmethod 13034 0x000001a8210f7310 code [0x000001a8210f74c0, 0x000001a8210f7d08]
Event: 261.900 Thread 0x000001a82f621020 13038       4       org.springframework.boot.context.properties.source.SpringIterableConfigurationPropertySource::getConfigurationProperty (94 bytes)
Event: 261.910 Thread 0x000001a82f622180 13043   !   3       jdk.internal.reflect.GeneratedConstructorAccessor8::newInstance (49 bytes)
Event: 261.910 Thread 0x000001a82f622180 nmethod 13043 0x000001a81a475090 code [0x000001a81a475300, 0x000001a81a475d98]
Event: 261.911 Thread 0x000001a8361c2bd0 13041       4       java.util.TimSort::binarySort (223 bytes)
Event: 261.912 Thread 0x000001a82f622180 13044       3       org.springframework.util.MultiValueMapAdapter::forEach (11 bytes)
Event: 261.913 Thread 0x000001a82f622180 nmethod 13044 0x000001a81a476290 code [0x000001a81a476440, 0x000001a81a476608]
Event: 261.922 Thread 0x000001a8361c2bd0 nmethod 13041 0x000001a8210f8090 code [0x000001a8210f8220, 0x000001a8210f8c38]
Event: 261.922 Thread 0x000001a8361c2bd0 13042       4       org.springframework.core.type.classreading.SimpleMethodMetadataReadingVisitor::getSource (36 bytes)
Event: 261.925 Thread 0x000001a8361c2bd0 nmethod 13042 0x000001a8210f9090 code [0x000001a8210f9220, 0x000001a8210f93d8]
Event: 261.925 Thread 0x000001a8361c2bd0 13037       4       org.springframework.core.io.ClassPathResource::hashCode (8 bytes)
Event: 261.928 Thread 0x000001a8361c2bd0 nmethod 13037 0x000001a8210f9490 code [0x000001a8210f9620, 0x000001a8210f9868]
Event: 261.928 Thread 0x000001a8361c2bd0 13040       4       org.springframework.asm.ClassReader::readElementValue (1237 bytes)
Event: 261.939 Thread 0x000001a82f622180 13046       3       org.springframework.boot.env.OriginTrackedMapPropertySource::getProperty (25 bytes)
Event: 261.940 Thread 0x000001a82f622180 nmethod 13046 0x000001a81a476710 code [0x000001a81a476900, 0x000001a81a476f18]
Event: 261.959 Thread 0x000001a82f622180 13049       3       org.springframework.beans.factory.support.RootBeanDefinition::<init> (47 bytes)
Event: 261.959 Thread 0x000001a82f622180 nmethod 13049 0x000001a81a477090 code [0x000001a81a477260, 0x000001a81a477748]
Event: 261.960 Thread 0x000001a82f622180 13050       3       org.springframework.boot.autoconfigure.condition.OnPropertyCondition::getMatchOutcome (164 bytes)

GC Heap History (20 events):
Event: 116.814 GC heap before
{Heap before GC invocations=46 (full 1):
 garbage-first heap   total 119808K, used 89676K [0x0000000083200000, 0x0000000100000000)
  region size 1024K, 55 young (56320K), 0 survivors (0K)
 Metaspace       used 88004K, committed 88640K, reserved 1179648K
  class space    used 11935K, committed 12224K, reserved 1048576K
}
Event: 116.817 GC heap after
{Heap after GC invocations=47 (full 1):
 garbage-first heap   total 119808K, used 37534K [0x0000000083200000, 0x0000000100000000)
  region size 1024K, 5 young (5120K), 5 survivors (5120K)
 Metaspace       used 88004K, committed 88640K, reserved 1179648K
  class space    used 11935K, committed 12224K, reserved 1048576K
}
Event: 117.476 GC heap before
{Heap before GC invocations=47 (full 1):
 garbage-first heap   total 119808K, used 89758K [0x0000000083200000, 0x0000000100000000)
  region size 1024K, 56 young (57344K), 5 survivors (5120K)
 Metaspace       used 88654K, committed 89344K, reserved 1179648K
  class space    used 11969K, committed 12288K, reserved 1048576K
}
Event: 117.480 GC heap after
{Heap after GC invocations=48 (full 1):
 garbage-first heap   total 119808K, used 40497K [0x0000000083200000, 0x0000000100000000)
  region size 1024K, 4 young (4096K), 4 survivors (4096K)
 Metaspace       used 88654K, committed 89344K, reserved 1179648K
  class space    used 11969K, committed 12288K, reserved 1048576K
}
Event: 131.329 GC heap before
{Heap before GC invocations=48 (full 1):
 garbage-first heap   total 119808K, used 47665K [0x0000000083200000, 0x0000000100000000)
  region size 1024K, 12 young (12288K), 4 survivors (4096K)
 Metaspace       used 88686K, committed 89344K, reserved 1179648K
  class space    used 11970K, committed 12288K, reserved 1048576K
}
Event: 131.377 GC heap after
{Heap after GC invocations=49 (full 2):
 garbage-first heap   total 112640K, used 31246K [0x0000000083200000, 0x0000000100000000)
  region size 1024K, 0 young (0K), 0 survivors (0K)
 Metaspace       used 88686K, committed 89344K, reserved 1179648K
  class space    used 11970K, committed 12288K, reserved 1048576K
}
Event: 132.118 GC heap before
{Heap before GC invocations=49 (full 2):
 garbage-first heap   total 112640K, used 83470K [0x0000000083200000, 0x0000000100000000)
  region size 1024K, 52 young (53248K), 0 survivors (0K)
 Metaspace       used 89098K, committed 89728K, reserved 1179648K
  class space    used 11992K, committed 12288K, reserved 1048576K
}
Event: 132.121 GC heap after
{Heap after GC invocations=50 (full 2):
 garbage-first heap   total 112640K, used 35320K [0x0000000083200000, 0x0000000100000000)
  region size 1024K, 4 young (4096K), 4 survivors (4096K)
 Metaspace       used 89098K, committed 89728K, reserved 1179648K
  class space    used 11992K, committed 12288K, reserved 1048576K
}
Event: 132.773 GC heap before
{Heap before GC invocations=50 (full 2):
 garbage-first heap   total 112640K, used 86520K [0x0000000083200000, 0x0000000100000000)
  region size 1024K, 54 young (55296K), 4 survivors (4096K)
 Metaspace       used 89768K, committed 90432K, reserved 1179648K
  class space    used 12035K, committed 12352K, reserved 1048576K
}
Event: 132.777 GC heap after
{Heap after GC invocations=51 (full 2):
 garbage-first heap   total 112640K, used 38461K [0x0000000083200000, 0x0000000100000000)
  region size 1024K, 4 young (4096K), 4 survivors (4096K)
 Metaspace       used 89768K, committed 90432K, reserved 1179648K
  class space    used 12035K, committed 12352K, reserved 1048576K
}
Event: 140.405 GC heap before
{Heap before GC invocations=51 (full 2):
 garbage-first heap   total 112640K, used 47677K [0x0000000083200000, 0x0000000100000000)
  region size 1024K, 14 young (14336K), 4 survivors (4096K)
 Metaspace       used 89819K, committed 90560K, reserved 1179648K
  class space    used 12037K, committed 12352K, reserved 1048576K
}
Event: 140.454 GC heap after
{Heap after GC invocations=52 (full 3):
 garbage-first heap   total 112640K, used 31657K [0x0000000083200000, 0x0000000100000000)
  region size 1024K, 0 young (0K), 0 survivors (0K)
 Metaspace       used 89816K, committed 90560K, reserved 1179648K
  class space    used 12036K, committed 12352K, reserved 1048576K
}
Event: 141.335 GC heap before
{Heap before GC invocations=52 (full 3):
 garbage-first heap   total 112640K, used 84905K [0x0000000083200000, 0x0000000100000000)
  region size 1024K, 52 young (53248K), 0 survivors (0K)
 Metaspace       used 90161K, committed 90880K, reserved 1179648K
  class space    used 12061K, committed 12416K, reserved 1048576K
}
Event: 141.338 GC heap after
{Heap after GC invocations=53 (full 3):
 garbage-first heap   total 112640K, used 35753K [0x0000000083200000, 0x0000000100000000)
  region size 1024K, 4 young (4096K), 4 survivors (4096K)
 Metaspace       used 90161K, committed 90880K, reserved 1179648K
  class space    used 12061K, committed 12416K, reserved 1048576K
}
Event: 141.876 GC heap before
{Heap before GC invocations=53 (full 3):
 garbage-first heap   total 112640K, used 85929K [0x0000000083200000, 0x0000000100000000)
  region size 1024K, 53 young (54272K), 4 survivors (4096K)
 Metaspace       used 90727K, committed 91392K, reserved 1179648K
  class space    used 12096K, committed 12416K, reserved 1048576K
}
Event: 141.880 GC heap after
{Heap after GC invocations=54 (full 3):
 garbage-first heap   total 112640K, used 38976K [0x0000000083200000, 0x0000000100000000)
  region size 1024K, 4 young (4096K), 4 survivors (4096K)
 Metaspace       used 90727K, committed 91392K, reserved 1179648K
  class space    used 12096K, committed 12416K, reserved 1048576K
}
Event: 229.308 GC heap before
{Heap before GC invocations=54 (full 3):
 garbage-first heap   total 112640K, used 86080K [0x0000000083200000, 0x0000000100000000)
  region size 1024K, 50 young (51200K), 4 survivors (4096K)
 Metaspace       used 91885K, committed 92672K, reserved 1179648K
  class space    used 12143K, committed 12544K, reserved 1048576K
}
Event: 229.311 GC heap after
{Heap after GC invocations=55 (full 3):
 garbage-first heap   total 112640K, used 41272K [0x0000000083200000, 0x0000000100000000)
  region size 1024K, 6 young (6144K), 6 survivors (6144K)
 Metaspace       used 91885K, committed 92672K, reserved 1179648K
  class space    used 12143K, committed 12544K, reserved 1048576K
}
Event: 261.656 GC heap before
{Heap before GC invocations=55 (full 3):
 garbage-first heap   total 112640K, used 53560K [0x0000000083200000, 0x0000000100000000)
  region size 1024K, 19 young (19456K), 6 survivors (6144K)
 Metaspace       used 92168K, committed 92928K, reserved 1179648K
  class space    used 12154K, committed 12544K, reserved 1048576K
}
Event: 261.704 GC heap after
{Heap after GC invocations=56 (full 4):
 garbage-first heap   total 112640K, used 35046K [0x0000000083200000, 0x0000000100000000)
  region size 1024K, 0 young (0K), 0 survivors (0K)
 Metaspace       used 92165K, committed 92928K, reserved 1179648K
  class space    used 12153K, committed 12544K, reserved 1048576K
}

Dll operation events (10 events):
Event: 0.006 Loaded shared library C:\Users\Kiet\.vscode\extensions\redhat.java-1.34.0-win32-x64\jre\17.0.12-win32-x86_64\bin\java.dll
Event: 0.153 Loaded shared library C:\Users\Kiet\.vscode\extensions\redhat.java-1.34.0-win32-x64\jre\17.0.12-win32-x86_64\bin\net.dll
Event: 0.154 Loaded shared library C:\Users\Kiet\.vscode\extensions\redhat.java-1.34.0-win32-x64\jre\17.0.12-win32-x86_64\bin\nio.dll
Event: 0.159 Loaded shared library C:\Users\Kiet\.vscode\extensions\redhat.java-1.34.0-win32-x64\jre\17.0.12-win32-x86_64\bin\zip.dll
Event: 0.298 Loaded shared library C:\Users\Kiet\.vscode\extensions\redhat.java-1.34.0-win32-x64\jre\17.0.12-win32-x86_64\bin\jimage.dll
Event: 0.535 Loaded shared library C:\Users\Kiet\.vscode\extensions\redhat.java-1.34.0-win32-x64\jre\17.0.12-win32-x86_64\bin\management.dll
Event: 0.536 Loaded shared library C:\Users\Kiet\.vscode\extensions\redhat.java-1.34.0-win32-x64\jre\17.0.12-win32-x86_64\bin\management_ext.dll
Event: 1.661 Loaded shared library C:\Users\Kiet\.vscode\extensions\redhat.java-1.34.0-win32-x64\jre\17.0.12-win32-x86_64\bin\sunmscapi.dll
Event: 4.142 Loaded shared library C:\Users\Kiet\.vscode\extensions\redhat.java-1.34.0-win32-x64\jre\17.0.12-win32-x86_64\bin\verify.dll
Event: 4.446 Loaded shared library C:\Users\Kiet\.vscode\extensions\redhat.java-1.34.0-win32-x64\jre\17.0.12-win32-x86_64\bin\extnet.dll

Deoptimization events (20 events):
Event: 261.869 Thread 0x000001a837295400 Uncommon trap: trap_request=0xffffffd6 fr.pc=0x000001a8210f156c relative=0x000000000000044c
Event: 261.869 Thread 0x000001a837295400 Uncommon trap: reason=array_check action=maybe_recompile pc=0x000001a8210f156c method=java.util.HashMap.keysToArray([Ljava/lang/Object;)[Ljava/lang/Object; @ 62 c2
Event: 261.869 Thread 0x000001a837295400 DEOPT PACKING pc=0x000001a8210f156c sp=0x00000098b56fcf80
Event: 261.869 Thread 0x000001a837295400 DEOPT UNPACKING pc=0x000001a82035a1a3 sp=0x00000098b56fcf18 mode 2
Event: 261.870 Thread 0x000001a837295400 Uncommon trap: trap_request=0xffffffd6 fr.pc=0x000001a8210f156c relative=0x000000000000044c
Event: 261.870 Thread 0x000001a837295400 Uncommon trap: reason=array_check action=maybe_recompile pc=0x000001a8210f156c method=java.util.HashMap.keysToArray([Ljava/lang/Object;)[Ljava/lang/Object; @ 62 c2
Event: 261.870 Thread 0x000001a837295400 DEOPT PACKING pc=0x000001a8210f156c sp=0x00000098b56fcf80
Event: 261.870 Thread 0x000001a837295400 DEOPT UNPACKING pc=0x000001a82035a1a3 sp=0x00000098b56fcf18 mode 2
Event: 261.883 Thread 0x000001a837295400 Uncommon trap: trap_request=0xffffffbe fr.pc=0x000001a820fff704 relative=0x0000000000000464
Event: 261.883 Thread 0x000001a837295400 Uncommon trap: reason=profile_predicate action=maybe_recompile pc=0x000001a820fff704 method=java.util.HashMap.keysToArray([Ljava/lang/Object;)[Ljava/lang/Object; @ 32 c2
Event: 261.883 Thread 0x000001a837295400 DEOPT PACKING pc=0x000001a820fff704 sp=0x00000098b56fcf40
Event: 261.883 Thread 0x000001a837295400 DEOPT UNPACKING pc=0x000001a82035a1a3 sp=0x00000098b56fcef0 mode 2
Event: 261.928 Thread 0x000001a837295400 Uncommon trap: trap_request=0xffffffbe fr.pc=0x000001a820f88440 relative=0x0000000000001780
Event: 261.928 Thread 0x000001a837295400 Uncommon trap: reason=profile_predicate action=maybe_recompile pc=0x000001a820f88440 method=org.springframework.core.annotation.TypeMappedAnnotation.asMap(Ljava/util/function/Function;[Lorg/springframework/core/annotation/MergedAnnotation$Adapt;)Ljava/uti
Event: 261.928 Thread 0x000001a837295400 DEOPT PACKING pc=0x000001a820f88440 sp=0x00000098b56fd370
Event: 261.928 Thread 0x000001a837295400 DEOPT UNPACKING pc=0x000001a82035a1a3 sp=0x00000098b56fd140 mode 2
Event: 261.928 Thread 0x000001a837295400 Uncommon trap: trap_request=0xffffffbe fr.pc=0x000001a820f88440 relative=0x0000000000001780
Event: 261.928 Thread 0x000001a837295400 Uncommon trap: reason=profile_predicate action=maybe_recompile pc=0x000001a820f88440 method=org.springframework.core.annotation.TypeMappedAnnotation.asMap(Ljava/util/function/Function;[Lorg/springframework/core/annotation/MergedAnnotation$Adapt;)Ljava/uti
Event: 261.928 Thread 0x000001a837295400 DEOPT PACKING pc=0x000001a820f88440 sp=0x00000098b56fd370
Event: 261.928 Thread 0x000001a837295400 DEOPT UNPACKING pc=0x000001a82035a1a3 sp=0x00000098b56fd140 mode 2

Classes loaded (20 events):
Event: 115.477 Loading class java/io/ObjectStreamClass$5
Event: 115.477 Loading class java/io/ObjectStreamClass$5 done
Event: 115.488 Loading class sun/util/locale/LocaleExtensions
Event: 115.488 Loading class sun/util/locale/LocaleExtensions done
Event: 115.489 Loading class java/util/Locale$FilteringMode
Event: 115.489 Loading class java/util/Locale$FilteringMode done
Event: 115.489 Loading class java/util/Locale$IsoCountryCode
Event: 115.489 Loading class java/util/Locale$IsoCountryCode done
Event: 115.489 Loading class java/io/ObjectOutputStream$PutFieldImpl
Event: 115.489 Loading class java/io/ObjectOutputStream$PutField
Event: 115.490 Loading class java/io/ObjectOutputStream$PutField done
Event: 115.490 Loading class java/io/ObjectOutputStream$PutFieldImpl done
Event: 115.492 Loading class java/io/FileOutputStream$1
Event: 115.492 Loading class java/io/FileOutputStream$1 done
Event: 115.543 Loading class java/lang/ref/Finalizer$2
Event: 115.544 Loading class java/lang/ref/Finalizer$2 done
Event: 115.544 Loading class java/lang/ref/Finalizer$1
Event: 115.544 Loading class java/lang/ref/Finalizer$1 done
Event: 167.574 Loading class sun/net/ConnectionResetException
Event: 167.574 Loading class sun/net/ConnectionResetException done

Classes unloaded (3 events):
Event: 115.515 Thread 0x000001a82f5b2f30 Unloading class 0x0000000100ba4800 'java/lang/invoke/LambdaForm$DMH+0x0000000100ba4800'
Event: 140.421 Thread 0x000001a82f5b2f30 Unloading class 0x0000000100c00800 'org/apache/catalina/loader/JdbcLeakPrevention'
Event: 261.671 Thread 0x000001a82f5b2f30 Unloading class 0x0000000100c12000 'org/apache/catalina/loader/JdbcLeakPrevention'

Classes redefined (0 events):
No events

Internal exceptions (20 events):
Event: 141.130 Thread 0x000001a82f61bce0 Exception <a 'sun/nio/fs/WindowsException'{0x0000000087bdeaa8}> (0x0000000087bdeaa8) 
thrown [s\src\hotspot\share\prims\jni.cpp, line 516]
Event: 141.130 Thread 0x000001a82f61bce0 Exception <a 'sun/nio/fs/WindowsException'{0x0000000087bdf0b0}> (0x0000000087bdf0b0) 
thrown [s\src\hotspot\share\prims\jni.cpp, line 516]
Event: 141.130 Thread 0x000001a82f61bce0 Exception <a 'sun/nio/fs/WindowsException'{0x0000000087bdf788}> (0x0000000087bdf788) 
thrown [s\src\hotspot\share\prims\jni.cpp, line 516]
Event: 141.160 Thread 0x000001a82f61bce0 Exception <a 'java/io/FileNotFoundException'{0x0000000087a19cb8}> (0x0000000087a19cb8) 
thrown [s\src\hotspot\share\prims\jni.cpp, line 516]
Event: 141.183 Thread 0x000001a82f61bce0 Exception <a 'java/io/FileNotFoundException'{0x0000000087815d38}> (0x0000000087815d38) 
thrown [s\src\hotspot\share\prims\jni.cpp, line 516]
Event: 141.209 Thread 0x000001a82f61bce0 Exception <a 'sun/nio/fs/WindowsException'{0x00000000874e8738}> (0x00000000874e8738) 
thrown [s\src\hotspot\share\prims\jni.cpp, line 516]
Event: 141.803 Thread 0x000001a82f61bce0 Exception <a 'sun/nio/fs/WindowsException'{0x00000000878cbe58}> (0x00000000878cbe58) 
thrown [s\src\hotspot\share\prims\jni.cpp, line 516]
Event: 167.574 Thread 0x000001a8371560b0 Exception <a 'java/io/IOException'{0x0000000088ed3d70}> (0x0000000088ed3d70) 
thrown [s\src\hotspot\share\prims\jni.cpp, line 516]
Event: 171.834 Thread 0x000001a837153d40 Exception <a 'java/lang/NullPointerException'{0x00000000889612d8}> (0x00000000889612d8) 
thrown [s\src\hotspot\share\interpreter\linkResolver.cpp, line 1433]
Event: 171.834 Thread 0x000001a837153d40 Exception <a 'java/lang/reflect/InvocationTargetException'{0x0000000088961da8}> (0x0000000088961da8) 
thrown [s\src\hotspot\share\runtime\reflection.cpp, line 1128]
Event: 239.784 Thread 0x000001a837155690 Exception <a 'java/lang/NullPointerException'{0x00000000899f24d8}> (0x00000000899f24d8) 
thrown [s\src\hotspot\share\interpreter\linkResolver.cpp, line 1433]
Event: 239.784 Thread 0x000001a837155690 Exception <a 'java/lang/reflect/InvocationTargetException'{0x00000000899f2fa8}> (0x00000000899f2fa8) 
thrown [s\src\hotspot\share\runtime\reflection.cpp, line 1128]
Event: 261.117 Thread 0x000001a8376545a0 Exception <a 'java/lang/NullPointerException'{0x000000008947d7a8}> (0x000000008947d7a8) 
thrown [s\src\hotspot\share\interpreter\linkResolver.cpp, line 1433]
Event: 261.117 Thread 0x000001a8376545a0 Exception <a 'java/lang/reflect/InvocationTargetException'{0x000000008947e278}> (0x000000008947e278) 
thrown [s\src\hotspot\share\runtime\reflection.cpp, line 1128]
Event: 261.648 Thread 0x000001a837293090 Exception <a 'java/lang/NoSuchMethodError'{0x0000000089384af8}: static Lorg/springframework/security/authentication/AbstractAuthenticationToken;.<clinit>()V> (0x0000000089384af8) 
thrown [s\src\hotspot\share\prims\jni.cpp, line 1112]
Event: 261.656 Thread 0x000001a837653160 Exception <a 'java/lang/InterruptedException'{0x00000000893e4090}: sleep interrupted> (0x00000000893e4090) 
thrown [s\src\hotspot\share\prims\jvm.cpp, line 3064]
Event: 261.716 Thread 0x000001a837295400 Exception <a 'sun/nio/fs/WindowsException'{0x0000000089fbc2a8}> (0x0000000089fbc2a8) 
thrown [s\src\hotspot\share\prims\jni.cpp, line 516]
Event: 261.756 Thread 0x000001a837295400 Exception <a 'sun/nio/fs/WindowsException'{0x0000000089c30420}> (0x0000000089c30420) 
thrown [s\src\hotspot\share\prims\jni.cpp, line 516]
Event: 261.962 Thread 0x000001a837295400 Exception <a 'sun/nio/fs/WindowsException'{0x00000000888f6680}> (0x00000000888f6680) 
thrown [s\src\hotspot\share\prims\jni.cpp, line 516]
Event: 261.970 Thread 0x000001a837295400 Exception <a 'sun/nio/fs/WindowsException'{0x00000000887da998}> (0x00000000887da998) 
thrown [s\src\hotspot\share\prims\jni.cpp, line 516]

VM Operations (20 events):
Event: 228.217 Executing VM operation: Cleanup
Event: 228.224 Executing VM operation: Cleanup done
Event: 229.235 Executing VM operation: Cleanup
Event: 229.235 Executing VM operation: Cleanup done
Event: 229.308 Executing VM operation: G1CollectForAllocation
Event: 229.311 Executing VM operation: G1CollectForAllocation done
Event: 230.316 Executing VM operation: Cleanup
Event: 230.317 Executing VM operation: Cleanup done
Event: 232.320 Executing VM operation: Cleanup
Event: 232.320 Executing VM operation: Cleanup done
Event: 235.338 Executing VM operation: Cleanup
Event: 235.338 Executing VM operation: Cleanup done
Event: 240.385 Executing VM operation: Cleanup
Event: 240.385 Executing VM operation: Cleanup done
Event: 240.690 Executing VM operation: HandshakeAllThreads
Event: 240.690 Executing VM operation: HandshakeAllThreads done
Event: 260.825 Executing VM operation: Cleanup
Event: 260.825 Executing VM operation: Cleanup done
Event: 261.656 Executing VM operation: G1CollectFull
Event: 261.704 Executing VM operation: G1CollectFull done

Events (20 events):
Event: 261.638 Thread 0x000001a837155690 Thread exited: 0x000001a837155690
Event: 261.638 Thread 0x000001a837155180 Thread exited: 0x000001a837155180
Event: 261.638 Thread 0x000001a8371574f0 Thread exited: 0x000001a8371574f0
Event: 261.638 Thread 0x000001a8371560b0 Thread exited: 0x000001a8371560b0
Event: 261.638 Thread 0x000001a837653b80 Thread exited: 0x000001a837653b80
Event: 261.638 Thread 0x000001a837156fe0 Thread exited: 0x000001a837156fe0
Event: 261.638 Thread 0x000001a8376545a0 Thread exited: 0x000001a8376545a0
Event: 261.642 Thread 0x000001a837295e20 Thread added: 0x000001a837295e20
Event: 261.642 Thread 0x000001a8376559e0 Thread exited: 0x000001a8376559e0
Event: 261.644 Thread 0x000001a837295e20 Thread exited: 0x000001a837295e20
Event: 261.656 Thread 0x000001a837653160 Thread exited: 0x000001a837653160
Event: 261.705 Thread 0x000001a837292b80 Thread added: 0x000001a837292b80
Event: 261.707 Thread 0x000001a837292b80 Thread exited: 0x000001a837292b80
Event: 261.707 Thread 0x000001a837295400 Thread added: 0x000001a837295400
Event: 261.707 Thread 0x000001a837652c50 Thread exited: 0x000001a837652c50
Event: 261.707 Thread 0x000001a82f61cc10 Thread exited: 0x000001a82f61cc10
Event: 261.731 Thread 0x000001a8361c2130 Thread added: 0x000001a8361c2130
Event: 261.803 Thread 0x000001a837295910 Thread added: 0x000001a837295910
Event: 261.826 Thread 0x000001a837295910 Thread exited: 0x000001a837295910
Event: 261.911 Thread 0x000001a8361c2bd0 Thread added: 0x000001a8361c2bd0


Dynamic libraries:
0x00007ff785030000 - 0x00007ff78503e000 	C:\Users\Kiet\.vscode\extensions\redhat.java-1.34.0-win32-x64\jre\17.0.12-win32-x86_64\bin\java.exe
0x00007ff8772f0000 - 0x00007ff877507000 	C:\WINDOWS\SYSTEM32\ntdll.dll
0x00007ff875d70000 - 0x00007ff875e34000 	C:\WINDOWS\System32\KERNEL32.DLL
0x00007ff874c00000 - 0x00007ff874fad000 	C:\WINDOWS\System32\KERNELBASE.dll
0x00007ff874610000 - 0x00007ff874721000 	C:\WINDOWS\System32\ucrtbase.dll
0x00007ff86a860000 - 0x00007ff86a87b000 	C:\Users\Kiet\.vscode\extensions\redhat.java-1.34.0-win32-x64\jre\17.0.12-win32-x86_64\bin\VCRUNTIME140.dll
0x00007ff86a920000 - 0x00007ff86a937000 	C:\Users\Kiet\.vscode\extensions\redhat.java-1.34.0-win32-x64\jre\17.0.12-win32-x86_64\bin\jli.dll
0x00007ff8756e0000 - 0x00007ff87588e000 	C:\WINDOWS\System32\USER32.dll
0x00007ff874910000 - 0x00007ff874936000 	C:\WINDOWS\System32\win32u.dll
0x00007ff85fb50000 - 0x00007ff85fde3000 	C:\WINDOWS\WinSxS\amd64_microsoft.windows.common-controls_6595b64144ccf1df_6.0.22621.3672_none_2713b9d173822955\COMCTL32.dll
0x00007ff876920000 - 0x00007ff876949000 	C:\WINDOWS\System32\GDI32.dll
0x00007ff876870000 - 0x00007ff876917000 	C:\WINDOWS\System32\msvcrt.dll
0x00007ff874ab0000 - 0x00007ff874bc9000 	C:\WINDOWS\System32\gdi32full.dll
0x00007ff874730000 - 0x00007ff8747ca000 	C:\WINDOWS\System32\msvcp_win.dll
0x00007ff8770e0000 - 0x00007ff877111000 	C:\WINDOWS\System32\IMM32.DLL
0x00007ff86ca50000 - 0x00007ff86ca5c000 	C:\Users\Kiet\.vscode\extensions\redhat.java-1.34.0-win32-x64\jre\17.0.12-win32-x86_64\bin\vcruntime140_1.dll
0x00007ff848960000 - 0x00007ff8489ed000 	C:\Users\Kiet\.vscode\extensions\redhat.java-1.34.0-win32-x64\jre\17.0.12-win32-x86_64\bin\msvcp140.dll
0x00007ff822f00000 - 0x00007ff823b6a000 	C:\Users\Kiet\.vscode\extensions\redhat.java-1.34.0-win32-x64\jre\17.0.12-win32-x86_64\bin\server\jvm.dll
0x00007ff875e40000 - 0x00007ff875ef2000 	C:\WINDOWS\System32\ADVAPI32.dll
0x00007ff877200000 - 0x00007ff8772a9000 	C:\WINDOWS\System32\sechost.dll
0x00007ff874bd0000 - 0x00007ff874bf8000 	C:\WINDOWS\System32\bcrypt.dll
0x00007ff8755c0000 - 0x00007ff8756d4000 	C:\WINDOWS\System32\RPCRT4.dll
0x00007ff876ee0000 - 0x00007ff876f51000 	C:\WINDOWS\System32\WS2_32.dll
0x00007ff8744e0000 - 0x00007ff87452d000 	C:\WINDOWS\SYSTEM32\POWRPROF.dll
0x00007ff86fd80000 - 0x00007ff86fdb4000 	C:\WINDOWS\SYSTEM32\WINMM.dll
0x00007ff86ffb0000 - 0x00007ff86ffba000 	C:\WINDOWS\SYSTEM32\VERSION.dll
0x00007ff8744c0000 - 0x00007ff8744d3000 	C:\WINDOWS\SYSTEM32\UMPDC.dll
0x00007ff873600000 - 0x00007ff873618000 	C:\WINDOWS\SYSTEM32\kernel.appcore.dll
0x00007ff86ca20000 - 0x00007ff86ca2a000 	C:\Users\Kiet\.vscode\extensions\redhat.java-1.34.0-win32-x64\jre\17.0.12-win32-x86_64\bin\jimage.dll
0x00007ff871f00000 - 0x00007ff872132000 	C:\WINDOWS\SYSTEM32\DBGHELP.DLL
0x00007ff875020000 - 0x00007ff8753ae000 	C:\WINDOWS\System32\combase.dll
0x00007ff877120000 - 0x00007ff8771f7000 	C:\WINDOWS\System32\OLEAUT32.dll
0x00007ff85e7a0000 - 0x00007ff85e7d2000 	C:\WINDOWS\SYSTEM32\dbgcore.DLL
0x00007ff874890000 - 0x00007ff87490b000 	C:\WINDOWS\System32\bcryptPrimitives.dll
0x00007ff861890000 - 0x00007ff8618b5000 	C:\Users\Kiet\.vscode\extensions\redhat.java-1.34.0-win32-x64\jre\17.0.12-win32-x86_64\bin\java.dll
0x00007ff8608e0000 - 0x00007ff8608f8000 	C:\Users\Kiet\.vscode\extensions\redhat.java-1.34.0-win32-x64\jre\17.0.12-win32-x86_64\bin\zip.dll
0x00007ff875f00000 - 0x00007ff876767000 	C:\WINDOWS\System32\SHELL32.dll
0x00007ff872590000 - 0x00007ff872e8f000 	C:\WINDOWS\SYSTEM32\windows.storage.dll
0x00007ff8722e0000 - 0x00007ff87241f000 	C:\WINDOWS\SYSTEM32\wintypes.dll
0x00007ff876770000 - 0x00007ff876869000 	C:\WINDOWS\System32\SHCORE.dll
0x00007ff876b10000 - 0x00007ff876b6e000 	C:\WINDOWS\System32\shlwapi.dll
0x00007ff874540000 - 0x00007ff874567000 	C:\WINDOWS\SYSTEM32\profapi.dll
0x00007ff85f4d0000 - 0x00007ff85f4e9000 	C:\Users\Kiet\.vscode\extensions\redhat.java-1.34.0-win32-x64\jre\17.0.12-win32-x86_64\bin\net.dll
0x00007ff870530000 - 0x00007ff870666000 	C:\WINDOWS\SYSTEM32\WINHTTP.dll
0x00007ff873ad0000 - 0x00007ff873b39000 	C:\WINDOWS\system32\mswsock.dll
0x00007ff85ce00000 - 0x00007ff85ce16000 	C:\Users\Kiet\.vscode\extensions\redhat.java-1.34.0-win32-x64\jre\17.0.12-win32-x86_64\bin\nio.dll
0x00007ff870de0000 - 0x00007ff870de9000 	C:\Users\Kiet\.vscode\extensions\redhat.java-1.34.0-win32-x64\jre\17.0.12-win32-x86_64\bin\management.dll
0x00007ff870880000 - 0x00007ff87088b000 	C:\Users\Kiet\.vscode\extensions\redhat.java-1.34.0-win32-x64\jre\17.0.12-win32-x86_64\bin\management_ext.dll
0x00007ff875590000 - 0x00007ff875598000 	C:\WINDOWS\System32\PSAPI.DLL
0x00007ff86c8a0000 - 0x00007ff86c8ae000 	C:\Users\Kiet\.vscode\extensions\redhat.java-1.34.0-win32-x64\jre\17.0.12-win32-x86_64\bin\sunmscapi.dll
0x00007ff874940000 - 0x00007ff874aa6000 	C:\WINDOWS\System32\CRYPT32.dll
0x00007ff873ec0000 - 0x00007ff873eee000 	C:\WINDOWS\SYSTEM32\ncrypt.dll
0x00007ff873e80000 - 0x00007ff873eb7000 	C:\WINDOWS\SYSTEM32\NTASN1.dll
0x00007ff873d20000 - 0x00007ff873d3b000 	C:\WINDOWS\SYSTEM32\CRYPTSP.dll
0x00007ff8735c0000 - 0x00007ff8735f5000 	C:\WINDOWS\system32\rsaenh.dll
0x00007ff873bc0000 - 0x00007ff873be8000 	C:\WINDOWS\SYSTEM32\USERENV.dll
0x00007ff873d40000 - 0x00007ff873d4c000 	C:\WINDOWS\SYSTEM32\CRYPTBASE.dll
0x00007ff873130000 - 0x00007ff87315d000 	C:\WINDOWS\SYSTEM32\IPHLPAPI.DLL
0x00007ff876950000 - 0x00007ff876959000 	C:\WINDOWS\System32\NSI.dll
0x00007ff870a20000 - 0x00007ff870a39000 	C:\WINDOWS\SYSTEM32\dhcpcsvc6.DLL
0x00007ff870460000 - 0x00007ff87047f000 	C:\WINDOWS\SYSTEM32\dhcpcsvc.DLL
0x00007ff873160000 - 0x00007ff873258000 	C:\WINDOWS\SYSTEM32\DNSAPI.dll
0x00007ff86c930000 - 0x00007ff86c940000 	C:\Users\Kiet\.vscode\extensions\redhat.java-1.34.0-win32-x64\jre\17.0.12-win32-x86_64\bin\verify.dll
0x000000005ccd0000 - 0x000000005ccf6000 	C:\Program Files\Bonjour\mdnsNSP.dll
0x00007ff863120000 - 0x00007ff86312a000 	C:\Windows\System32\rasadhlp.dll
0x00007ff86e380000 - 0x00007ff86e403000 	C:\WINDOWS\System32\fwpuclnt.dll
0x00007ff86c890000 - 0x00007ff86c899000 	C:\Users\Kiet\.vscode\extensions\redhat.java-1.34.0-win32-x64\jre\17.0.12-win32-x86_64\bin\extnet.dll
0x00007ff86fee0000 - 0x00007ff86fee8000 	C:\WINDOWS\system32\wshunix.dll

dbghelp: loaded successfully - version: 4.0.5 - missing functions: none
symbol engine: initialized successfully - sym options: 0x614 - pdb path: .;C:\Users\Kiet\.vscode\extensions\redhat.java-1.34.0-win32-x64\jre\17.0.12-win32-x86_64\bin;C:\WINDOWS\SYSTEM32;C:\WINDOWS\WinSxS\amd64_microsoft.windows.common-controls_6595b64144ccf1df_6.0.22621.3672_none_2713b9d173822955;C:\Users\Kiet\.vscode\extensions\redhat.java-1.34.0-win32-x64\jre\17.0.12-win32-x86_64\bin\server;C:\Program Files\Bonjour

VM Arguments:
jvm_args: -XX:+ShowCodeDetailsInExceptionMessages 
java_command: net.enjoy.springboot.registrationlogin.RegistrationLoginApplication
java_class_path (initial): C:\Users\Kiet\Desktop\spring_boot_ecommerce-b077a4de88005e8f5c08184057d81a74732c988f\target\classes;C:\Users\Kiet\.m2\repository\org\springframework\boot\spring-boot-starter-data-jpa\3.2.4\spring-boot-starter-data-jpa-3.2.4.jar;C:\Users\Kiet\.m2\repository\org\springframework\boot\spring-boot-starter-aop\3.2.4\spring-boot-starter-aop-3.2.4.jar;C:\Users\Kiet\.m2\repository\org\aspectj\aspectjweaver\1.9.21\aspectjweaver-1.9.21.jar;C:\Users\Kiet\.m2\repository\org\springframework\boot\spring-boot-starter-jdbc\3.2.4\spring-boot-starter-jdbc-3.2.4.jar;C:\Users\Kiet\.m2\repository\com\zaxxer\HikariCP\5.0.1\HikariCP-5.0.1.jar;C:\Users\Kiet\.m2\repository\org\springframework\spring-jdbc\6.1.5\spring-jdbc-6.1.5.jar;C:\Users\Kiet\.m2\repository\org\hibernate\orm\hibernate-core\6.4.4.Final\hibernate-core-6.4.4.Final.jar;C:\Users\Kiet\.m2\repository\jakarta\persistence\jakarta.persistence-api\3.1.0\jakarta.persistence-api-3.1.0.jar;C:\Users\Kiet\.m2\repository\jakarta\transaction\jakarta.transaction-api\2.0.1\jakarta.transaction-api-2.0.1.jar;C:\Users\Kiet\.m2\repository\org\jboss\logging\jboss-logging\3.5.3.Final\jboss-logging-3.5.3.Final.jar;C:\Users\Kiet\.m2\repository\org\hibernate\common\hibernate-commons-annotations\6.0.6.Final\hibernate-commons-annotations-6.0.6.Final.jar;C:\Users\Kiet\.m2\repository\io\smallrye\jandex\3.1.2\jandex-3.1.2.jar;C:\Users\Kiet\.m2\repository\com\fasterxml\classmate\1.6.0\classmate-1.6.0.jar;C:\Users\Kiet\.m2\repository\net\bytebuddy\byte-buddy\1.14.12\byte-buddy-1.14.12.jar;C:\Users\Kiet\.m2\repository\org\glassfish\jaxb\jaxb-runtime\4.0.5\jaxb-runtime-4.0.5.jar;C:\Users\Kiet\.m2\repository\org\glassfish\jaxb\jaxb-core\4.0.5\jaxb-core-4.0.5.jar;C:\Users\Kiet\.m2\repository\org\eclipse\angus\angus-activation\2.0.2\angus-activation-2.0.2.jar;C:\Users\Kiet\.m2\repository\org\glassfish\jaxb\txw2\4.0.5\txw2-4.0.5.jar;C:\Users\Kiet\.m2\repository\com\sun\istack\istack-commons-runtime\4.1.2\istack-commons-runtime-4.1.2.j
Launcher Type: SUN_STANDARD

[Global flags]
     intx CICompilerCount                          = 4                                         {product} {ergonomic}
     uint ConcGCThreads                            = 2                                         {product} {ergonomic}
     uint G1ConcRefinementThreads                  = 8                                         {product} {ergonomic}
   size_t G1HeapRegionSize                         = 1048576                                   {product} {ergonomic}
    uintx GCDrainStackTargetSize                   = 64                                        {product} {ergonomic}
   size_t InitialHeapSize                          = 132120576                                 {product} {ergonomic}
   size_t MarkStackSize                            = 4194304                                   {product} {ergonomic}
   size_t MaxHeapSize                              = 2095054848                                {product} {ergonomic}
   size_t MaxNewSize                               = 1256194048                                {product} {ergonomic}
   size_t MinHeapDeltaBytes                        = 1048576                                   {product} {ergonomic}
   size_t MinHeapSize                              = 8388608                                   {product} {ergonomic}
    uintx NonNMethodCodeHeapSize                   = 5839372                                {pd product} {ergonomic}
    uintx NonProfiledCodeHeapSize                  = 122909434                              {pd product} {ergonomic}
    uintx ProfiledCodeHeapSize                     = 122909434                              {pd product} {ergonomic}
    uintx ReservedCodeCacheSize                    = 251658240                              {pd product} {ergonomic}
     bool SegmentedCodeCache                       = true                                      {product} {ergonomic}
     bool ShowCodeDetailsInExceptionMessages       = true                                   {manageable} {command line}
   size_t SoftMaxHeapSize                          = 2095054848                             {manageable} {ergonomic}
     bool UseCompressedClassPointers               = true                           {product lp64_product} {ergonomic}
     bool UseCompressedOops                        = true                           {product lp64_product} {ergonomic}
     bool UseG1GC                                  = true                                      {product} {ergonomic}
     bool UseLargePagesIndividualAllocation        = false                                  {pd product} {ergonomic}

Logging:
Log output configuration:
 #0: stdout all=warning uptime,level,tags
 #1: stderr all=off uptime,level,tags

Environment Variables:
JAVA_HOME=C:\Program Files\Java\jdk-22
PATH=C:\Program Files (x86)\Common Files\Oracle\Java\java8path;C:\Program Files (x86)\Common Files\Oracle\Java\javapath;C:\WINDOWS\system32;C:\WINDOWS;C:\WINDOWS\System32\Wbem;C:\WINDOWS\System32\WindowsPowerShell\v1.0\;C:\WINDOWS\System32\OpenSSH\;C:\Program Files\dotnet\;C:\Program Files\Java\jdk-11\bin;C:\Program Files (x86)\Microsoft SQL Server\160\Tools\Binn\;C:\Program Files\Microsoft SQL Server\160\Tools\Binn\;C:\Program Files\Microsoft SQL Server\Client SDK\ODBC\170\Tools\Binn\;C:\Program Files\Microsoft SQL Server\160\DTS\Binn\;C:\Program Files (x86)\Microsoft SQL Server\160\DTS\Binn\;C:\Program Files\Azure Data Studio\bin;C:\Program Files\apache-maven-3.9.6\bin;C:\Program Files\Git\cmd;C:\Program Files\Java\jdk-22\bin;C:\Users\Kiet\AppData\Local\Programs\Python\Python312;C:\Users\Kiet\AppData\Local\Programs\Python\Python312\Scripts;C:\Program Files\CMake\bin;C:\Program Files\PostgreSQL\17\bin;C:\Users\Kiet\AppData\Local\Programs\Python\Launcher\;C:\Users\Kiet\AppData\Local\Microsoft\WindowsApps;C:\Users\Kiet\AppData\Local\Programs\Microsoft VS Code\bin;C:\Users\Kiet\.dotnet\tools;C:\Program Files\Azure Data Studio\bin
USERNAME=Kiet
LANG=en_US.UTF-8
OS=Windows_NT
PROCESSOR_IDENTIFIER=Intel64 Family 6 Model 126 Stepping 5, GenuineIntel
TMP=C:\Users\Kiet\AppData\Local\Temp
TEMP=C:\Users\Kiet\AppData\Local\Temp



Periodic native trim disabled


---------------  S Y S T E M  ---------------

OS:
 Windows 11 , 64 bit Build 22621 (10.0.22621.3958)
OS uptime: 5 days 0:02 hours

CPU: total 8 (initial active 8) (4 cores per cpu, 2 threads per core) family 6 model 126 stepping 5 microcode 0xa6, cx8, cmov, fxsr, ht, mmx, 3dnowpref, sse, sse2, sse3, ssse3, sse4.1, sse4.2, popcnt, lzcnt, tsc, tscinvbit, avx, avx2, aes, erms, clmul, bmi1, bmi2, adx, avx512f, avx512dq, avx512cd, avx512bw, avx512vl, sha, fma, vzeroupper, avx512_vpopcntdq, avx512_vpclmulqdq, avx512_vaes, avx512_vnni, clflush, clflushopt, avx512_vbmi2, avx512_vbmi
Processor Information for all 8 processors :
  Max Mhz: 1190, Current Mhz: 991, Mhz Limit: 987

Memory: 4k page, system-wide physical 7987M (1034M free)
TotalPageFile size 10035M (AvailPageFile size 3M)
current process WorkingSet (physical memory assigned to process): 345M, peak: 375M
current process commit charge ("private bytes"): 377M, peak: 407M

vm_info: OpenJDK 64-Bit Server VM (17.0.12+7) for windows-amd64 JRE (17.0.12+7), built on Jul 16 2024 22:08:24 by "admin" with MS VC++ 16.10 / 16.11 (VS2019)

END.
