#
# There is insufficient memory for the Java Runtime Environment to continue.
# Native memory allocation (mmap) failed to map 65536 bytes. Error detail: Failed to commit metaspace.
# Possible reasons:
#   The system is out of physical RAM or swap space
#   This process is running with CompressedOops enabled, and the Java Heap may be blocking the growth of the native heap
# Possible solutions:
#   Reduce memory load on the system
#   Increase physical memory or swap space
#   Check if swap backing store is full
#   Decrease Java heap size (-Xmx/-Xms)
#   Decrease number of Java threads
#   Decrease Java thread stack sizes (-Xss)
#   Set larger code cache with -XX:ReservedCodeCacheSize=
#   JVM is running with Unscaled Compressed Oops mode in which the Java heap is
#     placed in the first 4GB address space. The Java Heap base address is the
#     maximum limit for the native heap growth. Please use -XX:HeapBaseMinAddress
#     to set the Java Heap base and to place the Java Heap above 4GB virtual address.
# This output file may be truncated or incomplete.
#
#  Out of Memory Error (virtualSpaceNode.cpp:112), pid=16316, tid=1844
#
# JRE version: OpenJDK Runtime Environment (22.0.2+9) (build 22.0.2+9-70)
# Java VM: OpenJDK 64-Bit Server VM (22.0.2+9-70, mixed mode, emulated-client, sharing, tiered, compressed oops, compressed class ptrs, g1 gc, windows-amd64)
# No core dump will be written. Minidumps are not enabled by default on client versions of Windows
#

---------------  S U M M A R Y ------------

Command Line: -XX:TieredStopAtLevel=1 -Dspring.output.ansi.enabled=always -Dcom.sun.management.jmxremote -Dspring.jmx.enabled=true -Dspring.liveBeansView.mbeanDomain -Dspring.application.admin.enabled=true -Dmanagement.endpoints.jmx.exposure.include=* -javaagent:C:\Program Files\JetBrains\IntelliJ IDEA 2024.1.3\lib\idea_rt.jar=53459:C:\Program Files\JetBrains\IntelliJ IDEA 2024.1.3\bin -Dfile.encoding=UTF-8 -Dsun.stdout.encoding=UTF-8 -Dsun.stderr.encoding=UTF-8 net.enjoy.springboot.registrationlogin.RegistrationLoginApplication

Host: Intel(R) Core(TM) i5-1035G1 CPU @ 1.00GHz, 8 cores, 7G,  Windows 11 , 64 bit Build 22621 (10.0.22621.3672)
Time: Fri Aug  2 20:02:03 2024 SE Asia Standard Time elapsed time: 15.693787 seconds (0d 0h 0m 15s)

---------------  T H R E A D  ---------------

Current thread (0x0000020e47d6c8b0):  JavaThread "http-nio-8080-exec-1" daemon [_thread_in_vm, id=1844, stack(0x0000006d75e00000,0x0000006d75f00000) (1024K)]

Stack: [0x0000006d75e00000,0x0000006d75f00000]
Native frames: (J=compiled Java code, j=interpreted, Vv=VM code, C=native code)
V  [jvm.dll+0x6e26e9]  (no source info available)
V  [jvm.dll+0x875753]  (no source info available)
V  [jvm.dll+0x877b7e]  (no source info available)
V  [jvm.dll+0x878253]  (no source info available)
V  [jvm.dll+0x27fc86]  (no source info available)
V  [jvm.dll+0x87139e]  (no source info available)
V  [jvm.dll+0x685755]  (no source info available)
V  [jvm.dll+0x1e3cdc]  (no source info available)
V  [jvm.dll+0x1e3aae]  (no source info available)
V  [jvm.dll+0x6880a8]  (no source info available)
V  [jvm.dll+0x224f6c]  (no source info available)
V  [jvm.dll+0x68616e]  (no source info available)
V  [jvm.dll+0x27c9ed]  (no source info available)
V  [jvm.dll+0x27cdb1]  (no source info available)
V  [jvm.dll+0x73ae8f]  (no source info available)
V  [jvm.dll+0x73bc7f]  (no source info available)
V  [jvm.dll+0x3c8e5f]  (no source info available)
V  [jvm.dll+0x3c7c5c]  (no source info available)
V  [jvm.dll+0x3c7bf8]  (no source info available)
V  [jvm.dll+0x5ec239]  (no source info available)
V  [jvm.dll+0x5eb1a4]  (no source info available)
V  [jvm.dll+0x3ddbfd]  (no source info available)
V  [jvm.dll+0x3dd1fd]  (no source info available)
C  0x0000020e64c08f11  (no source info available)

The last pc belongs to invokestatic (printed below).
Java frames: (J=compiled Java code, j=interpreted, Vv=VM code)
j  org.thymeleaf.util.Validate.notEmpty(Ljava/lang/String;Ljava/lang/String;)V+1
j  org.thymeleaf.processor.element.AbstractAttributeTagProcessor.<init>(Lorg/thymeleaf/templatemode/TemplateMode;Ljava/lang/String;Ljava/lang/String;ZLjava/lang/String;ZIZ)V+19
j  org.thymeleaf.standard.processor.AbstractStandardExpressionAttributeTagProcessor.<init>(Lorg/thymeleaf/templatemode/TemplateMode;Ljava/lang/String;Ljava/lang/String;IZLorg/thymeleaf/standard/expression/StandardExpressionExecutionContext;)V+11
j  org.thymeleaf.standard.processor.AbstractStandardExpressionAttributeTagProcessor.<init>(Lorg/thymeleaf/templatemode/TemplateMode;Ljava/lang/String;Ljava/lang/String;IZZ)V+22
j  org.thymeleaf.standard.processor.AbstractStandardAttributeModifierTagProcessor.<init>(Lorg/thymeleaf/templatemode/TemplateMode;Ljava/lang/String;Ljava/lang/String;Ljava/lang/String;IZZ)V+9
j  org.thymeleaf.standard.processor.AbstractStandardAttributeModifierTagProcessor.<init>(Lorg/thymeleaf/templatemode/TemplateMode;Ljava/lang/String;Ljava/lang/String;IZZ)V+11
j  org.thymeleaf.standard.processor.StandardActionTagProcessor.<init>(Ljava/lang/String;)V+12
j  org.thymeleaf.standard.StandardDialect.createStandardProcessorsSet(Ljava/lang/String;)Ljava/util/Set;+14
j  org.thymeleaf.spring6.dialect.SpringStandardDialect.createSpringStandardProcessorsSet(Ljava/lang/String;Z)Ljava/util/Set;+1
j  org.thymeleaf.spring6.dialect.SpringStandardDialect.getProcessors(Ljava/lang/String;)Ljava/util/Set;+5
j  org.thymeleaf.DialectSetConfiguration.build(Ljava/util/Set;)Lorg/thymeleaf/DialectSetConfiguration;+249
j  org.thymeleaf.EngineConfiguration.<init>(Ljava/util/Set;Ljava/util/Set;Ljava/util/Set;Ljava/util/Set;Lorg/thymeleaf/cache/ICacheManager;Lorg/thymeleaf/context/IEngineContextFactory;Lorg/thymeleaf/templateparser/markup/decoupled/IDecoupledTemplateLogicResolver;)V+185
j  org.thymeleaf.TemplateEngine.initialize()V+94
j  org.thymeleaf.TemplateEngine.getConfiguration()Lorg/thymeleaf/IEngineConfiguration;+8
j  org.thymeleaf.spring6.view.ThymeleafView.renderFragment(Ljava/util/Set;Ljava/util/Map;Ljakarta/servlet/http/HttpServletRequest;Ljakarta/servlet/http/HttpServletResponse;)V+264
j  org.thymeleaf.spring6.view.ThymeleafView.render(Ljava/util/Map;Ljakarta/servlet/http/HttpServletRequest;Ljakarta/servlet/http/HttpServletResponse;)V+8
j  org.springframework.web.servlet.DispatcherServlet.render(Lorg/springframework/web/servlet/ModelAndView;Ljakarta/servlet/http/HttpServletRequest;Ljakarta/servlet/http/HttpServletResponse;)V+188
j  org.springframework.web.servlet.DispatcherServlet.processDispatchResult(Ljakarta/servlet/http/HttpServletRequest;Ljakarta/servlet/http/HttpServletResponse;Lorg/springframework/web/servlet/HandlerExecutionChain;Lorg/springframework/web/servlet/ModelAndView;Ljava/lang/Exception;)V+103
j  org.springframework.web.servlet.DispatcherServlet.doDispatch(Ljakarta/servlet/http/HttpServletRequest;Ljakarta/servlet/http/HttpServletResponse;)V+365
j  org.springframework.web.servlet.DispatcherServlet.doService(Ljakarta/servlet/http/HttpServletRequest;Ljakarta/servlet/http/HttpServletResponse;)V+242
j  org.springframework.web.servlet.FrameworkServlet.processRequest(Ljakarta/servlet/http/HttpServletRequest;Ljakarta/servlet/http/HttpServletResponse;)V+70
j  org.springframework.web.servlet.FrameworkServlet.doGet(Ljakarta/servlet/http/HttpServletRequest;Ljakarta/servlet/http/HttpServletResponse;)V+3
j  jakarta.servlet.http.HttpServlet.service(Ljakarta/servlet/http/HttpServletRequest;Ljakarta/servlet/http/HttpServletResponse;)V+35
j  org.springframework.web.servlet.FrameworkServlet.service(Ljakarta/servlet/http/HttpServletRequest;Ljakarta/servlet/http/HttpServletResponse;)V+20
j  jakarta.servlet.http.HttpServlet.service(Ljakarta/servlet/ServletRequest;Ljakarta/servlet/ServletResponse;)V+37
j  org.apache.catalina.core.ApplicationFilterChain.internalDoFilter(Ljakarta/servlet/ServletRequest;Ljakarta/servlet/ServletResponse;)V+305
j  org.apache.catalina.core.ApplicationFilterChain.doFilter(Ljakarta/servlet/ServletRequest;Ljakarta/servlet/ServletResponse;)V+99
j  org.apache.tomcat.websocket.server.WsFilter.doFilter(Ljakarta/servlet/ServletRequest;Ljakarta/servlet/ServletResponse;Ljakarta/servlet/FilterChain;)V+21
j  org.apache.catalina.core.ApplicationFilterChain.internalDoFilter(Ljakarta/servlet/ServletRequest;Ljakarta/servlet/ServletResponse;)V+135
j  org.apache.catalina.core.ApplicationFilterChain.doFilter(Ljakarta/servlet/ServletRequest;Ljakarta/servlet/ServletResponse;)V+99
j  org.springframework.web.filter.CompositeFilter$VirtualFilterChain.doFilter(Ljakarta/servlet/ServletRequest;Ljakarta/servlet/ServletResponse;)V+22
j  org.springframework.security.web.FilterChainProxy.lambda$doFilterInternal$3(Lorg/springframework/security/web/firewall/FirewalledRequest;Ljakarta/servlet/FilterChain;Ljakarta/servlet/ServletRequest;Ljakarta/servlet/ServletResponse;)V+35
j  org.springframework.security.web.FilterChainProxy$$Lambda+0x0000020e01aa0000.doFilter(Ljakarta/servlet/ServletRequest;Ljakarta/servlet/ServletResponse;)V+10
j  org.springframework.security.web.FilterChainProxy$VirtualFilterChain.doFilter(Ljakarta/servlet/ServletRequest;Ljakarta/servlet/ServletResponse;)V+17
j  org.springframework.security.web.access.intercept.AuthorizationFilter.doFilter(Ljakarta/servlet/ServletRequest;Ljakarta/servlet/ServletResponse;Ljakarta/servlet/FilterChain;)V+143
j  org.springframework.security.web.FilterChainProxy$VirtualFilterChain.doFilter(Ljakarta/servlet/ServletRequest;Ljakarta/servlet/ServletResponse;)V+105
j  org.springframework.security.web.access.ExceptionTranslationFilter.doFilter(Ljakarta/servlet/http/HttpServletRequest;Ljakarta/servlet/http/HttpServletResponse;Ljakarta/servlet/FilterChain;)V+3
j  org.springframework.security.web.access.ExceptionTranslationFilter.doFilter(Ljakarta/servlet/ServletRequest;Ljakarta/servlet/ServletResponse;Ljakarta/servlet/FilterChain;)V+10
j  org.springframework.security.web.FilterChainProxy$VirtualFilterChain.doFilter(Ljakarta/servlet/ServletRequest;Ljakarta/servlet/ServletResponse;)V+105
j  org.springframework.security.web.authentication.AnonymousAuthenticationFilter.doFilter(Ljakarta/servlet/ServletRequest;Ljakarta/servlet/ServletResponse;Ljakarta/servlet/FilterChain;)V+33
j  org.springframework.security.web.FilterChainProxy$VirtualFilterChain.doFilter(Ljakarta/servlet/ServletRequest;Ljakarta/servlet/ServletResponse;)V+105
j  org.springframework.security.web.servletapi.SecurityContextHolderAwareRequestFilter.doFilter(Ljakarta/servlet/ServletRequest;Ljakarta/servlet/ServletResponse;Ljakarta/servlet/FilterChain;)V+19
j  org.springframework.security.web.FilterChainProxy$VirtualFilterChain.doFilter(Ljakarta/servlet/ServletRequest;Ljakarta/servlet/ServletResponse;)V+105
j  org.springframework.security.web.savedrequest.RequestCacheAwareFilter.doFilter(Ljakarta/servlet/ServletRequest;Ljakarta/servlet/ServletResponse;Ljakarta/servlet/FilterChain;)V+32
j  org.springframework.security.web.FilterChainProxy$VirtualFilterChain.doFilter(Ljakarta/servlet/ServletRequest;Ljakarta/servlet/ServletResponse;)V+105
j  org.springframework.security.web.authentication.AbstractAuthenticationProcessingFilter.doFilter(Ljakarta/servlet/http/HttpServletRequest;Ljakarta/servlet/http/HttpServletResponse;Ljakarta/servlet/FilterChain;)V+12
j  org.springframework.security.web.authentication.AbstractAuthenticationProcessingFilter.doFilter(Ljakarta/servlet/ServletRequest;Ljakarta/servlet/ServletResponse;Ljakarta/servlet/FilterChain;)V+10
j  org.springframework.security.web.FilterChainProxy$VirtualFilterChain.doFilter(Ljakarta/servlet/ServletRequest;Ljakarta/servlet/ServletResponse;)V+105
j  org.springframework.security.web.authentication.logout.LogoutFilter.doFilter(Ljakarta/servlet/http/HttpServletRequest;Ljakarta/servlet/http/HttpServletResponse;Ljakarta/servlet/FilterChain;)V+83
j  org.springframework.security.web.authentication.logout.LogoutFilter.doFilter(Ljakarta/servlet/ServletRequest;Ljakarta/servlet/ServletResponse;Ljakarta/servlet/FilterChain;)V+10
j  org.springframework.security.web.FilterChainProxy$VirtualFilterChain.doFilter(Ljakarta/servlet/ServletRequest;Ljakarta/servlet/ServletResponse;)V+105
j  org.springframework.web.filter.CorsFilter.doFilterInternal(Ljakarta/servlet/http/HttpServletRequest;Ljakarta/servlet/http/HttpServletResponse;Ljakarta/servlet/FilterChain;)V+43
j  org.springframework.web.filter.OncePerRequestFilter.doFilter(Ljakarta/servlet/ServletRequest;Ljakarta/servlet/ServletResponse;Ljakarta/servlet/FilterChain;)V+150
j  org.springframework.security.web.FilterChainProxy$VirtualFilterChain.doFilter(Ljakarta/servlet/ServletRequest;Ljakarta/servlet/ServletResponse;)V+105
j  org.springframework.security.web.header.HeaderWriterFilter.doHeadersAfter(Ljakarta/servlet/http/HttpServletRequest;Ljakarta/servlet/http/HttpServletResponse;Ljakarta/servlet/FilterChain;)V+29
j  org.springframework.security.web.header.HeaderWriterFilter.doFilterInternal(Ljakarta/servlet/http/HttpServletRequest;Ljakarta/servlet/http/HttpServletResponse;Ljakarta/servlet/FilterChain;)V+21
j  org.springframework.web.filter.OncePerRequestFilter.doFilter(Ljakarta/servlet/ServletRequest;Ljakarta/servlet/ServletResponse;Ljakarta/servlet/FilterChain;)V+150
j  org.springframework.security.web.FilterChainProxy$VirtualFilterChain.doFilter(Ljakarta/servlet/ServletRequest;Ljakarta/servlet/ServletResponse;)V+105
j  org.springframework.security.web.context.SecurityContextHolderFilter.doFilter(Ljakarta/servlet/http/HttpServletRequest;Ljakarta/servlet/http/HttpServletResponse;Ljakarta/servlet/FilterChain;)V+59
j  org.springframework.security.web.context.SecurityContextHolderFilter.doFilter(Ljakarta/servlet/ServletRequest;Ljakarta/servlet/ServletResponse;Ljakarta/servlet/FilterChain;)V+10
j  org.springframework.security.web.FilterChainProxy$VirtualFilterChain.doFilter(Ljakarta/servlet/ServletRequest;Ljakarta/servlet/ServletResponse;)V+105
j  org.springframework.security.web.context.request.async.WebAsyncManagerIntegrationFilter.doFilterInternal(Ljakarta/servlet/http/HttpServletRequest;Ljakarta/servlet/http/HttpServletResponse;Ljakarta/servlet/FilterChain;)V+55
j  org.springframework.web.filter.OncePerRequestFilter.doFilter(Ljakarta/servlet/ServletRequest;Ljakarta/servlet/ServletResponse;Ljakarta/servlet/FilterChain;)V+150
j  org.springframework.security.web.FilterChainProxy$VirtualFilterChain.doFilter(Ljakarta/servlet/ServletRequest;Ljakarta/servlet/ServletResponse;)V+105
j  org.springframework.security.web.session.DisableEncodeUrlFilter.doFilterInternal(Ljakarta/servlet/http/HttpServletRequest;Ljakarta/servlet/http/HttpServletResponse;Ljakarta/servlet/FilterChain;)V+10
j  org.springframework.web.filter.OncePerRequestFilter.doFilter(Ljakarta/servlet/ServletRequest;Ljakarta/servlet/ServletResponse;Ljakarta/servlet/FilterChain;)V+150
j  org.springframework.security.web.FilterChainProxy$VirtualFilterChain.doFilter(Ljakarta/servlet/ServletRequest;Ljakarta/servlet/ServletResponse;)V+105
j  org.springframework.security.web.FilterChainProxy.doFilterInternal(Ljakarta/servlet/ServletRequest;Ljakarta/servlet/ServletResponse;Ljakarta/servlet/FilterChain;)V+163
j  org.springframework.security.web.FilterChainProxy.doFilter(Ljakarta/servlet/ServletRequest;Ljakarta/servlet/ServletResponse;Ljakarta/servlet/FilterChain;)V+48
j  org.springframework.web.filter.CompositeFilter$VirtualFilterChain.doFilter(Ljakarta/servlet/ServletRequest;Ljakarta/servlet/ServletResponse;)V+63
j  org.springframework.web.servlet.handler.HandlerMappingIntrospector.lambda$createCacheFilter$3(Ljakarta/servlet/ServletRequest;Ljakarta/servlet/ServletResponse;Ljakarta/servlet/FilterChain;)V+13
j  org.springframework.web.servlet.handler.HandlerMappingIntrospector$$Lambda+0x0000020e01a34208.doFilter(Ljakarta/servlet/ServletRequest;Ljakarta/servlet/ServletResponse;Ljakarta/servlet/FilterChain;)V+7
j  org.springframework.web.filter.CompositeFilter$VirtualFilterChain.doFilter(Ljakarta/servlet/ServletRequest;Ljakarta/servlet/ServletResponse;)V+63
j  org.springframework.web.filter.CompositeFilter.doFilter(Ljakarta/servlet/ServletRequest;Ljakarta/servlet/ServletResponse;Ljakarta/servlet/FilterChain;)V+14
j  org.springframework.security.config.annotation.web.configuration.WebMvcSecurityConfiguration$CompositeFilterChainProxy.doFilter(Ljakarta/servlet/ServletRequest;Ljakarta/servlet/ServletResponse;Ljakarta/servlet/FilterChain;)V+7
j  org.springframework.web.filter.DelegatingFilterProxy.invokeDelegate(Ljakarta/servlet/Filter;Ljakarta/servlet/ServletRequest;Ljakarta/servlet/ServletResponse;Ljakarta/servlet/FilterChain;)V+5
j  org.springframework.web.filter.DelegatingFilterProxy.doFilter(Ljakarta/servlet/ServletRequest;Ljakarta/servlet/ServletResponse;Ljakarta/servlet/FilterChain;)V+85
j  org.apache.catalina.core.ApplicationFilterChain.internalDoFilter(Ljakarta/servlet/ServletRequest;Ljakarta/servlet/ServletResponse;)V+135
j  org.apache.catalina.core.ApplicationFilterChain.doFilter(Ljakarta/servlet/ServletRequest;Ljakarta/servlet/ServletResponse;)V+99
j  org.springframework.web.filter.RequestContextFilter.doFilterInternal(Ljakarta/servlet/http/HttpServletRequest;Ljakarta/servlet/http/HttpServletResponse;Ljakarta/servlet/FilterChain;)V+21
j  org.springframework.web.filter.OncePerRequestFilter.doFilter(Ljakarta/servlet/ServletRequest;Ljakarta/servlet/ServletResponse;Ljakarta/servlet/FilterChain;)V+150
j  org.apache.catalina.core.ApplicationFilterChain.internalDoFilter(Ljakarta/servlet/ServletRequest;Ljakarta/servlet/ServletResponse;)V+135
j  org.apache.catalina.core.ApplicationFilterChain.doFilter(Ljakarta/servlet/ServletRequest;Ljakarta/servlet/ServletResponse;)V+99
j  org.springframework.web.filter.FormContentFilter.doFilterInternal(Ljakarta/servlet/http/HttpServletRequest;Ljakarta/servlet/http/HttpServletResponse;Ljakarta/servlet/FilterChain;)V+38
j  org.springframework.web.filter.OncePerRequestFilter.doFilter(Ljakarta/servlet/ServletRequest;Ljakarta/servlet/ServletResponse;Ljakarta/servlet/FilterChain;)V+150
j  org.apache.catalina.core.ApplicationFilterChain.internalDoFilter(Ljakarta/servlet/ServletRequest;Ljakarta/servlet/ServletResponse;)V+135
j  org.apache.catalina.core.ApplicationFilterChain.doFilter(Ljakarta/servlet/ServletRequest;Ljakarta/servlet/ServletResponse;)V+99
j  org.springframework.web.filter.CharacterEncodingFilter.doFilterInternal(Ljakarta/servlet/http/HttpServletRequest;Ljakarta/servlet/http/HttpServletResponse;Ljakarta/servlet/FilterChain;)V+53
j  org.springframework.web.filter.OncePerRequestFilter.doFilter(Ljakarta/servlet/ServletRequest;Ljakarta/servlet/ServletResponse;Ljakarta/servlet/FilterChain;)V+150
j  org.apache.catalina.core.ApplicationFilterChain.internalDoFilter(Ljakarta/servlet/ServletRequest;Ljakarta/servlet/ServletResponse;)V+135
j  org.apache.catalina.core.ApplicationFilterChain.doFilter(Ljakarta/servlet/ServletRequest;Ljakarta/servlet/ServletResponse;)V+99
j  org.apache.catalina.core.StandardWrapperValve.invoke(Lorg/apache/catalina/connector/Request;Lorg/apache/catalina/connector/Response;)V+514
j  org.apache.catalina.core.StandardContextValve.invoke(Lorg/apache/catalina/connector/Request;Lorg/apache/catalina/connector/Response;)V+169
j  org.apache.catalina.authenticator.AuthenticatorBase.invoke(Lorg/apache/catalina/connector/Request;Lorg/apache/catalina/connector/Response;)V+218
j  org.apache.catalina.core.StandardHostValve.invoke(Lorg/apache/catalina/connector/Request;Lorg/apache/catalina/connector/Response;)V+131
j  org.apache.catalina.valves.ErrorReportValve.invoke(Lorg/apache/catalina/connector/Request;Lorg/apache/catalina/connector/Response;)V+6
j  org.apache.catalina.core.StandardEngineValve.invoke(Lorg/apache/catalina/connector/Request;Lorg/apache/catalina/connector/Response;)V+59
j  org.apache.catalina.connector.CoyoteAdapter.service(Lorg/apache/coyote/Request;Lorg/apache/coyote/Response;)V+188
j  org.apache.coyote.http11.Http11Processor.service(Lorg/apache/tomcat/util/net/SocketWrapperBase;)Lorg/apache/tomcat/util/net/AbstractEndpoint$Handler$SocketState;+795
j  org.apache.coyote.AbstractProcessorLight.process(Lorg/apache/tomcat/util/net/SocketWrapperBase;Lorg/apache/tomcat/util/net/SocketEvent;)Lorg/apache/tomcat/util/net/AbstractEndpoint$Handler$SocketState;+152
j  org.apache.coyote.AbstractProtocol$ConnectionHandler.process(Lorg/apache/tomcat/util/net/SocketWrapperBase;Lorg/apache/tomcat/util/net/SocketEvent;)Lorg/apache/tomcat/util/net/AbstractEndpoint$Handler$SocketState;+482
j  org.apache.tomcat.util.net.NioEndpoint$SocketProcessor.doRun()V+249
j  org.apache.tomcat.util.net.SocketProcessorBase.run()V+32
j  org.apache.tomcat.util.threads.ThreadPoolExecutor.runWorker(Lorg/apache/tomcat/util/threads/ThreadPoolExecutor$Worker;)V+92
j  org.apache.tomcat.util.threads.ThreadPoolExecutor$Worker.run()V+5
j  org.apache.tomcat.util.threads.TaskThread$WrappingRunnable.run()V+4
j  java.lang.Thread.runWith(Ljava/lang/Object;Ljava/lang/Runnable;)V+5 java.base@22.0.2
j  java.lang.Thread.run()V+19 java.base@22.0.2
v  ~StubRoutines::call_stub 0x0000020e64bf100d
invokestatic  184 invokestatic  [0x0000020e64c08e60, 0x0000020e64c08fd8]  376 bytes
[MachCode]
  0x0000020e64c08e60: 4883 ec08 | c5fa 1104 | 24eb 1f48 | 83ec 10c5 | fb11 0424 | eb14 4883 | ec10 4889 | 0424 48c7 
  0x0000020e64c08e80: 4424 0800 | 0000 00eb | 0150 488b | 4dd0 410f | b755 0148 | 8b49 306b | d218 488d | 4c11 080f 
  0x0000020e64c08ea0: b659 1681 | fbb8 0000 | 000f 84bd | 0000 00bb | b800 0000 | e805 0000 | 00e9 9900 | 0000 488b 
  0x0000020e64c08ec0: d348 8d44 | 2408 4c89 | 6dc0 498b | cfc5 f877 | 4989 afb0 | 0300 0049 | 8987 a003 | 0000 4883 
  0x0000020e64c08ee0: ec20 40f6 | c40f 0f84 | 1900 0000 | 4883 ec08 | 48b8 90d1 | cff5 ff7f | 0000 ffd0 | 4883 c408 
  0x0000020e64c08f00: e90c 0000 | 0048 b890 | d1cf f5ff | 7f00 00ff | d048 83c4 | 2049 c787 | a003 0000 | 0000 0000 
  0x0000020e64c08f20: 49c7 87b0 | 0300 0000 | 0000 0049 | c787 a803 | 0000 0000 | 0000 c5f8 | 7749 837f | 0800 0f84 
  0x0000020e64c08f40: 0500 0000 | e9b7 7ffe | ff4c 8b6d | c04c 8b75 | c84e 8d74 | f500 c348 | 8b4d d041 | 0fb7 5501 
  0x0000020e64c08f60: 488b 4930 | 6bd2 1848 | 8d4c 1108 | 488b 1948 | 8b5b 0848 | 8b5b 0848 | 8b5b 1880 | bb20 0100 
  0x0000020e64c08f80: 0005 0f84 | 0d00 0000 | 4c3b bb30 | 0100 000f | 851a ffff | ff0f b651 | 1548 8b19 | 4c89 6dc0 
  0x0000020e64c08fa0: 448b ea0f | b651 1449 | ba40 c859 | f6ff 7f00 | 0049 8b14 | d252 418b | d54c 8b6d | c04c 8d6c 
  0x0000020e64c08fc0: 2408 498b | cd48 2bcd | 48c1 f903 | 4889 4df0 | ff63 500f | 1f44 0000 
[/MachCode]

---------------  P R O C E S S  ---------------

Threads class SMR info:
_java_thread_list=0x0000020e486cdbe0, length=34, elements={
0x0000020e6d6c1d10, 0x0000020e6d6c6ee0, 0x0000020e6d6c8e60, 0x0000020e6d6ccb30,
0x0000020e6d6cd9e0, 0x0000020e6d6cf820, 0x0000020e6d6e4540, 0x0000020e6d693260,
0x0000020e451957d0, 0x0000020e455b9400, 0x0000020e455ba280, 0x0000020e457134f0,
0x0000020e458fd100, 0x0000020e4641cc20, 0x0000020e4646c1d0, 0x0000020e4711a340,
0x0000020e4711a9b0, 0x0000020e4718cf40, 0x0000020e4718d5d0, 0x0000020e4718c8b0,
0x0000020e47d6c8b0, 0x0000020e47d6bb90, 0x0000020e47d6c220, 0x0000020e47d6a7e0,
0x0000020e47d69ac0, 0x0000020e47d68710, 0x0000020e47d6a150, 0x0000020e47d6ae70,
0x0000020e47d6dc60, 0x0000020e47d6e2f0, 0x0000020e47d68da0, 0x0000020e47d6b500,
0x0000020e47d6e980, 0x0000020e47d6cf40
}

Java Threads: ( => current thread )
  0x0000020e6d6c1d10 JavaThread "Reference Handler"          daemon [_thread_blocked, id=7220, stack(0x0000006d73e00000,0x0000006d73f00000) (1024K)]
  0x0000020e6d6c6ee0 JavaThread "Finalizer"                  daemon [_thread_blocked, id=14824, stack(0x0000006d73f00000,0x0000006d74000000) (1024K)]
  0x0000020e6d6c8e60 JavaThread "Signal Dispatcher"          daemon [_thread_blocked, id=14600, stack(0x0000006d74000000,0x0000006d74100000) (1024K)]
  0x0000020e6d6ccb30 JavaThread "Attach Listener"            daemon [_thread_blocked, id=3736, stack(0x0000006d74100000,0x0000006d74200000) (1024K)]
  0x0000020e6d6cd9e0 JavaThread "Service Thread"             daemon [_thread_blocked, id=15224, stack(0x0000006d74200000,0x0000006d74300000) (1024K)]
  0x0000020e6d6cf820 JavaThread "Monitor Deflation Thread"   daemon [_thread_blocked, id=12172, stack(0x0000006d74300000,0x0000006d74400000) (1024K)]
  0x0000020e6d6e4540 JavaThread "C1 CompilerThread0"         daemon [_thread_blocked, id=15020, stack(0x0000006d74400000,0x0000006d74500000) (1024K)]
  0x0000020e6d693260 JavaThread "Common-Cleaner"             daemon [_thread_blocked, id=1352, stack(0x0000006d74500000,0x0000006d74600000) (1024K)]
  0x0000020e451957d0 JavaThread "C1 CompilerThread1"         daemon [_thread_blocked, id=5068, stack(0x0000006d74600000,0x0000006d74700000) (1024K)]
  0x0000020e455b9400 JavaThread "Monitor Ctrl-Break"         daemon [_thread_in_native, id=16968, stack(0x0000006d74700000,0x0000006d74800000) (1024K)]
  0x0000020e455ba280 JavaThread "Notification Thread"        daemon [_thread_blocked, id=6356, stack(0x0000006d74800000,0x0000006d74900000) (1024K)]
  0x0000020e457134f0 JavaThread "C1 CompilerThread2"         daemon [_thread_blocked, id=17224, stack(0x0000006d74900000,0x0000006d74a00000) (1024K)]
  0x0000020e458fd100 JavaThread "RMI TCP Accept-0"           daemon [_thread_in_native, id=9196, stack(0x0000006d74a00000,0x0000006d74b00000) (1024K)]
  0x0000020e4641cc20 JavaThread "RMI TCP Connection(1)-192.168.1.91" daemon [_thread_in_native, id=17100, stack(0x0000006d75100000,0x0000006d75200000) (1024K)]
  0x0000020e4646c1d0 JavaThread "RMI Scheduler(0)"           daemon [_thread_blocked, id=10068, stack(0x0000006d75300000,0x0000006d75400000) (1024K)]
  0x0000020e4711a340 JavaThread "Catalina-utility-1"                [_thread_blocked, id=5888, stack(0x0000006d75200000,0x0000006d75300000) (1024K)]
  0x0000020e4711a9b0 JavaThread "Catalina-utility-2"                [_thread_blocked, id=14932, stack(0x0000006d75700000,0x0000006d75800000) (1024K)]
  0x0000020e4718cf40 JavaThread "container-0"                       [_thread_blocked, id=9876, stack(0x0000006d75800000,0x0000006d75900000) (1024K)]
  0x0000020e4718d5d0 JavaThread "mysql-cj-abandoned-connection-cleanup" daemon [_thread_blocked, id=2604, stack(0x0000006d75900000,0x0000006d75a00000) (1024K)]
  0x0000020e4718c8b0 JavaThread "HikariPool-1 housekeeper"   daemon [_thread_blocked, id=3884, stack(0x0000006d75b00000,0x0000006d75c00000) (1024K)]
=>0x0000020e47d6c8b0 JavaThread "http-nio-8080-exec-1"       daemon [_thread_in_vm, id=1844, stack(0x0000006d75e00000,0x0000006d75f00000) (1024K)]
  0x0000020e47d6bb90 JavaThread "http-nio-8080-exec-2"       daemon [_thread_blocked, id=17820, stack(0x0000006d75f00000,0x0000006d76000000) (1024K)]
  0x0000020e47d6c220 JavaThread "http-nio-8080-exec-3"       daemon [_thread_blocked, id=10092, stack(0x0000006d76000000,0x0000006d76100000) (1024K)]
  0x0000020e47d6a7e0 JavaThread "http-nio-8080-exec-4"       daemon [_thread_blocked, id=17352, stack(0x0000006d76100000,0x0000006d76200000) (1024K)]
  0x0000020e47d69ac0 JavaThread "http-nio-8080-exec-5"       daemon [_thread_blocked, id=14024, stack(0x0000006d76200000,0x0000006d76300000) (1024K)]
  0x0000020e47d68710 JavaThread "http-nio-8080-exec-6"       daemon [_thread_blocked, id=3888, stack(0x0000006d76300000,0x0000006d76400000) (1024K)]
  0x0000020e47d6a150 JavaThread "http-nio-8080-exec-7"       daemon [_thread_blocked, id=7304, stack(0x0000006d76400000,0x0000006d76500000) (1024K)]
  0x0000020e47d6ae70 JavaThread "http-nio-8080-exec-8"       daemon [_thread_blocked, id=16352, stack(0x0000006d76500000,0x0000006d76600000) (1024K)]
  0x0000020e47d6dc60 JavaThread "http-nio-8080-exec-9"       daemon [_thread_blocked, id=3360, stack(0x0000006d76600000,0x0000006d76700000) (1024K)]
  0x0000020e47d6e2f0 JavaThread "http-nio-8080-exec-10"      daemon [_thread_blocked, id=13068, stack(0x0000006d76700000,0x0000006d76800000) (1024K)]
  0x0000020e47d68da0 JavaThread "http-nio-8080-Poller"       daemon [_thread_in_native, id=10760, stack(0x0000006d75d00000,0x0000006d75e00000) (1024K)]
  0x0000020e47d6b500 JavaThread "http-nio-8080-Acceptor"     daemon [_thread_in_native, id=15900, stack(0x0000006d76800000,0x0000006d76900000) (1024K)]
  0x0000020e47d6e980 JavaThread "DestroyJavaVM"                     [_thread_blocked, id=10372, stack(0x0000006d73600000,0x0000006d73700000) (1024K)]
  0x0000020e47d6cf40 JavaThread "RMI TCP Connection(2)-192.168.1.91" daemon [_thread_in_native, id=12364, stack(0x0000006d76900000,0x0000006d76a00000) (1024K)]
Total: 34

Other Threads:
  0x0000020e6d6a8180 VMThread "VM Thread"                           [id=1000, stack(0x0000006d73d00000,0x0000006d73e00000) (1024K)]
  0x0000020e6d690f40 WatcherThread "VM Periodic Task Thread"        [id=14548, stack(0x0000006d73c00000,0x0000006d73d00000) (1024K)]
  0x0000020e5b0f0f30 WorkerThread "GC Thread#0"                     [id=10232, stack(0x0000006d73700000,0x0000006d73800000) (1024K)]
  0x0000020e45ca6e40 WorkerThread "GC Thread#1"                     [id=5052, stack(0x0000006d74b00000,0x0000006d74c00000) (1024K)]
  0x0000020e45ca71f0 WorkerThread "GC Thread#2"                     [id=16808, stack(0x0000006d74c00000,0x0000006d74d00000) (1024K)]
  0x0000020e45cc1630 WorkerThread "GC Thread#3"                     [id=17644, stack(0x0000006d74d00000,0x0000006d74e00000) (1024K)]
  0x0000020e45cd07c0 WorkerThread "GC Thread#4"                     [id=3676, stack(0x0000006d74e00000,0x0000006d74f00000) (1024K)]
  0x0000020e45cd1180 WorkerThread "GC Thread#5"                     [id=7884, stack(0x0000006d74f00000,0x0000006d75000000) (1024K)]
  0x0000020e45cd1940 WorkerThread "GC Thread#6"                     [id=16108, stack(0x0000006d75000000,0x0000006d75100000) (1024K)]
  0x0000020e46613680 WorkerThread "GC Thread#7"                     [id=13148, stack(0x0000006d75400000,0x0000006d75500000) (1024K)]
  0x0000020e5b1036b0 ConcurrentGCThread "G1 Main Marker"            [id=1776, stack(0x0000006d73800000,0x0000006d73900000) (1024K)]
  0x0000020e5b104960 WorkerThread "G1 Conc#0"                       [id=7012, stack(0x0000006d73900000,0x0000006d73a00000) (1024K)]
  0x0000020e468d9240 WorkerThread "G1 Conc#1"                       [id=4404, stack(0x0000006d75600000,0x0000006d75700000) (1024K)]
  0x0000020e6d563980 ConcurrentGCThread "G1 Refine#0"               [id=3468, stack(0x0000006d73a00000,0x0000006d73b00000) (1024K)]
  0x0000020e6d564310 ConcurrentGCThread "G1 Service"                [id=6764, stack(0x0000006d73b00000,0x0000006d73c00000) (1024K)]
Total: 15

Threads with active compile tasks:
Total: 0

VM state: not at safepoint (normal execution)

VM Mutex/Monitor currently owned by a thread:  ([mutex/lock_event])
[0x00007ffff658ab00] Metaspace_lock - owner thread: 0x0000020e47d6c8b0

Heap address: 0x0000000083200000, size: 1998 MB, Compressed Oops mode: 32-bit

CDS archive(s) mapped at: [0x0000020e00000000-0x0000020e00c60000-0x0000020e00c60000), size 12976128, SharedBaseAddress: 0x0000020e00000000, ArchiveRelocationMode: 1.
Compressed class space mapped at: 0x0000020e01000000-0x0000020e41000000, reserved size: 1073741824
Narrow klass base: 0x0000020e00000000, Narrow klass shift: 0, Narrow klass range: 0x41000000

GC Precious Log:
 CardTable entry size: 512
 Card Set container configuration: InlinePtr #cards 5 size 8 Array Of Cards #cards 12 size 40 Howl #buckets 4 coarsen threshold 1843 Howl Bitmap #cards 512 size 80 coarsen threshold 460 Card regions per heap region 1 cards per card region 2048
 CPUs: 8 total, 8 available
 Memory: 7987M
 Large Page Support: Disabled
 NUMA Support: Disabled
 Compressed Oops: Enabled (32-bit)
 Heap Region Size: 1M
 Heap Min Capacity: 8M
 Heap Initial Capacity: 126M
 Heap Max Capacity: 1998M
 Pre-touch: Disabled
 Parallel Workers: 8
 Concurrent Workers: 2
 Concurrent Refinement Workers: 8
 Periodic GC: Disabled

Heap:
 garbage-first heap   total reserved 2045952K, committed 70656K, used 45352K [0x0000000083200000, 0x0000000100000000)
  region size 1024K, 13 young (13312K), 3 survivors (3072K)
 Metaspace       used 73255K, committed 74048K, reserved 1114112K
  class space    used 10921K, committed 11264K, reserved 1048576K

Heap Regions: E=young(eden), S=young(survivor), O=old, HS=humongous(starts), HC=humongous(continues), CS=collection set, F=free, TAMS=top-at-mark-start, PB=parsable bottom
|   0|0x0000000083200000, 0x0000000083300000, 0x0000000083300000|100%|HS|  |TAMS 0x0000000083200000| PB 0x0000000083200000| Complete |  0
|   1|0x0000000083300000, 0x0000000083400000, 0x0000000083400000|100%| O|  |TAMS 0x0000000083300000| PB 0x0000000083300000| Untracked |  0
|   2|0x0000000083400000, 0x0000000083500000, 0x0000000083500000|100%| O|  |TAMS 0x0000000083400000| PB 0x0000000083400000| Untracked |  0
|   3|0x0000000083500000, 0x0000000083600000, 0x0000000083600000|100%| O|  |TAMS 0x0000000083500000| PB 0x0000000083500000| Untracked |  0
|   4|0x0000000083600000, 0x0000000083700000, 0x0000000083700000|100%| O|  |TAMS 0x0000000083600000| PB 0x0000000083600000| Untracked |  0
|   5|0x0000000083700000, 0x0000000083800000, 0x0000000083800000|100%| O|  |TAMS 0x0000000083700000| PB 0x0000000083700000| Untracked |  0
|   6|0x0000000083800000, 0x0000000083900000, 0x0000000083900000|100%| O|  |TAMS 0x0000000083800000| PB 0x0000000083800000| Untracked |  0
|   7|0x0000000083900000, 0x0000000083a00000, 0x0000000083a00000|100%| O|  |TAMS 0x0000000083900000| PB 0x0000000083900000| Untracked |  0
|   8|0x0000000083a00000, 0x0000000083b00000, 0x0000000083b00000|100%| O|  |TAMS 0x0000000083a00000| PB 0x0000000083a00000| Untracked |  0
|   9|0x0000000083b00000, 0x0000000083c00000, 0x0000000083c00000|100%| O|  |TAMS 0x0000000083b00000| PB 0x0000000083b00000| Untracked |  0
|  10|0x0000000083c00000, 0x0000000083d00000, 0x0000000083d00000|100%| O|  |TAMS 0x0000000083c00000| PB 0x0000000083c00000| Untracked |  0
|  11|0x0000000083d00000, 0x0000000083e00000, 0x0000000083e00000|100%| O|  |TAMS 0x0000000083d00000| PB 0x0000000083d00000| Untracked |  0
|  12|0x0000000083e00000, 0x0000000083f00000, 0x0000000083f00000|100%| O|  |TAMS 0x0000000083e00000| PB 0x0000000083e00000| Untracked |  0
|  13|0x0000000083f00000, 0x0000000084000000, 0x0000000084000000|100%| O|  |TAMS 0x0000000083f00000| PB 0x0000000083f00000| Untracked |  0
|  14|0x0000000084000000, 0x0000000084100000, 0x0000000084100000|100%| O|  |TAMS 0x0000000084000000| PB 0x0000000084000000| Untracked |  0
|  15|0x0000000084100000, 0x0000000084200000, 0x0000000084200000|100%| O|  |TAMS 0x0000000084100000| PB 0x0000000084100000| Untracked |  0
|  16|0x0000000084200000, 0x0000000084300000, 0x0000000084300000|100%| O|  |TAMS 0x0000000084200000| PB 0x0000000084200000| Untracked |  0
|  17|0x0000000084300000, 0x0000000084400000, 0x0000000084400000|100%| O|  |TAMS 0x0000000084300000| PB 0x0000000084300000| Untracked |  0
|  18|0x0000000084400000, 0x0000000084500000, 0x0000000084500000|100%| O|  |TAMS 0x0000000084400000| PB 0x0000000084400000| Untracked |  0
|  19|0x0000000084500000, 0x0000000084600000, 0x0000000084600000|100%| O|  |TAMS 0x0000000084500000| PB 0x0000000084500000| Untracked |  0
|  20|0x0000000084600000, 0x0000000084700000, 0x0000000084700000|100%| O|  |TAMS 0x0000000084600000| PB 0x0000000084600000| Untracked |  0
|  21|0x0000000084700000, 0x0000000084800000, 0x0000000084800000|100%| O|  |TAMS 0x0000000084700000| PB 0x0000000084700000| Untracked |  0
|  22|0x0000000084800000, 0x0000000084900000, 0x0000000084900000|100%| O|  |TAMS 0x0000000084800000| PB 0x0000000084800000| Untracked |  0
|  23|0x0000000084900000, 0x0000000084a00000, 0x0000000084a00000|100%| O|  |TAMS 0x0000000084900000| PB 0x0000000084900000| Untracked |  0
|  24|0x0000000084a00000, 0x0000000084b00000, 0x0000000084b00000|100%| O|  |TAMS 0x0000000084a00000| PB 0x0000000084a00000| Untracked |  0
|  25|0x0000000084b00000, 0x0000000084c00000, 0x0000000084c00000|100%| O|  |TAMS 0x0000000084b00000| PB 0x0000000084b00000| Untracked |  0
|  26|0x0000000084c00000, 0x0000000084d00000, 0x0000000084d00000|100%| O|  |TAMS 0x0000000084c00000| PB 0x0000000084c00000| Untracked |  0
|  27|0x0000000084d00000, 0x0000000084e00000, 0x0000000084e00000|100%| O|  |TAMS 0x0000000084d00000| PB 0x0000000084d00000| Untracked |  0
|  28|0x0000000084e00000, 0x0000000084f00000, 0x0000000084f00000|100%| O|  |TAMS 0x0000000084e00000| PB 0x0000000084e00000| Untracked |  0
|  29|0x0000000084f00000, 0x0000000084f00000, 0x0000000085000000|  0%| F|  |TAMS 0x0000000084f00000| PB 0x0000000084f00000| Untracked |  0
|  30|0x0000000085000000, 0x0000000085100000, 0x0000000085100000|100%| O|  |TAMS 0x0000000085000000| PB 0x0000000085000000| Untracked |  0
|  31|0x0000000085100000, 0x0000000085200000, 0x0000000085200000|100%| O|  |TAMS 0x0000000085100000| PB 0x0000000085100000| Untracked |  0
|  32|0x0000000085200000, 0x0000000085200000, 0x0000000085300000|  0%| F|  |TAMS 0x0000000085200000| PB 0x0000000085200000| Untracked |  0
|  33|0x0000000085300000, 0x0000000085300000, 0x0000000085400000|  0%| F|  |TAMS 0x0000000085300000| PB 0x0000000085300000| Untracked |  0
|  34|0x0000000085400000, 0x0000000085400000, 0x0000000085500000|  0%| F|  |TAMS 0x0000000085400000| PB 0x0000000085400000| Untracked |  0
|  35|0x0000000085500000, 0x0000000085500000, 0x0000000085600000|  0%| F|  |TAMS 0x0000000085500000| PB 0x0000000085500000| Untracked |  0
|  36|0x0000000085600000, 0x0000000085700000, 0x0000000085700000|100%| O|  |TAMS 0x0000000085600000| PB 0x0000000085600000| Untracked |  0
|  37|0x0000000085700000, 0x0000000085800000, 0x0000000085800000|100%| O|  |TAMS 0x0000000085700000| PB 0x0000000085700000| Untracked |  0
|  38|0x0000000085800000, 0x00000000858dfd50, 0x0000000085900000| 87%| O|  |TAMS 0x0000000085800000| PB 0x0000000085800000| Untracked |  0
|  39|0x0000000085900000, 0x0000000085900000, 0x0000000085a00000|  0%| F|  |TAMS 0x0000000085900000| PB 0x0000000085900000| Untracked |  0
|  40|0x0000000085a00000, 0x0000000085a6a3b0, 0x0000000085b00000| 41%| S|CS|TAMS 0x0000000085a00000| PB 0x0000000085a00000| Complete |  0
|  41|0x0000000085b00000, 0x0000000085c00000, 0x0000000085c00000|100%| S|CS|TAMS 0x0000000085b00000| PB 0x0000000085b00000| Complete |  0
|  42|0x0000000085c00000, 0x0000000085d00000, 0x0000000085d00000|100%| S|CS|TAMS 0x0000000085c00000| PB 0x0000000085c00000| Complete |  0
|  43|0x0000000085d00000, 0x0000000085d00000, 0x0000000085e00000|  0%| F|  |TAMS 0x0000000085d00000| PB 0x0000000085d00000| Untracked |  0
|  44|0x0000000085e00000, 0x0000000085e00000, 0x0000000085f00000|  0%| F|  |TAMS 0x0000000085e00000| PB 0x0000000085e00000| Untracked |  0
|  45|0x0000000085f00000, 0x0000000085f00000, 0x0000000086000000|  0%| F|  |TAMS 0x0000000085f00000| PB 0x0000000085f00000| Untracked |  0
|  46|0x0000000086000000, 0x0000000086000000, 0x0000000086100000|  0%| F|  |TAMS 0x0000000086000000| PB 0x0000000086000000| Untracked |  0
|  47|0x0000000086100000, 0x0000000086100000, 0x0000000086200000|  0%| F|  |TAMS 0x0000000086100000| PB 0x0000000086100000| Untracked |  0
|  48|0x0000000086200000, 0x0000000086200000, 0x0000000086300000|  0%| F|  |TAMS 0x0000000086200000| PB 0x0000000086200000| Untracked |  0
|  49|0x0000000086300000, 0x0000000086300000, 0x0000000086400000|  0%| F|  |TAMS 0x0000000086300000| PB 0x0000000086300000| Untracked |  0
|  50|0x0000000086400000, 0x0000000086400000, 0x0000000086500000|  0%| F|  |TAMS 0x0000000086400000| PB 0x0000000086400000| Untracked |  0
|  51|0x0000000086500000, 0x0000000086500000, 0x0000000086600000|  0%| F|  |TAMS 0x0000000086500000| PB 0x0000000086500000| Untracked |  0
|  52|0x0000000086600000, 0x0000000086600000, 0x0000000086700000|  0%| F|  |TAMS 0x0000000086600000| PB 0x0000000086600000| Untracked |  0
|  53|0x0000000086700000, 0x0000000086700000, 0x0000000086800000|  0%| F|  |TAMS 0x0000000086700000| PB 0x0000000086700000| Untracked |  0
|  54|0x0000000086800000, 0x0000000086800000, 0x0000000086900000|  0%| F|  |TAMS 0x0000000086800000| PB 0x0000000086800000| Untracked |  0
|  55|0x0000000086900000, 0x0000000086900000, 0x0000000086a00000|  0%| F|  |TAMS 0x0000000086900000| PB 0x0000000086900000| Untracked |  0
|  56|0x0000000086a00000, 0x0000000086a00000, 0x0000000086b00000|  0%| F|  |TAMS 0x0000000086a00000| PB 0x0000000086a00000| Untracked |  0
|  57|0x0000000086b00000, 0x0000000086b00000, 0x0000000086c00000|  0%| F|  |TAMS 0x0000000086b00000| PB 0x0000000086b00000| Untracked |  0
|  58|0x0000000086c00000, 0x0000000086c00000, 0x0000000086d00000|  0%| F|  |TAMS 0x0000000086c00000| PB 0x0000000086c00000| Untracked |  0
|  59|0x0000000086d00000, 0x0000000086dde1a8, 0x0000000086e00000| 86%| E|  |TAMS 0x0000000086d00000| PB 0x0000000086d00000| Complete |  0
|  60|0x0000000086e00000, 0x0000000086f00000, 0x0000000086f00000|100%| E|CS|TAMS 0x0000000086e00000| PB 0x0000000086e00000| Complete |  0
|  85|0x0000000088700000, 0x0000000088800000, 0x0000000088800000|100%| E|CS|TAMS 0x0000000088700000| PB 0x0000000088700000| Complete |  0
|  86|0x0000000088800000, 0x0000000088900000, 0x0000000088900000|100%| E|CS|TAMS 0x0000000088800000| PB 0x0000000088800000| Complete |  0
|  87|0x0000000088900000, 0x0000000088a00000, 0x0000000088a00000|100%| E|CS|TAMS 0x0000000088900000| PB 0x0000000088900000| Complete |  0
|  88|0x0000000088a00000, 0x0000000088b00000, 0x0000000088b00000|100%| E|CS|TAMS 0x0000000088a00000| PB 0x0000000088a00000| Complete |  0
|  89|0x0000000088b00000, 0x0000000088c00000, 0x0000000088c00000|100%| E|CS|TAMS 0x0000000088b00000| PB 0x0000000088b00000| Complete |  0
|  90|0x0000000088c00000, 0x0000000088d00000, 0x0000000088d00000|100%| E|  |TAMS 0x0000000088c00000| PB 0x0000000088c00000| Complete |  0
| 124|0x000000008ae00000, 0x000000008af00000, 0x000000008af00000|100%| E|CS|TAMS 0x000000008ae00000| PB 0x000000008ae00000| Complete |  0
| 125|0x000000008af00000, 0x000000008b000000, 0x000000008b000000|100%| E|CS|TAMS 0x000000008af00000| PB 0x000000008af00000| Complete |  0

Card table byte_map: [0x0000020e688c0000,0x0000020e68cb0000] _byte_map_base: 0x0000020e684a7000

Marking Bits: (CMBitMap*) 0x0000020e5b0f1640
 Bits: [0x0000020e68cb0000, 0x0000020e6abe8000)

Polling page: 0x0000020e5b150000

Metaspace:

Usage:
  Non-class:     60.87 MB used.
      Class:     10.67 MB used.
       Both:     71.54 MB used.

Virtual space:
  Non-class space:       64.00 MB reserved,      61.31 MB ( 96%) committed,  1 nodes.
      Class space:        1.00 GB reserved,      11.00 MB (  1%) committed,  1 nodes.
             Both:        1.06 GB reserved,      72.31 MB (  7%) committed. 

Chunk freelists:
   Non-Class:  2.48 MB
       Class:  4.98 MB
        Both:  7.47 MB

MaxMetaspaceSize: unlimited
CompressedClassSpaceSize: 1.00 GB
Initial GC threshold: 21.00 MB
Current GC threshold: 107.44 MB
CDS: on
 - commit_granule_bytes: 65536.
 - commit_granule_words: 8192.
 - virtual_space_node_default_size: 8388608.
 - enlarge_chunks_in_place: 1.
 - use_allocation_guard: 0.


Internal statistics:

num_allocs_failed_limit: 12.
num_arena_births: 1098.
num_arena_deaths: 0.
num_vsnodes_births: 2.
num_vsnodes_deaths: 0.
num_space_committed: 1157.
num_space_uncommitted: 0.
num_chunks_returned_to_freelist: 12.
num_chunks_taken_from_freelist: 3660.
num_chunk_merges: 9.
num_chunk_splits: 2713.
num_chunks_enlarged: 2132.
num_inconsistent_stats: 0.

CodeCache: size=49152Kb used=13028Kb max_used=13483Kb free=36123Kb
 bounds [0x0000020e64bf0000, 0x0000020e65920000, 0x0000020e67bf0000]
 total_blobs=7423 nmethods=6681 adapters=663
 compilation: enabled
              stopped_count=0, restarted_count=0
 full_count=0

Compilation events (20 events):
Event: 15.636 Thread 0x0000020e457134f0 6756       1       org.hibernate.metamodel.mapping.internal.ImmutableAttributeMappingList::get (7 bytes)
Event: 15.636 Thread 0x0000020e457134f0 nmethod 6756 0x0000020e652a1210 code [0x0000020e652a13a0, 0x0000020e652a1490]
Event: 15.642 Thread 0x0000020e457134f0 6757       1       org.hibernate.metamodel.mapping.internal.BasicEntityIdentifierMappingImpl::getSelectionExpression (5 bytes)
Event: 15.642 Thread 0x0000020e457134f0 nmethod 6757 0x0000020e652a0f10 code [0x0000020e652a10a0, 0x0000020e652a1168]
Event: 15.646 Thread 0x0000020e451957d0 6758       1       com.mysql.cj.jdbc.result.ResultSetImpl::setRowPositionValidity (110 bytes)
Event: 15.647 Thread 0x0000020e451957d0 nmethod 6758 0x0000020e652a0210 code [0x0000020e652a0440, 0x0000020e652a09c8]
Event: 15.652 Thread 0x0000020e457134f0 6760       1       java.lang.invoke.MethodHandle::asCollectorChecks (75 bytes)
Event: 15.652 Thread 0x0000020e457134f0 nmethod 6760 0x0000020e6529fa90 code [0x0000020e6529fc80, 0x0000020e6529ffc0]
Event: 15.655 Thread 0x0000020e451957d0 6761       1       java.util.Collections$UnmodifiableMap::isEmpty (10 bytes)
Event: 15.656 Thread 0x0000020e451957d0 nmethod 6761 0x0000020e6529f790 code [0x0000020e6529f920, 0x0000020e6529fa18]
Event: 15.661 Thread 0x0000020e457134f0 6762       1       org.springframework.util.MimeType::getType (5 bytes)
Event: 15.661 Thread 0x0000020e457134f0 nmethod 6762 0x0000020e6529f490 code [0x0000020e6529f620, 0x0000020e6529f6e8]
Event: 15.661 Thread 0x0000020e457134f0 6763       1       java.lang.invoke.MethodHandle::withVarargs (39 bytes)
Event: 15.661 Thread 0x0000020e6d6e4540 6764       1       java.lang.invoke.MethodHandleImpl$AsVarargsCollector::<init> (11 bytes)
Event: 15.661 Thread 0x0000020e457134f0 nmethod 6763 0x0000020e6529f010 code [0x0000020e6529f1c0, 0x0000020e6529f328]
Event: 15.661 Thread 0x0000020e6d6e4540 nmethod 6764 0x0000020e6529ea90 code [0x0000020e6529ec40, 0x0000020e6529eec0]
Event: 15.665 Thread 0x0000020e457134f0 6765       1       java.lang.invoke.MethodHandle::asVarargsCollector (40 bytes)
Event: 15.665 Thread 0x0000020e451957d0 6766       1       java.lang.invoke.MethodHandleImpl::makeVarargsCollector (47 bytes)
Event: 15.665 Thread 0x0000020e457134f0 nmethod 6765 0x0000020e6529e490 code [0x0000020e6529e660, 0x0000020e6529e8b8]
Event: 15.665 Thread 0x0000020e451957d0 nmethod 6766 0x0000020e6529db90 code [0x0000020e6529dda0, 0x0000020e6529e1f8]

GC Heap History (20 events):
Event: 3.872 GC heap before
{Heap before GC invocations=11 (full 0):
 garbage-first heap   total reserved 2045952K, committed 58368K, used 49543K [0x0000000083200000, 0x0000000100000000)
  region size 1024K, 28 young (28672K), 3 survivors (3072K)
 Metaspace       used 49533K, committed 50112K, reserved 1114112K
  class space    used 7054K, committed 7296K, reserved 1048576K
}
Event: 3.875 GC heap after
{Heap after GC invocations=12 (full 0):
 garbage-first heap   total reserved 2045952K, committed 58368K, used 25208K [0x0000000083200000, 0x0000000100000000)
  region size 1024K, 2 young (2048K), 2 survivors (2048K)
 Metaspace       used 49533K, committed 50112K, reserved 1114112K
  class space    used 7054K, committed 7296K, reserved 1048576K
}
Event: 4.286 GC heap before
{Heap before GC invocations=12 (full 0):
 garbage-first heap   total reserved 2045952K, committed 58368K, used 49784K [0x0000000083200000, 0x0000000100000000)
  region size 1024K, 27 young (27648K), 2 survivors (2048K)
 Metaspace       used 54956K, committed 55680K, reserved 1114112K
  class space    used 7935K, committed 8256K, reserved 1048576K
}
Event: 4.289 GC heap after
{Heap after GC invocations=13 (full 0):
 garbage-first heap   total reserved 2045952K, committed 58368K, used 26000K [0x0000000083200000, 0x0000000100000000)
  region size 1024K, 3 young (3072K), 3 survivors (3072K)
 Metaspace       used 54956K, committed 55680K, reserved 1114112K
  class space    used 7935K, committed 8256K, reserved 1048576K
}
Event: 4.827 GC heap before
{Heap before GC invocations=13 (full 0):
 garbage-first heap   total reserved 2045952K, committed 58368K, used 50576K [0x0000000083200000, 0x0000000100000000)
  region size 1024K, 27 young (27648K), 3 survivors (3072K)
 Metaspace       used 59468K, committed 60160K, reserved 1114112K
  class space    used 8581K, committed 8896K, reserved 1048576K
}
Event: 4.831 GC heap after
{Heap after GC invocations=14 (full 0):
 garbage-first heap   total reserved 2045952K, committed 58368K, used 27950K [0x0000000083200000, 0x0000000100000000)
  region size 1024K, 3 young (3072K), 3 survivors (3072K)
 Metaspace       used 59468K, committed 60160K, reserved 1114112K
  class space    used 8581K, committed 8896K, reserved 1048576K
}
Event: 4.884 GC heap before
{Heap before GC invocations=14 (full 0):
 garbage-first heap   total reserved 2045952K, committed 58368K, used 32046K [0x0000000083200000, 0x0000000100000000)
  region size 1024K, 8 young (8192K), 3 survivors (3072K)
 Metaspace       used 60113K, committed 60736K, reserved 1114112K
  class space    used 8674K, committed 8960K, reserved 1048576K
}
Event: 4.887 GC heap after
{Heap after GC invocations=15 (full 0):
 garbage-first heap   total reserved 2045952K, committed 58368K, used 28336K [0x0000000083200000, 0x0000000100000000)
  region size 1024K, 3 young (3072K), 3 survivors (3072K)
 Metaspace       used 60113K, committed 60736K, reserved 1114112K
  class space    used 8674K, committed 8960K, reserved 1048576K
}
Event: 5.176 GC heap before
{Heap before GC invocations=16 (full 0):
 garbage-first heap   total reserved 2045952K, committed 58368K, used 48816K [0x0000000083200000, 0x0000000100000000)
  region size 1024K, 24 young (24576K), 3 survivors (3072K)
 Metaspace       used 62232K, committed 62912K, reserved 1114112K
  class space    used 9156K, committed 9472K, reserved 1048576K
}
Event: 5.179 GC heap after
{Heap after GC invocations=17 (full 0):
 garbage-first heap   total reserved 2045952K, committed 58368K, used 30591K [0x0000000083200000, 0x0000000100000000)
  region size 1024K, 3 young (3072K), 3 survivors (3072K)
 Metaspace       used 62232K, committed 62912K, reserved 1114112K
  class space    used 9156K, committed 9472K, reserved 1048576K
}
Event: 5.320 GC heap before
{Heap before GC invocations=17 (full 0):
 garbage-first heap   total reserved 2045952K, committed 58368K, used 49023K [0x0000000083200000, 0x0000000100000000)
  region size 1024K, 22 young (22528K), 3 survivors (3072K)
 Metaspace       used 63816K, committed 64576K, reserved 1114112K
  class space    used 9505K, committed 9856K, reserved 1048576K
}
Event: 5.324 GC heap after
{Heap after GC invocations=18 (full 0):
 garbage-first heap   total reserved 2045952K, committed 70656K, used 31576K [0x0000000083200000, 0x0000000100000000)
  region size 1024K, 2 young (2048K), 2 survivors (2048K)
 Metaspace       used 63816K, committed 64576K, reserved 1114112K
  class space    used 9505K, committed 9856K, reserved 1048576K
}
Event: 5.386 GC heap before
{Heap before GC invocations=18 (full 0):
 garbage-first heap   total reserved 2045952K, committed 70656K, used 63320K [0x0000000083200000, 0x0000000100000000)
  region size 1024K, 33 young (33792K), 2 survivors (2048K)
 Metaspace       used 63828K, committed 64576K, reserved 1114112K
  class space    used 9505K, committed 9856K, reserved 1048576K
}
Event: 5.388 GC heap after
{Heap after GC invocations=19 (full 0):
 garbage-first heap   total reserved 2045952K, committed 70656K, used 32093K [0x0000000083200000, 0x0000000100000000)
  region size 1024K, 3 young (3072K), 3 survivors (3072K)
 Metaspace       used 63828K, committed 64576K, reserved 1114112K
  class space    used 9505K, committed 9856K, reserved 1048576K
}
Event: 5.533 GC heap before
{Heap before GC invocations=19 (full 0):
 garbage-first heap   total reserved 2045952K, committed 70656K, used 62813K [0x0000000083200000, 0x0000000100000000)
  region size 1024K, 33 young (33792K), 3 survivors (3072K)
 Metaspace       used 65233K, committed 65920K, reserved 1114112K
  class space    used 9717K, committed 10048K, reserved 1048576K
}
Event: 5.536 GC heap after
{Heap after GC invocations=20 (full 0):
 garbage-first heap   total reserved 2045952K, committed 70656K, used 32768K [0x0000000083200000, 0x0000000100000000)
  region size 1024K, 3 young (3072K), 3 survivors (3072K)
 Metaspace       used 65233K, committed 65920K, reserved 1114112K
  class space    used 9717K, committed 10048K, reserved 1048576K
}
Event: 5.869 GC heap before
{Heap before GC invocations=21 (full 0):
 garbage-first heap   total reserved 2045952K, committed 70656K, used 63488K [0x0000000083200000, 0x0000000100000000)
  region size 1024K, 33 young (33792K), 3 survivors (3072K)
 Metaspace       used 67631K, committed 68416K, reserved 1114112K
  class space    used 10098K, committed 10432K, reserved 1048576K
}
Event: 5.873 GC heap after
{Heap after GC invocations=22 (full 0):
 garbage-first heap   total reserved 2045952K, committed 70656K, used 35163K [0x0000000083200000, 0x0000000100000000)
  region size 1024K, 4 young (4096K), 4 survivors (4096K)
 Metaspace       used 67631K, committed 68416K, reserved 1114112K
  class space    used 10098K, committed 10432K, reserved 1048576K
}
Event: 15.444 GC heap before
{Heap before GC invocations=22 (full 0):
 garbage-first heap   total reserved 2045952K, committed 70656K, used 61787K [0x0000000083200000, 0x0000000100000000)
  region size 1024K, 30 young (30720K), 4 survivors (4096K)
 Metaspace       used 70608K, committed 71360K, reserved 1114112K
  class space    used 10523K, committed 10816K, reserved 1048576K
}
Event: 15.450 GC heap after
{Heap after GC invocations=23 (full 0):
 garbage-first heap   total reserved 2045952K, committed 70656K, used 37160K [0x0000000083200000, 0x0000000100000000)
  region size 1024K, 3 young (3072K), 3 survivors (3072K)
 Metaspace       used 70608K, committed 71360K, reserved 1114112K
  class space    used 10523K, committed 10816K, reserved 1048576K
}

Dll operation events (14 events):
Event: 0.010 Loaded shared library C:\Users\Kiet\.jdks\openjdk-22.0.2\bin\java.dll
Event: 0.138 Loaded shared library C:\Users\Kiet\.jdks\openjdk-22.0.2\bin\zip.dll
Event: 0.141 Loaded shared library C:\Users\Kiet\.jdks\openjdk-22.0.2\bin\instrument.dll
Event: 0.144 Loaded shared library C:\Users\Kiet\.jdks\openjdk-22.0.2\bin\net.dll
Event: 0.146 Loaded shared library C:\Users\Kiet\.jdks\openjdk-22.0.2\bin\nio.dll
Event: 0.148 Loaded shared library C:\Users\Kiet\.jdks\openjdk-22.0.2\bin\zip.dll
Event: 0.246 Loaded shared library C:\Program Files\JetBrains\IntelliJ IDEA 2024.1.3\bin\breakgen64.dll
Event: 0.251 Loaded shared library C:\Users\Kiet\.jdks\openjdk-22.0.2\bin\jimage.dll
Event: 0.255 Loaded shared library C:\Users\Kiet\.jdks\openjdk-22.0.2\bin\extnet.dll
Event: 0.268 Loaded shared library C:\Users\Kiet\.jdks\openjdk-22.0.2\bin\management.dll
Event: 0.277 Loaded shared library C:\Users\Kiet\.jdks\openjdk-22.0.2\bin\management_ext.dll
Event: 1.747 Loaded shared library C:\Users\Kiet\.jdks\openjdk-22.0.2\bin\sunmscapi.dll
Event: 2.575 Loaded shared library C:\Users\Kiet\.jdks\openjdk-22.0.2\bin\le.dll
Event: 3.078 Loaded shared library C:\Users\Kiet\.jdks\openjdk-22.0.2\bin\verify.dll

Deoptimization events (8 events):
Event: 3.534 Thread 0x0000020e5af4c570 DEOPT PACKING pc=0x0000020e655279a9 sp=0x0000006d736fc9b0
Event: 3.534 Thread 0x0000020e5af4c570 DEOPT UNPACKING pc=0x0000020e64c488e2 sp=0x0000006d736fbe68 mode 3
Event: 3.534 Thread 0x0000020e5af4c570 DEOPT PACKING pc=0x0000020e6551d0cc sp=0x0000006d736fca40
Event: 3.534 Thread 0x0000020e5af4c570 DEOPT UNPACKING pc=0x0000020e64c488e2 sp=0x0000006d736fbf68 mode 0
Event: 4.785 Thread 0x0000020e5af4c570 DEOPT PACKING pc=0x0000020e651cf694 sp=0x0000006d736fc520
Event: 4.785 Thread 0x0000020e5af4c570 DEOPT UNPACKING pc=0x0000020e64c488e2 sp=0x0000006d736fba78 mode 0
Event: 4.929 Thread 0x0000020e5af4c570 DEOPT PACKING pc=0x0000020e651c9bb9 sp=0x0000006d736fc840
Event: 4.929 Thread 0x0000020e5af4c570 DEOPT UNPACKING pc=0x0000020e64c488e2 sp=0x0000006d736fbd48 mode 3

Classes loaded (20 events):
Event: 15.250 Loading class sun/nio/ch/SocketChannelImpl$DefaultOptionsHolder
Event: 15.250 Loading class sun/nio/ch/SocketChannelImpl$DefaultOptionsHolder done
Event: 15.251 Loading class sun/nio/ch/SelectionKeyImpl
Event: 15.251 Loading class java/nio/channels/spi/AbstractSelectionKey
Event: 15.251 Loading class java/nio/channels/SelectionKey
Event: 15.251 Loading class java/nio/channels/SelectionKey done
Event: 15.251 Loading class java/nio/channels/spi/AbstractSelectionKey done
Event: 15.251 Loading class sun/nio/ch/SelectionKeyImpl done
Event: 15.251 Loading class java/lang/invoke/ConstantBootstraps
Event: 15.252 Loading class java/lang/invoke/ConstantBootstraps done
Event: 15.380 Loading class sun/nio/cs/ThreadLocalCoders
Event: 15.380 Loading class sun/nio/cs/ThreadLocalCoders done
Event: 15.380 Loading class sun/nio/cs/ThreadLocalCoders$1
Event: 15.380 Loading class sun/nio/cs/ThreadLocalCoders$Cache
Event: 15.380 Loading class sun/nio/cs/ThreadLocalCoders$Cache done
Event: 15.380 Loading class sun/nio/cs/ThreadLocalCoders$1 done
Event: 15.380 Loading class sun/nio/cs/ThreadLocalCoders$2
Event: 15.380 Loading class sun/nio/cs/ThreadLocalCoders$2 done
Event: 15.638 Loading class java/util/function/LongSupplier
Event: 15.638 Loading class java/util/function/LongSupplier done

Classes unloaded (0 events):
No events

Classes redefined (0 events):
No events

Internal exceptions (20 events):
Event: 4.877 Thread 0x0000020e5af4c570 Exception <a 'java/lang/IncompatibleClassChangeError'{0x0000000088bd2a70}: Found class java.lang.Object, but interface was expected> (0x0000000088bd2a70) 
thrown [s\open\src\hotspot\share\interpreter\linkResolver.cpp, line 841]
Event: 4.971 Thread 0x0000020e5af4c570 Exception <a 'sun/nio/fs/WindowsException'{0x0000000088b82810}> (0x0000000088b82810) 
thrown [s\open\src\hotspot\share\prims\jni.cpp, line 520]
Event: 5.595 Thread 0x0000020e5af4c570 Exception <a 'java/lang/NoSuchMethodError'{0x0000000086dd9dc0}: 'java.lang.Object java.lang.invoke.DirectMethodHandle$Holder.newInvokeSpecial(java.lang.Object, java.lang.Object, java.lang.Object, java.lang.Object, java.lang.Object, java.lang.Object, java.lang.Object, java.lang.Object)'> (0x0000000086dd9dc0) 
thrown [s\open\src\hotspot\share\interpreter\linkResolver.cpp, line 774]
Event: 5.791 Thread 0x0000020e5af4c570 Exception <a 'java/lang/IncompatibleClassChangeError'{0x0000000085dfe808}: Found class java.lang.Object, but interface was expected> (0x0000000085dfe808) 
thrown [s\open\src\hotspot\share\interpreter\linkResolver.cpp, line 841]
Event: 5.892 Thread 0x0000020e5af4c570 Exception <a 'java/lang/NoSuchMethodError'{0x000000008afeb528}: 'java.lang.Object java.lang.invoke.DirectMethodHandle$Holder.invokeInterface(java.lang.Object, java.lang.Object, java.lang.Object, java.lang.Object)'> (0x000000008afeb528) 
thrown [s\open\src\hotspot\share\interpreter\linkResolver.cpp, line 774]
Event: 5.927 Thread 0x0000020e5af4c570 Exception <a 'java/lang/NoSuchMethodError'{0x0000000088cf5ae0}: 'void java.lang.invoke.DirectMethodHandle$Holder.invokeVirtual(java.lang.Object, java.lang.Object, long)'> (0x0000000088cf5ae0) 
thrown [s\open\src\hotspot\share\interpreter\linkResolver.cpp, line 774]
Event: 5.982 Thread 0x0000020e5af4c570 Exception <a 'java/lang/NoSuchMethodError'{0x000000008888d9d0}: 'int java.lang.invoke.DirectMethodHandle$Holder.invokeStaticInit(java.lang.Object, java.lang.Object, java.lang.Object, java.lang.Object)'> (0x000000008888d9d0) 
thrown [s\open\src\hotspot\share\interpreter\linkResolver.cpp, line 774]
Event: 6.037 Thread 0x0000020e5af4c570 Exception <a 'java/lang/IncompatibleClassChangeError'{0x0000000086c12770}: Found class java.lang.Object, but interface was expected> (0x0000000086c12770) 
thrown [s\open\src\hotspot\share\interpreter\linkResolver.cpp, line 841]
Event: 6.235 Thread 0x0000020e5af4c570 Exception <a 'java/lang/NoSuchMethodError'{0x00000000864fb330}: 'java.lang.Object java.lang.invoke.DirectMethodHandle$Holder.newInvokeSpecial(java.lang.Object, java.lang.Object, int, java.lang.Object, java.lang.Object)'> (0x00000000864fb330) 
thrown [s\open\src\hotspot\share\interpreter\linkResolver.cpp, line 774]
Event: 6.236 Thread 0x0000020e5af4c570 Exception <a 'java/lang/NoSuchMethodError'{0x0000000086306138}: 'java.lang.Object java.lang.invoke.DirectMethodHandle$Holder.invokeSpecial(java.lang.Object, java.lang.Object, int, java.lang.Object, int, java.lang.Object)'> (0x0000000086306138) 
thrown [s\open\src\hotspot\share\interpreter\linkResolver.cpp, line 774]
Event: 6.236 Thread 0x0000020e5af4c570 Exception <a 'java/lang/NoSuchMethodError'{0x000000008630d448}: 'java.lang.Object java.lang.invoke.DirectMethodHandle$Holder.newInvokeSpecial(java.lang.Object, java.lang.Object, int, java.lang.Object, int)'> (0x000000008630d448) 
thrown [s\open\src\hotspot\share\interpreter\linkResolver.cpp, line 774]
Event: 6.237 Thread 0x0000020e5af4c570 Exception <a 'java/lang/NoSuchMethodError'{0x0000000086311348}: 'java.lang.Object java.lang.invoke.DirectMethodHandle$Holder.invokeSpecial(java.lang.Object, java.lang.Object, java.lang.Object, int, java.lang.Object, int)'> (0x0000000086311348) 
thrown [s\open\src\hotspot\share\interpreter\linkResolver.cpp, line 774]
Event: 6.766 Thread 0x0000020e47d6cf40 Exception <a 'java/lang/NoSuchMethodError'{0x000000008601d8b0}: 'java.lang.Object java.lang.invoke.DirectMethodHandle$Holder.invokeInterface(java.lang.Object, java.lang.Object, java.lang.Object, java.lang.Object, java.lang.Object, java.lang.Object, java.lang.Object)'> (0x000000008601d8b0) 
thrown [s\open\src\hotspot\share\interpreter\linkResolver.cpp, line 774]
Event: 15.377 Thread 0x0000020e47d6c8b0 Exception <a 'java/lang/NoSuchMethodError'{0x0000000085e16d68}: 'java.lang.Object java.lang.invoke.DirectMethodHandle$Holder.invokeSpecial(java.lang.Object, java.lang.Object, java.lang.Object, java.lang.Object, java.lang.Object, long)'> (0x0000000085e16d68) 
thrown [s\open\src\hotspot\share\interpreter\linkResolver.cpp, line 774]
Event: 15.377 Thread 0x0000020e47d6c8b0 Exception <a 'java/lang/NoSuchMethodError'{0x0000000085e1a538}: 'java.lang.Object java.lang.invoke.Invokers$Holder.linkToTargetMethod(java.lang.Object, java.lang.Object, java.lang.Object, long, java.lang.Object)'> (0x0000000085e1a538) 
thrown [s\open\src\hotspot\share\interpreter\linkResolver.cpp, line 774]
Event: 15.495 Thread 0x0000020e47d6c8b0 Exception <a 'java/lang/NoSuchMethodError'{0x000000008aeee790}: 'java.lang.Object java.lang.invoke.DirectMethodHandle$Holder.invokeVirtual(java.lang.Object, java.lang.Object, java.lang.Object, int, int)'> (0x000000008aeee790) 
thrown [s\open\src\hotspot\share\interpreter\linkResolver.cpp, line 774]
Event: 15.495 Thread 0x0000020e47d6c8b0 Exception <a 'java/lang/NoSuchMethodError'{0x000000008aef63c0}: 'java.lang.Object java.lang.invoke.DelegatingMethodHandle$Holder.reinvoke_L(java.lang.Object, java.lang.Object, java.lang.Object, int, int)'> (0x000000008aef63c0) 
thrown [s\open\src\hotspot\share\interpreter\linkResolver.cpp, line 774]
Event: 15.618 Thread 0x0000020e47d6c8b0 Exception <a 'java/lang/NoSuchMethodError'{0x00000000887a3248}: 'void java.lang.invoke.DirectMethodHandle$Holder.invokeSpecialIFC(java.lang.Object, java.lang.Object, int, java.lang.Object, java.lang.Object, java.lang.Object, java.lang.Object)'> (0x00000000887a3248) 
thrown [s\open\src\hotspot\share\interpreter\linkResolver.cpp, line 774]
Event: 15.633 Thread 0x0000020e47d6c8b0 Exception <a 'java/lang/NoSuchMethodError'{0x0000000086e04100}: 'void java.lang.invoke.Invokers$Holder.invokeExact_MT(java.lang.Object, java.lang.Object, int, java.lang.Object)'> (0x0000000086e04100) 
thrown [s\open\src\hotspot\share\interpreter\linkResolver.cpp, line 774]
Event: 15.637 Thread 0x0000020e47d6c8b0 Exception <a 'java/lang/IncompatibleClassChangeError'{0x0000000086e11d68}: Found class java.lang.Object, but interface was expected> (0x0000000086e11d68) 
thrown [s\open\src\hotspot\share\interpreter\linkResolver.cpp, line 841]

ZGC Phase Switch (0 events):
No events

VM Operations (20 events):
Event: 6.958 Executing VM operation: Cleanup
Event: 6.958 Executing VM operation: Cleanup done
Event: 15.249 Executing VM operation: HandshakeAllThreads (Deoptimize)
Event: 15.249 Executing VM operation: HandshakeAllThreads (Deoptimize) done
Event: 15.399 Executing VM operation: HandshakeAllThreads (Deoptimize)
Event: 15.399 Executing VM operation: HandshakeAllThreads (Deoptimize) done
Event: 15.399 Executing VM operation: Cleanup
Event: 15.399 Executing VM operation: Cleanup done
Event: 15.443 Executing VM operation: G1CollectForAllocation (G1 Evacuation Pause)
Event: 15.450 Executing VM operation: G1CollectForAllocation (G1 Evacuation Pause) done
Event: 15.480 Executing VM operation: HandshakeAllThreads (Deoptimize)
Event: 15.480 Executing VM operation: HandshakeAllThreads (Deoptimize) done
Event: 15.487 Executing VM operation: HandshakeAllThreads (Deoptimize)
Event: 15.487 Executing VM operation: HandshakeAllThreads (Deoptimize) done
Event: 15.550 Executing VM operation: HandshakeAllThreads (Deoptimize)
Event: 15.550 Executing VM operation: HandshakeAllThreads (Deoptimize) done
Event: 15.652 Executing VM operation: HandshakeAllThreads (Deoptimize)
Event: 15.653 Executing VM operation: HandshakeAllThreads (Deoptimize) done
Event: 15.664 Executing VM operation: HandshakeAllThreads (Deoptimize)
Event: 15.664 Executing VM operation: HandshakeAllThreads (Deoptimize) done

Memory protections (0 events):
No events

Nmethod flushes (20 events):
Event: 4.907 Thread 0x0000020e6d6a8180 flushing  nmethod 0x0000020e65311010
Event: 4.907 Thread 0x0000020e6d6a8180 flushing  nmethod 0x0000020e65458b10
Event: 4.907 Thread 0x0000020e6d6a8180 flushing  nmethod 0x0000020e65159410
Event: 4.907 Thread 0x0000020e6d6a8180 flushing  nmethod 0x0000020e6537e310
Event: 4.907 Thread 0x0000020e6d6a8180 flushing  nmethod 0x0000020e653aab90
Event: 4.907 Thread 0x0000020e6d6a8180 flushing  nmethod 0x0000020e653acc90
Event: 4.907 Thread 0x0000020e6d6a8180 flushing  nmethod 0x0000020e653aec10
Event: 5.562 Thread 0x0000020e6d6a8180 flushing  nmethod 0x0000020e651cf010
Event: 5.562 Thread 0x0000020e6d6a8180 flushing  nmethod 0x0000020e650a0c90
Event: 5.562 Thread 0x0000020e6d6a8180 flushing  nmethod 0x0000020e6551c690
Event: 5.562 Thread 0x0000020e6d6a8180 flushing  nmethod 0x0000020e64e88790
Event: 5.562 Thread 0x0000020e6d6a8180 flushing  nmethod 0x0000020e65504590
Event: 5.562 Thread 0x0000020e6d6a8180 flushing  nmethod 0x0000020e6502a910
Event: 5.562 Thread 0x0000020e6d6a8180 flushing  nmethod 0x0000020e65527210
Event: 5.562 Thread 0x0000020e6d6a8180 flushing  nmethod 0x0000020e65712210
Event: 5.562 Thread 0x0000020e6d6a8180 flushing  nmethod 0x0000020e6541e610
Event: 5.562 Thread 0x0000020e6d6a8180 flushing  nmethod 0x0000020e655e7110
Event: 5.562 Thread 0x0000020e6d6a8180 flushing  nmethod 0x0000020e655e7e90
Event: 5.562 Thread 0x0000020e6d6a8180 flushing  nmethod 0x0000020e650b9610
Event: 5.562 Thread 0x0000020e6d6a8180 flushing  nmethod 0x0000020e654e9090

Events (20 events):
Event: 6.245 Thread 0x0000020e5af4c570 Thread added: 0x0000020e47d69ac0
Event: 6.245 Thread 0x0000020e5af4c570 Thread added: 0x0000020e47d68710
Event: 6.245 Thread 0x0000020e5af4c570 Thread added: 0x0000020e47d6a150
Event: 6.245 Thread 0x0000020e5af4c570 Thread added: 0x0000020e47d6ae70
Event: 6.245 Thread 0x0000020e5af4c570 Thread added: 0x0000020e47d6dc60
Event: 6.245 Thread 0x0000020e5af4c570 Thread added: 0x0000020e47d6e2f0
Event: 6.246 Thread 0x0000020e47d69430 Thread exited: 0x0000020e47d69430
Event: 6.258 Thread 0x0000020e5af4c570 Thread added: 0x0000020e47d68da0
Event: 6.259 Thread 0x0000020e5af4c570 Thread added: 0x0000020e47d6b500
Event: 6.274 Thread 0x0000020e5af4c570 Thread exited: 0x0000020e5af4c570
Event: 6.274 Thread 0x0000020e47d6e980 Thread added: 0x0000020e47d6e980
Event: 6.749 Thread 0x0000020e4641cc20 Thread added: 0x0000020e47d69430
Event: 6.755 Thread 0x0000020e47d69430 Thread exited: 0x0000020e47d69430
Event: 6.758 Thread 0x0000020e458fd100 Thread added: 0x0000020e47d6cf40
Event: 6.759 Thread 0x0000020e47d6cf40 Thread added: 0x0000020e47d69430
Event: 6.771 Thread 0x0000020e47d69430 Thread exited: 0x0000020e47d69430
Event: 6.773 Thread 0x0000020e47d6cf40 Thread added: 0x0000020e47d69430
Event: 6.784 Thread 0x0000020e47d69430 Thread exited: 0x0000020e47d69430
Event: 8.610 Thread 0x0000020e4718c220 Thread exited: 0x0000020e4718c220
Event: 11.797 Thread 0x0000020e469558a0 Thread exited: 0x0000020e469558a0


Dynamic libraries:
0x00007ff763a70000 - 0x00007ff763a7e000 	C:\Users\Kiet\.jdks\openjdk-22.0.2\bin\java.exe
0x00007ff83e150000 - 0x00007ff83e367000 	C:\WINDOWS\SYSTEM32\ntdll.dll
0x00007ff83c0e0000 - 0x00007ff83c1a4000 	C:\WINDOWS\System32\KERNEL32.DLL
0x00007ff83b5a0000 - 0x00007ff83b94d000 	C:\WINDOWS\System32\KERNELBASE.dll
0x00007ff83b480000 - 0x00007ff83b591000 	C:\WINDOWS\System32\ucrtbase.dll
0x00007ff82f490000 - 0x00007ff82f4ab000 	C:\Users\Kiet\.jdks\openjdk-22.0.2\bin\VCRUNTIME140.dll
0x00007ff82f470000 - 0x00007ff82f487000 	C:\Users\Kiet\.jdks\openjdk-22.0.2\bin\jli.dll
0x00007ff83d1e0000 - 0x00007ff83d38e000 	C:\WINDOWS\System32\USER32.dll
0x00007ff82a560000 - 0x00007ff82a7f3000 	C:\WINDOWS\WinSxS\amd64_microsoft.windows.common-controls_6595b64144ccf1df_6.0.22621.3672_none_2713b9d173822955\COMCTL32.dll
0x00007ff83b950000 - 0x00007ff83b976000 	C:\WINDOWS\System32\win32u.dll
0x00007ff83d3e0000 - 0x00007ff83d487000 	C:\WINDOWS\System32\msvcrt.dll
0x00007ff83c4a0000 - 0x00007ff83c4c9000 	C:\WINDOWS\System32\GDI32.dll
0x00007ff83bd70000 - 0x00007ff83be89000 	C:\WINDOWS\System32\gdi32full.dll
0x00007ff83bcd0000 - 0x00007ff83bd6a000 	C:\WINDOWS\System32\msvcp_win.dll
0x00007ff83df60000 - 0x00007ff83df91000 	C:\WINDOWS\System32\IMM32.DLL
0x00007ff82f880000 - 0x00007ff82f88c000 	C:\Users\Kiet\.jdks\openjdk-22.0.2\bin\vcruntime140_1.dll
0x00007ff8283f0000 - 0x00007ff82847e000 	C:\Users\Kiet\.jdks\openjdk-22.0.2\bin\msvcp140.dll
0x00007ffff5920000 - 0x00007ffff6669000 	C:\Users\Kiet\.jdks\openjdk-22.0.2\bin\server\jvm.dll
0x00007ff83e050000 - 0x00007ff83e102000 	C:\WINDOWS\System32\ADVAPI32.dll
0x00007ff83c3f0000 - 0x00007ff83c499000 	C:\WINDOWS\System32\sechost.dll
0x00007ff83bca0000 - 0x00007ff83bcc8000 	C:\WINDOWS\System32\bcrypt.dll
0x00007ff83d010000 - 0x00007ff83d124000 	C:\WINDOWS\System32\RPCRT4.dll
0x00007ff83d160000 - 0x00007ff83d1d1000 	C:\WINDOWS\System32\WS2_32.dll
0x00007ff83b340000 - 0x00007ff83b38d000 	C:\WINDOWS\SYSTEM32\POWRPROF.dll
0x00007ff836c00000 - 0x00007ff836c34000 	C:\WINDOWS\SYSTEM32\WINMM.dll
0x00007ff8371d0000 - 0x00007ff8371da000 	C:\WINDOWS\SYSTEM32\VERSION.dll
0x00007ff83b320000 - 0x00007ff83b333000 	C:\WINDOWS\SYSTEM32\UMPDC.dll
0x00007ff83a450000 - 0x00007ff83a468000 	C:\WINDOWS\SYSTEM32\kernel.appcore.dll
0x00007ff82f570000 - 0x00007ff82f57a000 	C:\Users\Kiet\.jdks\openjdk-22.0.2\bin\jimage.dll
0x00007ff838eb0000 - 0x00007ff8390e2000 	C:\WINDOWS\SYSTEM32\DBGHELP.DLL
0x00007ff83dbd0000 - 0x00007ff83df58000 	C:\WINDOWS\System32\combase.dll
0x00007ff83bff0000 - 0x00007ff83c0c7000 	C:\WINDOWS\System32\OLEAUT32.dll
0x00007ff8252d0000 - 0x00007ff825302000 	C:\WINDOWS\SYSTEM32\dbgcore.DLL
0x00007ff83b980000 - 0x00007ff83b9fb000 	C:\WINDOWS\System32\bcryptPrimitives.dll
0x00007ff82ba60000 - 0x00007ff82ba6f000 	C:\Users\Kiet\.jdks\openjdk-22.0.2\bin\instrument.dll
0x00007ff82ba70000 - 0x00007ff82ba8e000 	C:\Users\Kiet\.jdks\openjdk-22.0.2\bin\java.dll
0x00007ff83c7a0000 - 0x00007ff83cfff000 	C:\WINDOWS\System32\SHELL32.dll
0x00007ff83c240000 - 0x00007ff83c3e5000 	C:\WINDOWS\System32\ole32.dll
0x00007ff8393d0000 - 0x00007ff839ccc000 	C:\WINDOWS\SYSTEM32\windows.storage.dll
0x00007ff839290000 - 0x00007ff8393cf000 	C:\WINDOWS\SYSTEM32\wintypes.dll
0x00007ff83c690000 - 0x00007ff83c784000 	C:\WINDOWS\System32\SHCORE.dll
0x00007ff83be90000 - 0x00007ff83beee000 	C:\WINDOWS\System32\shlwapi.dll
0x00007ff83b3b0000 - 0x00007ff83b3d1000 	C:\WINDOWS\SYSTEM32\profapi.dll
0x00007ff82b0d0000 - 0x00007ff82b0e7000 	C:\Users\Kiet\.jdks\openjdk-22.0.2\bin\zip.dll
0x00007ff82bac0000 - 0x00007ff82bad0000 	C:\Users\Kiet\.jdks\openjdk-22.0.2\bin\net.dll
0x00007ff83a920000 - 0x00007ff83a989000 	C:\WINDOWS\system32\mswsock.dll
0x00007ff82b4a0000 - 0x00007ff82b4b6000 	C:\Users\Kiet\.jdks\openjdk-22.0.2\bin\nio.dll
0x00007ff829fb0000 - 0x00007ff829fca000 	C:\Program Files\JetBrains\IntelliJ IDEA 2024.1.3\bin\breakgen64.dll
0x00007ff82ba50000 - 0x00007ff82ba59000 	C:\Users\Kiet\.jdks\openjdk-22.0.2\bin\extnet.dll
0x00007ff839fa0000 - 0x00007ff83a098000 	C:\WINDOWS\SYSTEM32\DNSAPI.dll
0x00007ff839f30000 - 0x00007ff839f5d000 	C:\WINDOWS\SYSTEM32\IPHLPAPI.DLL
0x00007ff83d000000 - 0x00007ff83d009000 	C:\WINDOWS\System32\NSI.dll
0x00007ff82fa90000 - 0x00007ff82fa9a000 	C:\Windows\System32\rasadhlp.dll
0x00007ff836b70000 - 0x00007ff836bf3000 	C:\WINDOWS\System32\fwpuclnt.dll
0x00007ff82ba20000 - 0x00007ff82ba2a000 	C:\Users\Kiet\.jdks\openjdk-22.0.2\bin\management.dll
0x00007ff82b490000 - 0x00007ff82b49b000 	C:\Users\Kiet\.jdks\openjdk-22.0.2\bin\management_ext.dll
0x00007ff83c0d0000 - 0x00007ff83c0d8000 	C:\WINDOWS\System32\PSAPI.DLL
0x00007ff83ab80000 - 0x00007ff83ab9b000 	C:\WINDOWS\SYSTEM32\CRYPTSP.dll
0x00007ff83a410000 - 0x00007ff83a445000 	C:\WINDOWS\system32\rsaenh.dll
0x00007ff83aa20000 - 0x00007ff83aa48000 	C:\WINDOWS\SYSTEM32\USERENV.dll
0x00007ff83aba0000 - 0x00007ff83abac000 	C:\WINDOWS\SYSTEM32\CRYPTBASE.dll
0x00007ff8212c0000 - 0x00007ff8212d7000 	C:\WINDOWS\system32\napinsp.dll
0x00007ff820f80000 - 0x00007ff820f9b000 	C:\WINDOWS\system32\pnrpnsp.dll
0x00007ff820ee0000 - 0x00007ff820ef1000 	C:\WINDOWS\System32\winrnr.dll
0x00007ff821290000 - 0x00007ff8212a5000 	C:\WINDOWS\system32\wshbth.dll
0x00007ff821260000 - 0x00007ff821287000 	C:\WINDOWS\system32\nlansp_c.dll
0x00007ff82b200000 - 0x00007ff82b20e000 	C:\Users\Kiet\.jdks\openjdk-22.0.2\bin\sunmscapi.dll
0x00007ff83ba00000 - 0x00007ff83bb67000 	C:\WINDOWS\System32\CRYPT32.dll
0x00007ff83ad20000 - 0x00007ff83ad4e000 	C:\WINDOWS\SYSTEM32\ncrypt.dll
0x00007ff83ace0000 - 0x00007ff83ad17000 	C:\WINDOWS\SYSTEM32\NTASN1.dll
0x00007ff82b190000 - 0x00007ff82b19b000 	C:\Users\Kiet\.jdks\openjdk-22.0.2\bin\le.dll
0x00007ff82b120000 - 0x00007ff82b130000 	C:\Users\Kiet\.jdks\openjdk-22.0.2\bin\verify.dll
0x00007ff830570000 - 0x00007ff830578000 	C:\WINDOWS\system32\wshunix.dll

dbghelp: loaded successfully - version: 4.0.5 - missing functions: none
symbol engine: initialized successfully - sym options: 0x614 - pdb path: .;C:\Users\Kiet\.jdks\openjdk-22.0.2\bin;C:\WINDOWS\SYSTEM32;C:\WINDOWS\WinSxS\amd64_microsoft.windows.common-controls_6595b64144ccf1df_6.0.22621.3672_none_2713b9d173822955;C:\Users\Kiet\.jdks\openjdk-22.0.2\bin\server;C:\Program Files\JetBrains\IntelliJ IDEA 2024.1.3\bin

VM Arguments:
jvm_args: -XX:TieredStopAtLevel=1 -Dspring.output.ansi.enabled=always -Dcom.sun.management.jmxremote -Dspring.jmx.enabled=true -Dspring.liveBeansView.mbeanDomain -Dspring.application.admin.enabled=true -Dmanagement.endpoints.jmx.exposure.include=* -javaagent:C:\Program Files\JetBrains\IntelliJ IDEA 2024.1.3\lib\idea_rt.jar=53459:C:\Program Files\JetBrains\IntelliJ IDEA 2024.1.3\bin -Dfile.encoding=UTF-8 -Dsun.stdout.encoding=UTF-8 -Dsun.stderr.encoding=UTF-8 
java_command: net.enjoy.springboot.registrationlogin.RegistrationLoginApplication
java_class_path (initial): C:\Users\Kiet\Desktop\spring_boot_ecommerce-b077a4de88005e8f5c08184057d81a74732c988f\target\classes;C:\Users\Kiet\.m2\repository\org\springframework\boot\spring-boot-starter-data-jpa\3.2.4\spring-boot-starter-data-jpa-3.2.4.jar;C:\Users\Kiet\.m2\repository\org\springframework\boot\spring-boot-starter-aop\3.2.4\spring-boot-starter-aop-3.2.4.jar;C:\Users\Kiet\.m2\repository\org\aspectj\aspectjweaver\1.9.21\aspectjweaver-1.9.21.jar;C:\Users\Kiet\.m2\repository\org\springframework\boot\spring-boot-starter-jdbc\3.2.4\spring-boot-starter-jdbc-3.2.4.jar;C:\Users\Kiet\.m2\repository\com\zaxxer\HikariCP\5.0.1\HikariCP-5.0.1.jar;C:\Users\Kiet\.m2\repository\org\springframework\spring-jdbc\6.1.5\spring-jdbc-6.1.5.jar;C:\Users\Kiet\.m2\repository\org\hibernate\orm\hibernate-core\6.4.4.Final\hibernate-core-6.4.4.Final.jar;C:\Users\Kiet\.m2\repository\jakarta\persistence\jakarta.persistence-api\3.1.0\jakarta.persistence-api-3.1.0.jar;C:\Users\Kiet\.m2\repository\jakarta\transaction\jakarta.transaction-api\2.0.1\jakarta.transaction-api-2.0.1.jar;C:\Users\Kiet\.m2\repository\org\jboss\logging\jboss-logging\3.5.3.Final\jboss-logging-3.5.3.Final.jar;C:\Users\Kiet\.m2\repository\org\hibernate\common\hibernate-commons-annotations\6.0.6.Final\hibernate-commons-annotations-6.0.6.Final.jar;C:\Users\Kiet\.m2\repository\io\smallrye\jandex\3.1.2\jandex-3.1.2.jar;C:\Users\Kiet\.m2\repository\com\fasterxml\classmate\1.6.0\classmate-1.6.0.jar;C:\Users\Kiet\.m2\repository\net\bytebuddy\byte-buddy\1.14.12\byte-buddy-1.14.12.jar;C:\Users\Kiet\.m2\repository\org\glassfish\jaxb\jaxb-runtime\4.0.5\jaxb-runtime-4.0.5.jar;C:\Users\Kiet\.m2\repository\org\glassfish\jaxb\jaxb-core\4.0.5\jaxb-core-4.0.5.jar;C:\Users\Kiet\.m2\repository\org\eclipse\angus\angus-activation\2.0.2\angus-activation-2.0.2.jar;C:\Users\Kiet\.m2\repository\org\glassfish\jaxb\txw2\4.0.5\txw2-4.0.5.jar;C:\Users\Kiet\.m2\repository\com\sun\istack\istack-commons-runtime\4.1.2\istack-commons-runtime-4.1.2.jar;C:\Users\Kiet\.m2\repository\jakarta\inject\jakarta.inject-api\2.0.1\jakarta.inject-api-2.0.1.jar;C:\Users\Kiet\.m2\repository\org\antlr\antlr4-runtime\4.13.0\antlr4-runtime-4.13.0.jar;C:\Users\Kiet\.m2\repository\org\springframework\data\spring-data-jpa\3.2.4\spring-data-jpa-3.2.4.jar;C:\Users\Kiet\.m2\repository\org\springframework\data\spring-data-commons\3.2.4\spring-data-commons-3.2.4.jar;C:\Users\Kiet\.m2\repository\org\springframework\spring-orm\6.1.5\spring-orm-6.1.5.jar;C:\Users\Kiet\.m2\repository\org\springframework\spring-context\6.1.5\spring-context-6.1.5.jar;C:\Users\Kiet\.m2\repository\org\springframework\spring-tx\6.1.5\spring-tx-6.1.5.jar;C:\Users\Kiet\.m2\repository\org\springframework\spring-beans\6.1.5\spring-beans-6.1.5.jar;C:\Users\Kiet\.m2\repository\jakarta\annotation\jakarta.annotation-api\2.1.1\jakarta.annotation-api-2.1.1.jar;C:\Users\Kiet\.m2\repository\org\slf4j\slf4j-api\2.0.12\slf4j-api-2.0.12.jar;C:\Users\Kiet\.m2\repository\org\springframework\spring-aspects\6.1.5\spring-aspects-6.1.5.jar;C:\Users\Kiet\.m2\repository\org\springframework\boot\spring-boot-starter-thymeleaf\3.2.4\spring-boot-starter-thymeleaf-3.2.4.jar;C:\Users\Kiet\.m2\repository\org\springframework\boot\spring-boot-starter\3.2.4\spring-boot-starter-3.2.4.jar;C:\Users\Kiet\.m2\repository\org\springframework\boot\spring-boot\3.2.4\spring-boot-3.2.4.jar;C:\Users\Kiet\.m2\repository\org\springframework\boot\spring-boot-autoconfigure\3.2.4\spring-boot-autoconfigure-3.2.4.jar;C:\Users\Kiet\.m2\repository\org\springframework\boot\spring-boot-starter-logging\3.2.4\spring-boot-starter-logging-3.2.4.jar;C:\Users\Kiet\.m2\repository\ch\qos\logback\logback-classic\1.4.14\logback-classic-1.4.14.jar;C:\Users\Kiet\.m2\repository\ch\qos\logback\logback-core\1.4.14\logback-core-1.4.14.jar;C:\Users\Kiet\.m2\repository\org\apache\logging\log4j\log4j-to-slf4j\2.21.1\log4j-to-slf4j-2.21.1.jar;C:\Users\Kiet\.m2\repository\org\apache\logging\log4j\log4j-api\2.21.1\log4j-api-2.21.1.jar;C:\Users\Kiet\.m2\repository\org\slf4j\jul-to-slf4j\2.0.12\jul-to-slf4j-2.0.12.jar;C:\Users\Kiet\.m2\repository\org\yaml\snakeyaml\2.2\snakeyaml-2.2.jar;C:\Users\Kiet\.m2\repository\org\thymeleaf\thymeleaf-spring6\3.1.2.RELEASE\thymeleaf-spring6-3.1.2.RELEASE.jar;C:\Users\Kiet\.m2\repository\org\thymeleaf\thymeleaf\3.1.2.RELEASE\thymeleaf-3.1.2.RELEASE.jar;C:\Users\Kiet\.m2\repository\org\attoparser\attoparser\2.0.7.RELEASE\attoparser-2.0.7.RELEASE.jar;C:\Users\Kiet\.m2\repository\org\unbescape\unbescape\1.1.6.RELEASE\unbescape-1.1.6.RELEASE.jar;C:\Users\Kiet\.m2\repository\org\springframework\boot\spring-boot-starter-web\3.2.4\spring-boot-starter-web-3.2.4.jar;C:\Users\Kiet\.m2\repository\org\springframework\boot\spring-boot-starter-json\3.2.4\spring-boot-starter-json-3.2.4.jar;C:\Users\Kiet\.m2\repository\com\fasterxml\jackson\core\jackson-databind\2.15.4\jackson-databind-2.15.4.jar;C:\Users\Kiet\.m2\repository\com\fasterxml\jackson\core\jackson-annotations\2.15.4\jackson-annotations-2.15.4.jar;C:\Users\Kiet\.m2\repository\com\fasterxml\jackson\core\jackson-core\2.15.4\jackson-core-2.15.4.jar;C:\Users\Kiet\.m2\repository\com\fasterxml\jackson\datatype\jackson-datatype-jdk8\2.15.4\jackson-datatype-jdk8-2.15.4.jar;C:\Users\Kiet\.m2\repository\com\fasterxml\jackson\datatype\jackson-datatype-jsr310\2.15.4\jackson-datatype-jsr310-2.15.4.jar;C:\Users\Kiet\.m2\repository\com\fasterxml\jackson\module\jackson-module-parameter-names\2.15.4\jackson-module-parameter-names-2.15.4.jar;C:\Users\Kiet\.m2\repository\org\springframework\boot\spring-boot-starter-tomcat\3.2.4\spring-boot-starter-tomcat-3.2.4.jar;C:\Users\Kiet\.m2\repository\org\apache\tomcat\embed\tomcat-embed-core\10.1.19\tomcat-embed-core-10.1.19.jar;C:\Users\Kiet\.m2\repository\org\apache\tomcat\embed\tomcat-embed-websocket\10.1.19\tomcat-embed-websocket-10.1.19.jar;C:\Users\Kiet\.m2\repository\org\springframework\spring-web\6.1.5\spring-web-6.1.5.jar;C:\Users\Kiet\.m2\repository\io\micrometer\micrometer-observation\1.12.4\micrometer-observation-1.12.4.jar;C:\Users\Kiet\.m2\repository\io\micrometer\micrometer-commons\1.12.4\micrometer-commons-1.12.4.jar;C:\Users\Kiet\.m2\repository\org\springframework\spring-webmvc\6.1.5\spring-webmvc-6.1.5.jar;C:\Users\Kiet\.m2\repository\org\springframework\spring-expression\6.1.5\spring-expression-6.1.5.jar;C:\Users\Kiet\.m2\repository\org\springframework\boot\spring-boot-starter-validation\3.2.4\spring-boot-starter-validation-3.2.4.jar;C:\Users\Kiet\.m2\repository\org\apache\tomcat\embed\tomcat-embed-el\10.1.19\tomcat-embed-el-10.1.19.jar;C:\Users\Kiet\.m2\repository\org\hibernate\validator\hibernate-validator\8.0.1.Final\hibernate-validator-8.0.1.Final.jar;C:\Users\Kiet\.m2\repository\jakarta\validation\jakarta.validation-api\3.0.2\jakarta.validation-api-3.0.2.jar;C:\Users\Kiet\.m2\repository\com\mysql\mysql-connector-j\8.2.0\mysql-connector-j-8.2.0.jar;C:\Users\Kiet\.m2\repository\org\projectlombok\lombok\1.18.30\lombok-1.18.30.jar;C:\Users\Kiet\.m2\repository\jakarta\xml\bind\jakarta.xml.bind-api\4.0.2\jakarta.xml.bind-api-4.0.2.jar;C:\Users\Kiet\.m2\repository\jakarta\activation\jakarta.activation-api\2.1.3\jakarta.activation-api-2.1.3.jar;C:\Users\Kiet\.m2\repository\org\springframework\spring-core\6.1.5\spring-core-6.1.5.jar;C:\Users\Kiet\.m2\repository\org\springframework\spring-jcl\6.1.5\spring-jcl-6.1.5.jar;C:\Users\Kiet\.m2\repository\org\springframework\boot\spring-boot-starter-security\3.2.4\spring-boot-starter-security-3.2.4.jar;C:\Users\Kiet\.m2\repository\org\springframework\spring-aop\6.1.5\spring-aop-6.1.5.jar;C:\Users\Kiet\.m2\repository\org\springframework\security\spring-security-config\6.2.3\spring-security-config-6.2.3.jar;C:\Users\Kiet\.m2\repository\org\springframework\security\spring-security-core\6.2.3\spring-security-core-6.2.3.jar;C:\Users\Kiet\.m2\repository\org\springframework\security\spring-security-crypto\6.2.3\spring-security-crypto-6.2.3.jar;C:\Users\Kiet\.m2\repository\org\springframework\security\spring-security-web\6.2.3\spring-security-web-6.2.3.jar
Launcher Type: SUN_STANDARD

[Global flags]
     intx CICompilerCount                          = 4                                         {product} {ergonomic}
     uint ConcGCThreads                            = 2                                         {product} {ergonomic}
     uint G1ConcRefinementThreads                  = 8                                         {product} {ergonomic}
   size_t G1HeapRegionSize                         = 1048576                                   {product} {ergonomic}
   size_t InitialHeapSize                          = 132120576                                 {product} {ergonomic}
     bool ManagementServer                         = true                                      {product} {command line}
   size_t MarkStackSize                            = 4194304                                   {product} {ergonomic}
   size_t MaxHeapSize                              = 2095054848                                {product} {ergonomic}
   size_t MaxNewSize                               = 1256194048                                {product} {ergonomic}
   size_t MinHeapDeltaBytes                        = 1048576                                   {product} {ergonomic}
   size_t MinHeapSize                              = 8388608                                   {product} {ergonomic}
    uintx NonNMethodCodeHeapSize                   = 4096                                   {pd product} {ergonomic}
    uintx NonProfiledCodeHeapSize                  = 0                                      {pd product} {ergonomic}
     bool ProfileInterpreter                       = false                                  {pd product} {command line}
    uintx ProfiledCodeHeapSize                     = 0                                      {pd product} {ergonomic}
   size_t SoftMaxHeapSize                          = 2095054848                             {manageable} {ergonomic}
     intx TieredStopAtLevel                        = 1                                         {product} {command line}
     bool UseCompressedOops                        = true                           {product lp64_product} {ergonomic}
     bool UseG1GC                                  = true                                      {product} {ergonomic}
     bool UseLargePagesIndividualAllocation        = false                                  {pd product} {ergonomic}

Logging:
Log output configuration:
 #0: stdout all=warning uptime,level,tags foldmultilines=false
 #1: stderr all=off uptime,level,tags foldmultilines=false

Environment Variables:
PATH=C:\Program Files\Common Files\Oracle\Java\javapath;C:\Program Files (x86)\Common Files\Oracle\Java\javapath;C:\WINDOWS\system32;C:\WINDOWS;C:\WINDOWS\System32\Wbem;C:\WINDOWS\System32\WindowsPowerShell\v1.0\;C:\WINDOWS\System32\OpenSSH\;C:\Program Files\dotnet\;C:\Program Files\Common Files\Oracle\Java\javapath;C:\Program Files\Java\jdk-11\bin;C:\Program Files (x86)\Microsoft SQL Server\160\Tools\Binn\;C:\Program Files\Microsoft SQL Server\160\Tools\Binn\;C:\Program Files\Microsoft SQL Server\Client SDK\ODBC\170\Tools\Binn\;C:\Program Files\Microsoft SQL Server\160\DTS\Binn\;C:\Program Files (x86)\Microsoft SQL Server\160\DTS\Binn\;C:\Program Files\Azure Data Studio\bin;C:\Program Files\apache-maven-3.9.6\bin;C:\Program Files\Git\cmd;C:\Program Files\nodejs\;C:\Program Files\Java\jdk-21\bin;C:\Users\Kiet\AppData\Local\Microsoft\WindowsApps;C:\Users\Kiet\AppData\Local\Programs\Microsoft VS Code\bin;C:\Users\Kiet\AppData\Local\GitHubDesktop\bin;C:\Users\Kiet\.dotnet\tools;C:\Program Files\Azure Data Studio\bin;C:\Users\Kiet\AppData\Roaming\npm
USERNAME=Kiet
OS=Windows_NT
PROCESSOR_IDENTIFIER=Intel64 Family 6 Model 126 Stepping 5, GenuineIntel
TMP=C:\Users\Kiet\AppData\Local\Temp
TEMP=C:\Users\Kiet\AppData\Local\Temp




Periodic native trim disabled

---------------  S Y S T E M  ---------------

OS:
 Windows 11 , 64 bit Build 22621 (10.0.22621.3672)
OS uptime: 0 days 8:26 hours

CPU: total 8 (initial active 8) (4 cores per cpu, 2 threads per core) family 6 model 126 stepping 5 microcode 0xa6, cx8, cmov, fxsr, ht, mmx, 3dnowpref, sse, sse2, sse3, ssse3, sse4.1, sse4.2, popcnt, lzcnt, tsc, tscinvbit, avx, avx2, aes, erms, clmul, bmi1, bmi2, adx, avx512f, avx512dq, avx512cd, avx512bw, avx512vl, sha, fma, vzeroupper, avx512_vpopcntdq, avx512_vpclmulqdq, avx512_vaes, avx512_vnni, clflush, clflushopt, avx512_vbmi2, avx512_vbmi, rdtscp, rdpid, fsrm, gfni, avx512_bitalg, f16c, pku, avx512_ifma
Processor Information for all 8 processors :
  Max Mhz: 1190, Current Mhz: 991, Mhz Limit: 987

Memory: 4k page, system-wide physical 7987M (381M free)
TotalPageFile size 10035M (AvailPageFile size 5M)
current process WorkingSet (physical memory assigned to process): 238M, peak: 238M
current process commit charge ("private bytes"): 277M, peak: 277M

vm_info: OpenJDK 64-Bit Server VM (22.0.2+9-70) for windows-amd64 JRE (22.0.2+9-70), built on 2024-06-04T16:52:23Z by "mach5one" with MS VC++ 17.6 (VS2022)

END.
