#
# There is insufficient memory for the Java Runtime Environment to continue.
# Native memory allocation (malloc) failed to allocate 32744 bytes. Error detail: Chunk::new
# Possible reasons:
#   The system is out of physical RAM or swap space
#   This process is running with CompressedOops enabled, and the Java Heap may be blocking the growth of the native heap
# Possible solutions:
#   Reduce memory load on the system
#   Increase physical memory or swap space
#   Check if swap backing store is full
#   Decrease Java heap size (-Xmx/-Xms)
#   Decrease number of Java threads
#   Decrease Java thread stack sizes (-Xss)
#   Set larger code cache with -XX:ReservedCodeCacheSize=
#   JVM is running with Unscaled Compressed Oops mode in which the Java heap is
#     placed in the first 4GB address space. The Java Heap base address is the
#     maximum limit for the native heap growth. Please use -XX:HeapBaseMinAddress
#     to set the Java Heap base and to place the Java Heap above 4GB virtual address.
# This output file may be truncated or incomplete.
#
#  Out of Memory Error (arena.cpp:150), pid=16332, tid=10476
#
# JRE version: Java(TM) SE Runtime Environment (22.0.2+9) (build 22.0.2+9-70)
# Java VM: Java HotSpot(TM) 64-Bit Server VM (22.0.2+9-70, mixed mode, sharing, tiered, compressed oops, compressed class ptrs, parallel gc, windows-amd64)
# No core dump will be written. Minidumps are not enabled by default on client versions of Windows
#

---------------  S U M M A R Y ------------

Command Line: --add-modules=ALL-SYSTEM --add-opens=java.base/java.util=ALL-UNNAMED --add-opens=java.base/java.lang=ALL-UNNAMED --add-opens=java.base/sun.nio.fs=ALL-UNNAMED -Declipse.application=org.eclipse.jdt.ls.core.id1 -Dosgi.bundles.defaultStartLevel=4 -Declipse.product=org.eclipse.jdt.ls.core.product -Djava.import.generatesMetadataFilesAtProjectRoot=false -DDetectVMInstallationsJob.disabled=true -Dfile.encoding=utf8 -XX:+UseParallelGC -XX:GCTimeRatio=4 -XX:AdaptiveSizePolicyWeight=90 -Dsun.zip.disableMemoryMapping=true -Xmx1G -Xms100m -Xlog:disable -javaagent:c:\Users\Kiet\.vscode\extensions\redhat.java-1.36.0\lombok\lombok-1.18.35.jar -XX:+HeapDumpOnOutOfMemoryError -XX:HeapDumpPath=c:\Users\Kiet\AppData\Roaming\Code\User\workspaceStorage\bacffae7d29c3e7f06ec343f93caa3f1\redhat.java -Daether.dependencyCollector.impl=bf c:\Users\Kiet\.vscode\extensions\redhat.java-1.36.0\server\plugins\org.eclipse.equinox.launcher_1.6.900.v20240613-2009.jar -configuration c:\Users\Kiet\AppData\Roaming\Code\User\globalStorage\redhat.java\1.36.0\config_win -data c:\Users\Kiet\AppData\Roaming\Code\User\workspaceStorage\bacffae7d29c3e7f06ec343f93caa3f1\redhat.java\jdt_ws --pipe=\\.\pipe\lsp-36b07f32bba6b7071ddb7517318bfc39-sock

Host: Intel(R) Core(TM) i5-1035G1 CPU @ 1.00GHz, 8 cores, 7G,  Windows 11 , 64 bit Build 22621 (10.0.22621.4391)
Time: Thu Nov 21 17:09:57 2024 SE Asia Standard Time elapsed time: 76.654845 seconds (0d 0h 1m 16s)

---------------  T H R E A D  ---------------

Current thread (0x0000026b1c219650):  JavaThread "C2 CompilerThread0" daemon [_thread_in_native, id=10476, stack(0x000000db10600000,0x000000db10700000) (1024K)]


Current CompileTask:
C2:76654 14165       4       org.apache.commons.exec.LogOutputStream::write (119 bytes)

Stack: [0x000000db10600000,0x000000db10700000]
Native frames: (J=compiled Java code, j=interpreted, Vv=VM code, C=native code)
V  [jvm.dll+0x6e26e9]  (no source info available)
V  [jvm.dll+0x875753]  (no source info available)
V  [jvm.dll+0x877b7e]  (no source info available)
V  [jvm.dll+0x878253]  (no source info available)
V  [jvm.dll+0x27fc86]  (no source info available)
V  [jvm.dll+0xc3d0f]  (no source info available)
V  [jvm.dll+0xc3f6b]  (no source info available)
V  [jvm.dll+0x6bd94e]  (no source info available)
V  [jvm.dll+0x6bdadf]  (no source info available)
V  [jvm.dll+0x5fe47c]  (no source info available)
V  [jvm.dll+0x60188b]  (no source info available)
V  [jvm.dll+0x60694d]  (no source info available)
V  [jvm.dll+0x606379]  (no source info available)
V  [jvm.dll+0x606260]  (no source info available)
V  [jvm.dll+0x6063dc]  (no source info available)
V  [jvm.dll+0x606260]  (no source info available)
V  [jvm.dll+0x60c8e4]  (no source info available)
V  [jvm.dll+0x249915]  (no source info available)
V  [jvm.dll+0x246da6]  (no source info available)
V  [jvm.dll+0x1c4e80]  (no source info available)
V  [jvm.dll+0x2568f3]  (no source info available)
V  [jvm.dll+0x254baa]  (no source info available)
V  [jvm.dll+0x3f57a6]  (no source info available)
V  [jvm.dll+0x81dc0b]  (no source info available)
V  [jvm.dll+0x6e0d85]  (no source info available)
C  [ucrtbase.dll+0x29333]  (no source info available)
C  [KERNEL32.DLL+0x1259d]  (no source info available)
C  [ntdll.dll+0x5af38]  (no source info available)


---------------  P R O C E S S  ---------------

Threads class SMR info:
_java_thread_list=0x0000026b67d9cd80, length=49, elements={
0x0000026b00bb5490, 0x0000026b1c207f70, 0x0000026b1c209e90, 0x0000026b1c20afd0,
0x0000026b1c20ba00, 0x0000026b1c20ef70, 0x0000026b1c2106f0, 0x0000026b1c219650,
0x0000026b1c21ac90, 0x0000026b63109990, 0x0000026b6337d6e0, 0x0000026b63f6bd50,
0x0000026b63f9b8a0, 0x0000026b63853cb0, 0x0000026b63d02080, 0x0000026b641dd980,
0x0000026b643c83c0, 0x0000026b643c4f40, 0x0000026b643c55d0, 0x0000026b643c5c60,
0x0000026b643c7010, 0x0000026b643c7d30, 0x0000026b643c6980, 0x0000026b63c60000,
0x0000026b63c67620, 0x0000026b63c60690, 0x0000026b63c63b10, 0x0000026b63c641a0,
0x0000026b63c64830, 0x0000026b63c65be0, 0x0000026b63c62df0, 0x0000026b63c64ec0,
0x0000026b63c613b0, 0x0000026b63c60d20, 0x0000026b63c66270, 0x0000026b63c61a40,
0x0000026b63c66f90, 0x0000026b63c63480, 0x0000026b643c76a0, 0x0000026b66dade60,
0x0000026b66daa350, 0x0000026b66dab700, 0x0000026b66dae4f0, 0x0000026b66daeb80,
0x0000026b66daff30, 0x0000026b66da9cc0, 0x0000026b66dad140, 0x0000026b63c43b50,
0x0000026b63c441e0
}

Java Threads: ( => current thread )
  0x0000026b00bb5490 JavaThread "main"                              [_thread_blocked, id=18860, stack(0x000000db0fc00000,0x000000db0fd00000) (1024K)]
  0x0000026b1c207f70 JavaThread "Reference Handler"          daemon [_thread_blocked, id=18348, stack(0x000000db10000000,0x000000db10100000) (1024K)]
  0x0000026b1c209e90 JavaThread "Finalizer"                  daemon [_thread_blocked, id=6164, stack(0x000000db10100000,0x000000db10200000) (1024K)]
  0x0000026b1c20afd0 JavaThread "Signal Dispatcher"          daemon [_thread_blocked, id=17616, stack(0x000000db10200000,0x000000db10300000) (1024K)]
  0x0000026b1c20ba00 JavaThread "Attach Listener"            daemon [_thread_blocked, id=11188, stack(0x000000db10300000,0x000000db10400000) (1024K)]
  0x0000026b1c20ef70 JavaThread "Service Thread"             daemon [_thread_blocked, id=20012, stack(0x000000db10400000,0x000000db10500000) (1024K)]
  0x0000026b1c2106f0 JavaThread "Monitor Deflation Thread"   daemon [_thread_blocked, id=17472, stack(0x000000db10500000,0x000000db10600000) (1024K)]
=>0x0000026b1c219650 JavaThread "C2 CompilerThread0"         daemon [_thread_in_native, id=10476, stack(0x000000db10600000,0x000000db10700000) (1024K)]
  0x0000026b1c21ac90 JavaThread "C1 CompilerThread0"         daemon [_thread_blocked, id=20416, stack(0x000000db10700000,0x000000db10800000) (1024K)]
  0x0000026b63109990 JavaThread "Common-Cleaner"             daemon [_thread_blocked, id=3008, stack(0x000000db10800000,0x000000db10900000) (1024K)]
  0x0000026b6337d6e0 JavaThread "Notification Thread"        daemon [_thread_blocked, id=19048, stack(0x000000db10a00000,0x000000db10b00000) (1024K)]
  0x0000026b63f6bd50 JavaThread "Active Thread: Equinox Container: 786a35dc-3051-4a87-845e-561fd6881c93"        [_thread_blocked, id=7116, stack(0x000000db11200000,0x000000db11300000) (1024K)]
  0x0000026b63f9b8a0 JavaThread "Refresh Thread: Equinox Container: 786a35dc-3051-4a87-845e-561fd6881c93" daemon [_thread_blocked, id=15296, stack(0x000000db11300000,0x000000db11400000) (1024K)]
  0x0000026b63853cb0 JavaThread "Framework Event Dispatcher: Equinox Container: 786a35dc-3051-4a87-845e-561fd6881c93" daemon [_thread_blocked, id=1576, stack(0x000000db11500000,0x000000db11600000) (1024K)]
  0x0000026b63d02080 JavaThread "Start Level: Equinox Container: 786a35dc-3051-4a87-845e-561fd6881c93" daemon [_thread_blocked, id=16112, stack(0x000000db11600000,0x000000db11700000) (1024K)]
  0x0000026b641dd980 JavaThread "Bundle File Closer"         daemon [_thread_blocked, id=4656, stack(0x000000db10b00000,0x000000db10c00000) (1024K)]
  0x0000026b643c83c0 JavaThread "SCR Component Actor"        daemon [_thread_blocked, id=6888, stack(0x000000db10900000,0x000000db10a00000) (1024K)]
  0x0000026b643c4f40 JavaThread "Worker-JM"                         [_thread_blocked, id=10108, stack(0x000000db11800000,0x000000db11900000) (1024K)]
  0x0000026b643c55d0 JavaThread "JNA Cleaner"                daemon [_thread_blocked, id=3796, stack(0x000000db11a00000,0x000000db11b00000) (1024K)]
  0x0000026b643c5c60 JavaThread "Worker-0"                          [_thread_blocked, id=1944, stack(0x000000db11b00000,0x000000db11c00000) (1024K)]
  0x0000026b643c7010 JavaThread "Worker-1: Building"                [_thread_in_native, id=16116, stack(0x000000db11c00000,0x000000db11d00000) (1024K)]
  0x0000026b643c7d30 JavaThread "Worker-2"                          [_thread_blocked, id=10424, stack(0x000000db11e00000,0x000000db11f00000) (1024K)]
  0x0000026b643c6980 JavaThread "Java indexing"              daemon [_thread_blocked, id=5872, stack(0x000000db11f00000,0x000000db12000000) (1024K)]
  0x0000026b63c60000 JavaThread "Thread-2"                   daemon [_thread_in_native, id=6484, stack(0x000000db12000000,0x000000db12100000) (1024K)]
  0x0000026b63c67620 JavaThread "Thread-3"                   daemon [_thread_in_native, id=19688, stack(0x000000db12100000,0x000000db12200000) (1024K)]
  0x0000026b63c60690 JavaThread "Thread-4"                   daemon [_thread_in_native, id=11672, stack(0x000000db12200000,0x000000db12300000) (1024K)]
  0x0000026b63c63b10 JavaThread "Thread-5"                   daemon [_thread_in_native, id=7312, stack(0x000000db12300000,0x000000db12400000) (1024K)]
  0x0000026b63c641a0 JavaThread "Thread-6"                   daemon [_thread_in_native, id=7820, stack(0x000000db12400000,0x000000db12500000) (1024K)]
  0x0000026b63c64830 JavaThread "Thread-7"                   daemon [_thread_in_native, id=20444, stack(0x000000db12500000,0x000000db12600000) (1024K)]
  0x0000026b63c65be0 JavaThread "Thread-8"                   daemon [_thread_in_native, id=20744, stack(0x000000db12600000,0x000000db12700000) (1024K)]
  0x0000026b63c62df0 JavaThread "Thread-9"                   daemon [_thread_in_native, id=21380, stack(0x000000db12700000,0x000000db12800000) (1024K)]
  0x0000026b63c64ec0 JavaThread "Thread-10"                  daemon [_thread_in_native, id=16084, stack(0x000000db12800000,0x000000db12900000) (1024K)]
  0x0000026b63c613b0 JavaThread "pool-2-thread-1"                   [_thread_blocked, id=20872, stack(0x000000db12900000,0x000000db12a00000) (1024K)]
  0x0000026b63c60d20 JavaThread "Worker-3"                          [_thread_blocked, id=7868, stack(0x000000db12a00000,0x000000db12b00000) (1024K)]
  0x0000026b63c66270 JavaThread "WorkspaceEventsHandler"            [_thread_blocked, id=4556, stack(0x000000db11d00000,0x000000db11e00000) (1024K)]
  0x0000026b63c61a40 JavaThread "pool-1-thread-1"                   [_thread_blocked, id=17540, stack(0x000000db12b00000,0x000000db12c00000) (1024K)]
  0x0000026b63c66f90 JavaThread "Worker-4"                          [_thread_blocked, id=12032, stack(0x000000db11700000,0x000000db11800000) (1024K)]
  0x0000026b63c63480 JavaThread "ForkJoinPool.commonPool-worker-1" daemon [_thread_blocked, id=19196, stack(0x000000db12d00000,0x000000db12e00000) (1024K)]
  0x0000026b643c76a0 JavaThread "ForkJoinPool.commonPool-worker-2" daemon [_thread_blocked, id=18316, stack(0x000000db12e00000,0x000000db12f00000) (1024K)]
  0x0000026b66dade60 JavaThread "ForkJoinPool.commonPool-worker-3" daemon [_thread_blocked, id=1756, stack(0x000000db12f00000,0x000000db13000000) (1024K)]
  0x0000026b66daa350 JavaThread "ForkJoinPool.commonPool-worker-4" daemon [_thread_blocked, id=16412, stack(0x000000db13000000,0x000000db13100000) (1024K)]
  0x0000026b66dab700 JavaThread "ForkJoinPool.commonPool-worker-5" daemon [_thread_blocked, id=14720, stack(0x000000db13100000,0x000000db13200000) (1024K)]
  0x0000026b66dae4f0 JavaThread "ForkJoinPool.commonPool-worker-7" daemon [_thread_blocked, id=15000, stack(0x000000db13200000,0x000000db13300000) (1024K)]
  0x0000026b66daeb80 JavaThread "ForkJoinPool.commonPool-worker-6" daemon [_thread_blocked, id=10064, stack(0x000000db13300000,0x000000db13400000) (1024K)]
  0x0000026b66daff30 JavaThread "Cleaner-0"                  daemon [_thread_blocked, id=10580, stack(0x000000db13400000,0x000000db13500000) (1024K)]
  0x0000026b66da9cc0 JavaThread "Compiler Source File Reader" daemon [_thread_blocked, id=8096, stack(0x000000db13700000,0x000000db13800000) (1024K)]
  0x0000026b66dad140 JavaThread "Compiler Processing Task"   daemon [_thread_blocked, id=3904, stack(0x000000db13800000,0x000000db13900000) (1024K)]
  0x0000026b63c43b50 JavaThread "Exec Stream Pumper"         daemon [_thread_in_native, id=11968, stack(0x000000db13500000,0x000000db13600000) (1024K)]
  0x0000026b63c441e0 JavaThread "Exec Stream Pumper"         daemon [_thread_in_native, id=6092, stack(0x000000db13600000,0x000000db13700000) (1024K)]
Total: 49

Other Threads:
  0x0000026b1c202540 VMThread "VM Thread"                           [id=15572, stack(0x000000db0ff00000,0x000000db10000000) (1024K)]
  0x0000026b02d5ae30 WatcherThread "VM Periodic Task Thread"        [id=15704, stack(0x000000db0fe00000,0x000000db0ff00000) (1024K)]
  0x0000026b02d0e700 WorkerThread "GC Thread#0"                     [id=18544, stack(0x000000db0fd00000,0x000000db0fe00000) (1024K)]
  0x0000026b6372da30 WorkerThread "GC Thread#1"                     [id=20584, stack(0x000000db10c00000,0x000000db10d00000) (1024K)]
  0x0000026b6383fda0 WorkerThread "GC Thread#2"                     [id=10088, stack(0x000000db10d00000,0x000000db10e00000) (1024K)]
  0x0000026b63840150 WorkerThread "GC Thread#3"                     [id=11232, stack(0x000000db10e00000,0x000000db10f00000) (1024K)]
  0x0000026b63840500 WorkerThread "GC Thread#4"                     [id=8736, stack(0x000000db10f00000,0x000000db11000000) (1024K)]
  0x0000026b6383a8d0 WorkerThread "GC Thread#5"                     [id=6140, stack(0x000000db11000000,0x000000db11100000) (1024K)]
  0x0000026b6383ac80 WorkerThread "GC Thread#6"                     [id=3308, stack(0x000000db11100000,0x000000db11200000) (1024K)]
  0x0000026b63eea6a0 WorkerThread "GC Thread#7"                     [id=16972, stack(0x000000db11400000,0x000000db11500000) (1024K)]
Total: 10

Threads with active compile tasks:
C2 CompilerThread0  76714 14165       4       org.apache.commons.exec.LogOutputStream::write (119 bytes)
Total: 1

VM state: not at safepoint (normal execution)

VM Mutex/Monitor currently owned by a thread: None

Heap address: 0x00000000c0000000, size: 1024 MB, Compressed Oops mode: 32-bit

CDS archive(s) mapped at: [0x0000026b1d000000-0x0000026b1dc60000-0x0000026b1dc60000), size 12976128, SharedBaseAddress: 0x0000026b1d000000, ArchiveRelocationMode: 1.
Compressed class space mapped at: 0x0000026b1e000000-0x0000026b5e000000, reserved size: 1073741824
Narrow klass base: 0x0000026b1d000000, Narrow klass shift: 0, Narrow klass range: 0x41000000

GC Precious Log:
 CardTable entry size: 512
 CPUs: 8 total, 8 available
 Memory: 7987M
 Large Page Support: Disabled
 NUMA Support: Disabled
 Compressed Oops: Enabled (32-bit)
 Alignments: Space 512K, Generation 512K, Heap 2M
 Heap Min Capacity: 100M
 Heap Initial Capacity: 100M
 Heap Max Capacity: 1G
 Pre-touch: Disabled
 Parallel Workers: 8

Heap:
 PSYoungGen      total 4608K, used 2518K [0x00000000eab00000, 0x00000000eb180000, 0x0000000100000000)
  eden space 4096K, 51% used [0x00000000eab00000,0x00000000ead0eb58,0x00000000eaf00000)
  from space 512K, 81% used [0x00000000eb100000,0x00000000eb168000,0x00000000eb180000)
  to   space 512K, 0% used [0x00000000eb080000,0x00000000eb080000,0x00000000eb100000)
 ParOldGen       total 232960K, used 232579K [0x00000000c0000000, 0x00000000ce380000, 0x00000000eab00000)
  object space 232960K, 99% used [0x00000000c0000000,0x00000000ce320cd8,0x00000000ce380000)
 Metaspace       used 70893K, committed 72320K, reserved 1114112K
  class space    used 7481K, committed 8064K, reserved 1048576K

Card table byte_map: [0x0000026b02690000,0x0000026b028a0000] _byte_map_base: 0x0000026b02090000

Marking Bits: (ParMarkBitMap*) 0x00007ffc7c351a90
 Begin Bits: [0x0000026b1a040000, 0x0000026b1b040000)
 End Bits:   [0x0000026b1b040000, 0x0000026b1c040000)

Polling page: 0x0000026b00cb0000

Metaspace:

Usage:
  Non-class:     61.93 MB used.
      Class:      7.31 MB used.
       Both:     69.23 MB used.

Virtual space:
  Non-class space:       64.00 MB reserved,      62.75 MB ( 98%) committed,  1 nodes.
      Class space:        1.00 GB reserved,       7.88 MB ( <1%) committed,  1 nodes.
             Both:        1.06 GB reserved,      70.62 MB (  6%) committed. 

Chunk freelists:
   Non-Class:  1.00 MB
       Class:  8.06 MB
        Both:  9.06 MB

MaxMetaspaceSize: unlimited
CompressedClassSpaceSize: 1.00 GB
Initial GC threshold: 21.00 MB
Current GC threshold: 97.31 MB
CDS: on
 - commit_granule_bytes: 65536.
 - commit_granule_words: 8192.
 - virtual_space_node_default_size: 8388608.
 - enlarge_chunks_in_place: 1.
 - use_allocation_guard: 0.


Internal statistics:

num_allocs_failed_limit: 9.
num_arena_births: 1202.
num_arena_deaths: 20.
num_vsnodes_births: 2.
num_vsnodes_deaths: 0.
num_space_committed: 1130.
num_space_uncommitted: 0.
num_chunks_returned_to_freelist: 30.
num_chunks_taken_from_freelist: 4634.
num_chunk_merges: 15.
num_chunk_splits: 2813.
num_chunks_enlarged: 1507.
num_inconsistent_stats: 0.

CodeHeap 'non-profiled nmethods': size=120000Kb used=10993Kb max_used=10993Kb free=109006Kb
 bounds [0x0000026b12b10000, 0x0000026b135d0000, 0x0000026b1a040000]
CodeHeap 'profiled nmethods': size=120000Kb used=30032Kb max_used=30032Kb free=89967Kb
 bounds [0x0000026b0b040000, 0x0000026b0cda0000, 0x0000026b12570000]
CodeHeap 'non-nmethods': size=5760Kb used=1476Kb max_used=1553Kb free=4283Kb
 bounds [0x0000026b12570000, 0x0000026b127e0000, 0x0000026b12b10000]
 total_blobs=14037 nmethods=13254 adapters=686
 compilation: enabled
              stopped_count=0, restarted_count=0
 full_count=0

Compilation events (20 events):
Event: 56.277 Thread 0x0000026b1c21ac90 nmethod 14155 0x0000026b0cd8fb90 code [0x0000026b0cd8fd40, 0x0000026b0cd8ff80]
Event: 56.277 Thread 0x0000026b1c21ac90 14156       3       java.util.stream.Stream::of (5 bytes)
Event: 56.277 Thread 0x0000026b1c21ac90 nmethod 14156 0x0000026b0cd90090 code [0x0000026b0cd90260, 0x0000026b0cd904f0]
Event: 76.639 Thread 0x0000026b1c21ac90 14157  s    3       java.io.ByteArrayOutputStream::reset (6 bytes)
Event: 76.640 Thread 0x0000026b1c21ac90 nmethod 14157 0x0000026b0cd90690 code [0x0000026b0cd90820, 0x0000026b0cd909f0]
Event: 76.640 Thread 0x0000026b1c21ac90 14158   !   3       java.io.FileInputStream::read (30 bytes)
Event: 76.640 Thread 0x0000026b1c21ac90 nmethod 14158 0x0000026b0cd90a90 code [0x0000026b0cd90c60, 0x0000026b0cd90e88]
Event: 76.640 Thread 0x0000026b1c21ac90 14159       3       org.apache.commons.exec.LogOutputStream::write (119 bytes)
Event: 76.641 Thread 0x0000026b1c21ac90 nmethod 14159 0x0000026b0cd91010 code [0x0000026b0cd91200, 0x0000026b0cd91800]
Event: 76.643 Thread 0x0000026b1c21ac90 14160       3       org.apache.commons.exec.LogOutputStream::write (53 bytes)
Event: 76.643 Thread 0x0000026b1c21ac90 nmethod 14160 0x0000026b0cd91a90 code [0x0000026b0cd91ca0, 0x0000026b0cd925d0]
Event: 76.644 Thread 0x0000026b1c21ac90 14161       3       java.lang.String::<init> (17 bytes)
Event: 76.644 Thread 0x0000026b1c21ac90 nmethod 14161 0x0000026b0cd92910 code [0x0000026b0cd92ae0, 0x0000026b0cd92e68]
Event: 76.644 Thread 0x0000026b1c21ac90 14162       3       ch.qos.logback.classic.Logger::error (15 bytes)
Event: 76.644 Thread 0x0000026b1c21ac90 nmethod 14162 0x0000026b0cd93010 code [0x0000026b0cd931c0, 0x0000026b0cd93330]
Event: 76.645 Thread 0x0000026b1c21ac90 14163  s    3       java.io.ByteArrayOutputStream::toString (17 bytes)
Event: 76.645 Thread 0x0000026b1c21ac90 nmethod 14163 0x0000026b0cd93410 code [0x0000026b0cd935c0, 0x0000026b0cd93838]
Event: 76.645 Thread 0x0000026b1c21ac90 14164       3       com.github.eirslett.maven.plugins.frontend.lib.ProcessExecutor$LoggerOutputStream::processLine (50 bytes)
Event: 76.646 Thread 0x0000026b1c21ac90 nmethod 14164 0x0000026b0cd93910 code [0x0000026b0cd93b20, 0x0000026b0cd93f50]
Event: 76.646 Thread 0x0000026b1c219650 14165       4       org.apache.commons.exec.LogOutputStream::write (119 bytes)

GC Heap History (20 events):
Event: 52.703 GC heap before
{Heap before GC invocations=250 (full 3):
 PSYoungGen      total 4096K, used 3721K [0x00000000eab00000, 0x00000000eb380000, 0x0000000100000000)
  eden space 3072K, 100% used [0x00000000eab00000,0x00000000eae00000,0x00000000eae00000)
  from space 1024K, 63% used [0x00000000eb280000,0x00000000eb322520,0x00000000eb380000)
  to   space 1536K, 0% used [0x00000000eb080000,0x00000000eb080000,0x00000000eb200000)
 ParOldGen       total 218624K, used 218490K [0x00000000c0000000, 0x00000000cd580000, 0x00000000eab00000)
  object space 218624K, 99% used [0x00000000c0000000,0x00000000cd55ebd8,0x00000000cd580000)
 Metaspace       used 70035K, committed 71552K, reserved 1114112K
  class space    used 7407K, committed 8000K, reserved 1048576K
}
Event: 52.705 GC heap after
{Heap after GC invocations=250 (full 3):
 PSYoungGen      total 4608K, used 1513K [0x00000000eab00000, 0x00000000eb700000, 0x0000000100000000)
  eden space 3072K, 0% used [0x00000000eab00000,0x00000000eab00000,0x00000000eae00000)
  from space 1536K, 98% used [0x00000000eb080000,0x00000000eb1fa520,0x00000000eb200000)
  to   space 4608K, 0% used [0x00000000eb280000,0x00000000eb280000,0x00000000eb700000)
 ParOldGen       total 220672K, used 220636K [0x00000000c0000000, 0x00000000cd780000, 0x00000000eab00000)
  object space 220672K, 99% used [0x00000000c0000000,0x00000000cd7770f8,0x00000000cd780000)
 Metaspace       used 70035K, committed 71552K, reserved 1114112K
  class space    used 7407K, committed 8000K, reserved 1048576K
}
Event: 52.712 GC heap before
{Heap before GC invocations=251 (full 3):
 PSYoungGen      total 4608K, used 4585K [0x00000000eab00000, 0x00000000eb700000, 0x0000000100000000)
  eden space 3072K, 100% used [0x00000000eab00000,0x00000000eae00000,0x00000000eae00000)
  from space 1536K, 98% used [0x00000000eb080000,0x00000000eb1fa520,0x00000000eb200000)
  to   space 4608K, 0% used [0x00000000eb280000,0x00000000eb280000,0x00000000eb700000)
 ParOldGen       total 220672K, used 220636K [0x00000000c0000000, 0x00000000cd780000, 0x00000000eab00000)
  object space 220672K, 99% used [0x00000000c0000000,0x00000000cd7770f8,0x00000000cd780000)
 Metaspace       used 70035K, committed 71552K, reserved 1114112K
  class space    used 7407K, committed 8000K, reserved 1048576K
}
Event: 52.714 GC heap after
{Heap after GC invocations=251 (full 3):
 PSYoungGen      total 6656K, used 3168K [0x00000000eab00000, 0x00000000eb600000, 0x0000000100000000)
  eden space 3072K, 0% used [0x00000000eab00000,0x00000000eab00000,0x00000000eae00000)
  from space 3584K, 88% used [0x00000000eb280000,0x00000000eb598000,0x00000000eb600000)
  to   space 3584K, 0% used [0x00000000eaf00000,0x00000000eaf00000,0x00000000eb280000)
 ParOldGen       total 222208K, used 222197K [0x00000000c0000000, 0x00000000cd900000, 0x00000000eab00000)
  object space 222208K, 99% used [0x00000000c0000000,0x00000000cd8fd618,0x00000000cd900000)
 Metaspace       used 70035K, committed 71552K, reserved 1114112K
  class space    used 7407K, committed 8000K, reserved 1048576K
}
Event: 52.724 GC heap before
{Heap before GC invocations=252 (full 3):
 PSYoungGen      total 6656K, used 6240K [0x00000000eab00000, 0x00000000eb600000, 0x0000000100000000)
  eden space 3072K, 100% used [0x00000000eab00000,0x00000000eae00000,0x00000000eae00000)
  from space 3584K, 88% used [0x00000000eb280000,0x00000000eb598000,0x00000000eb600000)
  to   space 3584K, 0% used [0x00000000eaf00000,0x00000000eaf00000,0x00000000eb280000)
 ParOldGen       total 222208K, used 222197K [0x00000000c0000000, 0x00000000cd900000, 0x00000000eab00000)
  object space 222208K, 99% used [0x00000000c0000000,0x00000000cd8fd618,0x00000000cd900000)
 Metaspace       used 70035K, committed 71552K, reserved 1114112K
  class space    used 7407K, committed 8000K, reserved 1048576K
}
Event: 52.727 GC heap after
{Heap after GC invocations=252 (full 3):
 PSYoungGen      total 6656K, used 3088K [0x00000000eab00000, 0x00000000eb500000, 0x0000000100000000)
  eden space 3072K, 0% used [0x00000000eab00000,0x00000000eab00000,0x00000000eae00000)
  from space 3584K, 86% used [0x00000000eaf00000,0x00000000eb204000,0x00000000eb280000)
  to   space 2560K, 0% used [0x00000000eb280000,0x00000000eb280000,0x00000000eb500000)
 ParOldGen       total 225792K, used 225301K [0x00000000c0000000, 0x00000000cdc80000, 0x00000000eab00000)
  object space 225792K, 99% used [0x00000000c0000000,0x00000000cdc05618,0x00000000cdc80000)
 Metaspace       used 70035K, committed 71552K, reserved 1114112K
  class space    used 7407K, committed 8000K, reserved 1048576K
}
Event: 52.737 GC heap before
{Heap before GC invocations=253 (full 3):
 PSYoungGen      total 6656K, used 6160K [0x00000000eab00000, 0x00000000eb500000, 0x0000000100000000)
  eden space 3072K, 100% used [0x00000000eab00000,0x00000000eae00000,0x00000000eae00000)
  from space 3584K, 86% used [0x00000000eaf00000,0x00000000eb204000,0x00000000eb280000)
  to   space 2560K, 0% used [0x00000000eb280000,0x00000000eb280000,0x00000000eb500000)
 ParOldGen       total 225792K, used 225301K [0x00000000c0000000, 0x00000000cdc80000, 0x00000000eab00000)
  object space 225792K, 99% used [0x00000000c0000000,0x00000000cdc05618,0x00000000cdc80000)
 Metaspace       used 70035K, committed 71552K, reserved 1114112K
  class space    used 7407K, committed 8000K, reserved 1048576K
}
Event: 52.739 GC heap after
{Heap after GC invocations=253 (full 3):
 PSYoungGen      total 4608K, used 1204K [0x00000000eab00000, 0x00000000eb400000, 0x0000000100000000)
  eden space 3072K, 0% used [0x00000000eab00000,0x00000000eab00000,0x00000000eae00000)
  from space 1536K, 78% used [0x00000000eb280000,0x00000000eb3ad200,0x00000000eb400000)
  to   space 2048K, 0% used [0x00000000eb000000,0x00000000eb000000,0x00000000eb200000)
 ParOldGen       total 228352K, used 228173K [0x00000000c0000000, 0x00000000cdf00000, 0x00000000eab00000)
  object space 228352K, 99% used [0x00000000c0000000,0x00000000cded3618,0x00000000cdf00000)
 Metaspace       used 70035K, committed 71552K, reserved 1114112K
  class space    used 7407K, committed 8000K, reserved 1048576K
}
Event: 52.746 GC heap before
{Heap before GC invocations=254 (full 3):
 PSYoungGen      total 4608K, used 4276K [0x00000000eab00000, 0x00000000eb400000, 0x0000000100000000)
  eden space 3072K, 100% used [0x00000000eab00000,0x00000000eae00000,0x00000000eae00000)
  from space 1536K, 78% used [0x00000000eb280000,0x00000000eb3ad200,0x00000000eb400000)
  to   space 2048K, 0% used [0x00000000eb000000,0x00000000eb000000,0x00000000eb200000)
 ParOldGen       total 228352K, used 228173K [0x00000000c0000000, 0x00000000cdf00000, 0x00000000eab00000)
  object space 228352K, 99% used [0x00000000c0000000,0x00000000cded3618,0x00000000cdf00000)
 Metaspace       used 70038K, committed 71552K, reserved 1114112K
  class space    used 7407K, committed 8000K, reserved 1048576K
}
Event: 52.748 GC heap after
{Heap after GC invocations=254 (full 3):
 PSYoungGen      total 5632K, used 1408K [0x00000000eab00000, 0x00000000eb300000, 0x0000000100000000)
  eden space 4096K, 0% used [0x00000000eab00000,0x00000000eab00000,0x00000000eaf00000)
  from space 1536K, 91% used [0x00000000eb000000,0x00000000eb160000,0x00000000eb180000)
  to   space 1536K, 0% used [0x00000000eb180000,0x00000000eb180000,0x00000000eb300000)
 ParOldGen       total 229376K, used 229314K [0x00000000c0000000, 0x00000000ce000000, 0x00000000eab00000)
  object space 229376K, 99% used [0x00000000c0000000,0x00000000cdff0828,0x00000000ce000000)
 Metaspace       used 70038K, committed 71552K, reserved 1114112K
  class space    used 7407K, committed 8000K, reserved 1048576K
}
Event: 52.761 GC heap before
{Heap before GC invocations=255 (full 3):
 PSYoungGen      total 5632K, used 5504K [0x00000000eab00000, 0x00000000eb300000, 0x0000000100000000)
  eden space 4096K, 100% used [0x00000000eab00000,0x00000000eaf00000,0x00000000eaf00000)
  from space 1536K, 91% used [0x00000000eb000000,0x00000000eb160000,0x00000000eb180000)
  to   space 1536K, 0% used [0x00000000eb180000,0x00000000eb180000,0x00000000eb300000)
 ParOldGen       total 229376K, used 229314K [0x00000000c0000000, 0x00000000ce000000, 0x00000000eab00000)
  object space 229376K, 99% used [0x00000000c0000000,0x00000000cdff0828,0x00000000ce000000)
 Metaspace       used 70042K, committed 71552K, reserved 1114112K
  class space    used 7407K, committed 8000K, reserved 1048576K
}
Event: 52.764 GC heap after
{Heap after GC invocations=255 (full 3):
 PSYoungGen      total 5632K, used 1130K [0x00000000eab00000, 0x00000000eb300000, 0x0000000100000000)
  eden space 4096K, 0% used [0x00000000eab00000,0x00000000eab00000,0x00000000eaf00000)
  from space 1536K, 73% used [0x00000000eb180000,0x00000000eb29a910,0x00000000eb300000)
  to   space 1536K, 0% used [0x00000000eb000000,0x00000000eb000000,0x00000000eb180000)
 ParOldGen       total 230912K, used 230626K [0x00000000c0000000, 0x00000000ce180000, 0x00000000eab00000)
  object space 230912K, 99% used [0x00000000c0000000,0x00000000ce138828,0x00000000ce180000)
 Metaspace       used 70042K, committed 71552K, reserved 1114112K
  class space    used 7407K, committed 8000K, reserved 1048576K
}
Event: 53.996 GC heap before
{Heap before GC invocations=256 (full 3):
 PSYoungGen      total 5632K, used 5226K [0x00000000eab00000, 0x00000000eb300000, 0x0000000100000000)
  eden space 4096K, 100% used [0x00000000eab00000,0x00000000eaf00000,0x00000000eaf00000)
  from space 1536K, 73% used [0x00000000eb180000,0x00000000eb29a910,0x00000000eb300000)
  to   space 1536K, 0% used [0x00000000eb000000,0x00000000eb000000,0x00000000eb180000)
 ParOldGen       total 230912K, used 230626K [0x00000000c0000000, 0x00000000ce180000, 0x00000000eab00000)
  object space 230912K, 99% used [0x00000000c0000000,0x00000000ce138828,0x00000000ce180000)
 Metaspace       used 70056K, committed 71552K, reserved 1114112K
  class space    used 7407K, committed 8000K, reserved 1048576K
}
Event: 53.998 GC heap after
{Heap after GC invocations=256 (full 3):
 PSYoungGen      total 4608K, used 356K [0x00000000eab00000, 0x00000000eb200000, 0x0000000100000000)
  eden space 4096K, 0% used [0x00000000eab00000,0x00000000eab00000,0x00000000eaf00000)
  from space 512K, 69% used [0x00000000eb000000,0x00000000eb059230,0x00000000eb080000)
  to   space 1024K, 0% used [0x00000000eb100000,0x00000000eb100000,0x00000000eb200000)
 ParOldGen       total 231424K, used 231322K [0x00000000c0000000, 0x00000000ce200000, 0x00000000eab00000)
  object space 231424K, 99% used [0x00000000c0000000,0x00000000ce1e6828,0x00000000ce200000)
 Metaspace       used 70056K, committed 71552K, reserved 1114112K
  class space    used 7407K, committed 8000K, reserved 1048576K
}
Event: 54.018 GC heap before
{Heap before GC invocations=257 (full 3):
 PSYoungGen      total 4608K, used 4452K [0x00000000eab00000, 0x00000000eb200000, 0x0000000100000000)
  eden space 4096K, 100% used [0x00000000eab00000,0x00000000eaf00000,0x00000000eaf00000)
  from space 512K, 69% used [0x00000000eb000000,0x00000000eb059230,0x00000000eb080000)
  to   space 1024K, 0% used [0x00000000eb100000,0x00000000eb100000,0x00000000eb200000)
 ParOldGen       total 231424K, used 231322K [0x00000000c0000000, 0x00000000ce200000, 0x00000000eab00000)
  object space 231424K, 99% used [0x00000000c0000000,0x00000000ce1e6828,0x00000000ce200000)
 Metaspace       used 70060K, committed 71552K, reserved 1114112K
  class space    used 7407K, committed 8000K, reserved 1048576K
}
Event: 54.019 GC heap after
{Heap after GC invocations=257 (full 3):
 PSYoungGen      total 5120K, used 576K [0x00000000eab00000, 0x00000000eb200000, 0x0000000100000000)
  eden space 4096K, 0% used [0x00000000eab00000,0x00000000eab00000,0x00000000eaf00000)
  from space 1024K, 56% used [0x00000000eb100000,0x00000000eb190000,0x00000000eb200000)
  to   space 1024K, 0% used [0x00000000eb000000,0x00000000eb000000,0x00000000eb100000)
 ParOldGen       total 231936K, used 231628K [0x00000000c0000000, 0x00000000ce280000, 0x00000000eab00000)
  object space 231936K, 99% used [0x00000000c0000000,0x00000000ce233038,0x00000000ce280000)
 Metaspace       used 70060K, committed 71552K, reserved 1114112K
  class space    used 7407K, committed 8000K, reserved 1048576K
}
Event: 54.150 GC heap before
{Heap before GC invocations=258 (full 3):
 PSYoungGen      total 5120K, used 4672K [0x00000000eab00000, 0x00000000eb200000, 0x0000000100000000)
  eden space 4096K, 100% used [0x00000000eab00000,0x00000000eaf00000,0x00000000eaf00000)
  from space 1024K, 56% used [0x00000000eb100000,0x00000000eb190000,0x00000000eb200000)
  to   space 1024K, 0% used [0x00000000eb000000,0x00000000eb000000,0x00000000eb100000)
 ParOldGen       total 231936K, used 231628K [0x00000000c0000000, 0x00000000ce280000, 0x00000000eab00000)
  object space 231936K, 99% used [0x00000000c0000000,0x00000000ce233038,0x00000000ce280000)
 Metaspace       used 70339K, committed 71872K, reserved 1114112K
  class space    used 7421K, committed 8064K, reserved 1048576K
}
Event: 54.151 GC heap after
{Heap after GC invocations=258 (full 3):
 PSYoungGen      total 5120K, used 608K [0x00000000eab00000, 0x00000000eb180000, 0x0000000100000000)
  eden space 4096K, 0% used [0x00000000eab00000,0x00000000eab00000,0x00000000eaf00000)
  from space 1024K, 59% used [0x00000000eb000000,0x00000000eb098000,0x00000000eb100000)
  to   space 512K, 0% used [0x00000000eb100000,0x00000000eb100000,0x00000000eb180000)
 ParOldGen       total 232448K, used 232119K [0x00000000c0000000, 0x00000000ce300000, 0x00000000eab00000)
  object space 232448K, 99% used [0x00000000c0000000,0x00000000ce2adde8,0x00000000ce300000)
 Metaspace       used 70339K, committed 71872K, reserved 1114112K
  class space    used 7421K, committed 8064K, reserved 1048576K
}
Event: 55.928 GC heap before
{Heap before GC invocations=259 (full 3):
 PSYoungGen      total 5120K, used 4704K [0x00000000eab00000, 0x00000000eb180000, 0x0000000100000000)
  eden space 4096K, 100% used [0x00000000eab00000,0x00000000eaf00000,0x00000000eaf00000)
  from space 1024K, 59% used [0x00000000eb000000,0x00000000eb098000,0x00000000eb100000)
  to   space 512K, 0% used [0x00000000eb100000,0x00000000eb100000,0x00000000eb180000)
 ParOldGen       total 232448K, used 232119K [0x00000000c0000000, 0x00000000ce300000, 0x00000000eab00000)
  object space 232448K, 99% used [0x00000000c0000000,0x00000000ce2adde8,0x00000000ce300000)
 Metaspace       used 70791K, committed 72256K, reserved 1114112K
  class space    used 7464K, committed 8064K, reserved 1048576K
}
Event: 55.929 GC heap after
{Heap after GC invocations=259 (full 3):
 PSYoungGen      total 4608K, used 416K [0x00000000eab00000, 0x00000000eb180000, 0x0000000100000000)
  eden space 4096K, 0% used [0x00000000eab00000,0x00000000eab00000,0x00000000eaf00000)
  from space 512K, 81% used [0x00000000eb100000,0x00000000eb168000,0x00000000eb180000)
  to   space 512K, 0% used [0x00000000eb080000,0x00000000eb080000,0x00000000eb100000)
 ParOldGen       total 232960K, used 232579K [0x00000000c0000000, 0x00000000ce380000, 0x00000000eab00000)
  object space 232960K, 99% used [0x00000000c0000000,0x00000000ce320cd8,0x00000000ce380000)
 Metaspace       used 70791K, committed 72256K, reserved 1114112K
  class space    used 7464K, committed 8064K, reserved 1048576K
}

Dll operation events (11 events):
Event: 0.130 Loaded shared library C:\Program Files\Java\jdk-22\bin\java.dll
Event: 0.323 Loaded shared library C:\Program Files\Java\jdk-22\bin\jsvml.dll
Event: 0.423 Loaded shared library C:\Program Files\Java\jdk-22\bin\zip.dll
Event: 0.427 Loaded shared library C:\Program Files\Java\jdk-22\bin\instrument.dll
Event: 0.435 Loaded shared library C:\Program Files\Java\jdk-22\bin\net.dll
Event: 0.437 Loaded shared library C:\Program Files\Java\jdk-22\bin\nio.dll
Event: 0.442 Loaded shared library C:\Program Files\Java\jdk-22\bin\zip.dll
Event: 0.466 Loaded shared library C:\Program Files\Java\jdk-22\bin\jimage.dll
Event: 0.560 Loaded shared library C:\Program Files\Java\jdk-22\bin\verify.dll
Event: 2.089 Loaded shared library C:\Users\Kiet\AppData\Roaming\Code\User\globalStorage\redhat.java\1.36.0\config_win\org.eclipse.equinox.launcher\org.eclipse.equinox.launcher.win32.win32.x86_64_1.2.1100.v20240722-2106\eclipse_11904.dll
Event: 6.736 Loaded shared library C:\Users\Kiet\AppData\Local\Temp\jna-2338477\jna760699376080519904.dll

Deoptimization events (20 events):
Event: 52.794 Thread 0x0000026b643c6980 DEOPT PACKING pc=0x0000026b1359e1a4 sp=0x000000db11fff060
Event: 52.794 Thread 0x0000026b643c6980 DEOPT UNPACKING pc=0x0000026b125c6da2 sp=0x000000db11ffeff8 mode 2
Event: 53.989 Thread 0x0000026b66daeb80 Uncommon trap: trap_request=0xffffff45 fr.pc=0x0000026b12f206b0 relative=0x0000000000000570
Event: 53.989 Thread 0x0000026b66daeb80 Uncommon trap: reason=unstable_if action=reinterpret pc=0x0000026b12f206b0 method=java.lang.CharacterDataLatin1.digit(II)I @ 12 c2
Event: 53.989 Thread 0x0000026b66daeb80 DEOPT PACKING pc=0x0000026b12f206b0 sp=0x000000db133fec40
Event: 53.990 Thread 0x0000026b66daeb80 DEOPT UNPACKING pc=0x0000026b125c6da2 sp=0x000000db133fea08 mode 2
Event: 54.081 Thread 0x0000026b66daeb80 Uncommon trap: trap_request=0xffffff45 fr.pc=0x0000026b13522cc8 relative=0x0000000000000608
Event: 54.081 Thread 0x0000026b66daeb80 Uncommon trap: reason=unstable_if action=reinterpret pc=0x0000026b13522cc8 method=org.eclipse.jdt.internal.compiler.parser.Scanner.getNextToken0()I @ 429 c2
Event: 54.081 Thread 0x0000026b66daeb80 DEOPT PACKING pc=0x0000026b13522cc8 sp=0x000000db133fd370
Event: 54.081 Thread 0x0000026b66daeb80 DEOPT UNPACKING pc=0x0000026b125c6da2 sp=0x000000db133fd2a8 mode 2
Event: 54.159 Thread 0x0000026b66daeb80 Uncommon trap: trap_request=0xffffff6e fr.pc=0x0000026b132f4ba0 relative=0x0000000000000260
Event: 54.159 Thread 0x0000026b66daeb80 Uncommon trap: reason=loop_limit_check action=maybe_recompile pc=0x0000026b132f4ba0 method=java.util.regex.Pattern$StartS.match(Ljava/util/regex/Matcher;ILjava/lang/CharSequence;)Z @ 34 c2
Event: 54.159 Thread 0x0000026b66daeb80 DEOPT PACKING pc=0x0000026b132f4ba0 sp=0x000000db133f6a70
Event: 54.159 Thread 0x0000026b66daeb80 DEOPT UNPACKING pc=0x0000026b125c6da2 sp=0x000000db133f6a00 mode 2
Event: 54.210 Thread 0x0000026b66daeb80 DEOPT PACKING pc=0x0000026b0cbbea77 sp=0x000000db133fc5b0
Event: 54.210 Thread 0x0000026b66daeb80 DEOPT UNPACKING pc=0x0000026b125c78e2 sp=0x000000db133fba78 mode 0
Event: 56.270 Thread 0x0000026b66daeb80 Uncommon trap: trap_request=0xffffff45 fr.pc=0x0000026b132f03a4 relative=0x0000000000001a04
Event: 56.270 Thread 0x0000026b66daeb80 Uncommon trap: reason=unstable_if action=reinterpret pc=0x0000026b132f03a4 method=java.lang.String.split(CIZ)[Ljava/lang/String; @ 184 c2
Event: 56.270 Thread 0x0000026b66daeb80 DEOPT PACKING pc=0x0000026b132f03a4 sp=0x000000db133fe650
Event: 56.270 Thread 0x0000026b66daeb80 DEOPT UNPACKING pc=0x0000026b125c6da2 sp=0x000000db133fe610 mode 2

Classes loaded (20 events):
Event: 49.160 Loading class java/lang/ProcessBuilder
Event: 49.160 Loading class java/lang/ProcessBuilder done
Event: 49.161 Loading class java/lang/ProcessImpl
Event: 49.161 Loading class java/lang/ProcessImpl done
Event: 49.178 Loading class java/lang/ProcessImpl$2
Event: 49.179 Loading class java/lang/ProcessImpl$2 done
Event: 49.179 Loading class java/lang/Process$PipeInputStream
Event: 49.181 Loading class java/lang/Process$PipeInputStream done
Event: 49.184 Loading class jdk/internal/event/ProcessStartEvent
Event: 49.185 Loading class jdk/internal/event/ProcessStartEvent done
Event: 49.185 Loading class java/io/PipedOutputStream
Event: 49.185 Loading class java/io/PipedOutputStream done
Event: 49.977 Loading class java/nio/BufferMismatch
Event: 49.978 Loading class java/nio/BufferMismatch done
Event: 52.486 Loading class sun/nio/fs/WindowsFileCopy
Event: 52.486 Loading class sun/nio/fs/WindowsFileCopy done
Event: 54.208 Loading class java/util/stream/ReduceOps$2
Event: 54.209 Loading class java/util/stream/ReduceOps$2 done
Event: 54.209 Loading class java/util/stream/ReduceOps$2ReducingSink
Event: 54.209 Loading class java/util/stream/ReduceOps$2ReducingSink done

Classes unloaded (10 events):
Event: 7.776 Thread 0x0000026b1c202540 Unloading class 0x0000026b1e19cc00 'java/lang/invoke/LambdaForm$MH+0x0000026b1e19cc00'
Event: 7.776 Thread 0x0000026b1c202540 Unloading class 0x0000026b1e19c800 'java/lang/invoke/LambdaForm$MH+0x0000026b1e19c800'
Event: 7.776 Thread 0x0000026b1c202540 Unloading class 0x0000026b1e19c400 'java/lang/invoke/LambdaForm$MH+0x0000026b1e19c400'
Event: 7.776 Thread 0x0000026b1c202540 Unloading class 0x0000026b1e19c000 'java/lang/invoke/LambdaForm$MH+0x0000026b1e19c000'
Event: 7.776 Thread 0x0000026b1c202540 Unloading class 0x0000026b1e19bc00 'java/lang/invoke/LambdaForm$BMH+0x0000026b1e19bc00'
Event: 7.776 Thread 0x0000026b1c202540 Unloading class 0x0000026b1e19b800 'java/lang/invoke/LambdaForm$DMH+0x0000026b1e19b800'
Event: 7.776 Thread 0x0000026b1c202540 Unloading class 0x0000026b1e19a400 'java/lang/invoke/LambdaForm$DMH+0x0000026b1e19a400'
Event: 21.727 Thread 0x0000026b1c202540 Unloading class 0x0000026b1e609000 'java/lang/invoke/LambdaForm$MH+0x0000026b1e609000'
Event: 21.727 Thread 0x0000026b1c202540 Unloading class 0x0000026b1e608800 'java/lang/invoke/LambdaForm$MH+0x0000026b1e608800'
Event: 21.727 Thread 0x0000026b1c202540 Unloading class 0x0000026b1e608000 'java/lang/invoke/LambdaForm$MH+0x0000026b1e608000'

Classes redefined (0 events):
No events

Internal exceptions (20 events):
Event: 48.339 Thread 0x0000026b643c76a0 Exception <a 'java/lang/ArrayIndexOutOfBoundsException'{0x00000000eadc57d0}> (0x00000000eadc57d0) 
thrown [s\open\src\hotspot\share\runtime\sharedRuntime.cpp, line 628]
Event: 48.462 Thread 0x0000026b643c7010 Exception <a 'java/lang/NoSuchMethodError'{0x00000000ead99160}: 'java.lang.Object java.lang.invoke.DirectMethodHandle$Holder.newInvokeSpecial(java.lang.Object, java.lang.Object, int, java.lang.Object, java.lang.Object)'> (0x00000000ead99160) 
thrown [s\open\src\hotspot\share\interpreter\linkResolver.cpp, line 774]
Event: 48.463 Thread 0x0000026b643c7010 Exception <a 'java/lang/NoSuchMethodError'{0x00000000ead9cc18}: 'java.lang.Object java.lang.invoke.Invokers$Holder.linkToTargetMethod(java.lang.Object, int, java.lang.Object, java.lang.Object, java.lang.Object)'> (0x00000000ead9cc18) 
thrown [s\open\src\hotspot\share\interpreter\linkResolver.cpp, line 774]
Event: 48.466 Thread 0x0000026b643c7010 Exception <a 'java/lang/NoSuchMethodError'{0x00000000eadd6468}: 'java.lang.Object java.lang.invoke.DirectMethodHandle$Holder.invokeSpecial(java.lang.Object, java.lang.Object, java.lang.Object, int, java.lang.Object, java.lang.Object, java.lang.Object)'> (0x00000000eadd6468) 
thrown [s\open\src\hotspot\share\interpreter\linkResolver.cpp, line 774]
Event: 48.469 Thread 0x0000026b643c7010 Exception <a 'java/lang/NoSuchMethodError'{0x00000000eadde568}: 'java.lang.Object java.lang.invoke.DirectMethodHandle$Holder.invokeStatic(java.lang.Object, java.lang.Object, int, java.lang.Object, java.lang.Object)'> (0x00000000eadde568) 
thrown [s\open\src\hotspot\share\interpreter\linkResolver.cpp, line 774]
Event: 48.521 Thread 0x0000026b643c7010 Exception <a 'java/lang/NoSuchMethodError'{0x00000000eaf37058}: 'void java.lang.invoke.DirectMethodHandle$Holder.invokeStatic(java.lang.Object, int)'> (0x00000000eaf37058) 
thrown [s\open\src\hotspot\share\interpreter\linkResolver.cpp, line 774]
Event: 48.705 Thread 0x0000026b643c7010 Exception <a 'java/io/FileNotFoundException'{0x00000000eae70a68}> (0x00000000eae70a68) 
thrown [s\open\src\hotspot\share\prims\jni.cpp, line 520]
Event: 48.705 Thread 0x0000026b643c7010 Exception <a 'java/io/FileNotFoundException'{0x00000000eae71cf8}> (0x00000000eae71cf8) 
thrown [s\open\src\hotspot\share\prims\jni.cpp, line 520]
Event: 48.705 Thread 0x0000026b643c7010 Exception <a 'java/io/FileNotFoundException'{0x00000000eae72ce0}> (0x00000000eae72ce0) 
thrown [s\open\src\hotspot\share\prims\jni.cpp, line 520]
Event: 48.741 Thread 0x0000026b643c7010 Implicit null exception at 0x0000026b131ca295 to 0x0000026b131cbaf4
Event: 48.957 Thread 0x0000026b643c7010 Implicit null exception at 0x0000026b12ea64af to 0x0000026b12ea7410
Event: 49.177 Thread 0x0000026b643c7010 Exception <a 'java/lang/NoSuchMethodError'{0x00000000eafb7030}: 'void java.lang.invoke.DirectMethodHandle$Holder.invokeStatic(java.lang.Object, long)'> (0x00000000eafb7030) 
thrown [s\open\src\hotspot\share\interpreter\linkResolver.cpp, line 774]
Event: 50.767 Thread 0x0000026b66daeb80 Exception <a 'java/lang/NoSuchMethodError'{0x00000000eb1e7858}: 'void java.lang.invoke.DirectMethodHandle$Holder.invokeStatic(java.lang.Object, int, java.lang.Object)'> (0x00000000eb1e7858) 
thrown [s\open\src\hotspot\share\interpreter\linkResolver.cpp, line 774]
Event: 50.784 Thread 0x0000026b66daeb80 Implicit null exception at 0x0000026b13313c3a to 0x0000026b13313c9a
Event: 50.916 Thread 0x0000026b63c61a40 Exception <a 'java/lang/IncompatibleClassChangeError'{0x00000000eac5b630}: Found class java.lang.Object, but interface was expected> (0x00000000eac5b630) 
thrown [s\open\src\hotspot\share\interpreter\linkResolver.cpp, line 841]
Event: 50.917 Thread 0x0000026b63c61a40 Exception <a 'java/lang/IncompatibleClassChangeError'{0x00000000eac5d528}: Found class java.lang.Object, but interface was expected> (0x00000000eac5d528) 
thrown [s\open\src\hotspot\share\interpreter\linkResolver.cpp, line 841]
Event: 52.487 Thread 0x0000026b643c6980 Exception <a 'sun/nio/fs/WindowsException'{0x00000000eaece7b8}> (0x00000000eaece7b8) 
thrown [s\open\src\hotspot\share\prims\jni.cpp, line 520]
Event: 52.790 Thread 0x0000026b643c6980 Exception <a 'sun/nio/fs/WindowsException'{0x00000000ead0f020}> (0x00000000ead0f020) 
thrown [s\open\src\hotspot\share\prims\jni.cpp, line 520]
Event: 52.793 Thread 0x0000026b643c6980 Implicit null exception at 0x0000026b132372e2 to 0x0000026b1323772c
Event: 52.794 Thread 0x0000026b643c6980 Implicit null exception at 0x0000026b13397027 to 0x0000026b13397474

ZGC Phase Switch (0 events):
No events

VM Operations (20 events):
Event: 53.768 Executing VM operation: Cleanup
Event: 53.768 Executing VM operation: Cleanup done
Event: 53.996 Executing VM operation: ParallelGCFailedAllocation (Allocation Failure)
Event: 53.998 Executing VM operation: ParallelGCFailedAllocation (Allocation Failure) done
Event: 54.018 Executing VM operation: ParallelGCFailedAllocation (Allocation Failure)
Event: 54.019 Executing VM operation: ParallelGCFailedAllocation (Allocation Failure) done
Event: 54.150 Executing VM operation: ParallelGCFailedAllocation (Allocation Failure)
Event: 54.151 Executing VM operation: ParallelGCFailedAllocation (Allocation Failure) done
Event: 54.165 Executing VM operation: HandshakeAllThreads (Deoptimize)
Event: 54.165 Executing VM operation: HandshakeAllThreads (Deoptimize) done
Event: 55.168 Executing VM operation: Cleanup
Event: 55.168 Executing VM operation: Cleanup done
Event: 55.928 Executing VM operation: ParallelGCFailedAllocation (Allocation Failure)
Event: 55.929 Executing VM operation: ParallelGCFailedAllocation (Allocation Failure) done
Event: 56.932 Executing VM operation: Cleanup
Event: 56.932 Executing VM operation: Cleanup done
Event: 60.175 Executing VM operation: HandshakeAllThreads (HandshakeForDeflation)
Event: 60.175 Executing VM operation: HandshakeAllThreads (HandshakeForDeflation) done
Event: 60.175 Executing VM operation: RendezvousGCThreads
Event: 60.175 Executing VM operation: RendezvousGCThreads done

Memory protections (0 events):
No events

Nmethod flushes (20 events):
Event: 21.755 Thread 0x0000026b1c202540 flushing  nmethod 0x0000026b0b9ab010
Event: 21.755 Thread 0x0000026b1c202540 flushing  nmethod 0x0000026b0b9ab490
Event: 21.755 Thread 0x0000026b1c202540 flushing  nmethod 0x0000026b0b9abe10
Event: 21.755 Thread 0x0000026b1c202540 flushing  nmethod 0x0000026b0b9ac210
Event: 21.755 Thread 0x0000026b1c202540 flushing  nmethod 0x0000026b0b9ac690
Event: 21.755 Thread 0x0000026b1c202540 flushing  nmethod 0x0000026b0b9b2c10
Event: 21.755 Thread 0x0000026b1c202540 flushing  nmethod 0x0000026b0b9b4090
Event: 21.755 Thread 0x0000026b1c202540 flushing  nmethod 0x0000026b0b9bb890
Event: 21.755 Thread 0x0000026b1c202540 flushing  nmethod 0x0000026b0b9bbc90
Event: 21.755 Thread 0x0000026b1c202540 flushing  nmethod 0x0000026b0b9bc110
Event: 21.755 Thread 0x0000026b1c202540 flushing  nmethod 0x0000026b0b9bc710
Event: 21.755 Thread 0x0000026b1c202540 flushing  nmethod 0x0000026b0b9be010
Event: 21.755 Thread 0x0000026b1c202540 flushing  nmethod 0x0000026b0b9be610
Event: 21.755 Thread 0x0000026b1c202540 flushing  nmethod 0x0000026b0b9c3d90
Event: 21.755 Thread 0x0000026b1c202540 flushing  nmethod 0x0000026b0b9d9f90
Event: 21.755 Thread 0x0000026b1c202540 flushing  nmethod 0x0000026b0ba2a510
Event: 21.755 Thread 0x0000026b1c202540 flushing  nmethod 0x0000026b0ba40390
Event: 21.755 Thread 0x0000026b1c202540 flushing  nmethod 0x0000026b0ba40e10
Event: 21.755 Thread 0x0000026b1c202540 flushing  nmethod 0x0000026b0ba42a10
Event: 21.755 Thread 0x0000026b1c202540 flushing  nmethod 0x0000026b0ba7fb10

Events (20 events):
Event: 49.855 Thread 0x0000026b66dad7d0 Thread exited: 0x0000026b66dad7d0
Event: 49.855 Thread 0x0000026b696f5cd0 Thread exited: 0x0000026b696f5cd0
Event: 49.855 Thread 0x0000026b696f00f0 Thread exited: 0x0000026b696f00f0
Event: 50.141 Thread 0x0000026b681c7770 Thread exited: 0x0000026b681c7770
Event: 50.159 Thread 0x0000026b643c7010 Thread added: 0x0000026b63c43b50
Event: 50.159 Thread 0x0000026b643c7010 Thread added: 0x0000026b63c441e0
Event: 50.739 Thread 0x0000026b1c21ac90 Thread added: 0x0000026b681c7e40
Event: 50.739 Thread 0x0000026b1c21ac90 Thread added: 0x0000026b67ba6af0
Event: 51.262 Thread 0x0000026b67ba6af0 Thread exited: 0x0000026b67ba6af0
Event: 51.262 Thread 0x0000026b681c7e40 Thread exited: 0x0000026b681c7e40
Event: 51.962 Thread 0x0000026b1c21ac90 Thread added: 0x0000026b681c7e40
Event: 51.966 Thread 0x0000026b1c21ac90 Thread added: 0x0000026b67ba6420
Event: 52.420 Thread 0x0000026b67ba6420 Thread exited: 0x0000026b67ba6420
Event: 52.420 Thread 0x0000026b681c7e40 Thread exited: 0x0000026b681c7e40
Event: 52.618 Thread 0x0000026b1c219650 Thread added: 0x0000026b681c7e40
Event: 53.983 Thread 0x0000026b681c7e40 Thread exited: 0x0000026b681c7e40
Event: 54.011 Thread 0x0000026b1c21ac90 Thread added: 0x0000026b681c7e40
Event: 54.192 Thread 0x0000026b1c219650 Thread added: 0x0000026b65881750
Event: 55.891 Thread 0x0000026b65881750 Thread exited: 0x0000026b65881750
Event: 55.891 Thread 0x0000026b681c7e40 Thread exited: 0x0000026b681c7e40


Dynamic libraries:
0x00007ff673690000 - 0x00007ff6736a0000 	C:\Program Files\Java\jdk-22\bin\java.exe
0x00007ffcd6d50000 - 0x00007ffcd6f67000 	C:\WINDOWS\SYSTEM32\ntdll.dll
0x00007ffcd5bb0000 - 0x00007ffcd5c74000 	C:\WINDOWS\System32\KERNEL32.DLL
0x00007ffcd4370000 - 0x00007ffcd4729000 	C:\WINDOWS\System32\KERNELBASE.dll
0x00007ffcd4170000 - 0x00007ffcd4281000 	C:\WINDOWS\System32\ucrtbase.dll
0x00007ffcc5530000 - 0x00007ffcc5547000 	C:\Program Files\Java\jdk-22\bin\jli.dll
0x00007ffcd52d0000 - 0x00007ffcd547e000 	C:\WINDOWS\System32\USER32.dll
0x00007ffcd4340000 - 0x00007ffcd4366000 	C:\WINDOWS\System32\win32u.dll
0x00007ffcd5480000 - 0x00007ffcd54a9000 	C:\WINDOWS\System32\GDI32.dll
0x00007ffcd4050000 - 0x00007ffcd416b000 	C:\WINDOWS\System32\gdi32full.dll
0x00007ffcd4730000 - 0x00007ffcd47ca000 	C:\WINDOWS\System32\msvcp_win.dll
0x00007ffcc5280000 - 0x00007ffcc529b000 	C:\Program Files\Java\jdk-22\bin\VCRUNTIME140.dll
0x00007ffcba2d0000 - 0x00007ffcba562000 	C:\WINDOWS\WinSxS\amd64_microsoft.windows.common-controls_6595b64144ccf1df_6.0.22621.4391_none_2715d37f73803e96\COMCTL32.dll
0x00007ffcd67d0000 - 0x00007ffcd6877000 	C:\WINDOWS\System32\msvcrt.dll
0x00007ffcd5030000 - 0x00007ffcd5061000 	C:\WINDOWS\System32\IMM32.DLL
0x00007ffcd0770000 - 0x00007ffcd077c000 	C:\Program Files\Java\jdk-22\bin\vcruntime140_1.dll
0x00007ffcb42d0000 - 0x00007ffcb435e000 	C:\Program Files\Java\jdk-22\bin\msvcp140.dll
0x00007ffc7b6e0000 - 0x00007ffc7c429000 	C:\Program Files\Java\jdk-22\bin\server\jvm.dll
0x00007ffcd54b0000 - 0x00007ffcd5562000 	C:\WINDOWS\System32\ADVAPI32.dll
0x00007ffcd5c80000 - 0x00007ffcd5d27000 	C:\WINDOWS\System32\sechost.dll
0x00007ffcd4310000 - 0x00007ffcd4338000 	C:\WINDOWS\System32\bcrypt.dll
0x00007ffcd5a90000 - 0x00007ffcd5ba4000 	C:\WINDOWS\System32\RPCRT4.dll
0x00007ffcd5a10000 - 0x00007ffcd5a81000 	C:\WINDOWS\System32\WS2_32.dll
0x00007ffcd3f20000 - 0x00007ffcd3f6d000 	C:\WINDOWS\SYSTEM32\POWRPROF.dll
0x00007ffcd0550000 - 0x00007ffcd0584000 	C:\WINDOWS\SYSTEM32\WINMM.dll
0x00007ffcd0540000 - 0x00007ffcd054a000 	C:\WINDOWS\SYSTEM32\VERSION.dll
0x00007ffcd3f00000 - 0x00007ffcd3f13000 	C:\WINDOWS\SYSTEM32\UMPDC.dll
0x00007ffcd3090000 - 0x00007ffcd30a8000 	C:\WINDOWS\SYSTEM32\kernel.appcore.dll
0x00007ffcd0610000 - 0x00007ffcd061a000 	C:\Program Files\Java\jdk-22\bin\jimage.dll
0x00007ffcd1a70000 - 0x00007ffcd1ca2000 	C:\WINDOWS\SYSTEM32\DBGHELP.DLL
0x00007ffcd4a70000 - 0x00007ffcd4dff000 	C:\WINDOWS\System32\combase.dll
0x00007ffcd50d0000 - 0x00007ffcd51a7000 	C:\WINDOWS\System32\OLEAUT32.dll
0x00007ffcd08f0000 - 0x00007ffcd0922000 	C:\WINDOWS\SYSTEM32\dbgcore.DLL
0x00007ffcd4290000 - 0x00007ffcd430b000 	C:\WINDOWS\System32\bcryptPrimitives.dll
0x00007ffcd05a0000 - 0x00007ffcd05af000 	C:\Program Files\Java\jdk-22\bin\instrument.dll
0x00007ffcc5260000 - 0x00007ffcc527e000 	C:\Program Files\Java\jdk-22\bin\java.dll
0x00007ffcd5f50000 - 0x00007ffcd67c6000 	C:\WINDOWS\System32\SHELL32.dll
0x00007ffcd4e80000 - 0x00007ffcd5025000 	C:\WINDOWS\System32\ole32.dll
0x00007ffcd1f90000 - 0x00007ffcd2893000 	C:\WINDOWS\SYSTEM32\windows.storage.dll
0x00007ffcd1e50000 - 0x00007ffcd1f8f000 	C:\WINDOWS\SYSTEM32\wintypes.dll
0x00007ffcd51d0000 - 0x00007ffcd52c9000 	C:\WINDOWS\System32\SHCORE.dll
0x00007ffcd5e60000 - 0x00007ffcd5ebe000 	C:\WINDOWS\System32\shlwapi.dll
0x00007ffcd3f80000 - 0x00007ffcd3fab000 	C:\WINDOWS\SYSTEM32\profapi.dll
0x00007ffcae2f0000 - 0x00007ffcae3c7000 	C:\Program Files\Java\jdk-22\bin\jsvml.dll
0x00007ffcc5240000 - 0x00007ffcc5257000 	C:\Program Files\Java\jdk-22\bin\zip.dll
0x00007ffccc0e0000 - 0x00007ffccc0f0000 	C:\Program Files\Java\jdk-22\bin\net.dll
0x00007ffcd3510000 - 0x00007ffcd3579000 	C:\WINDOWS\system32\mswsock.dll
0x00007ffcc5170000 - 0x00007ffcc5186000 	C:\Program Files\Java\jdk-22\bin\nio.dll
0x00007ffcc5230000 - 0x00007ffcc5240000 	C:\Program Files\Java\jdk-22\bin\verify.dll
0x00007ffcae2a0000 - 0x00007ffcae2e5000 	C:\Users\Kiet\AppData\Roaming\Code\User\globalStorage\redhat.java\1.36.0\config_win\org.eclipse.equinox.launcher\org.eclipse.equinox.launcher.win32.win32.x86_64_1.2.1100.v20240722-2106\eclipse_11904.dll
0x00007ffcd3760000 - 0x00007ffcd377b000 	C:\WINDOWS\SYSTEM32\CRYPTSP.dll
0x00007ffcd2ff0000 - 0x00007ffcd3025000 	C:\WINDOWS\system32\rsaenh.dll
0x00007ffcd3600000 - 0x00007ffcd3628000 	C:\WINDOWS\SYSTEM32\USERENV.dll
0x00007ffcd3780000 - 0x00007ffcd378c000 	C:\WINDOWS\SYSTEM32\CRYPTBASE.dll
0x00007ffcd2b40000 - 0x00007ffcd2b6d000 	C:\WINDOWS\SYSTEM32\IPHLPAPI.DLL
0x00007ffcd5da0000 - 0x00007ffcd5da9000 	C:\WINDOWS\System32\NSI.dll
0x00007ffcade90000 - 0x00007ffcaded9000 	C:\Users\Kiet\AppData\Local\Temp\jna-2338477\jna760699376080519904.dll
0x00007ffcd5a00000 - 0x00007ffcd5a08000 	C:\WINDOWS\System32\PSAPI.DLL
0x00007ffccf6c0000 - 0x00007ffccf7f6000 	C:\WINDOWS\SYSTEM32\winhttp.dll
0x00007ffcd04e0000 - 0x00007ffcd04f9000 	C:\WINDOWS\SYSTEM32\dhcpcsvc6.DLL
0x00007ffcd04c0000 - 0x00007ffcd04df000 	C:\WINDOWS\SYSTEM32\dhcpcsvc.DLL

dbghelp: loaded successfully - version: 4.0.5 - missing functions: none
symbol engine: initialized successfully - sym options: 0x614 - pdb path: .;C:\Program Files\Java\jdk-22\bin;C:\WINDOWS\SYSTEM32;C:\WINDOWS\WinSxS\amd64_microsoft.windows.common-controls_6595b64144ccf1df_6.0.22621.4391_none_2715d37f73803e96;C:\Program Files\Java\jdk-22\bin\server;C:\Users\Kiet\AppData\Roaming\Code\User\globalStorage\redhat.java\1.36.0\config_win\org.eclipse.equinox.launcher\org.eclipse.equinox.launcher.win32.win32.x86_64_1.2.1100.v20240722-2106;C:\Users\Kiet\AppData\Local\Temp\jna-2338477

VM Arguments:
jvm_args: --add-modules=ALL-SYSTEM --add-opens=java.base/java.util=ALL-UNNAMED --add-opens=java.base/java.lang=ALL-UNNAMED --add-opens=java.base/sun.nio.fs=ALL-UNNAMED -Declipse.application=org.eclipse.jdt.ls.core.id1 -Dosgi.bundles.defaultStartLevel=4 -Declipse.product=org.eclipse.jdt.ls.core.product -Djava.import.generatesMetadataFilesAtProjectRoot=false -DDetectVMInstallationsJob.disabled=true -Dfile.encoding=utf8 -XX:+UseParallelGC -XX:GCTimeRatio=4 -XX:AdaptiveSizePolicyWeight=90 -Dsun.zip.disableMemoryMapping=true -Xmx1G -Xms100m -Xlog:disable -javaagent:c:\Users\Kiet\.vscode\extensions\redhat.java-1.36.0\lombok\lombok-1.18.35.jar -XX:+HeapDumpOnOutOfMemoryError -XX:HeapDumpPath=c:\Users\Kiet\AppData\Roaming\Code\User\workspaceStorage\bacffae7d29c3e7f06ec343f93caa3f1\redhat.java -Daether.dependencyCollector.impl=bf 
java_command: c:\Users\Kiet\.vscode\extensions\redhat.java-1.36.0\server\plugins\org.eclipse.equinox.launcher_1.6.900.v20240613-2009.jar -configuration c:\Users\Kiet\AppData\Roaming\Code\User\globalStorage\redhat.java\1.36.0\config_win -data c:\Users\Kiet\AppData\Roaming\Code\User\workspaceStorage\bacffae7d29c3e7f06ec343f93caa3f1\redhat.java\jdt_ws --pipe=\\.\pipe\lsp-36b07f32bba6b7071ddb7517318bfc39-sock
java_class_path (initial): c:\Users\Kiet\.vscode\extensions\redhat.java-1.36.0\server\plugins\org.eclipse.equinox.launcher_1.6.900.v20240613-2009.jar
Launcher Type: SUN_STANDARD

[Global flags]
     uint AdaptiveSizePolicyWeight                 = 90                                        {product} {command line}
     intx CICompilerCount                          = 4                                         {product} {ergonomic}
     uint GCTimeRatio                              = 4                                         {product} {command line}
     bool HeapDumpOnOutOfMemoryError               = true                                   {manageable} {command line}
    ccstr HeapDumpPath                             = c:\Users\Kiet\AppData\Roaming\Code\User\workspaceStorage\bacffae7d29c3e7f06ec343f93caa3f1\redhat.java         {manageable} {command line}
   size_t InitialHeapSize                          = 104857600                                 {product} {command line}
   size_t MaxHeapSize                              = 1073741824                                {product} {command line}
   size_t MaxNewSize                               = 357564416                                 {product} {ergonomic}
   size_t MinHeapDeltaBytes                        = 524288                                    {product} {ergonomic}
   size_t MinHeapSize                              = 104857600                                 {product} {command line}
   size_t NewSize                                  = 34603008                                  {product} {ergonomic}
    uintx NonNMethodCodeHeapSize                   = 5839372                                {pd product} {ergonomic}
    uintx NonProfiledCodeHeapSize                  = 122909434                              {pd product} {ergonomic}
   size_t OldSize                                  = 70254592                                  {product} {ergonomic}
    uintx ProfiledCodeHeapSize                     = 122909434                              {pd product} {ergonomic}
    uintx ReservedCodeCacheSize                    = 251658240                              {pd product} {ergonomic}
     bool SegmentedCodeCache                       = true                                      {product} {ergonomic}
   size_t SoftMaxHeapSize                          = 1073741824                             {manageable} {ergonomic}
     bool UseCompressedOops                        = true                           {product lp64_product} {ergonomic}
     bool UseLargePagesIndividualAllocation        = false                                  {pd product} {ergonomic}
     bool UseParallelGC                            = true                                      {product} {command line}

Logging:
Log output configuration:
 #0: stdout all=off uptime,level,tags foldmultilines=false
 #1: stderr all=off uptime,level,tags foldmultilines=false

Environment Variables:
JAVA_HOME=C:\Program Files\Java\jdk-22
PATH=C:\Program Files (x86)\Common Files\Oracle\Java\java8path;C:\Program Files (x86)\Common Files\Oracle\Java\javapath;C:\WINDOWS\system32;C:\WINDOWS;C:\WINDOWS\System32\Wbem;C:\WINDOWS\System32\WindowsPowerShell\v1.0\;C:\WINDOWS\System32\OpenSSH\;C:\Program Files\dotnet\;C:\Program Files\Java\jdk-11\bin;C:\Program Files (x86)\Microsoft SQL Server\160\Tools\Binn\;C:\Program Files\Microsoft SQL Server\160\Tools\Binn\;C:\Program Files\Microsoft SQL Server\Client SDK\ODBC\170\Tools\Binn\;C:\Program Files\Microsoft SQL Server\160\DTS\Binn\;C:\Program Files (x86)\Microsoft SQL Server\160\DTS\Binn\;C:\Program Files\Azure Data Studio\bin;C:\Program Files\apache-maven-3.9.6\bin;C:\Program Files\Git\cmd;C:\Program Files\Java\jdk-22\bin;C:\Users\Kiet\AppData\Local\Programs\Python\Python38;C:\Users\Kiet\AppData\Local\Programs\Python\Python38\Scripts;C:\Program Files\CMake\bin;C:\Program Files\PostgreSQL\17\bin;C:\Users\Kiet\anaconda3\Scripts;C:\Program Files\nodejs\;C:\Users\Kiet\AppData\Local\Microsoft\WindowsApps;C:\Users\Kiet\AppData\Local\Programs\Microsoft VS Code\bin;C:\Users\Kiet\.dotnet\tools;C:\Program Files\Azure Data Studio\bin;C:\Users\Kiet\AppData\Roaming\npm
USERNAME=Kiet
OS=Windows_NT
PROCESSOR_IDENTIFIER=Intel64 Family 6 Model 126 Stepping 5, GenuineIntel
TMP=C:\Users\Kiet\AppData\Local\Temp
TEMP=C:\Users\Kiet\AppData\Local\Temp




Periodic native trim disabled

---------------  S Y S T E M  ---------------

OS:
 Windows 11 , 64 bit Build 22621 (10.0.22621.4391)
OS uptime: 5 days 22:45 hours

CPU: total 8 (initial active 8) (4 cores per cpu, 2 threads per core) family 6 model 126 stepping 5 microcode 0xa6, cx8, cmov, fxsr, ht, mmx, 3dnowpref, sse, sse2, sse3, ssse3, sse4.1, sse4.2, popcnt, lzcnt, tsc, tscinvbit, avx, avx2, aes, erms, clmul, bmi1, bmi2, adx, avx512f, avx512dq, avx512cd, avx512bw, avx512vl, sha, fma, vzeroupper, avx512_vpopcntdq, avx512_vpclmulqdq, avx512_vaes, avx512_vnni, clflush, clflushopt, avx512_vbmi2, avx512_vbmi, rdtscp, rdpid, fsrm, gfni, avx512_bitalg, f16c, pku, avx512_ifma
Processor Information for all 8 processors :
  Max Mhz: 1190, Current Mhz: 991, Mhz Limit: 987

Memory: 4k page, system-wide physical 7987M (558M free)
TotalPageFile size 10035M (AvailPageFile size 18M)
current process WorkingSet (physical memory assigned to process): 447M, peak: 482M
current process commit charge ("private bytes"): 484M, peak: 526M

vm_info: Java HotSpot(TM) 64-Bit Server VM (22.0.2+9-70) for windows-amd64 JRE (22.0.2+9-70), built on 2024-06-04T16:52:23Z by "mach5one" with MS VC++ 17.6 (VS2022)

END.
