#
# There is insufficient memory for the Java Runtime Environment to continue.
# Native memory allocation (malloc) failed to allocate 305696 bytes. Error detail: Chunk::new
# Possible reasons:
#   The system is out of physical RAM or swap space
#   This process is running with CompressedOops enabled, and the Java Heap may be blocking the growth of the native heap
# Possible solutions:
#   Reduce memory load on the system
#   Increase physical memory or swap space
#   Check if swap backing store is full
#   Decrease Java heap size (-Xmx/-Xms)
#   Decrease number of Java threads
#   Decrease Java thread stack sizes (-Xss)
#   Set larger code cache with -XX:ReservedCodeCacheSize=
#   JVM is running with Unscaled Compressed Oops mode in which the Java heap is
#     placed in the first 4GB address space. The Java Heap base address is the
#     maximum limit for the native heap growth. Please use -XX:HeapBaseMinAddress
#     to set the Java Heap base and to place the Java Heap above 4GB virtual address.
# This output file may be truncated or incomplete.
#
#  Out of Memory Error (arena.cpp:150), pid=5136, tid=4064
#
# JRE version: Java(TM) SE Runtime Environment (22.0.2+9) (build 22.0.2+9-70)
# Java VM: Java HotSpot(TM) 64-Bit Server VM (22.0.2+9-70, mixed mode, sharing, tiered, compressed oops, compressed class ptrs, parallel gc, windows-amd64)
# No core dump will be written. Minidumps are not enabled by default on client versions of Windows
#

---------------  S U M M A R Y ------------

Command Line: --add-modules=ALL-SYSTEM --add-opens=java.base/java.util=ALL-UNNAMED --add-opens=java.base/java.lang=ALL-UNNAMED --add-opens=java.base/sun.nio.fs=ALL-UNNAMED -Declipse.application=org.eclipse.jdt.ls.core.id1 -Dosgi.bundles.defaultStartLevel=4 -Declipse.product=org.eclipse.jdt.ls.core.product -Djava.import.generatesMetadataFilesAtProjectRoot=false -DDetectVMInstallationsJob.disabled=true -Dfile.encoding=utf8 -XX:+UseParallelGC -XX:GCTimeRatio=4 -XX:AdaptiveSizePolicyWeight=90 -Dsun.zip.disableMemoryMapping=true -Xmx1G -Xms100m -Xlog:disable -javaagent:c:\Users\Kiet\.vscode\extensions\redhat.java-1.36.0\lombok\lombok-1.18.35.jar c:\Users\Kiet\.vscode\extensions\redhat.java-1.36.0\server\plugins\org.eclipse.equinox.launcher_1.6.900.v20240613-2009.jar -configuration c:\Users\Kiet\AppData\Roaming\Code\User\globalStorage\redhat.java\1.36.0\config_ss_win -data c:\Users\Kiet\AppData\Roaming\Code\User\workspaceStorage\bacffae7d29c3e7f06ec343f93caa3f1\redhat.java\ss_ws --pipe=\\.\pipe\lsp-40ea7438a60597b956fc548da1260840-sock

Host: Intel(R) Core(TM) i5-1035G1 CPU @ 1.00GHz, 8 cores, 7G,  Windows 11 , 64 bit Build 22621 (10.0.22621.3958)
Time: Sat Nov  2 17:51:02 2024 SE Asia Standard Time elapsed time: 0.699156 seconds (0d 0h 0m 0s)

---------------  T H R E A D  ---------------

Current thread (0x00000211d75a5220):  JavaThread "C2 CompilerThread0" daemon [_thread_in_native, id=4064, stack(0x0000006326b00000,0x0000006326c00000) (1024K)]


Current CompileTask:
C2:699  727       4       lombok.patcher.PatchScript::classMatches (41 bytes)

Stack: [0x0000006326b00000,0x0000006326c00000]
Native frames: (J=compiled Java code, j=interpreted, Vv=VM code, C=native code)
V  [jvm.dll+0x6e26e9]  (no source info available)
V  [jvm.dll+0x875753]  (no source info available)
V  [jvm.dll+0x877b7e]  (no source info available)
V  [jvm.dll+0x878253]  (no source info available)
V  [jvm.dll+0x27fc86]  (no source info available)
V  [jvm.dll+0xc3d0f]  (no source info available)
V  [jvm.dll+0xc3f6b]  (no source info available)
V  [jvm.dll+0x2f3c7f]  (no source info available)
V  [jvm.dll+0x60c0fa]  (no source info available)
V  [jvm.dll+0x249915]  (no source info available)
V  [jvm.dll+0x246da6]  (no source info available)
V  [jvm.dll+0x1c4e80]  (no source info available)
V  [jvm.dll+0x2568f3]  (no source info available)
V  [jvm.dll+0x254baa]  (no source info available)
V  [jvm.dll+0x3f57a6]  (no source info available)
V  [jvm.dll+0x81dc0b]  (no source info available)
V  [jvm.dll+0x6e0d85]  (no source info available)
C  [ucrtbase.dll+0x29333]  (no source info available)
C  [KERNEL32.DLL+0x1257d]  (no source info available)
C  [ntdll.dll+0x5af08]  (no source info available)


---------------  P R O C E S S  ---------------

Threads class SMR info:
_java_thread_list=0x000002121a45c7b0, length=13, elements={
0x00000211be07ee60, 0x00000211be13e8b0, 0x00000211d7599280, 0x00000211d759c090,
0x00000211d759d0a0, 0x00000211d759f5b0, 0x00000211d75a3010, 0x00000211d75a5220,
0x00000211d75b1fa0, 0x00000211be0eec30, 0x000002121a2c3150, 0x000002121a439840,
0x000002121a7e0540
}

Java Threads: ( => current thread )
  0x00000211be07ee60 JavaThread "main"                              [_thread_in_vm, id=5212, stack(0x0000006326100000,0x0000006326200000) (1024K)]
  0x00000211be13e8b0 JavaThread "Reference Handler"          daemon [_thread_blocked, id=13356, stack(0x0000006326500000,0x0000006326600000) (1024K)]
  0x00000211d7599280 JavaThread "Finalizer"                  daemon [_thread_blocked, id=20508, stack(0x0000006326600000,0x0000006326700000) (1024K)]
  0x00000211d759c090 JavaThread "Signal Dispatcher"          daemon [_thread_blocked, id=14668, stack(0x0000006326700000,0x0000006326800000) (1024K)]
  0x00000211d759d0a0 JavaThread "Attach Listener"            daemon [_thread_blocked, id=17844, stack(0x0000006326800000,0x0000006326900000) (1024K)]
  0x00000211d759f5b0 JavaThread "Service Thread"             daemon [_thread_blocked, id=7752, stack(0x0000006326900000,0x0000006326a00000) (1024K)]
  0x00000211d75a3010 JavaThread "Monitor Deflation Thread"   daemon [_thread_blocked, id=2340, stack(0x0000006326a00000,0x0000006326b00000) (1024K)]
=>0x00000211d75a5220 JavaThread "C2 CompilerThread0"         daemon [_thread_in_native, id=4064, stack(0x0000006326b00000,0x0000006326c00000) (1024K)]
  0x00000211d75b1fa0 JavaThread "C1 CompilerThread0"         daemon [_thread_in_native, id=20696, stack(0x0000006326c00000,0x0000006326d00000) (1024K)]
  0x00000211be0eec30 JavaThread "Common-Cleaner"             daemon [_thread_blocked, id=11588, stack(0x0000006326d00000,0x0000006326e00000) (1024K)]
  0x000002121a2c3150 JavaThread "C2 CompilerThread1"         daemon [_thread_in_native, id=21160, stack(0x0000006326e00000,0x0000006326f00000) (1024K)]
  0x000002121a439840 JavaThread "Notification Thread"        daemon [_thread_blocked, id=20744, stack(0x0000006326f00000,0x0000006327000000) (1024K)]
  0x000002121a7e0540 JavaThread "C2 CompilerThread2"         daemon [_thread_in_native, id=9884, stack(0x0000006327000000,0x0000006327100000) (1024K)]
Total: 13

Other Threads:
  0x00000211d7592f40 VMThread "VM Thread"                           [id=19904, stack(0x0000006326400000,0x0000006326500000) (1024K)]
  0x00000211be0edd40 WatcherThread "VM Periodic Task Thread"        [id=9600, stack(0x0000006326300000,0x0000006326400000) (1024K)]
  0x00000211be09d5c0 WorkerThread "GC Thread#0"                     [id=8020, stack(0x0000006326200000,0x0000006326300000) (1024K)]
Total: 3

Threads with active compile tasks:
C2 CompilerThread0  750  727       4       lombok.patcher.PatchScript::classMatches (41 bytes)
C2 CompilerThread1  750  726       4       lombok.patcher.scripts.MethodLevelPatchScript::patch (21 bytes)
C2 CompilerThread2  750  821       4       java.math.BigInteger::addOne (77 bytes)
Total: 3

VM state: not at safepoint (normal execution)

VM Mutex/Monitor currently owned by a thread:  ([mutex/lock_event])
[0x00007ffd75d1d200] SystemDictionary_lock - owner thread: 0x0000000000000000

Heap address: 0x00000000c0000000, size: 1024 MB, Compressed Oops mode: 32-bit

CDS archive(s) mapped at: [0x00000211d8000000-0x00000211d8c60000-0x00000211d8c60000), size 12976128, SharedBaseAddress: 0x00000211d8000000, ArchiveRelocationMode: 1.
Compressed class space mapped at: 0x00000211d9000000-0x0000021219000000, reserved size: 1073741824
Narrow klass base: 0x00000211d8000000, Narrow klass shift: 0, Narrow klass range: 0x41000000

GC Precious Log:
 CardTable entry size: 512
 CPUs: 8 total, 8 available
 Memory: 7987M
 Large Page Support: Disabled
 NUMA Support: Disabled
 Compressed Oops: Enabled (32-bit)
 Alignments: Space 512K, Generation 512K, Heap 2M
 Heap Min Capacity: 100M
 Heap Initial Capacity: 100M
 Heap Max Capacity: 1G
 Pre-touch: Disabled
 Parallel Workers: 8

Heap:
 PSYoungGen      total 29696K, used 18916K [0x00000000eab00000, 0x00000000ecc00000, 0x0000000100000000)
  eden space 25600K, 73% used [0x00000000eab00000,0x00000000ebd79148,0x00000000ec400000)
  from space 4096K, 0% used [0x00000000ec800000,0x00000000ec800000,0x00000000ecc00000)
  to   space 4096K, 0% used [0x00000000ec400000,0x00000000ec400000,0x00000000ec800000)
 ParOldGen       total 68608K, used 0K [0x00000000c0000000, 0x00000000c4300000, 0x00000000eab00000)
  object space 68608K, 0% used [0x00000000c0000000,0x00000000c0000000,0x00000000c4300000)
 Metaspace       used 3285K, committed 3520K, reserved 1114112K
  class space    used 320K, committed 448K, reserved 1048576K

Card table byte_map: [0x00000211bda20000,0x00000211bdc30000] _byte_map_base: 0x00000211bd420000

Marking Bits: (ParMarkBitMap*) 0x00007ffd75d21a90
 Begin Bits: [0x00000211d53d0000, 0x00000211d63d0000)
 End Bits:   [0x00000211d63d0000, 0x00000211d73d0000)

Polling page: 0x00000211bc010000

Metaspace:

Usage:
  Non-class:      2.90 MB used.
      Class:    320.54 KB used.
       Both:      3.21 MB used.

Virtual space:
  Non-class space:       64.00 MB reserved,       3.00 MB (  5%) committed,  1 nodes.
      Class space:        1.00 GB reserved,     448.00 KB ( <1%) committed,  1 nodes.
             Both:        1.06 GB reserved,       3.44 MB ( <1%) committed. 

Chunk freelists:
   Non-Class:  11.53 MB
       Class:  15.53 MB
        Both:  27.06 MB

MaxMetaspaceSize: unlimited
CompressedClassSpaceSize: 1.00 GB
Initial GC threshold: 21.00 MB
Current GC threshold: 21.00 MB
CDS: on
 - commit_granule_bytes: 65536.
 - commit_granule_words: 8192.
 - virtual_space_node_default_size: 8388608.
 - enlarge_chunks_in_place: 1.
 - use_allocation_guard: 0.


Internal statistics:

num_allocs_failed_limit: 0.
num_arena_births: 84.
num_arena_deaths: 0.
num_vsnodes_births: 2.
num_vsnodes_deaths: 0.
num_space_committed: 55.
num_space_uncommitted: 0.
num_chunks_returned_to_freelist: 0.
num_chunks_taken_from_freelist: 116.
num_chunk_merges: 0.
num_chunk_splits: 78.
num_chunks_enlarged: 50.
num_inconsistent_stats: 0.

CodeHeap 'non-profiled nmethods': size=120000Kb used=287Kb max_used=287Kb free=119712Kb
 bounds [0x00000211cdea0000, 0x00000211ce110000, 0x00000211d53d0000]
CodeHeap 'profiled nmethods': size=120000Kb used=1341Kb max_used=1341Kb free=118658Kb
 bounds [0x00000211c63d0000, 0x00000211c6640000, 0x00000211cd900000]
CodeHeap 'non-nmethods': size=5760Kb used=1213Kb max_used=1215Kb free=4546Kb
 bounds [0x00000211cd900000, 0x00000211cdb70000, 0x00000211cdea0000]
 total_blobs=1275 nmethods=828 adapters=354
 compilation: enabled
              stopped_count=0, restarted_count=0
 full_count=0

Compilation events (20 events):
Event: 0.683 Thread 0x00000211d75b1fa0 nmethod 769 0x00000211c64fb790 code [0x00000211c64fb940, 0x00000211c64fba78]
Event: 0.686 Thread 0x000002121a7e0540 nmethod 766% 0x00000211cdee2610 code [0x00000211cdee27c0, 0x00000211cdee2ee0]
Event: 0.692 Thread 0x00000211d75b1fa0  770       3       java.util.Arrays::rangeCheck (74 bytes)
Event: 0.693 Thread 0x00000211d75b1fa0 nmethod 770 0x00000211c64fbb10 code [0x00000211c64fbdc0, 0x00000211c64fc740]
Event: 0.693 Thread 0x00000211d75b1fa0  771       3       java.util.jar.Manifest$FastInputStream::readLine (9 bytes)
Event: 0.693 Thread 0x000002121a7e0540  772       4       java.util.HashMap::put (13 bytes)
Event: 0.693 Thread 0x00000211d75b1fa0 nmethod 771 0x00000211c64fcb10 code [0x00000211c64fccc0, 0x00000211c64fce20]
Event: 0.694 Thread 0x00000211d75b1fa0  773       3       java.lang.String::<init> (22 bytes)
Event: 0.694 Thread 0x00000211d75b1fa0 nmethod 773 0x00000211c64fcf10 code [0x00000211c64fd100, 0x00000211c64fd560]
Event: 0.694 Thread 0x00000211d75b1fa0  776       3       java.util.LinkedHashMap::linkNodeAtEnd (76 bytes)
Event: 0.694 Thread 0x00000211d75b1fa0 nmethod 776 0x00000211c64fd790 code [0x00000211c64fd940, 0x00000211c64fdc50]
Event: 0.694 Thread 0x00000211d75b1fa0  775       3       java.util.jar.Manifest$FastInputStream::peek (38 bytes)
Event: 0.695 Thread 0x00000211d75b1fa0 nmethod 775 0x00000211c64fdd90 code [0x00000211c64fdf40, 0x00000211c64fe150]
Event: 0.695 Thread 0x00000211d75b1fa0  774       1       java.util.jar.Attributes$Name::hashCode (5 bytes)
Event: 0.695 Thread 0x00000211d75b1fa0 nmethod 774 0x00000211cdee3110 code [0x00000211cdee32a0, 0x00000211cdee3368]
Event: 0.695 Thread 0x00000211d75b1fa0  778       3       java.util.jar.Manifest::toLower (24 bytes)
Event: 0.695 Thread 0x00000211d75b1fa0 nmethod 778 0x00000211c64fe290 code [0x00000211c64fe420, 0x00000211c64fe5a8]
Event: 0.695 Thread 0x00000211d75b1fa0  780       3       java.util.HashMap::<init> (98 bytes)
Event: 0.696 Thread 0x00000211d75b1fa0 nmethod 780 0x00000211c64fe610 code [0x00000211c64fe940, 0x00000211c64ff940]
Event: 0.696 Thread 0x00000211d75b1fa0  786   !   3       java.util.jar.Attributes::read (494 bytes)

GC Heap History (0 events):
No events

Dll operation events (9 events):
Event: 0.010 Loaded shared library C:\Program Files\Java\jdk-22\bin\java.dll
Event: 0.049 Loaded shared library C:\Program Files\Java\jdk-22\bin\jsvml.dll
Event: 0.137 Loaded shared library C:\Program Files\Java\jdk-22\bin\zip.dll
Event: 0.141 Loaded shared library C:\Program Files\Java\jdk-22\bin\instrument.dll
Event: 0.151 Loaded shared library C:\Program Files\Java\jdk-22\bin\net.dll
Event: 0.154 Loaded shared library C:\Program Files\Java\jdk-22\bin\nio.dll
Event: 0.167 Loaded shared library C:\Program Files\Java\jdk-22\bin\zip.dll
Event: 0.194 Loaded shared library C:\Program Files\Java\jdk-22\bin\jimage.dll
Event: 0.281 Loaded shared library C:\Program Files\Java\jdk-22\bin\verify.dll

Deoptimization events (20 events):
Event: 0.603 Thread 0x00000211be07ee60 DEOPT PACKING pc=0x00000211c64c3384 sp=0x00000063261fdc00
Event: 0.603 Thread 0x00000211be07ee60 DEOPT UNPACKING pc=0x00000211cd9578e2 sp=0x00000063261fd058 mode 0
Event: 0.603 Thread 0x00000211be07ee60 DEOPT PACKING pc=0x00000211c64c3384 sp=0x00000063261fdc00
Event: 0.603 Thread 0x00000211be07ee60 DEOPT UNPACKING pc=0x00000211cd9578e2 sp=0x00000063261fd058 mode 0
Event: 0.604 Thread 0x00000211be07ee60 DEOPT PACKING pc=0x00000211c64c3384 sp=0x00000063261fdbf0
Event: 0.604 Thread 0x00000211be07ee60 DEOPT UNPACKING pc=0x00000211cd9578e2 sp=0x00000063261fd048 mode 0
Event: 0.604 Thread 0x00000211be07ee60 DEOPT PACKING pc=0x00000211c64c3384 sp=0x00000063261fdbf0
Event: 0.604 Thread 0x00000211be07ee60 DEOPT UNPACKING pc=0x00000211cd9578e2 sp=0x00000063261fd048 mode 0
Event: 0.604 Thread 0x00000211be07ee60 DEOPT PACKING pc=0x00000211c64c3384 sp=0x00000063261fdd10
Event: 0.604 Thread 0x00000211be07ee60 DEOPT UNPACKING pc=0x00000211cd9578e2 sp=0x00000063261fd168 mode 0
Event: 0.605 Thread 0x00000211be07ee60 DEOPT PACKING pc=0x00000211c64c3384 sp=0x00000063261fdd10
Event: 0.605 Thread 0x00000211be07ee60 DEOPT UNPACKING pc=0x00000211cd9578e2 sp=0x00000063261fd168 mode 0
Event: 0.652 Thread 0x00000211be07ee60 Uncommon trap: trap_request=0xffffff45 fr.pc=0x00000211cdeceab4 relative=0x0000000000000654
Event: 0.652 Thread 0x00000211be07ee60 Uncommon trap: reason=unstable_if action=reinterpret pc=0x00000211cdeceab4 method=java.lang.AbstractStringBuilder.append(Ljava/lang/String;)Ljava/lang/AbstractStringBuilder; @ 1 c2
Event: 0.652 Thread 0x00000211be07ee60 DEOPT PACKING pc=0x00000211cdeceab4 sp=0x00000063261fe120
Event: 0.652 Thread 0x00000211be07ee60 DEOPT UNPACKING pc=0x00000211cd956da2 sp=0x00000063261fe0b0 mode 2
Event: 0.652 Thread 0x00000211be07ee60 Uncommon trap: trap_request=0xffffff45 fr.pc=0x00000211cdecdeac relative=0x000000000000064c
Event: 0.652 Thread 0x00000211be07ee60 Uncommon trap: reason=unstable_if action=reinterpret pc=0x00000211cdecdeac method=java.lang.AbstractStringBuilder.append(Ljava/lang/String;)Ljava/lang/AbstractStringBuilder; @ 1 c2
Event: 0.652 Thread 0x00000211be07ee60 DEOPT PACKING pc=0x00000211cdecdeac sp=0x00000063261fe0d0
Event: 0.652 Thread 0x00000211be07ee60 DEOPT UNPACKING pc=0x00000211cd956da2 sp=0x00000063261fe0b8 mode 2

Classes loaded (20 events):
Event: 0.677 Loading class sun/nio/fs/WindowsFileSystemProvider$1
Event: 0.677 Loading class sun/nio/fs/WindowsFileSystemProvider$1 done
Event: 0.677 Loading class sun/nio/fs/WindowsLinkSupport
Event: 0.678 Loading class sun/nio/fs/WindowsLinkSupport done
Event: 0.678 Loading class sun/nio/fs/WindowsAclFileAttributeView
Event: 0.679 Loading class sun/nio/fs/AbstractAclFileAttributeView
Event: 0.680 Loading class java/nio/file/attribute/AclFileAttributeView
Event: 0.680 Loading class java/nio/file/attribute/FileOwnerAttributeView
Event: 0.680 Loading class java/nio/file/attribute/FileOwnerAttributeView done
Event: 0.680 Loading class java/nio/file/attribute/AclFileAttributeView done
Event: 0.680 Loading class sun/nio/fs/AbstractAclFileAttributeView done
Event: 0.680 Loading class sun/nio/fs/WindowsAclFileAttributeView done
Event: 0.681 Loading class sun/nio/fs/WindowsSecurity
Event: 0.681 Loading class sun/nio/fs/WindowsSecurity done
Event: 0.681 Loading class sun/nio/fs/WindowsFileStore
Event: 0.682 Loading class java/nio/file/FileStore
Event: 0.682 Loading class java/nio/file/FileStore done
Event: 0.682 Loading class sun/nio/fs/WindowsFileStore done
Event: 0.687 Loading class java/net/URLClassLoader$1
Event: 0.687 Loading class java/net/URLClassLoader$1 done

Classes unloaded (0 events):
No events

Classes redefined (0 events):
No events

Internal exceptions (20 events):
Event: 0.103 Thread 0x00000211be07ee60 Exception <a 'java/lang/NoSuchMethodError'{0x00000000ead29818}: 'void java.lang.invoke.DirectMethodHandle$Holder.invokeStatic(java.lang.Object, java.lang.Object, java.lang.Object)'> (0x00000000ead29818) 
thrown [s\open\src\hotspot\share\interpreter\linkResolver.cpp, line 774]
Event: 0.187 Thread 0x00000211be07ee60 Exception <a 'java/lang/NoSuchMethodError'{0x00000000eae997a8}: 'java.lang.Object java.lang.invoke.Invokers$Holder.invokeExact_MT(java.lang.Object, java.lang.Object, java.lang.Object, java.lang.Object, java.lang.Object)'> (0x00000000eae997a8) 
thrown [s\open\src\hotspot\share\interpreter\linkResolver.cpp, line 774]
Event: 0.225 Thread 0x00000211be07ee60 Exception <a 'java/lang/NoSuchMethodError'{0x00000000eaf50e08}: 'int java.lang.invoke.DirectMethodHandle$Holder.invokeSpecial(java.lang.Object, java.lang.Object, java.lang.Object, int)'> (0x00000000eaf50e08) 
thrown [s\open\src\hotspot\share\interpreter\linkResolver.cpp, line 774]
Event: 0.228 Thread 0x00000211be07ee60 Exception <a 'java/lang/NoSuchMethodError'{0x00000000eaf637b0}: 'java.lang.Object java.lang.invoke.DirectMethodHandle$Holder.invokeStatic(java.lang.Object, java.lang.Object, java.lang.Object, java.lang.Object, int)'> (0x00000000eaf637b0) 
thrown [s\open\src\hotspot\share\interpreter\linkResolver.cpp, line 774]
Event: 0.231 Thread 0x00000211be07ee60 Exception <a 'java/lang/NoSuchMethodError'{0x00000000eaf6ec28}: 'void java.lang.invoke.DelegatingMethodHandle$Holder.reinvoke_L(java.lang.Object, java.lang.Object, java.lang.Object, int, java.lang.Object)'> (0x00000000eaf6ec28) 
thrown [s\open\src\hotspot\share\interpreter\linkResolver.cpp, line 774]
Event: 0.236 Thread 0x00000211be07ee60 Exception <a 'java/lang/NoSuchMethodError'{0x00000000eaf7f518}: 'int java.lang.invoke.DirectMethodHandle$Holder.invokeSpecial(java.lang.Object, java.lang.Object, java.lang.Object)'> (0x00000000eaf7f518) 
thrown [s\open\src\hotspot\share\interpreter\linkResolver.cpp, line 774]
Event: 0.238 Thread 0x00000211be07ee60 Exception <a 'java/lang/NoSuchMethodError'{0x00000000eaf8b698}: 'java.lang.Object java.lang.invoke.DirectMethodHandle$Holder.invokeStatic(java.lang.Object, java.lang.Object, int)'> (0x00000000eaf8b698) 
thrown [s\open\src\hotspot\share\interpreter\linkResolver.cpp, line 774]
Event: 0.239 Thread 0x00000211be07ee60 Exception <a 'java/lang/NoSuchMethodError'{0x00000000eaf8ffd8}: 'void java.lang.invoke.DirectMethodHandle$Holder.invokeStatic(java.lang.Object, java.lang.Object, int, java.lang.Object)'> (0x00000000eaf8ffd8) 
thrown [s\open\src\hotspot\share\interpreter\linkResolver.cpp, line 774]
Event: 0.239 Thread 0x00000211be07ee60 Exception <a 'java/lang/NoSuchMethodError'{0x00000000eaf93b58}: 'void java.lang.invoke.DirectMethodHandle$Holder.invokeSpecial(java.lang.Object, java.lang.Object, java.lang.Object, int, java.lang.Object)'> (0x00000000eaf93b58) 
thrown [s\open\src\hotspot\share\interpreter\linkResolver.cpp, line 774]
Event: 0.239 Thread 0x00000211be07ee60 Exception <a 'java/lang/NoSuchMethodError'{0x00000000eaf96fb8}: 'void java.lang.invoke.DelegatingMethodHandle$Holder.delegate(java.lang.Object, java.lang.Object, int, java.lang.Object)'> (0x00000000eaf96fb8) 
thrown [s\open\src\hotspot\share\interpreter\linkResolver.cpp, line 774]
Event: 0.315 Thread 0x00000211be07ee60 Exception <a 'java/lang/NoSuchMethodError'{0x00000000eb1515b0}: 'void java.lang.invoke.DelegatingMethodHandle$Holder.reinvoke_L(java.lang.Object, java.lang.Object, java.lang.Object, int)'> (0x00000000eb1515b0) 
thrown [s\open\src\hotspot\share\interpreter\linkResolver.cpp, line 774]
Event: 0.478 Thread 0x00000211be07ee60 Exception <a 'java/lang/NoSuchMethodError'{0x00000000eb5fe848}: 'void java.lang.invoke.DirectMethodHandle$Holder.invokeVirtual(java.lang.Object, java.lang.Object)'> (0x00000000eb5fe848) 
thrown [s\open\src\hotspot\share\interpreter\linkResolver.cpp, line 774]
Event: 0.640 Thread 0x00000211be07ee60 Exception <a 'java/lang/ClassNotFoundException'{0x00000000eb9d6f88}: sun/net/www/protocol/c/Handler> (0x00000000eb9d6f88) 
thrown [s\open\src\hotspot\share\classfile\systemDictionary.cpp, line 313]
Event: 0.645 Thread 0x00000211be07ee60 Exception <a 'java/io/FileNotFoundException'{0x00000000eb9ec2c8}> (0x00000000eb9ec2c8) 
thrown [s\open\src\hotspot\share\prims\jni.cpp, line 520]
Event: 0.645 Thread 0x00000211be07ee60 Exception <a 'java/io/FileNotFoundException'{0x00000000eb9ecf50}> (0x00000000eb9ecf50) 
thrown [s\open\src\hotspot\share\prims\jni.cpp, line 520]
Event: 0.645 Thread 0x00000211be07ee60 Exception <a 'java/io/FileNotFoundException'{0x00000000eb9edbb8}> (0x00000000eb9edbb8) 
thrown [s\open\src\hotspot\share\prims\jni.cpp, line 520]
Event: 0.646 Thread 0x00000211be07ee60 Exception <a 'java/io/FileNotFoundException'{0x00000000eb9ee698}> (0x00000000eb9ee698) 
thrown [s\open\src\hotspot\share\prims\jni.cpp, line 520]
Event: 0.652 Thread 0x00000211be07ee60 Implicit null exception at 0x00000211cdece4a4 to 0x00000211cdecea9c
Event: 0.652 Thread 0x00000211be07ee60 Implicit null exception at 0x00000211cdecd8a0 to 0x00000211cdecde94
Event: 0.654 Thread 0x00000211be07ee60 Exception <a 'java/io/FileNotFoundException'{0x00000000eba23c40}> (0x00000000eba23c40) 
thrown [s\open\src\hotspot\share\prims\jni.cpp, line 520]

ZGC Phase Switch (0 events):
No events

VM Operations (8 events):
Event: 0.107 Executing VM operation: HandshakeAllThreads (Deoptimize)
Event: 0.107 Executing VM operation: HandshakeAllThreads (Deoptimize) done
Event: 0.209 Executing VM operation: HandshakeAllThreads (Deoptimize)
Event: 0.209 Executing VM operation: HandshakeAllThreads (Deoptimize) done
Event: 0.610 Executing VM operation: HandshakeAllThreads (Deoptimize)
Event: 0.610 Executing VM operation: HandshakeAllThreads (Deoptimize) done
Event: 0.631 Executing VM operation: HandshakeAllThreads (Deoptimize)
Event: 0.631 Executing VM operation: HandshakeAllThreads (Deoptimize) done

Memory protections (0 events):
No events

Nmethod flushes (0 events):
No events

Events (13 events):
Event: 0.028 Thread 0x00000211be07ee60 Thread added: 0x00000211be07ee60
Event: 0.044 Thread 0x00000211be07ee60 Thread added: 0x00000211be13e8b0
Event: 0.044 Thread 0x00000211be07ee60 Thread added: 0x00000211d7599280
Event: 0.045 Thread 0x00000211be07ee60 Thread added: 0x00000211d759c090
Event: 0.045 Thread 0x00000211be07ee60 Thread added: 0x00000211d759d0a0
Event: 0.046 Thread 0x00000211be07ee60 Thread added: 0x00000211d759f5b0
Event: 0.046 Thread 0x00000211be07ee60 Thread added: 0x00000211d75a3010
Event: 0.046 Thread 0x00000211be07ee60 Thread added: 0x00000211d75a5220
Event: 0.046 Thread 0x00000211be07ee60 Thread added: 0x00000211d75b1fa0
Event: 0.087 Thread 0x00000211be07ee60 Thread added: 0x00000211be0eec30
Event: 0.124 Thread 0x00000211d75b1fa0 Thread added: 0x000002121a2c3150
Event: 0.398 Thread 0x00000211be07ee60 Thread added: 0x000002121a439840
Event: 0.597 Thread 0x00000211d75b1fa0 Thread added: 0x000002121a7e0540


Dynamic libraries:
0x00007ff7083b0000 - 0x00007ff7083c0000 	C:\Program Files\Java\jdk-22\bin\java.exe
0x00007ffddb310000 - 0x00007ffddb527000 	C:\WINDOWS\SYSTEM32\ntdll.dll
0x00007ffdd9c30000 - 0x00007ffdd9cf4000 	C:\WINDOWS\System32\KERNEL32.DLL
0x00007ffdd8ae0000 - 0x00007ffdd8e97000 	C:\WINDOWS\System32\KERNELBASE.dll
0x00007ffdd8ea0000 - 0x00007ffdd8fb1000 	C:\WINDOWS\System32\ucrtbase.dll
0x00007ffdb5210000 - 0x00007ffdb522b000 	C:\Program Files\Java\jdk-22\bin\VCRUNTIME140.dll
0x00007ffdb7ec0000 - 0x00007ffdb7ed7000 	C:\Program Files\Java\jdk-22\bin\jli.dll
0x00007ffdda7a0000 - 0x00007ffdda94f000 	C:\WINDOWS\System32\USER32.dll
0x00007ffdbf090000 - 0x00007ffdbf323000 	C:\WINDOWS\WinSxS\amd64_microsoft.windows.common-controls_6595b64144ccf1df_6.0.22621.3672_none_2713b9d173822955\COMCTL32.dll
0x00007ffdd8620000 - 0x00007ffdd8646000 	C:\WINDOWS\System32\win32u.dll
0x00007ffddb0c0000 - 0x00007ffddb167000 	C:\WINDOWS\System32\msvcrt.dll
0x00007ffdd9e90000 - 0x00007ffdd9eb9000 	C:\WINDOWS\System32\GDI32.dll
0x00007ffdd8650000 - 0x00007ffdd8768000 	C:\WINDOWS\System32\gdi32full.dll
0x00007ffdd8a40000 - 0x00007ffdd8ada000 	C:\WINDOWS\System32\msvcp_win.dll
0x00007ffdda760000 - 0x00007ffdda791000 	C:\WINDOWS\System32\IMM32.DLL
0x00007ffdc94b0000 - 0x00007ffdc94bc000 	C:\Program Files\Java\jdk-22\bin\vcruntime140_1.dll
0x00007ffd826a0000 - 0x00007ffd8272e000 	C:\Program Files\Java\jdk-22\bin\msvcp140.dll
0x00007ffd750b0000 - 0x00007ffd75df9000 	C:\Program Files\Java\jdk-22\bin\server\jvm.dll
0x00007ffdda030000 - 0x00007ffdda0e2000 	C:\WINDOWS\System32\ADVAPI32.dll
0x00007ffdd9de0000 - 0x00007ffdd9e88000 	C:\WINDOWS\System32\sechost.dll
0x00007ffdd8770000 - 0x00007ffdd8798000 	C:\WINDOWS\System32\bcrypt.dll
0x00007ffdda950000 - 0x00007ffddaa64000 	C:\WINDOWS\System32\RPCRT4.dll
0x00007ffdd9d60000 - 0x00007ffdd9dd1000 	C:\WINDOWS\System32\WS2_32.dll
0x00007ffdd84f0000 - 0x00007ffdd853d000 	C:\WINDOWS\SYSTEM32\POWRPROF.dll
0x00007ffdd0080000 - 0x00007ffdd00b4000 	C:\WINDOWS\SYSTEM32\WINMM.dll
0x00007ffdd4d30000 - 0x00007ffdd4d3a000 	C:\WINDOWS\SYSTEM32\VERSION.dll
0x00007ffdd84d0000 - 0x00007ffdd84e3000 	C:\WINDOWS\SYSTEM32\UMPDC.dll
0x00007ffdd7610000 - 0x00007ffdd7628000 	C:\WINDOWS\SYSTEM32\kernel.appcore.dll
0x00007ffdc45d0000 - 0x00007ffdc45da000 	C:\Program Files\Java\jdk-22\bin\jimage.dll
0x00007ffdd5f00000 - 0x00007ffdd6132000 	C:\WINDOWS\SYSTEM32\DBGHELP.DLL
0x00007ffddaa80000 - 0x00007ffddae0e000 	C:\WINDOWS\System32\combase.dll
0x00007ffdd90a0000 - 0x00007ffdd9177000 	C:\WINDOWS\System32\OLEAUT32.dll
0x00007ffdd4e60000 - 0x00007ffdd4e92000 	C:\WINDOWS\SYSTEM32\dbgcore.DLL
0x00007ffdd8fc0000 - 0x00007ffdd903b000 	C:\WINDOWS\System32\bcryptPrimitives.dll
0x00007ffdbff80000 - 0x00007ffdbff8f000 	C:\Program Files\Java\jdk-22\bin\instrument.dll
0x00007ffdb51f0000 - 0x00007ffdb520e000 	C:\Program Files\Java\jdk-22\bin\java.dll
0x00007ffdd93b0000 - 0x00007ffdd9c19000 	C:\WINDOWS\System32\SHELL32.dll
0x00007ffdd9200000 - 0x00007ffdd93a5000 	C:\WINDOWS\System32\ole32.dll
0x00007ffdd6590000 - 0x00007ffdd6e8f000 	C:\WINDOWS\SYSTEM32\windows.storage.dll
0x00007ffdd6450000 - 0x00007ffdd658f000 	C:\WINDOWS\SYSTEM32\wintypes.dll
0x00007ffdda0f0000 - 0x00007ffdda1e9000 	C:\WINDOWS\System32\SHCORE.dll
0x00007ffdd9d00000 - 0x00007ffdd9d5e000 	C:\WINDOWS\System32\shlwapi.dll
0x00007ffdd8550000 - 0x00007ffdd8577000 	C:\WINDOWS\SYSTEM32\profapi.dll
0x00007ffd82080000 - 0x00007ffd82157000 	C:\Program Files\Java\jdk-22\bin\jsvml.dll
0x00007ffdb4eb0000 - 0x00007ffdb4ec7000 	C:\Program Files\Java\jdk-22\bin\zip.dll
0x00007ffdbe9e0000 - 0x00007ffdbe9f0000 	C:\Program Files\Java\jdk-22\bin\net.dll
0x00007ffdd7ae0000 - 0x00007ffdd7b49000 	C:\WINDOWS\system32\mswsock.dll
0x00007ffdb49c0000 - 0x00007ffdb49d6000 	C:\Program Files\Java\jdk-22\bin\nio.dll
0x00007ffdbc9a0000 - 0x00007ffdbc9b0000 	C:\Program Files\Java\jdk-22\bin\verify.dll

dbghelp: loaded successfully - version: 4.0.5 - missing functions: none
symbol engine: initialized successfully - sym options: 0x614 - pdb path: .;C:\Program Files\Java\jdk-22\bin;C:\WINDOWS\SYSTEM32;C:\WINDOWS\WinSxS\amd64_microsoft.windows.common-controls_6595b64144ccf1df_6.0.22621.3672_none_2713b9d173822955;C:\Program Files\Java\jdk-22\bin\server

VM Arguments:
jvm_args: --add-modules=ALL-SYSTEM --add-opens=java.base/java.util=ALL-UNNAMED --add-opens=java.base/java.lang=ALL-UNNAMED --add-opens=java.base/sun.nio.fs=ALL-UNNAMED -Declipse.application=org.eclipse.jdt.ls.core.id1 -Dosgi.bundles.defaultStartLevel=4 -Declipse.product=org.eclipse.jdt.ls.core.product -Djava.import.generatesMetadataFilesAtProjectRoot=false -DDetectVMInstallationsJob.disabled=true -Dfile.encoding=utf8 -XX:+UseParallelGC -XX:GCTimeRatio=4 -XX:AdaptiveSizePolicyWeight=90 -Dsun.zip.disableMemoryMapping=true -Xmx1G -Xms100m -Xlog:disable -javaagent:c:\Users\Kiet\.vscode\extensions\redhat.java-1.36.0\lombok\lombok-1.18.35.jar 
java_command: c:\Users\Kiet\.vscode\extensions\redhat.java-1.36.0\server\plugins\org.eclipse.equinox.launcher_1.6.900.v20240613-2009.jar -configuration c:\Users\Kiet\AppData\Roaming\Code\User\globalStorage\redhat.java\1.36.0\config_ss_win -data c:\Users\Kiet\AppData\Roaming\Code\User\workspaceStorage\bacffae7d29c3e7f06ec343f93caa3f1\redhat.java\ss_ws --pipe=\\.\pipe\lsp-40ea7438a60597b956fc548da1260840-sock
java_class_path (initial): c:\Users\Kiet\.vscode\extensions\redhat.java-1.36.0\server\plugins\org.eclipse.equinox.launcher_1.6.900.v20240613-2009.jar
Launcher Type: SUN_STANDARD

[Global flags]
     uint AdaptiveSizePolicyWeight                 = 90                                        {product} {command line}
     intx CICompilerCount                          = 4                                         {product} {ergonomic}
     uint GCTimeRatio                              = 4                                         {product} {command line}
   size_t InitialHeapSize                          = 104857600                                 {product} {command line}
   size_t MaxHeapSize                              = 1073741824                                {product} {command line}
   size_t MaxNewSize                               = 357564416                                 {product} {ergonomic}
   size_t MinHeapDeltaBytes                        = 524288                                    {product} {ergonomic}
   size_t MinHeapSize                              = 104857600                                 {product} {command line}
   size_t NewSize                                  = 34603008                                  {product} {ergonomic}
    uintx NonNMethodCodeHeapSize                   = 5839372                                {pd product} {ergonomic}
    uintx NonProfiledCodeHeapSize                  = 122909434                              {pd product} {ergonomic}
   size_t OldSize                                  = 70254592                                  {product} {ergonomic}
    uintx ProfiledCodeHeapSize                     = 122909434                              {pd product} {ergonomic}
    uintx ReservedCodeCacheSize                    = 251658240                              {pd product} {ergonomic}
     bool SegmentedCodeCache                       = true                                      {product} {ergonomic}
   size_t SoftMaxHeapSize                          = 1073741824                             {manageable} {ergonomic}
     bool UseCompressedOops                        = true                           {product lp64_product} {ergonomic}
     bool UseLargePagesIndividualAllocation        = false                                  {pd product} {ergonomic}
     bool UseParallelGC                            = true                                      {product} {command line}

Logging:
Log output configuration:
 #0: stdout all=off uptime,level,tags foldmultilines=false
 #1: stderr all=off uptime,level,tags foldmultilines=false

Environment Variables:
JAVA_HOME=C:\Program Files\Java\jdk-22
PATH=C:\Program Files (x86)\Common Files\Oracle\Java\java8path;C:\Program Files (x86)\Common Files\Oracle\Java\javapath;C:\WINDOWS\system32;C:\WINDOWS;C:\WINDOWS\System32\Wbem;C:\WINDOWS\System32\WindowsPowerShell\v1.0\;C:\WINDOWS\System32\OpenSSH\;C:\Program Files\dotnet\;C:\Program Files\Java\jdk-11\bin;C:\Program Files (x86)\Microsoft SQL Server\160\Tools\Binn\;C:\Program Files\Microsoft SQL Server\160\Tools\Binn\;C:\Program Files\Microsoft SQL Server\Client SDK\ODBC\170\Tools\Binn\;C:\Program Files\Microsoft SQL Server\160\DTS\Binn\;C:\Program Files (x86)\Microsoft SQL Server\160\DTS\Binn\;C:\Program Files\Azure Data Studio\bin;C:\Program Files\apache-maven-3.9.6\bin;C:\Program Files\Git\cmd;C:\Program Files\Java\jdk-22\bin;C:\Users\Kiet\AppData\Local\Programs\Python\Python38;C:\Users\Kiet\AppData\Local\Programs\Python\Python38\Scripts;C:\Program Files\CMake\bin;C:\Program Files\PostgreSQL\17\bin;C:\Users\Kiet\anaconda3\Scripts;C:\Program Files\nodejs\;C:\Users\Kiet\AppData\Local\Microsoft\WindowsApps;C:\Users\Kiet\AppData\Local\Programs\Microsoft VS Code\bin;C:\Users\Kiet\.dotnet\tools;C:\Program Files\Azure Data Studio\bin;C:\Users\Kiet\AppData\Roaming\npm
USERNAME=Kiet
OS=Windows_NT
PROCESSOR_IDENTIFIER=Intel64 Family 6 Model 126 Stepping 5, GenuineIntel
TMP=C:\Users\Kiet\AppData\Local\Temp
TEMP=C:\Users\Kiet\AppData\Local\Temp




Periodic native trim disabled

---------------  S Y S T E M  ---------------

OS:
 Windows 11 , 64 bit Build 22621 (10.0.22621.3958)
OS uptime: 4 days 6:24 hours

CPU: total 8 (initial active 8) (4 cores per cpu, 2 threads per core) family 6 model 126 stepping 5 microcode 0xa6, cx8, cmov, fxsr, ht, mmx, 3dnowpref, sse, sse2, sse3, ssse3, sse4.1, sse4.2, popcnt, lzcnt, tsc, tscinvbit, avx, avx2, aes, erms, clmul, bmi1, bmi2, adx, avx512f, avx512dq, avx512cd, avx512bw, avx512vl, sha, fma, vzeroupper, avx512_vpopcntdq, avx512_vpclmulqdq, avx512_vaes, avx512_vnni, clflush, clflushopt, avx512_vbmi2, avx512_vbmi, rdtscp, rdpid, fsrm, gfni, avx512_bitalg, f16c, pku, avx512_ifma
Processor Information for all 8 processors :
  Max Mhz: 1190, Current Mhz: 991, Mhz Limit: 987

Memory: 4k page, system-wide physical 7987M (641M free)
TotalPageFile size 10035M (AvailPageFile size 6M)
current process WorkingSet (physical memory assigned to process): 68M, peak: 68M
current process commit charge ("private bytes"): 202M, peak: 202M

vm_info: Java HotSpot(TM) 64-Bit Server VM (22.0.2+9-70) for windows-amd64 JRE (22.0.2+9-70), built on 2024-06-04T16:52:23Z by "mach5one" with MS VC++ 17.6 (VS2022)

END.
