#
# There is insufficient memory for the Java Runtime Environment to continue.
# Native memory allocation (malloc) failed to allocate 186336 bytes. Error detail: Chunk::new
# Possible reasons:
#   The system is out of physical RAM or swap space
#   This process is running with CompressedOops enabled, and the Java Heap may be blocking the growth of the native heap
# Possible solutions:
#   Reduce memory load on the system
#   Increase physical memory or swap space
#   Check if swap backing store is full
#   Decrease Java heap size (-Xmx/-Xms)
#   Decrease number of Java threads
#   Decrease Java thread stack sizes (-Xss)
#   Set larger code cache with -XX:ReservedCodeCacheSize=
#   JVM is running with Unscaled Compressed Oops mode in which the Java heap is
#     placed in the first 4GB address space. The Java Heap base address is the
#     maximum limit for the native heap growth. Please use -XX:HeapBaseMinAddress
#     to set the Java Heap base and to place the Java Heap above 4GB virtual address.
# This output file may be truncated or incomplete.
#
#  Out of Memory Error (arena.cpp:191), pid=18548, tid=13628
#
# JRE version: OpenJDK Runtime Environment Temurin-17.0.12+7 (17.0.12+7) (build 17.0.12+7)
# Java VM: OpenJDK 64-Bit Server VM Temurin-17.0.12+7 (17.0.12+7, mixed mode, tiered, compressed oops, compressed class ptrs, parallel gc, windows-amd64)
# No core dump will be written. Minidumps are not enabled by default on client versions of Windows
#

---------------  S U M M A R Y ------------

Command Line: --add-modules=ALL-SYSTEM --add-opens=java.base/java.util=ALL-UNNAMED --add-opens=java.base/java.lang=ALL-UNNAMED --add-opens=java.base/sun.nio.fs=ALL-UNNAMED -Declipse.application=org.eclipse.jdt.ls.core.id1 -Dosgi.bundles.defaultStartLevel=4 -Declipse.product=org.eclipse.jdt.ls.core.product -Djava.import.generatesMetadataFilesAtProjectRoot=false -DDetectVMInstallationsJob.disabled=true -Dfile.encoding=utf8 -XX:+UseParallelGC -XX:GCTimeRatio=4 -XX:AdaptiveSizePolicyWeight=90 -Dsun.zip.disableMemoryMapping=true -Xmx1G -Xms100m -Xlog:disable -javaagent:c:\Users\Kiet\.vscode\extensions\redhat.java-1.35.1-win32-x64\lombok\lombok-1.18.33.jar -XX:+HeapDumpOnOutOfMemoryError -XX:HeapDumpPath=c:\Users\Kiet\AppData\Roaming\Code\User\workspaceStorage\a71174b1d402feb6f45fdbc2b12219ee\redhat.java -Daether.dependencyCollector.impl=bf c:\Users\Kiet\.vscode\extensions\redhat.java-1.35.1-win32-x64\server\plugins\org.eclipse.equinox.launcher_1.6.900.v20240613-2009.jar -configuration c:\Users\Kiet\AppData\Roaming\Code\User\globalStorage\redhat.java\1.35.1\config_win -data c:\Users\Kiet\AppData\Roaming\Code\User\workspaceStorage\a71174b1d402feb6f45fdbc2b12219ee\redhat.java\jdt_ws --pipe=\\.\pipe\lsp-3b194044ed979a4ea8c5a59c000d5d5f-sock

Host: Intel(R) Core(TM) i5-1035G1 CPU @ 1.00GHz, 8 cores, 7G,  Windows 11 , 64 bit Build 22621 (10.0.22621.3958)
Time: Mon Oct  7 19:56:46 2024 SE Asia Standard Time elapsed time: 548.434510 seconds (0d 0h 9m 8s)

---------------  T H R E A D  ---------------

Current thread (0x000001b056d415c0):  JavaThread "C2 CompilerThread0" daemon [_thread_in_native, id=13628, stack(0x00000020f4600000,0x00000020f4700000)]


Current CompileTask:
C2: 548434 13865   !   4       org.eclipse.core.internal.registry.osgi.RegistryStrategyOSGI::createExecutableExtension (147 bytes)

Stack: [0x00000020f4600000,0x00000020f4700000]
Native frames: (J=compiled Java code, j=interpreted, Vv=VM code, C=native code)
V  [jvm.dll+0x67f929]
V  [jvm.dll+0x8371ba]
V  [jvm.dll+0x838c7e]
V  [jvm.dll+0x8392e3]
V  [jvm.dll+0x24834f]
V  [jvm.dll+0xac9d4]
V  [jvm.dll+0xad01c]
V  [jvm.dll+0x2af96f]
V  [jvm.dll+0x5868d7]
V  [jvm.dll+0x2231c2]
V  [jvm.dll+0x21c0bd]
V  [jvm.dll+0x219be1]
V  [jvm.dll+0x1a58bd]
V  [jvm.dll+0x229a2d]
V  [jvm.dll+0x227bdc]
V  [jvm.dll+0x7ec1f7]
V  [jvm.dll+0x7e65dc]
V  [jvm.dll+0x67e7f7]
C  [ucrtbase.dll+0x29333]
C  [KERNEL32.DLL+0x1257d]
C  [ntdll.dll+0x5af28]


---------------  P R O C E S S  ---------------

Threads class SMR info:
_java_thread_list=0x000001b05b0e9a10, length=48, elements={
0x000001b03db5b1f0, 0x000001b0519eaea0, 0x000001b0519ee130, 0x000001b056d1a680,
0x000001b056d33b80, 0x000001b056d34f80, 0x000001b056d38190, 0x000001b056d415c0,
0x000001b056d44ed0, 0x000001b056d45fc0, 0x000001b056d62e00, 0x000001b057c760a0,
0x000001b0585ddd10, 0x000001b0585d6bd0, 0x000001b058219020, 0x000001b058703d70,
0x000001b058abeae0, 0x000001b057f11920, 0x000001b057f141a0, 0x000001b057f12d60,
0x000001b057f13c90, 0x000001b057f10f00, 0x000001b057f11e30, 0x000001b057f109f0,
0x000001b057f12340, 0x000001b05a3ec0b0, 0x000001b05a3e6080, 0x000001b05a3e79d0,
0x000001b05a3ed4f0, 0x000001b05a3e7ee0, 0x000001b05a3ecfe0, 0x000001b05a3e6590,
0x000001b05a3ea760, 0x000001b05a3e8e10, 0x000001b05a3e74c0, 0x000001b05a3e9830,
0x000001b05a3eb690, 0x000001b05a9200b0, 0x000001b05a91b4c0, 0x000001b05a91bee0,
0x000001b05a91b9d0, 0x000001b05a91c3f0, 0x000001b05a91c900, 0x000001b05a91d830,
0x000001b05a91fba0, 0x000001b05a91dd40, 0x000001b05a91e250, 0x000001b05a919150
}

Java Threads: ( => current thread )
  0x000001b03db5b1f0 JavaThread "main" [_thread_blocked, id=3984, stack(0x00000020f3d00000,0x00000020f3e00000)]
  0x000001b0519eaea0 JavaThread "Reference Handler" daemon [_thread_blocked, id=1048, stack(0x00000020f4000000,0x00000020f4100000)]
  0x000001b0519ee130 JavaThread "Finalizer" daemon [_thread_blocked, id=5884, stack(0x00000020f4100000,0x00000020f4200000)]
  0x000001b056d1a680 JavaThread "Signal Dispatcher" daemon [_thread_blocked, id=7812, stack(0x00000020f4200000,0x00000020f4300000)]
  0x000001b056d33b80 JavaThread "Attach Listener" daemon [_thread_blocked, id=7988, stack(0x00000020f4300000,0x00000020f4400000)]
  0x000001b056d34f80 JavaThread "Service Thread" daemon [_thread_blocked, id=5968, stack(0x00000020f4400000,0x00000020f4500000)]
  0x000001b056d38190 JavaThread "Monitor Deflation Thread" daemon [_thread_blocked, id=3768, stack(0x00000020f4500000,0x00000020f4600000)]
=>0x000001b056d415c0 JavaThread "C2 CompilerThread0" daemon [_thread_in_native, id=13628, stack(0x00000020f4600000,0x00000020f4700000)]
  0x000001b056d44ed0 JavaThread "C1 CompilerThread0" daemon [_thread_blocked, id=984, stack(0x00000020f4700000,0x00000020f4800000)]
  0x000001b056d45fc0 JavaThread "Sweeper thread" daemon [_thread_blocked, id=19960, stack(0x00000020f4800000,0x00000020f4900000)]
  0x000001b056d62e00 JavaThread "Common-Cleaner" daemon [_thread_blocked, id=12628, stack(0x00000020f4900000,0x00000020f4a00000)]
  0x000001b057c760a0 JavaThread "Notification Thread" daemon [_thread_blocked, id=18100, stack(0x00000020f4b00000,0x00000020f4c00000)]
  0x000001b0585ddd10 JavaThread "Active Thread: Equinox Container: 596b102d-f276-4f6e-ab0b-6f47764a5581" [_thread_blocked, id=8920, stack(0x00000020f5400000,0x00000020f5500000)]
  0x000001b0585d6bd0 JavaThread "Framework Event Dispatcher: Equinox Container: 596b102d-f276-4f6e-ab0b-6f47764a5581" daemon [_thread_blocked, id=13020, stack(0x00000020f5300000,0x00000020f5400000)]
  0x000001b058219020 JavaThread "Start Level: Equinox Container: 596b102d-f276-4f6e-ab0b-6f47764a5581" daemon [_thread_blocked, id=19104, stack(0x00000020f5500000,0x00000020f5600000)]
  0x000001b058703d70 JavaThread "Bundle File Closer" daemon [_thread_blocked, id=13716, stack(0x00000020f5700000,0x00000020f5800000)]
  0x000001b058abeae0 JavaThread "SCR Component Actor" daemon [_thread_blocked, id=20136, stack(0x00000020f4a00000,0x00000020f4b00000)]
  0x000001b057f11920 JavaThread "Worker-JM" [_thread_blocked, id=16416, stack(0x00000020f5900000,0x00000020f5a00000)]
  0x000001b057f141a0 JavaThread "JNA Cleaner" daemon [_thread_blocked, id=13564, stack(0x00000020f5b00000,0x00000020f5c00000)]
  0x000001b057f12d60 JavaThread "Java indexing" daemon [_thread_blocked, id=5888, stack(0x00000020f5f00000,0x00000020f6000000)]
  0x000001b057f13c90 JavaThread "Thread-2" daemon [_thread_in_native, id=6856, stack(0x00000020f6000000,0x00000020f6100000)]
  0x000001b057f10f00 JavaThread "Thread-3" daemon [_thread_in_native, id=12108, stack(0x00000020f6100000,0x00000020f6200000)]
  0x000001b057f11e30 JavaThread "Thread-4" daemon [_thread_in_native, id=10608, stack(0x00000020f6200000,0x00000020f6300000)]
  0x000001b057f109f0 JavaThread "Thread-5" daemon [_thread_in_native, id=16340, stack(0x00000020f6300000,0x00000020f6400000)]
  0x000001b057f12340 JavaThread "Thread-6" daemon [_thread_in_native, id=9292, stack(0x00000020f6400000,0x00000020f6500000)]
  0x000001b05a3ec0b0 JavaThread "Thread-7" daemon [_thread_in_native, id=972, stack(0x00000020f6500000,0x00000020f6600000)]
  0x000001b05a3e6080 JavaThread "Thread-8" daemon [_thread_in_native, id=5956, stack(0x00000020f6600000,0x00000020f6700000)]
  0x000001b05a3e79d0 JavaThread "Thread-9" daemon [_thread_in_native, id=17636, stack(0x00000020f6700000,0x00000020f6800000)]
  0x000001b05a3ed4f0 JavaThread "Thread-10" daemon [_thread_in_native, id=4676, stack(0x00000020f6800000,0x00000020f6900000)]
  0x000001b05a3e7ee0 JavaThread "pool-2-thread-1" [_thread_blocked, id=1332, stack(0x00000020f6900000,0x00000020f6a00000)]
  0x000001b05a3ecfe0 JavaThread "Worker-2" [_thread_blocked, id=13156, stack(0x00000020f6a00000,0x00000020f6b00000)]
  0x000001b05a3e6590 JavaThread "WorkspaceEventsHandler" [_thread_blocked, id=2248, stack(0x00000020f6b00000,0x00000020f6c00000)]
  0x000001b05a3ea760 JavaThread "pool-1-thread-1" [_thread_blocked, id=10812, stack(0x00000020f6c00000,0x00000020f6d00000)]
  0x000001b05a3e8e10 JavaThread "ForkJoinPool.commonPool-worker-2" daemon [_thread_blocked, id=13860, stack(0x00000020f6f00000,0x00000020f7000000)]
  0x000001b05a3e74c0 JavaThread "ForkJoinPool.commonPool-worker-4" daemon [_thread_blocked, id=16504, stack(0x00000020f7100000,0x00000020f7200000)]
  0x000001b05a3e9830 JavaThread "ForkJoinPool.commonPool-worker-6" daemon [_thread_blocked, id=6596, stack(0x00000020f5e00000,0x00000020f5f00000)]
  0x000001b05a3eb690 JavaThread "ForkJoinPool.commonPool-worker-7" daemon [_thread_blocked, id=12312, stack(0x00000020f7300000,0x00000020f7400000)]
  0x000001b05a9200b0 JavaThread "Cleaner-0" daemon [_thread_blocked, id=15772, stack(0x00000020f7a00000,0x00000020f7b00000)]
  0x000001b05a91b4c0 JavaThread "ForkJoinPool.commonPool-worker-8" daemon [_thread_blocked, id=5244, stack(0x00000020f3a00000,0x00000020f3b00000)]
  0x000001b05a91bee0 JavaThread "Worker-4" [_thread_blocked, id=17256, stack(0x00000020f5a00000,0x00000020f5b00000)]
  0x000001b05a91b9d0 JavaThread "Compiler Source File Reader" daemon [_thread_blocked, id=5128, stack(0x00000020f6d00000,0x00000020f6e00000)]
  0x000001b05a91c3f0 JavaThread "Java Debug Server" daemon [_thread_in_native, id=10516, stack(0x00000020f7400000,0x00000020f7500000)]
  0x000001b05a91c900 JavaThread "RxSchedulerPurge-1" daemon [_thread_blocked, id=16520, stack(0x00000020f7600000,0x00000020f7700000)]
  0x000001b05a91d830 JavaThread "RxCachedWorkerPoolEvictor-1" daemon [_thread_blocked, id=15304, stack(0x00000020f7700000,0x00000020f7800000)]
  0x000001b05a91fba0 JavaThread "ForkJoinPool.commonPool-worker-9" daemon [_thread_blocked, id=19264, stack(0x00000020f3c00000,0x00000020f3d00000)]
  0x000001b05a91dd40 JavaThread "ForkJoinPool.commonPool-worker-11" daemon [_thread_blocked, id=13148, stack(0x00000020f5800000,0x00000020f5900000)]
  0x000001b05a91e250 JavaThread "pool-6-thread-3" [_thread_blocked, id=10052, stack(0x00000020f5c00000,0x00000020f5d00000)]
  0x000001b05a919150 JavaThread "process reaper" daemon [_thread_blocked, id=8688, stack(0x00000020f37d0000,0x00000020f37f0000)]

Other Threads:
  0x000001b03dc0e7c0 VMThread "VM Thread" [stack: 0x00000020f3f00000,0x00000020f4000000] [id=18036]
  0x000001b057c76580 WatcherThread [stack: 0x00000020f4c00000,0x00000020f4d00000] [id=11868]
  0x000001b03db70650 GCTaskThread "GC Thread#0" [stack: 0x00000020f3e00000,0x00000020f3f00000] [id=13352]
  0x000001b05806e030 GCTaskThread "GC Thread#1" [stack: 0x00000020f4d00000,0x00000020f4e00000] [id=7528]
  0x000001b0583e7430 GCTaskThread "GC Thread#2" [stack: 0x00000020f4e00000,0x00000020f4f00000] [id=12336]
  0x000001b0583e76f0 GCTaskThread "GC Thread#3" [stack: 0x00000020f4f00000,0x00000020f5000000] [id=18592]
  0x000001b05806fcf0 GCTaskThread "GC Thread#4" [stack: 0x00000020f5000000,0x00000020f5100000] [id=11772]
  0x000001b05806ffb0 GCTaskThread "GC Thread#5" [stack: 0x00000020f5100000,0x00000020f5200000] [id=18316]
  0x000001b058070270 GCTaskThread "GC Thread#6" [stack: 0x00000020f5200000,0x00000020f5300000] [id=7176]
  0x000001b05846cbb0 GCTaskThread "GC Thread#7" [stack: 0x00000020f5600000,0x00000020f5700000] [id=7644]

Threads with active compile tasks:
C2 CompilerThread0   548452 13865   !   4       org.eclipse.core.internal.registry.osgi.RegistryStrategyOSGI::createExecutableExtension (147 bytes)

VM state: not at safepoint (normal execution)

VM Mutex/Monitor currently owned by a thread: None

Heap address: 0x00000000c0000000, size: 1024 MB, Compressed Oops mode: 32-bit

CDS archive(s) not mapped
Compressed class space mapped at: 0x0000000100000000-0x0000000140000000, reserved size: 1073741824
Narrow klass base: 0x0000000000000000, Narrow klass shift: 3, Narrow klass range: 0x140000000

GC Precious Log:
 CPUs: 8 total, 8 available
 Memory: 7987M
 Large Page Support: Disabled
 NUMA Support: Disabled
 Compressed Oops: Enabled (32-bit)
 Alignments: Space 512K, Generation 512K, Heap 2M
 Heap Min Capacity: 100M
 Heap Initial Capacity: 100M
 Heap Max Capacity: 1G
 Pre-touch: Disabled
 Parallel Workers: 8

Heap:
 PSYoungGen      total 32256K, used 21910K [0x00000000eab00000, 0x00000000ed800000, 0x0000000100000000)
  eden space 31744K, 67% used [0x00000000eab00000,0x00000000ebfe8078,0x00000000eca00000)
  from space 512K, 98% used [0x00000000ed480000,0x00000000ed4fd8f8,0x00000000ed500000)
  to   space 7168K, 0% used [0x00000000eca00000,0x00000000eca00000,0x00000000ed100000)
 ParOldGen       total 172544K, used 150563K [0x00000000c0000000, 0x00000000ca880000, 0x00000000eab00000)
  object space 172544K, 87% used [0x00000000c0000000,0x00000000c9308df8,0x00000000ca880000)
 Metaspace       used 81506K, committed 82944K, reserved 1179648K
  class space    used 8633K, committed 9280K, reserved 1048576K

Card table byte_map: [0x000001b03d520000,0x000001b03d730000] _byte_map_base: 0x000001b03cf20000

Marking Bits: (ParMarkBitMap*) 0x00007ffbaf1e58b0
 Begin Bits: [0x000001b04f7f0000, 0x000001b0507f0000)
 End Bits:   [0x000001b0507f0000, 0x000001b0517f0000)

Polling page: 0x000001b03d310000

Metaspace:

Usage:
  Non-class:     71.17 MB used.
      Class:      8.43 MB used.
       Both:     79.60 MB used.

Virtual space:
  Non-class space:      128.00 MB reserved,      71.94 MB ( 56%) committed,  2 nodes.
      Class space:        1.00 GB reserved,       9.06 MB ( <1%) committed,  1 nodes.
             Both:        1.12 GB reserved,      81.00 MB (  7%) committed. 

Chunk freelists:
   Non-Class:  7.77 MB
       Class:  6.97 MB
        Both:  14.74 MB

MaxMetaspaceSize: unlimited
CompressedClassSpaceSize: 1.00 GB
Initial GC threshold: 21.00 MB
Current GC threshold: 123.69 MB
CDS: off
MetaspaceReclaimPolicy: balanced
 - commit_granule_bytes: 65536.
 - commit_granule_words: 8192.
 - virtual_space_node_default_size: 8388608.
 - enlarge_chunks_in_place: 1.
 - new_chunks_are_fully_committed: 0.
 - uncommit_free_chunks: 1.
 - use_allocation_guard: 0.
 - handle_deallocations: 1.


Internal statistics:

num_allocs_failed_limit: 9.
num_arena_births: 1090.
num_arena_deaths: 36.
num_vsnodes_births: 3.
num_vsnodes_deaths: 0.
num_space_committed: 1296.
num_space_uncommitted: 0.
num_chunks_returned_to_freelist: 54.
num_chunks_taken_from_freelist: 4682.
num_chunk_merges: 14.
num_chunk_splits: 2828.
num_chunks_enlarged: 1558.
num_inconsistent_stats: 0.

CodeHeap 'non-profiled nmethods': size=120000Kb used=8944Kb max_used=8944Kb free=111055Kb
 bounds [0x000001b0482c0000, 0x000001b048b80000, 0x000001b04f7f0000]
CodeHeap 'profiled nmethods': size=120000Kb used=22986Kb max_used=23017Kb free=97013Kb
 bounds [0x000001b0407f0000, 0x000001b041e70000, 0x000001b047d20000]
CodeHeap 'non-nmethods': size=5760Kb used=1419Kb max_used=1467Kb free=4340Kb
 bounds [0x000001b047d20000, 0x000001b047f90000, 0x000001b0482c0000]
 total_blobs=11989 nmethods=11223 adapters=679
 compilation: enabled
              stopped_count=0, restarted_count=0
 full_count=0

Compilation events (20 events):
Event: 528.977 Thread 0x000001b056d415c0 nmethod 13855 0x000001b048b75a90 code [0x000001b048b75dc0, 0x000001b048b778e0]
Event: 529.100 Thread 0x000001b056d415c0 13856       4       java.io.StringWriter::append (6 bytes)
Event: 529.108 Thread 0x000001b056d415c0 nmethod 13856 0x000001b048b78790 code [0x000001b048b78940, 0x000001b048b79268]
Event: 529.138 Thread 0x000001b056d44ed0 13858       3       java.util.concurrent.ForkJoinPool::compareAndExchangeCtl (10 bytes)
Event: 529.139 Thread 0x000001b056d44ed0 nmethod 13858 0x000001b041aa3a10 code [0x000001b041aa3c40, 0x000001b041aa44c8]
Event: 529.139 Thread 0x000001b056d44ed0 13859       3       java.lang.invoke.VarHandleGuards::guard_LJJ_J (88 bytes)
Event: 529.141 Thread 0x000001b056d44ed0 nmethod 13859 0x000001b041aa1310 code [0x000001b041aa1640, 0x000001b041aa3188]
Event: 529.751 Thread 0x000001b056d415c0 13861       4       java.util.concurrent.locks.ReentrantReadWriteLock$ReadLock::lock (9 bytes)
Event: 529.755 Thread 0x000001b056d415c0 nmethod 13861 0x000001b048b79e90 code [0x000001b048b7a040, 0x000001b048b7a390]
Event: 548.386 Thread 0x000001b056d415c0 13862       4       java.lang.Long::parseLong (272 bytes)
Event: 548.391 Thread 0x000001b056d44ed0 13866       3       org.eclipse.core.internal.resources.CharsetManager::getPreferences (13 bytes)
Event: 548.391 Thread 0x000001b056d44ed0 nmethod 13866 0x000001b041aa0f10 code [0x000001b041aa10c0, 0x000001b041aa1258]
Event: 548.392 Thread 0x000001b056d44ed0 13867       3       java.util.concurrent.CopyOnWriteArrayList::<init> (24 bytes)
Event: 548.392 Thread 0x000001b056d44ed0 nmethod 13867 0x000001b041aa0910 code [0x000001b041aa0ac0, 0x000001b041aa0db8]
Event: 548.395 Thread 0x000001b056d415c0 nmethod 13862 0x000001b048b7a710 code [0x000001b048b7a8c0, 0x000001b048b7aed8]
Event: 548.396 Thread 0x000001b056d415c0 13863       4       java.util.ImmutableCollections$SetN::<init> (90 bytes)
Event: 548.398 Thread 0x000001b056d44ed0 13868       1       org.eclipse.lsp4j.TextDocumentIdentifier::getUri (5 bytes)
Event: 548.399 Thread 0x000001b056d44ed0 nmethod 13868 0x000001b048b7b390 code [0x000001b048b7b520, 0x000001b048b7b5f8]
Event: 548.402 Thread 0x000001b056d415c0 nmethod 13863 0x000001b048b7b690 code [0x000001b048b7b840, 0x000001b048b7bd98]
Event: 548.402 Thread 0x000001b056d415c0 13865   !   4       org.eclipse.core.internal.registry.osgi.RegistryStrategyOSGI::createExecutableExtension (147 bytes)

GC Heap History (20 events):
Event: 95.027 GC heap before
{Heap before GC invocations=98 (full 6):
 PSYoungGen      total 50176K, used 49654K [0x00000000eab00000, 0x00000000eea00000, 0x0000000100000000)
  eden space 36864K, 99% used [0x00000000eab00000,0x00000000ecef17d0,0x00000000ecf00000)
  from space 13312K, 96% used [0x00000000edd00000,0x00000000ee98c0a0,0x00000000eea00000)
  to   space 13824K, 0% used [0x00000000ecf00000,0x00000000ecf00000,0x00000000edc80000)
 ParOldGen       total 172544K, used 143477K [0x00000000c0000000, 0x00000000ca880000, 0x00000000eab00000)
  object space 172544K, 83% used [0x00000000c0000000,0x00000000c8c1d508,0x00000000ca880000)
 Metaspace       used 77034K, committed 78336K, reserved 1179648K
  class space    used 8109K, committed 8704K, reserved 1048576K
}
Event: 95.029 GC heap after
{Heap after GC invocations=98 (full 6):
 PSYoungGen      total 38400K, used 1632K [0x00000000eab00000, 0x00000000edd80000, 0x0000000100000000)
  eden space 36352K, 0% used [0x00000000eab00000,0x00000000eab00000,0x00000000ece80000)
  from space 2048K, 79% used [0x00000000ecf00000,0x00000000ed0980a0,0x00000000ed100000)
  to   space 6144K, 0% used [0x00000000ed780000,0x00000000ed780000,0x00000000edd80000)
 ParOldGen       total 172544K, used 143485K [0x00000000c0000000, 0x00000000ca880000, 0x00000000eab00000)
  object space 172544K, 83% used [0x00000000c0000000,0x00000000c8c1f508,0x00000000ca880000)
 Metaspace       used 77034K, committed 78336K, reserved 1179648K
  class space    used 8109K, committed 8704K, reserved 1048576K
}
Event: 178.487 GC heap before
{Heap before GC invocations=99 (full 6):
 PSYoungGen      total 38400K, used 37984K [0x00000000eab00000, 0x00000000edd80000, 0x0000000100000000)
  eden space 36352K, 100% used [0x00000000eab00000,0x00000000ece80000,0x00000000ece80000)
  from space 2048K, 79% used [0x00000000ecf00000,0x00000000ed0980a0,0x00000000ed100000)
  to   space 6144K, 0% used [0x00000000ed780000,0x00000000ed780000,0x00000000edd80000)
 ParOldGen       total 172544K, used 143485K [0x00000000c0000000, 0x00000000ca880000, 0x00000000eab00000)
  object space 172544K, 83% used [0x00000000c0000000,0x00000000c8c1f508,0x00000000ca880000)
 Metaspace       used 80316K, committed 81792K, reserved 1179648K
  class space    used 8553K, committed 9216K, reserved 1048576K
}
Event: 178.489 GC heap after
{Heap after GC invocations=99 (full 6):
 PSYoungGen      total 37888K, used 1745K [0x00000000eab00000, 0x00000000ed980000, 0x0000000100000000)
  eden space 35840K, 0% used [0x00000000eab00000,0x00000000eab00000,0x00000000ece00000)
  from space 2048K, 85% used [0x00000000ed780000,0x00000000ed9344a0,0x00000000ed980000)
  to   space 2560K, 0% used [0x00000000ed480000,0x00000000ed480000,0x00000000ed700000)
 ParOldGen       total 172544K, used 143493K [0x00000000c0000000, 0x00000000ca880000, 0x00000000eab00000)
  object space 172544K, 83% used [0x00000000c0000000,0x00000000c8c21508,0x00000000ca880000)
 Metaspace       used 80316K, committed 81792K, reserved 1179648K
  class space    used 8553K, committed 9216K, reserved 1048576K
}
Event: 268.693 GC heap before
{Heap before GC invocations=100 (full 6):
 PSYoungGen      total 37888K, used 37585K [0x00000000eab00000, 0x00000000ed980000, 0x0000000100000000)
  eden space 35840K, 99% used [0x00000000eab00000,0x00000000ecdffff8,0x00000000ece00000)
  from space 2048K, 85% used [0x00000000ed780000,0x00000000ed9344a0,0x00000000ed980000)
  to   space 2560K, 0% used [0x00000000ed480000,0x00000000ed480000,0x00000000ed700000)
 ParOldGen       total 172544K, used 143493K [0x00000000c0000000, 0x00000000ca880000, 0x00000000eab00000)
  object space 172544K, 83% used [0x00000000c0000000,0x00000000c8c21508,0x00000000ca880000)
 Metaspace       used 80479K, committed 81856K, reserved 1179648K
  class space    used 8557K, committed 9216K, reserved 1048576K
}
Event: 268.695 GC heap after
{Heap after GC invocations=100 (full 6):
 PSYoungGen      total 37376K, used 1873K [0x00000000eab00000, 0x00000000ed800000, 0x0000000100000000)
  eden space 35328K, 0% used [0x00000000eab00000,0x00000000eab00000,0x00000000ecd80000)
  from space 2048K, 91% used [0x00000000ed480000,0x00000000ed6544a0,0x00000000ed680000)
  to   space 1536K, 0% used [0x00000000ed680000,0x00000000ed680000,0x00000000ed800000)
 ParOldGen       total 172544K, used 143501K [0x00000000c0000000, 0x00000000ca880000, 0x00000000eab00000)
  object space 172544K, 83% used [0x00000000c0000000,0x00000000c8c23508,0x00000000ca880000)
 Metaspace       used 80479K, committed 81856K, reserved 1179648K
  class space    used 8557K, committed 9216K, reserved 1048576K
}
Event: 270.042 GC heap before
{Heap before GC invocations=101 (full 6):
 PSYoungGen      total 37376K, used 37201K [0x00000000eab00000, 0x00000000ed800000, 0x0000000100000000)
  eden space 35328K, 100% used [0x00000000eab00000,0x00000000ecd80000,0x00000000ecd80000)
  from space 2048K, 91% used [0x00000000ed480000,0x00000000ed6544a0,0x00000000ed680000)
  to   space 1536K, 0% used [0x00000000ed680000,0x00000000ed680000,0x00000000ed800000)
 ParOldGen       total 172544K, used 143501K [0x00000000c0000000, 0x00000000ca880000, 0x00000000eab00000)
  object space 172544K, 83% used [0x00000000c0000000,0x00000000c8c23508,0x00000000ca880000)
 Metaspace       used 80541K, committed 81920K, reserved 1179648K
  class space    used 8557K, committed 9216K, reserved 1048576K
}
Event: 270.044 GC heap after
{Heap after GC invocations=101 (full 6):
 PSYoungGen      total 36352K, used 1521K [0x00000000eab00000, 0x00000000ed800000, 0x0000000100000000)
  eden space 34816K, 0% used [0x00000000eab00000,0x00000000eab00000,0x00000000ecd00000)
  from space 1536K, 99% used [0x00000000ed680000,0x00000000ed7fc4a0,0x00000000ed800000)
  to   space 2048K, 0% used [0x00000000ed400000,0x00000000ed400000,0x00000000ed600000)
 ParOldGen       total 172544K, used 143685K [0x00000000c0000000, 0x00000000ca880000, 0x00000000eab00000)
  object space 172544K, 83% used [0x00000000c0000000,0x00000000c8c51508,0x00000000ca880000)
 Metaspace       used 80541K, committed 81920K, reserved 1179648K
  class space    used 8557K, committed 9216K, reserved 1048576K
}
Event: 318.696 GC heap before
{Heap before GC invocations=102 (full 6):
 PSYoungGen      total 36352K, used 36337K [0x00000000eab00000, 0x00000000ed800000, 0x0000000100000000)
  eden space 34816K, 100% used [0x00000000eab00000,0x00000000ecd00000,0x00000000ecd00000)
  from space 1536K, 99% used [0x00000000ed680000,0x00000000ed7fc4a0,0x00000000ed800000)
  to   space 2048K, 0% used [0x00000000ed400000,0x00000000ed400000,0x00000000ed600000)
 ParOldGen       total 172544K, used 143685K [0x00000000c0000000, 0x00000000ca880000, 0x00000000eab00000)
  object space 172544K, 83% used [0x00000000c0000000,0x00000000c8c51508,0x00000000ca880000)
 Metaspace       used 80659K, committed 82112K, reserved 1179648K
  class space    used 8559K, committed 9216K, reserved 1048576K
}
Event: 318.698 GC heap after
{Heap after GC invocations=102 (full 6):
 PSYoungGen      total 36352K, used 1857K [0x00000000eab00000, 0x00000000ed700000, 0x0000000100000000)
  eden space 34304K, 0% used [0x00000000eab00000,0x00000000eab00000,0x00000000ecc80000)
  from space 2048K, 90% used [0x00000000ed400000,0x00000000ed5d04d0,0x00000000ed600000)
  to   space 1024K, 0% used [0x00000000ed600000,0x00000000ed600000,0x00000000ed700000)
 ParOldGen       total 172544K, used 143693K [0x00000000c0000000, 0x00000000ca880000, 0x00000000eab00000)
  object space 172544K, 83% used [0x00000000c0000000,0x00000000c8c53508,0x00000000ca880000)
 Metaspace       used 80659K, committed 82112K, reserved 1179648K
  class space    used 8559K, committed 9216K, reserved 1048576K
}
Event: 368.456 GC heap before
{Heap before GC invocations=103 (full 6):
 PSYoungGen      total 36352K, used 36161K [0x00000000eab00000, 0x00000000ed700000, 0x0000000100000000)
  eden space 34304K, 100% used [0x00000000eab00000,0x00000000ecc80000,0x00000000ecc80000)
  from space 2048K, 90% used [0x00000000ed400000,0x00000000ed5d04d0,0x00000000ed600000)
  to   space 1024K, 0% used [0x00000000ed600000,0x00000000ed600000,0x00000000ed700000)
 ParOldGen       total 172544K, used 143693K [0x00000000c0000000, 0x00000000ca880000, 0x00000000eab00000)
  object space 172544K, 83% used [0x00000000c0000000,0x00000000c8c53508,0x00000000ca880000)
 Metaspace       used 80982K, committed 82368K, reserved 1179648K
  class space    used 8585K, committed 9216K, reserved 1048576K
}
Event: 368.458 GC heap after
{Heap after GC invocations=103 (full 6):
 PSYoungGen      total 34816K, used 1009K [0x00000000eab00000, 0x00000000ed700000, 0x0000000100000000)
  eden space 33792K, 0% used [0x00000000eab00000,0x00000000eab00000,0x00000000ecc00000)
  from space 1024K, 98% used [0x00000000ed600000,0x00000000ed6fc4c0,0x00000000ed700000)
  to   space 2048K, 0% used [0x00000000ed300000,0x00000000ed300000,0x00000000ed500000)
 ParOldGen       total 172544K, used 144608K [0x00000000c0000000, 0x00000000ca880000, 0x00000000eab00000)
  object space 172544K, 83% used [0x00000000c0000000,0x00000000c8d38030,0x00000000ca880000)
 Metaspace       used 80982K, committed 82368K, reserved 1179648K
  class space    used 8585K, committed 9216K, reserved 1048576K
}
Event: 399.075 GC heap before
{Heap before GC invocations=104 (full 6):
 PSYoungGen      total 34816K, used 34801K [0x00000000eab00000, 0x00000000ed700000, 0x0000000100000000)
  eden space 33792K, 100% used [0x00000000eab00000,0x00000000ecc00000,0x00000000ecc00000)
  from space 1024K, 98% used [0x00000000ed600000,0x00000000ed6fc4c0,0x00000000ed700000)
  to   space 2048K, 0% used [0x00000000ed300000,0x00000000ed300000,0x00000000ed500000)
 ParOldGen       total 172544K, used 144608K [0x00000000c0000000, 0x00000000ca880000, 0x00000000eab00000)
  object space 172544K, 83% used [0x00000000c0000000,0x00000000c8d38030,0x00000000ca880000)
 Metaspace       used 81044K, committed 82432K, reserved 1179648K
  class space    used 8586K, committed 9216K, reserved 1048576K
}
Event: 399.077 GC heap after
{Heap after GC invocations=104 (full 6):
 PSYoungGen      total 34816K, used 1489K [0x00000000eab00000, 0x00000000ed680000, 0x0000000100000000)
  eden space 33280K, 0% used [0x00000000eab00000,0x00000000eab00000,0x00000000ecb80000)
  from space 1536K, 96% used [0x00000000ed300000,0x00000000ed4744c0,0x00000000ed480000)
  to   space 2048K, 0% used [0x00000000ed480000,0x00000000ed480000,0x00000000ed680000)
 ParOldGen       total 172544K, used 144616K [0x00000000c0000000, 0x00000000ca880000, 0x00000000eab00000)
  object space 172544K, 83% used [0x00000000c0000000,0x00000000c8d3a030,0x00000000ca880000)
 Metaspace       used 81044K, committed 82432K, reserved 1179648K
  class space    used 8586K, committed 9216K, reserved 1048576K
}
Event: 400.363 GC heap before
{Heap before GC invocations=105 (full 6):
 PSYoungGen      total 34816K, used 34769K [0x00000000eab00000, 0x00000000ed680000, 0x0000000100000000)
  eden space 33280K, 100% used [0x00000000eab00000,0x00000000ecb80000,0x00000000ecb80000)
  from space 1536K, 96% used [0x00000000ed300000,0x00000000ed4744c0,0x00000000ed480000)
  to   space 2048K, 0% used [0x00000000ed480000,0x00000000ed480000,0x00000000ed680000)
 ParOldGen       total 172544K, used 144616K [0x00000000c0000000, 0x00000000ca880000, 0x00000000eab00000)
  object space 172544K, 83% used [0x00000000c0000000,0x00000000c8d3a030,0x00000000ca880000)
 Metaspace       used 81083K, committed 82432K, reserved 1179648K
  class space    used 8586K, committed 9216K, reserved 1048576K
}
Event: 400.364 GC heap after
{Heap after GC invocations=105 (full 6):
 PSYoungGen      total 34304K, used 1313K [0x00000000eab00000, 0x00000000ed600000, 0x0000000100000000)
  eden space 32768K, 0% used [0x00000000eab00000,0x00000000eab00000,0x00000000ecb00000)
  from space 1536K, 85% used [0x00000000ed480000,0x00000000ed5c84b0,0x00000000ed600000)
  to   space 1536K, 0% used [0x00000000ed300000,0x00000000ed300000,0x00000000ed480000)
 ParOldGen       total 172544K, used 144624K [0x00000000c0000000, 0x00000000ca880000, 0x00000000eab00000)
  object space 172544K, 83% used [0x00000000c0000000,0x00000000c8d3c030,0x00000000ca880000)
 Metaspace       used 81083K, committed 82432K, reserved 1179648K
  class space    used 8586K, committed 9216K, reserved 1048576K
}
Event: 443.321 GC heap before
{Heap before GC invocations=106 (full 6):
 PSYoungGen      total 34304K, used 34081K [0x00000000eab00000, 0x00000000ed600000, 0x0000000100000000)
  eden space 32768K, 100% used [0x00000000eab00000,0x00000000ecb00000,0x00000000ecb00000)
  from space 1536K, 85% used [0x00000000ed480000,0x00000000ed5c84b0,0x00000000ed600000)
  to   space 1536K, 0% used [0x00000000ed300000,0x00000000ed300000,0x00000000ed480000)
 ParOldGen       total 172544K, used 144624K [0x00000000c0000000, 0x00000000ca880000, 0x00000000eab00000)
  object space 172544K, 83% used [0x00000000c0000000,0x00000000c8d3c030,0x00000000ca880000)
 Metaspace       used 81161K, committed 82560K, reserved 1179648K
  class space    used 8586K, committed 9216K, reserved 1048576K
}
Event: 443.322 GC heap after
{Heap after GC invocations=106 (full 6):
 PSYoungGen      total 33792K, used 1505K [0x00000000eab00000, 0x00000000ed500000, 0x0000000100000000)
  eden space 32256K, 0% used [0x00000000eab00000,0x00000000eab00000,0x00000000eca80000)
  from space 1536K, 97% used [0x00000000ed300000,0x00000000ed4784d0,0x00000000ed480000)
  to   space 512K, 0% used [0x00000000ed480000,0x00000000ed480000,0x00000000ed500000)
 ParOldGen       total 172544K, used 144778K [0x00000000c0000000, 0x00000000ca880000, 0x00000000eab00000)
  object space 172544K, 83% used [0x00000000c0000000,0x00000000c8d62ba8,0x00000000ca880000)
 Metaspace       used 81161K, committed 82560K, reserved 1179648K
  class space    used 8586K, committed 9216K, reserved 1048576K
}
Event: 507.076 GC heap before
{Heap before GC invocations=107 (full 6):
 PSYoungGen      total 33792K, used 33761K [0x00000000eab00000, 0x00000000ed500000, 0x0000000100000000)
  eden space 32256K, 100% used [0x00000000eab00000,0x00000000eca80000,0x00000000eca80000)
  from space 1536K, 97% used [0x00000000ed300000,0x00000000ed4784d0,0x00000000ed480000)
  to   space 512K, 0% used [0x00000000ed480000,0x00000000ed480000,0x00000000ed500000)
 ParOldGen       total 172544K, used 144778K [0x00000000c0000000, 0x00000000ca880000, 0x00000000eab00000)
  object space 172544K, 83% used [0x00000000c0000000,0x00000000c8d62ba8,0x00000000ca880000)
 Metaspace       used 81363K, committed 82752K, reserved 1179648K
  class space    used 8608K, committed 9216K, reserved 1048576K
}
Event: 507.078 GC heap after
{Heap after GC invocations=107 (full 6):
 PSYoungGen      total 32256K, used 502K [0x00000000eab00000, 0x00000000ed800000, 0x0000000100000000)
  eden space 31744K, 0% used [0x00000000eab00000,0x00000000eab00000,0x00000000eca00000)
  from space 512K, 98% used [0x00000000ed480000,0x00000000ed4fd8f8,0x00000000ed500000)
  to   space 7168K, 0% used [0x00000000eca00000,0x00000000eca00000,0x00000000ed100000)
 ParOldGen       total 172544K, used 150563K [0x00000000c0000000, 0x00000000ca880000, 0x00000000eab00000)
  object space 172544K, 87% used [0x00000000c0000000,0x00000000c9308df8,0x00000000ca880000)
 Metaspace       used 81363K, committed 82752K, reserved 1179648K
  class space    used 8608K, committed 9216K, reserved 1048576K
}

Dll operation events (11 events):
Event: 0.014 Loaded shared library c:\Users\Kiet\.vscode\extensions\redhat.java-1.35.1-win32-x64\jre\17.0.12-win32-x86_64\bin\java.dll
Event: 0.282 Loaded shared library c:\Users\Kiet\.vscode\extensions\redhat.java-1.35.1-win32-x64\jre\17.0.12-win32-x86_64\bin\zip.dll
Event: 0.287 Loaded shared library C:\Users\Kiet\.vscode\extensions\redhat.java-1.35.1-win32-x64\jre\17.0.12-win32-x86_64\bin\instrument.dll
Event: 0.307 Loaded shared library C:\Users\Kiet\.vscode\extensions\redhat.java-1.35.1-win32-x64\jre\17.0.12-win32-x86_64\bin\net.dll
Event: 0.310 Loaded shared library C:\Users\Kiet\.vscode\extensions\redhat.java-1.35.1-win32-x64\jre\17.0.12-win32-x86_64\bin\nio.dll
Event: 0.321 Loaded shared library C:\Users\Kiet\.vscode\extensions\redhat.java-1.35.1-win32-x64\jre\17.0.12-win32-x86_64\bin\zip.dll
Event: 0.349 Loaded shared library C:\Users\Kiet\.vscode\extensions\redhat.java-1.35.1-win32-x64\jre\17.0.12-win32-x86_64\bin\jimage.dll
Event: 0.457 Loaded shared library c:\Users\Kiet\.vscode\extensions\redhat.java-1.35.1-win32-x64\jre\17.0.12-win32-x86_64\bin\verify.dll
Event: 6.356 Loaded shared library C:\Users\Kiet\AppData\Roaming\Code\User\globalStorage\redhat.java\1.35.1\config_win\org.eclipse.equinox.launcher\org.eclipse.equinox.launcher.win32.win32.x86_64_1.2.1100.v20240722-2106\eclipse_11904.dll
Event: 12.509 Loaded shared library C:\Users\Kiet\AppData\Local\Temp\jna-2338477\jna937663404263408826.dll
Event: 95.219 Loaded shared library C:\Users\Kiet\.vscode\extensions\redhat.java-1.35.1-win32-x64\jre\17.0.12-win32-x86_64\bin\extnet.dll

Deoptimization events (20 events):
Event: 510.284 Thread 0x000001b05a3ecfe0 Uncommon trap: trap_request=0xffffffbe fr.pc=0x000001b048b498f4 relative=0x00000000000011b4
Event: 510.284 Thread 0x000001b05a3ecfe0 Uncommon trap: reason=profile_predicate action=maybe_recompile pc=0x000001b048b498f4 method=java.lang.StringLatin1.replace([BI[BI[BI)Ljava/lang/String; @ 180 c2
Event: 510.284 Thread 0x000001b05a3ecfe0 DEOPT PACKING pc=0x000001b048b498f4 sp=0x00000020f6afd2f0
Event: 510.284 Thread 0x000001b05a3ecfe0 DEOPT UNPACKING pc=0x000001b047d79ea3 sp=0x00000020f6afd280 mode 2
Event: 510.284 Thread 0x000001b05a3ecfe0 Uncommon trap: trap_request=0xffffffbe fr.pc=0x000001b048b498f4 relative=0x00000000000011b4
Event: 510.284 Thread 0x000001b05a3ecfe0 Uncommon trap: reason=profile_predicate action=maybe_recompile pc=0x000001b048b498f4 method=java.lang.StringLatin1.replace([BI[BI[BI)Ljava/lang/String; @ 180 c2
Event: 510.285 Thread 0x000001b05a3ecfe0 DEOPT PACKING pc=0x000001b048b498f4 sp=0x00000020f6afd2f0
Event: 510.285 Thread 0x000001b05a3ecfe0 DEOPT UNPACKING pc=0x000001b047d79ea3 sp=0x00000020f6afd280 mode 2
Event: 510.325 Thread 0x000001b05a3ecfe0 Uncommon trap: trap_request=0xffffffbe fr.pc=0x000001b048b498f4 relative=0x00000000000011b4
Event: 510.325 Thread 0x000001b05a3ecfe0 Uncommon trap: reason=profile_predicate action=maybe_recompile pc=0x000001b048b498f4 method=java.lang.StringLatin1.replace([BI[BI[BI)Ljava/lang/String; @ 180 c2
Event: 510.325 Thread 0x000001b05a3ecfe0 DEOPT PACKING pc=0x000001b048b498f4 sp=0x00000020f6afd2f0
Event: 510.325 Thread 0x000001b05a3ecfe0 DEOPT UNPACKING pc=0x000001b047d79ea3 sp=0x00000020f6afd280 mode 2
Event: 510.325 Thread 0x000001b05a3ecfe0 Uncommon trap: trap_request=0xffffffbe fr.pc=0x000001b048b498f4 relative=0x00000000000011b4
Event: 510.325 Thread 0x000001b05a3ecfe0 Uncommon trap: reason=profile_predicate action=maybe_recompile pc=0x000001b048b498f4 method=java.lang.StringLatin1.replace([BI[BI[BI)Ljava/lang/String; @ 180 c2
Event: 510.325 Thread 0x000001b05a3ecfe0 DEOPT PACKING pc=0x000001b048b498f4 sp=0x00000020f6afd2f0
Event: 510.325 Thread 0x000001b05a3ecfe0 DEOPT UNPACKING pc=0x000001b047d79ea3 sp=0x00000020f6afd280 mode 2
Event: 510.437 Thread 0x000001b05a3ecfe0 Uncommon trap: trap_request=0xffffffbe fr.pc=0x000001b048b1eb34 relative=0x0000000000000d14
Event: 510.437 Thread 0x000001b05a3ecfe0 Uncommon trap: reason=profile_predicate action=maybe_recompile pc=0x000001b048b1eb34 method=org.eclipse.core.internal.jobs.DeadlockDetector.reduceGraph(ILorg/eclipse/core/runtime/jobs/ISchedulingRule;)V @ 67 c2
Event: 510.437 Thread 0x000001b05a3ecfe0 DEOPT PACKING pc=0x000001b048b1eb34 sp=0x00000020f6aff250
Event: 510.437 Thread 0x000001b05a3ecfe0 DEOPT UNPACKING pc=0x000001b047d79ea3 sp=0x00000020f6aff1f8 mode 2

Classes loaded (20 events):
Event: 96.729 Loading class java/util/concurrent/CompletableFuture$UniHandle
Event: 96.729 Loading class java/util/concurrent/CompletableFuture$UniHandle done
Event: 361.371 Loading class java/util/stream/Nodes$CollectorTask$OfRef
Event: 361.371 Loading class java/util/stream/Nodes$CollectorTask
Event: 361.372 Loading class java/util/stream/AbstractTask
Event: 361.372 Loading class java/util/stream/AbstractTask done
Event: 361.372 Loading class java/util/stream/Nodes$CollectorTask done
Event: 361.372 Loading class java/util/stream/Nodes$CollectorTask$OfRef done
Event: 361.375 Loading class java/util/function/LongFunction
Event: 361.375 Loading class java/util/function/LongFunction done
Event: 361.375 Loading class java/util/stream/Nodes$ConcNode
Event: 361.376 Loading class java/util/stream/Nodes$AbstractConcNode
Event: 361.376 Loading class java/util/stream/Nodes$AbstractConcNode done
Event: 361.376 Loading class java/util/stream/Nodes$ConcNode done
Event: 361.381 Loading class java/io/ObjectOutputStream$BlockDataOutputStream
Event: 361.382 Loading class java/io/ObjectOutputStream$BlockDataOutputStream done
Event: 361.383 Loading class java/io/ObjectOutputStream$HandleTable
Event: 361.383 Loading class java/io/ObjectOutputStream$HandleTable done
Event: 361.383 Loading class java/io/ObjectOutputStream$ReplaceTable
Event: 361.383 Loading class java/io/ObjectOutputStream$ReplaceTable done

Classes unloaded (18 events):
Event: 12.294 Thread 0x000001b03dc0e7c0 Unloading class 0x000000010024a400 'java/lang/invoke/LambdaForm$MH+0x000000010024a400'
Event: 12.294 Thread 0x000001b03dc0e7c0 Unloading class 0x000000010024a000 'java/lang/invoke/LambdaForm$MH+0x000000010024a000'
Event: 12.294 Thread 0x000001b03dc0e7c0 Unloading class 0x0000000100249c00 'java/lang/invoke/LambdaForm$MH+0x0000000100249c00'
Event: 12.294 Thread 0x000001b03dc0e7c0 Unloading class 0x0000000100249800 'java/lang/invoke/LambdaForm$MH+0x0000000100249800'
Event: 12.294 Thread 0x000001b03dc0e7c0 Unloading class 0x0000000100249400 'java/lang/invoke/LambdaForm$BMH+0x0000000100249400'
Event: 12.294 Thread 0x000001b03dc0e7c0 Unloading class 0x0000000100249000 'java/lang/invoke/LambdaForm$DMH+0x0000000100249000'
Event: 12.294 Thread 0x000001b03dc0e7c0 Unloading class 0x0000000100244400 'java/lang/invoke/LambdaForm$DMH+0x0000000100244400'
Event: 64.855 Thread 0x000001b03dc0e7c0 Unloading class 0x0000000100778800 'java/lang/invoke/LambdaForm$MH+0x0000000100778800'
Event: 64.855 Thread 0x000001b03dc0e7c0 Unloading class 0x0000000100778000 'java/lang/invoke/LambdaForm$MH+0x0000000100778000'
Event: 64.855 Thread 0x000001b03dc0e7c0 Unloading class 0x0000000100775400 'java/lang/invoke/LambdaForm$MH+0x0000000100775400'
Event: 64.855 Thread 0x000001b03dc0e7c0 Unloading class 0x0000000100775000 'java/lang/invoke/LambdaForm$DMH+0x0000000100775000'
Event: 64.855 Thread 0x000001b03dc0e7c0 Unloading class 0x0000000100774800 'java/lang/invoke/LambdaForm$DMH+0x0000000100774800'
Event: 64.855 Thread 0x000001b03dc0e7c0 Unloading class 0x0000000100759400 'java/lang/invoke/LambdaForm$DMH+0x0000000100759400'
Event: 64.855 Thread 0x000001b03dc0e7c0 Unloading class 0x0000000100758c00 'java/lang/invoke/LambdaForm$DMH+0x0000000100758c00'
Event: 64.855 Thread 0x000001b03dc0e7c0 Unloading class 0x0000000100758400 'java/lang/invoke/LambdaForm$DMH+0x0000000100758400'
Event: 64.855 Thread 0x000001b03dc0e7c0 Unloading class 0x000000010074c800 'java/lang/invoke/LambdaForm$DMH+0x000000010074c800'
Event: 64.855 Thread 0x000001b03dc0e7c0 Unloading class 0x0000000100738800 'java/lang/invoke/LambdaForm$DMH+0x0000000100738800'
Event: 64.855 Thread 0x000001b03dc0e7c0 Unloading class 0x0000000100738400 'java/lang/invoke/LambdaForm$DMH+0x0000000100738400'

Classes redefined (0 events):
No events

Internal exceptions (20 events):
Event: 400.764 Thread 0x000001b05a91bee0 Exception <a 'sun/nio/fs/WindowsException'{0x00000000eb89fec0}> (0x00000000eb89fec0) 
thrown [s\src\hotspot\share\prims\jni.cpp, line 516]
Event: 400.765 Thread 0x000001b05a91bee0 Exception <a 'sun/nio/fs/WindowsException'{0x00000000eb8a1658}> (0x00000000eb8a1658) 
thrown [s\src\hotspot\share\prims\jni.cpp, line 516]
Event: 400.766 Thread 0x000001b05a91bee0 Exception <a 'sun/nio/fs/WindowsException'{0x00000000eb8a2df8}> (0x00000000eb8a2df8) 
thrown [s\src\hotspot\share\prims\jni.cpp, line 516]
Event: 400.767 Thread 0x000001b05a91bee0 Exception <a 'sun/nio/fs/WindowsException'{0x00000000eb8a44e0}> (0x00000000eb8a44e0) 
thrown [s\src\hotspot\share\prims\jni.cpp, line 516]
Event: 400.768 Thread 0x000001b05a91bee0 Exception <a 'sun/nio/fs/WindowsException'{0x00000000eb8a5e68}> (0x00000000eb8a5e68) 
thrown [s\src\hotspot\share\prims\jni.cpp, line 516]
Event: 400.769 Thread 0x000001b05a91bee0 Exception <a 'sun/nio/fs/WindowsException'{0x00000000eb8a7690}> (0x00000000eb8a7690) 
thrown [s\src\hotspot\share\prims\jni.cpp, line 516]
Event: 400.769 Thread 0x000001b05a91bee0 Exception <a 'sun/nio/fs/WindowsException'{0x00000000eb8a90b0}> (0x00000000eb8a90b0) 
thrown [s\src\hotspot\share\prims\jni.cpp, line 516]
Event: 443.334 Thread 0x000001b05a91fba0 Exception <a 'sun/nio/fs/WindowsException'{0x00000000eac1c198}> (0x00000000eac1c198) 
thrown [s\src\hotspot\share\prims\jni.cpp, line 516]
Event: 443.334 Thread 0x000001b05a91fba0 Exception <a 'sun/nio/fs/WindowsException'{0x00000000eac1cca0}> (0x00000000eac1cca0) 
thrown [s\src\hotspot\share\prims\jni.cpp, line 516]
Event: 443.334 Thread 0x000001b05a91fba0 Exception <a 'sun/nio/fs/WindowsException'{0x00000000eac1df38}> (0x00000000eac1df38) 
thrown [s\src\hotspot\share\prims\jni.cpp, line 516]
Event: 443.334 Thread 0x000001b05a91fba0 Exception <a 'sun/nio/fs/WindowsException'{0x00000000eac1ea20}> (0x00000000eac1ea20) 
thrown [s\src\hotspot\share\prims\jni.cpp, line 516]
Event: 443.334 Thread 0x000001b05a91fba0 Exception <a 'sun/nio/fs/WindowsException'{0x00000000eac20760}> (0x00000000eac20760) 
thrown [s\src\hotspot\share\prims\jni.cpp, line 516]
Event: 443.334 Thread 0x000001b05a91fba0 Exception <a 'sun/nio/fs/WindowsException'{0x00000000eac20fa0}> (0x00000000eac20fa0) 
thrown [s\src\hotspot\share\prims\jni.cpp, line 516]
Event: 443.336 Thread 0x000001b05a91fba0 Exception <a 'sun/nio/fs/WindowsException'{0x00000000eac3d078}> (0x00000000eac3d078) 
thrown [s\src\hotspot\share\prims\jni.cpp, line 516]
Event: 443.336 Thread 0x000001b05a91fba0 Exception <a 'sun/nio/fs/WindowsException'{0x00000000eac3ddb8}> (0x00000000eac3ddb8) 
thrown [s\src\hotspot\share\prims\jni.cpp, line 516]
Event: 443.547 Thread 0x000001b05a91f690 Exception <a 'sun/nio/fs/WindowsException'{0x00000000ebea27a8}> (0x00000000ebea27a8) 
thrown [s\src\hotspot\share\prims\jni.cpp, line 516]
Event: 443.547 Thread 0x000001b05a91f690 Exception <a 'sun/nio/fs/WindowsException'{0x00000000ebea2a78}> (0x00000000ebea2a78) 
thrown [s\src\hotspot\share\prims\jni.cpp, line 516]
Event: 443.547 Thread 0x000001b05a91f690 Exception <a 'sun/nio/fs/WindowsException'{0x00000000ebea33d8}> (0x00000000ebea33d8) 
thrown [s\src\hotspot\share\prims\jni.cpp, line 516]
Event: 443.547 Thread 0x000001b05a91f690 Exception <a 'sun/nio/fs/WindowsException'{0x00000000ebea36a8}> (0x00000000ebea36a8) 
thrown [s\src\hotspot\share\prims\jni.cpp, line 516]
Event: 507.012 Thread 0x000001b05a91fba0 Exception <a 'java/lang/NoSuchMethodError'{0x00000000ebfd3838}: 'java.lang.Object java.lang.invoke.DirectMethodHandle$Holder.invokeStaticInit(java.lang.Object, java.lang.Object, java.lang.Object)'> (0x00000000ebfd3838) 
thrown [s\src\hotspot\share\interpreter\linkResolver.cpp, line 759]

VM Operations (20 events):
Event: 443.321 Executing VM operation: ParallelGCFailedAllocation
Event: 443.322 Executing VM operation: ParallelGCFailedAllocation done
Event: 444.323 Executing VM operation: Cleanup
Event: 444.323 Executing VM operation: Cleanup done
Event: 481.026 Executing VM operation: HandshakeAllThreads
Event: 481.026 Executing VM operation: HandshakeAllThreads done
Event: 507.076 Executing VM operation: ParallelGCFailedAllocation
Event: 507.078 Executing VM operation: ParallelGCFailedAllocation done
Event: 507.103 Executing VM operation: HandshakeAllThreads
Event: 507.103 Executing VM operation: HandshakeAllThreads done
Event: 508.115 Executing VM operation: Cleanup
Event: 508.115 Executing VM operation: Cleanup done
Event: 511.146 Executing VM operation: Cleanup
Event: 511.146 Executing VM operation: Cleanup done
Event: 517.183 Executing VM operation: Cleanup
Event: 517.183 Executing VM operation: Cleanup done
Event: 529.274 Executing VM operation: Cleanup
Event: 529.274 Executing VM operation: Cleanup done
Event: 530.274 Executing VM operation: Cleanup
Event: 530.274 Executing VM operation: Cleanup done

Events (20 events):
Event: 369.127 Thread 0x000001b05b329020 Thread exited: 0x000001b05b329020
Event: 369.135 Thread 0x000001b05a91dd40 Thread exited: 0x000001b05a91dd40
Event: 399.149 Thread 0x000001b05a919150 Thread exited: 0x000001b05a919150
Event: 400.657 Thread 0x000001b05b328580 Thread added: 0x000001b05b328580
Event: 405.360 Thread 0x000001b05b328580 Thread exited: 0x000001b05b328580
Event: 429.210 Thread 0x000001b05a91e250 Thread exited: 0x000001b05a91e250
Event: 429.210 Thread 0x000001b05a91f690 Thread exited: 0x000001b05a91f690
Event: 439.468 Thread 0x000001b05a91dd40 Thread added: 0x000001b05a91dd40
Event: 440.768 Thread 0x000001b05b328580 Thread added: 0x000001b05b328580
Event: 443.302 Thread 0x000001b05b328580 Thread exited: 0x000001b05b328580
Event: 443.537 Thread 0x000001b05a91e250 Thread added: 0x000001b05a91e250
Event: 443.539 Thread 0x000001b05a91f690 Thread added: 0x000001b05a91f690
Event: 443.548 Thread 0x000001b05a919150 Thread added: 0x000001b05a919150
Event: 443.764 Thread 0x000001b05a91a080 Thread added: 0x000001b05a91a080
Event: 443.765 Thread 0x000001b05a919150 Thread exited: 0x000001b05a919150
Event: 443.855 Thread 0x000001b05a919150 Thread added: 0x000001b05a919150
Event: 443.855 Thread 0x000001b05a91a080 Thread exited: 0x000001b05a91a080
Event: 507.097 Thread 0x000001b05b329020 Thread added: 0x000001b05b329020
Event: 510.149 Thread 0x000001b05b329020 Thread exited: 0x000001b05b329020
Event: 529.100 Thread 0x000001b05a91f690 Thread exited: 0x000001b05a91f690


Dynamic libraries:
0x00007ff6e4170000 - 0x00007ff6e417e000 	c:\Users\Kiet\.vscode\extensions\redhat.java-1.35.1-win32-x64\jre\17.0.12-win32-x86_64\bin\java.exe
0x00007ffc018b0000 - 0x00007ffc01ac7000 	C:\WINDOWS\SYSTEM32\ntdll.dll
0x00007ffc012a0000 - 0x00007ffc01364000 	C:\WINDOWS\System32\KERNEL32.DLL
0x00007ffbff200000 - 0x00007ffbff5ad000 	C:\WINDOWS\System32\KERNELBASE.dll
0x00007ffbfebd0000 - 0x00007ffbfece1000 	C:\WINDOWS\System32\ucrtbase.dll
0x00007ffbf5d60000 - 0x00007ffbf5d7b000 	c:\Users\Kiet\.vscode\extensions\redhat.java-1.35.1-win32-x64\jre\17.0.12-win32-x86_64\bin\VCRUNTIME140.dll
0x00007ffbf5d40000 - 0x00007ffbf5d57000 	c:\Users\Kiet\.vscode\extensions\redhat.java-1.35.1-win32-x64\jre\17.0.12-win32-x86_64\bin\jli.dll
0x00007ffc00170000 - 0x00007ffc0031e000 	C:\WINDOWS\System32\USER32.dll
0x00007ffbe7fb0000 - 0x00007ffbe8243000 	C:\WINDOWS\WinSxS\amd64_microsoft.windows.common-controls_6595b64144ccf1df_6.0.22621.3672_none_2713b9d173822955\COMCTL32.dll
0x00007ffbff1d0000 - 0x00007ffbff1f6000 	C:\WINDOWS\System32\win32u.dll
0x00007ffc010d0000 - 0x00007ffc01177000 	C:\WINDOWS\System32\msvcrt.dll
0x00007ffc005f0000 - 0x00007ffc00619000 	C:\WINDOWS\System32\GDI32.dll
0x00007ffbfecf0000 - 0x00007ffbfee09000 	C:\WINDOWS\System32\gdi32full.dll
0x00007ffbfef40000 - 0x00007ffbfefda000 	C:\WINDOWS\System32\msvcp_win.dll
0x00007ffc00790000 - 0x00007ffc007c1000 	C:\WINDOWS\System32\IMM32.DLL
0x00007ffbfacf0000 - 0x00007ffbfacfc000 	c:\Users\Kiet\.vscode\extensions\redhat.java-1.35.1-win32-x64\jre\17.0.12-win32-x86_64\bin\vcruntime140_1.dll
0x00007ffbcc970000 - 0x00007ffbcc9fd000 	c:\Users\Kiet\.vscode\extensions\redhat.java-1.35.1-win32-x64\jre\17.0.12-win32-x86_64\bin\msvcp140.dll
0x00007ffbae640000 - 0x00007ffbaf2aa000 	c:\Users\Kiet\.vscode\extensions\redhat.java-1.35.1-win32-x64\jre\17.0.12-win32-x86_64\bin\server\jvm.dll
0x00007ffc01370000 - 0x00007ffc01422000 	C:\WINDOWS\System32\ADVAPI32.dll
0x00007ffc00380000 - 0x00007ffc00429000 	C:\WINDOWS\System32\sechost.dll
0x00007ffbff5b0000 - 0x00007ffbff5d8000 	C:\WINDOWS\System32\bcrypt.dll
0x00007ffc00dd0000 - 0x00007ffc00ee4000 	C:\WINDOWS\System32\RPCRT4.dll
0x00007ffc00c50000 - 0x00007ffc00cc1000 	C:\WINDOWS\System32\WS2_32.dll
0x00007ffbfa360000 - 0x00007ffbfa394000 	C:\WINDOWS\SYSTEM32\WINMM.dll
0x00007ffbfeaa0000 - 0x00007ffbfeaed000 	C:\WINDOWS\SYSTEM32\POWRPROF.dll
0x00007ffbfa590000 - 0x00007ffbfa59a000 	C:\WINDOWS\SYSTEM32\VERSION.dll
0x00007ffbfea80000 - 0x00007ffbfea93000 	C:\WINDOWS\SYSTEM32\UMPDC.dll
0x00007ffbfdc20000 - 0x00007ffbfdc38000 	C:\WINDOWS\SYSTEM32\kernel.appcore.dll
0x00007ffbf7b70000 - 0x00007ffbf7b7a000 	c:\Users\Kiet\.vscode\extensions\redhat.java-1.35.1-win32-x64\jre\17.0.12-win32-x86_64\bin\jimage.dll
0x00007ffbfc490000 - 0x00007ffbfc6c2000 	C:\WINDOWS\SYSTEM32\DBGHELP.DLL
0x00007ffc01430000 - 0x00007ffc017be000 	C:\WINDOWS\System32\combase.dll
0x00007ffbff810000 - 0x00007ffbff8e7000 	C:\WINDOWS\System32\OLEAUT32.dll
0x00007ffbe7ee0000 - 0x00007ffbe7f12000 	C:\WINDOWS\SYSTEM32\dbgcore.DLL
0x00007ffbff150000 - 0x00007ffbff1cb000 	C:\WINDOWS\System32\bcryptPrimitives.dll
0x00007ffbf6fc0000 - 0x00007ffbf6fce000 	c:\Users\Kiet\.vscode\extensions\redhat.java-1.35.1-win32-x64\jre\17.0.12-win32-x86_64\bin\instrument.dll
0x00007ffbeb860000 - 0x00007ffbeb885000 	c:\Users\Kiet\.vscode\extensions\redhat.java-1.35.1-win32-x64\jre\17.0.12-win32-x86_64\bin\java.dll
0x00007ffbeb840000 - 0x00007ffbeb858000 	c:\Users\Kiet\.vscode\extensions\redhat.java-1.35.1-win32-x64\jre\17.0.12-win32-x86_64\bin\zip.dll
0x00007ffbff8f0000 - 0x00007ffc00157000 	C:\WINDOWS\System32\SHELL32.dll
0x00007ffbfcb50000 - 0x00007ffbfd44f000 	C:\WINDOWS\SYSTEM32\windows.storage.dll
0x00007ffbfca10000 - 0x00007ffbfcb4f000 	C:\WINDOWS\SYSTEM32\wintypes.dll
0x00007ffc00cd0000 - 0x00007ffc00dc9000 	C:\WINDOWS\System32\SHCORE.dll
0x00007ffc01240000 - 0x00007ffc0129e000 	C:\WINDOWS\System32\shlwapi.dll
0x00007ffbfeb00000 - 0x00007ffbfeb27000 	C:\WINDOWS\SYSTEM32\profapi.dll
0x00007ffbeb700000 - 0x00007ffbeb719000 	C:\Users\Kiet\.vscode\extensions\redhat.java-1.35.1-win32-x64\jre\17.0.12-win32-x86_64\bin\net.dll
0x00007ffbfab20000 - 0x00007ffbfac56000 	C:\WINDOWS\SYSTEM32\WINHTTP.dll
0x00007ffbfe090000 - 0x00007ffbfe0f9000 	C:\WINDOWS\system32\mswsock.dll
0x00007ffbe5df0000 - 0x00007ffbe5e06000 	C:\Users\Kiet\.vscode\extensions\redhat.java-1.35.1-win32-x64\jre\17.0.12-win32-x86_64\bin\nio.dll
0x00007ffbf5cb0000 - 0x00007ffbf5cc0000 	c:\Users\Kiet\.vscode\extensions\redhat.java-1.35.1-win32-x64\jre\17.0.12-win32-x86_64\bin\verify.dll
0x00007ffbeb960000 - 0x00007ffbeb9a5000 	C:\Users\Kiet\AppData\Roaming\Code\User\globalStorage\redhat.java\1.35.1\config_win\org.eclipse.equinox.launcher\org.eclipse.equinox.launcher.win32.win32.x86_64_1.2.1100.v20240722-2106\eclipse_11904.dll
0x00007ffc00440000 - 0x00007ffc005e5000 	C:\WINDOWS\System32\ole32.dll
0x00007ffbfe2e0000 - 0x00007ffbfe2fb000 	C:\WINDOWS\SYSTEM32\CRYPTSP.dll
0x00007ffbfdb80000 - 0x00007ffbfdbb5000 	C:\WINDOWS\system32\rsaenh.dll
0x00007ffbfe180000 - 0x00007ffbfe1a8000 	C:\WINDOWS\SYSTEM32\USERENV.dll
0x00007ffbfe300000 - 0x00007ffbfe30c000 	C:\WINDOWS\SYSTEM32\CRYPTBASE.dll
0x00007ffbfd6b0000 - 0x00007ffbfd6dd000 	C:\WINDOWS\SYSTEM32\IPHLPAPI.DLL
0x00007ffc00780000 - 0x00007ffc00789000 	C:\WINDOWS\System32\NSI.dll
0x00007ffbfab00000 - 0x00007ffbfab19000 	C:\WINDOWS\SYSTEM32\dhcpcsvc6.DLL
0x00007ffbfaa30000 - 0x00007ffbfaa4f000 	C:\WINDOWS\SYSTEM32\dhcpcsvc.DLL
0x00007ffbfd720000 - 0x00007ffbfd818000 	C:\WINDOWS\SYSTEM32\DNSAPI.dll
0x00007ffbeb8c0000 - 0x00007ffbeb909000 	C:\Users\Kiet\AppData\Local\Temp\jna-2338477\jna937663404263408826.dll
0x00007ffc01180000 - 0x00007ffc01188000 	C:\WINDOWS\System32\PSAPI.DLL
0x00007ffbfdd30000 - 0x00007ffbfdd64000 	C:\WINDOWS\SYSTEM32\ntmarta.dll
0x00007ffbfa460000 - 0x00007ffbfa469000 	C:\Users\Kiet\.vscode\extensions\redhat.java-1.35.1-win32-x64\jre\17.0.12-win32-x86_64\bin\extnet.dll

dbghelp: loaded successfully - version: 4.0.5 - missing functions: none
symbol engine: initialized successfully - sym options: 0x614 - pdb path: .;c:\Users\Kiet\.vscode\extensions\redhat.java-1.35.1-win32-x64\jre\17.0.12-win32-x86_64\bin;C:\WINDOWS\SYSTEM32;C:\WINDOWS\WinSxS\amd64_microsoft.windows.common-controls_6595b64144ccf1df_6.0.22621.3672_none_2713b9d173822955;c:\Users\Kiet\.vscode\extensions\redhat.java-1.35.1-win32-x64\jre\17.0.12-win32-x86_64\bin\server;C:\Users\Kiet\AppData\Roaming\Code\User\globalStorage\redhat.java\1.35.1\config_win\org.eclipse.equinox.launcher\org.eclipse.equinox.launcher.win32.win32.x86_64_1.2.1100.v20240722-2106;C:\Users\Kiet\AppData\Local\Temp\jna-2338477

VM Arguments:
jvm_args: --add-modules=ALL-SYSTEM --add-opens=java.base/java.util=ALL-UNNAMED --add-opens=java.base/java.lang=ALL-UNNAMED --add-opens=java.base/sun.nio.fs=ALL-UNNAMED -Declipse.application=org.eclipse.jdt.ls.core.id1 -Dosgi.bundles.defaultStartLevel=4 -Declipse.product=org.eclipse.jdt.ls.core.product -Djava.import.generatesMetadataFilesAtProjectRoot=false -DDetectVMInstallationsJob.disabled=true -Dfile.encoding=utf8 -XX:+UseParallelGC -XX:GCTimeRatio=4 -XX:AdaptiveSizePolicyWeight=90 -Dsun.zip.disableMemoryMapping=true -Xmx1G -Xms100m -Xlog:disable -javaagent:c:\Users\Kiet\.vscode\extensions\redhat.java-1.35.1-win32-x64\lombok\lombok-1.18.33.jar -XX:+HeapDumpOnOutOfMemoryError -XX:HeapDumpPath=c:\Users\Kiet\AppData\Roaming\Code\User\workspaceStorage\a71174b1d402feb6f45fdbc2b12219ee\redhat.java -Daether.dependencyCollector.impl=bf 
java_command: c:\Users\Kiet\.vscode\extensions\redhat.java-1.35.1-win32-x64\server\plugins\org.eclipse.equinox.launcher_1.6.900.v20240613-2009.jar -configuration c:\Users\Kiet\AppData\Roaming\Code\User\globalStorage\redhat.java\1.35.1\config_win -data c:\Users\Kiet\AppData\Roaming\Code\User\workspaceStorage\a71174b1d402feb6f45fdbc2b12219ee\redhat.java\jdt_ws --pipe=\\.\pipe\lsp-3b194044ed979a4ea8c5a59c000d5d5f-sock
java_class_path (initial): c:\Users\Kiet\.vscode\extensions\redhat.java-1.35.1-win32-x64\server\plugins\org.eclipse.equinox.launcher_1.6.900.v20240613-2009.jar
Launcher Type: SUN_STANDARD

[Global flags]
    uintx AdaptiveSizePolicyWeight                 = 90                                        {product} {command line}
     intx CICompilerCount                          = 4                                         {product} {ergonomic}
    uintx GCTimeRatio                              = 4                                         {product} {command line}
     bool HeapDumpOnOutOfMemoryError               = true                                   {manageable} {command line}
    ccstr HeapDumpPath                             = c:\Users\Kiet\AppData\Roaming\Code\User\workspaceStorage\a71174b1d402feb6f45fdbc2b12219ee\redhat.java         {manageable} {command line}
   size_t InitialHeapSize                          = 104857600                                 {product} {command line}
   size_t MaxHeapSize                              = 1073741824                                {product} {command line}
   size_t MaxNewSize                               = 357564416                                 {product} {ergonomic}
   size_t MinHeapDeltaBytes                        = 524288                                    {product} {ergonomic}
   size_t MinHeapSize                              = 104857600                                 {product} {command line}
   size_t NewSize                                  = 34603008                                  {product} {ergonomic}
    uintx NonNMethodCodeHeapSize                   = 5839372                                {pd product} {ergonomic}
    uintx NonProfiledCodeHeapSize                  = 122909434                              {pd product} {ergonomic}
   size_t OldSize                                  = 70254592                                  {product} {ergonomic}
    uintx ProfiledCodeHeapSize                     = 122909434                              {pd product} {ergonomic}
    uintx ReservedCodeCacheSize                    = 251658240                              {pd product} {ergonomic}
     bool SegmentedCodeCache                       = true                                      {product} {ergonomic}
   size_t SoftMaxHeapSize                          = 1073741824                             {manageable} {ergonomic}
     bool UseCompressedClassPointers               = true                           {product lp64_product} {ergonomic}
     bool UseCompressedOops                        = true                           {product lp64_product} {ergonomic}
     bool UseLargePagesIndividualAllocation        = false                                  {pd product} {ergonomic}
     bool UseParallelGC                            = true                                      {product} {command line}

Logging:
Log output configuration:
 #0: stdout all=off uptime,level,tags
 #1: stderr all=off uptime,level,tags

Environment Variables:
JAVA_HOME=C:\Program Files\Java\jdk-22
PATH=C:\Program Files (x86)\Common Files\Oracle\Java\java8path;C:\Program Files (x86)\Common Files\Oracle\Java\javapath;C:\WINDOWS\system32;C:\WINDOWS;C:\WINDOWS\System32\Wbem;C:\WINDOWS\System32\WindowsPowerShell\v1.0\;C:\WINDOWS\System32\OpenSSH\;C:\Program Files\dotnet\;C:\Program Files\Java\jdk-11\bin;C:\Program Files (x86)\Microsoft SQL Server\160\Tools\Binn\;C:\Program Files\Microsoft SQL Server\160\Tools\Binn\;C:\Program Files\Microsoft SQL Server\Client SDK\ODBC\170\Tools\Binn\;C:\Program Files\Microsoft SQL Server\160\DTS\Binn\;C:\Program Files (x86)\Microsoft SQL Server\160\DTS\Binn\;C:\Program Files\Azure Data Studio\bin;C:\Program Files\apache-maven-3.9.6\bin;C:\Program Files\Git\cmd;C:\Program Files\Java\jdk-22\bin;C:\Users\Kiet\AppData\Local\Programs\Python\Python38;C:\Users\Kiet\AppData\Local\Programs\Python\Python38\Scripts;C:\Program Files\CMake\bin;C:\Program Files\PostgreSQL\17\bin;C:\Users\Kiet\anaconda3\Scripts;C:\Program Files\nodejs\;C:\Users\Kiet\AppData\Local\Microsoft\WindowsApps;C:\Users\Kiet\AppData\Local\Programs\Microsoft VS Code\bin;C:\Users\Kiet\.dotnet\tools;C:\Program Files\Azure Data Studio\bin;C:\Users\Kiet\AppData\Roaming\npm
USERNAME=Kiet
OS=Windows_NT
PROCESSOR_IDENTIFIER=Intel64 Family 6 Model 126 Stepping 5, GenuineIntel
TMP=C:\Users\Kiet\AppData\Local\Temp
TEMP=C:\Users\Kiet\AppData\Local\Temp



Periodic native trim disabled


---------------  S Y S T E M  ---------------

OS:
 Windows 11 , 64 bit Build 22621 (10.0.22621.3958)
OS uptime: 1 days 0:40 hours

CPU: total 8 (initial active 8) (4 cores per cpu, 2 threads per core) family 6 model 126 stepping 5 microcode 0xa6, cx8, cmov, fxsr, ht, mmx, 3dnowpref, sse, sse2, sse3, ssse3, sse4.1, sse4.2, popcnt, lzcnt, tsc, tscinvbit, avx, avx2, aes, erms, clmul, bmi1, bmi2, adx, avx512f, avx512dq, avx512cd, avx512bw, avx512vl, sha, fma, vzeroupper, avx512_vpopcntdq, avx512_vpclmulqdq, avx512_vaes, avx512_vnni, clflush, clflushopt, avx512_vbmi2, avx512_vbmi
Processor Information for all 8 processors :
  Max Mhz: 1190, Current Mhz: 991, Mhz Limit: 987

Memory: 4k page, system-wide physical 7987M (666M free)
TotalPageFile size 10035M (AvailPageFile size 4M)
current process WorkingSet (physical memory assigned to process): 393M, peak: 440M
current process commit charge ("private bytes"): 453M, peak: 506M

vm_info: OpenJDK 64-Bit Server VM (17.0.12+7) for windows-amd64 JRE (17.0.12+7), built on Jul 16 2024 22:08:24 by "admin" with MS VC++ 16.10 / 16.11 (VS2019)

END.
