#
# There is insufficient memory for the Java Runtime Environment to continue.
# Native memory allocation (malloc) failed to allocate 1048576 bytes. Error detail: AllocateHeap
# Possible reasons:
#   The system is out of physical RAM or swap space
#   This process is running with CompressedOops enabled, and the Java Heap may be blocking the growth of the native heap
# Possible solutions:
#   Reduce memory load on the system
#   Increase physical memory or swap space
#   Check if swap backing store is full
#   Decrease Java heap size (-Xmx/-Xms)
#   Decrease number of Java threads
#   Decrease Java thread stack sizes (-Xss)
#   Set larger code cache with -XX:ReservedCodeCacheSize=
#   JVM is running with Unscaled Compressed Oops mode in which the Java heap is
#     placed in the first 4GB address space. The Java Heap base address is the
#     maximum limit for the native heap growth. Please use -XX:HeapBaseMinAddress
#     to set the Java Heap base and to place the Java Heap above 4GB virtual address.
# This output file may be truncated or incomplete.
#
#  Out of Memory Error (allocation.cpp:44), pid=21320, tid=8640
#
# JRE version:  (22.0.2+9) (build )
# Java VM: Java HotSpot(TM) 64-Bit Server VM (22.0.2+9-70, mixed mode, sharing, tiered, compressed oops, compressed class ptrs, parallel gc, windows-amd64)
# No core dump will be written. Minidumps are not enabled by default on client versions of Windows
#

---------------  S U M M A R Y ------------

Command Line: --add-modules=ALL-SYSTEM --add-opens=java.base/java.util=ALL-UNNAMED --add-opens=java.base/java.lang=ALL-UNNAMED --add-opens=java.base/sun.nio.fs=ALL-UNNAMED -Declipse.application=org.eclipse.jdt.ls.core.id1 -Dosgi.bundles.defaultStartLevel=4 -Declipse.product=org.eclipse.jdt.ls.core.product -Djava.import.generatesMetadataFilesAtProjectRoot=false -DDetectVMInstallationsJob.disabled=true -Dfile.encoding=utf8 -XX:+UseParallelGC -XX:GCTimeRatio=4 -XX:AdaptiveSizePolicyWeight=90 -Dsun.zip.disableMemoryMapping=true -Xmx1G -Xms100m -Xlog:disable -javaagent:c:\Users\Kiet\.vscode\extensions\redhat.java-1.36.0\lombok\lombok-1.18.35.jar -XX:+HeapDumpOnOutOfMemoryError -XX:HeapDumpPath=c:\Users\Kiet\AppData\Roaming\Code\User\workspaceStorage\bacffae7d29c3e7f06ec343f93caa3f1\redhat.java -Daether.dependencyCollector.impl=bf c:\Users\Kiet\.vscode\extensions\redhat.java-1.36.0\server\plugins\org.eclipse.equinox.launcher_1.6.900.v20240613-2009.jar -configuration c:\Users\Kiet\AppData\Roaming\Code\User\globalStorage\redhat.java\1.36.0\config_win -data c:\Users\Kiet\AppData\Roaming\Code\User\workspaceStorage\bacffae7d29c3e7f06ec343f93caa3f1\redhat.java\jdt_ws --pipe=\\.\pipe\lsp-a96645030dc7ddf99f621236049f86f3-sock

Host: Intel(R) Core(TM) i5-1035G1 CPU @ 1.00GHz, 8 cores, 7G,  Windows 11 , 64 bit Build 22621 (10.0.22621.3958)
Time: Sat Nov  2 17:51:14 2024 SE Asia Standard Time elapsed time: 0.081750 seconds (0d 0h 0m 0s)

---------------  T H R E A D  ---------------

Current thread (0x0000019bf7bbf350):  JavaThread "Unknown thread" [_thread_in_vm, id=8640, stack(0x0000000fb5d00000,0x0000000fb5e00000) (1024K)]

Stack: [0x0000000fb5d00000,0x0000000fb5e00000]
Native frames: (J=compiled Java code, j=interpreted, Vv=VM code, C=native code)
V  [jvm.dll+0x6e26e9]  (no source info available)
V  [jvm.dll+0x875753]  (no source info available)
V  [jvm.dll+0x877b7e]  (no source info available)
V  [jvm.dll+0x878253]  (no source info available)
V  [jvm.dll+0x27fc86]  (no source info available)
V  [jvm.dll+0xbe877]  (no source info available)
V  [jvm.dll+0x718477]  (no source info available)
V  [jvm.dll+0x6f1913]  (no source info available)
V  [jvm.dll+0x83dcab]  (no source info available)
V  [jvm.dll+0x3c1046]  (no source info available)
V  [jvm.dll+0x8265ad]  (no source info available)
V  [jvm.dll+0x45bd5e]  (no source info available)
V  [jvm.dll+0x45dbe1]  (no source info available)
C  [jli.dll+0x52a3]  (no source info available)
C  [ucrtbase.dll+0x29333]  (no source info available)
C  [KERNEL32.DLL+0x1257d]  (no source info available)
C  [ntdll.dll+0x5af08]  (no source info available)


---------------  P R O C E S S  ---------------

Threads class SMR info:
_java_thread_list=0x0000019bf7c2c0d0, length=1, elements={
0x0000019bf7bbf350
}

Java Threads: ( => current thread )
=>0x0000019bf7bbf350 JavaThread "Unknown thread"             [_thread_in_vm, id=8640, stack(0x0000000fb5d00000,0x0000000fb5e00000) (1024K)]
Total: 1

Other Threads:
  0x0000019bf7c2d050 WatcherThread "VM Periodic Task Thread"        [id=19800, stack(0x0000000fb5f00000,0x0000000fb6000000) (1024K)]
  0x0000019bf7bdd9b0 WorkerThread "GC Thread#0"                     [id=10668, stack(0x0000000fb5e00000,0x0000000fb5f00000) (1024K)]
Total: 2

Threads with active compile tasks:
Total: 0

VM state: not at safepoint (normal execution)

VM Mutex/Monitor currently owned by a thread: None

Heap address: 0x00000000c0000000, size: 1024 MB, Compressed Oops mode: 32-bit

CDS archive(s) mapped at: [0x0000019b91000000-0x0000019b91c60000-0x0000019b91c60000), size 12976128, SharedBaseAddress: 0x0000019b91000000, ArchiveRelocationMode: 1.
Compressed class space mapped at: 0x0000019b92000000-0x0000019bd2000000, reserved size: 1073741824
Narrow klass base: 0x0000019b91000000, Narrow klass shift: 0, Narrow klass range: 0x41000000

GC Precious Log:
 CardTable entry size: 512
 CPUs: 8 total, 8 available
 Memory: 7987M
 Large Page Support: Disabled
 NUMA Support: Disabled
 Compressed Oops: Enabled (32-bit)
 Alignments: Space 512K, Generation 512K, Heap 2M
 Heap Min Capacity: 100M
 Heap Initial Capacity: 100M
 Heap Max Capacity: 1G
 Pre-touch: Disabled
 Parallel Workers: 8

Heap:
 PSYoungGen      total 29696K, used 512K [0x00000000eab00000, 0x00000000ecc00000, 0x0000000100000000)
  eden space 25600K, 2% used [0x00000000eab00000,0x00000000eab80020,0x00000000ec400000)
  from space 4096K, 0% used [0x00000000ec800000,0x00000000ec800000,0x00000000ecc00000)
  to   space 4096K, 0% used [0x00000000ec400000,0x00000000ec400000,0x00000000ec800000)
 ParOldGen       total 68608K, used 0K [0x00000000c0000000, 0x00000000c4300000, 0x00000000eab00000)
  object space 68608K, 0% used [0x00000000c0000000,0x00000000c0000000,0x00000000c4300000)
 Metaspace       used 0K, committed 0K, reserved 1048576K
  class space    used 0K, committed 0K, reserved 1048576K

Card table byte_map: [0x0000019bf7560000,0x0000019bf7770000] _byte_map_base: 0x0000019bf6f60000

Marking Bits: (ParMarkBitMap*) 0x00007ffd75d21a90
 Begin Bits: [0x0000019b8f000000, 0x0000019b90000000)
 End Bits:   [0x0000019b90000000, 0x0000019b91000000)

Polling page: 0x0000019bf5b60000

Metaspace:

Usage:
  Non-class:      0 bytes used.
      Class:      0 bytes used.
       Both:      0 bytes used.

Virtual space:
  Non-class space:        0 bytes reserved,       0 bytes (  ?%) committed,  0 nodes.
      Class space:        1.00 GB reserved,       0 bytes (  0%) committed,  1 nodes.
             Both:        1.00 GB reserved,       0 bytes (  0%) committed. 

Chunk freelists:
   Non-Class:  0 bytes
       Class:  16.00 MB
        Both:  16.00 MB

MaxMetaspaceSize: unlimited
CompressedClassSpaceSize: 1.00 GB
Initial GC threshold: 21.00 MB
Current GC threshold: 17179869184.00 GB
CDS: on
 - commit_granule_bytes: 65536.
 - commit_granule_words: 8192.
 - virtual_space_node_default_size: 8388608.
 - enlarge_chunks_in_place: 1.
 - use_allocation_guard: 0.


Internal statistics:

num_allocs_failed_limit: 0.
num_arena_births: 0.
num_arena_deaths: 0.
num_vsnodes_births: 1.
num_vsnodes_deaths: 0.
num_space_committed: 0.
num_space_uncommitted: 0.
num_chunks_returned_to_freelist: 0.
num_chunks_taken_from_freelist: 1.
num_chunk_merges: 0.
num_chunk_splits: 1.
num_chunks_enlarged: 0.
num_inconsistent_stats: 0.

CodeHeap 'non-profiled nmethods': size=120000Kb used=0Kb max_used=0Kb free=120000Kb
 bounds [0x0000019b87ad0000, 0x0000019b87d40000, 0x0000019b8f000000]
CodeHeap 'profiled nmethods': size=120000Kb used=0Kb max_used=0Kb free=120000Kb
 bounds [0x0000019b80000000, 0x0000019b80270000, 0x0000019b87530000]
CodeHeap 'non-nmethods': size=5760Kb used=200Kb max_used=348Kb free=5559Kb
 bounds [0x0000019b87530000, 0x0000019b877a0000, 0x0000019b87ad0000]
 total_blobs=70 nmethods=0 adapters=48
 compilation: enabled
              stopped_count=0, restarted_count=0
 full_count=0

Compilation events (0 events):
No events

GC Heap History (0 events):
No events

Dll operation events (1 events):
Event: 0.015 Loaded shared library C:\Program Files\Java\jdk-22\bin\java.dll

Deoptimization events (0 events):
No events

Classes loaded (0 events):
No events

Classes unloaded (0 events):
No events

Classes redefined (0 events):
No events

Internal exceptions (0 events):
No events

ZGC Phase Switch (0 events):
No events

VM Operations (0 events):
No events

Memory protections (0 events):
No events

Nmethod flushes (0 events):
No events

Events (1 events):
Event: 0.035 Thread 0x0000019bf7bbf350 Thread added: 0x0000019bf7bbf350


Dynamic libraries:
0x00007ff7083b0000 - 0x00007ff7083c0000 	C:\Program Files\Java\jdk-22\bin\java.exe
0x00007ffddb310000 - 0x00007ffddb527000 	C:\WINDOWS\SYSTEM32\ntdll.dll
0x00007ffdd9c30000 - 0x00007ffdd9cf4000 	C:\WINDOWS\System32\KERNEL32.DLL
0x00007ffdd8ae0000 - 0x00007ffdd8e97000 	C:\WINDOWS\System32\KERNELBASE.dll
0x00007ffdd8ea0000 - 0x00007ffdd8fb1000 	C:\WINDOWS\System32\ucrtbase.dll
0x00007ffdc4680000 - 0x00007ffdc4697000 	C:\Program Files\Java\jdk-22\bin\jli.dll
0x00007ffdda7a0000 - 0x00007ffdda94f000 	C:\WINDOWS\System32\USER32.dll
0x00007ffdd8620000 - 0x00007ffdd8646000 	C:\WINDOWS\System32\win32u.dll
0x00007ffdd9e90000 - 0x00007ffdd9eb9000 	C:\WINDOWS\System32\GDI32.dll
0x00007ffdd8650000 - 0x00007ffdd8768000 	C:\WINDOWS\System32\gdi32full.dll
0x00007ffdd8a40000 - 0x00007ffdd8ada000 	C:\WINDOWS\System32\msvcp_win.dll
0x00007ffdc3cb0000 - 0x00007ffdc3ccb000 	C:\Program Files\Java\jdk-22\bin\VCRUNTIME140.dll
0x00007ffdbf090000 - 0x00007ffdbf323000 	C:\WINDOWS\WinSxS\amd64_microsoft.windows.common-controls_6595b64144ccf1df_6.0.22621.3672_none_2713b9d173822955\COMCTL32.dll
0x00007ffddb0c0000 - 0x00007ffddb167000 	C:\WINDOWS\System32\msvcrt.dll
0x00007ffdda760000 - 0x00007ffdda791000 	C:\WINDOWS\System32\IMM32.DLL
0x00007ffdcf720000 - 0x00007ffdcf72c000 	C:\Program Files\Java\jdk-22\bin\vcruntime140_1.dll
0x00007ffda86b0000 - 0x00007ffda873e000 	C:\Program Files\Java\jdk-22\bin\msvcp140.dll
0x00007ffd750b0000 - 0x00007ffd75df9000 	C:\Program Files\Java\jdk-22\bin\server\jvm.dll
0x00007ffdda030000 - 0x00007ffdda0e2000 	C:\WINDOWS\System32\ADVAPI32.dll
0x00007ffdd9de0000 - 0x00007ffdd9e88000 	C:\WINDOWS\System32\sechost.dll
0x00007ffdd8770000 - 0x00007ffdd8798000 	C:\WINDOWS\System32\bcrypt.dll
0x00007ffdda950000 - 0x00007ffddaa64000 	C:\WINDOWS\System32\RPCRT4.dll
0x00007ffdd9d60000 - 0x00007ffdd9dd1000 	C:\WINDOWS\System32\WS2_32.dll
0x00007ffdd84f0000 - 0x00007ffdd853d000 	C:\WINDOWS\SYSTEM32\POWRPROF.dll
0x00007ffdd0080000 - 0x00007ffdd00b4000 	C:\WINDOWS\SYSTEM32\WINMM.dll
0x00007ffdd4d30000 - 0x00007ffdd4d3a000 	C:\WINDOWS\SYSTEM32\VERSION.dll
0x00007ffdd84d0000 - 0x00007ffdd84e3000 	C:\WINDOWS\SYSTEM32\UMPDC.dll
0x00007ffdd7610000 - 0x00007ffdd7628000 	C:\WINDOWS\SYSTEM32\kernel.appcore.dll
0x00007ffdc9570000 - 0x00007ffdc957a000 	C:\Program Files\Java\jdk-22\bin\jimage.dll
0x00007ffdd5f00000 - 0x00007ffdd6132000 	C:\WINDOWS\SYSTEM32\DBGHELP.DLL
0x00007ffddaa80000 - 0x00007ffddae0e000 	C:\WINDOWS\System32\combase.dll
0x00007ffdd90a0000 - 0x00007ffdd9177000 	C:\WINDOWS\System32\OLEAUT32.dll
0x00007ffdd4e60000 - 0x00007ffdd4e92000 	C:\WINDOWS\SYSTEM32\dbgcore.DLL
0x00007ffdd8fc0000 - 0x00007ffdd903b000 	C:\WINDOWS\System32\bcryptPrimitives.dll
0x00007ffdc94b0000 - 0x00007ffdc94bf000 	C:\Program Files\Java\jdk-22\bin\instrument.dll
0x00007ffdbc730000 - 0x00007ffdbc74e000 	C:\Program Files\Java\jdk-22\bin\java.dll
0x00007ffdd93b0000 - 0x00007ffdd9c19000 	C:\WINDOWS\System32\SHELL32.dll
0x00007ffdd9200000 - 0x00007ffdd93a5000 	C:\WINDOWS\System32\ole32.dll

dbghelp: loaded successfully - version: 4.0.5 - missing functions: none
symbol engine: initialized successfully - sym options: 0x614 - pdb path: .;C:\Program Files\Java\jdk-22\bin;C:\WINDOWS\SYSTEM32;C:\WINDOWS\WinSxS\amd64_microsoft.windows.common-controls_6595b64144ccf1df_6.0.22621.3672_none_2713b9d173822955;C:\Program Files\Java\jdk-22\bin\server

VM Arguments:
jvm_args: --add-modules=ALL-SYSTEM --add-opens=java.base/java.util=ALL-UNNAMED --add-opens=java.base/java.lang=ALL-UNNAMED --add-opens=java.base/sun.nio.fs=ALL-UNNAMED -Declipse.application=org.eclipse.jdt.ls.core.id1 -Dosgi.bundles.defaultStartLevel=4 -Declipse.product=org.eclipse.jdt.ls.core.product -Djava.import.generatesMetadataFilesAtProjectRoot=false -DDetectVMInstallationsJob.disabled=true -Dfile.encoding=utf8 -XX:+UseParallelGC -XX:GCTimeRatio=4 -XX:AdaptiveSizePolicyWeight=90 -Dsun.zip.disableMemoryMapping=true -Xmx1G -Xms100m -Xlog:disable -javaagent:c:\Users\Kiet\.vscode\extensions\redhat.java-1.36.0\lombok\lombok-1.18.35.jar -XX:+HeapDumpOnOutOfMemoryError -XX:HeapDumpPath=c:\Users\Kiet\AppData\Roaming\Code\User\workspaceStorage\bacffae7d29c3e7f06ec343f93caa3f1\redhat.java -Daether.dependencyCollector.impl=bf 
java_command: c:\Users\Kiet\.vscode\extensions\redhat.java-1.36.0\server\plugins\org.eclipse.equinox.launcher_1.6.900.v20240613-2009.jar -configuration c:\Users\Kiet\AppData\Roaming\Code\User\globalStorage\redhat.java\1.36.0\config_win -data c:\Users\Kiet\AppData\Roaming\Code\User\workspaceStorage\bacffae7d29c3e7f06ec343f93caa3f1\redhat.java\jdt_ws --pipe=\\.\pipe\lsp-a96645030dc7ddf99f621236049f86f3-sock
java_class_path (initial): c:\Users\Kiet\.vscode\extensions\redhat.java-1.36.0\server\plugins\org.eclipse.equinox.launcher_1.6.900.v20240613-2009.jar
Launcher Type: SUN_STANDARD

[Global flags]
     uint AdaptiveSizePolicyWeight                 = 90                                        {product} {command line}
     intx CICompilerCount                          = 4                                         {product} {ergonomic}
     uint GCTimeRatio                              = 4                                         {product} {command line}
     bool HeapDumpOnOutOfMemoryError               = true                                   {manageable} {command line}
    ccstr HeapDumpPath                             = c:\Users\Kiet\AppData\Roaming\Code\User\workspaceStorage\bacffae7d29c3e7f06ec343f93caa3f1\redhat.java         {manageable} {command line}
   size_t InitialHeapSize                          = 104857600                                 {product} {command line}
   size_t MaxHeapSize                              = 1073741824                                {product} {command line}
   size_t MaxNewSize                               = 357564416                                 {product} {ergonomic}
   size_t MinHeapDeltaBytes                        = 524288                                    {product} {ergonomic}
   size_t MinHeapSize                              = 104857600                                 {product} {command line}
   size_t NewSize                                  = 34603008                                  {product} {ergonomic}
    uintx NonNMethodCodeHeapSize                   = 5839372                                {pd product} {ergonomic}
    uintx NonProfiledCodeHeapSize                  = 122909434                              {pd product} {ergonomic}
   size_t OldSize                                  = 70254592                                  {product} {ergonomic}
    uintx ProfiledCodeHeapSize                     = 122909434                              {pd product} {ergonomic}
    uintx ReservedCodeCacheSize                    = 251658240                              {pd product} {ergonomic}
     bool SegmentedCodeCache                       = true                                      {product} {ergonomic}
   size_t SoftMaxHeapSize                          = 1073741824                             {manageable} {ergonomic}
     bool UseCompressedOops                        = true                           {product lp64_product} {ergonomic}
     bool UseLargePagesIndividualAllocation        = false                                  {pd product} {ergonomic}
     bool UseParallelGC                            = true                                      {product} {command line}

Logging:
Log output configuration:
 #0: stdout all=off uptime,level,tags foldmultilines=false
 #1: stderr all=off uptime,level,tags foldmultilines=false

Environment Variables:
JAVA_HOME=C:\Program Files\Java\jdk-22
PATH=C:\Program Files (x86)\Common Files\Oracle\Java\java8path;C:\Program Files (x86)\Common Files\Oracle\Java\javapath;C:\WINDOWS\system32;C:\WINDOWS;C:\WINDOWS\System32\Wbem;C:\WINDOWS\System32\WindowsPowerShell\v1.0\;C:\WINDOWS\System32\OpenSSH\;C:\Program Files\dotnet\;C:\Program Files\Java\jdk-11\bin;C:\Program Files (x86)\Microsoft SQL Server\160\Tools\Binn\;C:\Program Files\Microsoft SQL Server\160\Tools\Binn\;C:\Program Files\Microsoft SQL Server\Client SDK\ODBC\170\Tools\Binn\;C:\Program Files\Microsoft SQL Server\160\DTS\Binn\;C:\Program Files (x86)\Microsoft SQL Server\160\DTS\Binn\;C:\Program Files\Azure Data Studio\bin;C:\Program Files\apache-maven-3.9.6\bin;C:\Program Files\Git\cmd;C:\Program Files\Java\jdk-22\bin;C:\Users\Kiet\AppData\Local\Programs\Python\Python38;C:\Users\Kiet\AppData\Local\Programs\Python\Python38\Scripts;C:\Program Files\CMake\bin;C:\Program Files\PostgreSQL\17\bin;C:\Users\Kiet\anaconda3\Scripts;C:\Program Files\nodejs\;C:\Users\Kiet\AppData\Local\Microsoft\WindowsApps;C:\Users\Kiet\AppData\Local\Programs\Microsoft VS Code\bin;C:\Users\Kiet\.dotnet\tools;C:\Program Files\Azure Data Studio\bin;C:\Users\Kiet\AppData\Roaming\npm
USERNAME=Kiet
OS=Windows_NT
PROCESSOR_IDENTIFIER=Intel64 Family 6 Model 126 Stepping 5, GenuineIntel
TMP=C:\Users\Kiet\AppData\Local\Temp
TEMP=C:\Users\Kiet\AppData\Local\Temp




Periodic native trim disabled

---------------  S Y S T E M  ---------------

OS:
 Windows 11 , 64 bit Build 22621 (10.0.22621.3958)
OS uptime: 4 days 6:24 hours

CPU: total 8 (initial active 8) (4 cores per cpu, 2 threads per core) family 6 model 126 stepping 5 microcode 0xa6, cx8, cmov, fxsr, ht, mmx, 3dnowpref, sse, sse2, sse3, ssse3, sse4.1, sse4.2, popcnt, lzcnt, tsc, tscinvbit, avx, avx2, aes, erms, clmul, bmi1, bmi2, adx, avx512f, avx512dq, avx512cd, avx512bw, avx512vl, sha, fma, vzeroupper, avx512_vpopcntdq, avx512_vpclmulqdq, avx512_vaes, avx512_vnni, clflush, clflushopt, avx512_vbmi2, avx512_vbmi, rdtscp, rdpid, fsrm, gfni, avx512_bitalg, f16c, pku, avx512_ifma
Processor Information for all 8 processors :
  Max Mhz: 1190, Current Mhz: 991, Mhz Limit: 987

Memory: 4k page, system-wide physical 7987M (768M free)
TotalPageFile size 10035M (AvailPageFile size 66M)
current process WorkingSet (physical memory assigned to process): 26M, peak: 26M
current process commit charge ("private bytes"): 166M, peak: 167M

vm_info: Java HotSpot(TM) 64-Bit Server VM (22.0.2+9-70) for windows-amd64 JRE (22.0.2+9-70), built on 2024-06-04T16:52:23Z by "mach5one" with MS VC++ 17.6 (VS2022)

END.
