#
# There is insufficient memory for the Java Runtime Environment to continue.
# Native memory allocation (malloc) failed to allocate 32744 bytes. Error detail: Chunk::new
# Possible reasons:
#   The system is out of physical RAM or swap space
#   This process is running with CompressedOops enabled, and the Java Heap may be blocking the growth of the native heap
# Possible solutions:
#   Reduce memory load on the system
#   Increase physical memory or swap space
#   Check if swap backing store is full
#   Decrease Java heap size (-Xmx/-Xms)
#   Decrease number of Java threads
#   Decrease Java thread stack sizes (-Xss)
#   Set larger code cache with -XX:ReservedCodeCacheSize=
#   JVM is running with Unscaled Compressed Oops mode in which the Java heap is
#     placed in the first 4GB address space. The Java Heap base address is the
#     maximum limit for the native heap growth. Please use -XX:HeapBaseMinAddress
#     to set the Java Heap base and to place the Java Heap above 4GB virtual address.
# This output file may be truncated or incomplete.
#
#  Out of Memory Error (arena.cpp:150), pid=9692, tid=10552
#
# JRE version: Java(TM) SE Runtime Environment (22.0.2+9) (build 22.0.2+9-70)
# Java VM: Java HotSpot(TM) 64-Bit Server VM (22.0.2+9-70, mixed mode, sharing, tiered, compressed oops, compressed class ptrs, g1 gc, windows-amd64)
# No core dump will be written. Minidumps are not enabled by default on client versions of Windows
#

---------------  S U M M A R Y ------------

Command Line: -Dclassworlds.conf=C:\Program Files\apache-maven-3.9.6\bin\m2.conf -Dmaven.home=C:\Program Files\apache-maven-3.9.6 -Dlibrary.jansi.path=C:\Program Files\apache-maven-3.9.6\lib\jansi-native -Dmaven.multiModuleProjectDirectory=C:\Users\Kiet\Desktop\springboot org.codehaus.plexus.classworlds.launcher.Launcher clean install

Host: Intel(R) Core(TM) i5-1035G1 CPU @ 1.00GHz, 8 cores, 7G,  Windows 11 , 64 bit Build 22621 (10.0.22621.3958)
Time: Sun Oct  6 12:47:06 2024 SE Asia Standard Time elapsed time: 47.818574 seconds (0d 0h 0m 47s)

---------------  T H R E A D  ---------------

Current thread (0x0000027747009000):  JavaThread "C1 CompilerThread0" daemon [_thread_in_native, id=10552, stack(0x000000d625800000,0x000000d625900000) (1024K)]


Current CompileTask:
C1:47818 9546       3       org.fusesource.jansi.Ansi::flushAttributes (94 bytes)

Stack: [0x000000d625800000,0x000000d625900000]
Native frames: (J=compiled Java code, j=interpreted, Vv=VM code, C=native code)
V  [jvm.dll+0x6e26e9]  (no source info available)
V  [jvm.dll+0x875753]  (no source info available)
V  [jvm.dll+0x877b7e]  (no source info available)
V  [jvm.dll+0x878253]  (no source info available)
V  [jvm.dll+0x27fc86]  (no source info available)
V  [jvm.dll+0xc3d0f]  (no source info available)
V  [jvm.dll+0xc3f6b]  (no source info available)
V  [jvm.dll+0x17d3cf]  (no source info available)
V  [jvm.dll+0x187b08]  (no source info available)
V  [jvm.dll+0x182b0f]  (no source info available)
V  [jvm.dll+0x17d2ae]  (no source info available)
V  [jvm.dll+0x16b3b0]  (no source info available)
V  [jvm.dll+0x153d92]  (no source info available)
V  [jvm.dll+0x1535c3]  (no source info available)
V  [jvm.dll+0x1538a0]  (no source info available)
V  [jvm.dll+0x152c1d]  (no source info available)
V  [jvm.dll+0x154add]  (no source info available)
V  [jvm.dll+0x2568f3]  (no source info available)
V  [jvm.dll+0x254baa]  (no source info available)
V  [jvm.dll+0x3f57a6]  (no source info available)
V  [jvm.dll+0x81dc0b]  (no source info available)
V  [jvm.dll+0x6e0d85]  (no source info available)
C  [ucrtbase.dll+0x29333]  (no source info available)
C  [KERNEL32.DLL+0x1257d]  (no source info available)
C  [ntdll.dll+0x5af28]  (no source info available)


---------------  P R O C E S S  ---------------

Threads class SMR info:
_java_thread_list=0x000002778ff82b30, length=13, elements={
0x00000277287757b0, 0x0000027746ff1d70, 0x0000027746ff3ad0, 0x0000027746ff6830,
0x0000027746ff95f0, 0x0000027746ffa690, 0x0000027746ffd360, 0x0000027747008850,
0x0000027747009000, 0x00000277473c2380, 0x00000277473c5a20, 0x00000277941fa740,
0x00000277941fadd0
}

Java Threads: ( => current thread )
  0x00000277287757b0 JavaThread "main"                              [_thread_blocked, id=6584, stack(0x000000d624900000,0x000000d624a00000) (1024K)]
  0x0000027746ff1d70 JavaThread "Reference Handler"          daemon [_thread_blocked, id=12172, stack(0x000000d625100000,0x000000d625200000) (1024K)]
  0x0000027746ff3ad0 JavaThread "Finalizer"                  daemon [_thread_blocked, id=13616, stack(0x000000d625200000,0x000000d625300000) (1024K)]
  0x0000027746ff6830 JavaThread "Signal Dispatcher"          daemon [_thread_blocked, id=1216, stack(0x000000d625300000,0x000000d625400000) (1024K)]
  0x0000027746ff95f0 JavaThread "Attach Listener"            daemon [_thread_blocked, id=6868, stack(0x000000d625400000,0x000000d625500000) (1024K)]
  0x0000027746ffa690 JavaThread "Service Thread"             daemon [_thread_blocked, id=6088, stack(0x000000d625500000,0x000000d625600000) (1024K)]
  0x0000027746ffd360 JavaThread "Monitor Deflation Thread"   daemon [_thread_blocked, id=15064, stack(0x000000d625600000,0x000000d625700000) (1024K)]
  0x0000027747008850 JavaThread "C2 CompilerThread0"         daemon [_thread_blocked, id=3552, stack(0x000000d625700000,0x000000d625800000) (1024K)]
=>0x0000027747009000 JavaThread "C1 CompilerThread0"         daemon [_thread_in_native, id=10552, stack(0x000000d625800000,0x000000d625900000) (1024K)]
  0x00000277473c2380 JavaThread "Notification Thread"        daemon [_thread_blocked, id=3768, stack(0x000000d625900000,0x000000d625a00000) (1024K)]
  0x00000277473c5a20 JavaThread "Common-Cleaner"             daemon [_thread_blocked, id=7592, stack(0x000000d625a00000,0x000000d625b00000) (1024K)]
  0x00000277941fa740 JavaThread "Exec Stream Pumper"         daemon [_thread_in_native, id=8284, stack(0x000000d626500000,0x000000d626600000) (1024K)]
  0x00000277941fadd0 JavaThread "Exec Stream Pumper"         daemon [_thread_in_native, id=15436, stack(0x000000d626600000,0x000000d626700000) (1024K)]
Total: 13

Other Threads:
  0x0000027746fd5840 VMThread "VM Thread"                           [id=10000, stack(0x000000d625000000,0x000000d625100000) (1024K)]
  0x0000027746fbe630 WatcherThread "VM Periodic Task Thread"        [id=12476, stack(0x000000d624f00000,0x000000d625000000) (1024K)]
  0x000002772a942690 WorkerThread "GC Thread#0"                     [id=5308, stack(0x000000d624a00000,0x000000d624b00000) (1024K)]
  0x000002778db29a00 WorkerThread "GC Thread#1"                     [id=8696, stack(0x000000d625d00000,0x000000d625e00000) (1024K)]
  0x000002778d106b30 WorkerThread "GC Thread#2"                     [id=12412, stack(0x000000d625e00000,0x000000d625f00000) (1024K)]
  0x000002778d8b7af0 WorkerThread "GC Thread#3"                     [id=1740, stack(0x000000d625f00000,0x000000d626000000) (1024K)]
  0x000002778d2dcfa0 WorkerThread "GC Thread#4"                     [id=11304, stack(0x000000d626000000,0x000000d626100000) (1024K)]
  0x000002778d2dd350 WorkerThread "GC Thread#5"                     [id=10300, stack(0x000000d626100000,0x000000d626200000) (1024K)]
  0x000002778d2dd700 WorkerThread "GC Thread#6"                     [id=11052, stack(0x000000d626200000,0x000000d626300000) (1024K)]
  0x000002778da3b020 WorkerThread "GC Thread#7"                     [id=7096, stack(0x000000d626300000,0x000000d626400000) (1024K)]
  0x000002772a953040 ConcurrentGCThread "G1 Main Marker"            [id=13408, stack(0x000000d624b00000,0x000000d624c00000) (1024K)]
  0x000002772a953b50 WorkerThread "G1 Conc#0"                       [id=12920, stack(0x000000d624c00000,0x000000d624d00000) (1024K)]
  0x000002778e5437f0 WorkerThread "G1 Conc#1"                       [id=4408, stack(0x000000d626400000,0x000000d626500000) (1024K)]
  0x000002772a9aead0 ConcurrentGCThread "G1 Refine#0"               [id=4324, stack(0x000000d624d00000,0x000000d624e00000) (1024K)]
  0x0000027746e8e770 ConcurrentGCThread "G1 Service"                [id=10216, stack(0x000000d624e00000,0x000000d624f00000) (1024K)]
Total: 15

Threads with active compile tasks:
C1 CompilerThread0  47958 9546       3       org.fusesource.jansi.Ansi::flushAttributes (94 bytes)
Total: 1

VM state: not at safepoint (normal execution)

VM Mutex/Monitor currently owned by a thread: None

Heap address: 0x0000000083200000, size: 1998 MB, Compressed Oops mode: 32-bit

CDS archive(s) mapped at: [0x0000027748000000-0x0000027748c60000-0x0000027748c60000), size 12976128, SharedBaseAddress: 0x0000027748000000, ArchiveRelocationMode: 1.
Compressed class space mapped at: 0x0000027749000000-0x0000027789000000, reserved size: 1073741824
Narrow klass base: 0x0000027748000000, Narrow klass shift: 0, Narrow klass range: 0x41000000

GC Precious Log:
 CardTable entry size: 512
 Card Set container configuration: InlinePtr #cards 5 size 8 Array Of Cards #cards 12 size 40 Howl #buckets 4 coarsen threshold 1843 Howl Bitmap #cards 512 size 80 coarsen threshold 460 Card regions per heap region 1 cards per card region 2048
 CPUs: 8 total, 8 available
 Memory: 7987M
 Large Page Support: Disabled
 NUMA Support: Disabled
 Compressed Oops: Enabled (32-bit)
 Heap Region Size: 1M
 Heap Min Capacity: 8M
 Heap Initial Capacity: 126M
 Heap Max Capacity: 1998M
 Pre-touch: Disabled
 Parallel Workers: 8
 Concurrent Workers: 2
 Concurrent Refinement Workers: 8
 Periodic GC: Disabled

Heap:
 garbage-first heap   total reserved 2045952K, committed 156672K, used 100352K [0x0000000083200000, 0x0000000100000000)
  region size 1024K, 24 young (24576K), 2 survivors (2048K)
 Metaspace       used 35026K, committed 35584K, reserved 1114112K
  class space    used 3959K, committed 4224K, reserved 1048576K

Heap Regions: E=young(eden), S=young(survivor), O=old, HS=humongous(starts), HC=humongous(continues), CS=collection set, F=free, TAMS=top-at-mark-start, PB=parsable bottom
|   0|0x0000000083200000, 0x0000000083300000, 0x0000000083300000|100%| O|  |TAMS 0x0000000083200000| PB 0x0000000083200000| Untracked |  0
|   1|0x0000000083300000, 0x0000000083400000, 0x0000000083400000|100%| O|  |TAMS 0x0000000083300000| PB 0x0000000083300000| Untracked |  0
|   2|0x0000000083400000, 0x0000000083500000, 0x0000000083500000|100%| O|  |TAMS 0x0000000083400000| PB 0x0000000083400000| Untracked |  0
|   3|0x0000000083500000, 0x0000000083600000, 0x0000000083600000|100%|HS|  |TAMS 0x0000000083500000| PB 0x0000000083500000| Complete |  0
|   4|0x0000000083600000, 0x0000000083700000, 0x0000000083700000|100%| O|  |TAMS 0x0000000083600000| PB 0x0000000083600000| Untracked |  0
|   5|0x0000000083700000, 0x0000000083800000, 0x0000000083800000|100%| O|  |TAMS 0x0000000083700000| PB 0x0000000083700000| Untracked |  0
|   6|0x0000000083800000, 0x0000000083900000, 0x0000000083900000|100%| O|  |TAMS 0x0000000083800000| PB 0x0000000083800000| Untracked |  0
|   7|0x0000000083900000, 0x0000000083a00000, 0x0000000083a00000|100%| O|  |TAMS 0x0000000083900000| PB 0x0000000083900000| Untracked |  0
|   8|0x0000000083a00000, 0x0000000083b00000, 0x0000000083b00000|100%| O|  |TAMS 0x0000000083a00000| PB 0x0000000083a00000| Untracked |  0
|   9|0x0000000083b00000, 0x0000000083c00000, 0x0000000083c00000|100%| O|  |TAMS 0x0000000083b00000| PB 0x0000000083b00000| Untracked |  0
|  10|0x0000000083c00000, 0x0000000083d00000, 0x0000000083d00000|100%| O|  |TAMS 0x0000000083c00000| PB 0x0000000083c00000| Untracked |  0
|  11|0x0000000083d00000, 0x0000000083e00000, 0x0000000083e00000|100%| O|  |TAMS 0x0000000083d00000| PB 0x0000000083d00000| Untracked |  0
|  12|0x0000000083e00000, 0x0000000083f00000, 0x0000000083f00000|100%| O|  |TAMS 0x0000000083e00000| PB 0x0000000083e00000| Untracked |  0
|  13|0x0000000083f00000, 0x0000000084000000, 0x0000000084000000|100%| O|Cm|TAMS 0x0000000083f00000| PB 0x0000000083f00000| Complete |  0
|  14|0x0000000084000000, 0x0000000084100000, 0x0000000084100000|100%| O|  |TAMS 0x0000000084000000| PB 0x0000000084000000| Untracked |  0
|  15|0x0000000084100000, 0x0000000084100000, 0x0000000084200000|  0%| F|  |TAMS 0x0000000084100000| PB 0x0000000084100000| Untracked |  0
|  16|0x0000000084200000, 0x0000000084200000, 0x0000000084300000|  0%| F|  |TAMS 0x0000000084200000| PB 0x0000000084200000| Untracked |  0
|  17|0x0000000084300000, 0x0000000084400000, 0x0000000084400000|100%|HS|  |TAMS 0x0000000084300000| PB 0x0000000084300000| Complete |  0
|  18|0x0000000084400000, 0x0000000084500000, 0x0000000084500000|100%|HC|  |TAMS 0x0000000084400000| PB 0x0000000084400000| Complete |  0
|  19|0x0000000084500000, 0x0000000084500000, 0x0000000084600000|  0%| F|  |TAMS 0x0000000084500000| PB 0x0000000084500000| Untracked |  0
|  20|0x0000000084600000, 0x0000000084700000, 0x0000000084700000|100%|HS|  |TAMS 0x0000000084600000| PB 0x0000000084600000| Complete |  0
|  21|0x0000000084700000, 0x0000000084700000, 0x0000000084800000|  0%| F|  |TAMS 0x0000000084700000| PB 0x0000000084700000| Untracked |  0
|  22|0x0000000084800000, 0x0000000084900000, 0x0000000084900000|100%| O|  |TAMS 0x0000000084800000| PB 0x0000000084800000| Untracked |  0
|  23|0x0000000084900000, 0x0000000084a00000, 0x0000000084a00000|100%| O|Cm|TAMS 0x0000000084900000| PB 0x0000000084900000| Complete |  0
|  24|0x0000000084a00000, 0x0000000084b00000, 0x0000000084b00000|100%| O|Cm|TAMS 0x0000000084a00000| PB 0x0000000084a00000| Complete |  0
|  25|0x0000000084b00000, 0x0000000084c00000, 0x0000000084c00000|100%| O|Cm|TAMS 0x0000000084b00000| PB 0x0000000084b00000| Complete |  0
|  26|0x0000000084c00000, 0x0000000084d00000, 0x0000000084d00000|100%| O|Cm|TAMS 0x0000000084c00000| PB 0x0000000084c00000| Complete |  0
|  27|0x0000000084d00000, 0x0000000084d00000, 0x0000000084e00000|  0%| F|  |TAMS 0x0000000084d00000| PB 0x0000000084d00000| Untracked |  0
|  28|0x0000000084e00000, 0x0000000084f00000, 0x0000000084f00000|100%| O|Cm|TAMS 0x0000000084e00000| PB 0x0000000084e00000| Complete |  0
|  29|0x0000000084f00000, 0x0000000085000000, 0x0000000085000000|100%| O|Cm|TAMS 0x0000000084f00000| PB 0x0000000084f00000| Complete |  0
|  30|0x0000000085000000, 0x0000000085100000, 0x0000000085100000|100%| O|Cm|TAMS 0x0000000085000000| PB 0x0000000085000000| Complete |  0
|  31|0x0000000085100000, 0x0000000085200000, 0x0000000085200000|100%| O|Cm|TAMS 0x0000000085100000| PB 0x0000000085100000| Complete |  0
|  32|0x0000000085200000, 0x0000000085300000, 0x0000000085300000|100%| O|Cm|TAMS 0x0000000085200000| PB 0x0000000085200000| Complete |  0
|  33|0x0000000085300000, 0x0000000085400000, 0x0000000085400000|100%| O|Cm|TAMS 0x0000000085300000| PB 0x0000000085300000| Complete |  0
|  34|0x0000000085400000, 0x0000000085500000, 0x0000000085500000|100%|HS|  |TAMS 0x0000000085400000| PB 0x0000000085400000| Complete |  0
|  35|0x0000000085500000, 0x0000000085600000, 0x0000000085600000|100%|HC|  |TAMS 0x0000000085500000| PB 0x0000000085500000| Complete |  0
|  36|0x0000000085600000, 0x0000000085700000, 0x0000000085700000|100%| O|Cm|TAMS 0x0000000085600000| PB 0x0000000085600000| Complete |  0
|  37|0x0000000085700000, 0x0000000085800000, 0x0000000085800000|100%| O|Cm|TAMS 0x0000000085700000| PB 0x0000000085700000| Complete |  0
|  38|0x0000000085800000, 0x0000000085900000, 0x0000000085900000|100%| O|Cm|TAMS 0x0000000085800000| PB 0x0000000085800000| Complete |  0
|  39|0x0000000085900000, 0x0000000085a00000, 0x0000000085a00000|100%| O|Cm|TAMS 0x0000000085900000| PB 0x0000000085900000| Complete |  0
|  40|0x0000000085a00000, 0x0000000085b00000, 0x0000000085b00000|100%| O|Cm|TAMS 0x0000000085a00000| PB 0x0000000085a00000| Complete |  0
|  41|0x0000000085b00000, 0x0000000085c00000, 0x0000000085c00000|100%| O|Cm|TAMS 0x0000000085b00000| PB 0x0000000085b00000| Complete |  0
|  42|0x0000000085c00000, 0x0000000085d00000, 0x0000000085d00000|100%| O|  |TAMS 0x0000000085c00000| PB 0x0000000085c00000| Untracked |  0
|  43|0x0000000085d00000, 0x0000000085e00000, 0x0000000085e00000|100%| O|  |TAMS 0x0000000085d00000| PB 0x0000000085d00000| Untracked |  0
|  44|0x0000000085e00000, 0x0000000085f00000, 0x0000000085f00000|100%| O|Cm|TAMS 0x0000000085e00000| PB 0x0000000085e00000| Complete |  0
|  45|0x0000000085f00000, 0x0000000086000000, 0x0000000086000000|100%| O|Cm|TAMS 0x0000000085f00000| PB 0x0000000085f00000| Complete |  0
|  46|0x0000000086000000, 0x0000000086100000, 0x0000000086100000|100%| O|  |TAMS 0x0000000086000000| PB 0x0000000086000000| Untracked |  0
|  47|0x0000000086100000, 0x0000000086200000, 0x0000000086200000|100%| O|  |TAMS 0x0000000086100000| PB 0x0000000086100000| Untracked |  0
|  48|0x0000000086200000, 0x0000000086300000, 0x0000000086300000|100%| O|  |TAMS 0x0000000086200000| PB 0x0000000086200000| Untracked |  0
|  49|0x0000000086300000, 0x0000000086400000, 0x0000000086400000|100%| O|  |TAMS 0x0000000086300000| PB 0x0000000086300000| Untracked |  0
|  50|0x0000000086400000, 0x0000000086400000, 0x0000000086500000|  0%| F|  |TAMS 0x0000000086400000| PB 0x0000000086400000| Untracked |  0
|  51|0x0000000086500000, 0x0000000086500000, 0x0000000086600000|  0%| F|  |TAMS 0x0000000086500000| PB 0x0000000086500000| Untracked |  0
|  52|0x0000000086600000, 0x0000000086700000, 0x0000000086700000|100%| O|Cm|TAMS 0x0000000086600000| PB 0x0000000086600000| Complete |  0
|  53|0x0000000086700000, 0x0000000086800000, 0x0000000086800000|100%| O|Cm|TAMS 0x0000000086700000| PB 0x0000000086700000| Complete |  0
|  54|0x0000000086800000, 0x0000000086900000, 0x0000000086900000|100%| O|Cm|TAMS 0x0000000086800000| PB 0x0000000086800000| Complete |  0
|  55|0x0000000086900000, 0x0000000086a00000, 0x0000000086a00000|100%| O|Cm|TAMS 0x0000000086900000| PB 0x0000000086900000| Complete |  0
|  56|0x0000000086a00000, 0x0000000086a00000, 0x0000000086b00000|  0%| F|  |TAMS 0x0000000086a00000| PB 0x0000000086a00000| Untracked |  0
|  57|0x0000000086b00000, 0x0000000086c00000, 0x0000000086c00000|100%| O|Cm|TAMS 0x0000000086b00000| PB 0x0000000086b00000| Complete |  0
|  58|0x0000000086c00000, 0x0000000086d00000, 0x0000000086d00000|100%| O|Cm|TAMS 0x0000000086c00000| PB 0x0000000086c00000| Complete |  0
|  59|0x0000000086d00000, 0x0000000086e00000, 0x0000000086e00000|100%| O|  |TAMS 0x0000000086d00000| PB 0x0000000086d00000| Untracked |  0
|  60|0x0000000086e00000, 0x0000000086f00000, 0x0000000086f00000|100%| O|  |TAMS 0x0000000086e00000| PB 0x0000000086e00000| Untracked |  0
|  61|0x0000000086f00000, 0x0000000087000000, 0x0000000087000000|100%| O|  |TAMS 0x0000000086f00000| PB 0x0000000086f00000| Untracked |  0
|  62|0x0000000087000000, 0x0000000087100000, 0x0000000087100000|100%| O|  |TAMS 0x0000000087000000| PB 0x0000000087000000| Untracked |  0
|  63|0x0000000087100000, 0x0000000087200000, 0x0000000087200000|100%| O|Cm|TAMS 0x0000000087100000| PB 0x0000000087100000| Complete |  0
|  64|0x0000000087200000, 0x0000000087200000, 0x0000000087300000|  0%| F|  |TAMS 0x0000000087200000| PB 0x0000000087200000| Untracked |  0
|  65|0x0000000087300000, 0x0000000087300000, 0x0000000087400000|  0%| F|  |TAMS 0x0000000087300000| PB 0x0000000087300000| Untracked |  0
|  66|0x0000000087400000, 0x0000000087400000, 0x0000000087500000|  0%| F|  |TAMS 0x0000000087400000| PB 0x0000000087400000| Untracked |  0
|  67|0x0000000087500000, 0x0000000087500000, 0x0000000087600000|  0%| F|  |TAMS 0x0000000087500000| PB 0x0000000087500000| Untracked |  0
|  68|0x0000000087600000, 0x0000000087600000, 0x0000000087700000|  0%| F|  |TAMS 0x0000000087600000| PB 0x0000000087600000| Untracked |  0
|  69|0x0000000087700000, 0x0000000087700000, 0x0000000087800000|  0%| F|  |TAMS 0x0000000087700000| PB 0x0000000087700000| Untracked |  0
|  70|0x0000000087800000, 0x0000000087800000, 0x0000000087900000|  0%| F|  |TAMS 0x0000000087800000| PB 0x0000000087800000| Untracked |  0
|  71|0x0000000087900000, 0x0000000087900000, 0x0000000087a00000|  0%| F|  |TAMS 0x0000000087900000| PB 0x0000000087900000| Untracked |  0
|  72|0x0000000087a00000, 0x0000000087a00000, 0x0000000087b00000|  0%| F|  |TAMS 0x0000000087a00000| PB 0x0000000087a00000| Untracked |  0
|  73|0x0000000087b00000, 0x0000000087b00000, 0x0000000087c00000|  0%| F|  |TAMS 0x0000000087b00000| PB 0x0000000087b00000| Untracked |  0
|  74|0x0000000087c00000, 0x0000000087c00000, 0x0000000087d00000|  0%| F|  |TAMS 0x0000000087c00000| PB 0x0000000087c00000| Untracked |  0
|  75|0x0000000087d00000, 0x0000000087d00000, 0x0000000087e00000|  0%| F|  |TAMS 0x0000000087d00000| PB 0x0000000087d00000| Untracked |  0
|  76|0x0000000087e00000, 0x0000000087e00000, 0x0000000087f00000|  0%| F|  |TAMS 0x0000000087e00000| PB 0x0000000087e00000| Untracked |  0
|  77|0x0000000087f00000, 0x0000000087f00000, 0x0000000088000000|  0%| F|  |TAMS 0x0000000087f00000| PB 0x0000000087f00000| Untracked |  0
|  78|0x0000000088000000, 0x0000000088000000, 0x0000000088100000|  0%| F|  |TAMS 0x0000000088000000| PB 0x0000000088000000| Untracked |  0
|  79|0x0000000088100000, 0x0000000088100000, 0x0000000088200000|  0%| F|  |TAMS 0x0000000088100000| PB 0x0000000088100000| Untracked |  0
|  80|0x0000000088200000, 0x0000000088200000, 0x0000000088300000|  0%| F|  |TAMS 0x0000000088200000| PB 0x0000000088200000| Untracked |  0
|  81|0x0000000088300000, 0x0000000088300000, 0x0000000088400000|  0%| F|  |TAMS 0x0000000088300000| PB 0x0000000088300000| Untracked |  0
|  82|0x0000000088400000, 0x0000000088400000, 0x0000000088500000|  0%| F|  |TAMS 0x0000000088400000| PB 0x0000000088400000| Untracked |  0
|  83|0x0000000088500000, 0x0000000088500000, 0x0000000088600000|  0%| F|  |TAMS 0x0000000088500000| PB 0x0000000088500000| Untracked |  0
|  84|0x0000000088600000, 0x0000000088600000, 0x0000000088700000|  0%| F|  |TAMS 0x0000000088600000| PB 0x0000000088600000| Untracked |  0
|  85|0x0000000088700000, 0x0000000088700000, 0x0000000088800000|  0%| F|  |TAMS 0x0000000088700000| PB 0x0000000088700000| Untracked |  0
|  86|0x0000000088800000, 0x0000000088800000, 0x0000000088900000|  0%| F|  |TAMS 0x0000000088800000| PB 0x0000000088800000| Untracked |  0
|  87|0x0000000088900000, 0x0000000088900000, 0x0000000088a00000|  0%| F|  |TAMS 0x0000000088900000| PB 0x0000000088900000| Untracked |  0
|  88|0x0000000088a00000, 0x0000000088b00000, 0x0000000088b00000|100%| S|CS|TAMS 0x0000000088a00000| PB 0x0000000088a00000| Complete |  0
|  89|0x0000000088b00000, 0x0000000088c00000, 0x0000000088c00000|100%| S|CS|TAMS 0x0000000088b00000| PB 0x0000000088b00000| Complete |  0
|  90|0x0000000088c00000, 0x0000000088c00000, 0x0000000088d00000|  0%| F|  |TAMS 0x0000000088c00000| PB 0x0000000088c00000| Untracked |  0
|  91|0x0000000088d00000, 0x0000000088d00000, 0x0000000088e00000|  0%| F|  |TAMS 0x0000000088d00000| PB 0x0000000088d00000| Untracked |  0
|  92|0x0000000088e00000, 0x0000000088e00000, 0x0000000088f00000|  0%| F|  |TAMS 0x0000000088e00000| PB 0x0000000088e00000| Untracked |  0
|  93|0x0000000088f00000, 0x0000000088f00000, 0x0000000089000000|  0%| F|  |TAMS 0x0000000088f00000| PB 0x0000000088f00000| Untracked |  0
|  94|0x0000000089000000, 0x0000000089000000, 0x0000000089100000|  0%| F|  |TAMS 0x0000000089000000| PB 0x0000000089000000| Untracked |  0
|  95|0x0000000089100000, 0x0000000089100000, 0x0000000089200000|  0%| F|  |TAMS 0x0000000089100000| PB 0x0000000089100000| Untracked |  0
|  96|0x0000000089200000, 0x0000000089200000, 0x0000000089300000|  0%| F|  |TAMS 0x0000000089200000| PB 0x0000000089200000| Untracked |  0
|  97|0x0000000089300000, 0x0000000089300000, 0x0000000089400000|  0%| F|  |TAMS 0x0000000089300000| PB 0x0000000089300000| Untracked |  0
|  98|0x0000000089400000, 0x0000000089400000, 0x0000000089500000|  0%| F|  |TAMS 0x0000000089400000| PB 0x0000000089400000| Untracked |  0
|  99|0x0000000089500000, 0x0000000089500000, 0x0000000089600000|  0%| F|  |TAMS 0x0000000089500000| PB 0x0000000089500000| Untracked |  0
| 100|0x0000000089600000, 0x0000000089600000, 0x0000000089700000|  0%| F|  |TAMS 0x0000000089600000| PB 0x0000000089600000| Untracked |  0
| 101|0x0000000089700000, 0x0000000089700000, 0x0000000089800000|  0%| F|  |TAMS 0x0000000089700000| PB 0x0000000089700000| Untracked |  0
| 102|0x0000000089800000, 0x0000000089800000, 0x0000000089900000|  0%| F|  |TAMS 0x0000000089800000| PB 0x0000000089800000| Untracked |  0
| 103|0x0000000089900000, 0x0000000089900000, 0x0000000089a00000|  0%| F|  |TAMS 0x0000000089900000| PB 0x0000000089900000| Untracked |  0
| 104|0x0000000089a00000, 0x0000000089a00000, 0x0000000089b00000|  0%| F|  |TAMS 0x0000000089a00000| PB 0x0000000089a00000| Untracked |  0
| 105|0x0000000089b00000, 0x0000000089b00000, 0x0000000089c00000|  0%| F|  |TAMS 0x0000000089b00000| PB 0x0000000089b00000| Untracked |  0
| 106|0x0000000089c00000, 0x0000000089c00000, 0x0000000089d00000|  0%| F|  |TAMS 0x0000000089c00000| PB 0x0000000089c00000| Untracked |  0
| 107|0x0000000089d00000, 0x0000000089d00000, 0x0000000089e00000|  0%| F|  |TAMS 0x0000000089d00000| PB 0x0000000089d00000| Untracked |  0
| 108|0x0000000089e00000, 0x0000000089e00000, 0x0000000089f00000|  0%| F|  |TAMS 0x0000000089e00000| PB 0x0000000089e00000| Untracked |  0
| 109|0x0000000089f00000, 0x0000000089f00000, 0x000000008a000000|  0%| F|  |TAMS 0x0000000089f00000| PB 0x0000000089f00000| Untracked |  0
| 110|0x000000008a000000, 0x000000008a000000, 0x000000008a100000|  0%| F|  |TAMS 0x000000008a000000| PB 0x000000008a000000| Untracked |  0
| 111|0x000000008a100000, 0x000000008a100000, 0x000000008a200000|  0%| F|  |TAMS 0x000000008a100000| PB 0x000000008a100000| Untracked |  0
| 112|0x000000008a200000, 0x000000008a2f1290, 0x000000008a300000| 94%| E|  |TAMS 0x000000008a200000| PB 0x000000008a200000| Complete |  0
| 113|0x000000008a300000, 0x000000008a400000, 0x000000008a400000|100%| E|CS|TAMS 0x000000008a300000| PB 0x000000008a300000| Complete |  0
| 114|0x000000008a400000, 0x000000008a500000, 0x000000008a500000|100%| E|CS|TAMS 0x000000008a400000| PB 0x000000008a400000| Complete |  0
| 115|0x000000008a500000, 0x000000008a600000, 0x000000008a600000|100%| E|CS|TAMS 0x000000008a500000| PB 0x000000008a500000| Complete |  0
| 116|0x000000008a600000, 0x000000008a700000, 0x000000008a700000|100%| E|CS|TAMS 0x000000008a600000| PB 0x000000008a600000| Complete |  0
| 117|0x000000008a700000, 0x000000008a800000, 0x000000008a800000|100%| E|CS|TAMS 0x000000008a700000| PB 0x000000008a700000| Complete |  0
| 118|0x000000008a800000, 0x000000008a900000, 0x000000008a900000|100%| E|CS|TAMS 0x000000008a800000| PB 0x000000008a800000| Complete |  0
| 119|0x000000008a900000, 0x000000008aa00000, 0x000000008aa00000|100%| E|CS|TAMS 0x000000008a900000| PB 0x000000008a900000| Complete |  0
| 120|0x000000008aa00000, 0x000000008ab00000, 0x000000008ab00000|100%| E|CS|TAMS 0x000000008aa00000| PB 0x000000008aa00000| Complete |  0
| 121|0x000000008ab00000, 0x000000008ac00000, 0x000000008ac00000|100%| E|CS|TAMS 0x000000008ab00000| PB 0x000000008ab00000| Complete |  0
| 122|0x000000008ac00000, 0x000000008ad00000, 0x000000008ad00000|100%| E|CS|TAMS 0x000000008ac00000| PB 0x000000008ac00000| Complete |  0
| 123|0x000000008ad00000, 0x000000008ae00000, 0x000000008ae00000|100%| E|CS|TAMS 0x000000008ad00000| PB 0x000000008ad00000| Complete |  0
| 124|0x000000008ae00000, 0x000000008af00000, 0x000000008af00000|100%| E|CS|TAMS 0x000000008ae00000| PB 0x000000008ae00000| Complete |  0
| 125|0x000000008af00000, 0x000000008b000000, 0x000000008b000000|100%| E|CS|TAMS 0x000000008af00000| PB 0x000000008af00000| Complete |  0
| 126|0x000000008b000000, 0x000000008b100000, 0x000000008b100000|100%| E|CS|TAMS 0x000000008b000000| PB 0x000000008b000000| Complete |  0
| 127|0x000000008b100000, 0x000000008b200000, 0x000000008b200000|100%| E|CS|TAMS 0x000000008b100000| PB 0x000000008b100000| Complete |  0
| 128|0x000000008b200000, 0x000000008b300000, 0x000000008b300000|100%| E|CS|TAMS 0x000000008b200000| PB 0x000000008b200000| Complete |  0
| 129|0x000000008b300000, 0x000000008b400000, 0x000000008b400000|100%| E|CS|TAMS 0x000000008b300000| PB 0x000000008b300000| Complete |  0
| 130|0x000000008b400000, 0x000000008b500000, 0x000000008b500000|100%| E|CS|TAMS 0x000000008b400000| PB 0x000000008b400000| Complete |  0
| 131|0x000000008b500000, 0x000000008b600000, 0x000000008b600000|100%| E|CS|TAMS 0x000000008b500000| PB 0x000000008b500000| Complete |  0
|1977|0x00000000feb00000, 0x00000000fec00000, 0x00000000fec00000|100%| E|CS|TAMS 0x00000000feb00000| PB 0x00000000feb00000| Complete |  0
|1978|0x00000000fec00000, 0x00000000fed00000, 0x00000000fed00000|100%| O|Cm|TAMS 0x00000000fec00000| PB 0x00000000fec00000| Complete |  0
|1979|0x00000000fed00000, 0x00000000fee00000, 0x00000000fee00000|100%| O|Cm|TAMS 0x00000000fed00000| PB 0x00000000fed00000| Complete |  0
|1980|0x00000000fee00000, 0x00000000fef00000, 0x00000000fef00000|100%| O|Cm|TAMS 0x00000000fee00000| PB 0x00000000fee00000| Complete |  0
|1981|0x00000000fef00000, 0x00000000ff000000, 0x00000000ff000000|100%| O|  |TAMS 0x00000000fef00000| PB 0x00000000fef00000| Untracked |  0
|1982|0x00000000ff000000, 0x00000000ff100000, 0x00000000ff100000|100%| O|Cm|TAMS 0x00000000ff000000| PB 0x00000000ff000000| Complete |  0
|1983|0x00000000ff100000, 0x00000000ff200000, 0x00000000ff200000|100%| O|  |TAMS 0x00000000ff100000| PB 0x00000000ff100000| Untracked |  0
|1984|0x00000000ff200000, 0x00000000ff300000, 0x00000000ff300000|100%| O|  |TAMS 0x00000000ff200000| PB 0x00000000ff200000| Untracked |  0
|1985|0x00000000ff300000, 0x00000000ff400000, 0x00000000ff400000|100%| O|  |TAMS 0x00000000ff300000| PB 0x00000000ff300000| Untracked |  0
|1986|0x00000000ff400000, 0x00000000ff500000, 0x00000000ff500000|100%| O|  |TAMS 0x00000000ff400000| PB 0x00000000ff400000| Untracked |  0
|1987|0x00000000ff500000, 0x00000000ff600000, 0x00000000ff600000|100%| O|  |TAMS 0x00000000ff500000| PB 0x00000000ff500000| Untracked |  0
|1988|0x00000000ff600000, 0x00000000ff700000, 0x00000000ff700000|100%| O|Cm|TAMS 0x00000000ff600000| PB 0x00000000ff600000| Complete |  0
|1989|0x00000000ff700000, 0x00000000ff800000, 0x00000000ff800000|100%| O|  |TAMS 0x00000000ff700000| PB 0x00000000ff700000| Untracked |  0
|1990|0x00000000ff800000, 0x00000000ff900000, 0x00000000ff900000|100%| O|  |TAMS 0x00000000ff800000| PB 0x00000000ff800000| Untracked |  0
|1991|0x00000000ff900000, 0x00000000ffa00000, 0x00000000ffa00000|100%| O|  |TAMS 0x00000000ff900000| PB 0x00000000ff900000| Untracked |  0
|1992|0x00000000ffa00000, 0x00000000ffb00000, 0x00000000ffb00000|100%| O|  |TAMS 0x00000000ffa00000| PB 0x00000000ffa00000| Untracked |  0
|1993|0x00000000ffb00000, 0x00000000ffc00000, 0x00000000ffc00000|100%| O|  |TAMS 0x00000000ffb00000| PB 0x00000000ffb00000| Untracked |  0
|1994|0x00000000ffc00000, 0x00000000ffd00000, 0x00000000ffd00000|100%| O|Cm|TAMS 0x00000000ffc00000| PB 0x00000000ffc00000| Complete |  0
|1995|0x00000000ffd00000, 0x00000000ffe00000, 0x00000000ffe00000|100%| E|CS|TAMS 0x00000000ffd00000| PB 0x00000000ffd00000| Complete |  0
|1996|0x00000000ffe00000, 0x00000000fff00000, 0x00000000fff00000|100%| O|  |TAMS 0x00000000ffe00000| PB 0x00000000ffe00000| Untracked |  0
|1997|0x00000000fff00000, 0x0000000100000000, 0x0000000100000000|100%| O|  |TAMS 0x00000000fff00000| PB 0x00000000fff00000| Untracked |  0

Card table byte_map: [0x0000027742360000,0x0000027742750000] _byte_map_base: 0x0000027741f47000

Marking Bits: (CMBitMap*) 0x000002772a942da0
 Bits: [0x0000027742750000, 0x0000027744688000)

Polling page: 0x000002772a0b0000

Metaspace:

Usage:
  Non-class:     30.34 MB used.
      Class:      3.87 MB used.
       Both:     34.21 MB used.

Virtual space:
  Non-class space:       64.00 MB reserved,      30.62 MB ( 48%) committed,  1 nodes.
      Class space:        1.00 GB reserved,       4.12 MB ( <1%) committed,  1 nodes.
             Both:        1.06 GB reserved,      34.75 MB (  3%) committed. 

Chunk freelists:
   Non-Class:  832.00 KB
       Class:  11.92 MB
        Both:  12.73 MB

MaxMetaspaceSize: unlimited
CompressedClassSpaceSize: 1.00 GB
Initial GC threshold: 21.00 MB
Current GC threshold: 55.62 MB
CDS: on
 - commit_granule_bytes: 65536.
 - commit_granule_words: 8192.
 - virtual_space_node_default_size: 8388608.
 - enlarge_chunks_in_place: 1.
 - use_allocation_guard: 0.


Internal statistics:

num_allocs_failed_limit: 3.
num_arena_births: 538.
num_arena_deaths: 4.
num_vsnodes_births: 2.
num_vsnodes_deaths: 0.
num_space_committed: 572.
num_space_uncommitted: 10.
num_chunks_returned_to_freelist: 99.
num_chunks_taken_from_freelist: 1893.
num_chunk_merges: 19.
num_chunk_splits: 1310.
num_chunks_enlarged: 1029.
num_inconsistent_stats: 0.

CodeHeap 'non-profiled nmethods': size=120000Kb used=5365Kb max_used=6094Kb free=114634Kb
 bounds [0x000002773a710000, 0x000002773ad10000, 0x0000027741c40000]
CodeHeap 'profiled nmethods': size=120000Kb used=18434Kb max_used=21089Kb free=101565Kb
 bounds [0x0000027732c40000, 0x00000277340e0000, 0x000002773a170000]
CodeHeap 'non-nmethods': size=5760Kb used=1719Kb max_used=1764Kb free=4040Kb
 bounds [0x000002773a170000, 0x000002773a3e0000, 0x000002773a710000]
 total_blobs=9028 nmethods=8422 adapters=510
 compilation: enabled
              stopped_count=0, restarted_count=0
 full_count=0

Compilation events (20 events):
Event: 23.222 Thread 0x0000027747009000 9537       3       org.codehaus.plexus.component.configurator.converters.lookup.DefaultConverterLookup::lookupConverterForType (153 bytes)
Event: 23.223 Thread 0x000002778ec2d0c0 9542       4       java.util.Collections$UnmodifiableMap$UnmodifiableEntrySet::iterator (9 bytes)
Event: 23.223 Thread 0x0000027747009000 nmethod 9537 0x0000027732c7d510 code [0x0000027732c7d840, 0x0000027732c7ea28]
Event: 23.223 Thread 0x0000027747009000 9540       3       java.lang.reflect.Field::setAccessible (21 bytes)
Event: 23.223 Thread 0x000002778dceb480 nmethod 9536 0x000002773a862410 code [0x000002773a8625c0, 0x000002773a862710]
Event: 23.223 Thread 0x0000027747009000 nmethod 9540 0x0000027732e33390 code [0x0000027732e33580, 0x0000027732e33a38]
Event: 23.223 Thread 0x0000027747009000 9538       3       org.eclipse.sisu.inject.MildKeys::get (14 bytes)
Event: 23.224 Thread 0x0000027747009000 nmethod 9538 0x0000027732e64890 code [0x0000027732e64a80, 0x0000027732e64f20]
Event: 23.224 Thread 0x0000027747009000 9541       3       java.lang.reflect.Field::checkCanSetAccessible (10 bytes)
Event: 23.224 Thread 0x0000027747009000 nmethod 9541 0x0000027733caff90 code [0x0000027733cb0140, 0x0000027733cb02e0]
Event: 23.224 Thread 0x0000027747009000 9539       3       org.eclipse.sisu.plexus.CompositeBeanHelper::convertProperty (94 bytes)
Event: 23.224 Thread 0x0000027747009000 nmethod 9539 0x0000027732fd1290 code [0x0000027732fd14a0, 0x0000027732fd1be0]
Event: 23.224 Thread 0x0000027747009000 9543       3       java.lang.ProcessEnvironment$CheckedEntry::getValue (5 bytes)
Event: 23.224 Thread 0x0000027747009000 nmethod 9543 0x0000027732f53290 code [0x0000027732f53440, 0x0000027732f53758]
Event: 23.229 Thread 0x000002778ec2d0c0 nmethod 9542 0x000002773a749110 code [0x000002773a7492c0, 0x000002773a7497a8]
Event: 47.781 Thread 0x0000027747009000 9544       3       java.lang.Integer::toString (8 bytes)
Event: 47.781 Thread 0x0000027747009000 nmethod 9544 0x000002773300be10 code [0x000002773300bfc0, 0x000002773300c0f8]
Event: 47.781 Thread 0x0000027747009000 9545       3       java.lang.System::lineSeparator (4 bytes)
Event: 47.781 Thread 0x0000027747009000 nmethod 9545 0x00000277330d3b90 code [0x00000277330d3d20, 0x00000277330d3e18]
Event: 47.782 Thread 0x0000027747009000 9546       3       org.fusesource.jansi.Ansi::flushAttributes (94 bytes)

GC Heap History (20 events):
Event: 1.222 GC heap before
{Heap before GC invocations=1 (full 0):
 garbage-first heap   total reserved 2045952K, committed 129024K, used 36666K [0x0000000083200000, 0x0000000100000000)
  region size 1024K, 35 young (35840K), 3 survivors (3072K)
 Metaspace       used 11107K, committed 11328K, reserved 1114112K
  class space    used 1345K, committed 1408K, reserved 1048576K
}
Event: 1.227 GC heap after
{Heap after GC invocations=2 (full 0):
 garbage-first heap   total reserved 2045952K, committed 129024K, used 6288K [0x0000000083200000, 0x0000000100000000)
  region size 1024K, 3 young (3072K), 3 survivors (3072K)
 Metaspace       used 11107K, committed 11328K, reserved 1114112K
  class space    used 1345K, committed 1408K, reserved 1048576K
}
Event: 2.377 GC heap before
{Heap before GC invocations=2 (full 0):
 garbage-first heap   total reserved 2045952K, committed 129024K, used 80016K [0x0000000083200000, 0x0000000100000000)
  region size 1024K, 75 young (76800K), 3 survivors (3072K)
 Metaspace       used 15802K, committed 16064K, reserved 1114112K
  class space    used 1866K, committed 1984K, reserved 1048576K
}
Event: 2.387 GC heap after
{Heap after GC invocations=3 (full 0):
 garbage-first heap   total reserved 2045952K, committed 129024K, used 14276K [0x0000000083200000, 0x0000000100000000)
  region size 1024K, 10 young (10240K), 10 survivors (10240K)
 Metaspace       used 15802K, committed 16064K, reserved 1114112K
  class space    used 1866K, committed 1984K, reserved 1048576K
}
Event: 3.294 GC heap before
{Heap before GC invocations=3 (full 0):
 garbage-first heap   total reserved 2045952K, committed 129024K, used 80836K [0x0000000083200000, 0x0000000100000000)
  region size 1024K, 75 young (76800K), 10 survivors (10240K)
 Metaspace       used 16889K, committed 17152K, reserved 1114112K
  class space    used 1948K, committed 2048K, reserved 1048576K
}
Event: 3.311 GC heap after
{Heap after GC invocations=4 (full 0):
 garbage-first heap   total reserved 2045952K, committed 129024K, used 19237K [0x0000000083200000, 0x0000000100000000)
  region size 1024K, 6 young (6144K), 6 survivors (6144K)
 Metaspace       used 16889K, committed 17152K, reserved 1114112K
  class space    used 1948K, committed 2048K, reserved 1048576K
}
Event: 7.296 GC heap before
{Heap before GC invocations=4 (full 0):
 garbage-first heap   total reserved 2045952K, committed 129024K, used 89893K [0x0000000083200000, 0x0000000100000000)
  region size 1024K, 72 young (73728K), 6 survivors (6144K)
 Metaspace       used 21138K, committed 21504K, reserved 1114112K
  class space    used 2398K, committed 2624K, reserved 1048576K
}
Event: 7.305 GC heap after
{Heap after GC invocations=5 (full 0):
 garbage-first heap   total reserved 2045952K, committed 129024K, used 29696K [0x0000000083200000, 0x0000000100000000)
  region size 1024K, 10 young (10240K), 10 survivors (10240K)
 Metaspace       used 21138K, committed 21504K, reserved 1114112K
  class space    used 2398K, committed 2624K, reserved 1048576K
}
Event: 8.615 GC heap before
{Heap before GC invocations=6 (full 0):
 garbage-first heap   total reserved 2045952K, committed 99328K, used 98304K [0x0000000083200000, 0x0000000100000000)
  region size 1024K, 75 young (76800K), 10 survivors (10240K)
 Metaspace       used 27366K, committed 27712K, reserved 1114112K
  class space    used 3120K, committed 3264K, reserved 1048576K
}
Event: 8.652 GC heap after
{Heap after GC invocations=7 (full 0):
 garbage-first heap   total reserved 2045952K, committed 130048K, used 53248K [0x0000000083200000, 0x0000000100000000)
  region size 1024K, 10 young (10240K), 10 survivors (10240K)
 Metaspace       used 27366K, committed 27712K, reserved 1114112K
  class space    used 3120K, committed 3264K, reserved 1048576K
}
Event: 9.841 GC heap before
{Heap before GC invocations=7 (full 0):
 garbage-first heap   total reserved 2045952K, committed 130048K, used 104448K [0x0000000083200000, 0x0000000100000000)
  region size 1024K, 61 young (62464K), 10 survivors (10240K)
 Metaspace       used 29913K, committed 30336K, reserved 1114112K
  class space    used 3419K, committed 3584K, reserved 1048576K
}
Event: 9.853 GC heap after
{Heap after GC invocations=8 (full 0):
 garbage-first heap   total reserved 2045952K, committed 130048K, used 57344K [0x0000000083200000, 0x0000000100000000)
  region size 1024K, 3 young (3072K), 3 survivors (3072K)
 Metaspace       used 29913K, committed 30336K, reserved 1114112K
  class space    used 3419K, committed 3584K, reserved 1048576K
}
Event: 10.572 GC heap before
{Heap before GC invocations=8 (full 0):
 garbage-first heap   total reserved 2045952K, committed 130048K, used 108544K [0x0000000083200000, 0x0000000100000000)
  region size 1024K, 53 young (54272K), 3 survivors (3072K)
 Metaspace       used 30683K, committed 31104K, reserved 1114112K
  class space    used 3468K, committed 3648K, reserved 1048576K
}
Event: 10.581 GC heap after
{Heap after GC invocations=9 (full 0):
 garbage-first heap   total reserved 2045952K, committed 130048K, used 57606K [0x0000000083200000, 0x0000000100000000)
  region size 1024K, 4 young (4096K), 4 survivors (4096K)
 Metaspace       used 30683K, committed 31104K, reserved 1114112K
  class space    used 3468K, committed 3648K, reserved 1048576K
}
Event: 11.676 GC heap before
{Heap before GC invocations=9 (full 0):
 garbage-first heap   total reserved 2045952K, committed 130048K, used 110854K [0x0000000083200000, 0x0000000100000000)
  region size 1024K, 53 young (54272K), 4 survivors (4096K)
 Metaspace       used 32312K, committed 32832K, reserved 1114112K
  class space    used 3687K, committed 3968K, reserved 1048576K
}
Event: 11.689 GC heap after
{Heap after GC invocations=10 (full 0):
 garbage-first heap   total reserved 2045952K, committed 156672K, used 71680K [0x0000000083200000, 0x0000000100000000)
  region size 1024K, 7 young (7168K), 7 survivors (7168K)
 Metaspace       used 32312K, committed 32832K, reserved 1114112K
  class space    used 3687K, committed 3968K, reserved 1048576K
}
Event: 12.407 GC heap before
{Heap before GC invocations=10 (full 0):
 garbage-first heap   total reserved 2045952K, committed 156672K, used 130048K [0x0000000083200000, 0x0000000100000000)
  region size 1024K, 64 young (65536K), 7 survivors (7168K)
 Metaspace       used 32851K, committed 33472K, reserved 1114112K
  class space    used 3752K, committed 4032K, reserved 1048576K
}
Event: 12.416 GC heap after
{Heap after GC invocations=11 (full 0):
 garbage-first heap   total reserved 2045952K, committed 156672K, used 87975K [0x0000000083200000, 0x0000000100000000)
  region size 1024K, 8 young (8192K), 8 survivors (8192K)
 Metaspace       used 32851K, committed 33472K, reserved 1114112K
  class space    used 3752K, committed 4032K, reserved 1048576K
}
Event: 13.272 GC heap before
{Heap before GC invocations=11 (full 0):
 garbage-first heap   total reserved 2045952K, committed 156672K, used 130983K [0x0000000083200000, 0x0000000100000000)
  region size 1024K, 50 young (51200K), 8 survivors (8192K)
 Metaspace       used 34218K, committed 34752K, reserved 1114112K
  class space    used 3895K, committed 4160K, reserved 1048576K
}
Event: 13.276 GC heap after
{Heap after GC invocations=12 (full 0):
 garbage-first heap   total reserved 2045952K, committed 156672K, used 84992K [0x0000000083200000, 0x0000000100000000)
  region size 1024K, 2 young (2048K), 2 survivors (2048K)
 Metaspace       used 34218K, committed 34752K, reserved 1114112K
  class space    used 3895K, committed 4160K, reserved 1048576K
}

Dll operation events (8 events):
Event: 0.007 Loaded shared library C:\Program Files\Java\jdk-22\bin\java.dll
Event: 0.035 Loaded shared library C:\Program Files\Java\jdk-22\bin\jsvml.dll
Event: 0.052 Loaded shared library C:\Program Files\Java\jdk-22\bin\net.dll
Event: 0.054 Loaded shared library C:\Program Files\Java\jdk-22\bin\nio.dll
Event: 0.057 Loaded shared library C:\Program Files\Java\jdk-22\bin\zip.dll
Event: 0.166 Loaded shared library C:\Program Files\Java\jdk-22\bin\jimage.dll
Event: 0.227 Loaded shared library C:\Program Files\apache-maven-3.9.6\lib\jansi-native\Windows\x86_64\jansi.dll
Event: 0.235 Loaded shared library C:\Program Files\Java\jdk-22\bin\verify.dll

Deoptimization events (20 events):
Event: 23.092 Thread 0x00000277941fa740 Uncommon trap: trap_request=0xfffffff4 fr.pc=0x000002773aa83e10 relative=0x0000000000000250
Event: 23.092 Thread 0x00000277941fa740 Uncommon trap: reason=null_check action=make_not_entrant pc=0x000002773aa83e10 method=sun.nio.fs.NativeBuffers.getNativeBufferFromCache(I)Lsun/nio/fs/NativeBuffer; @ 6 c2
Event: 23.092 Thread 0x00000277941fa740 DEOPT PACKING pc=0x000002773aa83e10 sp=0x000000d6267fe920
Event: 23.092 Thread 0x00000277941fa740 DEOPT UNPACKING pc=0x000002773a1c7da2 sp=0x000000d6267fe8d0 mode 2
Event: 23.092 Thread 0x00000277941fa740 Uncommon trap: trap_request=0xfffffff4 fr.pc=0x000002773ab65768 relative=0x0000000000000868
Event: 23.092 Thread 0x00000277941fa740 Uncommon trap: reason=null_check action=make_not_entrant pc=0x000002773ab65768 method=sun.nio.fs.NativeBuffers.getNativeBufferFromCache(I)Lsun/nio/fs/NativeBuffer; @ 6 c2
Event: 23.092 Thread 0x00000277941fa740 DEOPT PACKING pc=0x000002773ab65768 sp=0x000000d6267fe870
Event: 23.092 Thread 0x00000277941fa740 DEOPT UNPACKING pc=0x000002773a1c7da2 sp=0x000000d6267fe7c0 mode 2
Event: 23.092 Thread 0x00000277941fa740 Uncommon trap: trap_request=0xfffffff4 fr.pc=0x000002773ab53ee4 relative=0x00000000000002a4
Event: 23.092 Thread 0x00000277941fa740 Uncommon trap: reason=null_check action=make_not_entrant pc=0x000002773ab53ee4 method=sun.nio.fs.NativeBuffers.releaseNativeBuffer(Lsun/nio/fs/NativeBuffer;)V @ 6 c2
Event: 23.092 Thread 0x00000277941fa740 DEOPT PACKING pc=0x000002773ab53ee4 sp=0x000000d6267fe890
Event: 23.092 Thread 0x00000277941fa740 DEOPT UNPACKING pc=0x000002773a1c7da2 sp=0x000000d6267fe840 mode 2
Event: 23.215 Thread 0x000002778e5bc950 Uncommon trap: trap_request=0xffffff45 fr.pc=0x000002773a7ca72c relative=0x000000000000016c
Event: 23.215 Thread 0x000002778e5bc950 Uncommon trap: reason=unstable_if action=reinterpret pc=0x000002773a7ca72c method=java.util.concurrent.ConcurrentHashMap.addCount(JI)V @ 34 c2
Event: 23.215 Thread 0x000002778e5bc950 DEOPT PACKING pc=0x000002773a7ca72c sp=0x000000d6265fee20
Event: 23.215 Thread 0x000002778e5bc950 DEOPT UNPACKING pc=0x000002773a1c7da2 sp=0x000000d6265fed60 mode 2
Event: 23.223 Thread 0x00000277287757b0 Uncommon trap: trap_request=0xffffffde fr.pc=0x000002773a962c14 relative=0x0000000000000074
Event: 23.223 Thread 0x00000277287757b0 Uncommon trap: reason=class_check action=maybe_recompile pc=0x000002773a962c14 method=java.util.Collections$UnmodifiableMap.size()I @ 4 c2
Event: 23.223 Thread 0x00000277287757b0 DEOPT PACKING pc=0x000002773a962c14 sp=0x000000d6249fde60
Event: 23.223 Thread 0x00000277287757b0 DEOPT UNPACKING pc=0x000002773a1c7da2 sp=0x000000d6249fdde8 mode 2

Classes loaded (20 events):
Event: 23.047 Loading class java/text/ChoiceFormat
Event: 23.049 Loading class java/text/ChoiceFormat done
Event: 23.063 Loading class java/text/FieldPosition$Delegate
Event: 23.063 Loading class java/text/FieldPosition$Delegate done
Event: 23.063 Loading class jdk/internal/math/FDBigInteger
Event: 23.064 Loading class jdk/internal/math/FDBigInteger done
Event: 23.064 Loading class java/text/DigitList$1
Event: 23.064 Loading class java/text/DigitList$1 done
Event: 23.065 Loading class java/text/MessageFormat$Field
Event: 23.065 Loading class java/text/MessageFormat$Field done
Event: 23.065 Loading class java/util/concurrent/ConcurrentLinkedDeque$Itr
Event: 23.065 Loading class java/util/concurrent/ConcurrentLinkedDeque$AbstractItr
Event: 23.065 Loading class java/util/concurrent/ConcurrentLinkedDeque$AbstractItr done
Event: 23.065 Loading class java/util/concurrent/ConcurrentLinkedDeque$Itr done
Event: 23.214 Loading class java/util/concurrent/ConcurrentSkipListMap$KeySet
Event: 23.215 Loading class java/util/concurrent/ConcurrentSkipListMap$KeySet done
Event: 23.215 Loading class java/util/concurrent/ConcurrentSkipListMap$KeyIterator
Event: 23.215 Loading class java/util/concurrent/ConcurrentSkipListMap$Iter
Event: 23.215 Loading class java/util/concurrent/ConcurrentSkipListMap$Iter done
Event: 23.215 Loading class java/util/concurrent/ConcurrentSkipListMap$KeyIterator done

Classes unloaded (20 events):
Event: 13.317 Thread 0x0000027746fd5840 Unloading class 0x000002774934a7e8 'lombok/javac/apt/MessagerDiagnosticsReceiver'
Event: 13.317 Thread 0x0000027746fd5840 Unloading class 0x000002774934a420 'lombok/javac/apt/InterceptingJavaFileManager'
Event: 13.317 Thread 0x0000027746fd5840 Unloading class 0x000002774934a218 'lombok/permit/dummy/Parent'
Event: 13.317 Thread 0x0000027746fd5840 Unloading class 0x000002774934a000 'lombok/core/CleanupRegistry'
Event: 13.317 Thread 0x0000027746fd5840 Unloading class 0x0000027749349de8 'lombok/permit/Permit$Fake'
Event: 13.317 Thread 0x0000027746fd5840 Unloading class 0x0000027749349be8 'lombok/permit/Permit'
Event: 13.317 Thread 0x0000027746fd5840 Unloading class 0x00000277493498f8 'lombok/javac/apt/LombokProcessor$1'
Event: 13.317 Thread 0x0000027746fd5840 Unloading class 0x0000027749349700 'lombok/core/DiagnosticsReceiver'
Event: 13.317 Thread 0x0000027746fd5840 Unloading class 0x0000027749349468 'lombok/javac/apt/LombokProcessor'
Event: 13.317 Thread 0x0000027746fd5840 Unloading class 0x0000027749349238 'lombok/core/AnnotationProcessor$EcjDescriptor'
Event: 13.317 Thread 0x0000027746fd5840 Unloading class 0x0000027749349000 'lombok/core/AnnotationProcessor$JavacDescriptor'
Event: 13.317 Thread 0x0000027746fd5840 Unloading class 0x0000027749348a80 'lombok/core/AnnotationProcessor$ProcessorDescriptor'
Event: 13.317 Thread 0x0000027746fd5840 Unloading class 0x0000027749348800 'lombok/core/AnnotationProcessor'
Event: 13.317 Thread 0x0000027746fd5840 Unloading class 0x0000027749392000 'lombok/launch/AnnotationProcessorHider$ClaimingProcessor'
Event: 13.317 Thread 0x0000027746fd5840 Unloading class 0x0000027749348498 'lombok/launch/AnnotationProcessorHider$AstModificationNotifierData'
Event: 13.317 Thread 0x0000027746fd5840 Unloading class 0x0000027749348218 'lombok/launch/ClassFileMetaData'
Event: 13.317 Thread 0x0000027746fd5840 Unloading class 0x0000027749348000 'lombok/launch/PackageShader'
Event: 13.317 Thread 0x0000027746fd5840 Unloading class 0x0000027749320480 'lombok/launch/ShadowClassLoader'
Event: 13.317 Thread 0x0000027746fd5840 Unloading class 0x0000027749320280 'lombok/launch/Main'
Event: 13.317 Thread 0x0000027746fd5840 Unloading class 0x0000027749320000 'lombok/launch/AnnotationProcessorHider$AnnotationProcessor'

Classes redefined (0 events):
No events

Internal exceptions (20 events):
Event: 12.713 Thread 0x00000277287757b0 Exception <a 'sun/nio/fs/WindowsException'{0x000000008a6f6208}> (0x000000008a6f6208) 
thrown [s\open\src\hotspot\share\prims\jni.cpp, line 520]
Event: 12.713 Thread 0x00000277287757b0 Exception <a 'sun/nio/fs/WindowsException'{0x000000008a6f6be8}> (0x000000008a6f6be8) 
thrown [s\open\src\hotspot\share\prims\jni.cpp, line 520]
Event: 12.715 Thread 0x00000277287757b0 Exception <a 'sun/nio/fs/WindowsException'{0x000000008a5156b0}> (0x000000008a5156b0) 
thrown [s\open\src\hotspot\share\prims\jni.cpp, line 520]
Event: 12.715 Thread 0x00000277287757b0 Exception <a 'sun/nio/fs/WindowsException'{0x000000008a516018}> (0x000000008a516018) 
thrown [s\open\src\hotspot\share\prims\jni.cpp, line 520]
Event: 12.715 Thread 0x00000277287757b0 Exception <a 'sun/nio/fs/WindowsException'{0x000000008a5169f8}> (0x000000008a5169f8) 
thrown [s\open\src\hotspot\share\prims\jni.cpp, line 520]
Event: 12.720 Thread 0x00000277287757b0 Exception <a 'sun/nio/fs/WindowsException'{0x000000008a5964f0}> (0x000000008a5964f0) 
thrown [s\open\src\hotspot\share\prims\jni.cpp, line 520]
Event: 12.722 Thread 0x00000277287757b0 Exception <a 'sun/nio/fs/WindowsException'{0x000000008a5aec78}> (0x000000008a5aec78) 
thrown [s\open\src\hotspot\share\prims\jni.cpp, line 520]
Event: 12.725 Thread 0x00000277287757b0 Exception <a 'sun/nio/fs/WindowsException'{0x000000008a5c8858}> (0x000000008a5c8858) 
thrown [s\open\src\hotspot\share\prims\jni.cpp, line 520]
Event: 12.725 Thread 0x00000277287757b0 Exception <a 'sun/nio/fs/WindowsException'{0x000000008a5c8fb8}> (0x000000008a5c8fb8) 
thrown [s\open\src\hotspot\share\prims\jni.cpp, line 520]
Event: 12.725 Thread 0x00000277287757b0 Exception <a 'sun/nio/fs/WindowsException'{0x000000008a5c9588}> (0x000000008a5c9588) 
thrown [s\open\src\hotspot\share\prims\jni.cpp, line 520]
Event: 12.725 Thread 0x00000277287757b0 Exception <a 'sun/nio/fs/WindowsException'{0x000000008a5c9ca0}> (0x000000008a5c9ca0) 
thrown [s\open\src\hotspot\share\prims\jni.cpp, line 520]
Event: 12.725 Thread 0x00000277287757b0 Exception <a 'sun/nio/fs/WindowsException'{0x000000008a5ca390}> (0x000000008a5ca390) 
thrown [s\open\src\hotspot\share\prims\jni.cpp, line 520]
Event: 12.725 Thread 0x00000277287757b0 Exception <a 'sun/nio/fs/WindowsException'{0x000000008a5caa68}> (0x000000008a5caa68) 
thrown [s\open\src\hotspot\share\prims\jni.cpp, line 520]
Event: 13.290 Thread 0x000002778db22c10 Exception <a 'java/lang/NoSuchMethodError'{0x000000008b5b2140}: 'long java.lang.invoke.DirectMethodHandle$Holder.invokeInterface(java.lang.Object, java.lang.Object)'> (0x000000008b5b2140) 
thrown [s\open\src\hotspot\share\interpreter\linkResolver.cpp, line 774]
Event: 13.291 Thread 0x000002778db22c10 Exception <a 'java/lang/NoSuchMethodError'{0x000000008b5b5628}: 'long java.lang.invoke.DelegatingMethodHandle$Holder.reinvoke_L(java.lang.Object, java.lang.Object)'> (0x000000008b5b5628) 
thrown [s\open\src\hotspot\share\interpreter\linkResolver.cpp, line 774]
Event: 13.405 Thread 0x00000277287757b0 Exception <a 'java/lang/NoSuchMethodError'{0x00000000ffd5a998}: 'java.lang.Object java.lang.invoke.DirectMethodHandle$Holder.invokeStaticInit(java.lang.Object, java.lang.Object, int, int, int, int)'> (0x00000000ffd5a998) 
thrown [s\open\src\hotspot\share\interpreter\linkResolver.cpp, line 774]
Event: 23.092 Thread 0x00000277941fa740 Implicit null exception at 0x000002773aa83c63 to 0x000002773aa83e00
Event: 23.092 Thread 0x00000277941fa740 Implicit null exception at 0x000002773ab64fdb to 0x000002773ab65730
Event: 23.092 Thread 0x00000277941fa740 Implicit null exception at 0x000002773ab53ce7 to 0x000002773ab53ed4
Event: 23.218 Thread 0x00000277287757b0 Exception <a 'sun/nio/fs/WindowsException'{0x000000008a631e58}> (0x000000008a631e58) 
thrown [s\open\src\hotspot\share\prims\jni.cpp, line 520]

ZGC Phase Switch (0 events):
No events

VM Operations (20 events):
Event: 13.371 Executing VM operation: G1PauseCleanup
Event: 13.372 Executing VM operation: G1PauseCleanup done
Event: 13.378 Executing VM operation: HandshakeAllThreads (Deoptimize)
Event: 13.378 Executing VM operation: HandshakeAllThreads (Deoptimize) done
Event: 13.659 Executing VM operation: HandshakeAllThreads (Deoptimize)
Event: 13.659 Executing VM operation: HandshakeAllThreads (Deoptimize) done
Event: 13.683 Executing VM operation: HandshakeAllThreads (Deoptimize)
Event: 13.683 Executing VM operation: HandshakeAllThreads (Deoptimize) done
Event: 13.685 Executing VM operation: HandshakeAllThreads (Deoptimize)
Event: 13.685 Executing VM operation: HandshakeAllThreads (Deoptimize) done
Event: 14.674 Executing VM operation: Cleanup
Event: 14.675 Executing VM operation: Cleanup done
Event: 15.690 Executing VM operation: Cleanup
Event: 15.690 Executing VM operation: Cleanup done
Event: 17.718 Executing VM operation: Cleanup
Event: 17.718 Executing VM operation: Cleanup done
Event: 22.776 Executing VM operation: Cleanup
Event: 22.776 Executing VM operation: Cleanup done
Event: 23.779 Executing VM operation: Cleanup
Event: 23.779 Executing VM operation: Cleanup done

Memory protections (0 events):
No events

Nmethod flushes (20 events):
Event: 13.334 Thread 0x0000027746fd5840 flushing  nmethod 0x0000027733b9e590
Event: 13.334 Thread 0x0000027746fd5840 flushing  nmethod 0x0000027733ba0090
Event: 13.334 Thread 0x0000027746fd5840 flushing  nmethod 0x0000027733ba6b10
Event: 13.334 Thread 0x0000027746fd5840 flushing  nmethod 0x0000027733baad10
Event: 13.334 Thread 0x0000027746fd5840 flushing  nmethod 0x0000027733c65290
Event: 13.334 Thread 0x0000027746fd5840 flushing  nmethod 0x0000027733c65d90
Event: 13.334 Thread 0x0000027746fd5840 flushing  nmethod 0x0000027733c72810
Event: 13.335 Thread 0x0000027746fd5840 flushing  nmethod 0x0000027733c73190
Event: 13.335 Thread 0x0000027746fd5840 flushing  nmethod 0x0000027733c73910
Event: 13.335 Thread 0x0000027746fd5840 flushing  nmethod 0x0000027733c73e90
Event: 13.335 Thread 0x0000027746fd5840 flushing  nmethod 0x0000027733c78210
Event: 13.335 Thread 0x0000027746fd5840 flushing  nmethod 0x0000027733caff90
Event: 13.335 Thread 0x0000027746fd5840 flushing  nmethod 0x0000027733cb1210
Event: 13.335 Thread 0x0000027746fd5840 flushing  nmethod 0x0000027733cb2e10
Event: 13.335 Thread 0x0000027746fd5840 flushing  nmethod 0x0000027733cb4210
Event: 13.335 Thread 0x0000027746fd5840 flushing  nmethod 0x0000027733cb5010
Event: 13.335 Thread 0x0000027746fd5840 flushing  nmethod 0x0000027733d23310
Event: 13.335 Thread 0x0000027746fd5840 flushing  nmethod 0x0000027733d26f90
Event: 13.335 Thread 0x0000027746fd5840 flushing  nmethod 0x0000027733d78b90
Event: 13.335 Thread 0x0000027746fd5840 flushing osr nmethod 0x0000027733de7510

Events (20 events):
Event: 13.551 Thread 0x00000277287757b0 Thread added: 0x000002778e5bc950
Event: 13.561 Thread 0x00000277287757b0 Thread added: 0x00000277941f7fe0
Event: 13.723 Thread 0x00000277287757b0 Thread added: 0x00000277941fa740
Event: 13.760 Thread 0x00000277287757b0 Thread added: 0x00000277941fb460
Event: 13.761 Thread 0x00000277287757b0 Thread added: 0x00000277941fadd0
Event: 13.776 Thread 0x00000277287757b0 Thread added: 0x00000277941f8670
Event: 14.429 Thread 0x0000027747b1c560 Thread exited: 0x0000027747b1c560
Event: 14.724 Thread 0x000002778ec2d0c0 Thread exited: 0x000002778ec2d0c0
Event: 23.058 Thread 0x0000027747009000 Thread added: 0x000002778ec2d0c0
Event: 23.080 Thread 0x0000027747008850 Thread added: 0x000002778dceb480
Event: 23.211 Thread 0x00000277941fb460 Thread exited: 0x00000277941fb460
Event: 23.212 Thread 0x00000277941fa740 Thread exited: 0x00000277941fa740
Event: 23.212 Thread 0x00000277941f8670 Thread exited: 0x00000277941f8670
Event: 23.212 Thread 0x00000277941fadd0 Thread exited: 0x00000277941fadd0
Event: 23.215 Thread 0x00000277941f7fe0 Thread exited: 0x00000277941f7fe0
Event: 23.215 Thread 0x000002778e5bc950 Thread exited: 0x000002778e5bc950
Event: 23.232 Thread 0x00000277287757b0 Thread added: 0x00000277941fa740
Event: 23.232 Thread 0x00000277287757b0 Thread added: 0x00000277941fadd0
Event: 28.222 Thread 0x000002778dceb480 Thread exited: 0x000002778dceb480
Event: 28.222 Thread 0x000002778ec2d0c0 Thread exited: 0x000002778ec2d0c0


Dynamic libraries:
0x00007ff76c3c0000 - 0x00007ff76c3d0000 	C:\Program Files\Java\jdk-22\bin\java.exe
0x00007ff83d390000 - 0x00007ff83d5a7000 	C:\WINDOWS\SYSTEM32\ntdll.dll
0x00007ff83c350000 - 0x00007ff83c414000 	C:\WINDOWS\System32\KERNEL32.DLL
0x00007ff83a950000 - 0x00007ff83acfd000 	C:\WINDOWS\System32\KERNELBASE.dll
0x00007ff83afa0000 - 0x00007ff83b0b1000 	C:\WINDOWS\System32\ucrtbase.dll
0x00007ff820280000 - 0x00007ff82029b000 	C:\Program Files\Java\jdk-22\bin\VCRUNTIME140.dll
0x00007ff820260000 - 0x00007ff820277000 	C:\Program Files\Java\jdk-22\bin\jli.dll
0x00007ff83b140000 - 0x00007ff83b2ee000 	C:\WINDOWS\System32\USER32.dll
0x00007ff83ae20000 - 0x00007ff83ae46000 	C:\WINDOWS\System32\win32u.dll
0x00007ff824a90000 - 0x00007ff824d23000 	C:\WINDOWS\WinSxS\amd64_microsoft.windows.common-controls_6595b64144ccf1df_6.0.22621.3672_none_2713b9d173822955\COMCTL32.dll
0x00007ff83c250000 - 0x00007ff83c279000 	C:\WINDOWS\System32\GDI32.dll
0x00007ff83b390000 - 0x00007ff83b437000 	C:\WINDOWS\System32\msvcrt.dll
0x00007ff83ae80000 - 0x00007ff83af99000 	C:\WINDOWS\System32\gdi32full.dll
0x00007ff83ad80000 - 0x00007ff83ae1a000 	C:\WINDOWS\System32\msvcp_win.dll
0x00007ff83c2e0000 - 0x00007ff83c311000 	C:\WINDOWS\System32\IMM32.DLL
0x00007ff8369f0000 - 0x00007ff8369fc000 	C:\Program Files\Java\jdk-22\bin\vcruntime140_1.dll
0x00007ffffdd80000 - 0x00007ffffde0e000 	C:\Program Files\Java\jdk-22\bin\msvcp140.dll
0x00007fffd2240000 - 0x00007fffd2f89000 	C:\Program Files\Java\jdk-22\bin\server\jvm.dll
0x00007ff83bf20000 - 0x00007ff83bfd2000 	C:\WINDOWS\System32\ADVAPI32.dll
0x00007ff83c650000 - 0x00007ff83c6f9000 	C:\WINDOWS\System32\sechost.dll
0x00007ff83ae50000 - 0x00007ff83ae78000 	C:\WINDOWS\System32\bcrypt.dll
0x00007ff83c8c0000 - 0x00007ff83c9d4000 	C:\WINDOWS\System32\RPCRT4.dll
0x00007ff83b0c0000 - 0x00007ff83b131000 	C:\WINDOWS\System32\WS2_32.dll
0x00007ff83a580000 - 0x00007ff83a5cd000 	C:\WINDOWS\SYSTEM32\POWRPROF.dll
0x00007ff835e40000 - 0x00007ff835e74000 	C:\WINDOWS\SYSTEM32\WINMM.dll
0x00007ff836530000 - 0x00007ff83653a000 	C:\WINDOWS\SYSTEM32\VERSION.dll
0x00007ff83a560000 - 0x00007ff83a573000 	C:\WINDOWS\SYSTEM32\UMPDC.dll
0x00007ff8396a0000 - 0x00007ff8396b8000 	C:\WINDOWS\SYSTEM32\kernel.appcore.dll
0x00007ff835550000 - 0x00007ff83555a000 	C:\Program Files\Java\jdk-22\bin\jimage.dll
0x00007ff837f50000 - 0x00007ff838182000 	C:\WINDOWS\SYSTEM32\DBGHELP.DLL
0x00007ff83ba90000 - 0x00007ff83be1e000 	C:\WINDOWS\System32\combase.dll
0x00007ff83bfe0000 - 0x00007ff83c0b7000 	C:\WINDOWS\System32\OLEAUT32.dll
0x00007ff828380000 - 0x00007ff8283b2000 	C:\WINDOWS\SYSTEM32\dbgcore.DLL
0x00007ff83ad00000 - 0x00007ff83ad7b000 	C:\WINDOWS\System32\bcryptPrimitives.dll
0x00007ff816c40000 - 0x00007ff816c5e000 	C:\Program Files\Java\jdk-22\bin\java.dll
0x00007ff83cae0000 - 0x00007ff83d347000 	C:\WINDOWS\System32\SHELL32.dll
0x00007ff83c4a0000 - 0x00007ff83c645000 	C:\WINDOWS\System32\ole32.dll
0x00007ff838630000 - 0x00007ff838f2f000 	C:\WINDOWS\SYSTEM32\windows.storage.dll
0x00007ff8384f0000 - 0x00007ff83862f000 	C:\WINDOWS\SYSTEM32\wintypes.dll
0x00007ff83be20000 - 0x00007ff83bf19000 	C:\WINDOWS\System32\SHCORE.dll
0x00007ff83c420000 - 0x00007ff83c47e000 	C:\WINDOWS\System32\shlwapi.dll
0x00007ff83a5e0000 - 0x00007ff83a607000 	C:\WINDOWS\SYSTEM32\profapi.dll
0x00007ffffdca0000 - 0x00007ffffdd77000 	C:\Program Files\Java\jdk-22\bin\jsvml.dll
0x00007ff82cdb0000 - 0x00007ff82cdc0000 	C:\Program Files\Java\jdk-22\bin\net.dll
0x00007ff839b70000 - 0x00007ff839bd9000 	C:\WINDOWS\system32\mswsock.dll
0x00007ff816c20000 - 0x00007ff816c36000 	C:\Program Files\Java\jdk-22\bin\nio.dll
0x00007ff814770000 - 0x00007ff814787000 	C:\Program Files\Java\jdk-22\bin\zip.dll
0x0000000069ac0000 - 0x0000000069ae4000 	C:\Program Files\apache-maven-3.9.6\lib\jansi-native\Windows\x86_64\jansi.dll
0x00007ff82c3b0000 - 0x00007ff82c3c0000 	C:\Program Files\Java\jdk-22\bin\verify.dll
0x00007ff839810000 - 0x00007ff839844000 	C:\WINDOWS\SYSTEM32\ntmarta.dll
0x00007ff839dc0000 - 0x00007ff839ddb000 	C:\WINDOWS\SYSTEM32\CRYPTSP.dll
0x00007ff839660000 - 0x00007ff839695000 	C:\WINDOWS\system32\rsaenh.dll
0x00007ff839c60000 - 0x00007ff839c88000 	C:\WINDOWS\SYSTEM32\USERENV.dll
0x00007ff839de0000 - 0x00007ff839dec000 	C:\WINDOWS\SYSTEM32\CRYPTBASE.dll
0x00007ff839190000 - 0x00007ff8391bd000 	C:\WINDOWS\SYSTEM32\IPHLPAPI.DLL
0x00007ff83c320000 - 0x00007ff83c329000 	C:\WINDOWS\System32\NSI.dll

dbghelp: loaded successfully - version: 4.0.5 - missing functions: none
symbol engine: initialized successfully - sym options: 0x614 - pdb path: .;C:\Program Files\Java\jdk-22\bin;C:\WINDOWS\SYSTEM32;C:\WINDOWS\WinSxS\amd64_microsoft.windows.common-controls_6595b64144ccf1df_6.0.22621.3672_none_2713b9d173822955;C:\Program Files\Java\jdk-22\bin\server;C:\Program Files\apache-maven-3.9.6\lib\jansi-native\Windows\x86_64

VM Arguments:
jvm_args: -Dclassworlds.conf=C:\Program Files\apache-maven-3.9.6\bin\m2.conf -Dmaven.home=C:\Program Files\apache-maven-3.9.6 -Dlibrary.jansi.path=C:\Program Files\apache-maven-3.9.6\lib\jansi-native -Dmaven.multiModuleProjectDirectory=C:\Users\Kiet\Desktop\springboot 
java_command: org.codehaus.plexus.classworlds.launcher.Launcher clean install
java_class_path (initial): C:\Program Files\apache-maven-3.9.6\boot\plexus-classworlds-2.7.0.jar
Launcher Type: SUN_STANDARD

[Global flags]
     intx CICompilerCount                          = 4                                         {product} {ergonomic}
     uint ConcGCThreads                            = 2                                         {product} {ergonomic}
     uint G1ConcRefinementThreads                  = 8                                         {product} {ergonomic}
   size_t G1HeapRegionSize                         = 1048576                                   {product} {ergonomic}
   size_t InitialHeapSize                          = 132120576                                 {product} {ergonomic}
   size_t MarkStackSize                            = 4194304                                   {product} {ergonomic}
   size_t MaxHeapSize                              = 2095054848                                {product} {ergonomic}
   size_t MaxNewSize                               = 1256194048                                {product} {ergonomic}
   size_t MinHeapDeltaBytes                        = 1048576                                   {product} {ergonomic}
   size_t MinHeapSize                              = 8388608                                   {product} {ergonomic}
    uintx NonNMethodCodeHeapSize                   = 5839372                                {pd product} {ergonomic}
    uintx NonProfiledCodeHeapSize                  = 122909434                              {pd product} {ergonomic}
    uintx ProfiledCodeHeapSize                     = 122909434                              {pd product} {ergonomic}
    uintx ReservedCodeCacheSize                    = 251658240                              {pd product} {ergonomic}
     bool SegmentedCodeCache                       = true                                      {product} {ergonomic}
   size_t SoftMaxHeapSize                          = 2095054848                             {manageable} {ergonomic}
     bool UseCompressedOops                        = true                           {product lp64_product} {ergonomic}
     bool UseG1GC                                  = true                                      {product} {ergonomic}
     bool UseLargePagesIndividualAllocation        = false                                  {pd product} {ergonomic}

Logging:
Log output configuration:
 #0: stdout all=warning uptime,level,tags foldmultilines=false
 #1: stderr all=off uptime,level,tags foldmultilines=false

Environment Variables:
JAVA_HOME=C:\Program Files\Java\jdk-22
PATH=C:\Program Files (x86)\Common Files\Oracle\Java\java8path;C:\Program Files (x86)\Common Files\Oracle\Java\javapath;C:\WINDOWS\system32;C:\WINDOWS;C:\WINDOWS\System32\Wbem;C:\WINDOWS\System32\WindowsPowerShell\v1.0\;C:\WINDOWS\System32\OpenSSH\;C:\Program Files\dotnet\;C:\Program Files\Java\jdk-11\bin;C:\Program Files (x86)\Microsoft SQL Server\160\Tools\Binn\;C:\Program Files\Microsoft SQL Server\160\Tools\Binn\;C:\Program Files\Microsoft SQL Server\Client SDK\ODBC\170\Tools\Binn\;C:\Program Files\Microsoft SQL Server\160\DTS\Binn\;C:\Program Files (x86)\Microsoft SQL Server\160\DTS\Binn\;C:\Program Files\Azure Data Studio\bin;C:\Program Files\apache-maven-3.9.6\bin;C:\Program Files\Git\cmd;C:\Program Files\Java\jdk-22\bin;C:\Users\Kiet\AppData\Local\Programs\Python\Python38;C:\Users\Kiet\AppData\Local\Programs\Python\Python38\Scripts;C:\Program Files\CMake\bin;C:\Program Files\PostgreSQL\17\bin;C:\Users\Kiet\anaconda3\Scripts;C:\Program Files\nodejs\;C:\Users\Kiet\AppData\Local\Microsoft\WindowsApps;C:\Users\Kiet\AppData\Local\Programs\Microsoft VS Code\bin;C:\Users\Kiet\.dotnet\tools;C:\Program Files\Azure Data Studio\bin;C:\Users\Kiet\AppData\Roaming\npm
USERNAME=Kiet
OS=Windows_NT
PROCESSOR_IDENTIFIER=Intel64 Family 6 Model 126 Stepping 5, GenuineIntel
TMP=C:\Users\Kiet\AppData\Local\Temp
TEMP=C:\Users\Kiet\AppData\Local\Temp




Periodic native trim disabled

---------------  S Y S T E M  ---------------

OS:
 Windows 11 , 64 bit Build 22621 (10.0.22621.3958)
OS uptime: 0 days 1:28 hours

CPU: total 8 (initial active 8) (4 cores per cpu, 2 threads per core) family 6 model 126 stepping 5 microcode 0xa6, cx8, cmov, fxsr, ht, mmx, 3dnowpref, sse, sse2, sse3, ssse3, sse4.1, sse4.2, popcnt, lzcnt, tsc, tscinvbit, avx, avx2, aes, erms, clmul, bmi1, bmi2, adx, avx512f, avx512dq, avx512cd, avx512bw, avx512vl, sha, fma, vzeroupper, avx512_vpopcntdq, avx512_vpclmulqdq, avx512_vaes, avx512_vnni, clflush, clflushopt, avx512_vbmi2, avx512_vbmi, rdtscp, rdpid, fsrm, gfni, avx512_bitalg, f16c, pku, avx512_ifma
Processor Information for all 8 processors :
  Max Mhz: 1190, Current Mhz: 991, Mhz Limit: 987

Memory: 4k page, system-wide physical 7987M (555M free)
TotalPageFile size 10035M (AvailPageFile size 80M)
current process WorkingSet (physical memory assigned to process): 288M, peak: 371M
current process commit charge ("private bytes"): 319M, peak: 404M

vm_info: Java HotSpot(TM) 64-Bit Server VM (22.0.2+9-70) for windows-amd64 JRE (22.0.2+9-70), built on 2024-06-04T16:52:23Z by "mach5one" with MS VC++ 17.6 (VS2022)

END.
