#
# There is insufficient memory for the Java Runtime Environment to continue.
# Native memory allocation (malloc) failed to allocate 32744 bytes for Chunk::new
# Possible reasons:
#   The system is out of physical RAM or swap space
#   The process is running with CompressedOops enabled, and the Java Heap may be blocking the growth of the native heap
# Possible solutions:
#   Reduce memory load on the system
#   Increase physical memory or swap space
#   Check if swap backing store is full
#   Decrease Java heap size (-Xmx/-Xms)
#   Decrease number of Java threads
#   Decrease Java thread stack sizes (-Xss)
#   Set larger code cache with -XX:ReservedCodeCacheSize=
#   JVM is running with Unscaled Compressed Oops mode in which the Java heap is
#     placed in the first 4GB address space. The Java Heap base address is the
#     maximum limit for the native heap growth. Please use -XX:HeapBaseMinAddress
#     to set the Java Heap base and to place the Java Heap above 4GB virtual address.
# This output file may be truncated or incomplete.
#
#  Out of Memory Error (arena.cpp:168), pid=14824, tid=17004
#
# JRE version: Java(TM) SE Runtime Environment (21.0.5+9) (build 21.0.5+9-LTS-239)
# Java VM: Java HotSpot(TM) 64-Bit Server VM (21.0.5+9-LTS-239, mixed mode, sharing, tiered, compressed oops, compressed class ptrs, g1 gc, windows-amd64)
# No core dump will be written. Minidumps are not enabled by default on client versions of Windows
#

---------------  S U M M A R Y ------------

Command Line: -Dclassworlds.conf=C:\Program Files\apache-maven-3.9.6\bin\m2.conf -Dmaven.home=C:\Program Files\apache-maven-3.9.6 -Dlibrary.jansi.path=C:\Program Files\apache-maven-3.9.6\lib\jansi-native -Dmaven.multiModuleProjectDirectory=C:\Users\Kiet\Desktop\Ecommerce-SpringBoot-ReactJS org.codehaus.plexus.classworlds.launcher.Launcher clean install

Host: Intel(R) Core(TM) i5-1035G1 CPU @ 1.00GHz, 8 cores, 7G,  Windows 11 , 64 bit Build 22621 (10.0.22621.4391)
Time: Fri Dec 20 23:47:13 2024 SE Asia Standard Time elapsed time: 40.456494 seconds (0d 0h 0m 40s)

---------------  T H R E A D  ---------------

Current thread (0x00000264001d9850):  JavaThread "C2 CompilerThread0" daemon [_thread_in_native, id=17004, stack(0x000000ad2f300000,0x000000ad2f400000) (1024K)]


Current CompileTask:
C2:  40456 10261       4       org.fusesource.jansi.io.AnsiOutputStream::write (898 bytes)

Stack: [0x000000ad2f300000,0x000000ad2f400000]
Native frames: (J=compiled Java code, j=interpreted, Vv=VM code, C=native code)
V  [jvm.dll+0x6ca289]
V  [jvm.dll+0x854a51]
V  [jvm.dll+0x856f7e]
V  [jvm.dll+0x857653]
V  [jvm.dll+0x27dd26]
V  [jvm.dll+0xc4c2d]
V  [jvm.dll+0xc5163]
V  [jvm.dll+0xc4d55]
V  [jvm.dll+0x6a727c]
V  [jvm.dll+0xd1c96]
V  [jvm.dll+0x392b15]
V  [jvm.dll+0x39055e]
V  [jvm.dll+0x6e0b19]
V  [jvm.dll+0x6e437a]
V  [jvm.dll+0x6dc6f5]
V  [jvm.dll+0x6dbbbe]
V  [jvm.dll+0x6d9ddc]
V  [jvm.dll+0x1c9dcc]
V  [jvm.dll+0x1ca94c]
V  [jvm.dll+0x2efedf]
V  [jvm.dll+0x6e44c8]
V  [jvm.dll+0x6dc6f5]
V  [jvm.dll+0x6dbbbe]
V  [jvm.dll+0x6d9ddc]
V  [jvm.dll+0x1c9dcc]
V  [jvm.dll+0x1ca94c]
V  [jvm.dll+0x2efedf]
V  [jvm.dll+0x6e44c8]
V  [jvm.dll+0x6dc6f5]
V  [jvm.dll+0x6dbbbe]
V  [jvm.dll+0x6d9ddc]
V  [jvm.dll+0x1c9dcc]
V  [jvm.dll+0x1ca94c]
V  [jvm.dll+0x2efedf]
V  [jvm.dll+0x6e44c8]
V  [jvm.dll+0x6dc6f5]
V  [jvm.dll+0x6dbbbe]
V  [jvm.dll+0x6d9ddc]
V  [jvm.dll+0x1c9dcc]
V  [jvm.dll+0x1ca94c]
V  [jvm.dll+0x2efedf]
V  [jvm.dll+0x6e44c8]
V  [jvm.dll+0x6dc6f5]
V  [jvm.dll+0x6dbbbe]
V  [jvm.dll+0x6d9ddc]
V  [jvm.dll+0x1c9dcc]
V  [jvm.dll+0x245a5e]
V  [jvm.dll+0x1c6d0e]
V  [jvm.dll+0x2554d9]
V  [jvm.dll+0x253a6a]
V  [jvm.dll+0x3ee136]
V  [jvm.dll+0x7fee9b]
V  [jvm.dll+0x6c896d]
C  [ucrtbase.dll+0x29333]
C  [KERNEL32.DLL+0x1259d]
C  [ntdll.dll+0x5af38]


---------------  P R O C E S S  ---------------

Threads class SMR info:
_java_thread_list=0x000002644926b850, length=13, elements={
0x00000264619847e0, 0x00000264001cd430, 0x00000264001ce340, 0x00000264001d24d0,
0x00000264001d3f30, 0x00000264001d4ab0, 0x00000264001d57e0, 0x00000264001d9850,
0x00000264001e37e0, 0x0000026400775cf0, 0x000002640079ae00, 0x000002644a0396f0,
0x0000026400a3e480
}

Java Threads: ( => current thread )
  0x00000264619847e0 JavaThread "main"                              [_thread_in_native, id=17424, stack(0x000000ad2e500000,0x000000ad2e600000) (1024K)]
  0x00000264001cd430 JavaThread "Reference Handler"          daemon [_thread_blocked, id=15136, stack(0x000000ad2ed00000,0x000000ad2ee00000) (1024K)]
  0x00000264001ce340 JavaThread "Finalizer"                  daemon [_thread_blocked, id=12748, stack(0x000000ad2ee00000,0x000000ad2ef00000) (1024K)]
  0x00000264001d24d0 JavaThread "Signal Dispatcher"          daemon [_thread_blocked, id=11212, stack(0x000000ad2ef00000,0x000000ad2f000000) (1024K)]
  0x00000264001d3f30 JavaThread "Attach Listener"            daemon [_thread_blocked, id=12816, stack(0x000000ad2f000000,0x000000ad2f100000) (1024K)]
  0x00000264001d4ab0 JavaThread "Service Thread"             daemon [_thread_blocked, id=3644, stack(0x000000ad2f100000,0x000000ad2f200000) (1024K)]
  0x00000264001d57e0 JavaThread "Monitor Deflation Thread"   daemon [_thread_blocked, id=6484, stack(0x000000ad2f200000,0x000000ad2f300000) (1024K)]
=>0x00000264001d9850 JavaThread "C2 CompilerThread0"         daemon [_thread_in_native, id=17004, stack(0x000000ad2f300000,0x000000ad2f400000) (1024K)]
  0x00000264001e37e0 JavaThread "C1 CompilerThread0"         daemon [_thread_in_native, id=7964, stack(0x000000ad2f400000,0x000000ad2f500000) (1024K)]
  0x0000026400775cf0 JavaThread "Notification Thread"        daemon [_thread_blocked, id=2896, stack(0x000000ad2f500000,0x000000ad2f600000) (1024K)]
  0x000002640079ae00 JavaThread "Common-Cleaner"             daemon [_thread_blocked, id=2228, stack(0x000000ad2f600000,0x000000ad2f700000) (1024K)]
  0x000002644a0396f0 JavaThread "Exec Stream Pumper"         daemon [_thread_in_native, id=2916, stack(0x000000ad30100000,0x000000ad30200000) (1024K)]
  0x0000026400a3e480 JavaThread "Exec Stream Pumper"         daemon [_thread_in_native, id=15832, stack(0x000000ad30200000,0x000000ad30300000) (1024K)]
Total: 13

Other Threads:
  0x00000264001b1710 VMThread "VM Thread"                           [id=2520, stack(0x000000ad2ec00000,0x000000ad2ed00000) (1024K)]
  0x000002640019e4a0 WatcherThread "VM Periodic Task Thread"        [id=7072, stack(0x000000ad2eb00000,0x000000ad2ec00000) (1024K)]
  0x0000026463b7d660 WorkerThread "GC Thread#0"                     [id=10888, stack(0x000000ad2e600000,0x000000ad2e700000) (1024K)]
  0x0000026446b4ae40 WorkerThread "GC Thread#1"                     [id=14132, stack(0x000000ad2f900000,0x000000ad2fa00000) (1024K)]
  0x00000264467b05b0 WorkerThread "GC Thread#2"                     [id=4468, stack(0x000000ad2fa00000,0x000000ad2fb00000) (1024K)]
  0x0000026446ae8600 WorkerThread "GC Thread#3"                     [id=5332, stack(0x000000ad2fb00000,0x000000ad2fc00000) (1024K)]
  0x00000264466ef490 WorkerThread "GC Thread#4"                     [id=12604, stack(0x000000ad2fc00000,0x000000ad2fd00000) (1024K)]
  0x0000026446dcc680 WorkerThread "GC Thread#5"                     [id=9808, stack(0x000000ad2fd00000,0x000000ad2fe00000) (1024K)]
  0x0000026446dcd230 WorkerThread "GC Thread#6"                     [id=11948, stack(0x000000ad2fe00000,0x000000ad2ff00000) (1024K)]
  0x0000026446dcd9e0 WorkerThread "GC Thread#7"                     [id=17368, stack(0x000000ad2ff00000,0x000000ad30000000) (1024K)]
  0x0000026463b8e720 ConcurrentGCThread "G1 Main Marker"            [id=3028, stack(0x000000ad2e700000,0x000000ad2e800000) (1024K)]
  0x0000026463b8f2e0 WorkerThread "G1 Conc#0"                       [id=13768, stack(0x000000ad2e800000,0x000000ad2e900000) (1024K)]
  0x0000026400931210 WorkerThread "G1 Conc#1"                       [id=792, stack(0x000000ad2f800000,0x000000ad2f900000) (1024K)]
  0x0000026463beea70 ConcurrentGCThread "G1 Refine#0"               [id=1860, stack(0x000000ad2e900000,0x000000ad2ea00000) (1024K)]
  0x0000026400070560 ConcurrentGCThread "G1 Service"                [id=7792, stack(0x000000ad2ea00000,0x000000ad2eb00000) (1024K)]
Total: 15

Threads with active compile tasks:
C2 CompilerThread0    40505 10261       4       org.fusesource.jansi.io.AnsiOutputStream::write (898 bytes)
C1 CompilerThread0    40505 10315       3       org.slf4j.impl.MavenSimpleLogger::renderLevel (122 bytes)
Total: 2

VM state: not at safepoint (normal execution)

VM Mutex/Monitor currently owned by a thread: None

Heap address: 0x0000000083200000, size: 1998 MB, Compressed Oops mode: 32-bit

CDS archive(s) mapped at: [0x0000026401000000-0x0000026401c90000-0x0000026401c90000), size 13172736, SharedBaseAddress: 0x0000026401000000, ArchiveRelocationMode: 1.
Compressed class space mapped at: 0x0000026402000000-0x0000026442000000, reserved size: 1073741824
Narrow klass base: 0x0000026401000000, Narrow klass shift: 0, Narrow klass range: 0x100000000

GC Precious Log:
 CardTable entry size: 512
 Card Set container configuration: InlinePtr #cards 5 size 8 Array Of Cards #cards 12 size 40 Howl #buckets 4 coarsen threshold 1843 Howl Bitmap #cards 512 size 80 coarsen threshold 460 Card regions per heap region 1 cards per card region 2048
 CPUs: 8 total, 8 available
 Memory: 7987M
 Large Page Support: Disabled
 NUMA Support: Disabled
 Compressed Oops: Enabled (32-bit)
 Heap Region Size: 1M
 Heap Min Capacity: 8M
 Heap Initial Capacity: 126M
 Heap Max Capacity: 1998M
 Pre-touch: Disabled
 Parallel Workers: 8
 Concurrent Workers: 2
 Concurrent Refinement Workers: 8
 Periodic GC: Disabled

Heap:
 garbage-first heap   total 205824K, used 114688K [0x0000000083200000, 0x0000000100000000)
  region size 1024K, 35 young (35840K), 1 survivors (1024K)
 Metaspace       used 34521K, committed 35136K, reserved 1114112K
  class space    used 3695K, committed 4032K, reserved 1048576K

Heap Regions: E=young(eden), S=young(survivor), O=old, HS=humongous(starts), HC=humongous(continues), CS=collection set, F=free, TAMS=top-at-mark-start, PB=parsable bottom
|   0|0x0000000083200000, 0x0000000083300000, 0x0000000083300000|100%| O|  |TAMS 0x0000000083200000| PB 0x0000000083200000| Untracked 
|   1|0x0000000083300000, 0x0000000083400000, 0x0000000083400000|100%| O|  |TAMS 0x0000000083300000| PB 0x0000000083300000| Untracked 
|   2|0x0000000083400000, 0x0000000083500000, 0x0000000083500000|100%| O|  |TAMS 0x0000000083400000| PB 0x0000000083400000| Untracked 
|   3|0x0000000083500000, 0x0000000083600000, 0x0000000083600000|100%| O|  |TAMS 0x0000000083500000| PB 0x0000000083500000| Untracked 
|   4|0x0000000083600000, 0x0000000083700000, 0x0000000083700000|100%| O|  |TAMS 0x0000000083600000| PB 0x0000000083600000| Untracked 
|   5|0x0000000083700000, 0x0000000083800000, 0x0000000083800000|100%| O|  |TAMS 0x0000000083700000| PB 0x0000000083700000| Untracked 
|   6|0x0000000083800000, 0x0000000083900000, 0x0000000083900000|100%| O|  |TAMS 0x0000000083800000| PB 0x0000000083800000| Untracked 
|   7|0x0000000083900000, 0x0000000083a00000, 0x0000000083a00000|100%| O|  |TAMS 0x0000000083900000| PB 0x0000000083900000| Untracked 
|   8|0x0000000083a00000, 0x0000000083b00000, 0x0000000083b00000|100%| O|  |TAMS 0x0000000083a00000| PB 0x0000000083a00000| Untracked 
|   9|0x0000000083b00000, 0x0000000083c00000, 0x0000000083c00000|100%| O|  |TAMS 0x0000000083b00000| PB 0x0000000083b00000| Untracked 
|  10|0x0000000083c00000, 0x0000000083d00000, 0x0000000083d00000|100%| O|  |TAMS 0x0000000083c00000| PB 0x0000000083c00000| Untracked 
|  11|0x0000000083d00000, 0x0000000083e00000, 0x0000000083e00000|100%| O|  |TAMS 0x0000000083d00000| PB 0x0000000083d00000| Untracked 
|  12|0x0000000083e00000, 0x0000000083f00000, 0x0000000083f00000|100%| O|  |TAMS 0x0000000083e00000| PB 0x0000000083e00000| Untracked 
|  13|0x0000000083f00000, 0x0000000084000000, 0x0000000084000000|100%| O|Cm|TAMS 0x0000000083f00000| PB 0x0000000083f00000| Complete 
|  14|0x0000000084000000, 0x0000000084100000, 0x0000000084100000|100%|HS|  |TAMS 0x0000000084000000| PB 0x0000000084000000| Complete 
|  15|0x0000000084100000, 0x0000000084200000, 0x0000000084200000|100%| O|  |TAMS 0x0000000084100000| PB 0x0000000084100000| Untracked 
|  16|0x0000000084200000, 0x0000000084300000, 0x0000000084300000|100%| O|  |TAMS 0x0000000084200000| PB 0x0000000084200000| Untracked 
|  17|0x0000000084300000, 0x0000000084300000, 0x0000000084400000|  0%| F|  |TAMS 0x0000000084300000| PB 0x0000000084300000| Untracked 
|  18|0x0000000084400000, 0x0000000084400000, 0x0000000084500000|  0%| F|  |TAMS 0x0000000084400000| PB 0x0000000084400000| Untracked 
|  19|0x0000000084500000, 0x0000000084500000, 0x0000000084600000|  0%| F|  |TAMS 0x0000000084500000| PB 0x0000000084500000| Untracked 
|  20|0x0000000084600000, 0x0000000084700000, 0x0000000084700000|100%|HS|  |TAMS 0x0000000084600000| PB 0x0000000084600000| Complete 
|  21|0x0000000084700000, 0x0000000084700000, 0x0000000084800000|  0%| F|  |TAMS 0x0000000084700000| PB 0x0000000084700000| Untracked 
|  22|0x0000000084800000, 0x0000000084900000, 0x0000000084900000|100%| O|  |TAMS 0x0000000084800000| PB 0x0000000084800000| Untracked 
|  23|0x0000000084900000, 0x0000000084a00000, 0x0000000084a00000|100%| O|  |TAMS 0x0000000084900000| PB 0x0000000084900000| Untracked 
|  24|0x0000000084a00000, 0x0000000084b00000, 0x0000000084b00000|100%| O|  |TAMS 0x0000000084a00000| PB 0x0000000084a00000| Untracked 
|  25|0x0000000084b00000, 0x0000000084c00000, 0x0000000084c00000|100%| O|  |TAMS 0x0000000084b00000| PB 0x0000000084b00000| Untracked 
|  26|0x0000000084c00000, 0x0000000084d00000, 0x0000000084d00000|100%| O|  |TAMS 0x0000000084c00000| PB 0x0000000084c00000| Untracked 
|  27|0x0000000084d00000, 0x0000000084e00000, 0x0000000084e00000|100%| O|  |TAMS 0x0000000084d00000| PB 0x0000000084d00000| Untracked 
|  28|0x0000000084e00000, 0x0000000084f00000, 0x0000000084f00000|100%| O|  |TAMS 0x0000000084e00000| PB 0x0000000084e00000| Untracked 
|  29|0x0000000084f00000, 0x0000000084f00000, 0x0000000085000000|  0%| F|  |TAMS 0x0000000084f00000| PB 0x0000000084f00000| Untracked 
|  30|0x0000000085000000, 0x0000000085100000, 0x0000000085100000|100%| O|  |TAMS 0x0000000085000000| PB 0x0000000085000000| Untracked 
|  31|0x0000000085100000, 0x0000000085100000, 0x0000000085200000|  0%| F|  |TAMS 0x0000000085100000| PB 0x0000000085100000| Untracked 
|  32|0x0000000085200000, 0x0000000085300000, 0x0000000085300000|100%| O|Cm|TAMS 0x0000000085200000| PB 0x0000000085200000| Complete 
|  33|0x0000000085300000, 0x0000000085400000, 0x0000000085400000|100%| O|  |TAMS 0x0000000085300000| PB 0x0000000085300000| Untracked 
|  34|0x0000000085400000, 0x0000000085500000, 0x0000000085500000|100%| O|Cm|TAMS 0x0000000085400000| PB 0x0000000085400000| Complete 
|  35|0x0000000085500000, 0x0000000085500000, 0x0000000085600000|  0%| F|  |TAMS 0x0000000085500000| PB 0x0000000085500000| Untracked 
|  36|0x0000000085600000, 0x0000000085700000, 0x0000000085700000|100%| O|Cm|TAMS 0x0000000085600000| PB 0x0000000085600000| Complete 
|  37|0x0000000085700000, 0x0000000085800000, 0x0000000085800000|100%| O|Cm|TAMS 0x0000000085700000| PB 0x0000000085700000| Complete 
|  38|0x0000000085800000, 0x0000000085800000, 0x0000000085900000|  0%| F|  |TAMS 0x0000000085800000| PB 0x0000000085800000| Untracked 
|  39|0x0000000085900000, 0x0000000085a00000, 0x0000000085a00000|100%|HS|  |TAMS 0x0000000085900000| PB 0x0000000085900000| Complete 
|  40|0x0000000085a00000, 0x0000000085b00000, 0x0000000085b00000|100%|HC|  |TAMS 0x0000000085a00000| PB 0x0000000085a00000| Complete 
|  41|0x0000000085b00000, 0x0000000085c00000, 0x0000000085c00000|100%| O|Cm|TAMS 0x0000000085b00000| PB 0x0000000085b00000| Complete 
|  42|0x0000000085c00000, 0x0000000085d00000, 0x0000000085d00000|100%| O|  |TAMS 0x0000000085c00000| PB 0x0000000085c00000| Untracked 
|  43|0x0000000085d00000, 0x0000000085e00000, 0x0000000085e00000|100%|HS|  |TAMS 0x0000000085d00000| PB 0x0000000085d00000| Complete 
|  44|0x0000000085e00000, 0x0000000085f00000, 0x0000000085f00000|100%|HC|  |TAMS 0x0000000085e00000| PB 0x0000000085e00000| Complete 
|  45|0x0000000085f00000, 0x0000000086000000, 0x0000000086000000|100%|HC|  |TAMS 0x0000000085f00000| PB 0x0000000085f00000| Complete 
|  46|0x0000000086000000, 0x0000000086100000, 0x0000000086100000|100%| O|Cm|TAMS 0x0000000086000000| PB 0x0000000086000000| Complete 
|  47|0x0000000086100000, 0x0000000086200000, 0x0000000086200000|100%| O|  |TAMS 0x0000000086100000| PB 0x0000000086100000| Untracked 
|  48|0x0000000086200000, 0x0000000086300000, 0x0000000086300000|100%| O|  |TAMS 0x0000000086200000| PB 0x0000000086200000| Untracked 
|  49|0x0000000086300000, 0x0000000086400000, 0x0000000086400000|100%| O|  |TAMS 0x0000000086300000| PB 0x0000000086300000| Untracked 
|  50|0x0000000086400000, 0x0000000086500000, 0x0000000086500000|100%| O|  |TAMS 0x0000000086400000| PB 0x0000000086400000| Untracked 
|  51|0x0000000086500000, 0x0000000086600000, 0x0000000086600000|100%| O|  |TAMS 0x0000000086500000| PB 0x0000000086500000| Untracked 
|  52|0x0000000086600000, 0x0000000086700000, 0x0000000086700000|100%| O|  |TAMS 0x0000000086600000| PB 0x0000000086600000| Untracked 
|  53|0x0000000086700000, 0x0000000086800000, 0x0000000086800000|100%| O|  |TAMS 0x0000000086700000| PB 0x0000000086700000| Untracked 
|  54|0x0000000086800000, 0x0000000086900000, 0x0000000086900000|100%| O|  |TAMS 0x0000000086800000| PB 0x0000000086800000| Untracked 
|  55|0x0000000086900000, 0x0000000086a00000, 0x0000000086a00000|100%| O|  |TAMS 0x0000000086900000| PB 0x0000000086900000| Untracked 
|  56|0x0000000086a00000, 0x0000000086b00000, 0x0000000086b00000|100%| O|  |TAMS 0x0000000086a00000| PB 0x0000000086a00000| Untracked 
|  57|0x0000000086b00000, 0x0000000086c00000, 0x0000000086c00000|100%| O|  |TAMS 0x0000000086b00000| PB 0x0000000086b00000| Untracked 
|  58|0x0000000086c00000, 0x0000000086d00000, 0x0000000086d00000|100%| O|Cm|TAMS 0x0000000086c00000| PB 0x0000000086c00000| Complete 
|  59|0x0000000086d00000, 0x0000000086e00000, 0x0000000086e00000|100%| O|  |TAMS 0x0000000086d00000| PB 0x0000000086d00000| Untracked 
|  60|0x0000000086e00000, 0x0000000086f00000, 0x0000000086f00000|100%| O|  |TAMS 0x0000000086e00000| PB 0x0000000086e00000| Untracked 
|  61|0x0000000086f00000, 0x0000000087000000, 0x0000000087000000|100%| O|  |TAMS 0x0000000086f00000| PB 0x0000000086f00000| Untracked 
|  62|0x0000000087000000, 0x0000000087100000, 0x0000000087100000|100%| O|  |TAMS 0x0000000087000000| PB 0x0000000087000000| Untracked 
|  63|0x0000000087100000, 0x0000000087200000, 0x0000000087200000|100%| O|  |TAMS 0x0000000087100000| PB 0x0000000087100000| Untracked 
|  64|0x0000000087200000, 0x0000000087300000, 0x0000000087300000|100%| O|  |TAMS 0x0000000087200000| PB 0x0000000087200000| Untracked 
|  65|0x0000000087300000, 0x0000000087400000, 0x0000000087400000|100%| O|  |TAMS 0x0000000087300000| PB 0x0000000087300000| Untracked 
|  66|0x0000000087400000, 0x0000000087500000, 0x0000000087500000|100%| O|  |TAMS 0x0000000087400000| PB 0x0000000087400000| Untracked 
|  67|0x0000000087500000, 0x0000000087600000, 0x0000000087600000|100%| O|  |TAMS 0x0000000087500000| PB 0x0000000087500000| Untracked 
|  68|0x0000000087600000, 0x0000000087700000, 0x0000000087700000|100%| O|  |TAMS 0x0000000087600000| PB 0x0000000087600000| Untracked 
|  69|0x0000000087700000, 0x0000000087800000, 0x0000000087800000|100%| O|  |TAMS 0x0000000087700000| PB 0x0000000087700000| Untracked 
|  70|0x0000000087800000, 0x0000000087900000, 0x0000000087900000|100%| O|Cm|TAMS 0x0000000087800000| PB 0x0000000087800000| Complete 
|  71|0x0000000087900000, 0x0000000087a00000, 0x0000000087a00000|100%| O|  |TAMS 0x0000000087900000| PB 0x0000000087900000| Untracked 
|  72|0x0000000087a00000, 0x0000000087a00000, 0x0000000087b00000|  0%| F|  |TAMS 0x0000000087a00000| PB 0x0000000087a00000| Untracked 
|  73|0x0000000087b00000, 0x0000000087b00000, 0x0000000087c00000|  0%| F|  |TAMS 0x0000000087b00000| PB 0x0000000087b00000| Untracked 
|  74|0x0000000087c00000, 0x0000000087c00000, 0x0000000087d00000|  0%| F|  |TAMS 0x0000000087c00000| PB 0x0000000087c00000| Untracked 
|  75|0x0000000087d00000, 0x0000000087d00000, 0x0000000087e00000|  0%| F|  |TAMS 0x0000000087d00000| PB 0x0000000087d00000| Untracked 
|  76|0x0000000087e00000, 0x0000000087e00000, 0x0000000087f00000|  0%| F|  |TAMS 0x0000000087e00000| PB 0x0000000087e00000| Untracked 
|  77|0x0000000087f00000, 0x0000000087f00000, 0x0000000088000000|  0%| F|  |TAMS 0x0000000087f00000| PB 0x0000000087f00000| Untracked 
|  78|0x0000000088000000, 0x0000000088000000, 0x0000000088100000|  0%| F|  |TAMS 0x0000000088000000| PB 0x0000000088000000| Untracked 
|  79|0x0000000088100000, 0x0000000088100000, 0x0000000088200000|  0%| F|  |TAMS 0x0000000088100000| PB 0x0000000088100000| Untracked 
|  80|0x0000000088200000, 0x0000000088200000, 0x0000000088300000|  0%| F|  |TAMS 0x0000000088200000| PB 0x0000000088200000| Untracked 
|  81|0x0000000088300000, 0x0000000088300000, 0x0000000088400000|  0%| F|  |TAMS 0x0000000088300000| PB 0x0000000088300000| Untracked 
|  82|0x0000000088400000, 0x0000000088400000, 0x0000000088500000|  0%| F|  |TAMS 0x0000000088400000| PB 0x0000000088400000| Untracked 
|  83|0x0000000088500000, 0x0000000088500000, 0x0000000088600000|  0%| F|  |TAMS 0x0000000088500000| PB 0x0000000088500000| Untracked 
|  84|0x0000000088600000, 0x0000000088600000, 0x0000000088700000|  0%| F|  |TAMS 0x0000000088600000| PB 0x0000000088600000| Untracked 
|  85|0x0000000088700000, 0x0000000088700000, 0x0000000088800000|  0%| F|  |TAMS 0x0000000088700000| PB 0x0000000088700000| Untracked 
|  86|0x0000000088800000, 0x0000000088800000, 0x0000000088900000|  0%| F|  |TAMS 0x0000000088800000| PB 0x0000000088800000| Untracked 
|  87|0x0000000088900000, 0x0000000088900000, 0x0000000088a00000|  0%| F|  |TAMS 0x0000000088900000| PB 0x0000000088900000| Untracked 
|  88|0x0000000088a00000, 0x0000000088a00000, 0x0000000088b00000|  0%| F|  |TAMS 0x0000000088a00000| PB 0x0000000088a00000| Untracked 
|  89|0x0000000088b00000, 0x0000000088b00000, 0x0000000088c00000|  0%| F|  |TAMS 0x0000000088b00000| PB 0x0000000088b00000| Untracked 
|  90|0x0000000088c00000, 0x0000000088c00000, 0x0000000088d00000|  0%| F|  |TAMS 0x0000000088c00000| PB 0x0000000088c00000| Untracked 
|  91|0x0000000088d00000, 0x0000000088d00000, 0x0000000088e00000|  0%| F|  |TAMS 0x0000000088d00000| PB 0x0000000088d00000| Untracked 
|  92|0x0000000088e00000, 0x0000000088e00000, 0x0000000088f00000|  0%| F|  |TAMS 0x0000000088e00000| PB 0x0000000088e00000| Untracked 
|  93|0x0000000088f00000, 0x0000000088f00000, 0x0000000089000000|  0%| F|  |TAMS 0x0000000088f00000| PB 0x0000000088f00000| Untracked 
|  94|0x0000000089000000, 0x0000000089000000, 0x0000000089100000|  0%| F|  |TAMS 0x0000000089000000| PB 0x0000000089000000| Untracked 
|  95|0x0000000089100000, 0x0000000089100000, 0x0000000089200000|  0%| F|  |TAMS 0x0000000089100000| PB 0x0000000089100000| Untracked 
|  96|0x0000000089200000, 0x0000000089200000, 0x0000000089300000|  0%| F|  |TAMS 0x0000000089200000| PB 0x0000000089200000| Untracked 
|  97|0x0000000089300000, 0x0000000089300000, 0x0000000089400000|  0%| F|  |TAMS 0x0000000089300000| PB 0x0000000089300000| Untracked 
|  98|0x0000000089400000, 0x0000000089500000, 0x0000000089500000|100%| S|CS|TAMS 0x0000000089400000| PB 0x0000000089400000| Complete 
|  99|0x0000000089500000, 0x0000000089500000, 0x0000000089600000|  0%| F|  |TAMS 0x0000000089500000| PB 0x0000000089500000| Untracked 
| 100|0x0000000089600000, 0x0000000089600000, 0x0000000089700000|  0%| F|  |TAMS 0x0000000089600000| PB 0x0000000089600000| Untracked 
| 101|0x0000000089700000, 0x0000000089700000, 0x0000000089800000|  0%| F|  |TAMS 0x0000000089700000| PB 0x0000000089700000| Untracked 
| 102|0x0000000089800000, 0x0000000089800000, 0x0000000089900000|  0%| F|  |TAMS 0x0000000089800000| PB 0x0000000089800000| Untracked 
| 103|0x0000000089900000, 0x0000000089900000, 0x0000000089a00000|  0%| F|  |TAMS 0x0000000089900000| PB 0x0000000089900000| Untracked 
| 104|0x0000000089a00000, 0x0000000089a00000, 0x0000000089b00000|  0%| F|  |TAMS 0x0000000089a00000| PB 0x0000000089a00000| Untracked 
| 105|0x0000000089b00000, 0x0000000089b00000, 0x0000000089c00000|  0%| F|  |TAMS 0x0000000089b00000| PB 0x0000000089b00000| Untracked 
| 106|0x0000000089c00000, 0x0000000089c00000, 0x0000000089d00000|  0%| F|  |TAMS 0x0000000089c00000| PB 0x0000000089c00000| Untracked 
| 107|0x0000000089d00000, 0x0000000089d00000, 0x0000000089e00000|  0%| F|  |TAMS 0x0000000089d00000| PB 0x0000000089d00000| Untracked 
| 108|0x0000000089e00000, 0x0000000089e00000, 0x0000000089f00000|  0%| F|  |TAMS 0x0000000089e00000| PB 0x0000000089e00000| Untracked 
| 109|0x0000000089f00000, 0x0000000089f00000, 0x000000008a000000|  0%| F|  |TAMS 0x0000000089f00000| PB 0x0000000089f00000| Untracked 
| 110|0x000000008a000000, 0x000000008a000000, 0x000000008a100000|  0%| F|  |TAMS 0x000000008a000000| PB 0x000000008a000000| Untracked 
| 111|0x000000008a100000, 0x000000008a100000, 0x000000008a200000|  0%| F|  |TAMS 0x000000008a100000| PB 0x000000008a100000| Untracked 
| 112|0x000000008a200000, 0x000000008a200000, 0x000000008a300000|  0%| F|  |TAMS 0x000000008a200000| PB 0x000000008a200000| Untracked 
| 113|0x000000008a300000, 0x000000008a300000, 0x000000008a400000|  0%| F|  |TAMS 0x000000008a300000| PB 0x000000008a300000| Untracked 
| 114|0x000000008a400000, 0x000000008a400000, 0x000000008a500000|  0%| F|  |TAMS 0x000000008a400000| PB 0x000000008a400000| Untracked 
| 115|0x000000008a500000, 0x000000008a500000, 0x000000008a600000|  0%| F|  |TAMS 0x000000008a500000| PB 0x000000008a500000| Untracked 
| 116|0x000000008a600000, 0x000000008a600000, 0x000000008a700000|  0%| F|  |TAMS 0x000000008a600000| PB 0x000000008a600000| Untracked 
| 117|0x000000008a700000, 0x000000008a700000, 0x000000008a800000|  0%| F|  |TAMS 0x000000008a700000| PB 0x000000008a700000| Untracked 
| 118|0x000000008a800000, 0x000000008a800000, 0x000000008a900000|  0%| F|  |TAMS 0x000000008a800000| PB 0x000000008a800000| Untracked 
| 119|0x000000008a900000, 0x000000008a900000, 0x000000008aa00000|  0%| F|  |TAMS 0x000000008a900000| PB 0x000000008a900000| Untracked 
| 120|0x000000008aa00000, 0x000000008aa00000, 0x000000008ab00000|  0%| F|  |TAMS 0x000000008aa00000| PB 0x000000008aa00000| Untracked 
| 121|0x000000008ab00000, 0x000000008ab00000, 0x000000008ac00000|  0%| F|  |TAMS 0x000000008ab00000| PB 0x000000008ab00000| Untracked 
| 122|0x000000008ac00000, 0x000000008ac00000, 0x000000008ad00000|  0%| F|  |TAMS 0x000000008ac00000| PB 0x000000008ac00000| Untracked 
| 123|0x000000008ad00000, 0x000000008ad00000, 0x000000008ae00000|  0%| F|  |TAMS 0x000000008ad00000| PB 0x000000008ad00000| Untracked 
| 124|0x000000008ae00000, 0x000000008ae00000, 0x000000008af00000|  0%| F|  |TAMS 0x000000008ae00000| PB 0x000000008ae00000| Untracked 
| 125|0x000000008af00000, 0x000000008af00000, 0x000000008b000000|  0%| F|  |TAMS 0x000000008af00000| PB 0x000000008af00000| Untracked 
| 126|0x000000008b000000, 0x000000008b000000, 0x000000008b100000|  0%| F|  |TAMS 0x000000008b000000| PB 0x000000008b000000| Untracked 
| 127|0x000000008b100000, 0x000000008b100000, 0x000000008b200000|  0%| F|  |TAMS 0x000000008b100000| PB 0x000000008b100000| Untracked 
| 128|0x000000008b200000, 0x000000008b200000, 0x000000008b300000|  0%| F|  |TAMS 0x000000008b200000| PB 0x000000008b200000| Untracked 
| 129|0x000000008b300000, 0x000000008b300000, 0x000000008b400000|  0%| F|  |TAMS 0x000000008b300000| PB 0x000000008b300000| Untracked 
| 130|0x000000008b400000, 0x000000008b400000, 0x000000008b500000|  0%| F|  |TAMS 0x000000008b400000| PB 0x000000008b400000| Untracked 
| 131|0x000000008b500000, 0x000000008b500000, 0x000000008b600000|  0%| F|  |TAMS 0x000000008b500000| PB 0x000000008b500000| Untracked 
| 132|0x000000008b600000, 0x000000008b600000, 0x000000008b700000|  0%| F|  |TAMS 0x000000008b600000| PB 0x000000008b600000| Untracked 
| 133|0x000000008b700000, 0x000000008b700000, 0x000000008b800000|  0%| F|  |TAMS 0x000000008b700000| PB 0x000000008b700000| Untracked 
| 134|0x000000008b800000, 0x000000008b800000, 0x000000008b900000|  0%| F|  |TAMS 0x000000008b800000| PB 0x000000008b800000| Untracked 
| 135|0x000000008b900000, 0x000000008b900000, 0x000000008ba00000|  0%| F|  |TAMS 0x000000008b900000| PB 0x000000008b900000| Untracked 
| 136|0x000000008ba00000, 0x000000008ba00000, 0x000000008bb00000|  0%| F|  |TAMS 0x000000008ba00000| PB 0x000000008ba00000| Untracked 
| 137|0x000000008bb00000, 0x000000008bb00000, 0x000000008bc00000|  0%| F|  |TAMS 0x000000008bb00000| PB 0x000000008bb00000| Untracked 
| 138|0x000000008bc00000, 0x000000008bc00000, 0x000000008bd00000|  0%| F|  |TAMS 0x000000008bc00000| PB 0x000000008bc00000| Untracked 
| 139|0x000000008bd00000, 0x000000008bd00000, 0x000000008be00000|  0%| F|  |TAMS 0x000000008bd00000| PB 0x000000008bd00000| Untracked 
| 140|0x000000008be00000, 0x000000008be00000, 0x000000008bf00000|  0%| F|  |TAMS 0x000000008be00000| PB 0x000000008be00000| Untracked 
| 141|0x000000008bf00000, 0x000000008bf00000, 0x000000008c000000|  0%| F|  |TAMS 0x000000008bf00000| PB 0x000000008bf00000| Untracked 
| 142|0x000000008c000000, 0x000000008c000000, 0x000000008c100000|  0%| F|  |TAMS 0x000000008c000000| PB 0x000000008c000000| Untracked 
| 143|0x000000008c100000, 0x000000008c100000, 0x000000008c200000|  0%| F|  |TAMS 0x000000008c100000| PB 0x000000008c100000| Untracked 
| 144|0x000000008c200000, 0x000000008c200000, 0x000000008c300000|  0%| F|  |TAMS 0x000000008c200000| PB 0x000000008c200000| Untracked 
| 145|0x000000008c300000, 0x000000008c300000, 0x000000008c400000|  0%| F|  |TAMS 0x000000008c300000| PB 0x000000008c300000| Untracked 
| 146|0x000000008c400000, 0x000000008c400000, 0x000000008c500000|  0%| F|  |TAMS 0x000000008c400000| PB 0x000000008c400000| Untracked 
| 147|0x000000008c500000, 0x000000008c500000, 0x000000008c600000|  0%| F|  |TAMS 0x000000008c500000| PB 0x000000008c500000| Untracked 
| 148|0x000000008c600000, 0x000000008c600000, 0x000000008c700000|  0%| F|  |TAMS 0x000000008c600000| PB 0x000000008c600000| Untracked 
| 149|0x000000008c700000, 0x000000008c700000, 0x000000008c800000|  0%| F|  |TAMS 0x000000008c700000| PB 0x000000008c700000| Untracked 
| 150|0x000000008c800000, 0x000000008c800000, 0x000000008c900000|  0%| F|  |TAMS 0x000000008c800000| PB 0x000000008c800000| Untracked 
| 151|0x000000008c900000, 0x000000008c900000, 0x000000008ca00000|  0%| F|  |TAMS 0x000000008c900000| PB 0x000000008c900000| Untracked 
| 152|0x000000008ca00000, 0x000000008ca00000, 0x000000008cb00000|  0%| F|  |TAMS 0x000000008ca00000| PB 0x000000008ca00000| Untracked 
| 153|0x000000008cb00000, 0x000000008cb80800, 0x000000008cc00000| 50%| E|  |TAMS 0x000000008cb00000| PB 0x000000008cb00000| Complete 
| 154|0x000000008cc00000, 0x000000008cd00000, 0x000000008cd00000|100%| E|CS|TAMS 0x000000008cc00000| PB 0x000000008cc00000| Complete 
| 155|0x000000008cd00000, 0x000000008ce00000, 0x000000008ce00000|100%| E|CS|TAMS 0x000000008cd00000| PB 0x000000008cd00000| Complete 
| 156|0x000000008ce00000, 0x000000008cf00000, 0x000000008cf00000|100%| E|CS|TAMS 0x000000008ce00000| PB 0x000000008ce00000| Complete 
| 157|0x000000008cf00000, 0x000000008d000000, 0x000000008d000000|100%| E|CS|TAMS 0x000000008cf00000| PB 0x000000008cf00000| Complete 
| 158|0x000000008d000000, 0x000000008d100000, 0x000000008d100000|100%| E|CS|TAMS 0x000000008d000000| PB 0x000000008d000000| Complete 
| 159|0x000000008d100000, 0x000000008d200000, 0x000000008d200000|100%| E|CS|TAMS 0x000000008d100000| PB 0x000000008d100000| Complete 
| 160|0x000000008d200000, 0x000000008d300000, 0x000000008d300000|100%| E|CS|TAMS 0x000000008d200000| PB 0x000000008d200000| Complete 
| 161|0x000000008d300000, 0x000000008d400000, 0x000000008d400000|100%| E|CS|TAMS 0x000000008d300000| PB 0x000000008d300000| Complete 
| 162|0x000000008d400000, 0x000000008d500000, 0x000000008d500000|100%| E|CS|TAMS 0x000000008d400000| PB 0x000000008d400000| Complete 
| 163|0x000000008d500000, 0x000000008d600000, 0x000000008d600000|100%| E|CS|TAMS 0x000000008d500000| PB 0x000000008d500000| Complete 
| 164|0x000000008d600000, 0x000000008d700000, 0x000000008d700000|100%| E|CS|TAMS 0x000000008d600000| PB 0x000000008d600000| Complete 
| 165|0x000000008d700000, 0x000000008d800000, 0x000000008d800000|100%| E|CS|TAMS 0x000000008d700000| PB 0x000000008d700000| Complete 
| 166|0x000000008d800000, 0x000000008d900000, 0x000000008d900000|100%| E|CS|TAMS 0x000000008d800000| PB 0x000000008d800000| Complete 
| 167|0x000000008d900000, 0x000000008da00000, 0x000000008da00000|100%| E|CS|TAMS 0x000000008d900000| PB 0x000000008d900000| Complete 
| 168|0x000000008da00000, 0x000000008db00000, 0x000000008db00000|100%| E|CS|TAMS 0x000000008da00000| PB 0x000000008da00000| Complete 
| 169|0x000000008db00000, 0x000000008dc00000, 0x000000008dc00000|100%| E|CS|TAMS 0x000000008db00000| PB 0x000000008db00000| Complete 
| 170|0x000000008dc00000, 0x000000008dd00000, 0x000000008dd00000|100%| E|CS|TAMS 0x000000008dc00000| PB 0x000000008dc00000| Complete 
| 171|0x000000008dd00000, 0x000000008de00000, 0x000000008de00000|100%| E|CS|TAMS 0x000000008dd00000| PB 0x000000008dd00000| Complete 
| 172|0x000000008de00000, 0x000000008df00000, 0x000000008df00000|100%| E|CS|TAMS 0x000000008de00000| PB 0x000000008de00000| Complete 
| 173|0x000000008df00000, 0x000000008e000000, 0x000000008e000000|100%| E|CS|TAMS 0x000000008df00000| PB 0x000000008df00000| Complete 
| 174|0x000000008e000000, 0x000000008e100000, 0x000000008e100000|100%| E|CS|TAMS 0x000000008e000000| PB 0x000000008e000000| Complete 
| 175|0x000000008e100000, 0x000000008e200000, 0x000000008e200000|100%| E|CS|TAMS 0x000000008e100000| PB 0x000000008e100000| Complete 
| 176|0x000000008e200000, 0x000000008e300000, 0x000000008e300000|100%| E|CS|TAMS 0x000000008e200000| PB 0x000000008e200000| Complete 
| 177|0x000000008e300000, 0x000000008e400000, 0x000000008e400000|100%| E|CS|TAMS 0x000000008e300000| PB 0x000000008e300000| Complete 
| 178|0x000000008e400000, 0x000000008e500000, 0x000000008e500000|100%| E|CS|TAMS 0x000000008e400000| PB 0x000000008e400000| Complete 
| 179|0x000000008e500000, 0x000000008e600000, 0x000000008e600000|100%| E|CS|TAMS 0x000000008e500000| PB 0x000000008e500000| Complete 
| 180|0x000000008e600000, 0x000000008e700000, 0x000000008e700000|100%| E|CS|TAMS 0x000000008e600000| PB 0x000000008e600000| Complete 
| 181|0x000000008e700000, 0x000000008e800000, 0x000000008e800000|100%| E|CS|TAMS 0x000000008e700000| PB 0x000000008e700000| Complete 
|1979|0x00000000fed00000, 0x00000000fee00000, 0x00000000fee00000|100%| O|Cm|TAMS 0x00000000fed00000| PB 0x00000000fed00000| Complete 
|1980|0x00000000fee00000, 0x00000000fef00000, 0x00000000fef00000|100%| E|CS|TAMS 0x00000000fee00000| PB 0x00000000fee00000| Complete 
|1981|0x00000000fef00000, 0x00000000ff000000, 0x00000000ff000000|100%| E|CS|TAMS 0x00000000fef00000| PB 0x00000000fef00000| Complete 
|1982|0x00000000ff000000, 0x00000000ff100000, 0x00000000ff100000|100%| O|Cm|TAMS 0x00000000ff000000| PB 0x00000000ff000000| Complete 
|1983|0x00000000ff100000, 0x00000000ff200000, 0x00000000ff200000|100%| E|CS|TAMS 0x00000000ff100000| PB 0x00000000ff100000| Complete 
|1984|0x00000000ff200000, 0x00000000ff300000, 0x00000000ff300000|100%| O|Cm|TAMS 0x00000000ff200000| PB 0x00000000ff200000| Complete 
|1985|0x00000000ff300000, 0x00000000ff400000, 0x00000000ff400000|100%| E|CS|TAMS 0x00000000ff300000| PB 0x00000000ff300000| Complete 
|1986|0x00000000ff400000, 0x00000000ff500000, 0x00000000ff500000|100%| O|Cm|TAMS 0x00000000ff400000| PB 0x00000000ff400000| Complete 
|1987|0x00000000ff500000, 0x00000000ff600000, 0x00000000ff600000|100%| O|  |TAMS 0x00000000ff500000| PB 0x00000000ff500000| Untracked 
|1988|0x00000000ff600000, 0x00000000ff700000, 0x00000000ff700000|100%| O|  |TAMS 0x00000000ff600000| PB 0x00000000ff600000| Untracked 
|1989|0x00000000ff700000, 0x00000000ff800000, 0x00000000ff800000|100%| O|  |TAMS 0x00000000ff700000| PB 0x00000000ff700000| Untracked 
|1990|0x00000000ff800000, 0x00000000ff900000, 0x00000000ff900000|100%| E|CS|TAMS 0x00000000ff800000| PB 0x00000000ff800000| Complete 
|1991|0x00000000ff900000, 0x00000000ffa00000, 0x00000000ffa00000|100%| O|  |TAMS 0x00000000ff900000| PB 0x00000000ff900000| Untracked 
|1992|0x00000000ffa00000, 0x00000000ffb00000, 0x00000000ffb00000|100%| O|  |TAMS 0x00000000ffa00000| PB 0x00000000ffa00000| Untracked 
|1993|0x00000000ffb00000, 0x00000000ffc00000, 0x00000000ffc00000|100%| O|  |TAMS 0x00000000ffb00000| PB 0x00000000ffb00000| Untracked 
|1994|0x00000000ffc00000, 0x00000000ffd00000, 0x00000000ffd00000|100%| O|  |TAMS 0x00000000ffc00000| PB 0x00000000ffc00000| Untracked 
|1995|0x00000000ffd00000, 0x00000000ffe00000, 0x00000000ffe00000|100%| O|  |TAMS 0x00000000ffd00000| PB 0x00000000ffd00000| Untracked 
|1996|0x00000000ffe00000, 0x00000000fff00000, 0x00000000fff00000|100%| O|  |TAMS 0x00000000ffe00000| PB 0x00000000ffe00000| Untracked 
|1997|0x00000000fff00000, 0x0000000100000000, 0x0000000100000000|100%| O|  |TAMS 0x00000000fff00000| PB 0x00000000fff00000| Untracked 

Card table byte_map: [0x000002647b6d0000,0x000002647bac0000] _byte_map_base: 0x000002647b2b7000

Marking Bits: (CMBitMap*) 0x0000026463b7dc70
 Bits: [0x000002647bac0000, 0x000002647d9f8000)

Polling page: 0x0000026461b30000

Metaspace:

Usage:
  Non-class:     30.11 MB used.
      Class:      3.61 MB used.
       Both:     33.71 MB used.

Virtual space:
  Non-class space:       64.00 MB reserved,      30.44 MB ( 48%) committed,  1 nodes.
      Class space:        1.00 GB reserved,       3.94 MB ( <1%) committed,  1 nodes.
             Both:        1.06 GB reserved,      34.38 MB (  3%) committed. 

Chunk freelists:
   Non-Class:  816.00 KB
       Class:  12.14 MB
        Both:  12.93 MB

MaxMetaspaceSize: unlimited
CompressedClassSpaceSize: 1.00 GB
Initial GC threshold: 21.00 MB
Current GC threshold: 56.50 MB
CDS: on
 - commit_granule_bytes: 65536.
 - commit_granule_words: 8192.
 - virtual_space_node_default_size: 8388608.
 - enlarge_chunks_in_place: 1.
 - use_allocation_guard: 0.


Internal statistics:

num_allocs_failed_limit: 3.
num_arena_births: 560.
num_arena_deaths: 6.
num_vsnodes_births: 2.
num_vsnodes_deaths: 0.
num_space_committed: 566.
num_space_uncommitted: 10.
num_chunks_returned_to_freelist: 102.
num_chunks_taken_from_freelist: 1962.
num_chunk_merges: 18.
num_chunk_splits: 1332.
num_chunks_enlarged: 1010.
num_inconsistent_stats: 0.

CodeHeap 'non-profiled nmethods': size=120000Kb used=5135Kb max_used=6034Kb free=114864Kb
 bounds [0x0000026473a80000, 0x0000026474070000, 0x000002647afb0000]
CodeHeap 'profiled nmethods': size=120000Kb used=17788Kb max_used=22637Kb free=102211Kb
 bounds [0x000002646bfb0000, 0x000002646d5d0000, 0x00000264734e0000]
CodeHeap 'non-nmethods': size=5760Kb used=1665Kb max_used=1749Kb free=4094Kb
 bounds [0x00000264734e0000, 0x0000026473750000, 0x0000026473a80000]
 total_blobs=8668 nmethods=8094 adapters=477
 compilation: enabled
              stopped_count=0, restarted_count=0
 full_count=0

Compilation events (20 events):
Event: 16.115 Thread 0x00000264473a6e90 nmethod 10246 0x0000026473c5e810 code [0x0000026473c5e9c0, 0x0000026473c5eb10]
Event: 16.115 Thread 0x00000264473a6e90 10233       4       java.lang.ClassNotFoundException::<init> (7 bytes)
Event: 16.117 Thread 0x00000264463db800 nmethod 10240 0x0000026473ba7410 code [0x0000026473ba7780, 0x0000026473ba8d90]
Event: 16.117 Thread 0x00000264463db800 10241       4       jdk.internal.misc.VM::isJavaLangInvokeInited (4 bytes)
Event: 16.117 Thread 0x00000264463db800 nmethod 10241 0x0000026473d8ef90 code [0x0000026473d8f100, 0x0000026473d8f170]
Event: 16.120 Thread 0x00000264473a6e90 nmethod 10233 0x0000026473c1ac90 code [0x0000026473c1ae40, 0x0000026473c1b5a0]
Event: 16.374 Thread 0x00000264001e37e0 10255       3       java.io.PrintStream::ensureOpen (18 bytes)
Event: 16.375 Thread 0x00000264001e37e0 nmethod 10255 0x000002646c6a1390 code [0x000002646c6a1540, 0x000002646c6a1750]
Event: 16.721 Thread 0x00000264001d9850 nmethod 10197 0x0000026473ee4890 code [0x0000026473ee51e0, 0x0000026473eecd30]
Event: 17.641 Thread 0x00000264001e37e0 10256       3       java.lang.StringCoding::implEncodeAsciiArray (47 bytes)
Event: 17.641 Thread 0x00000264001e37e0 nmethod 10256 0x000002646c626f10 code [0x000002646c6270c0, 0x000002646c627308]
Event: 40.425 Thread 0x00000264001e37e0 10257       3       java.io.FilterOutputStream::write (34 bytes)
Event: 40.425 Thread 0x00000264001e37e0 nmethod 10257 0x000002646cf01090 code [0x000002646cf01260, 0x000002646cf016d0]
Event: 40.451 Thread 0x00000264001e37e0 10258       3       java.io.FilterOutputStream::flush (8 bytes)
Event: 40.452 Thread 0x00000264001e37e0 nmethod 10258 0x000002646c722d90 code [0x000002646c722f40, 0x000002646c723118]
Event: 40.452 Thread 0x00000264001e37e0 10259       3       org.fusesource.jansi.io.FastBufferedOutputStream::flush (12 bytes)
Event: 40.452 Thread 0x00000264001d9850 10261       4       org.fusesource.jansi.io.AnsiOutputStream::write (898 bytes)
Event: 40.452 Thread 0x00000264001e37e0 nmethod 10259 0x000002646cc7ae10 code [0x000002646cc7afe0, 0x000002646cc7b338]
Event: 40.452 Thread 0x00000264001e37e0 10260       1       java.nio.charset.CharsetEncoder::maxBytesPerChar (5 bytes)
Event: 40.452 Thread 0x00000264001e37e0 nmethod 10260 0x0000026473d8eb90 code [0x0000026473d8ed20, 0x0000026473d8ede8]

GC Heap History (20 events):
Event: 10.827 GC heap before
{Heap before GC invocations=6 (full 0):
 garbage-first heap   total 89088K, used 88322K [0x0000000083200000, 0x0000000100000000)
  region size 1024K, 65 young (66560K), 9 survivors (9216K)
 Metaspace       used 27535K, committed 27904K, reserved 1114112K
  class space    used 3030K, committed 3200K, reserved 1048576K
}
Event: 10.856 GC heap after
{Heap after GC invocations=7 (full 0):
 garbage-first heap   total 118784K, used 50946K [0x0000000083200000, 0x0000000100000000)
  region size 1024K, 10 young (10240K), 10 survivors (10240K)
 Metaspace       used 27535K, committed 27904K, reserved 1114112K
  class space    used 3030K, committed 3200K, reserved 1048576K
}
Event: 11.271 GC heap before
{Heap before GC invocations=7 (full 0):
 garbage-first heap   total 118784K, used 93954K [0x0000000083200000, 0x0000000100000000)
  region size 1024K, 51 young (52224K), 10 survivors (10240K)
 Metaspace       used 28338K, committed 28736K, reserved 1114112K
  class space    used 3096K, committed 3264K, reserved 1048576K
}
Event: 11.292 GC heap after
{Heap after GC invocations=8 (full 0):
 garbage-first heap   total 143360K, used 59392K [0x0000000083200000, 0x0000000100000000)
  region size 1024K, 7 young (7168K), 7 survivors (7168K)
 Metaspace       used 28338K, committed 28736K, reserved 1114112K
  class space    used 3096K, committed 3264K, reserved 1048576K
}
Event: 12.117 GC heap before
{Heap before GC invocations=8 (full 0):
 garbage-first heap   total 143360K, used 112640K [0x0000000083200000, 0x0000000100000000)
  region size 1024K, 60 young (61440K), 7 survivors (7168K)
 Metaspace       used 30871K, committed 31360K, reserved 1114112K
  class space    used 3373K, committed 3584K, reserved 1048576K
}
Event: 12.124 GC heap after
{Heap after GC invocations=9 (full 0):
 garbage-first heap   total 143360K, used 62919K [0x0000000083200000, 0x0000000100000000)
  region size 1024K, 3 young (3072K), 3 survivors (3072K)
 Metaspace       used 30871K, committed 31360K, reserved 1114112K
  class space    used 3373K, committed 3584K, reserved 1048576K
}
Event: 12.616 GC heap before
{Heap before GC invocations=9 (full 0):
 garbage-first heap   total 143360K, used 117191K [0x0000000083200000, 0x0000000100000000)
  region size 1024K, 56 young (57344K), 3 survivors (3072K)
 Metaspace       used 31381K, committed 31872K, reserved 1114112K
  class space    used 3400K, committed 3648K, reserved 1048576K
}
Event: 12.623 GC heap after
{Heap after GC invocations=10 (full 0):
 garbage-first heap   total 143360K, used 63645K [0x0000000083200000, 0x0000000100000000)
  region size 1024K, 4 young (4096K), 4 survivors (4096K)
 Metaspace       used 31381K, committed 31872K, reserved 1114112K
  class space    used 3400K, committed 3648K, reserved 1048576K
}
Event: 13.372 GC heap before
{Heap before GC invocations=10 (full 0):
 garbage-first heap   total 143360K, used 123037K [0x0000000083200000, 0x0000000100000000)
  region size 1024K, 60 young (61440K), 4 survivors (4096K)
 Metaspace       used 33120K, committed 33728K, reserved 1114112K
  class space    used 3601K, committed 3904K, reserved 1048576K
}
Event: 13.380 GC heap after
{Heap after GC invocations=11 (full 0):
 garbage-first heap   total 143360K, used 65932K [0x0000000083200000, 0x0000000100000000)
  region size 1024K, 5 young (5120K), 5 survivors (5120K)
 Metaspace       used 33120K, committed 33728K, reserved 1114112K
  class space    used 3601K, committed 3904K, reserved 1048576K
}
Event: 14.425 GC heap before
{Heap before GC invocations=11 (full 0):
 garbage-first heap   total 143360K, used 103820K [0x0000000083200000, 0x0000000100000000)
  region size 1024K, 42 young (43008K), 5 survivors (5120K)
 Metaspace       used 33766K, committed 34368K, reserved 1114112K
  class space    used 3648K, committed 3968K, reserved 1048576K
}
Event: 14.436 GC heap after
{Heap after GC invocations=12 (full 0):
 garbage-first heap   total 143360K, used 66453K [0x0000000083200000, 0x0000000100000000)
  region size 1024K, 5 young (5120K), 5 survivors (5120K)
 Metaspace       used 33766K, committed 34368K, reserved 1114112K
  class space    used 3648K, committed 3968K, reserved 1048576K
}
Event: 14.472 GC heap before
{Heap before GC invocations=12 (full 0):
 garbage-first heap   total 143360K, used 74645K [0x0000000083200000, 0x0000000100000000)
  region size 1024K, 11 young (11264K), 5 survivors (5120K)
 Metaspace       used 33770K, committed 34368K, reserved 1114112K
  class space    used 3648K, committed 3968K, reserved 1048576K
}
Event: 14.483 GC heap after
{Heap after GC invocations=13 (full 0):
 garbage-first heap   total 143360K, used 73546K [0x0000000083200000, 0x0000000100000000)
  region size 1024K, 8 young (8192K), 8 survivors (8192K)
 Metaspace       used 33770K, committed 34368K, reserved 1114112K
  class space    used 3648K, committed 3968K, reserved 1048576K
}
Event: 14.724 GC heap before
{Heap before GC invocations=14 (full 0):
 garbage-first heap   total 143360K, used 102218K [0x0000000083200000, 0x0000000100000000)
  region size 1024K, 38 young (38912K), 8 survivors (8192K)
 Metaspace       used 33819K, committed 34432K, reserved 1114112K
  class space    used 3649K, committed 3968K, reserved 1048576K
}
Event: 14.739 GC heap after
{Heap after GC invocations=15 (full 0):
 garbage-first heap   total 143360K, used 85281K [0x0000000083200000, 0x0000000100000000)
  region size 1024K, 5 young (5120K), 5 survivors (5120K)
 Metaspace       used 33819K, committed 34432K, reserved 1114112K
  class space    used 3649K, committed 3968K, reserved 1048576K
}
Event: 14.958 GC heap before
{Heap before GC invocations=15 (full 0):
 garbage-first heap   total 143360K, used 110881K [0x0000000083200000, 0x0000000100000000)
  region size 1024K, 30 young (30720K), 5 survivors (5120K)
 Metaspace       used 33840K, committed 34496K, reserved 1114112K
  class space    used 3649K, committed 3968K, reserved 1048576K
}
Event: 14.967 GC heap after
{Heap after GC invocations=16 (full 0):
 garbage-first heap   total 143360K, used 83456K [0x0000000083200000, 0x0000000100000000)
  region size 1024K, 4 young (4096K), 4 survivors (4096K)
 Metaspace       used 33840K, committed 34496K, reserved 1114112K
  class space    used 3649K, committed 3968K, reserved 1048576K
}
Event: 15.472 GC heap before
{Heap before GC invocations=16 (full 0):
 garbage-first heap   total 143360K, used 110080K [0x0000000083200000, 0x0000000100000000)
  region size 1024K, 31 young (31744K), 4 survivors (4096K)
 Metaspace       used 35052K, committed 35648K, reserved 1114112K
  class space    used 3786K, committed 4096K, reserved 1048576K
}
Event: 15.475 GC heap after
{Heap after GC invocations=17 (full 0):
 garbage-first heap   total 205824K, used 84992K [0x0000000083200000, 0x0000000100000000)
  region size 1024K, 1 young (1024K), 1 survivors (1024K)
 Metaspace       used 35052K, committed 35648K, reserved 1114112K
  class space    used 3786K, committed 4096K, reserved 1048576K
}

Dll operation events (8 events):
Event: 0.006 Loaded shared library C:\Program Files\Java\jdk-21\bin\java.dll
Event: 0.032 Loaded shared library C:\Program Files\Java\jdk-21\bin\jsvml.dll
Event: 0.046 Loaded shared library C:\Program Files\Java\jdk-21\bin\net.dll
Event: 0.048 Loaded shared library C:\Program Files\Java\jdk-21\bin\nio.dll
Event: 0.051 Loaded shared library C:\Program Files\Java\jdk-21\bin\zip.dll
Event: 0.166 Loaded shared library C:\Program Files\Java\jdk-21\bin\jimage.dll
Event: 0.173 Loaded shared library C:\Program Files\apache-maven-3.9.6\lib\jansi-native\Windows\x86_64\jansi.dll
Event: 0.184 Loaded shared library C:\Program Files\Java\jdk-21\bin\verify.dll

Deoptimization events (20 events):
Event: 16.112 Thread 0x00000264619847e0 Uncommon trap: trap_request=0xffffffde fr.pc=0x0000026473c9ac94 relative=0x0000000000000074
Event: 16.112 Thread 0x00000264619847e0 Uncommon trap: reason=class_check action=maybe_recompile pc=0x0000026473c9ac94 method=java.util.Collections$UnmodifiableMap.size()I @ 4 c2
Event: 16.112 Thread 0x00000264619847e0 DEOPT PACKING pc=0x0000026473c9ac94 sp=0x000000ad2e5fde10
Event: 16.112 Thread 0x00000264619847e0 DEOPT UNPACKING pc=0x0000026473537da2 sp=0x000000ad2e5fdd98 mode 2
Event: 16.112 Thread 0x00000264619847e0 Uncommon trap: trap_request=0xffffffde fr.pc=0x0000026473ccebc0 relative=0x0000000000000400
Event: 16.112 Thread 0x00000264619847e0 Uncommon trap: reason=class_check action=maybe_recompile pc=0x0000026473ccebc0 method=java.util.Collections$UnmodifiableMap$UnmodifiableEntrySet$1.<init>(Ljava/util/Collections$UnmodifiableMap$UnmodifiableEntrySet;)V @ 17 c2
Event: 16.112 Thread 0x00000264619847e0 DEOPT PACKING pc=0x0000026473ccebc0 sp=0x000000ad2e5fddc0
Event: 16.112 Thread 0x00000264619847e0 DEOPT UNPACKING pc=0x0000026473537da2 sp=0x000000ad2e5fdd20 mode 2
Event: 16.113 Thread 0x00000264619847e0 Uncommon trap: trap_request=0xffffffbe fr.pc=0x0000026473d144dc relative=0x00000000000011bc
Event: 16.113 Thread 0x00000264619847e0 Uncommon trap: reason=profile_predicate action=maybe_recompile pc=0x0000026473d144dc method=java.util.TimSort.binarySort([Ljava/lang/Object;IIILjava/util/Comparator;)V @ 34 c2
Event: 16.113 Thread 0x00000264619847e0 DEOPT PACKING pc=0x0000026473d144dc sp=0x000000ad2e5fd8e0
Event: 16.113 Thread 0x00000264619847e0 DEOPT UNPACKING pc=0x0000026473537da2 sp=0x000000ad2e5fd8b0 mode 2
Event: 16.113 Thread 0x00000264619847e0 Uncommon trap: trap_request=0xffffffbe fr.pc=0x0000026473d144dc relative=0x00000000000011bc
Event: 16.113 Thread 0x00000264619847e0 Uncommon trap: reason=profile_predicate action=maybe_recompile pc=0x0000026473d144dc method=java.util.TimSort.binarySort([Ljava/lang/Object;IIILjava/util/Comparator;)V @ 34 c2
Event: 16.113 Thread 0x00000264619847e0 DEOPT PACKING pc=0x0000026473d144dc sp=0x000000ad2e5fd8e0
Event: 16.113 Thread 0x00000264619847e0 DEOPT UNPACKING pc=0x0000026473537da2 sp=0x000000ad2e5fd8b0 mode 2
Event: 39.692 Thread 0x000002644a0396f0 Uncommon trap: trap_request=0xffffff45 fr.pc=0x0000026473c3ba10 relative=0x00000000000002d0
Event: 39.692 Thread 0x000002644a0396f0 Uncommon trap: reason=unstable_if action=reinterpret pc=0x0000026473c3ba10 method=java.lang.String.getChars(II[CI)V @ 24 c2
Event: 39.692 Thread 0x000002644a0396f0 DEOPT PACKING pc=0x0000026473c3ba10 sp=0x000000ad301fe650
Event: 39.692 Thread 0x000002644a0396f0 DEOPT UNPACKING pc=0x0000026473537da2 sp=0x000000ad301fe5e8 mode 2

Classes loaded (20 events):
Event: 16.089 Loading class java/security/MessageDigestSpi done
Event: 16.089 Loading class java/security/MessageDigest done
Event: 16.089 Loading class sun/security/jca/GetInstance
Event: 16.089 Loading class sun/security/jca/GetInstance done
Event: 16.090 Loading class sun/security/provider/SHA
Event: 16.090 Loading class sun/security/provider/DigestBase
Event: 16.090 Loading class sun/security/provider/DigestBase done
Event: 16.090 Loading class sun/security/provider/SHA done
Event: 16.090 Loading class sun/security/jca/GetInstance$Instance
Event: 16.091 Loading class sun/security/jca/GetInstance$Instance done
Event: 16.091 Loading class java/security/MessageDigest$Delegate
Event: 16.091 Loading class sun/security/util/MessageDigestSpi2
Event: 16.091 Loading class sun/security/util/MessageDigestSpi2 done
Event: 16.091 Loading class java/security/MessageDigest$Delegate done
Event: 16.091 Loading class java/security/MessageDigest$Delegate$CloneableDelegate
Event: 16.091 Loading class java/security/MessageDigest$Delegate$CloneableDelegate done
Event: 16.091 Loading class sun/security/provider/ByteArrayAccess
Event: 16.091 Loading class sun/security/provider/ByteArrayAccess done
Event: 16.091 Loading class sun/security/provider/ByteArrayAccess$BE
Event: 16.091 Loading class sun/security/provider/ByteArrayAccess$BE done

Classes unloaded (20 events):
Event: 15.514 Thread 0x00000264001b1710 Unloading class 0x000002640234a7d0 'lombok/javac/apt/MessagerDiagnosticsReceiver'
Event: 15.514 Thread 0x00000264001b1710 Unloading class 0x000002640234a410 'lombok/javac/apt/InterceptingJavaFileManager'
Event: 15.514 Thread 0x00000264001b1710 Unloading class 0x000002640234a210 'lombok/permit/dummy/Parent'
Event: 15.514 Thread 0x00000264001b1710 Unloading class 0x000002640234a000 'lombok/core/CleanupRegistry'
Event: 15.514 Thread 0x00000264001b1710 Unloading class 0x0000026402349db8 'lombok/permit/Permit$Fake'
Event: 15.514 Thread 0x00000264001b1710 Unloading class 0x0000026402349bc0 'lombok/permit/Permit'
Event: 15.514 Thread 0x00000264001b1710 Unloading class 0x00000264023498d8 'lombok/javac/apt/LombokProcessor$1'
Event: 15.514 Thread 0x00000264001b1710 Unloading class 0x00000264023496e8 'lombok/core/DiagnosticsReceiver'
Event: 15.514 Thread 0x00000264001b1710 Unloading class 0x0000026402349458 'lombok/javac/apt/LombokProcessor'
Event: 15.514 Thread 0x00000264001b1710 Unloading class 0x0000026402349230 'lombok/core/AnnotationProcessor$EcjDescriptor'
Event: 15.514 Thread 0x00000264001b1710 Unloading class 0x0000026402349000 'lombok/core/AnnotationProcessor$JavacDescriptor'
Event: 15.514 Thread 0x00000264001b1710 Unloading class 0x0000026402348a78 'lombok/core/AnnotationProcessor$ProcessorDescriptor'
Event: 15.514 Thread 0x00000264001b1710 Unloading class 0x0000026402348800 'lombok/core/AnnotationProcessor'
Event: 15.514 Thread 0x00000264001b1710 Unloading class 0x0000026402395800 'lombok/launch/AnnotationProcessorHider$ClaimingProcessor'
Event: 15.514 Thread 0x00000264001b1710 Unloading class 0x0000026402348488 'lombok/launch/AnnotationProcessorHider$AstModificationNotifierData'
Event: 15.514 Thread 0x00000264001b1710 Unloading class 0x0000026402348210 'lombok/launch/ClassFileMetaData'
Event: 15.514 Thread 0x00000264001b1710 Unloading class 0x0000026402348000 'lombok/launch/PackageShader'
Event: 15.514 Thread 0x00000264001b1710 Unloading class 0x0000026402320470 'lombok/launch/ShadowClassLoader'
Event: 15.514 Thread 0x00000264001b1710 Unloading class 0x0000026402320278 'lombok/launch/Main'
Event: 15.514 Thread 0x00000264001b1710 Unloading class 0x0000026402320000 'lombok/launch/AnnotationProcessorHider$AnnotationProcessor'

Classes redefined (0 events):
No events

Internal exceptions (20 events):
Event: 15.537 Thread 0x00000264619847e0 Exception <a 'sun/nio/fs/WindowsException'{0x00000000ff1b35c8}> (0x00000000ff1b35c8) 
thrown [s\open\src\hotspot\share\prims\jni.cpp, line 520]
Event: 15.537 Thread 0x00000264619847e0 Exception <a 'sun/nio/fs/WindowsException'{0x00000000ff1b4068}> (0x00000000ff1b4068) 
thrown [s\open\src\hotspot\share\prims\jni.cpp, line 520]
Event: 15.539 Thread 0x00000264619847e0 Exception <a 'sun/nio/fs/WindowsException'{0x00000000ff1d1ae8}> (0x00000000ff1d1ae8) 
thrown [s\open\src\hotspot\share\prims\jni.cpp, line 520]
Event: 15.539 Thread 0x00000264619847e0 Exception <a 'sun/nio/fs/WindowsException'{0x00000000ff1d24d0}> (0x00000000ff1d24d0) 
thrown [s\open\src\hotspot\share\prims\jni.cpp, line 520]
Event: 15.539 Thread 0x00000264619847e0 Exception <a 'sun/nio/fs/WindowsException'{0x00000000ff1d2f70}> (0x00000000ff1d2f70) 
thrown [s\open\src\hotspot\share\prims\jni.cpp, line 520]
Event: 15.545 Thread 0x00000264619847e0 Exception <a 'sun/nio/fs/WindowsException'{0x00000000fefa5db0}> (0x00000000fefa5db0) 
thrown [s\open\src\hotspot\share\prims\jni.cpp, line 520]
Event: 15.545 Thread 0x00000264619847e0 Exception <a 'sun/nio/fs/WindowsException'{0x00000000fefa6a10}> (0x00000000fefa6a10) 
thrown [s\open\src\hotspot\share\prims\jni.cpp, line 520]
Event: 15.545 Thread 0x00000264619847e0 Exception <a 'sun/nio/fs/WindowsException'{0x00000000fefadce8}> (0x00000000fefadce8) 
thrown [s\open\src\hotspot\share\prims\jni.cpp, line 520]
Event: 15.545 Thread 0x00000264619847e0 Exception <a 'sun/nio/fs/WindowsException'{0x00000000fefbb050}> (0x00000000fefbb050) 
thrown [s\open\src\hotspot\share\prims\jni.cpp, line 520]
Event: 15.545 Thread 0x00000264619847e0 Exception <a 'sun/nio/fs/WindowsException'{0x00000000fefbbd70}> (0x00000000fefbbd70) 
thrown [s\open\src\hotspot\share\prims\jni.cpp, line 520]
Event: 15.547 Thread 0x00000264619847e0 Exception <a 'sun/nio/fs/WindowsException'{0x00000000fefc9758}> (0x00000000fefc9758) 
thrown [s\open\src\hotspot\share\prims\jni.cpp, line 520]
Event: 15.550 Thread 0x00000264619847e0 Exception <a 'sun/nio/fs/WindowsException'{0x00000000fefe2068}> (0x00000000fefe2068) 
thrown [s\open\src\hotspot\share\prims\jni.cpp, line 520]
Event: 15.553 Thread 0x00000264619847e0 Exception <a 'sun/nio/fs/WindowsException'{0x00000000feffbf40}> (0x00000000feffbf40) 
thrown [s\open\src\hotspot\share\prims\jni.cpp, line 520]
Event: 15.553 Thread 0x00000264619847e0 Exception <a 'sun/nio/fs/WindowsException'{0x00000000feffc6d8}> (0x00000000feffc6d8) 
thrown [s\open\src\hotspot\share\prims\jni.cpp, line 520]
Event: 15.553 Thread 0x00000264619847e0 Exception <a 'sun/nio/fs/WindowsException'{0x00000000feffcca8}> (0x00000000feffcca8) 
thrown [s\open\src\hotspot\share\prims\jni.cpp, line 520]
Event: 15.553 Thread 0x00000264619847e0 Exception <a 'sun/nio/fs/WindowsException'{0x00000000feffd3f0}> (0x00000000feffd3f0) 
thrown [s\open\src\hotspot\share\prims\jni.cpp, line 520]
Event: 15.553 Thread 0x00000264619847e0 Exception <a 'sun/nio/fs/WindowsException'{0x00000000feffdb10}> (0x00000000feffdb10) 
thrown [s\open\src\hotspot\share\prims\jni.cpp, line 520]
Event: 15.553 Thread 0x00000264619847e0 Exception <a 'sun/nio/fs/WindowsException'{0x00000000feffe228}> (0x00000000feffe228) 
thrown [s\open\src\hotspot\share\prims\jni.cpp, line 520]
Event: 16.064 Thread 0x000002644a0396f0 Exception <a 'java/lang/NoSuchMethodError'{0x000000008cf32218}: 'long java.lang.invoke.DirectMethodHandle$Holder.invokeInterface(java.lang.Object, java.lang.Object)'> (0x000000008cf32218) 
thrown [s\open\src\hotspot\share\interpreter\linkResolver.cpp, line 773]
Event: 16.064 Thread 0x000002644a0396f0 Exception <a 'java/lang/NoSuchMethodError'{0x000000008cf356e0}: 'long java.lang.invoke.DelegatingMethodHandle$Holder.reinvoke_L(java.lang.Object, java.lang.Object)'> (0x000000008cf356e0) 
thrown [s\open\src\hotspot\share\interpreter\linkResolver.cpp, line 773]

ZGC Phase Switch (0 events):
No events

VM Operations (20 events):
Event: 14.523 Executing VM operation: G1PauseRemark
Event: 14.533 Executing VM operation: G1PauseRemark done
Event: 14.550 Executing VM operation: G1PauseCleanup
Event: 14.551 Executing VM operation: G1PauseCleanup done
Event: 14.724 Executing VM operation: G1CollectForAllocation (G1 Evacuation Pause)
Event: 14.739 Executing VM operation: G1CollectForAllocation (G1 Evacuation Pause) done
Event: 14.958 Executing VM operation: G1CollectForAllocation (G1 Evacuation Pause)
Event: 14.967 Executing VM operation: G1CollectForAllocation (G1 Evacuation Pause) done
Event: 15.472 Executing VM operation: G1CollectForAllocation (G1 Evacuation Pause)
Event: 15.475 Executing VM operation: G1CollectForAllocation (G1 Evacuation Pause) done
Event: 15.513 Executing VM operation: G1PauseRemark
Event: 15.526 Executing VM operation: G1PauseRemark done
Event: 15.542 Executing VM operation: G1PauseCleanup
Event: 15.542 Executing VM operation: G1PauseCleanup done
Event: 16.051 Executing VM operation: HandshakeAllThreads (Deoptimize)
Event: 16.051 Executing VM operation: HandshakeAllThreads (Deoptimize) done
Event: 16.085 Executing VM operation: HandshakeAllThreads (Deoptimize)
Event: 16.085 Executing VM operation: HandshakeAllThreads (Deoptimize) done
Event: 17.100 Executing VM operation: Cleanup
Event: 17.101 Executing VM operation: Cleanup done

Events (20 events):
Event: 15.524 Thread 0x00000264001b1710 flushing nmethod 0x000002646d364d90
Event: 15.524 Thread 0x00000264001b1710 flushing nmethod 0x000002646d38de10
Event: 15.524 Thread 0x00000264001b1710 flushing nmethod 0x000002646d38e190
Event: 15.524 Thread 0x00000264001b1710 flushing nmethod 0x000002646d390210
Event: 15.524 Thread 0x00000264001b1710 flushing nmethod 0x000002646d390710
Event: 15.524 Thread 0x00000264001b1710 flushing nmethod 0x000002646d390d90
Event: 15.524 Thread 0x00000264001b1710 flushing nmethod 0x000002646d392090
Event: 15.524 Thread 0x00000264001b1710 flushing nmethod 0x000002646d393490
Event: 15.524 Thread 0x00000264001b1710 flushing nmethod 0x000002646d395690
Event: 15.524 Thread 0x00000264001b1710 flushing nmethod 0x000002646d395b90
Event: 15.524 Thread 0x00000264001b1710 flushing nmethod 0x000002646d3a5b10
Event: 15.524 Thread 0x00000264001b1710 flushing nmethod 0x000002646d3e7d90
Event: 15.524 Thread 0x00000264001b1710 flushing nmethod 0x000002646d49e490
Event: 16.054 Thread 0x000002644a0396f0 Thread added: 0x000002644a0396f0
Event: 16.065 Thread 0x000002644a0396f0 Thread exited: 0x000002644a0396f0
Event: 16.094 Thread 0x00000264473a6e90 Thread added: 0x00000264473a6e90
Event: 16.122 Thread 0x000002644a0396f0 Thread added: 0x000002644a0396f0
Event: 16.122 Thread 0x0000026400a3e480 Thread added: 0x0000026400a3e480
Event: 16.374 Thread 0x00000264473a6e90 Thread exited: 0x00000264473a6e90
Event: 16.374 Thread 0x00000264463db800 Thread exited: 0x00000264463db800


Dynamic libraries:
0x00007ff6e2560000 - 0x00007ff6e2570000 	C:\Program Files\Java\jdk-21\bin\java.exe
0x00007ffa77050000 - 0x00007ffa77267000 	C:\WINDOWS\SYSTEM32\ntdll.dll
0x00007ffa75fc0000 - 0x00007ffa76084000 	C:\WINDOWS\System32\KERNEL32.DLL
0x00007ffa74650000 - 0x00007ffa74a0a000 	C:\WINDOWS\System32\KERNELBASE.dll
0x00007ffa74530000 - 0x00007ffa74641000 	C:\WINDOWS\System32\ucrtbase.dll
0x00007ffa46c60000 - 0x00007ffa46c79000 	C:\Program Files\Java\jdk-21\bin\jli.dll
0x00007ffa45210000 - 0x00007ffa4522b000 	C:\Program Files\Java\jdk-21\bin\VCRUNTIME140.dll
0x00007ffa75ec0000 - 0x00007ffa75f72000 	C:\WINDOWS\System32\ADVAPI32.dll
0x00007ffa758d0000 - 0x00007ffa75977000 	C:\WINDOWS\System32\msvcrt.dll
0x00007ffa754b0000 - 0x00007ffa75557000 	C:\WINDOWS\System32\sechost.dll
0x00007ffa74500000 - 0x00007ffa74528000 	C:\WINDOWS\System32\bcrypt.dll
0x00007ffa74ec0000 - 0x00007ffa74fd4000 	C:\WINDOWS\System32\RPCRT4.dll
0x00007ffa750d0000 - 0x00007ffa7527e000 	C:\WINDOWS\System32\USER32.dll
0x00007ffa74d20000 - 0x00007ffa74d46000 	C:\WINDOWS\System32\win32u.dll
0x00007ffa5a7b0000 - 0x00007ffa5aa42000 	C:\WINDOWS\WinSxS\amd64_microsoft.windows.common-controls_6595b64144ccf1df_6.0.22621.4541_none_2710d1c57384c085\COMCTL32.dll
0x00007ffa76f10000 - 0x00007ffa76f39000 	C:\WINDOWS\System32\GDI32.dll
0x00007ffa74320000 - 0x00007ffa7443b000 	C:\WINDOWS\System32\gdi32full.dll
0x00007ffa74b80000 - 0x00007ffa74c1a000 	C:\WINDOWS\System32\msvcp_win.dll
0x00007ffa70530000 - 0x00007ffa7053a000 	C:\WINDOWS\SYSTEM32\VERSION.dll
0x00007ffa76fd0000 - 0x00007ffa77001000 	C:\WINDOWS\System32\IMM32.DLL
0x00007ffa62550000 - 0x00007ffa6255c000 	C:\Program Files\Java\jdk-21\bin\vcruntime140_1.dll
0x00007ffa35360000 - 0x00007ffa353ee000 	C:\Program Files\Java\jdk-21\bin\msvcp140.dll
0x00007ff9d26f0000 - 0x00007ff9d3408000 	C:\Program Files\Java\jdk-21\bin\server\jvm.dll
0x00007ffa75050000 - 0x00007ffa750c1000 	C:\WINDOWS\System32\WS2_32.dll
0x00007ffa741f0000 - 0x00007ffa7423d000 	C:\WINDOWS\SYSTEM32\POWRPROF.dll
0x00007ffa6fd80000 - 0x00007ffa6fdb4000 	C:\WINDOWS\SYSTEM32\WINMM.dll
0x00007ffa741d0000 - 0x00007ffa741e3000 	C:\WINDOWS\SYSTEM32\UMPDC.dll
0x00007ffa73360000 - 0x00007ffa73378000 	C:\WINDOWS\SYSTEM32\kernel.appcore.dll
0x00007ffa614b0000 - 0x00007ffa614ba000 	C:\Program Files\Java\jdk-21\bin\jimage.dll
0x00007ffa71d40000 - 0x00007ffa71f72000 	C:\WINDOWS\SYSTEM32\DBGHELP.DLL
0x00007ffa75980000 - 0x00007ffa75d0f000 	C:\WINDOWS\System32\combase.dll
0x00007ffa76540000 - 0x00007ffa76617000 	C:\WINDOWS\System32\OLEAUT32.dll
0x00007ffa61890000 - 0x00007ffa618c2000 	C:\WINDOWS\SYSTEM32\dbgcore.DLL
0x00007ffa74c20000 - 0x00007ffa74c9b000 	C:\WINDOWS\System32\bcryptPrimitives.dll
0x00007ffa451c0000 - 0x00007ffa451df000 	C:\Program Files\Java\jdk-21\bin\java.dll
0x00007ffa76620000 - 0x00007ffa76e98000 	C:\WINDOWS\System32\SHELL32.dll
0x00007ffa72260000 - 0x00007ffa72b68000 	C:\WINDOWS\SYSTEM32\windows.storage.dll
0x00007ffa72120000 - 0x00007ffa7225f000 	C:\WINDOWS\SYSTEM32\wintypes.dll
0x00007ffa753b0000 - 0x00007ffa754aa000 	C:\WINDOWS\System32\SHCORE.dll
0x00007ffa75350000 - 0x00007ffa753ae000 	C:\WINDOWS\System32\shlwapi.dll
0x00007ffa74250000 - 0x00007ffa7427b000 	C:\WINDOWS\SYSTEM32\profapi.dll
0x00007ff9ee660000 - 0x00007ff9ee737000 	C:\Program Files\Java\jdk-21\bin\jsvml.dll
0x00007ffa61490000 - 0x00007ffa614a0000 	C:\Program Files\Java\jdk-21\bin\net.dll
0x00007ffa6fba0000 - 0x00007ffa6fcd6000 	C:\WINDOWS\SYSTEM32\WINHTTP.dll
0x00007ffa737e0000 - 0x00007ffa73849000 	C:\WINDOWS\system32\mswsock.dll
0x00007ffa41200000 - 0x00007ffa41216000 	C:\Program Files\Java\jdk-21\bin\nio.dll
0x00007ffa411b0000 - 0x00007ffa411c8000 	C:\Program Files\Java\jdk-21\bin\zip.dll
0x0000000069ac0000 - 0x0000000069ae4000 	C:\Program Files\apache-maven-3.9.6\lib\jansi-native\Windows\x86_64\jansi.dll
0x00007ffa5f610000 - 0x00007ffa5f620000 	C:\Program Files\Java\jdk-21\bin\verify.dll
0x00007ffa73470000 - 0x00007ffa734a4000 	C:\WINDOWS\SYSTEM32\ntmarta.dll

dbghelp: loaded successfully - version: 4.0.5 - missing functions: none
symbol engine: initialized successfully - sym options: 0x614 - pdb path: .;C:\Program Files\Java\jdk-21\bin;C:\WINDOWS\SYSTEM32;C:\WINDOWS\WinSxS\amd64_microsoft.windows.common-controls_6595b64144ccf1df_6.0.22621.4541_none_2710d1c57384c085;C:\Program Files\Java\jdk-21\bin\server;C:\Program Files\apache-maven-3.9.6\lib\jansi-native\Windows\x86_64

VM Arguments:
jvm_args: -Dclassworlds.conf=C:\Program Files\apache-maven-3.9.6\bin\m2.conf -Dmaven.home=C:\Program Files\apache-maven-3.9.6 -Dlibrary.jansi.path=C:\Program Files\apache-maven-3.9.6\lib\jansi-native -Dmaven.multiModuleProjectDirectory=C:\Users\Kiet\Desktop\Ecommerce-SpringBoot-ReactJS 
java_command: org.codehaus.plexus.classworlds.launcher.Launcher clean install
java_class_path (initial): C:\Program Files\apache-maven-3.9.6\boot\plexus-classworlds-2.7.0.jar
Launcher Type: SUN_STANDARD

[Global flags]
     intx CICompilerCount                          = 4                                         {product} {ergonomic}
     uint ConcGCThreads                            = 2                                         {product} {ergonomic}
     uint G1ConcRefinementThreads                  = 8                                         {product} {ergonomic}
   size_t G1HeapRegionSize                         = 1048576                                   {product} {ergonomic}
    uintx GCDrainStackTargetSize                   = 64                                        {product} {ergonomic}
   size_t InitialHeapSize                          = 132120576                                 {product} {ergonomic}
   size_t MarkStackSize                            = 4194304                                   {product} {ergonomic}
   size_t MaxHeapSize                              = 2095054848                                {product} {ergonomic}
   size_t MaxNewSize                               = 1256194048                                {product} {ergonomic}
   size_t MinHeapDeltaBytes                        = 1048576                                   {product} {ergonomic}
   size_t MinHeapSize                              = 8388608                                   {product} {ergonomic}
    uintx NonNMethodCodeHeapSize                   = 5839372                                {pd product} {ergonomic}
    uintx NonProfiledCodeHeapSize                  = 122909434                              {pd product} {ergonomic}
    uintx ProfiledCodeHeapSize                     = 122909434                              {pd product} {ergonomic}
    uintx ReservedCodeCacheSize                    = 251658240                              {pd product} {ergonomic}
     bool SegmentedCodeCache                       = true                                      {product} {ergonomic}
   size_t SoftMaxHeapSize                          = 2095054848                             {manageable} {ergonomic}
     bool UseCompressedOops                        = true                           {product lp64_product} {ergonomic}
     bool UseG1GC                                  = true                                      {product} {ergonomic}
     bool UseLargePagesIndividualAllocation        = false                                  {pd product} {ergonomic}

Logging:
Log output configuration:
 #0: stdout all=warning uptime,level,tags foldmultilines=false
 #1: stderr all=off uptime,level,tags foldmultilines=false

Environment Variables:
JAVA_HOME=C:\Program Files\Java\jdk-21
PATH=C:\Program Files\Common Files\Oracle\Java\javapath;C:\Program Files (x86)\Common Files\Oracle\Java\java8path;C:\Program Files (x86)\Common Files\Oracle\Java\javapath;C:\WINDOWS\system32;C:\WINDOWS;C:\WINDOWS\System32\Wbem;C:\WINDOWS\System32\WindowsPowerShell\v1.0\;C:\WINDOWS\System32\OpenSSH\;C:\Program Files\dotnet\;C:\Program Files (x86)\Microsoft SQL Server\160\Tools\Binn\;C:\Program Files\Microsoft SQL Server\160\Tools\Binn\;C:\Program Files\Microsoft SQL Server\Client SDK\ODBC\170\Tools\Binn\;C:\Program Files\Microsoft SQL Server\160\DTS\Binn\;C:\Program Files (x86)\Microsoft SQL Server\160\DTS\Binn\;C:\Program Files\Azure Data Studio\bin;C:\Program Files\apache-maven-3.9.6\bin;C:\Program Files\Git\cmd;C:\Program Files\Java\jdk-21\bin;C:\Users\Kiet\AppData\Local\Programs\Python\Python38;C:\Users\Kiet\AppData\Local\Programs\Python\Python38\Scripts;C:\Program Files\CMake\bin;C:\Program Files\PostgreSQL\17\bin;C:\Users\Kiet\anaconda3\Scripts;C:\Program Files\nodejs\;C:\Users\Kiet\AppData\Local\Microsoft\WindowsApps;C:\Users\Kiet\AppData\Local\Programs\Microsoft VS Code\bin;C:\Users\Kiet\.dotnet\tools;C:\Program Files\Azure Data Studio\bin;C:\Users\Kiet\AppData\Roaming\npm
USERNAME=Kiet
OS=Windows_NT
PROCESSOR_IDENTIFIER=Intel64 Family 6 Model 126 Stepping 5, GenuineIntel
TMP=C:\Users\Kiet\AppData\Local\Temp
TEMP=C:\Users\Kiet\AppData\Local\Temp




Periodic native trim disabled

---------------  S Y S T E M  ---------------

OS:
 Windows 11 , 64 bit Build 22621 (10.0.22621.4391)
OS uptime: 0 days 0:17 hours

CPU: total 8 (initial active 8) (4 cores per cpu, 2 threads per core) family 6 model 126 stepping 5 microcode 0xa6, cx8, cmov, fxsr, ht, mmx, 3dnowpref, sse, sse2, sse3, ssse3, sse4.1, sse4.2, popcnt, lzcnt, tsc, tscinvbit, avx, avx2, aes, erms, clmul, bmi1, bmi2, adx, avx512f, avx512dq, avx512cd, avx512bw, avx512vl, sha, fma, vzeroupper, avx512_vpopcntdq, avx512_vpclmulqdq, avx512_vaes, avx512_vnni, clflush, clflushopt, avx512_vbmi2, avx512_vbmi, rdtscp, rdpid, fsrm, gfni, avx512_bitalg, f16c, pku, avx512_ifma
Processor Information for all 8 processors :
  Max Mhz: 1190, Current Mhz: 991, Mhz Limit: 987

Memory: 4k page, system-wide physical 7987M (348M free)
TotalPageFile size 10035M (AvailPageFile size 0M)
current process WorkingSet (physical memory assigned to process): 304M, peak: 353M
current process commit charge ("private bytes"): 370M, peak: 405M

vm_info: Java HotSpot(TM) 64-Bit Server VM (21.0.5+9-LTS-239) for windows-amd64 JRE (21.0.5+9-LTS-239), built on 2024-09-30T05:17:38Z by "mach5one" with MS VC++ 17.6 (VS2022)

END.
