#
# There is insufficient memory for the Java Runtime Environment to continue.
# Native memory allocation (malloc) failed to allocate 32744 bytes. Error detail: ChunkPool::allocate
# Possible reasons:
#   The system is out of physical RAM or swap space
#   This process is running with CompressedOops enabled, and the Java Heap may be blocking the growth of the native heap
# Possible solutions:
#   Reduce memory load on the system
#   Increase physical memory or swap space
#   Check if swap backing store is full
#   Decrease Java heap size (-Xmx/-Xms)
#   Decrease number of Java threads
#   Decrease Java thread stack sizes (-Xss)
#   Set larger code cache with -XX:ReservedCodeCacheSize=
#   JVM is running with Unscaled Compressed Oops mode in which the Java heap is
#     placed in the first 4GB address space. The Java Heap base address is the
#     maximum limit for the native heap growth. Please use -XX:HeapBaseMinAddress
#     to set the Java Heap base and to place the Java Heap above 4GB virtual address.
# This output file may be truncated or incomplete.
#
#  Out of Memory Error (arena.cpp:79), pid=10324, tid=10060
#
# JRE version: OpenJDK Runtime Environment Temurin-17.0.12+7 (17.0.12+7) (build 17.0.12+7)
# Java VM: OpenJDK 64-Bit Server VM Temurin-17.0.12+7 (17.0.12+7, mixed mode, tiered, compressed oops, compressed class ptrs, parallel gc, windows-amd64)
# No core dump will be written. Minidumps are not enabled by default on client versions of Windows
#

---------------  S U M M A R Y ------------

Command Line: --add-modules=ALL-SYSTEM --add-opens=java.base/java.util=ALL-UNNAMED --add-opens=java.base/java.lang=ALL-UNNAMED --add-opens=java.base/sun.nio.fs=ALL-UNNAMED -Declipse.application=org.eclipse.jdt.ls.core.id1 -Dosgi.bundles.defaultStartLevel=4 -Declipse.product=org.eclipse.jdt.ls.core.product -Djava.import.generatesMetadataFilesAtProjectRoot=false -DDetectVMInstallationsJob.disabled=true -Dfile.encoding=utf8 -XX:+UseParallelGC -XX:GCTimeRatio=4 -XX:AdaptiveSizePolicyWeight=90 -Dsun.zip.disableMemoryMapping=true -Xmx1G -Xms100m -Xlog:disable -javaagent:c:\Users\Kiet\.vscode\extensions\redhat.java-1.35.1-win32-x64\lombok\lombok-1.18.33.jar -XX:+HeapDumpOnOutOfMemoryError -XX:HeapDumpPath=c:\Users\Kiet\AppData\Roaming\Code\User\workspaceStorage\a71174b1d402feb6f45fdbc2b12219ee\redhat.java -Daether.dependencyCollector.impl=bf c:\Users\Kiet\.vscode\extensions\redhat.java-1.35.1-win32-x64\server\plugins\org.eclipse.equinox.launcher_1.6.900.v20240613-2009.jar -configuration c:\Users\Kiet\AppData\Roaming\Code\User\globalStorage\redhat.java\1.35.1\config_win -data c:\Users\Kiet\AppData\Roaming\Code\User\workspaceStorage\a71174b1d402feb6f45fdbc2b12219ee\redhat.java\jdt_ws --pipe=\\.\pipe\lsp-507c62f4382eaebeec496f9fb16f9381-sock

Host: Intel(R) Core(TM) i5-1035G1 CPU @ 1.00GHz, 8 cores, 7G,  Windows 11 , 64 bit Build 22621 (10.0.22621.3958)
Time: Sun Oct  6 18:51:16 2024 SE Asia Standard Time elapsed time: 89.417969 seconds (0d 0h 1m 29s)

---------------  T H R E A D  ---------------

Current thread (0x00000189ccb75350):  JavaThread "C1 CompilerThread0" daemon [_thread_in_vm, id=10060, stack(0x00000081edb00000,0x00000081edc00000)]


Current CompileTask:
C1:  89418 10865       3       ch.qos.logback.classic.Logger::error (15 bytes)

Stack: [0x00000081edb00000,0x00000081edc00000]
Native frames: (J=compiled Java code, j=interpreted, Vv=VM code, C=native code)
V  [jvm.dll+0x67f929]
V  [jvm.dll+0x8371ba]
V  [jvm.dll+0x838c7e]
V  [jvm.dll+0x8392e3]
V  [jvm.dll+0x24834f]
V  [jvm.dll+0xacbd1]
V  [jvm.dll+0xad01c]
V  [jvm.dll+0x1d633b]
V  [jvm.dll+0x1c35d5]
V  [jvm.dll+0x2298c2]
V  [jvm.dll+0x227bdc]
V  [jvm.dll+0x7ec1f7]
V  [jvm.dll+0x7e65dc]
V  [jvm.dll+0x67e7f7]
C  [ucrtbase.dll+0x29333]
C  [KERNEL32.DLL+0x1257d]
C  [ntdll.dll+0x5af28]


---------------  P R O C E S S  ---------------

Threads class SMR info:
_java_thread_list=0x00000189cfd01ae0, length=41, elements={
0x00000189b397dce0, 0x00000189b3a2e9d0, 0x00000189ccad5bc0, 0x00000189ccaecca0,
0x00000189ccaed570, 0x00000189ccb0ac40, 0x00000189ccb0b510, 0x00000189ccb10980,
0x00000189ccb75350, 0x00000189ccb76010, 0x00000189ccc62000, 0x00000189cce69750,
0x00000189ce090ae0, 0x00000189ce522b10, 0x00000189ce72a010, 0x00000189ce9d67a0,
0x00000189cec76830, 0x00000189ceceb9c0, 0x00000189ceceaa90, 0x00000189cece9b60,
0x00000189cecec3e0, 0x00000189cecea070, 0x00000189ceceb4b0, 0x00000189cecec8f0,
0x00000189cecece00, 0x00000189ceced310, 0x00000189d0fd9850, 0x00000189d0fde440,
0x00000189d0fdc0d0, 0x00000189d0fdd510, 0x00000189d0fd79f0, 0x00000189d0fddf30,
0x00000189d0fdda20, 0x00000189d0fdb1a0, 0x00000189d0fde950, 0x00000189d0fd74e0,
0x00000189d0fda780, 0x00000189d0fd9340, 0x00000189ceceafa0, 0x00000189d07832a0,
0x00000189d07841d0
}

Java Threads: ( => current thread )
  0x00000189b397dce0 JavaThread "main" [_thread_blocked, id=9440, stack(0x00000081ed100000,0x00000081ed200000)]
  0x00000189b3a2e9d0 JavaThread "Reference Handler" daemon [_thread_blocked, id=16932, stack(0x00000081ed400000,0x00000081ed500000)]
  0x00000189ccad5bc0 JavaThread "Finalizer" daemon [_thread_blocked, id=16416, stack(0x00000081ed500000,0x00000081ed600000)]
  0x00000189ccaecca0 JavaThread "Signal Dispatcher" daemon [_thread_blocked, id=2948, stack(0x00000081ed600000,0x00000081ed700000)]
  0x00000189ccaed570 JavaThread "Attach Listener" daemon [_thread_blocked, id=4644, stack(0x00000081ed700000,0x00000081ed800000)]
  0x00000189ccb0ac40 JavaThread "Service Thread" daemon [_thread_blocked, id=12520, stack(0x00000081ed800000,0x00000081ed900000)]
  0x00000189ccb0b510 JavaThread "Monitor Deflation Thread" daemon [_thread_blocked, id=13972, stack(0x00000081ed900000,0x00000081eda00000)]
  0x00000189ccb10980 JavaThread "C2 CompilerThread0" daemon [_thread_in_native, id=9060, stack(0x00000081eda00000,0x00000081edb00000)]
=>0x00000189ccb75350 JavaThread "C1 CompilerThread0" daemon [_thread_in_vm, id=10060, stack(0x00000081edb00000,0x00000081edc00000)]
  0x00000189ccb76010 JavaThread "Sweeper thread" daemon [_thread_blocked, id=3156, stack(0x00000081edc00000,0x00000081edd00000)]
  0x00000189ccc62000 JavaThread "Common-Cleaner" daemon [_thread_blocked, id=17188, stack(0x00000081edd00000,0x00000081ede00000)]
  0x00000189cce69750 JavaThread "Notification Thread" daemon [_thread_blocked, id=12880, stack(0x00000081edf00000,0x00000081ee000000)]
  0x00000189ce090ae0 JavaThread "Active Thread: Equinox Container: 37889b15-f469-48e4-8195-9a6bc9eda447" [_thread_blocked, id=17004, stack(0x00000081ee700000,0x00000081ee800000)]
  0x00000189ce522b10 JavaThread "Framework Event Dispatcher: Equinox Container: 37889b15-f469-48e4-8195-9a6bc9eda447" daemon [_thread_blocked, id=14432, stack(0x00000081ee900000,0x00000081eea00000)]
  0x00000189ce72a010 JavaThread "Start Level: Equinox Container: 37889b15-f469-48e4-8195-9a6bc9eda447" daemon [_thread_blocked, id=17088, stack(0x00000081eea00000,0x00000081eeb00000)]
  0x00000189ce9d67a0 JavaThread "Bundle File Closer" daemon [_thread_blocked, id=3592, stack(0x00000081ee800000,0x00000081ee900000)]
  0x00000189cec76830 JavaThread "SCR Component Actor" daemon [_thread_blocked, id=10428, stack(0x00000081eec00000,0x00000081eed00000)]
  0x00000189ceceb9c0 JavaThread "Worker-JM" [_thread_blocked, id=15892, stack(0x00000081eed00000,0x00000081eee00000)]
  0x00000189ceceaa90 JavaThread "JNA Cleaner" daemon [_thread_blocked, id=9524, stack(0x00000081eef00000,0x00000081ef000000)]
  0x00000189cece9b60 JavaThread "Worker-1: Building" [_thread_in_native, id=9020, stack(0x00000081ef100000,0x00000081ef200000)]
  0x00000189cecec3e0 JavaThread "Java indexing" daemon [_thread_blocked, id=3692, stack(0x00000081ef200000,0x00000081ef300000)]
  0x00000189cecea070 JavaThread "Worker-2" [_thread_blocked, id=13980, stack(0x00000081ef400000,0x00000081ef500000)]
  0x00000189ceceb4b0 JavaThread "Thread-2" daemon [_thread_in_native, id=11464, stack(0x00000081ef500000,0x00000081ef600000)]
  0x00000189cecec8f0 JavaThread "Thread-3" daemon [_thread_in_native, id=12392, stack(0x00000081ef600000,0x00000081ef700000)]
  0x00000189cecece00 JavaThread "Thread-4" daemon [_thread_in_native, id=13952, stack(0x00000081ef700000,0x00000081ef800000)]
  0x00000189ceced310 JavaThread "Thread-5" daemon [_thread_in_native, id=16884, stack(0x00000081ef800000,0x00000081ef900000)]
  0x00000189d0fd9850 JavaThread "Thread-6" daemon [_thread_in_native, id=17204, stack(0x00000081ef900000,0x00000081efa00000)]
  0x00000189d0fde440 JavaThread "Thread-7" daemon [_thread_in_native, id=11864, stack(0x00000081efa00000,0x00000081efb00000)]
  0x00000189d0fdc0d0 JavaThread "Thread-8" daemon [_thread_in_native, id=5532, stack(0x00000081efb00000,0x00000081efc00000)]
  0x00000189d0fdd510 JavaThread "Thread-9" daemon [_thread_in_native, id=13336, stack(0x00000081efc00000,0x00000081efd00000)]
  0x00000189d0fd79f0 JavaThread "Thread-10" daemon [_thread_in_native, id=8564, stack(0x00000081efd00000,0x00000081efe00000)]
  0x00000189d0fddf30 JavaThread "pool-2-thread-1" [_thread_blocked, id=2480, stack(0x00000081efe00000,0x00000081eff00000)]
  0x00000189d0fdda20 JavaThread "WorkspaceEventsHandler" [_thread_blocked, id=10584, stack(0x00000081eff00000,0x00000081f0000000)]
  0x00000189d0fdb1a0 JavaThread "pool-1-thread-1" [_thread_blocked, id=3792, stack(0x00000081f0000000,0x00000081f0100000)]
  0x00000189d0fde950 JavaThread "Worker-3" [_thread_blocked, id=17176, stack(0x00000081f0100000,0x00000081f0200000)]
  0x00000189d0fd74e0 JavaThread "ForkJoinPool.commonPool-worker-1" daemon [_thread_blocked, id=10360, stack(0x00000081f0200000,0x00000081f0300000)]
  0x00000189d0fda780 JavaThread "ForkJoinPool.commonPool-worker-2" daemon [_thread_blocked, id=328, stack(0x00000081f0300000,0x00000081f0400000)]
  0x00000189d0fd9340 JavaThread "ForkJoinPool.commonPool-worker-3" daemon [_thread_blocked, id=17368, stack(0x00000081f0400000,0x00000081f0500000)]
  0x00000189ceceafa0 JavaThread "Exec Stream Pumper" daemon [_thread_in_native, id=16672, stack(0x00000081ece00000,0x00000081ecf00000)]
  0x00000189d07832a0 JavaThread "Exec Stream Pumper" daemon [_thread_in_native, id=13164, stack(0x00000081ecf00000,0x00000081ed000000)]
  0x00000189d07841d0 JavaThread "ForkJoinPool.commonPool-worker-5" daemon [_thread_blocked, id=8364, stack(0x00000081ed000000,0x00000081ed100000)]

Other Threads:
  0x00000189b3a09990 VMThread "VM Thread" [stack: 0x00000081ed300000,0x00000081ed400000] [id=12856]
  0x00000189cdb626f0 WatcherThread [stack: 0x00000081ee000000,0x00000081ee100000] [id=1072]
  0x00000189b3995060 GCTaskThread "GC Thread#0" [stack: 0x00000081ed200000,0x00000081ed300000] [id=6224]
  0x00000189ce11ac70 GCTaskThread "GC Thread#1" [stack: 0x00000081ee100000,0x00000081ee200000] [id=15236]
  0x00000189ce09ffd0 GCTaskThread "GC Thread#2" [stack: 0x00000081ee200000,0x00000081ee300000] [id=14208]
  0x00000189ce0a0290 GCTaskThread "GC Thread#3" [stack: 0x00000081ee300000,0x00000081ee400000] [id=15172]
  0x00000189cdcc4a30 GCTaskThread "GC Thread#4" [stack: 0x00000081ee400000,0x00000081ee500000] [id=15896]
  0x00000189cdcc4cf0 GCTaskThread "GC Thread#5" [stack: 0x00000081ee500000,0x00000081ee600000] [id=6532]
  0x00000189cdcc4fb0 GCTaskThread "GC Thread#6" [stack: 0x00000081ee600000,0x00000081ee700000] [id=9512]
  0x00000189ce3dc7c0 GCTaskThread "GC Thread#7" [stack: 0x00000081eeb00000,0x00000081eec00000] [id=2140]

Threads with active compile tasks:
C2 CompilerThread0    89435 10864       4       org.apache.commons.exec.LogOutputStream::write (119 bytes)
C1 CompilerThread0    89436 10865       3       ch.qos.logback.classic.Logger::error (15 bytes)

VM state: not at safepoint (normal execution)

VM Mutex/Monitor currently owned by a thread: None

Heap address: 0x00000000c0000000, size: 1024 MB, Compressed Oops mode: 32-bit

CDS archive(s) not mapped
Compressed class space mapped at: 0x0000000100000000-0x0000000140000000, reserved size: 1073741824
Narrow klass base: 0x0000000000000000, Narrow klass shift: 3, Narrow klass range: 0x140000000

GC Precious Log:
 CPUs: 8 total, 8 available
 Memory: 7987M
 Large Page Support: Disabled
 NUMA Support: Disabled
 Compressed Oops: Enabled (32-bit)
 Alignments: Space 512K, Generation 512K, Heap 2M
 Heap Min Capacity: 100M
 Heap Initial Capacity: 100M
 Heap Max Capacity: 1G
 Pre-touch: Disabled
 Parallel Workers: 8

Heap:
 PSYoungGen      total 18432K, used 3431K [0x00000000eab00000, 0x00000000ec100000, 0x0000000100000000)
  eden space 15360K, 3% used [0x00000000eab00000,0x00000000eab7cad0,0x00000000eba00000)
  from space 3072K, 95% used [0x00000000eba00000,0x00000000ebcdd2e0,0x00000000ebd00000)
  to   space 3584K, 0% used [0x00000000ebd80000,0x00000000ebd80000,0x00000000ec100000)
 ParOldGen       total 122880K, used 94672K [0x00000000c0000000, 0x00000000c7800000, 0x00000000eab00000)
  object space 122880K, 77% used [0x00000000c0000000,0x00000000c5c74218,0x00000000c7800000)
 Metaspace       used 70303K, committed 71552K, reserved 1114112K
  class space    used 7445K, committed 8000K, reserved 1048576K

Card table byte_map: [0x00000189b3310000,0x00000189b3520000] _byte_map_base: 0x00000189b2d10000

Marking Bits: (ParMarkBitMap*) 0x00007ffff82f58b0
 Begin Bits: [0x00000189c5610000, 0x00000189c6610000)
 End Bits:   [0x00000189c6610000, 0x00000189c7610000)

Polling page: 0x00000189b1890000

Metaspace:

Usage:
  Non-class:     61.39 MB used.
      Class:      7.27 MB used.
       Both:     68.66 MB used.

Virtual space:
  Non-class space:       64.00 MB reserved,      62.06 MB ( 97%) committed,  1 nodes.
      Class space:        1.00 GB reserved,       7.81 MB ( <1%) committed,  1 nodes.
             Both:        1.06 GB reserved,      69.88 MB (  6%) committed. 

Chunk freelists:
   Non-Class:  1.00 MB
       Class:  8.23 MB
        Both:  9.23 MB

MaxMetaspaceSize: unlimited
CompressedClassSpaceSize: 1.00 GB
Initial GC threshold: 21.00 MB
Current GC threshold: 115.00 MB
CDS: off
MetaspaceReclaimPolicy: balanced
 - commit_granule_bytes: 65536.
 - commit_granule_words: 8192.
 - virtual_space_node_default_size: 8388608.
 - enlarge_chunks_in_place: 1.
 - new_chunks_are_fully_committed: 0.
 - uncommit_free_chunks: 1.
 - use_allocation_guard: 0.
 - handle_deallocations: 1.


Internal statistics:

num_allocs_failed_limit: 9.
num_arena_births: 890.
num_arena_deaths: 28.
num_vsnodes_births: 2.
num_vsnodes_deaths: 0.
num_space_committed: 1118.
num_space_uncommitted: 0.
num_chunks_returned_to_freelist: 44.
num_chunks_taken_from_freelist: 3795.
num_chunk_merges: 19.
num_chunk_splits: 2372.
num_chunks_enlarged: 1408.
num_inconsistent_stats: 0.

CodeHeap 'non-profiled nmethods': size=120000Kb used=6825Kb max_used=6825Kb free=113174Kb
 bounds [0x00000189be0e0000, 0x00000189be790000, 0x00000189c5610000]
CodeHeap 'profiled nmethods': size=120000Kb used=19899Kb max_used=19899Kb free=100100Kb
 bounds [0x00000189b6610000, 0x00000189b7980000, 0x00000189bdb40000]
CodeHeap 'non-nmethods': size=5760Kb used=1371Kb max_used=1445Kb free=4388Kb
 bounds [0x00000189bdb40000, 0x00000189bddb0000, 0x00000189be0e0000]
 total_blobs=10000 nmethods=9300 adapters=612
 compilation: enabled
              stopped_count=0, restarted_count=0
 full_count=0

Compilation events (20 events):
Event: 81.364 Thread 0x00000189ceb3c060 10856       4       lombok.core.configuration.ConfigurationFile$RegularConfigurationFile::parent (39 bytes)
Event: 81.414 Thread 0x00000189ceb3c060 nmethod 10856 0x00000189be771a90 code [0x00000189be771d20, 0x00000189be774468]
Event: 81.414 Thread 0x00000189ceb3c060 10857       4       org.eclipse.core.runtime.Path::<init> (9 bytes)
Event: 81.415 Thread 0x00000189ceb3c060 nmethod 10857 0x00000189be775b90 code [0x00000189be775d20, 0x00000189be775dc8]
Event: 81.415 Thread 0x00000189ceb3c060 10835       4       java.util.LinkedHashMap::keySet (25 bytes)
Event: 81.415 Thread 0x00000189ceb3c060 nmethod 10835 0x00000189be775e90 code [0x00000189be776020, 0x00000189be776138]
Event: 81.437 Thread 0x00000189ceb3daf0 nmethod 10698 0x00000189be776210 code [0x00000189be7768e0, 0x00000189be77f198]
Event: 81.458 Thread 0x00000189ccb10980 nmethod 10858 0x00000189be783e90 code [0x00000189be784120, 0x00000189be788b18]
Event: 89.409 Thread 0x00000189ccb75350 10859       3       org.apache.commons.exec.LogOutputStream::write (119 bytes)
Event: 89.409 Thread 0x00000189ccb75350 nmethod 10859 0x00000189b797c290 code [0x00000189b797c480, 0x00000189b797cad8]
Event: 89.413 Thread 0x00000189ccb75350 10860       3       java.lang.String::<init> (11 bytes)
Event: 89.413 Thread 0x00000189ccb75350 nmethod 10860 0x00000189b797cd90 code [0x00000189b797cf40, 0x00000189b797d0d8]
Event: 89.413 Thread 0x00000189ccb75350 10861       3       org.apache.commons.exec.LogOutputStream::processBuffer (19 bytes)
Event: 89.413 Thread 0x00000189ccb75350 nmethod 10861 0x00000189b797d190 code [0x00000189b797d360, 0x00000189b797d818]
Event: 89.413 Thread 0x00000189ccb75350 10862  s    3       java.io.ByteArrayOutputStream::toString (17 bytes)
Event: 89.413 Thread 0x00000189ccb75350 nmethod 10862 0x00000189b797da10 code [0x00000189b797dbc0, 0x00000189b797de28]
Event: 89.414 Thread 0x00000189ccb75350 10863       3       org.apache.commons.exec.LogOutputStream::write (53 bytes)
Event: 89.414 Thread 0x00000189ccb75350 nmethod 10863 0x00000189b797df10 code [0x00000189b797e100, 0x00000189b797ea08]
Event: 89.415 Thread 0x00000189ccb10980 10864       4       org.apache.commons.exec.LogOutputStream::write (119 bytes)
Event: 89.415 Thread 0x00000189ccb75350 10865       3       ch.qos.logback.classic.Logger::error (15 bytes)

GC Heap History (20 events):
Event: 80.902 GC heap before
{Heap before GC invocations=101 (full 6):
 PSYoungGen      total 13312K, used 12530K [0x00000000eab00000, 0x00000000ebb80000, 0x0000000100000000)
  eden space 9728K, 100% used [0x00000000eab00000,0x00000000eb480000,0x00000000eb480000)
  from space 3584K, 78% used [0x00000000eb480000,0x00000000eb73cbd8,0x00000000eb800000)
  to   space 3072K, 0% used [0x00000000eb880000,0x00000000eb880000,0x00000000ebb80000)
 ParOldGen       total 122880K, used 89861K [0x00000000c0000000, 0x00000000c7800000, 0x00000000eab00000)
  object space 122880K, 73% used [0x00000000c0000000,0x00000000c57c1650,0x00000000c7800000)
 Metaspace       used 69432K, committed 70656K, reserved 1114112K
  class space    used 7340K, committed 7872K, reserved 1048576K
}
Event: 80.905 GC heap after
{Heap after GC invocations=101 (full 6):
 PSYoungGen      total 12800K, used 3062K [0x00000000eab00000, 0x00000000ebd80000, 0x0000000100000000)
  eden space 9728K, 0% used [0x00000000eab00000,0x00000000eab00000,0x00000000eb480000)
  from space 3072K, 99% used [0x00000000eb880000,0x00000000ebb7da40,0x00000000ebb80000)
  to   space 4096K, 0% used [0x00000000eb480000,0x00000000eb480000,0x00000000eb880000)
 ParOldGen       total 122880K, used 90677K [0x00000000c0000000, 0x00000000c7800000, 0x00000000eab00000)
  object space 122880K, 73% used [0x00000000c0000000,0x00000000c588d650,0x00000000c7800000)
 Metaspace       used 69432K, committed 70656K, reserved 1114112K
  class space    used 7340K, committed 7872K, reserved 1048576K
}
Event: 80.921 GC heap before
{Heap before GC invocations=102 (full 6):
 PSYoungGen      total 12800K, used 12790K [0x00000000eab00000, 0x00000000ebd80000, 0x0000000100000000)
  eden space 9728K, 100% used [0x00000000eab00000,0x00000000eb480000,0x00000000eb480000)
  from space 3072K, 99% used [0x00000000eb880000,0x00000000ebb7da40,0x00000000ebb80000)
  to   space 4096K, 0% used [0x00000000eb480000,0x00000000eb480000,0x00000000eb880000)
 ParOldGen       total 122880K, used 90677K [0x00000000c0000000, 0x00000000c7800000, 0x00000000eab00000)
  object space 122880K, 73% used [0x00000000c0000000,0x00000000c588d650,0x00000000c7800000)
 Metaspace       used 69433K, committed 70656K, reserved 1114112K
  class space    used 7340K, committed 7872K, reserved 1048576K
}
Event: 80.924 GC heap after
{Heap after GC invocations=102 (full 6):
 PSYoungGen      total 13824K, used 3138K [0x00000000eab00000, 0x00000000ebc80000, 0x0000000100000000)
  eden space 9728K, 0% used [0x00000000eab00000,0x00000000eab00000,0x00000000eb480000)
  from space 4096K, 76% used [0x00000000eb480000,0x00000000eb790af0,0x00000000eb880000)
  to   space 3584K, 0% used [0x00000000eb900000,0x00000000eb900000,0x00000000ebc80000)
 ParOldGen       total 122880K, used 91201K [0x00000000c0000000, 0x00000000c7800000, 0x00000000eab00000)
  object space 122880K, 74% used [0x00000000c0000000,0x00000000c59104a8,0x00000000c7800000)
 Metaspace       used 69433K, committed 70656K, reserved 1114112K
  class space    used 7340K, committed 7872K, reserved 1048576K
}
Event: 80.939 GC heap before
{Heap before GC invocations=103 (full 6):
 PSYoungGen      total 13824K, used 12866K [0x00000000eab00000, 0x00000000ebc80000, 0x0000000100000000)
  eden space 9728K, 100% used [0x00000000eab00000,0x00000000eb480000,0x00000000eb480000)
  from space 4096K, 76% used [0x00000000eb480000,0x00000000eb790af0,0x00000000eb880000)
  to   space 3584K, 0% used [0x00000000eb900000,0x00000000eb900000,0x00000000ebc80000)
 ParOldGen       total 122880K, used 91201K [0x00000000c0000000, 0x00000000c7800000, 0x00000000eab00000)
  object space 122880K, 74% used [0x00000000c0000000,0x00000000c59104a8,0x00000000c7800000)
 Metaspace       used 69433K, committed 70656K, reserved 1114112K
  class space    used 7340K, committed 7872K, reserved 1048576K
}
Event: 80.941 GC heap after
{Heap after GC invocations=103 (full 6):
 PSYoungGen      total 14336K, used 3295K [0x00000000eab00000, 0x00000000ebc80000, 0x0000000100000000)
  eden space 10752K, 0% used [0x00000000eab00000,0x00000000eab00000,0x00000000eb580000)
  from space 3584K, 91% used [0x00000000eb900000,0x00000000ebc37c28,0x00000000ebc80000)
  to   space 3584K, 0% used [0x00000000eb580000,0x00000000eb580000,0x00000000eb900000)
 ParOldGen       total 122880K, used 91506K [0x00000000c0000000, 0x00000000c7800000, 0x00000000eab00000)
  object space 122880K, 74% used [0x00000000c0000000,0x00000000c595cbb8,0x00000000c7800000)
 Metaspace       used 69433K, committed 70656K, reserved 1114112K
  class space    used 7340K, committed 7872K, reserved 1048576K
}
Event: 80.960 GC heap before
{Heap before GC invocations=104 (full 6):
 PSYoungGen      total 14336K, used 14047K [0x00000000eab00000, 0x00000000ebc80000, 0x0000000100000000)
  eden space 10752K, 100% used [0x00000000eab00000,0x00000000eb580000,0x00000000eb580000)
  from space 3584K, 91% used [0x00000000eb900000,0x00000000ebc37c28,0x00000000ebc80000)
  to   space 3584K, 0% used [0x00000000eb580000,0x00000000eb580000,0x00000000eb900000)
 ParOldGen       total 122880K, used 91506K [0x00000000c0000000, 0x00000000c7800000, 0x00000000eab00000)
  object space 122880K, 74% used [0x00000000c0000000,0x00000000c595cbb8,0x00000000c7800000)
 Metaspace       used 69434K, committed 70656K, reserved 1114112K
  class space    used 7340K, committed 7872K, reserved 1048576K
}
Event: 80.962 GC heap after
{Heap after GC invocations=104 (full 6):
 PSYoungGen      total 14336K, used 3418K [0x00000000eab00000, 0x00000000ebe00000, 0x0000000100000000)
  eden space 10752K, 0% used [0x00000000eab00000,0x00000000eab00000,0x00000000eb580000)
  from space 3584K, 95% used [0x00000000eb580000,0x00000000eb8d68a0,0x00000000eb900000)
  to   space 3584K, 0% used [0x00000000eba80000,0x00000000eba80000,0x00000000ebe00000)
 ParOldGen       total 122880K, used 91982K [0x00000000c0000000, 0x00000000c7800000, 0x00000000eab00000)
  object space 122880K, 74% used [0x00000000c0000000,0x00000000c59d3a48,0x00000000c7800000)
 Metaspace       used 69434K, committed 70656K, reserved 1114112K
  class space    used 7340K, committed 7872K, reserved 1048576K
}
Event: 80.978 GC heap before
{Heap before GC invocations=105 (full 6):
 PSYoungGen      total 14336K, used 14170K [0x00000000eab00000, 0x00000000ebe00000, 0x0000000100000000)
  eden space 10752K, 100% used [0x00000000eab00000,0x00000000eb580000,0x00000000eb580000)
  from space 3584K, 95% used [0x00000000eb580000,0x00000000eb8d68a0,0x00000000eb900000)
  to   space 3584K, 0% used [0x00000000eba80000,0x00000000eba80000,0x00000000ebe00000)
 ParOldGen       total 122880K, used 91982K [0x00000000c0000000, 0x00000000c7800000, 0x00000000eab00000)
  object space 122880K, 74% used [0x00000000c0000000,0x00000000c59d3a48,0x00000000c7800000)
 Metaspace       used 69434K, committed 70656K, reserved 1114112K
  class space    used 7340K, committed 7872K, reserved 1048576K
}
Event: 80.981 GC heap after
{Heap after GC invocations=105 (full 6):
 PSYoungGen      total 15872K, used 3419K [0x00000000eab00000, 0x00000000ebe00000, 0x0000000100000000)
  eden space 12288K, 0% used [0x00000000eab00000,0x00000000eab00000,0x00000000eb700000)
  from space 3584K, 95% used [0x00000000eba80000,0x00000000ebdd6d78,0x00000000ebe00000)
  to   space 3584K, 0% used [0x00000000eb700000,0x00000000eb700000,0x00000000eba80000)
 ParOldGen       total 122880K, used 92398K [0x00000000c0000000, 0x00000000c7800000, 0x00000000eab00000)
  object space 122880K, 75% used [0x00000000c0000000,0x00000000c5a3b8a8,0x00000000c7800000)
 Metaspace       used 69434K, committed 70656K, reserved 1114112K
  class space    used 7340K, committed 7872K, reserved 1048576K
}
Event: 81.002 GC heap before
{Heap before GC invocations=106 (full 6):
 PSYoungGen      total 15872K, used 15707K [0x00000000eab00000, 0x00000000ebe00000, 0x0000000100000000)
  eden space 12288K, 100% used [0x00000000eab00000,0x00000000eb700000,0x00000000eb700000)
  from space 3584K, 95% used [0x00000000eba80000,0x00000000ebdd6d78,0x00000000ebe00000)
  to   space 3584K, 0% used [0x00000000eb700000,0x00000000eb700000,0x00000000eba80000)
 ParOldGen       total 122880K, used 92398K [0x00000000c0000000, 0x00000000c7800000, 0x00000000eab00000)
  object space 122880K, 75% used [0x00000000c0000000,0x00000000c5a3b8a8,0x00000000c7800000)
 Metaspace       used 69435K, committed 70656K, reserved 1114112K
  class space    used 7340K, committed 7872K, reserved 1048576K
}
Event: 81.005 GC heap after
{Heap after GC invocations=106 (full 6):
 PSYoungGen      total 15872K, used 3367K [0x00000000eab00000, 0x00000000ebf80000, 0x0000000100000000)
  eden space 12288K, 0% used [0x00000000eab00000,0x00000000eab00000,0x00000000eb700000)
  from space 3584K, 93% used [0x00000000eb700000,0x00000000eba49dd8,0x00000000eba80000)
  to   space 3584K, 0% used [0x00000000ebc00000,0x00000000ebc00000,0x00000000ebf80000)
 ParOldGen       total 122880K, used 92972K [0x00000000c0000000, 0x00000000c7800000, 0x00000000eab00000)
  object space 122880K, 75% used [0x00000000c0000000,0x00000000c5acb148,0x00000000c7800000)
 Metaspace       used 69435K, committed 70656K, reserved 1114112K
  class space    used 7340K, committed 7872K, reserved 1048576K
}
Event: 81.039 GC heap before
{Heap before GC invocations=107 (full 6):
 PSYoungGen      total 15872K, used 15655K [0x00000000eab00000, 0x00000000ebf80000, 0x0000000100000000)
  eden space 12288K, 100% used [0x00000000eab00000,0x00000000eb700000,0x00000000eb700000)
  from space 3584K, 93% used [0x00000000eb700000,0x00000000eba49dd8,0x00000000eba80000)
  to   space 3584K, 0% used [0x00000000ebc00000,0x00000000ebc00000,0x00000000ebf80000)
 ParOldGen       total 122880K, used 92972K [0x00000000c0000000, 0x00000000c7800000, 0x00000000eab00000)
  object space 122880K, 75% used [0x00000000c0000000,0x00000000c5acb148,0x00000000c7800000)
 Metaspace       used 69437K, committed 70656K, reserved 1114112K
  class space    used 7340K, committed 7872K, reserved 1048576K
}
Event: 81.041 GC heap after
{Heap after GC invocations=107 (full 6):
 PSYoungGen      total 17408K, used 3362K [0x00000000eab00000, 0x00000000ebf80000, 0x0000000100000000)
  eden space 13824K, 0% used [0x00000000eab00000,0x00000000eab00000,0x00000000eb880000)
  from space 3584K, 93% used [0x00000000ebc00000,0x00000000ebf48828,0x00000000ebf80000)
  to   space 3584K, 0% used [0x00000000eb880000,0x00000000eb880000,0x00000000ebc00000)
 ParOldGen       total 122880K, used 93465K [0x00000000c0000000, 0x00000000c7800000, 0x00000000eab00000)
  object space 122880K, 76% used [0x00000000c0000000,0x00000000c5b46728,0x00000000c7800000)
 Metaspace       used 69437K, committed 70656K, reserved 1114112K
  class space    used 7340K, committed 7872K, reserved 1048576K
}
Event: 81.056 GC heap before
{Heap before GC invocations=108 (full 6):
 PSYoungGen      total 17408K, used 17120K [0x00000000eab00000, 0x00000000ebf80000, 0x0000000100000000)
  eden space 13824K, 99% used [0x00000000eab00000,0x00000000eb86fb20,0x00000000eb880000)
  from space 3584K, 93% used [0x00000000ebc00000,0x00000000ebf48828,0x00000000ebf80000)
  to   space 3584K, 0% used [0x00000000eb880000,0x00000000eb880000,0x00000000ebc00000)
 ParOldGen       total 122880K, used 93465K [0x00000000c0000000, 0x00000000c7800000, 0x00000000eab00000)
  object space 122880K, 76% used [0x00000000c0000000,0x00000000c5b46728,0x00000000c7800000)
 Metaspace       used 69437K, committed 70656K, reserved 1114112K
  class space    used 7340K, committed 7872K, reserved 1048576K
}
Event: 81.059 GC heap after
{Heap after GC invocations=108 (full 6):
 PSYoungGen      total 17408K, used 3572K [0x00000000eab00000, 0x00000000ec200000, 0x0000000100000000)
  eden space 13824K, 0% used [0x00000000eab00000,0x00000000eab00000,0x00000000eb880000)
  from space 3584K, 99% used [0x00000000eb880000,0x00000000ebbfd258,0x00000000ebc00000)
  to   space 4096K, 0% used [0x00000000ebe00000,0x00000000ebe00000,0x00000000ec200000)
 ParOldGen       total 122880K, used 93809K [0x00000000c0000000, 0x00000000c7800000, 0x00000000eab00000)
  object space 122880K, 76% used [0x00000000c0000000,0x00000000c5b9c728,0x00000000c7800000)
 Metaspace       used 69437K, committed 70656K, reserved 1114112K
  class space    used 7340K, committed 7872K, reserved 1048576K
}
Event: 81.150 GC heap before
{Heap before GC invocations=109 (full 6):
 PSYoungGen      total 17408K, used 17396K [0x00000000eab00000, 0x00000000ec200000, 0x0000000100000000)
  eden space 13824K, 100% used [0x00000000eab00000,0x00000000eb880000,0x00000000eb880000)
  from space 3584K, 99% used [0x00000000eb880000,0x00000000ebbfd258,0x00000000ebc00000)
  to   space 4096K, 0% used [0x00000000ebe00000,0x00000000ebe00000,0x00000000ec200000)
 ParOldGen       total 122880K, used 93809K [0x00000000c0000000, 0x00000000c7800000, 0x00000000eab00000)
  object space 122880K, 76% used [0x00000000c0000000,0x00000000c5b9c728,0x00000000c7800000)
 Metaspace       used 69492K, committed 70720K, reserved 1114112K
  class space    used 7346K, committed 7872K, reserved 1048576K
}
Event: 81.153 GC heap after
{Heap after GC invocations=109 (full 6):
 PSYoungGen      total 19456K, used 3959K [0x00000000eab00000, 0x00000000ec200000, 0x0000000100000000)
  eden space 15360K, 0% used [0x00000000eab00000,0x00000000eab00000,0x00000000eba00000)
  from space 4096K, 96% used [0x00000000ebe00000,0x00000000ec1dde38,0x00000000ec200000)
  to   space 4096K, 0% used [0x00000000eba00000,0x00000000eba00000,0x00000000ebe00000)
 ParOldGen       total 122880K, used 94664K [0x00000000c0000000, 0x00000000c7800000, 0x00000000eab00000)
  object space 122880K, 77% used [0x00000000c0000000,0x00000000c5c72218,0x00000000c7800000)
 Metaspace       used 69492K, committed 70720K, reserved 1114112K
  class space    used 7346K, committed 7872K, reserved 1048576K
}
Event: 81.344 GC heap before
{Heap before GC invocations=110 (full 6):
 PSYoungGen      total 19456K, used 19319K [0x00000000eab00000, 0x00000000ec200000, 0x0000000100000000)
  eden space 15360K, 100% used [0x00000000eab00000,0x00000000eba00000,0x00000000eba00000)
  from space 4096K, 96% used [0x00000000ebe00000,0x00000000ec1dde38,0x00000000ec200000)
  to   space 4096K, 0% used [0x00000000eba00000,0x00000000eba00000,0x00000000ebe00000)
 ParOldGen       total 122880K, used 94664K [0x00000000c0000000, 0x00000000c7800000, 0x00000000eab00000)
  object space 122880K, 77% used [0x00000000c0000000,0x00000000c5c72218,0x00000000c7800000)
 Metaspace       used 70299K, committed 71552K, reserved 1114112K
  class space    used 7445K, committed 8000K, reserved 1048576K
}
Event: 81.348 GC heap after
{Heap after GC invocations=110 (full 6):
 PSYoungGen      total 18432K, used 2932K [0x00000000eab00000, 0x00000000ec100000, 0x0000000100000000)
  eden space 15360K, 0% used [0x00000000eab00000,0x00000000eab00000,0x00000000eba00000)
  from space 3072K, 95% used [0x00000000eba00000,0x00000000ebcdd2e0,0x00000000ebd00000)
  to   space 3584K, 0% used [0x00000000ebd80000,0x00000000ebd80000,0x00000000ec100000)
 ParOldGen       total 122880K, used 94672K [0x00000000c0000000, 0x00000000c7800000, 0x00000000eab00000)
  object space 122880K, 77% used [0x00000000c0000000,0x00000000c5c74218,0x00000000c7800000)
 Metaspace       used 70299K, committed 71552K, reserved 1114112K
  class space    used 7445K, committed 8000K, reserved 1048576K
}

Dll operation events (10 events):
Event: 0.015 Loaded shared library c:\Users\Kiet\.vscode\extensions\redhat.java-1.35.1-win32-x64\jre\17.0.12-win32-x86_64\bin\java.dll
Event: 0.312 Loaded shared library c:\Users\Kiet\.vscode\extensions\redhat.java-1.35.1-win32-x64\jre\17.0.12-win32-x86_64\bin\zip.dll
Event: 0.316 Loaded shared library C:\Users\Kiet\.vscode\extensions\redhat.java-1.35.1-win32-x64\jre\17.0.12-win32-x86_64\bin\instrument.dll
Event: 0.339 Loaded shared library C:\Users\Kiet\.vscode\extensions\redhat.java-1.35.1-win32-x64\jre\17.0.12-win32-x86_64\bin\net.dll
Event: 0.341 Loaded shared library C:\Users\Kiet\.vscode\extensions\redhat.java-1.35.1-win32-x64\jre\17.0.12-win32-x86_64\bin\nio.dll
Event: 0.353 Loaded shared library C:\Users\Kiet\.vscode\extensions\redhat.java-1.35.1-win32-x64\jre\17.0.12-win32-x86_64\bin\zip.dll
Event: 0.381 Loaded shared library C:\Users\Kiet\.vscode\extensions\redhat.java-1.35.1-win32-x64\jre\17.0.12-win32-x86_64\bin\jimage.dll
Event: 0.532 Loaded shared library c:\Users\Kiet\.vscode\extensions\redhat.java-1.35.1-win32-x64\jre\17.0.12-win32-x86_64\bin\verify.dll
Event: 2.477 Loaded shared library C:\Users\Kiet\AppData\Roaming\Code\User\globalStorage\redhat.java\1.35.1\config_win\org.eclipse.equinox.launcher\org.eclipse.equinox.launcher.win32.win32.x86_64_1.2.1100.v20240722-2106\eclipse_11904.dll
Event: 4.657 Loaded shared library C:\Users\Kiet\AppData\Local\Temp\jna-2338477\jna9173347789153334871.dll

Deoptimization events (20 events):
Event: 81.314 Thread 0x00000189d0fd74e0 DEOPT PACKING pc=0x00000189be6c8394 sp=0x00000081f02fdf60
Event: 81.314 Thread 0x00000189d0fd74e0 DEOPT UNPACKING pc=0x00000189bdb99ea3 sp=0x00000081f02fde88 mode 2
Event: 81.314 Thread 0x00000189d0fd74e0 Uncommon trap: trap_request=0xffffffbe fr.pc=0x00000189be6c90f4 relative=0x0000000000001074
Event: 81.314 Thread 0x00000189d0fd74e0 Uncommon trap: reason=profile_predicate action=maybe_recompile pc=0x00000189be6c90f4 method=java.util.TimSort.binarySort([Ljava/lang/Object;IIILjava/util/Comparator;)V @ 34 c2
Event: 81.314 Thread 0x00000189d0fd74e0 DEOPT PACKING pc=0x00000189be6c90f4 sp=0x00000081f02fddb0
Event: 81.314 Thread 0x00000189d0fd74e0 DEOPT UNPACKING pc=0x00000189bdb99ea3 sp=0x00000081f02fdcd8 mode 2
Event: 81.338 Thread 0x00000189d0fd74e0 Uncommon trap: trap_request=0xfffffff4 fr.pc=0x00000189be748bd8 relative=0x0000000000002d38
Event: 81.338 Thread 0x00000189d0fd74e0 Uncommon trap: reason=null_check action=make_not_entrant pc=0x00000189be748bd8 method=org.eclipse.jdt.internal.core.JavaModelCache.getInfo(Lorg/eclipse/jdt/core/IJavaElement;)Lorg/eclipse/jdt/internal/compiler/env/IElementInfo; @ 152 c2
Event: 81.338 Thread 0x00000189d0fd74e0 DEOPT PACKING pc=0x00000189be748bd8 sp=0x00000081f02fe0e0
Event: 81.338 Thread 0x00000189d0fd74e0 DEOPT UNPACKING pc=0x00000189bdb99ea3 sp=0x00000081f02fe060 mode 2
Event: 81.340 Thread 0x00000189d0fd74e0 Uncommon trap: trap_request=0xffffff45 fr.pc=0x00000189be765d98 relative=0x0000000000002718
Event: 81.340 Thread 0x00000189d0fd74e0 Uncommon trap: reason=unstable_if action=reinterpret pc=0x00000189be765d98 method=org.eclipse.jdt.internal.compiler.parser.Parser.consumeRule(I)V @ 1 c2
Event: 81.340 Thread 0x00000189d0fd74e0 DEOPT PACKING pc=0x00000189be765d98 sp=0x00000081f02fd990
Event: 81.340 Thread 0x00000189d0fd74e0 DEOPT UNPACKING pc=0x00000189bdb99ea3 sp=0x00000081f02fd930 mode 2
Event: 81.341 Thread 0x00000189d0fd74e0 Uncommon trap: trap_request=0xffffffde fr.pc=0x00000189be750b9c relative=0x0000000000002c3c
Event: 81.341 Thread 0x00000189d0fd74e0 Uncommon trap: reason=class_check action=maybe_recompile pc=0x00000189be750b9c method=org.eclipse.jdt.internal.core.JavaModelCache.getInfo(Lorg/eclipse/jdt/core/IJavaElement;)Lorg/eclipse/jdt/internal/compiler/env/IElementInfo; @ 152 c2
Event: 81.341 Thread 0x00000189d0fd74e0 DEOPT PACKING pc=0x00000189be750b9c sp=0x00000081f02fe060
Event: 81.341 Thread 0x00000189d0fd74e0 DEOPT UNPACKING pc=0x00000189bdb99ea3 sp=0x00000081f02fe058 mode 2
Event: 81.349 Thread 0x00000189d0fd74e0 DEOPT PACKING pc=0x00000189b7764c5c sp=0x00000081f02feec0
Event: 81.349 Thread 0x00000189d0fd74e0 DEOPT UNPACKING pc=0x00000189bdb9a9e3 sp=0x00000081f02fe3e0 mode 0

Classes loaded (20 events):
Event: 73.928 Loading class com/sun/crypto/provider/Padding done
Event: 73.928 Loading class com/sun/crypto/provider/PKCS5Padding done
Event: 73.928 Loading class com/sun/crypto/provider/CipherBlockChaining
Event: 73.928 Loading class com/sun/crypto/provider/CipherBlockChaining done
Event: 73.929 Loading class javax/crypto/NullCipher
Event: 73.929 Loading class javax/crypto/NullCipher done
Event: 73.929 Loading class sun/security/util/ArrayUtil
Event: 73.929 Loading class sun/security/util/ArrayUtil done
Event: 74.106 Loading class java/util/zip/GZIPInputStream$1
Event: 74.106 Loading class java/util/zip/GZIPInputStream$1 done
Event: 80.297 Loading class java/util/concurrent/ForkJoinTask$AdaptedCallable
Event: 80.297 Loading class java/util/concurrent/ForkJoinTask$AdaptedCallable done
Event: 80.297 Loading class java/util/concurrent/CountedCompleter
Event: 80.298 Loading class java/util/concurrent/CountedCompleter done
Event: 81.222 Loading class java/util/stream/ReduceOps$4
Event: 81.222 Loading class java/util/stream/ReduceOps$4 done
Event: 81.223 Loading class java/util/stream/ReduceOps$4ReducingSink
Event: 81.223 Loading class java/util/stream/ReduceOps$4ReducingSink done
Event: 81.226 Loading class java/nio/file/Files$2
Event: 81.226 Loading class java/nio/file/Files$2 done

Classes unloaded (14 events):
Event: 4.282 Thread 0x00000189b3a09990 Unloading class 0x000000010024a400 'java/lang/invoke/LambdaForm$MH+0x000000010024a400'
Event: 4.282 Thread 0x00000189b3a09990 Unloading class 0x000000010024a000 'java/lang/invoke/LambdaForm$MH+0x000000010024a000'
Event: 4.282 Thread 0x00000189b3a09990 Unloading class 0x0000000100249c00 'java/lang/invoke/LambdaForm$MH+0x0000000100249c00'
Event: 4.282 Thread 0x00000189b3a09990 Unloading class 0x0000000100249800 'java/lang/invoke/LambdaForm$MH+0x0000000100249800'
Event: 4.282 Thread 0x00000189b3a09990 Unloading class 0x0000000100249400 'java/lang/invoke/LambdaForm$BMH+0x0000000100249400'
Event: 4.282 Thread 0x00000189b3a09990 Unloading class 0x0000000100249000 'java/lang/invoke/LambdaForm$DMH+0x0000000100249000'
Event: 4.282 Thread 0x00000189b3a09990 Unloading class 0x0000000100244400 'java/lang/invoke/LambdaForm$DMH+0x0000000100244400'
Event: 14.755 Thread 0x00000189b3a09990 Unloading class 0x0000000100666400 'java/lang/invoke/LambdaForm$MH+0x0000000100666400'
Event: 14.755 Thread 0x00000189b3a09990 Unloading class 0x0000000100666000 'java/lang/invoke/LambdaForm$MH+0x0000000100666000'
Event: 14.755 Thread 0x00000189b3a09990 Unloading class 0x0000000100665800 'java/lang/invoke/LambdaForm$MH+0x0000000100665800'
Event: 14.755 Thread 0x00000189b3a09990 Unloading class 0x0000000100665c00 'java/lang/invoke/LambdaForm$MH+0x0000000100665c00'
Event: 14.755 Thread 0x00000189b3a09990 Unloading class 0x0000000100665000 'java/lang/invoke/LambdaForm$DMH+0x0000000100665000'
Event: 14.755 Thread 0x00000189b3a09990 Unloading class 0x0000000100664c00 'java/lang/invoke/LambdaForm$DMH+0x0000000100664c00'
Event: 14.755 Thread 0x00000189b3a09990 Unloading class 0x0000000100664800 'java/lang/invoke/LambdaForm$DMH+0x0000000100664800'

Classes redefined (0 events):
No events

Internal exceptions (20 events):
Event: 64.596 Thread 0x00000189d0fde950 Exception <a 'java/io/FileNotFoundException'{0x00000000eb2a4910}> (0x00000000eb2a4910) 
thrown [s\src\hotspot\share\prims\jni.cpp, line 516]
Event: 64.596 Thread 0x00000189d0fde950 Exception <a 'java/io/FileNotFoundException'{0x00000000eb2a58f0}> (0x00000000eb2a58f0) 
thrown [s\src\hotspot\share\prims\jni.cpp, line 516]
Event: 64.598 Thread 0x00000189d0fde950 Exception <a 'java/io/FileNotFoundException'{0x00000000eb2c8438}> (0x00000000eb2c8438) 
thrown [s\src\hotspot\share\prims\jni.cpp, line 516]
Event: 64.598 Thread 0x00000189d0fde950 Exception <a 'java/io/FileNotFoundException'{0x00000000eb2c97b0}> (0x00000000eb2c97b0) 
thrown [s\src\hotspot\share\prims\jni.cpp, line 516]
Event: 64.598 Thread 0x00000189d0fde950 Exception <a 'java/io/FileNotFoundException'{0x00000000eb2ca7b0}> (0x00000000eb2ca7b0) 
thrown [s\src\hotspot\share\prims\jni.cpp, line 516]
Event: 64.662 Thread 0x00000189d0fde950 Exception <a 'java/lang/NoSuchMethodError'{0x00000000eae72990}: 'java.lang.Object java.lang.invoke.DirectMethodHandle$Holder.invokeVirtual(java.lang.Object, java.lang.Object, java.lang.Object)'> (0x00000000eae72990) 
thrown [s\src\hotspot\share\interpreter\linkResolver.cpp, line 759]
Event: 64.803 Thread 0x00000189d0fde950 Exception <a 'java/lang/NoSuchMethodError'{0x00000000eb65e9b8}: 'java.lang.Object java.lang.invoke.DirectMethodHandle$Holder.newInvokeSpecial(java.lang.Object, java.lang.Object, int, java.lang.Object, java.lang.Object)'> (0x00000000eb65e9b8) 
thrown [s\src\hotspot\share\interpreter\linkResolver.cpp, line 759]
Event: 64.806 Thread 0x00000189d0fde950 Exception <a 'java/lang/NoSuchMethodError'{0x00000000eb677908}: 'java.lang.Object java.lang.invoke.DirectMethodHandle$Holder.invokeSpecial(java.lang.Object, java.lang.Object, java.lang.Object, int, java.lang.Object, java.lang.Object, java.lang.Object)'> (0x00000000eb677908) 
thrown [s\src\hotspot\share\interpreter\linkResolver.cpp, line 759]
Event: 64.807 Thread 0x00000189d0fde950 Exception <a 'java/lang/NoSuchMethodError'{0x00000000eb680648}: 'java.lang.Object java.lang.invoke.DirectMethodHandle$Holder.invokeStatic(java.lang.Object, java.lang.Object, int, java.lang.Object, java.lang.Object)'> (0x00000000eb680648) 
thrown [s\src\hotspot\share\interpreter\linkResolver.cpp, line 759]
Event: 64.822 Thread 0x00000189d0fde950 Exception <a 'java/lang/NoSuchMethodError'{0x00000000eb6f39d8}: 'void java.lang.invoke.DirectMethodHandle$Holder.invokeStatic(java.lang.Object, int)'> (0x00000000eb6f39d8) 
thrown [s\src\hotspot\share\interpreter\linkResolver.cpp, line 759]
Event: 64.916 Thread 0x00000189d0fde950 Exception <a 'java/io/FileNotFoundException'{0x00000000eab7b858}> (0x00000000eab7b858) 
thrown [s\src\hotspot\share\prims\jni.cpp, line 516]
Event: 64.916 Thread 0x00000189d0fde950 Exception <a 'java/io/FileNotFoundException'{0x00000000eab7cad8}> (0x00000000eab7cad8) 
thrown [s\src\hotspot\share\prims\jni.cpp, line 516]
Event: 64.916 Thread 0x00000189d0fde950 Exception <a 'java/io/FileNotFoundException'{0x00000000eab7dab0}> (0x00000000eab7dab0) 
thrown [s\src\hotspot\share\prims\jni.cpp, line 516]
Event: 71.619 Thread 0x00000189cece9b60 Exception <a 'java/lang/NoSuchMethodError'{0x00000000eb7d6fc8}: 'void java.lang.invoke.DirectMethodHandle$Holder.invokeStatic(java.lang.Object, long)'> (0x00000000eb7d6fc8) 
thrown [s\src\hotspot\share\interpreter\linkResolver.cpp, line 759]
Event: 71.620 Thread 0x00000189cece9b60 Exception <a 'java/lang/NoSuchMethodError'{0x00000000eb7dc8c0}: 'java.lang.Object java.lang.invoke.DirectMethodHandle$Holder.newInvokeSpecial(java.lang.Object, long)'> (0x00000000eb7dc8c0) 
thrown [s\src\hotspot\share\interpreter\linkResolver.cpp, line 759]
Event: 73.906 Thread 0x00000189d07837b0 Exception <a 'sun/nio/fs/WindowsException'{0x00000000eb0663c8}> (0x00000000eb0663c8) 
thrown [s\src\hotspot\share\prims\jni.cpp, line 516]
Event: 80.220 Thread 0x00000189d0fd74e0 Exception <a 'java/lang/NoSuchMethodError'{0x00000000ead98d68}: 'java.lang.Object java.lang.invoke.DirectMethodHandle$Holder.invokeStaticInit(java.lang.Object, java.lang.Object, java.lang.Object)'> (0x00000000ead98d68) 
thrown [s\src\hotspot\share\interpreter\linkResolver.cpp, line 759]
Event: 80.286 Thread 0x00000189d0fd74e0 Exception <a 'sun/nio/fs/WindowsException'{0x00000000eabd3ae0}> (0x00000000eabd3ae0) 
thrown [s\src\hotspot\share\prims\jni.cpp, line 516]
Event: 80.324 Thread 0x00000189d0fd74e0 Exception <a 'java/lang/IncompatibleClassChangeError'{0x00000000eaeca0e8}: Found class java.lang.Object, but interface was expected> (0x00000000eaeca0e8) 
thrown [s\src\hotspot\share\interpreter\linkResolver.cpp, line 826]
Event: 81.228 Thread 0x00000189d0fd74e0 Exception <a 'java/lang/NoSuchMethodError'{0x00000000eb4aff20}: 'int java.lang.invoke.DirectMethodHandle$Holder.invokeSpecialIFC(java.lang.Object, java.lang.Object, java.lang.Object)'> (0x00000000eb4aff20) 
thrown [s\src\hotspot\share\interpreter\linkResolver.cpp, line 759]

VM Operations (20 events):
Event: 80.960 Executing VM operation: ParallelGCFailedAllocation
Event: 80.962 Executing VM operation: ParallelGCFailedAllocation done
Event: 80.978 Executing VM operation: ParallelGCFailedAllocation
Event: 80.981 Executing VM operation: ParallelGCFailedAllocation done
Event: 81.002 Executing VM operation: ParallelGCFailedAllocation
Event: 81.005 Executing VM operation: ParallelGCFailedAllocation done
Event: 81.038 Executing VM operation: ParallelGCFailedAllocation
Event: 81.041 Executing VM operation: ParallelGCFailedAllocation done
Event: 81.056 Executing VM operation: ParallelGCFailedAllocation
Event: 81.059 Executing VM operation: ParallelGCFailedAllocation done
Event: 81.150 Executing VM operation: ParallelGCFailedAllocation
Event: 81.153 Executing VM operation: ParallelGCFailedAllocation done
Event: 81.177 Executing VM operation: HandshakeAllThreads
Event: 81.177 Executing VM operation: HandshakeAllThreads done
Event: 81.223 Executing VM operation: HandshakeAllThreads
Event: 81.223 Executing VM operation: HandshakeAllThreads done
Event: 81.344 Executing VM operation: ParallelGCFailedAllocation
Event: 81.348 Executing VM operation: ParallelGCFailedAllocation done
Event: 82.357 Executing VM operation: Cleanup
Event: 82.357 Executing VM operation: Cleanup done

Events (20 events):
Event: 72.326 Thread 0x00000189ceceafa0 Thread exited: 0x00000189ceceafa0
Event: 72.326 Thread 0x00000189ce861320 Thread exited: 0x00000189ce861320
Event: 72.326 Thread 0x00000189ce866e40 Thread exited: 0x00000189ce866e40
Event: 72.326 Thread 0x00000189ce864ad0 Thread exited: 0x00000189ce864ad0
Event: 72.326 Thread 0x00000189ce865a00 Thread exited: 0x00000189ce865a00
Event: 72.515 Thread 0x00000189ceceafa0 Thread added: 0x00000189ceceafa0
Event: 72.515 Thread 0x00000189d07832a0 Thread added: 0x00000189d07832a0
Event: 72.716 Thread 0x00000189d2cad5c0 Thread exited: 0x00000189d2cad5c0
Event: 72.716 Thread 0x00000189cda69380 Thread exited: 0x00000189cda69380
Event: 73.513 Thread 0x00000189d0fdac90 Thread exited: 0x00000189d0fdac90
Event: 73.821 Thread 0x00000189d07837b0 Thread added: 0x00000189d07837b0
Event: 74.108 Thread 0x00000189ceb3e590 Thread added: 0x00000189ceb3e590
Event: 74.435 Thread 0x00000189d07837b0 Thread exited: 0x00000189d07837b0
Event: 79.476 Thread 0x00000189ceb3e590 Thread exited: 0x00000189ceb3e590
Event: 80.298 Thread 0x00000189d07841d0 Thread added: 0x00000189d07841d0
Event: 80.320 Thread 0x00000189ccb76010 flushing nmethod 0x00000189b6868610
Event: 80.333 Thread 0x00000189ceb3c060 Thread added: 0x00000189ceb3c060
Event: 80.352 Thread 0x00000189ceb3daf0 Thread added: 0x00000189ceb3daf0
Event: 86.436 Thread 0x00000189ceb3daf0 Thread exited: 0x00000189ceb3daf0
Event: 89.409 Thread 0x00000189ceb3c060 Thread exited: 0x00000189ceb3c060


Dynamic libraries:
0x00007ff6a6470000 - 0x00007ff6a647e000 	c:\Users\Kiet\.vscode\extensions\redhat.java-1.35.1-win32-x64\jre\17.0.12-win32-x86_64\bin\java.exe
0x00007ff83d390000 - 0x00007ff83d5a7000 	C:\WINDOWS\SYSTEM32\ntdll.dll
0x00007ff83c350000 - 0x00007ff83c414000 	C:\WINDOWS\System32\KERNEL32.DLL
0x00007ff83a950000 - 0x00007ff83acfd000 	C:\WINDOWS\System32\KERNELBASE.dll
0x00007ff83afa0000 - 0x00007ff83b0b1000 	C:\WINDOWS\System32\ucrtbase.dll
0x00007ff828f40000 - 0x00007ff828f5b000 	c:\Users\Kiet\.vscode\extensions\redhat.java-1.35.1-win32-x64\jre\17.0.12-win32-x86_64\bin\VCRUNTIME140.dll
0x00007ff82d1e0000 - 0x00007ff82d1f7000 	c:\Users\Kiet\.vscode\extensions\redhat.java-1.35.1-win32-x64\jre\17.0.12-win32-x86_64\bin\jli.dll
0x00007ff83b140000 - 0x00007ff83b2ee000 	C:\WINDOWS\System32\USER32.dll
0x00007ff83ae20000 - 0x00007ff83ae46000 	C:\WINDOWS\System32\win32u.dll
0x00007ff824a90000 - 0x00007ff824d23000 	C:\WINDOWS\WinSxS\amd64_microsoft.windows.common-controls_6595b64144ccf1df_6.0.22621.3672_none_2713b9d173822955\COMCTL32.dll
0x00007ff83c250000 - 0x00007ff83c279000 	C:\WINDOWS\System32\GDI32.dll
0x00007ff83b390000 - 0x00007ff83b437000 	C:\WINDOWS\System32\msvcrt.dll
0x00007ff83ae80000 - 0x00007ff83af99000 	C:\WINDOWS\System32\gdi32full.dll
0x00007ff83ad80000 - 0x00007ff83ae1a000 	C:\WINDOWS\System32\msvcp_win.dll
0x00007ff83c2e0000 - 0x00007ff83c311000 	C:\WINDOWS\System32\IMM32.DLL
0x00007ff8369e0000 - 0x00007ff8369ec000 	c:\Users\Kiet\.vscode\extensions\redhat.java-1.35.1-win32-x64\jre\17.0.12-win32-x86_64\bin\vcruntime140_1.dll
0x00007ff81a060000 - 0x00007ff81a0ed000 	c:\Users\Kiet\.vscode\extensions\redhat.java-1.35.1-win32-x64\jre\17.0.12-win32-x86_64\bin\msvcp140.dll
0x00007ffff7750000 - 0x00007ffff83ba000 	c:\Users\Kiet\.vscode\extensions\redhat.java-1.35.1-win32-x64\jre\17.0.12-win32-x86_64\bin\server\jvm.dll
0x00007ff83bf20000 - 0x00007ff83bfd2000 	C:\WINDOWS\System32\ADVAPI32.dll
0x00007ff83c650000 - 0x00007ff83c6f9000 	C:\WINDOWS\System32\sechost.dll
0x00007ff83ae50000 - 0x00007ff83ae78000 	C:\WINDOWS\System32\bcrypt.dll
0x00007ff83c8c0000 - 0x00007ff83c9d4000 	C:\WINDOWS\System32\RPCRT4.dll
0x00007ff83b0c0000 - 0x00007ff83b131000 	C:\WINDOWS\System32\WS2_32.dll
0x00007ff83a580000 - 0x00007ff83a5cd000 	C:\WINDOWS\SYSTEM32\POWRPROF.dll
0x00007ff835e40000 - 0x00007ff835e74000 	C:\WINDOWS\SYSTEM32\WINMM.dll
0x00007ff836530000 - 0x00007ff83653a000 	C:\WINDOWS\SYSTEM32\VERSION.dll
0x00007ff83a560000 - 0x00007ff83a573000 	C:\WINDOWS\SYSTEM32\UMPDC.dll
0x00007ff8396a0000 - 0x00007ff8396b8000 	C:\WINDOWS\SYSTEM32\kernel.appcore.dll
0x00007ff8367f0000 - 0x00007ff8367fa000 	c:\Users\Kiet\.vscode\extensions\redhat.java-1.35.1-win32-x64\jre\17.0.12-win32-x86_64\bin\jimage.dll
0x00007ff837f50000 - 0x00007ff838182000 	C:\WINDOWS\SYSTEM32\DBGHELP.DLL
0x00007ff83ba90000 - 0x00007ff83be1e000 	C:\WINDOWS\System32\combase.dll
0x00007ff83bfe0000 - 0x00007ff83c0b7000 	C:\WINDOWS\System32\OLEAUT32.dll
0x00007ff828380000 - 0x00007ff8283b2000 	C:\WINDOWS\SYSTEM32\dbgcore.DLL
0x00007ff83ad00000 - 0x00007ff83ad7b000 	C:\WINDOWS\System32\bcryptPrimitives.dll
0x00007ff836240000 - 0x00007ff83624e000 	c:\Users\Kiet\.vscode\extensions\redhat.java-1.35.1-win32-x64\jre\17.0.12-win32-x86_64\bin\instrument.dll
0x00007ff8228a0000 - 0x00007ff8228c5000 	c:\Users\Kiet\.vscode\extensions\redhat.java-1.35.1-win32-x64\jre\17.0.12-win32-x86_64\bin\java.dll
0x00007ff822210000 - 0x00007ff822228000 	c:\Users\Kiet\.vscode\extensions\redhat.java-1.35.1-win32-x64\jre\17.0.12-win32-x86_64\bin\zip.dll
0x00007ff83cae0000 - 0x00007ff83d347000 	C:\WINDOWS\System32\SHELL32.dll
0x00007ff838630000 - 0x00007ff838f2f000 	C:\WINDOWS\SYSTEM32\windows.storage.dll
0x00007ff8384f0000 - 0x00007ff83862f000 	C:\WINDOWS\SYSTEM32\wintypes.dll
0x00007ff83be20000 - 0x00007ff83bf19000 	C:\WINDOWS\System32\SHCORE.dll
0x00007ff83c420000 - 0x00007ff83c47e000 	C:\WINDOWS\System32\shlwapi.dll
0x00007ff83a5e0000 - 0x00007ff83a607000 	C:\WINDOWS\SYSTEM32\profapi.dll
0x00007ff8221f0000 - 0x00007ff822209000 	C:\Users\Kiet\.vscode\extensions\redhat.java-1.35.1-win32-x64\jre\17.0.12-win32-x86_64\bin\net.dll
0x00007ff836620000 - 0x00007ff836756000 	C:\WINDOWS\SYSTEM32\WINHTTP.dll
0x00007ff839b70000 - 0x00007ff839bd9000 	C:\WINDOWS\system32\mswsock.dll
0x00007ff8221d0000 - 0x00007ff8221e6000 	C:\Users\Kiet\.vscode\extensions\redhat.java-1.35.1-win32-x64\jre\17.0.12-win32-x86_64\bin\nio.dll
0x00007ff833180000 - 0x00007ff833190000 	c:\Users\Kiet\.vscode\extensions\redhat.java-1.35.1-win32-x64\jre\17.0.12-win32-x86_64\bin\verify.dll
0x00007ff81bad0000 - 0x00007ff81bb15000 	C:\Users\Kiet\AppData\Roaming\Code\User\globalStorage\redhat.java\1.35.1\config_win\org.eclipse.equinox.launcher\org.eclipse.equinox.launcher.win32.win32.x86_64_1.2.1100.v20240722-2106\eclipse_11904.dll
0x00007ff83c4a0000 - 0x00007ff83c645000 	C:\WINDOWS\System32\ole32.dll
0x00007ff839dc0000 - 0x00007ff839ddb000 	C:\WINDOWS\SYSTEM32\CRYPTSP.dll
0x00007ff839660000 - 0x00007ff839695000 	C:\WINDOWS\system32\rsaenh.dll
0x00007ff839c60000 - 0x00007ff839c88000 	C:\WINDOWS\SYSTEM32\USERENV.dll
0x00007ff839de0000 - 0x00007ff839dec000 	C:\WINDOWS\SYSTEM32\CRYPTBASE.dll
0x00007ff839190000 - 0x00007ff8391bd000 	C:\WINDOWS\SYSTEM32\IPHLPAPI.DLL
0x00007ff83c320000 - 0x00007ff83c329000 	C:\WINDOWS\System32\NSI.dll
0x00007ff836510000 - 0x00007ff836529000 	C:\WINDOWS\SYSTEM32\dhcpcsvc6.DLL
0x00007ff836320000 - 0x00007ff83633f000 	C:\WINDOWS\SYSTEM32\dhcpcsvc.DLL
0x00007ff839200000 - 0x00007ff8392f8000 	C:\WINDOWS\SYSTEM32\DNSAPI.dll
0x00007ff817640000 - 0x00007ff817689000 	C:\Users\Kiet\AppData\Local\Temp\jna-2338477\jna9173347789153334871.dll
0x00007ff83c480000 - 0x00007ff83c488000 	C:\WINDOWS\System32\PSAPI.DLL

dbghelp: loaded successfully - version: 4.0.5 - missing functions: none
symbol engine: initialized successfully - sym options: 0x614 - pdb path: .;c:\Users\Kiet\.vscode\extensions\redhat.java-1.35.1-win32-x64\jre\17.0.12-win32-x86_64\bin;C:\WINDOWS\SYSTEM32;C:\WINDOWS\WinSxS\amd64_microsoft.windows.common-controls_6595b64144ccf1df_6.0.22621.3672_none_2713b9d173822955;c:\Users\Kiet\.vscode\extensions\redhat.java-1.35.1-win32-x64\jre\17.0.12-win32-x86_64\bin\server;C:\Users\Kiet\AppData\Roaming\Code\User\globalStorage\redhat.java\1.35.1\config_win\org.eclipse.equinox.launcher\org.eclipse.equinox.launcher.win32.win32.x86_64_1.2.1100.v20240722-2106;C:\Users\Kiet\AppData\Local\Temp\jna-2338477

VM Arguments:
jvm_args: --add-modules=ALL-SYSTEM --add-opens=java.base/java.util=ALL-UNNAMED --add-opens=java.base/java.lang=ALL-UNNAMED --add-opens=java.base/sun.nio.fs=ALL-UNNAMED -Declipse.application=org.eclipse.jdt.ls.core.id1 -Dosgi.bundles.defaultStartLevel=4 -Declipse.product=org.eclipse.jdt.ls.core.product -Djava.import.generatesMetadataFilesAtProjectRoot=false -DDetectVMInstallationsJob.disabled=true -Dfile.encoding=utf8 -XX:+UseParallelGC -XX:GCTimeRatio=4 -XX:AdaptiveSizePolicyWeight=90 -Dsun.zip.disableMemoryMapping=true -Xmx1G -Xms100m -Xlog:disable -javaagent:c:\Users\Kiet\.vscode\extensions\redhat.java-1.35.1-win32-x64\lombok\lombok-1.18.33.jar -XX:+HeapDumpOnOutOfMemoryError -XX:HeapDumpPath=c:\Users\Kiet\AppData\Roaming\Code\User\workspaceStorage\a71174b1d402feb6f45fdbc2b12219ee\redhat.java -Daether.dependencyCollector.impl=bf 
java_command: c:\Users\Kiet\.vscode\extensions\redhat.java-1.35.1-win32-x64\server\plugins\org.eclipse.equinox.launcher_1.6.900.v20240613-2009.jar -configuration c:\Users\Kiet\AppData\Roaming\Code\User\globalStorage\redhat.java\1.35.1\config_win -data c:\Users\Kiet\AppData\Roaming\Code\User\workspaceStorage\a71174b1d402feb6f45fdbc2b12219ee\redhat.java\jdt_ws --pipe=\\.\pipe\lsp-507c62f4382eaebeec496f9fb16f9381-sock
java_class_path (initial): c:\Users\Kiet\.vscode\extensions\redhat.java-1.35.1-win32-x64\server\plugins\org.eclipse.equinox.launcher_1.6.900.v20240613-2009.jar
Launcher Type: SUN_STANDARD

[Global flags]
    uintx AdaptiveSizePolicyWeight                 = 90                                        {product} {command line}
     intx CICompilerCount                          = 4                                         {product} {ergonomic}
    uintx GCTimeRatio                              = 4                                         {product} {command line}
     bool HeapDumpOnOutOfMemoryError               = true                                   {manageable} {command line}
    ccstr HeapDumpPath                             = c:\Users\Kiet\AppData\Roaming\Code\User\workspaceStorage\a71174b1d402feb6f45fdbc2b12219ee\redhat.java         {manageable} {command line}
   size_t InitialHeapSize                          = 104857600                                 {product} {command line}
   size_t MaxHeapSize                              = 1073741824                                {product} {command line}
   size_t MaxNewSize                               = 357564416                                 {product} {ergonomic}
   size_t MinHeapDeltaBytes                        = 524288                                    {product} {ergonomic}
   size_t MinHeapSize                              = 104857600                                 {product} {command line}
   size_t NewSize                                  = 34603008                                  {product} {ergonomic}
    uintx NonNMethodCodeHeapSize                   = 5839372                                {pd product} {ergonomic}
    uintx NonProfiledCodeHeapSize                  = 122909434                              {pd product} {ergonomic}
   size_t OldSize                                  = 70254592                                  {product} {ergonomic}
    uintx ProfiledCodeHeapSize                     = 122909434                              {pd product} {ergonomic}
    uintx ReservedCodeCacheSize                    = 251658240                              {pd product} {ergonomic}
     bool SegmentedCodeCache                       = true                                      {product} {ergonomic}
   size_t SoftMaxHeapSize                          = 1073741824                             {manageable} {ergonomic}
     bool UseCompressedClassPointers               = true                           {product lp64_product} {ergonomic}
     bool UseCompressedOops                        = true                           {product lp64_product} {ergonomic}
     bool UseLargePagesIndividualAllocation        = false                                  {pd product} {ergonomic}
     bool UseParallelGC                            = true                                      {product} {command line}

Logging:
Log output configuration:
 #0: stdout all=off uptime,level,tags
 #1: stderr all=off uptime,level,tags

Environment Variables:
JAVA_HOME=C:\Program Files\Java\jdk-22
PATH=C:\Program Files (x86)\Common Files\Oracle\Java\java8path;C:\Program Files (x86)\Common Files\Oracle\Java\javapath;C:\WINDOWS\system32;C:\WINDOWS;C:\WINDOWS\System32\Wbem;C:\WINDOWS\System32\WindowsPowerShell\v1.0\;C:\WINDOWS\System32\OpenSSH\;C:\Program Files\dotnet\;C:\Program Files\Java\jdk-11\bin;C:\Program Files (x86)\Microsoft SQL Server\160\Tools\Binn\;C:\Program Files\Microsoft SQL Server\160\Tools\Binn\;C:\Program Files\Microsoft SQL Server\Client SDK\ODBC\170\Tools\Binn\;C:\Program Files\Microsoft SQL Server\160\DTS\Binn\;C:\Program Files (x86)\Microsoft SQL Server\160\DTS\Binn\;C:\Program Files\Azure Data Studio\bin;C:\Program Files\apache-maven-3.9.6\bin;C:\Program Files\Git\cmd;C:\Program Files\Java\jdk-22\bin;C:\Users\Kiet\AppData\Local\Programs\Python\Python38;C:\Users\Kiet\AppData\Local\Programs\Python\Python38\Scripts;C:\Program Files\CMake\bin;C:\Program Files\PostgreSQL\17\bin;C:\Users\Kiet\anaconda3\Scripts;C:\Program Files\nodejs\;C:\Users\Kiet\AppData\Local\Microsoft\WindowsApps;C:\Users\Kiet\AppData\Local\Programs\Microsoft VS Code\bin;C:\Users\Kiet\.dotnet\tools;C:\Program Files\Azure Data Studio\bin;C:\Users\Kiet\AppData\Roaming\npm
USERNAME=Kiet
OS=Windows_NT
PROCESSOR_IDENTIFIER=Intel64 Family 6 Model 126 Stepping 5, GenuineIntel
TMP=C:\Users\Kiet\AppData\Local\Temp
TEMP=C:\Users\Kiet\AppData\Local\Temp



Periodic native trim disabled


---------------  S Y S T E M  ---------------

OS:
 Windows 11 , 64 bit Build 22621 (10.0.22621.3958)
OS uptime: 0 days 7:33 hours

CPU: total 8 (initial active 8) (4 cores per cpu, 2 threads per core) family 6 model 126 stepping 5 microcode 0xa6, cx8, cmov, fxsr, ht, mmx, 3dnowpref, sse, sse2, sse3, ssse3, sse4.1, sse4.2, popcnt, lzcnt, tsc, tscinvbit, avx, avx2, aes, erms, clmul, bmi1, bmi2, adx, avx512f, avx512dq, avx512cd, avx512bw, avx512vl, sha, fma, vzeroupper, avx512_vpopcntdq, avx512_vpclmulqdq, avx512_vaes, avx512_vnni, clflush, clflushopt, avx512_vbmi2, avx512_vbmi
Processor Information for all 8 processors :
  Max Mhz: 1190, Current Mhz: 991, Mhz Limit: 987

Memory: 4k page, system-wide physical 7987M (529M free)
TotalPageFile size 10035M (AvailPageFile size 65M)
current process WorkingSet (physical memory assigned to process): 291M, peak: 336M
current process commit charge ("private bytes"): 362M, peak: 399M

vm_info: OpenJDK 64-Bit Server VM (17.0.12+7) for windows-amd64 JRE (17.0.12+7), built on Jul 16 2024 22:08:24 by "admin" with MS VC++ 16.10 / 16.11 (VS2019)

END.
