#
# There is insufficient memory for the Java Runtime Environment to continue.
# Native memory allocation (malloc) failed to allocate 1363312 bytes. Error detail: Chunk::new
# Possible reasons:
#   The system is out of physical RAM or swap space
#   This process is running with CompressedOops enabled, and the Java Heap may be blocking the growth of the native heap
# Possible solutions:
#   Reduce memory load on the system
#   Increase physical memory or swap space
#   Check if swap backing store is full
#   Decrease Java heap size (-Xmx/-Xms)
#   Decrease number of Java threads
#   Decrease Java thread stack sizes (-Xss)
#   Set larger code cache with -XX:ReservedCodeCacheSize=
#   JVM is running with Unscaled Compressed Oops mode in which the Java heap is
#     placed in the first 4GB address space. The Java Heap base address is the
#     maximum limit for the native heap growth. Please use -XX:HeapBaseMinAddress
#     to set the Java Heap base and to place the Java Heap above 4GB virtual address.
# This output file may be truncated or incomplete.
#
#  Out of Memory Error (arena.cpp:150), pid=19952, tid=7152
#
# JRE version: Java(TM) SE Runtime Environment (22.0.2+9) (build 22.0.2+9-70)
# Java VM: Java HotSpot(TM) 64-Bit Server VM (22.0.2+9-70, mixed mode, sharing, tiered, compressed oops, compressed class ptrs, parallel gc, windows-amd64)
# No core dump will be written. Minidumps are not enabled by default on client versions of Windows
#

---------------  S U M M A R Y ------------

Command Line: --add-modules=ALL-SYSTEM --add-opens=java.base/java.util=ALL-UNNAMED --add-opens=java.base/java.lang=ALL-UNNAMED --add-opens=java.base/sun.nio.fs=ALL-UNNAMED -Declipse.application=org.eclipse.jdt.ls.core.id1 -Dosgi.bundles.defaultStartLevel=4 -Declipse.product=org.eclipse.jdt.ls.core.product -Djava.import.generatesMetadataFilesAtProjectRoot=false -DDetectVMInstallationsJob.disabled=true -Dfile.encoding=utf8 -XX:+UseParallelGC -XX:GCTimeRatio=4 -XX:AdaptiveSizePolicyWeight=90 -Dsun.zip.disableMemoryMapping=true -Xmx1G -Xms100m -Xlog:disable -javaagent:c:\Users\Kiet\.vscode\extensions\redhat.java-1.36.0\lombok\lombok-1.18.35.jar -XX:+HeapDumpOnOutOfMemoryError -XX:HeapDumpPath=c:\Users\Kiet\AppData\Roaming\Code\User\workspaceStorage\bacffae7d29c3e7f06ec343f93caa3f1\redhat.java -Daether.dependencyCollector.impl=bf c:\Users\Kiet\.vscode\extensions\redhat.java-1.36.0\server\plugins\org.eclipse.equinox.launcher_1.6.900.v20240613-2009.jar -configuration c:\Users\Kiet\AppData\Roaming\Code\User\globalStorage\redhat.java\1.36.0\config_win -data c:\Users\Kiet\AppData\Roaming\Code\User\workspaceStorage\bacffae7d29c3e7f06ec343f93caa3f1\redhat.java\jdt_ws --pipe=\\.\pipe\lsp-252d1e95ea3570e324ee848d4f744300-sock

Host: Intel(R) Core(TM) i5-1035G1 CPU @ 1.00GHz, 8 cores, 7G,  Windows 11 , 64 bit Build 22621 (10.0.22621.3958)
Time: Sat Nov  2 17:45:27 2024 SE Asia Standard Time elapsed time: 7.435495 seconds (0d 0h 0m 7s)

---------------  T H R E A D  ---------------

Current thread (0x00000248c8113c40):  JavaThread "C2 CompilerThread1" daemon [_thread_in_native, id=7152, stack(0x000000dc90f00000,0x000000dc91000000) (1024K)]


Current CompileTask:
C2:7435 5463   !   4       org.eclipse.osgi.internal.loader.BundleLoader::findRequiredSource (283 bytes)

Stack: [0x000000dc90f00000,0x000000dc91000000]
Native frames: (J=compiled Java code, j=interpreted, Vv=VM code, C=native code)
V  [jvm.dll+0x6e26e9]  (no source info available)
V  [jvm.dll+0x875753]  (no source info available)
V  [jvm.dll+0x877b7e]  (no source info available)
V  [jvm.dll+0x878253]  (no source info available)
V  [jvm.dll+0x27fc86]  (no source info available)
V  [jvm.dll+0xc3d0f]  (no source info available)
V  [jvm.dll+0xc3f6b]  (no source info available)
V  [jvm.dll+0x3bb47c]  (no source info available)
V  [jvm.dll+0x1df4ac]  (no source info available)
V  [jvm.dll+0x24793c]  (no source info available)
V  [jvm.dll+0x246e9f]  (no source info available)
V  [jvm.dll+0x1c4e80]  (no source info available)
V  [jvm.dll+0x2568f3]  (no source info available)
V  [jvm.dll+0x254baa]  (no source info available)
V  [jvm.dll+0x3f57a6]  (no source info available)
V  [jvm.dll+0x81dc0b]  (no source info available)
V  [jvm.dll+0x6e0d85]  (no source info available)
C  [ucrtbase.dll+0x29333]  (no source info available)
C  [KERNEL32.DLL+0x1257d]  (no source info available)
C  [ntdll.dll+0x5af08]  (no source info available)


---------------  P R O C E S S  ---------------

Threads class SMR info:
_java_thread_list=0x00000248c99ae810, length=46, elements={
0x00000248d71afce0, 0x00000248d726e5e0, 0x00000248c11c9640, 0x00000248c11cd580,
0x00000248c11ce590, 0x00000248c11d2ca0, 0x00000248c11d9920, 0x00000248c11dbdb0,
0x00000248c11dd800, 0x00000248d721ea80, 0x00000248c72d25e0, 0x00000248c7ba9e80,
0x00000248c796c210, 0x00000248c794d950, 0x00000248c7bec340, 0x00000248c828c170,
0x00000248c817ec60, 0x00000248c817f2f0, 0x00000248c8113c40, 0x00000248c8180010,
0x00000248c817d220, 0x00000248c817f980, 0x00000248c817cb90, 0x00000248c817d8b0,
0x00000248c838e890, 0x00000248c817df40, 0x00000248c817e5d0, 0x00000248c9712170,
0x00000248c970d2b0, 0x00000248c9710dc0, 0x00000248c970b870, 0x00000248c9712800,
0x00000248c9712e90, 0x00000248c9710730, 0x00000248c970bf00, 0x00000248c9711450,
0x00000248c970c590, 0x00000248c970cc20, 0x00000248c9711ae0, 0x00000248c970d940,
0x00000248c970dfd0, 0x00000248c970e660, 0x00000248c970ecf0, 0x00000248c970f380,
0x00000248c970fa10, 0x00000248c97100a0
}

Java Threads: ( => current thread )
  0x00000248d71afce0 JavaThread "main"                              [_thread_blocked, id=10340, stack(0x000000dc8f300000,0x000000dc8f400000) (1024K)]
  0x00000248d726e5e0 JavaThread "Reference Handler"          daemon [_thread_blocked, id=14408, stack(0x000000dc8f700000,0x000000dc8f800000) (1024K)]
  0x00000248c11c9640 JavaThread "Finalizer"                  daemon [_thread_blocked, id=20748, stack(0x000000dc8f800000,0x000000dc8f900000) (1024K)]
  0x00000248c11cd580 JavaThread "Signal Dispatcher"          daemon [_thread_blocked, id=16660, stack(0x000000dc8f900000,0x000000dc8fa00000) (1024K)]
  0x00000248c11ce590 JavaThread "Attach Listener"            daemon [_thread_blocked, id=12860, stack(0x000000dc8fa00000,0x000000dc8fb00000) (1024K)]
  0x00000248c11d2ca0 JavaThread "Service Thread"             daemon [_thread_blocked, id=16204, stack(0x000000dc8fb00000,0x000000dc8fc00000) (1024K)]
  0x00000248c11d9920 JavaThread "Monitor Deflation Thread"   daemon [_thread_blocked, id=20360, stack(0x000000dc8fc00000,0x000000dc8fd00000) (1024K)]
  0x00000248c11dbdb0 JavaThread "C2 CompilerThread0"         daemon [_thread_in_native, id=19824, stack(0x000000dc8fd00000,0x000000dc8fe00000) (1024K)]
  0x00000248c11dd800 JavaThread "C1 CompilerThread0"         daemon [_thread_blocked, id=14200, stack(0x000000dc8fe00000,0x000000dc8ff00000) (1024K)]
  0x00000248d721ea80 JavaThread "Common-Cleaner"             daemon [_thread_blocked, id=11016, stack(0x000000dc8ff00000,0x000000dc90000000) (1024K)]
  0x00000248c72d25e0 JavaThread "Notification Thread"        daemon [_thread_blocked, id=17008, stack(0x000000dc90000000,0x000000dc90100000) (1024K)]
  0x00000248c7ba9e80 JavaThread "Active Thread: Equinox Container: dc0fe41f-4fc0-400e-80ff-938a92276b6d"        [_thread_blocked, id=14256, stack(0x000000dc90900000,0x000000dc90a00000) (1024K)]
  0x00000248c796c210 JavaThread "Refresh Thread: Equinox Container: dc0fe41f-4fc0-400e-80ff-938a92276b6d" daemon [_thread_blocked, id=4708, stack(0x000000dc90a00000,0x000000dc90b00000) (1024K)]
  0x00000248c794d950 JavaThread "Framework Event Dispatcher: Equinox Container: dc0fe41f-4fc0-400e-80ff-938a92276b6d" daemon [_thread_blocked, id=11824, stack(0x000000dc90c00000,0x000000dc90d00000) (1024K)]
  0x00000248c7bec340 JavaThread "Start Level: Equinox Container: dc0fe41f-4fc0-400e-80ff-938a92276b6d" daemon [_thread_blocked, id=17388, stack(0x000000dc90d00000,0x000000dc90e00000) (1024K)]
  0x00000248c828c170 JavaThread "Bundle File Closer"         daemon [_thread_blocked, id=12204, stack(0x000000dc90e00000,0x000000dc90f00000) (1024K)]
  0x00000248c817ec60 JavaThread "SCR Component Actor"        daemon [_thread_blocked, id=16332, stack(0x000000dc90800000,0x000000dc90900000) (1024K)]
  0x00000248c817f2f0 JavaThread "SCR Component Registry"     daemon [_thread_blocked, id=12728, stack(0x000000dc90700000,0x000000dc90800000) (1024K)]
=>0x00000248c8113c40 JavaThread "C2 CompilerThread1"         daemon [_thread_in_native, id=7152, stack(0x000000dc90f00000,0x000000dc91000000) (1024K)]
  0x00000248c8180010 JavaThread "Worker-JM"                         [_thread_blocked, id=21056, stack(0x000000dc91000000,0x000000dc91100000) (1024K)]
  0x00000248c817d220 JavaThread "JNA Cleaner"                daemon [_thread_blocked, id=7344, stack(0x000000dc91100000,0x000000dc91200000) (1024K)]
  0x00000248c817f980 JavaThread "Worker-0: Repository registry initialization"        [_thread_in_vm, id=8420, stack(0x000000dc91200000,0x000000dc91300000) (1024K)]
  0x00000248c817cb90 JavaThread "Worker-1"                          [_thread_blocked, id=20700, stack(0x000000dc91300000,0x000000dc91400000) (1024K)]
  0x00000248c817d8b0 JavaThread "Java indexing"              daemon [_thread_blocked, id=6512, stack(0x000000dc91400000,0x000000dc91500000) (1024K)]
  0x00000248c838e890 JavaThread "C2 CompilerThread2"         daemon [_thread_blocked, id=11124, stack(0x000000dc91500000,0x000000dc91600000) (1024K)]
  0x00000248c817df40 JavaThread "Thread-2"                   daemon [_thread_in_native, id=18528, stack(0x000000dc91600000,0x000000dc91700000) (1024K)]
  0x00000248c817e5d0 JavaThread "Thread-3"                   daemon [_thread_in_native, id=17112, stack(0x000000dc91700000,0x000000dc91800000) (1024K)]
  0x00000248c9712170 JavaThread "Thread-4"                   daemon [_thread_in_native, id=20796, stack(0x000000dc91800000,0x000000dc91900000) (1024K)]
  0x00000248c970d2b0 JavaThread "Thread-5"                   daemon [_thread_in_native, id=8524, stack(0x000000dc91900000,0x000000dc91a00000) (1024K)]
  0x00000248c9710dc0 JavaThread "Thread-6"                   daemon [_thread_in_native, id=12788, stack(0x000000dc91a00000,0x000000dc91b00000) (1024K)]
  0x00000248c970b870 JavaThread "Thread-7"                   daemon [_thread_in_native, id=10708, stack(0x000000dc91b00000,0x000000dc91c00000) (1024K)]
  0x00000248c9712800 JavaThread "Thread-8"                   daemon [_thread_in_native, id=8992, stack(0x000000dc91c00000,0x000000dc91d00000) (1024K)]
  0x00000248c9712e90 JavaThread "Thread-9"                   daemon [_thread_in_native, id=12864, stack(0x000000dc91d00000,0x000000dc91e00000) (1024K)]
  0x00000248c9710730 JavaThread "Thread-10"                  daemon [_thread_in_native, id=16312, stack(0x000000dc91e00000,0x000000dc91f00000) (1024K)]
  0x00000248c970bf00 JavaThread "Worker-2"                          [_thread_blocked, id=2852, stack(0x000000dc91f00000,0x000000dc92000000) (1024K)]
  0x00000248c9711450 JavaThread "pool-2-thread-1"                   [_thread_blocked, id=9012, stack(0x000000dc92000000,0x000000dc92100000) (1024K)]
  0x00000248c970c590 JavaThread "WorkspaceEventsHandler"            [_thread_blocked, id=14060, stack(0x000000dc92100000,0x000000dc92200000) (1024K)]
  0x00000248c970cc20 JavaThread "pool-1-thread-1"                   [_thread_blocked, id=12732, stack(0x000000dc92200000,0x000000dc92300000) (1024K)]
  0x00000248c9711ae0 JavaThread "Worker-3"                          [_thread_blocked, id=18640, stack(0x000000dc92300000,0x000000dc92400000) (1024K)]
  0x00000248c970d940 JavaThread "ForkJoinPool.commonPool-worker-1" daemon [_thread_blocked, id=15264, stack(0x000000dc92400000,0x000000dc92500000) (1024K)]
  0x00000248c970dfd0 JavaThread "ForkJoinPool.commonPool-worker-2" daemon [_thread_blocked, id=7232, stack(0x000000dc92500000,0x000000dc92600000) (1024K)]
  0x00000248c970e660 JavaThread "ForkJoinPool.commonPool-worker-3" daemon [_thread_blocked, id=15828, stack(0x000000dc92600000,0x000000dc92700000) (1024K)]
  0x00000248c970ecf0 JavaThread "ForkJoinPool.commonPool-worker-4" daemon [_thread_blocked, id=2384, stack(0x000000dc92700000,0x000000dc92800000) (1024K)]
  0x00000248c970f380 JavaThread "ForkJoinPool.commonPool-worker-5" daemon [_thread_blocked, id=692, stack(0x000000dc92800000,0x000000dc92900000) (1024K)]
  0x00000248c970fa10 JavaThread "ForkJoinPool.commonPool-worker-6" daemon [_thread_blocked, id=7572, stack(0x000000dc92900000,0x000000dc92a00000) (1024K)]
  0x00000248c97100a0 JavaThread "ForkJoinPool.commonPool-worker-7" daemon [_thread_blocked, id=1608, stack(0x000000dc92a00000,0x000000dc92b00000) (1024K)]
Total: 46

Other Threads:
  0x00000248d7254900 VMThread "VM Thread"                           [id=368, stack(0x000000dc8f600000,0x000000dc8f700000) (1024K)]
  0x00000248d721d9e0 WatcherThread "VM Periodic Task Thread"        [id=6448, stack(0x000000dc8f500000,0x000000dc8f600000) (1024K)]
  0x00000248d71ce340 WorkerThread "GC Thread#0"                     [id=9876, stack(0x000000dc8f400000,0x000000dc8f500000) (1024K)]
  0x00000248c7707000 WorkerThread "GC Thread#1"                     [id=10752, stack(0x000000dc90100000,0x000000dc90200000) (1024K)]
  0x00000248c733bac0 WorkerThread "GC Thread#2"                     [id=13372, stack(0x000000dc90200000,0x000000dc90300000) (1024K)]
  0x00000248c733be70 WorkerThread "GC Thread#3"                     [id=18592, stack(0x000000dc90300000,0x000000dc90400000) (1024K)]
  0x00000248c733c220 WorkerThread "GC Thread#4"                     [id=11316, stack(0x000000dc90400000,0x000000dc90500000) (1024K)]
  0x00000248c733c9d0 WorkerThread "GC Thread#5"                     [id=8588, stack(0x000000dc90500000,0x000000dc90600000) (1024K)]
  0x00000248c7d4c280 WorkerThread "GC Thread#6"                     [id=3404, stack(0x000000dc90600000,0x000000dc90700000) (1024K)]
  0x00000248c7db8d60 WorkerThread "GC Thread#7"                     [id=16832, stack(0x000000dc90b00000,0x000000dc90c00000) (1024K)]
Total: 10

Threads with active compile tasks:
C2 CompilerThread0  7501 5785       4       java.lang.invoke.MethodType::makeImpl (109 bytes)
C2 CompilerThread1  7501 5463   !   4       org.eclipse.osgi.internal.loader.BundleLoader::findRequiredSource (283 bytes)
Total: 2

VM state: not at safepoint (normal execution)

VM Mutex/Monitor currently owned by a thread:  ([mutex/lock_event])
[0x00007ffd75d1ab00] Metaspace_lock - owner thread: 0x00000248c817f980

Heap address: 0x00000000c0000000, size: 1024 MB, Compressed Oops mode: 32-bit

CDS archive(s) mapped at: [0x0000024880000000-0x0000024880c60000-0x0000024880c60000), size 12976128, SharedBaseAddress: 0x0000024880000000, ArchiveRelocationMode: 1.
Compressed class space mapped at: 0x0000024881000000-0x00000248c1000000, reserved size: 1073741824
Narrow klass base: 0x0000024880000000, Narrow klass shift: 0, Narrow klass range: 0x41000000

GC Precious Log:
 CardTable entry size: 512
 CPUs: 8 total, 8 available
 Memory: 7987M
 Large Page Support: Disabled
 NUMA Support: Disabled
 Compressed Oops: Enabled (32-bit)
 Alignments: Space 512K, Generation 512K, Heap 2M
 Heap Min Capacity: 100M
 Heap Initial Capacity: 100M
 Heap Max Capacity: 1G
 Pre-touch: Disabled
 Parallel Workers: 8

Heap:
 PSYoungGen      total 14336K, used 12947K [0x00000000eab00000, 0x00000000ec180000, 0x0000000100000000)
  eden space 13312K, 91% used [0x00000000eab00000,0x00000000eb6dcef8,0x00000000eb800000)
  from space 1024K, 78% used [0x00000000ec080000,0x00000000ec148000,0x00000000ec180000)
  to   space 1024K, 0% used [0x00000000ebf80000,0x00000000ebf80000,0x00000000ec080000)
 ParOldGen       total 68608K, used 31519K [0x00000000c0000000, 0x00000000c4300000, 0x00000000eab00000)
  object space 68608K, 45% used [0x00000000c0000000,0x00000000c1ec7f98,0x00000000c4300000)
 Metaspace       used 42156K, committed 43328K, reserved 1114112K
  class space    used 4555K, committed 5056K, reserved 1048576K

Card table byte_map: [0x00000248efec0000,0x00000248f00d0000] _byte_map_base: 0x00000248ef8c0000

Marking Bits: (ParMarkBitMap*) 0x00007ffd75d21a90
 Begin Bits: [0x00000248f0230000, 0x00000248f1230000)
 End Bits:   [0x00000248f1230000, 0x00000248f2230000)

Polling page: 0x00000248d7270000

Metaspace:

Usage:
  Non-class:     36.72 MB used.
      Class:      4.45 MB used.
       Both:     41.17 MB used.

Virtual space:
  Non-class space:       64.00 MB reserved,      37.38 MB ( 58%) committed,  1 nodes.
      Class space:        1.00 GB reserved,       4.94 MB ( <1%) committed,  1 nodes.
             Both:        1.06 GB reserved,      42.31 MB (  4%) committed. 

Chunk freelists:
   Non-Class:  10.61 MB
       Class:  11.06 MB
        Both:  21.67 MB

MaxMetaspaceSize: unlimited
CompressedClassSpaceSize: 1.00 GB
Initial GC threshold: 21.00 MB
Current GC threshold: 58.38 MB
CDS: on
 - commit_granule_bytes: 65536.
 - commit_granule_words: 8192.
 - virtual_space_node_default_size: 8388608.
 - enlarge_chunks_in_place: 1.
 - use_allocation_guard: 0.


Internal statistics:

num_allocs_failed_limit: 6.
num_arena_births: 836.
num_arena_deaths: 14.
num_vsnodes_births: 2.
num_vsnodes_deaths: 0.
num_space_committed: 677.
num_space_uncommitted: 0.
num_chunks_returned_to_freelist: 20.
num_chunks_taken_from_freelist: 2636.
num_chunk_merges: 12.
num_chunk_splits: 1686.
num_chunks_enlarged: 1006.
num_inconsistent_stats: 0.

CodeHeap 'non-profiled nmethods': size=120000Kb used=2657Kb max_used=2657Kb free=117342Kb
 bounds [0x00000248e87b0000, 0x00000248e8a50000, 0x00000248efce0000]
CodeHeap 'profiled nmethods': size=120000Kb used=10840Kb max_used=10840Kb free=109160Kb
 bounds [0x00000248e0ce0000, 0x00000248e1780000, 0x00000248e8210000]
CodeHeap 'non-nmethods': size=5760Kb used=1372Kb max_used=1449Kb free=4387Kb
 bounds [0x00000248e8210000, 0x00000248e8480000, 0x00000248e87b0000]
 total_blobs=5965 nmethods=5309 adapters=562
 compilation: enabled
              stopped_count=0, restarted_count=0
 full_count=0

Compilation events (20 events):
Event: 7.430 Thread 0x00000248c11dd800 nmethod 5875 0x00000248e892e890 code [0x00000248e892ea20, 0x00000248e892eb00]
Event: 7.430 Thread 0x00000248c11dd800 5876       1       com.google.common.collect.AbstractMapBasedMultimap::access$000 (5 bytes)
Event: 7.430 Thread 0x00000248c11dd800 nmethod 5876 0x00000248e892e590 code [0x00000248e892e720, 0x00000248e892e7d0]
Event: 7.431 Thread 0x00000248c11dd800 5877       3       com.google.common.collect.LinkedHashMultimap$ValueSet::mask (8 bytes)
Event: 7.431 Thread 0x00000248c11dd800 nmethod 5877 0x00000248e1764110 code [0x00000248e17642a0, 0x00000248e17643b8]
Event: 7.431 Thread 0x00000248c11dd800 5878       3       com.google.common.collect.AbstractSetMultimap::wrapCollection (14 bytes)
Event: 7.431 Thread 0x00000248c11dd800 nmethod 5878 0x00000248e1764490 code [0x00000248e1764640, 0x00000248e17648e8]
Event: 7.431 Thread 0x00000248c11dd800 5879       3       com.google.common.collect.AbstractMapBasedMultimap$WrappedSet::<init> (14 bytes)
Event: 7.431 Thread 0x00000248c11dd800 nmethod 5879 0x00000248e1764a10 code [0x00000248e1764bc0, 0x00000248e1764d20]
Event: 7.431 Thread 0x00000248c11dd800 5880       3       com.google.common.base.Objects::equal (23 bytes)
Event: 7.431 Thread 0x00000248c11dd800 nmethod 5880 0x00000248e1764e10 code [0x00000248e1764fc0, 0x00000248e1765228]
Event: 7.432 Thread 0x00000248c11dd800 5881       3       java.lang.Integer::highestOneBit (10 bytes)
Event: 7.432 Thread 0x00000248c11dd800 nmethod 5881 0x00000248e1765310 code [0x00000248e17654c0, 0x00000248e17655e8]
Event: 7.432 Thread 0x00000248c11dd800 5882       1       com.google.common.collect.LinkedHashMultimap$ValueEntry::setSuccessorInValueSet (6 bytes)
Event: 7.432 Thread 0x00000248c11dd800 nmethod 5882 0x00000248e892e290 code [0x00000248e892e420, 0x00000248e892e500]
Event: 7.432 Thread 0x00000248c11dd800 5885       3       com.google.common.collect.AbstractMapBasedMultimap$WrappedCollection::refreshIfEmpty (78 bytes)
Event: 7.433 Thread 0x00000248c11dd800 nmethod 5885 0x00000248e1765690 code [0x00000248e1765880, 0x00000248e1765f70]
Event: 7.433 Thread 0x00000248c11dd800 5887       3       com.google.common.collect.LinkedHashMultimap::succeedsInMultimap (11 bytes)
Event: 7.433 Thread 0x00000248c11dd800 nmethod 5887 0x00000248e1766190 code [0x00000248e1766320, 0x00000248e1766478]
Event: 7.433 Thread 0x00000248c11dd800 5888       3       com.google.inject.internal.CycleDetectingLock$CycleDetectingLockFactory$ReentrantCycleDetectingLock::checkState (121 bytes)

GC Heap History (20 events):
Event: 5.421 GC heap before
{Heap before GC invocations=11 (full 1):
 PSYoungGen      total 25600K, used 25453K [0x00000000eab00000, 0x00000000ec880000, 0x0000000100000000)
  eden space 23552K, 100% used [0x00000000eab00000,0x00000000ec200000,0x00000000ec200000)
  from space 2048K, 92% used [0x00000000ec480000,0x00000000ec65b668,0x00000000ec680000)
  to   space 2048K, 0% used [0x00000000ec680000,0x00000000ec680000,0x00000000ec880000)
 ParOldGen       total 68608K, used 13707K [0x00000000c0000000, 0x00000000c4300000, 0x00000000eab00000)
  object space 68608K, 19% used [0x00000000c0000000,0x00000000c0d62cc0,0x00000000c4300000)
 Metaspace       used 28229K, committed 29120K, reserved 1114112K
  class space    used 2728K, committed 3072K, reserved 1048576K
}
Event: 5.423 GC heap after
{Heap after GC invocations=11 (full 1):
 PSYoungGen      total 25088K, used 1678K [0x00000000eab00000, 0x00000000ec880000, 0x0000000100000000)
  eden space 23040K, 0% used [0x00000000eab00000,0x00000000eab00000,0x00000000ec180000)
  from space 2048K, 81% used [0x00000000ec680000,0x00000000ec8239e0,0x00000000ec880000)
  to   space 2048K, 0% used [0x00000000ec480000,0x00000000ec480000,0x00000000ec680000)
 ParOldGen       total 68608K, used 15179K [0x00000000c0000000, 0x00000000c4300000, 0x00000000eab00000)
  object space 68608K, 22% used [0x00000000c0000000,0x00000000c0ed2f28,0x00000000c4300000)
 Metaspace       used 28229K, committed 29120K, reserved 1114112K
  class space    used 2728K, committed 3072K, reserved 1048576K
}
Event: 5.714 GC heap before
{Heap before GC invocations=12 (full 1):
 PSYoungGen      total 25088K, used 24718K [0x00000000eab00000, 0x00000000ec880000, 0x0000000100000000)
  eden space 23040K, 100% used [0x00000000eab00000,0x00000000ec180000,0x00000000ec180000)
  from space 2048K, 81% used [0x00000000ec680000,0x00000000ec8239e0,0x00000000ec880000)
  to   space 2048K, 0% used [0x00000000ec480000,0x00000000ec480000,0x00000000ec680000)
 ParOldGen       total 68608K, used 15179K [0x00000000c0000000, 0x00000000c4300000, 0x00000000eab00000)
  object space 68608K, 22% used [0x00000000c0000000,0x00000000c0ed2f28,0x00000000c4300000)
 Metaspace       used 31257K, committed 32320K, reserved 1114112K
  class space    used 3096K, committed 3584K, reserved 1048576K
}
Event: 5.716 GC heap after
{Heap after GC invocations=12 (full 1):
 PSYoungGen      total 24064K, used 1509K [0x00000000eab00000, 0x00000000ec700000, 0x0000000100000000)
  eden space 22528K, 0% used [0x00000000eab00000,0x00000000eab00000,0x00000000ec100000)
  from space 1536K, 98% used [0x00000000ec480000,0x00000000ec5f9618,0x00000000ec600000)
  to   space 1024K, 0% used [0x00000000ec600000,0x00000000ec600000,0x00000000ec700000)
 ParOldGen       total 68608K, used 16676K [0x00000000c0000000, 0x00000000c4300000, 0x00000000eab00000)
  object space 68608K, 24% used [0x00000000c0000000,0x00000000c1049240,0x00000000c4300000)
 Metaspace       used 31257K, committed 32320K, reserved 1114112K
  class space    used 3096K, committed 3584K, reserved 1048576K
}
Event: 5.891 GC heap before
{Heap before GC invocations=13 (full 1):
 PSYoungGen      total 24064K, used 24032K [0x00000000eab00000, 0x00000000ec700000, 0x0000000100000000)
  eden space 22528K, 99% used [0x00000000eab00000,0x00000000ec0fea90,0x00000000ec100000)
  from space 1536K, 98% used [0x00000000ec480000,0x00000000ec5f9618,0x00000000ec600000)
  to   space 1024K, 0% used [0x00000000ec600000,0x00000000ec600000,0x00000000ec700000)
 ParOldGen       total 68608K, used 16676K [0x00000000c0000000, 0x00000000c4300000, 0x00000000eab00000)
  object space 68608K, 24% used [0x00000000c0000000,0x00000000c1049240,0x00000000c4300000)
 Metaspace       used 34019K, committed 35200K, reserved 1114112K
  class space    used 3430K, committed 3904K, reserved 1048576K
}
Event: 5.894 GC heap after
{Heap after GC invocations=13 (full 1):
 PSYoungGen      total 23040K, used 1024K [0x00000000eab00000, 0x00000000ec700000, 0x0000000100000000)
  eden space 22016K, 0% used [0x00000000eab00000,0x00000000eab00000,0x00000000ec080000)
  from space 1024K, 100% used [0x00000000ec600000,0x00000000ec700000,0x00000000ec700000)
  to   space 3072K, 0% used [0x00000000ec100000,0x00000000ec100000,0x00000000ec400000)
 ParOldGen       total 68608K, used 18233K [0x00000000c0000000, 0x00000000c4300000, 0x00000000eab00000)
  object space 68608K, 26% used [0x00000000c0000000,0x00000000c11ce540,0x00000000c4300000)
 Metaspace       used 34019K, committed 35200K, reserved 1114112K
  class space    used 3430K, committed 3904K, reserved 1048576K
}
Event: 5.988 GC heap before
{Heap before GC invocations=14 (full 1):
 PSYoungGen      total 23040K, used 7052K [0x00000000eab00000, 0x00000000ec700000, 0x0000000100000000)
  eden space 22016K, 27% used [0x00000000eab00000,0x00000000eb0e32d0,0x00000000ec080000)
  from space 1024K, 100% used [0x00000000ec600000,0x00000000ec700000,0x00000000ec700000)
  to   space 3072K, 0% used [0x00000000ec100000,0x00000000ec100000,0x00000000ec400000)
 ParOldGen       total 68608K, used 18233K [0x00000000c0000000, 0x00000000c4300000, 0x00000000eab00000)
  object space 68608K, 26% used [0x00000000c0000000,0x00000000c11ce540,0x00000000c4300000)
 Metaspace       used 34747K, committed 35840K, reserved 1114112K
  class space    used 3525K, committed 3968K, reserved 1048576K
}
Event: 5.989 GC heap after
{Heap after GC invocations=14 (full 1):
 PSYoungGen      total 25088K, used 416K [0x00000000eab00000, 0x00000000ec680000, 0x0000000100000000)
  eden space 22016K, 0% used [0x00000000eab00000,0x00000000eab00000,0x00000000ec080000)
  from space 3072K, 13% used [0x00000000ec100000,0x00000000ec168000,0x00000000ec400000)
  to   space 1536K, 0% used [0x00000000ec500000,0x00000000ec500000,0x00000000ec680000)
 ParOldGen       total 68608K, used 19271K [0x00000000c0000000, 0x00000000c4300000, 0x00000000eab00000)
  object space 68608K, 28% used [0x00000000c0000000,0x00000000c12d1cc8,0x00000000c4300000)
 Metaspace       used 34747K, committed 35840K, reserved 1114112K
  class space    used 3525K, committed 3968K, reserved 1048576K
}
Event: 5.989 GC heap before
{Heap before GC invocations=15 (full 2):
 PSYoungGen      total 25088K, used 416K [0x00000000eab00000, 0x00000000ec680000, 0x0000000100000000)
  eden space 22016K, 0% used [0x00000000eab00000,0x00000000eab00000,0x00000000ec080000)
  from space 3072K, 13% used [0x00000000ec100000,0x00000000ec168000,0x00000000ec400000)
  to   space 1536K, 0% used [0x00000000ec500000,0x00000000ec500000,0x00000000ec680000)
 ParOldGen       total 68608K, used 19271K [0x00000000c0000000, 0x00000000c4300000, 0x00000000eab00000)
  object space 68608K, 28% used [0x00000000c0000000,0x00000000c12d1cc8,0x00000000c4300000)
 Metaspace       used 34747K, committed 35840K, reserved 1114112K
  class space    used 3525K, committed 3968K, reserved 1048576K
}
Event: 6.012 GC heap after
{Heap after GC invocations=15 (full 2):
 PSYoungGen      total 25088K, used 0K [0x00000000eab00000, 0x00000000ec680000, 0x0000000100000000)
  eden space 22016K, 0% used [0x00000000eab00000,0x00000000eab00000,0x00000000ec080000)
  from space 3072K, 0% used [0x00000000ec100000,0x00000000ec100000,0x00000000ec400000)
  to   space 1536K, 0% used [0x00000000ec500000,0x00000000ec500000,0x00000000ec680000)
 ParOldGen       total 68608K, used 19014K [0x00000000c0000000, 0x00000000c4300000, 0x00000000eab00000)
  object space 68608K, 27% used [0x00000000c0000000,0x00000000c1291a28,0x00000000c4300000)
 Metaspace       used 34747K, committed 35840K, reserved 1114112K
  class space    used 3525K, committed 3968K, reserved 1048576K
}
Event: 6.237 GC heap before
{Heap before GC invocations=16 (full 2):
 PSYoungGen      total 25088K, used 22016K [0x00000000eab00000, 0x00000000ec680000, 0x0000000100000000)
  eden space 22016K, 100% used [0x00000000eab00000,0x00000000ec080000,0x00000000ec080000)
  from space 3072K, 0% used [0x00000000ec100000,0x00000000ec100000,0x00000000ec400000)
  to   space 1536K, 0% used [0x00000000ec500000,0x00000000ec500000,0x00000000ec680000)
 ParOldGen       total 68608K, used 19014K [0x00000000c0000000, 0x00000000c4300000, 0x00000000eab00000)
  object space 68608K, 27% used [0x00000000c0000000,0x00000000c1291a28,0x00000000c4300000)
 Metaspace       used 36036K, committed 37184K, reserved 1114112K
  class space    used 3726K, committed 4224K, reserved 1048576K
}
Event: 6.244 GC heap after
{Heap after GC invocations=16 (full 2):
 PSYoungGen      total 14848K, used 1508K [0x00000000eab00000, 0x00000000eda80000, 0x0000000100000000)
  eden space 13312K, 0% used [0x00000000eab00000,0x00000000eab00000,0x00000000eb800000)
  from space 1536K, 98% used [0x00000000ec500000,0x00000000ec679038,0x00000000ec680000)
  to   space 13312K, 0% used [0x00000000eb800000,0x00000000eb800000,0x00000000ec500000)
 ParOldGen       total 68608K, used 28723K [0x00000000c0000000, 0x00000000c4300000, 0x00000000eab00000)
  object space 68608K, 41% used [0x00000000c0000000,0x00000000c1c0cf60,0x00000000c4300000)
 Metaspace       used 36036K, committed 37184K, reserved 1114112K
  class space    used 3726K, committed 4224K, reserved 1048576K
}
Event: 6.449 GC heap before
{Heap before GC invocations=17 (full 2):
 PSYoungGen      total 14848K, used 14820K [0x00000000eab00000, 0x00000000eda80000, 0x0000000100000000)
  eden space 13312K, 100% used [0x00000000eab00000,0x00000000eb800000,0x00000000eb800000)
  from space 1536K, 98% used [0x00000000ec500000,0x00000000ec679038,0x00000000ec680000)
  to   space 13312K, 0% used [0x00000000eb800000,0x00000000eb800000,0x00000000ec500000)
 ParOldGen       total 68608K, used 28723K [0x00000000c0000000, 0x00000000c4300000, 0x00000000eab00000)
  object space 68608K, 41% used [0x00000000c0000000,0x00000000c1c0cf60,0x00000000c4300000)
 Metaspace       used 36663K, committed 37824K, reserved 1114112K
  class space    used 3810K, committed 4288K, reserved 1048576K
}
Event: 6.451 GC heap after
{Heap after GC invocations=17 (full 2):
 PSYoungGen      total 14336K, used 736K [0x00000000eab00000, 0x00000000ec580000, 0x0000000100000000)
  eden space 13312K, 0% used [0x00000000eab00000,0x00000000eab00000,0x00000000eb800000)
  from space 1024K, 71% used [0x00000000eb800000,0x00000000eb8b8000,0x00000000eb900000)
  to   space 4608K, 0% used [0x00000000ec100000,0x00000000ec100000,0x00000000ec580000)
 ParOldGen       total 68608K, used 30271K [0x00000000c0000000, 0x00000000c4300000, 0x00000000eab00000)
  object space 68608K, 44% used [0x00000000c0000000,0x00000000c1d8ff98,0x00000000c4300000)
 Metaspace       used 36663K, committed 37824K, reserved 1114112K
  class space    used 3810K, committed 4288K, reserved 1048576K
}
Event: 6.634 GC heap before
{Heap before GC invocations=18 (full 2):
 PSYoungGen      total 14336K, used 14048K [0x00000000eab00000, 0x00000000ec580000, 0x0000000100000000)
  eden space 13312K, 100% used [0x00000000eab00000,0x00000000eb800000,0x00000000eb800000)
  from space 1024K, 71% used [0x00000000eb800000,0x00000000eb8b8000,0x00000000eb900000)
  to   space 4608K, 0% used [0x00000000ec100000,0x00000000ec100000,0x00000000ec580000)
 ParOldGen       total 68608K, used 30271K [0x00000000c0000000, 0x00000000c4300000, 0x00000000eab00000)
  object space 68608K, 44% used [0x00000000c0000000,0x00000000c1d8ff98,0x00000000c4300000)
 Metaspace       used 37714K, committed 38848K, reserved 1114112K
  class space    used 3945K, committed 4416K, reserved 1048576K
}
Event: 6.636 GC heap after
{Heap after GC invocations=18 (full 2):
 PSYoungGen      total 13824K, used 416K [0x00000000eab00000, 0x00000000ec180000, 0x0000000100000000)
  eden space 13312K, 0% used [0x00000000eab00000,0x00000000eab00000,0x00000000eb800000)
  from space 512K, 81% used [0x00000000ec100000,0x00000000ec168000,0x00000000ec180000)
  to   space 1536K, 0% used [0x00000000ebe80000,0x00000000ebe80000,0x00000000ec000000)
 ParOldGen       total 68608K, used 30767K [0x00000000c0000000, 0x00000000c4300000, 0x00000000eab00000)
  object space 68608K, 44% used [0x00000000c0000000,0x00000000c1e0bf98,0x00000000c4300000)
 Metaspace       used 37714K, committed 38848K, reserved 1114112K
  class space    used 3945K, committed 4416K, reserved 1048576K
}
Event: 6.853 GC heap before
{Heap before GC invocations=19 (full 2):
 PSYoungGen      total 13824K, used 13728K [0x00000000eab00000, 0x00000000ec180000, 0x0000000100000000)
  eden space 13312K, 100% used [0x00000000eab00000,0x00000000eb800000,0x00000000eb800000)
  from space 512K, 81% used [0x00000000ec100000,0x00000000ec168000,0x00000000ec180000)
  to   space 1536K, 0% used [0x00000000ebe80000,0x00000000ebe80000,0x00000000ec000000)
 ParOldGen       total 68608K, used 30767K [0x00000000c0000000, 0x00000000c4300000, 0x00000000eab00000)
  object space 68608K, 44% used [0x00000000c0000000,0x00000000c1e0bf98,0x00000000c4300000)
 Metaspace       used 39281K, committed 40448K, reserved 1114112K
  class space    used 4151K, committed 4608K, reserved 1048576K
}
Event: 6.854 GC heap after
{Heap after GC invocations=19 (full 2):
 PSYoungGen      total 14848K, used 544K [0x00000000eab00000, 0x00000000ec180000, 0x0000000100000000)
  eden space 13312K, 0% used [0x00000000eab00000,0x00000000eab00000,0x00000000eb800000)
  from space 1536K, 35% used [0x00000000ebe80000,0x00000000ebf08000,0x00000000ec000000)
  to   space 1024K, 0% used [0x00000000ec080000,0x00000000ec080000,0x00000000ec180000)
 ParOldGen       total 68608K, used 31071K [0x00000000c0000000, 0x00000000c4300000, 0x00000000eab00000)
  object space 68608K, 45% used [0x00000000c0000000,0x00000000c1e57f98,0x00000000c4300000)
 Metaspace       used 39281K, committed 40448K, reserved 1114112K
  class space    used 4151K, committed 4608K, reserved 1048576K
}
Event: 7.102 GC heap before
{Heap before GC invocations=20 (full 2):
 PSYoungGen      total 14848K, used 13856K [0x00000000eab00000, 0x00000000ec180000, 0x0000000100000000)
  eden space 13312K, 100% used [0x00000000eab00000,0x00000000eb800000,0x00000000eb800000)
  from space 1536K, 35% used [0x00000000ebe80000,0x00000000ebf08000,0x00000000ec000000)
  to   space 1024K, 0% used [0x00000000ec080000,0x00000000ec080000,0x00000000ec180000)
 ParOldGen       total 68608K, used 31071K [0x00000000c0000000, 0x00000000c4300000, 0x00000000eab00000)
  object space 68608K, 45% used [0x00000000c0000000,0x00000000c1e57f98,0x00000000c4300000)
 Metaspace       used 40843K, committed 41984K, reserved 1114112K
  class space    used 4349K, committed 4800K, reserved 1048576K
}
Event: 7.103 GC heap after
{Heap after GC invocations=20 (full 2):
 PSYoungGen      total 14336K, used 800K [0x00000000eab00000, 0x00000000ec180000, 0x0000000100000000)
  eden space 13312K, 0% used [0x00000000eab00000,0x00000000eab00000,0x00000000eb800000)
  from space 1024K, 78% used [0x00000000ec080000,0x00000000ec148000,0x00000000ec180000)
  to   space 1024K, 0% used [0x00000000ebf80000,0x00000000ebf80000,0x00000000ec080000)
 ParOldGen       total 68608K, used 31519K [0x00000000c0000000, 0x00000000c4300000, 0x00000000eab00000)
  object space 68608K, 45% used [0x00000000c0000000,0x00000000c1ec7f98,0x00000000c4300000)
 Metaspace       used 40843K, committed 41984K, reserved 1114112K
  class space    used 4349K, committed 4800K, reserved 1048576K
}

Dll operation events (11 events):
Event: 0.015 Loaded shared library C:\Program Files\Java\jdk-22\bin\java.dll
Event: 0.054 Loaded shared library C:\Program Files\Java\jdk-22\bin\jsvml.dll
Event: 0.124 Loaded shared library C:\Program Files\Java\jdk-22\bin\zip.dll
Event: 0.129 Loaded shared library C:\Program Files\Java\jdk-22\bin\instrument.dll
Event: 0.133 Loaded shared library C:\Program Files\Java\jdk-22\bin\net.dll
Event: 0.135 Loaded shared library C:\Program Files\Java\jdk-22\bin\nio.dll
Event: 0.139 Loaded shared library C:\Program Files\Java\jdk-22\bin\zip.dll
Event: 0.170 Loaded shared library C:\Program Files\Java\jdk-22\bin\jimage.dll
Event: 0.302 Loaded shared library C:\Program Files\Java\jdk-22\bin\verify.dll
Event: 2.183 Loaded shared library C:\Users\Kiet\AppData\Roaming\Code\User\globalStorage\redhat.java\1.36.0\config_win\org.eclipse.equinox.launcher\org.eclipse.equinox.launcher.win32.win32.x86_64_1.2.1100.v20240722-2106\eclipse_11904.dll
Event: 3.991 Loaded shared library C:\Users\Kiet\AppData\Local\Temp\jna-2338477\jna6047432240443669245.dll

Deoptimization events (20 events):
Event: 7.051 Thread 0x00000248c817f980 Uncommon trap: trap_request=0xffffffde fr.pc=0x00000248e89ab85c relative=0x000000000000063c
Event: 7.051 Thread 0x00000248c817f980 Uncommon trap: reason=class_check action=maybe_recompile pc=0x00000248e89ab85c method=java.util.TreeMap.put(Ljava/lang/Object;Ljava/lang/Object;Z)Ljava/lang/Object; @ 118 c2
Event: 7.051 Thread 0x00000248c817f980 DEOPT PACKING pc=0x00000248e89ab85c sp=0x000000dc912fde10
Event: 7.051 Thread 0x00000248c817f980 DEOPT UNPACKING pc=0x00000248e8266da2 sp=0x000000dc912fdda0 mode 2
Event: 7.051 Thread 0x00000248c817f980 Uncommon trap: trap_request=0xffffffde fr.pc=0x00000248e89ab85c relative=0x000000000000063c
Event: 7.051 Thread 0x00000248c817f980 Uncommon trap: reason=class_check action=maybe_recompile pc=0x00000248e89ab85c method=java.util.TreeMap.put(Ljava/lang/Object;Ljava/lang/Object;Z)Ljava/lang/Object; @ 118 c2
Event: 7.051 Thread 0x00000248c817f980 DEOPT PACKING pc=0x00000248e89ab85c sp=0x000000dc912fde10
Event: 7.051 Thread 0x00000248c817f980 DEOPT UNPACKING pc=0x00000248e8266da2 sp=0x000000dc912fdda0 mode 2
Event: 7.051 Thread 0x00000248c817f980 Uncommon trap: trap_request=0xffffffde fr.pc=0x00000248e89ab85c relative=0x000000000000063c
Event: 7.051 Thread 0x00000248c817f980 Uncommon trap: reason=class_check action=maybe_recompile pc=0x00000248e89ab85c method=java.util.TreeMap.put(Ljava/lang/Object;Ljava/lang/Object;Z)Ljava/lang/Object; @ 118 c2
Event: 7.051 Thread 0x00000248c817f980 DEOPT PACKING pc=0x00000248e89ab85c sp=0x000000dc912fde10
Event: 7.051 Thread 0x00000248c817f980 DEOPT UNPACKING pc=0x00000248e8266da2 sp=0x000000dc912fdda0 mode 2
Event: 7.081 Thread 0x00000248c817f980 Uncommon trap: trap_request=0xffffff45 fr.pc=0x00000248e88f7d84 relative=0x00000000000002a4
Event: 7.081 Thread 0x00000248c817f980 Uncommon trap: reason=unstable_if action=reinterpret pc=0x00000248e88f7d84 method=java.lang.ClassLoader.checkName(Ljava/lang/String;)Z @ 1 c2
Event: 7.081 Thread 0x00000248c817f980 DEOPT PACKING pc=0x00000248e88f7d84 sp=0x000000dc912fdbe0
Event: 7.081 Thread 0x00000248c817f980 DEOPT UNPACKING pc=0x00000248e8266da2 sp=0x000000dc912fdb78 mode 2
Event: 7.081 Thread 0x00000248c817f980 Uncommon trap: trap_request=0xffffff45 fr.pc=0x00000248e8852ae0 relative=0x0000000000000f20
Event: 7.081 Thread 0x00000248c817f980 Uncommon trap: reason=unstable_if action=reinterpret pc=0x00000248e8852ae0 method=lombok.patcher.ScriptManager$OurClassFileTransformer.transform(Ljava/lang/ClassLoader;Ljava/lang/String;Ljava/lang/Class;Ljava/security/ProtectionDomain;[B)[B @ 1 c2
Event: 7.081 Thread 0x00000248c817f980 DEOPT PACKING pc=0x00000248e8852ae0 sp=0x000000dc912fc820
Event: 7.081 Thread 0x00000248c817f980 DEOPT UNPACKING pc=0x00000248e8266da2 sp=0x000000dc912fc7a8 mode 2

Classes loaded (20 events):
Event: 6.234 Loading class java/lang/annotation/IncompleteAnnotationException
Event: 6.234 Loading class java/lang/annotation/IncompleteAnnotationException done
Event: 6.310 Loading class java/lang/foreign/MemorySegment
Event: 6.311 Loading class java/lang/foreign/MemorySegment done
Event: 6.620 Loading class sun/reflect/annotation/AnnotatedTypeFactory$AnnotatedParameterizedTypeImpl
Event: 6.621 Loading class java/lang/reflect/AnnotatedParameterizedType
Event: 6.621 Loading class java/lang/reflect/AnnotatedParameterizedType done
Event: 6.621 Loading class sun/reflect/annotation/AnnotatedTypeFactory$AnnotatedParameterizedTypeImpl done
Event: 6.692 Loading class sun/reflect/generics/scope/ConstructorScope
Event: 6.692 Loading class sun/reflect/generics/scope/ConstructorScope done
Event: 6.692 Loading class sun/reflect/generics/tree/VoidDescriptor
Event: 6.692 Loading class sun/reflect/generics/tree/VoidDescriptor done
Event: 6.708 Loading class java/util/concurrent/CompletionService
Event: 6.708 Loading class java/util/concurrent/CompletionService done
Event: 6.897 Loading class java/nio/channels/ServerSocketChannel
Event: 6.898 Loading class java/nio/channels/ServerSocketChannel done
Event: 6.937 Loading class sun/reflect/generics/repository/FieldRepository
Event: 6.937 Loading class sun/reflect/generics/repository/FieldRepository done
Event: 7.045 Loading class java/lang/ExceptionInInitializerError
Event: 7.046 Loading class java/lang/ExceptionInInitializerError done

Classes unloaded (7 events):
Event: 4.794 Thread 0x00000248d7254900 Unloading class 0x000002488119d400 'java/lang/invoke/LambdaForm$MH+0x000002488119d400'
Event: 4.794 Thread 0x00000248d7254900 Unloading class 0x000002488119d000 'java/lang/invoke/LambdaForm$MH+0x000002488119d000'
Event: 4.794 Thread 0x00000248d7254900 Unloading class 0x000002488119cc00 'java/lang/invoke/LambdaForm$MH+0x000002488119cc00'
Event: 4.794 Thread 0x00000248d7254900 Unloading class 0x000002488119c800 'java/lang/invoke/LambdaForm$MH+0x000002488119c800'
Event: 4.794 Thread 0x00000248d7254900 Unloading class 0x000002488119c400 'java/lang/invoke/LambdaForm$BMH+0x000002488119c400'
Event: 4.794 Thread 0x00000248d7254900 Unloading class 0x000002488119c000 'java/lang/invoke/LambdaForm$DMH+0x000002488119c000'
Event: 4.794 Thread 0x00000248d7254900 Unloading class 0x000002488119ac00 'java/lang/invoke/LambdaForm$DMH+0x000002488119ac00'

Classes redefined (0 events):
No events

Internal exceptions (20 events):
Event: 5.719 Thread 0x00000248c817cb90 Exception <a 'sun/nio/fs/WindowsException'{0x00000000eab40a40}> (0x00000000eab40a40) 
thrown [s\open\src\hotspot\share\prims\jni.cpp, line 520]
Event: 5.816 Thread 0x00000248c817cb90 Exception <a 'sun/nio/fs/WindowsException'{0x00000000eb730418}> (0x00000000eb730418) 
thrown [s\open\src\hotspot\share\prims\jni.cpp, line 520]
Event: 5.836 Thread 0x00000248c817cb90 Exception <a 'java/io/FileNotFoundException'{0x00000000eba8e7b0}> (0x00000000eba8e7b0) 
thrown [s\open\src\hotspot\share\prims\jni.cpp, line 520]
Event: 5.836 Thread 0x00000248c817cb90 Exception <a 'java/io/FileNotFoundException'{0x00000000ebab7880}> (0x00000000ebab7880) 
thrown [s\open\src\hotspot\share\prims\jni.cpp, line 520]
Event: 5.837 Thread 0x00000248c817cb90 Exception <a 'java/lang/NoSuchMethodError'{0x00000000ebae5db0}: 'java.lang.Object java.lang.invoke.DirectMethodHandle$Holder.newInvokeSpecial(java.lang.Object, java.lang.Object, java.lang.Object, int)'> (0x00000000ebae5db0) 
thrown [s\open\src\hotspot\share\interpreter\linkResolver.cpp, line 774]
Event: 5.838 Thread 0x00000248c817cb90 Exception <a 'java/lang/NoSuchMethodError'{0x00000000ebae9a58}: 'java.lang.Object java.lang.invoke.DirectMethodHandle$Holder.invokeSpecial(java.lang.Object, java.lang.Object, java.lang.Object, java.lang.Object, int)'> (0x00000000ebae9a58) 
thrown [s\open\src\hotspot\share\interpreter\linkResolver.cpp, line 774]
Event: 5.838 Thread 0x00000248c817cb90 Exception <a 'java/lang/NoSuchMethodError'{0x00000000ebaecef0}: 'java.lang.Object java.lang.invoke.Invokers$Holder.linkToTargetMethod(java.lang.Object, java.lang.Object, int, java.lang.Object)'> (0x00000000ebaecef0) 
thrown [s\open\src\hotspot\share\interpreter\linkResolver.cpp, line 774]
Event: 5.840 Thread 0x00000248c817cb90 Exception <a 'java/lang/NoSuchMethodError'{0x00000000ebb34bd8}: 'void java.lang.invoke.DirectMethodHandle$Holder.invokeStaticInit(java.lang.Object, java.lang.Object, java.lang.Object)'> (0x00000000ebb34bd8) 
thrown [s\open\src\hotspot\share\interpreter\linkResolver.cpp, line 774]
Event: 5.856 Thread 0x00000248d71afce0 Exception <a 'java/lang/NoSuchMethodError'{0x00000000ebd5bf98}: 'void java.lang.invoke.DirectMethodHandle$Holder.invokeSpecial(java.lang.Object, java.lang.Object, java.lang.Object, java.lang.Object, java.lang.Object, java.lang.Object)'> (0x00000000ebd5bf98) 
thrown [s\open\src\hotspot\share\interpreter\linkResolver.cpp, line 774]
Event: 5.857 Thread 0x00000248c817f980 Exception <a 'java/lang/NoSuchMethodError'{0x00000000ebd604d0}: 'java.lang.Object java.lang.invoke.DirectMethodHandle$Holder.invokeSpecialIFC(java.lang.Object, java.lang.Object, java.lang.Object, java.lang.Object)'> (0x00000000ebd604d0) 
thrown [s\open\src\hotspot\share\interpreter\linkResolver.cpp, line 774]
Event: 5.857 Thread 0x00000248d71afce0 Exception <a 'java/lang/IncompatibleClassChangeError'{0x00000000ebd67490}: Found class java.lang.Object, but interface was expected> (0x00000000ebd67490) 
thrown [s\open\src\hotspot\share\interpreter\linkResolver.cpp, line 841]
Event: 5.858 Thread 0x00000248d71afce0 Exception <a 'java/lang/IncompatibleClassChangeError'{0x00000000ebd69390}: Found class java.lang.Object, but interface was expected> (0x00000000ebd69390) 
thrown [s\open\src\hotspot\share\interpreter\linkResolver.cpp, line 841]
Event: 6.077 Thread 0x00000248c817f980 Exception <a 'java/lang/NoSuchMethodError'{0x00000000eae74af8}: 'int java.lang.invoke.DirectMethodHandle$Holder.invokeStatic(java.lang.Object, java.lang.Object, java.lang.Object, java.lang.Object, java.lang.Object)'> (0x00000000eae74af8) 
thrown [s\open\src\hotspot\share\interpreter\linkResolver.cpp, line 774]
Event: 6.138 Thread 0x00000248c817cb90 Exception <a 'java/io/FileNotFoundException'{0x00000000eb140700}> (0x00000000eb140700) 
thrown [s\open\src\hotspot\share\prims\jni.cpp, line 520]
Event: 6.139 Thread 0x00000248c817cb90 Exception <a 'java/io/FileNotFoundException'{0x00000000eb2366d8}> (0x00000000eb2366d8) 
thrown [s\open\src\hotspot\share\prims\jni.cpp, line 520]
Event: 6.235 Thread 0x00000248c817f980 Exception <a 'java/lang/NoClassDefFoundError'{0x00000000ec04b880}: javax/enterprise/inject/Typed> (0x00000000ec04b880) 
thrown [s\open\src\hotspot\share\classfile\systemDictionary.cpp, line 302]
Event: 7.047 Thread 0x00000248c817f980 Exception <a 'java/lang/ExceptionInInitializerError'{0x00000000eb5b35a0}> (0x00000000eb5b35a0) 
thrown [s\open\src\hotspot\share\oops\instanceKlass.cpp, line 1247]
Event: 7.081 Thread 0x00000248c817f980 Implicit null exception at 0x00000248e88f7afe to 0x00000248e88f7d70
Event: 7.081 Thread 0x00000248c817f980 Implicit null exception at 0x00000248e8851c18 to 0x00000248e8852ad0
Event: 7.085 Thread 0x00000248c817f980 Exception <a 'java/lang/NoSuchMethodError'{0x00000000eb735df8}: 'java.lang.Object java.lang.invoke.Invokers$Holder.invokeExact_MT(java.lang.Object, int, java.lang.Object)'> (0x00000000eb735df8) 
thrown [s\open\src\hotspot\share\interpreter\linkResolver.cpp, line 774]

ZGC Phase Switch (0 events):
No events

VM Operations (20 events):
Event: 5.988 Executing VM operation: CollectForMetadataAllocation (Metadata GC Threshold)
Event: 6.012 Executing VM operation: CollectForMetadataAllocation (Metadata GC Threshold) done
Event: 6.197 Executing VM operation: HandshakeAllThreads (Deoptimize)
Event: 6.200 Executing VM operation: HandshakeAllThreads (Deoptimize) done
Event: 6.237 Executing VM operation: ParallelGCFailedAllocation (Allocation Failure)
Event: 6.244 Executing VM operation: ParallelGCFailedAllocation (Allocation Failure) done
Event: 6.449 Executing VM operation: ParallelGCFailedAllocation (Allocation Failure)
Event: 6.451 Executing VM operation: ParallelGCFailedAllocation (Allocation Failure) done
Event: 6.634 Executing VM operation: ParallelGCFailedAllocation (Allocation Failure)
Event: 6.636 Executing VM operation: ParallelGCFailedAllocation (Allocation Failure) done
Event: 6.656 Executing VM operation: HandshakeAllThreads (Deoptimize)
Event: 6.656 Executing VM operation: HandshakeAllThreads (Deoptimize) done
Event: 6.853 Executing VM operation: ParallelGCFailedAllocation (Allocation Failure)
Event: 6.854 Executing VM operation: ParallelGCFailedAllocation (Allocation Failure) done
Event: 6.867 Executing VM operation: HandshakeAllThreads (Deoptimize)
Event: 6.867 Executing VM operation: HandshakeAllThreads (Deoptimize) done
Event: 7.102 Executing VM operation: ParallelGCFailedAllocation (Allocation Failure)
Event: 7.103 Executing VM operation: ParallelGCFailedAllocation (Allocation Failure) done
Event: 7.125 Executing VM operation: HandshakeAllThreads (Deoptimize)
Event: 7.125 Executing VM operation: HandshakeAllThreads (Deoptimize) done

Memory protections (0 events):
No events

Nmethod flushes (20 events):
Event: 6.001 Thread 0x00000248d7254900 flushing  nmethod 0x00000248e134ff90
Event: 6.001 Thread 0x00000248d7254900 flushing  nmethod 0x00000248e1350710
Event: 6.001 Thread 0x00000248d7254900 flushing  nmethod 0x00000248e1351c10
Event: 6.001 Thread 0x00000248d7254900 flushing  nmethod 0x00000248e1352110
Event: 6.001 Thread 0x00000248d7254900 flushing  nmethod 0x00000248e1352a10
Event: 6.001 Thread 0x00000248d7254900 flushing  nmethod 0x00000248e1355290
Event: 6.001 Thread 0x00000248d7254900 flushing  nmethod 0x00000248e135eb90
Event: 6.001 Thread 0x00000248d7254900 flushing  nmethod 0x00000248e1364f90
Event: 6.001 Thread 0x00000248d7254900 flushing  nmethod 0x00000248e137d710
Event: 6.001 Thread 0x00000248d7254900 flushing  nmethod 0x00000248e1382a90
Event: 6.001 Thread 0x00000248d7254900 flushing  nmethod 0x00000248e1388910
Event: 6.001 Thread 0x00000248d7254900 flushing  nmethod 0x00000248e138ff90
Event: 6.001 Thread 0x00000248d7254900 flushing  nmethod 0x00000248e1423910
Event: 6.001 Thread 0x00000248d7254900 flushing  nmethod 0x00000248e1425590
Event: 6.001 Thread 0x00000248d7254900 flushing  nmethod 0x00000248e1449210
Event: 6.001 Thread 0x00000248d7254900 flushing  nmethod 0x00000248e1480810
Event: 6.001 Thread 0x00000248d7254900 flushing  nmethod 0x00000248e1482110
Event: 6.001 Thread 0x00000248d7254900 flushing  nmethod 0x00000248e1482710
Event: 6.001 Thread 0x00000248d7254900 flushing  nmethod 0x00000248e1483710
Event: 6.001 Thread 0x00000248d7254900 flushing  nmethod 0x00000248e149d810

Events (20 events):
Event: 5.658 Thread 0x00000248d71afce0 Thread added: 0x00000248c817e5d0
Event: 5.658 Thread 0x00000248d71afce0 Thread added: 0x00000248c9712170
Event: 5.658 Thread 0x00000248d71afce0 Thread added: 0x00000248c970d2b0
Event: 5.658 Thread 0x00000248d71afce0 Thread added: 0x00000248c9710dc0
Event: 5.658 Thread 0x00000248d71afce0 Thread added: 0x00000248c970b870
Event: 5.658 Thread 0x00000248d71afce0 Thread added: 0x00000248c9712800
Event: 5.658 Thread 0x00000248d71afce0 Thread added: 0x00000248c9712e90
Event: 5.658 Thread 0x00000248d71afce0 Thread added: 0x00000248c9710730
Event: 5.664 Thread 0x00000248c817f980 Thread added: 0x00000248c970bf00
Event: 5.677 Thread 0x00000248d71afce0 Thread added: 0x00000248c9711450
Event: 5.884 Thread 0x00000248d71afce0 Thread added: 0x00000248c970c590
Event: 5.884 Thread 0x00000248d71afce0 Thread added: 0x00000248c970cc20
Event: 6.049 Thread 0x00000248c970bf00 Thread added: 0x00000248c9711ae0
Event: 6.142 Thread 0x00000248c817cb90 Thread added: 0x00000248c970d940
Event: 6.143 Thread 0x00000248c817cb90 Thread added: 0x00000248c970dfd0
Event: 6.143 Thread 0x00000248c817cb90 Thread added: 0x00000248c970e660
Event: 6.143 Thread 0x00000248c970dfd0 Thread added: 0x00000248c970ecf0
Event: 6.144 Thread 0x00000248c970d940 Thread added: 0x00000248c970f380
Event: 6.145 Thread 0x00000248c970ecf0 Thread added: 0x00000248c970fa10
Event: 6.146 Thread 0x00000248c970e660 Thread added: 0x00000248c97100a0


Dynamic libraries:
0x00007ff7083b0000 - 0x00007ff7083c0000 	C:\Program Files\Java\jdk-22\bin\java.exe
0x00007ffddb310000 - 0x00007ffddb527000 	C:\WINDOWS\SYSTEM32\ntdll.dll
0x00007ffdd9c30000 - 0x00007ffdd9cf4000 	C:\WINDOWS\System32\KERNEL32.DLL
0x00007ffdd8ae0000 - 0x00007ffdd8e97000 	C:\WINDOWS\System32\KERNELBASE.dll
0x00007ffdd8ea0000 - 0x00007ffdd8fb1000 	C:\WINDOWS\System32\ucrtbase.dll
0x00007ffdb7ec0000 - 0x00007ffdb7ed7000 	C:\Program Files\Java\jdk-22\bin\jli.dll
0x00007ffdb5210000 - 0x00007ffdb522b000 	C:\Program Files\Java\jdk-22\bin\VCRUNTIME140.dll
0x00007ffdda7a0000 - 0x00007ffdda94f000 	C:\WINDOWS\System32\USER32.dll
0x00007ffdbf090000 - 0x00007ffdbf323000 	C:\WINDOWS\WinSxS\amd64_microsoft.windows.common-controls_6595b64144ccf1df_6.0.22621.3672_none_2713b9d173822955\COMCTL32.dll
0x00007ffdd8620000 - 0x00007ffdd8646000 	C:\WINDOWS\System32\win32u.dll
0x00007ffddb0c0000 - 0x00007ffddb167000 	C:\WINDOWS\System32\msvcrt.dll
0x00007ffdd9e90000 - 0x00007ffdd9eb9000 	C:\WINDOWS\System32\GDI32.dll
0x00007ffdd8650000 - 0x00007ffdd8768000 	C:\WINDOWS\System32\gdi32full.dll
0x00007ffdd8a40000 - 0x00007ffdd8ada000 	C:\WINDOWS\System32\msvcp_win.dll
0x00007ffdda760000 - 0x00007ffdda791000 	C:\WINDOWS\System32\IMM32.DLL
0x00007ffdc94b0000 - 0x00007ffdc94bc000 	C:\Program Files\Java\jdk-22\bin\vcruntime140_1.dll
0x00007ffd826a0000 - 0x00007ffd8272e000 	C:\Program Files\Java\jdk-22\bin\msvcp140.dll
0x00007ffd750b0000 - 0x00007ffd75df9000 	C:\Program Files\Java\jdk-22\bin\server\jvm.dll
0x00007ffdda030000 - 0x00007ffdda0e2000 	C:\WINDOWS\System32\ADVAPI32.dll
0x00007ffdd9de0000 - 0x00007ffdd9e88000 	C:\WINDOWS\System32\sechost.dll
0x00007ffdd8770000 - 0x00007ffdd8798000 	C:\WINDOWS\System32\bcrypt.dll
0x00007ffdda950000 - 0x00007ffddaa64000 	C:\WINDOWS\System32\RPCRT4.dll
0x00007ffdd9d60000 - 0x00007ffdd9dd1000 	C:\WINDOWS\System32\WS2_32.dll
0x00007ffdd84f0000 - 0x00007ffdd853d000 	C:\WINDOWS\SYSTEM32\POWRPROF.dll
0x00007ffdd0080000 - 0x00007ffdd00b4000 	C:\WINDOWS\SYSTEM32\WINMM.dll
0x00007ffdd4d30000 - 0x00007ffdd4d3a000 	C:\WINDOWS\SYSTEM32\VERSION.dll
0x00007ffdd84d0000 - 0x00007ffdd84e3000 	C:\WINDOWS\SYSTEM32\UMPDC.dll
0x00007ffdd7610000 - 0x00007ffdd7628000 	C:\WINDOWS\SYSTEM32\kernel.appcore.dll
0x00007ffdc45d0000 - 0x00007ffdc45da000 	C:\Program Files\Java\jdk-22\bin\jimage.dll
0x00007ffdd5f00000 - 0x00007ffdd6132000 	C:\WINDOWS\SYSTEM32\DBGHELP.DLL
0x00007ffddaa80000 - 0x00007ffddae0e000 	C:\WINDOWS\System32\combase.dll
0x00007ffdd90a0000 - 0x00007ffdd9177000 	C:\WINDOWS\System32\OLEAUT32.dll
0x00007ffdd4e60000 - 0x00007ffdd4e92000 	C:\WINDOWS\SYSTEM32\dbgcore.DLL
0x00007ffdd8fc0000 - 0x00007ffdd903b000 	C:\WINDOWS\System32\bcryptPrimitives.dll
0x00007ffdbff80000 - 0x00007ffdbff8f000 	C:\Program Files\Java\jdk-22\bin\instrument.dll
0x00007ffdb51f0000 - 0x00007ffdb520e000 	C:\Program Files\Java\jdk-22\bin\java.dll
0x00007ffdd93b0000 - 0x00007ffdd9c19000 	C:\WINDOWS\System32\SHELL32.dll
0x00007ffdd9200000 - 0x00007ffdd93a5000 	C:\WINDOWS\System32\ole32.dll
0x00007ffdd6590000 - 0x00007ffdd6e8f000 	C:\WINDOWS\SYSTEM32\windows.storage.dll
0x00007ffdd6450000 - 0x00007ffdd658f000 	C:\WINDOWS\SYSTEM32\wintypes.dll
0x00007ffdda0f0000 - 0x00007ffdda1e9000 	C:\WINDOWS\System32\SHCORE.dll
0x00007ffdd9d00000 - 0x00007ffdd9d5e000 	C:\WINDOWS\System32\shlwapi.dll
0x00007ffdd8550000 - 0x00007ffdd8577000 	C:\WINDOWS\SYSTEM32\profapi.dll
0x00007ffd82080000 - 0x00007ffd82157000 	C:\Program Files\Java\jdk-22\bin\jsvml.dll
0x00007ffdb4eb0000 - 0x00007ffdb4ec7000 	C:\Program Files\Java\jdk-22\bin\zip.dll
0x00007ffdbe9e0000 - 0x00007ffdbe9f0000 	C:\Program Files\Java\jdk-22\bin\net.dll
0x00007ffdd7ae0000 - 0x00007ffdd7b49000 	C:\WINDOWS\system32\mswsock.dll
0x00007ffdb49c0000 - 0x00007ffdb49d6000 	C:\Program Files\Java\jdk-22\bin\nio.dll
0x00007ffdbc9a0000 - 0x00007ffdbc9b0000 	C:\Program Files\Java\jdk-22\bin\verify.dll
0x00007ffdabf90000 - 0x00007ffdabfd5000 	C:\Users\Kiet\AppData\Roaming\Code\User\globalStorage\redhat.java\1.36.0\config_win\org.eclipse.equinox.launcher\org.eclipse.equinox.launcher.win32.win32.x86_64_1.2.1100.v20240722-2106\eclipse_11904.dll
0x00007ffdd7d30000 - 0x00007ffdd7d4b000 	C:\WINDOWS\SYSTEM32\CRYPTSP.dll
0x00007ffdd75d0000 - 0x00007ffdd7605000 	C:\WINDOWS\system32\rsaenh.dll
0x00007ffdd7bd0000 - 0x00007ffdd7bf8000 	C:\WINDOWS\SYSTEM32\USERENV.dll
0x00007ffdd7d50000 - 0x00007ffdd7d5c000 	C:\WINDOWS\SYSTEM32\CRYPTBASE.dll
0x00007ffdd7130000 - 0x00007ffdd715d000 	C:\WINDOWS\SYSTEM32\IPHLPAPI.DLL
0x00007ffdda670000 - 0x00007ffdda679000 	C:\WINDOWS\System32\NSI.dll
0x00007ffd9ed50000 - 0x00007ffd9ed99000 	C:\Users\Kiet\AppData\Local\Temp\jna-2338477\jna6047432240443669245.dll
0x00007ffdd9c20000 - 0x00007ffdd9c28000 	C:\WINDOWS\System32\PSAPI.DLL
0x00007ffdcf780000 - 0x00007ffdcf8b6000 	C:\WINDOWS\SYSTEM32\winhttp.dll
0x00007ffdd0610000 - 0x00007ffdd0629000 	C:\WINDOWS\SYSTEM32\dhcpcsvc6.DLL
0x00007ffdd05f0000 - 0x00007ffdd060f000 	C:\WINDOWS\SYSTEM32\dhcpcsvc.DLL

dbghelp: loaded successfully - version: 4.0.5 - missing functions: none
symbol engine: initialized successfully - sym options: 0x614 - pdb path: .;C:\Program Files\Java\jdk-22\bin;C:\WINDOWS\SYSTEM32;C:\WINDOWS\WinSxS\amd64_microsoft.windows.common-controls_6595b64144ccf1df_6.0.22621.3672_none_2713b9d173822955;C:\Program Files\Java\jdk-22\bin\server;C:\Users\Kiet\AppData\Roaming\Code\User\globalStorage\redhat.java\1.36.0\config_win\org.eclipse.equinox.launcher\org.eclipse.equinox.launcher.win32.win32.x86_64_1.2.1100.v20240722-2106;C:\Users\Kiet\AppData\Local\Temp\jna-2338477

VM Arguments:
jvm_args: --add-modules=ALL-SYSTEM --add-opens=java.base/java.util=ALL-UNNAMED --add-opens=java.base/java.lang=ALL-UNNAMED --add-opens=java.base/sun.nio.fs=ALL-UNNAMED -Declipse.application=org.eclipse.jdt.ls.core.id1 -Dosgi.bundles.defaultStartLevel=4 -Declipse.product=org.eclipse.jdt.ls.core.product -Djava.import.generatesMetadataFilesAtProjectRoot=false -DDetectVMInstallationsJob.disabled=true -Dfile.encoding=utf8 -XX:+UseParallelGC -XX:GCTimeRatio=4 -XX:AdaptiveSizePolicyWeight=90 -Dsun.zip.disableMemoryMapping=true -Xmx1G -Xms100m -Xlog:disable -javaagent:c:\Users\Kiet\.vscode\extensions\redhat.java-1.36.0\lombok\lombok-1.18.35.jar -XX:+HeapDumpOnOutOfMemoryError -XX:HeapDumpPath=c:\Users\Kiet\AppData\Roaming\Code\User\workspaceStorage\bacffae7d29c3e7f06ec343f93caa3f1\redhat.java -Daether.dependencyCollector.impl=bf 
java_command: c:\Users\Kiet\.vscode\extensions\redhat.java-1.36.0\server\plugins\org.eclipse.equinox.launcher_1.6.900.v20240613-2009.jar -configuration c:\Users\Kiet\AppData\Roaming\Code\User\globalStorage\redhat.java\1.36.0\config_win -data c:\Users\Kiet\AppData\Roaming\Code\User\workspaceStorage\bacffae7d29c3e7f06ec343f93caa3f1\redhat.java\jdt_ws --pipe=\\.\pipe\lsp-252d1e95ea3570e324ee848d4f744300-sock
java_class_path (initial): c:\Users\Kiet\.vscode\extensions\redhat.java-1.36.0\server\plugins\org.eclipse.equinox.launcher_1.6.900.v20240613-2009.jar
Launcher Type: SUN_STANDARD

[Global flags]
     uint AdaptiveSizePolicyWeight                 = 90                                        {product} {command line}
     intx CICompilerCount                          = 4                                         {product} {ergonomic}
     uint GCTimeRatio                              = 4                                         {product} {command line}
     bool HeapDumpOnOutOfMemoryError               = true                                   {manageable} {command line}
    ccstr HeapDumpPath                             = c:\Users\Kiet\AppData\Roaming\Code\User\workspaceStorage\bacffae7d29c3e7f06ec343f93caa3f1\redhat.java         {manageable} {command line}
   size_t InitialHeapSize                          = 104857600                                 {product} {command line}
   size_t MaxHeapSize                              = 1073741824                                {product} {command line}
   size_t MaxNewSize                               = 357564416                                 {product} {ergonomic}
   size_t MinHeapDeltaBytes                        = 524288                                    {product} {ergonomic}
   size_t MinHeapSize                              = 104857600                                 {product} {command line}
   size_t NewSize                                  = 34603008                                  {product} {ergonomic}
    uintx NonNMethodCodeHeapSize                   = 5839372                                {pd product} {ergonomic}
    uintx NonProfiledCodeHeapSize                  = 122909434                              {pd product} {ergonomic}
   size_t OldSize                                  = 70254592                                  {product} {ergonomic}
    uintx ProfiledCodeHeapSize                     = 122909434                              {pd product} {ergonomic}
    uintx ReservedCodeCacheSize                    = 251658240                              {pd product} {ergonomic}
     bool SegmentedCodeCache                       = true                                      {product} {ergonomic}
   size_t SoftMaxHeapSize                          = 1073741824                             {manageable} {ergonomic}
     bool UseCompressedOops                        = true                           {product lp64_product} {ergonomic}
     bool UseLargePagesIndividualAllocation        = false                                  {pd product} {ergonomic}
     bool UseParallelGC                            = true                                      {product} {command line}

Logging:
Log output configuration:
 #0: stdout all=off uptime,level,tags foldmultilines=false
 #1: stderr all=off uptime,level,tags foldmultilines=false

Environment Variables:
JAVA_HOME=C:\Program Files\Java\jdk-22
PATH=C:\Program Files (x86)\Common Files\Oracle\Java\java8path;C:\Program Files (x86)\Common Files\Oracle\Java\javapath;C:\WINDOWS\system32;C:\WINDOWS;C:\WINDOWS\System32\Wbem;C:\WINDOWS\System32\WindowsPowerShell\v1.0\;C:\WINDOWS\System32\OpenSSH\;C:\Program Files\dotnet\;C:\Program Files\Java\jdk-11\bin;C:\Program Files (x86)\Microsoft SQL Server\160\Tools\Binn\;C:\Program Files\Microsoft SQL Server\160\Tools\Binn\;C:\Program Files\Microsoft SQL Server\Client SDK\ODBC\170\Tools\Binn\;C:\Program Files\Microsoft SQL Server\160\DTS\Binn\;C:\Program Files (x86)\Microsoft SQL Server\160\DTS\Binn\;C:\Program Files\Azure Data Studio\bin;C:\Program Files\apache-maven-3.9.6\bin;C:\Program Files\Git\cmd;C:\Program Files\Java\jdk-22\bin;C:\Users\Kiet\AppData\Local\Programs\Python\Python38;C:\Users\Kiet\AppData\Local\Programs\Python\Python38\Scripts;C:\Program Files\CMake\bin;C:\Program Files\PostgreSQL\17\bin;C:\Users\Kiet\anaconda3\Scripts;C:\Program Files\nodejs\;C:\Users\Kiet\AppData\Local\Microsoft\WindowsApps;C:\Users\Kiet\AppData\Local\Programs\Microsoft VS Code\bin;C:\Users\Kiet\.dotnet\tools;C:\Program Files\Azure Data Studio\bin;C:\Users\Kiet\AppData\Roaming\npm
USERNAME=Kiet
OS=Windows_NT
PROCESSOR_IDENTIFIER=Intel64 Family 6 Model 126 Stepping 5, GenuineIntel
TMP=C:\Users\Kiet\AppData\Local\Temp
TEMP=C:\Users\Kiet\AppData\Local\Temp




Periodic native trim disabled

---------------  S Y S T E M  ---------------

OS:
 Windows 11 , 64 bit Build 22621 (10.0.22621.3958)
OS uptime: 4 days 6:19 hours

CPU: total 8 (initial active 8) (4 cores per cpu, 2 threads per core) family 6 model 126 stepping 5 microcode 0xa6, cx8, cmov, fxsr, ht, mmx, 3dnowpref, sse, sse2, sse3, ssse3, sse4.1, sse4.2, popcnt, lzcnt, tsc, tscinvbit, avx, avx2, aes, erms, clmul, bmi1, bmi2, adx, avx512f, avx512dq, avx512cd, avx512bw, avx512vl, sha, fma, vzeroupper, avx512_vpopcntdq, avx512_vpclmulqdq, avx512_vaes, avx512_vnni, clflush, clflushopt, avx512_vbmi2, avx512_vbmi, rdtscp, rdpid, fsrm, gfni, avx512_bitalg, f16c, pku, avx512_ifma
Processor Information for all 8 processors :
  Max Mhz: 1190, Current Mhz: 991, Mhz Limit: 987

Memory: 4k page, system-wide physical 7987M (547M free)
TotalPageFile size 10035M (AvailPageFile size 30M)
current process WorkingSet (physical memory assigned to process): 256M, peak: 267M
current process commit charge ("private bytes"): 339M, peak: 350M

vm_info: Java HotSpot(TM) 64-Bit Server VM (22.0.2+9-70) for windows-amd64 JRE (22.0.2+9-70), built on 2024-06-04T16:52:23Z by "mach5one" with MS VC++ 17.6 (VS2022)

END.
