#
# There is insufficient memory for the Java Runtime Environment to continue.
# Native memory allocation (malloc) failed to allocate 324976 bytes. Error detail: Chunk::new
# Possible reasons:
#   The system is out of physical RAM or swap space
#   This process is running with CompressedOops enabled, and the Java Heap may be blocking the growth of the native heap
# Possible solutions:
#   Reduce memory load on the system
#   Increase physical memory or swap space
#   Check if swap backing store is full
#   Decrease Java heap size (-Xmx/-Xms)
#   Decrease number of Java threads
#   Decrease Java thread stack sizes (-Xss)
#   Set larger code cache with -XX:ReservedCodeCacheSize=
#   JVM is running with Unscaled Compressed Oops mode in which the Java heap is
#     placed in the first 4GB address space. The Java Heap base address is the
#     maximum limit for the native heap growth. Please use -XX:HeapBaseMinAddress
#     to set the Java Heap base and to place the Java Heap above 4GB virtual address.
# This output file may be truncated or incomplete.
#
#  Out of Memory Error (arena.cpp:150), pid=14148, tid=7096
#
# JRE version: Java(TM) SE Runtime Environment (22.0.2+9) (build 22.0.2+9-70)
# Java VM: Java HotSpot(TM) 64-Bit Server VM (22.0.2+9-70, mixed mode, sharing, tiered, compressed oops, compressed class ptrs, parallel gc, windows-amd64)
# No core dump will be written. Minidumps are not enabled by default on client versions of Windows
#

---------------  S U M M A R Y ------------

Command Line: --add-modules=ALL-SYSTEM --add-opens=java.base/java.util=ALL-UNNAMED --add-opens=java.base/java.lang=ALL-UNNAMED --add-opens=java.base/sun.nio.fs=ALL-UNNAMED -Declipse.application=org.eclipse.jdt.ls.core.id1 -Dosgi.bundles.defaultStartLevel=4 -Declipse.product=org.eclipse.jdt.ls.core.product -Djava.import.generatesMetadataFilesAtProjectRoot=false -DDetectVMInstallationsJob.disabled=true -Dfile.encoding=utf8 -XX:+UseParallelGC -XX:GCTimeRatio=4 -XX:AdaptiveSizePolicyWeight=90 -Dsun.zip.disableMemoryMapping=true -Xmx1G -Xms100m -Xlog:disable -javaagent:c:\Users\Kiet\.vscode\extensions\redhat.java-1.36.0\lombok\lombok-1.18.35.jar c:\Users\Kiet\.vscode\extensions\redhat.java-1.36.0\server\plugins\org.eclipse.equinox.launcher_1.6.900.v20240613-2009.jar -configuration c:\Users\Kiet\AppData\Roaming\Code\User\globalStorage\redhat.java\1.36.0\config_ss_win -data c:\Users\Kiet\AppData\Roaming\Code\User\workspaceStorage\bacffae7d29c3e7f06ec343f93caa3f1\redhat.java\ss_ws --pipe=\\.\pipe\lsp-8ee10211a9855cfc525f18a0efa45973-sock

Host: Intel(R) Core(TM) i5-1035G1 CPU @ 1.00GHz, 8 cores, 7G,  Windows 11 , 64 bit Build 22621 (10.0.22621.4391)
Time: Thu Nov 21 17:07:31 2024 SE Asia Standard Time elapsed time: 13.967317 seconds (0d 0h 0m 13s)

---------------  T H R E A D  ---------------

Current thread (0x00000167411d2e80):  JavaThread "C2 CompilerThread0" daemon [_thread_in_native, id=7096, stack(0x0000004593900000,0x0000004593a00000) (1024K)]


Current CompileTask:
C2:13967 5249 %     4       org.lombokweb.asm.SymbolTable::<init> @ 98 (536 bytes)

Stack: [0x0000004593900000,0x0000004593a00000]
Native frames: (J=compiled Java code, j=interpreted, Vv=VM code, C=native code)
V  [jvm.dll+0x6e26e9]  (no source info available)
V  [jvm.dll+0x875753]  (no source info available)
V  [jvm.dll+0x877b7e]  (no source info available)
V  [jvm.dll+0x878253]  (no source info available)
V  [jvm.dll+0x27fc86]  (no source info available)
V  [jvm.dll+0xc3d0f]  (no source info available)
V  [jvm.dll+0xc3f6b]  (no source info available)
V  [jvm.dll+0x3bb442]  (no source info available)
V  [jvm.dll+0x1df34c]  (no source info available)
V  [jvm.dll+0x24793c]  (no source info available)
V  [jvm.dll+0x246e9f]  (no source info available)
V  [jvm.dll+0x1c4e80]  (no source info available)
V  [jvm.dll+0x2568f3]  (no source info available)
V  [jvm.dll+0x254baa]  (no source info available)
V  [jvm.dll+0x3f57a6]  (no source info available)
V  [jvm.dll+0x81dc0b]  (no source info available)
V  [jvm.dll+0x6e0d85]  (no source info available)
C  [ucrtbase.dll+0x29333]  (no source info available)
C  [KERNEL32.DLL+0x1259d]  (no source info available)
C  [ntdll.dll+0x5af38]  (no source info available)


---------------  P R O C E S S  ---------------

Threads class SMR info:
_java_thread_list=0x000001674a3a9fc0, length=38, elements={
0x0000016761620880, 0x00000167411c7fe0, 0x00000167616de0e0, 0x00000167411cd140,
0x00000167411cde90, 0x00000167411ceff0, 0x00000167411d1f50, 0x00000167411d2e80,
0x0000016747008520, 0x00000167470db770, 0x0000016747335b50, 0x0000016747bfd940,
0x0000016747c40da0, 0x0000016747f318b0, 0x0000016747920820, 0x0000016747e38cb0,
0x00000167480bd570, 0x00000167480bcee0, 0x00000167480bdc00, 0x00000167480be290,
0x00000167480be920, 0x00000167480bb4a0, 0x00000167480bbb30, 0x00000167480bc1c0,
0x00000167480bc850, 0x00000167485c3110, 0x00000167485c7940, 0x00000167485c4b50,
0x00000167485c5870, 0x00000167485c6590, 0x00000167485c3e30, 0x00000167485c8cf0,
0x00000167485c72b0, 0x00000167485c6c20, 0x00000167485c9380, 0x00000167485c9a10,
0x0000016748a09020, 0x000001674a951470
}

Java Threads: ( => current thread )
  0x0000016761620880 JavaThread "main"                              [_thread_blocked, id=5480, stack(0x0000004592f00000,0x0000004593000000) (1024K)]
  0x00000167411c7fe0 JavaThread "Reference Handler"          daemon [_thread_blocked, id=4536, stack(0x0000004593300000,0x0000004593400000) (1024K)]
  0x00000167616de0e0 JavaThread "Finalizer"                  daemon [_thread_blocked, id=6268, stack(0x0000004593400000,0x0000004593500000) (1024K)]
  0x00000167411cd140 JavaThread "Signal Dispatcher"          daemon [_thread_blocked, id=12512, stack(0x0000004593500000,0x0000004593600000) (1024K)]
  0x00000167411cde90 JavaThread "Attach Listener"            daemon [_thread_blocked, id=10372, stack(0x0000004593600000,0x0000004593700000) (1024K)]
  0x00000167411ceff0 JavaThread "Service Thread"             daemon [_thread_blocked, id=4720, stack(0x0000004593700000,0x0000004593800000) (1024K)]
  0x00000167411d1f50 JavaThread "Monitor Deflation Thread"   daemon [_thread_blocked, id=19644, stack(0x0000004593800000,0x0000004593900000) (1024K)]
=>0x00000167411d2e80 JavaThread "C2 CompilerThread0"         daemon [_thread_in_native, id=7096, stack(0x0000004593900000,0x0000004593a00000) (1024K)]
  0x0000016747008520 JavaThread "C1 CompilerThread0"         daemon [_thread_blocked, id=4120, stack(0x0000004593a00000,0x0000004593b00000) (1024K)]
  0x00000167470db770 JavaThread "Common-Cleaner"             daemon [_thread_blocked, id=13528, stack(0x0000004593b00000,0x0000004593c00000) (1024K)]
  0x0000016747335b50 JavaThread "Notification Thread"        daemon [_thread_blocked, id=18992, stack(0x0000004593d00000,0x0000004593e00000) (1024K)]
  0x0000016747bfd940 JavaThread "Active Thread: Equinox Container: 31c7d5dd-0e47-4e05-bf63-3cb0d79b62b4"        [_thread_blocked, id=14060, stack(0x0000004594500000,0x0000004594600000) (1024K)]
  0x0000016747c40da0 JavaThread "Framework Event Dispatcher: Equinox Container: 31c7d5dd-0e47-4e05-bf63-3cb0d79b62b4" daemon [_thread_blocked, id=20772, stack(0x0000004594600000,0x0000004594700000) (1024K)]
  0x0000016747f318b0 JavaThread "Start Level: Equinox Container: 31c7d5dd-0e47-4e05-bf63-3cb0d79b62b4" daemon [_thread_blocked, id=16524, stack(0x0000004594700000,0x0000004594800000) (1024K)]
  0x0000016747920820 JavaThread "SCR Component Actor"        daemon [_thread_blocked, id=10292, stack(0x0000004594800000,0x0000004594900000) (1024K)]
  0x0000016747e38cb0 JavaThread "Worker-JM"                         [_thread_blocked, id=7088, stack(0x0000004594a00000,0x0000004594b00000) (1024K)]
  0x00000167480bd570 JavaThread "JNA Cleaner"                daemon [_thread_blocked, id=12840, stack(0x0000004594b00000,0x0000004594c00000) (1024K)]
  0x00000167480bcee0 JavaThread "Worker-0"                          [_thread_blocked, id=18812, stack(0x0000004594c00000,0x0000004594d00000) (1024K)]
  0x00000167480bdc00 JavaThread "Worker-1"                          [_thread_blocked, id=20608, stack(0x0000004594400000,0x0000004594500000) (1024K)]
  0x00000167480be290 JavaThread "Thread-2"                   daemon [_thread_in_native, id=14564, stack(0x0000004594f00000,0x0000004595000000) (1024K)]
  0x00000167480be920 JavaThread "Thread-3"                   daemon [_thread_in_native, id=20868, stack(0x0000004595000000,0x0000004595100000) (1024K)]
  0x00000167480bb4a0 JavaThread "Thread-4"                   daemon [_thread_in_native, id=16092, stack(0x0000004595100000,0x0000004595200000) (1024K)]
  0x00000167480bbb30 JavaThread "Thread-5"                   daemon [_thread_in_native, id=10172, stack(0x0000004595200000,0x0000004595300000) (1024K)]
  0x00000167480bc1c0 JavaThread "Thread-6"                   daemon [_thread_in_native, id=17420, stack(0x0000004595300000,0x0000004595400000) (1024K)]
  0x00000167480bc850 JavaThread "Thread-7"                   daemon [_thread_in_native, id=8720, stack(0x0000004595400000,0x0000004595500000) (1024K)]
  0x00000167485c3110 JavaThread "Thread-8"                   daemon [_thread_in_native, id=21184, stack(0x0000004595500000,0x0000004595600000) (1024K)]
  0x00000167485c7940 JavaThread "Thread-9"                   daemon [_thread_in_native, id=1892, stack(0x0000004595600000,0x0000004595700000) (1024K)]
  0x00000167485c4b50 JavaThread "Thread-10"                  daemon [_thread_in_native, id=15592, stack(0x0000004595700000,0x0000004595800000) (1024K)]
  0x00000167485c5870 JavaThread "pool-2-thread-1"                   [_thread_blocked, id=4524, stack(0x0000004595800000,0x0000004595900000) (1024K)]
  0x00000167485c6590 JavaThread "Worker-2"                          [_thread_blocked, id=7208, stack(0x0000004595900000,0x0000004595a00000) (1024K)]
  0x00000167485c3e30 JavaThread "WorkspaceEventsHandler"            [_thread_blocked, id=21480, stack(0x0000004595a00000,0x0000004595b00000) (1024K)]
  0x00000167485c8cf0 JavaThread "pool-1-thread-1"                   [_thread_blocked, id=19768, stack(0x0000004595b00000,0x0000004595c00000) (1024K)]
  0x00000167485c72b0 JavaThread "ForkJoinPool.commonPool-worker-1" daemon [_thread_in_Java, id=7724, stack(0x0000004594e00000,0x0000004594f00000) (1024K)]
  0x00000167485c6c20 JavaThread "ForkJoinPool.commonPool-worker-2" daemon [_thread_blocked, id=16288, stack(0x0000004595c00000,0x0000004595d00000) (1024K)]
  0x00000167485c9380 JavaThread "ForkJoinPool.commonPool-worker-3" daemon [_thread_blocked, id=18356, stack(0x0000004594d00000,0x0000004594e00000) (1024K)]
  0x00000167485c9a10 JavaThread "ForkJoinPool.commonPool-worker-4" daemon [_thread_blocked, id=3140, stack(0x0000004595d00000,0x0000004595e00000) (1024K)]
  0x0000016748a09020 JavaThread "C2 CompilerThread1"         daemon [_thread_in_native, id=6224, stack(0x0000004593c00000,0x0000004593d00000) (1024K)]
  0x000001674a951470 JavaThread "C2 CompilerThread2"         daemon [_thread_in_native, id=11748, stack(0x0000004595e00000,0x0000004595f00000) (1024K)]
Total: 38

Other Threads:
  0x00000167411c3140 VMThread "VM Thread"                           [id=20636, stack(0x0000004593200000,0x0000004593300000) (1024K)]
  0x000001676168ceb0 WatcherThread "VM Periodic Task Thread"        [id=8680, stack(0x0000004593100000,0x0000004593200000) (1024K)]
  0x000001676163e830 WorkerThread "GC Thread#0"                     [id=12612, stack(0x0000004593000000,0x0000004593100000) (1024K)]
  0x0000016747649ad0 WorkerThread "GC Thread#1"                     [id=19520, stack(0x0000004593e00000,0x0000004593f00000) (1024K)]
  0x000001674764a090 WorkerThread "GC Thread#2"                     [id=9580, stack(0x0000004593f00000,0x0000004594000000) (1024K)]
  0x0000016747624aa0 WorkerThread "GC Thread#3"                     [id=16308, stack(0x0000004594000000,0x0000004594100000) (1024K)]
  0x0000016747624e50 WorkerThread "GC Thread#4"                     [id=3680, stack(0x0000004594100000,0x0000004594200000) (1024K)]
  0x0000016747625200 WorkerThread "GC Thread#5"                     [id=12680, stack(0x0000004594200000,0x0000004594300000) (1024K)]
  0x000001674775f2b0 WorkerThread "GC Thread#6"                     [id=5196, stack(0x0000004594300000,0x0000004594400000) (1024K)]
  0x0000016747c5fad0 WorkerThread "GC Thread#7"                     [id=2216, stack(0x0000004594900000,0x0000004594a00000) (1024K)]
Total: 10

Threads with active compile tasks:
C2 CompilerThread0  14064 5249 %     4       org.lombokweb.asm.SymbolTable::<init> @ 98 (536 bytes)
C2 CompilerThread1  14064 5110   !   4       org.eclipse.osgi.internal.loader.BundleLoader::findClass0 (470 bytes)
C2 CompilerThread2  14064 5330       4       org.lombokweb.asm.ClassReader::readMethod (1070 bytes)
Total: 3

VM state: not at safepoint (normal execution)

VM Mutex/Monitor currently owned by a thread: None

Heap address: 0x00000000c0000000, size: 1024 MB, Compressed Oops mode: 32-bit

CDS archive(s) mapped at: [0x0000016700000000-0x0000016700c60000-0x0000016700c60000), size 12976128, SharedBaseAddress: 0x0000016700000000, ArchiveRelocationMode: 1.
Compressed class space mapped at: 0x0000016701000000-0x0000016741000000, reserved size: 1073741824
Narrow klass base: 0x0000016700000000, Narrow klass shift: 0, Narrow klass range: 0x41000000

GC Precious Log:
 CardTable entry size: 512
 CPUs: 8 total, 8 available
 Memory: 7987M
 Large Page Support: Disabled
 NUMA Support: Disabled
 Compressed Oops: Enabled (32-bit)
 Alignments: Space 512K, Generation 512K, Heap 2M
 Heap Min Capacity: 100M
 Heap Initial Capacity: 100M
 Heap Max Capacity: 1G
 Pre-touch: Disabled
 Parallel Workers: 8

Heap:
 PSYoungGen      total 23040K, used 4741K [0x00000000eab00000, 0x00000000ec400000, 0x0000000100000000)
  eden space 20992K, 14% used [0x00000000eab00000,0x00000000eadf8e78,0x00000000ebf80000)
  from space 2048K, 82% used [0x00000000ec200000,0x00000000ec3a8818,0x00000000ec400000)
  to   space 2048K, 0% used [0x00000000ec000000,0x00000000ec000000,0x00000000ec200000)
 ParOldGen       total 68608K, used 30833K [0x00000000c0000000, 0x00000000c4300000, 0x00000000eab00000)
  object space 68608K, 44% used [0x00000000c0000000,0x00000000c1e1c600,0x00000000c4300000)
 Metaspace       used 38893K, committed 39936K, reserved 1114112K
  class space    used 3908K, committed 4352K, reserved 1048576K

Card table byte_map: [0x0000016760fc0000,0x00000167611d0000] _byte_map_base: 0x00000167609c0000

Marking Bits: (ParMarkBitMap*) 0x00007ffc7ffb1a90
 Begin Bits: [0x0000016778970000, 0x0000016779970000)
 End Bits:   [0x0000016779970000, 0x000001677a970000)

Polling page: 0x000001675f560000

Metaspace:

Usage:
  Non-class:     34.16 MB used.
      Class:      3.82 MB used.
       Both:     37.98 MB used.

Virtual space:
  Non-class space:       64.00 MB reserved,      34.75 MB ( 54%) committed,  1 nodes.
      Class space:        1.00 GB reserved,       4.25 MB ( <1%) committed,  1 nodes.
             Both:        1.06 GB reserved,      39.00 MB (  4%) committed. 

Chunk freelists:
   Non-Class:  12.58 MB
       Class:  11.73 MB
        Both:  24.31 MB

MaxMetaspaceSize: unlimited
CompressedClassSpaceSize: 1.00 GB
Initial GC threshold: 21.00 MB
Current GC threshold: 58.38 MB
CDS: on
 - commit_granule_bytes: 65536.
 - commit_granule_words: 8192.
 - virtual_space_node_default_size: 8388608.
 - enlarge_chunks_in_place: 1.
 - use_allocation_guard: 0.


Internal statistics:

num_allocs_failed_limit: 6.
num_arena_births: 830.
num_arena_deaths: 74.
num_vsnodes_births: 2.
num_vsnodes_deaths: 0.
num_space_committed: 624.
num_space_uncommitted: 0.
num_chunks_returned_to_freelist: 104.
num_chunks_taken_from_freelist: 2496.
num_chunk_merges: 29.
num_chunk_splits: 1558.
num_chunks_enlarged: 918.
num_inconsistent_stats: 0.

CodeHeap 'non-profiled nmethods': size=120000Kb used=2806Kb max_used=2806Kb free=117193Kb
 bounds [0x0000016771440000, 0x0000016771700000, 0x0000016778970000]
CodeHeap 'profiled nmethods': size=120000Kb used=10347Kb max_used=10347Kb free=109653Kb
 bounds [0x0000016769970000, 0x000001676a390000, 0x0000016770ea0000]
CodeHeap 'non-nmethods': size=5760Kb used=1416Kb max_used=1450Kb free=4344Kb
 bounds [0x0000016770ea0000, 0x0000016771110000, 0x0000016771440000]
 total_blobs=5654 nmethods=4942 adapters=618
 compilation: enabled
              stopped_count=0, restarted_count=0
 full_count=0

Compilation events (20 events):
Event: 13.952 Thread 0x0000016747008520 5288       3       java.util.stream.AbstractPipeline::evaluate (94 bytes)
Event: 13.953 Thread 0x0000016747008520 nmethod 5288 0x000001676a361090 code [0x000001676a3612c0, 0x000001676a361a70]
Event: 13.953 Thread 0x0000016747008520 5290       3       java.util.stream.ReferencePipeline::toArray (18 bytes)
Event: 13.953 Thread 0x0000016747008520 nmethod 5290 0x000001676a361c90 code [0x000001676a361e60, 0x000001676a3620b8]
Event: 13.953 Thread 0x0000016747008520 5293       3       java.util.LinkedHashMap::keySet (5 bytes)
Event: 13.953 Thread 0x0000016747008520 nmethod 5293 0x000001676a362190 code [0x000001676a362340, 0x000001676a362498]
Event: 13.953 Thread 0x0000016747008520 5291       3       java.util.stream.AbstractPipeline::evaluateToArrayNode (78 bytes)
Event: 13.954 Thread 0x0000016747008520 nmethod 5291 0x000001676a362590 code [0x000001676a3627a0, 0x000001676a362e58]
Event: 13.954 Thread 0x0000016747008520 5292       3       java.util.stream.Nodes::flatten (70 bytes)
Event: 13.954 Thread 0x0000016747008520 nmethod 5292 0x000001676a363010 code [0x000001676a363260, 0x000001676a363a88]
Event: 13.954 Thread 0x0000016747008520 5295       3       lombok.eclipse.EclipseNode::traverse (800 bytes)
Event: 13.960 Thread 0x0000016747008520 nmethod 5295 0x000001676a363d90 code [0x000001676a364560, 0x000001676a36bdf8]
Event: 13.960 Thread 0x0000016747008520 5299       3       org.eclipse.jdt.internal.compiler.lookup.BinaryTypeBinding::getTypeAnnotationWalker (128 bytes)
Event: 13.961 Thread 0x0000016747008520 nmethod 5299 0x000001676a36d490 code [0x000001676a36d6e0, 0x000001676a36e0d8]
Event: 13.961 Thread 0x0000016747008520 5302       3       org.eclipse.jdt.internal.compiler.lookup.LookupEnvironment::getCachedType0 (112 bytes)
Event: 13.963 Thread 0x0000016747008520 nmethod 5302 0x000001676a36e410 code [0x000001676a36e6c0, 0x000001676a36f4e0]
Event: 13.963 Thread 0x0000016747008520 5300       3       org.eclipse.jdt.internal.compiler.lookup.TypeBinding::hasTypeAnnotations (17 bytes)
Event: 13.964 Thread 0x0000016747008520 nmethod 5300 0x000001676a36f990 code [0x000001676a36fb20, 0x000001676a36fca0]
Event: 13.964 Thread 0x0000016747008520 5298       3       org.eclipse.jdt.internal.compiler.lookup.LookupEnvironment::getCachedType (122 bytes)
Event: 13.965 Thread 0x0000016747008520 nmethod 5298 0x000001676a36fd10 code [0x000001676a36ff40, 0x000001676a3706a0]

GC Heap History (20 events):
Event: 8.127 GC heap before
{Heap before GC invocations=12 (full 1):
 PSYoungGen      total 26624K, used 26524K [0x00000000eab00000, 0x00000000eca00000, 0x0000000100000000)
  eden space 23040K, 100% used [0x00000000eab00000,0x00000000ec180000,0x00000000ec180000)
  from space 3584K, 97% used [0x00000000ec680000,0x00000000ec9e7108,0x00000000eca00000)
  to   space 4096K, 0% used [0x00000000ec200000,0x00000000ec200000,0x00000000ec600000)
 ParOldGen       total 68608K, used 13793K [0x00000000c0000000, 0x00000000c4300000, 0x00000000eab00000)
  object space 68608K, 20% used [0x00000000c0000000,0x00000000c0d78558,0x00000000c4300000)
 Metaspace       used 32001K, committed 33024K, reserved 1114112K
  class space    used 3203K, committed 3648K, reserved 1048576K
}
Event: 8.148 GC heap after
{Heap after GC invocations=12 (full 1):
 PSYoungGen      total 25088K, used 2193K [0x00000000eab00000, 0x00000000ec700000, 0x0000000100000000)
  eden space 22528K, 0% used [0x00000000eab00000,0x00000000eab00000,0x00000000ec100000)
  from space 2560K, 85% used [0x00000000ec200000,0x00000000ec424410,0x00000000ec480000)
  to   space 2560K, 0% used [0x00000000ec480000,0x00000000ec480000,0x00000000ec700000)
 ParOldGen       total 68608K, used 17080K [0x00000000c0000000, 0x00000000c4300000, 0x00000000eab00000)
  object space 68608K, 24% used [0x00000000c0000000,0x00000000c10ae1f0,0x00000000c4300000)
 Metaspace       used 32001K, committed 33024K, reserved 1114112K
  class space    used 3203K, committed 3648K, reserved 1048576K
}
Event: 8.331 GC heap before
{Heap before GC invocations=13 (full 1):
 PSYoungGen      total 25088K, used 24721K [0x00000000eab00000, 0x00000000ec700000, 0x0000000100000000)
  eden space 22528K, 100% used [0x00000000eab00000,0x00000000ec100000,0x00000000ec100000)
  from space 2560K, 85% used [0x00000000ec200000,0x00000000ec424410,0x00000000ec480000)
  to   space 2560K, 0% used [0x00000000ec480000,0x00000000ec480000,0x00000000ec700000)
 ParOldGen       total 68608K, used 17080K [0x00000000c0000000, 0x00000000c4300000, 0x00000000eab00000)
  object space 68608K, 24% used [0x00000000c0000000,0x00000000c10ae1f0,0x00000000c4300000)
 Metaspace       used 32097K, committed 33088K, reserved 1114112K
  class space    used 3203K, committed 3648K, reserved 1048576K
}
Event: 8.338 GC heap after
{Heap after GC invocations=13 (full 1):
 PSYoungGen      total 24576K, used 2242K [0x00000000eab00000, 0x00000000ec700000, 0x0000000100000000)
  eden space 22016K, 0% used [0x00000000eab00000,0x00000000eab00000,0x00000000ec080000)
  from space 2560K, 87% used [0x00000000ec480000,0x00000000ec6b0810,0x00000000ec700000)
  to   space 2560K, 0% used [0x00000000ec200000,0x00000000ec200000,0x00000000ec480000)
 ParOldGen       total 68608K, used 19056K [0x00000000c0000000, 0x00000000c4300000, 0x00000000eab00000)
  object space 68608K, 27% used [0x00000000c0000000,0x00000000c129c1f0,0x00000000c4300000)
 Metaspace       used 32097K, committed 33088K, reserved 1114112K
  class space    used 3203K, committed 3648K, reserved 1048576K
}
Event: 10.170 GC heap before
{Heap before GC invocations=14 (full 1):
 PSYoungGen      total 24576K, used 24251K [0x00000000eab00000, 0x00000000ec700000, 0x0000000100000000)
  eden space 22016K, 99% used [0x00000000eab00000,0x00000000ec07e610,0x00000000ec080000)
  from space 2560K, 87% used [0x00000000ec480000,0x00000000ec6b0810,0x00000000ec700000)
  to   space 2560K, 0% used [0x00000000ec200000,0x00000000ec200000,0x00000000ec480000)
 ParOldGen       total 68608K, used 19056K [0x00000000c0000000, 0x00000000c4300000, 0x00000000eab00000)
  object space 68608K, 27% used [0x00000000c0000000,0x00000000c129c1f0,0x00000000c4300000)
 Metaspace       used 34014K, committed 35008K, reserved 1114112K
  class space    used 3463K, committed 3904K, reserved 1048576K
}
Event: 10.173 GC heap after
{Heap after GC invocations=14 (full 1):
 PSYoungGen      total 23040K, used 1014K [0x00000000eab00000, 0x00000000ec500000, 0x0000000100000000)
  eden space 22016K, 0% used [0x00000000eab00000,0x00000000eab00000,0x00000000ec080000)
  from space 1024K, 99% used [0x00000000ec200000,0x00000000ec2fda78,0x00000000ec300000)
  to   space 1536K, 0% used [0x00000000ec380000,0x00000000ec380000,0x00000000ec500000)
 ParOldGen       total 68608K, used 21143K [0x00000000c0000000, 0x00000000c4300000, 0x00000000eab00000)
  object space 68608K, 30% used [0x00000000c0000000,0x00000000c14a5d58,0x00000000c4300000)
 Metaspace       used 34014K, committed 35008K, reserved 1114112K
  class space    used 3463K, committed 3904K, reserved 1048576K
}
Event: 11.164 GC heap before
{Heap before GC invocations=15 (full 1):
 PSYoungGen      total 23040K, used 18195K [0x00000000eab00000, 0x00000000ec500000, 0x0000000100000000)
  eden space 22016K, 78% used [0x00000000eab00000,0x00000000ebbc7508,0x00000000ec080000)
  from space 1024K, 99% used [0x00000000ec200000,0x00000000ec2fda78,0x00000000ec300000)
  to   space 1536K, 0% used [0x00000000ec380000,0x00000000ec380000,0x00000000ec500000)
 ParOldGen       total 68608K, used 21143K [0x00000000c0000000, 0x00000000c4300000, 0x00000000eab00000)
  object space 68608K, 30% used [0x00000000c0000000,0x00000000c14a5d58,0x00000000c4300000)
 Metaspace       used 34864K, committed 35840K, reserved 1114112K
  class space    used 3557K, committed 3968K, reserved 1048576K
}
Event: 11.166 GC heap after
{Heap after GC invocations=15 (full 1):
 PSYoungGen      total 22528K, used 352K [0x00000000eab00000, 0x00000000ec400000, 0x0000000100000000)
  eden space 22016K, 0% used [0x00000000eab00000,0x00000000eab00000,0x00000000ec080000)
  from space 512K, 68% used [0x00000000ec380000,0x00000000ec3d8000,0x00000000ec400000)
  to   space 1024K, 0% used [0x00000000ec200000,0x00000000ec200000,0x00000000ec300000)
 ParOldGen       total 68608K, used 22058K [0x00000000c0000000, 0x00000000c4300000, 0x00000000eab00000)
  object space 68608K, 32% used [0x00000000c0000000,0x00000000c158a8b8,0x00000000c4300000)
 Metaspace       used 34864K, committed 35840K, reserved 1114112K
  class space    used 3557K, committed 3968K, reserved 1048576K
}
Event: 11.166 GC heap before
{Heap before GC invocations=16 (full 2):
 PSYoungGen      total 22528K, used 352K [0x00000000eab00000, 0x00000000ec400000, 0x0000000100000000)
  eden space 22016K, 0% used [0x00000000eab00000,0x00000000eab00000,0x00000000ec080000)
  from space 512K, 68% used [0x00000000ec380000,0x00000000ec3d8000,0x00000000ec400000)
  to   space 1024K, 0% used [0x00000000ec200000,0x00000000ec200000,0x00000000ec300000)
 ParOldGen       total 68608K, used 22058K [0x00000000c0000000, 0x00000000c4300000, 0x00000000eab00000)
  object space 68608K, 32% used [0x00000000c0000000,0x00000000c158a8b8,0x00000000c4300000)
 Metaspace       used 34864K, committed 35840K, reserved 1114112K
  class space    used 3557K, committed 3968K, reserved 1048576K
}
Event: 11.225 GC heap after
{Heap after GC invocations=16 (full 2):
 PSYoungGen      total 22528K, used 0K [0x00000000eab00000, 0x00000000ec400000, 0x0000000100000000)
  eden space 22016K, 0% used [0x00000000eab00000,0x00000000eab00000,0x00000000ec080000)
  from space 512K, 0% used [0x00000000ec380000,0x00000000ec380000,0x00000000ec400000)
  to   space 1024K, 0% used [0x00000000ec200000,0x00000000ec200000,0x00000000ec300000)
 ParOldGen       total 68608K, used 21748K [0x00000000c0000000, 0x00000000c4300000, 0x00000000eab00000)
  object space 68608K, 31% used [0x00000000c0000000,0x00000000c153d080,0x00000000c4300000)
 Metaspace       used 34812K, committed 35840K, reserved 1114112K
  class space    used 3542K, committed 3968K, reserved 1048576K
}
Event: 12.676 GC heap before
{Heap before GC invocations=17 (full 2):
 PSYoungGen      total 22528K, used 22016K [0x00000000eab00000, 0x00000000ec400000, 0x0000000100000000)
  eden space 22016K, 100% used [0x00000000eab00000,0x00000000ec080000,0x00000000ec080000)
  from space 512K, 0% used [0x00000000ec380000,0x00000000ec380000,0x00000000ec400000)
  to   space 1024K, 0% used [0x00000000ec200000,0x00000000ec200000,0x00000000ec300000)
 ParOldGen       total 68608K, used 21748K [0x00000000c0000000, 0x00000000c4300000, 0x00000000eab00000)
  object space 68608K, 31% used [0x00000000c0000000,0x00000000c153d080,0x00000000c4300000)
 Metaspace       used 37260K, committed 38208K, reserved 1114112K
  class space    used 3734K, committed 4160K, reserved 1048576K
}
Event: 12.678 GC heap after
{Heap after GC invocations=17 (full 2):
 PSYoungGen      total 23040K, used 1024K [0x00000000eab00000, 0x00000000ec400000, 0x0000000100000000)
  eden space 22016K, 0% used [0x00000000eab00000,0x00000000eab00000,0x00000000ec080000)
  from space 1024K, 100% used [0x00000000ec200000,0x00000000ec300000,0x00000000ec300000)
  to   space 1024K, 0% used [0x00000000ec300000,0x00000000ec300000,0x00000000ec400000)
 ParOldGen       total 68608K, used 21852K [0x00000000c0000000, 0x00000000c4300000, 0x00000000eab00000)
  object space 68608K, 31% used [0x00000000c0000000,0x00000000c1557080,0x00000000c4300000)
 Metaspace       used 37260K, committed 38208K, reserved 1114112K
  class space    used 3734K, committed 4160K, reserved 1048576K
}
Event: 12.830 GC heap before
{Heap before GC invocations=18 (full 2):
 PSYoungGen      total 23040K, used 23040K [0x00000000eab00000, 0x00000000ec400000, 0x0000000100000000)
  eden space 22016K, 100% used [0x00000000eab00000,0x00000000ec080000,0x00000000ec080000)
  from space 1024K, 100% used [0x00000000ec200000,0x00000000ec300000,0x00000000ec300000)
  to   space 1024K, 0% used [0x00000000ec300000,0x00000000ec300000,0x00000000ec400000)
 ParOldGen       total 68608K, used 21852K [0x00000000c0000000, 0x00000000c4300000, 0x00000000eab00000)
  object space 68608K, 31% used [0x00000000c0000000,0x00000000c1557080,0x00000000c4300000)
 Metaspace       used 37261K, committed 38208K, reserved 1114112K
  class space    used 3734K, committed 4160K, reserved 1048576K
}
Event: 12.836 GC heap after
{Heap after GC invocations=18 (full 2):
 PSYoungGen      total 22016K, used 1024K [0x00000000eab00000, 0x00000000ec780000, 0x0000000100000000)
  eden space 20992K, 0% used [0x00000000eab00000,0x00000000eab00000,0x00000000ebf80000)
  from space 1024K, 100% used [0x00000000ec300000,0x00000000ec400000,0x00000000ec400000)
  to   space 3584K, 0% used [0x00000000ebf80000,0x00000000ebf80000,0x00000000ec300000)
 ParOldGen       total 68608K, used 23730K [0x00000000c0000000, 0x00000000c4300000, 0x00000000eab00000)
  object space 68608K, 34% used [0x00000000c0000000,0x00000000c172c980,0x00000000c4300000)
 Metaspace       used 37261K, committed 38208K, reserved 1114112K
  class space    used 3734K, committed 4160K, reserved 1048576K
}
Event: 13.068 GC heap before
{Heap before GC invocations=19 (full 2):
 PSYoungGen      total 22016K, used 22015K [0x00000000eab00000, 0x00000000ec780000, 0x0000000100000000)
  eden space 20992K, 99% used [0x00000000eab00000,0x00000000ebf7ffd8,0x00000000ebf80000)
  from space 1024K, 100% used [0x00000000ec300000,0x00000000ec400000,0x00000000ec400000)
  to   space 3584K, 0% used [0x00000000ebf80000,0x00000000ebf80000,0x00000000ec300000)
 ParOldGen       total 68608K, used 23730K [0x00000000c0000000, 0x00000000c4300000, 0x00000000eab00000)
  object space 68608K, 34% used [0x00000000c0000000,0x00000000c172c980,0x00000000c4300000)
 Metaspace       used 37389K, committed 38336K, reserved 1114112K
  class space    used 3740K, committed 4160K, reserved 1048576K
}
Event: 13.074 GC heap after
{Heap after GC invocations=19 (full 2):
 PSYoungGen      total 23552K, used 2340K [0x00000000eab00000, 0x00000000ec480000, 0x0000000100000000)
  eden space 20992K, 0% used [0x00000000eab00000,0x00000000eab00000,0x00000000ebf80000)
  from space 2560K, 91% used [0x00000000ebf80000,0x00000000ec1c9020,0x00000000ec200000)
  to   space 2560K, 0% used [0x00000000ec200000,0x00000000ec200000,0x00000000ec480000)
 ParOldGen       total 68608K, used 24778K [0x00000000c0000000, 0x00000000c4300000, 0x00000000eab00000)
  object space 68608K, 36% used [0x00000000c0000000,0x00000000c1832980,0x00000000c4300000)
 Metaspace       used 37389K, committed 38336K, reserved 1114112K
  class space    used 3740K, committed 4160K, reserved 1048576K
}
Event: 13.203 GC heap before
{Heap before GC invocations=20 (full 2):
 PSYoungGen      total 23552K, used 23332K [0x00000000eab00000, 0x00000000ec480000, 0x0000000100000000)
  eden space 20992K, 100% used [0x00000000eab00000,0x00000000ebf80000,0x00000000ebf80000)
  from space 2560K, 91% used [0x00000000ebf80000,0x00000000ec1c9020,0x00000000ec200000)
  to   space 2560K, 0% used [0x00000000ec200000,0x00000000ec200000,0x00000000ec480000)
 ParOldGen       total 68608K, used 24778K [0x00000000c0000000, 0x00000000c4300000, 0x00000000eab00000)
  object space 68608K, 36% used [0x00000000c0000000,0x00000000c1832980,0x00000000c4300000)
 Metaspace       used 37400K, committed 38400K, reserved 1114112K
  class space    used 3741K, committed 4160K, reserved 1048576K
}
Event: 13.209 GC heap after
{Heap after GC invocations=20 (full 2):
 PSYoungGen      total 23552K, used 2496K [0x00000000eab00000, 0x00000000ec480000, 0x0000000100000000)
  eden space 20992K, 0% used [0x00000000eab00000,0x00000000eab00000,0x00000000ebf80000)
  from space 2560K, 97% used [0x00000000ec200000,0x00000000ec470010,0x00000000ec480000)
  to   space 2560K, 0% used [0x00000000ebf80000,0x00000000ebf80000,0x00000000ec200000)
 ParOldGen       total 68608K, used 26947K [0x00000000c0000000, 0x00000000c4300000, 0x00000000eab00000)
  object space 68608K, 39% used [0x00000000c0000000,0x00000000c1a50c20,0x00000000c4300000)
 Metaspace       used 37400K, committed 38400K, reserved 1114112K
  class space    used 3741K, committed 4160K, reserved 1048576K
}
Event: 13.494 GC heap before
{Heap before GC invocations=21 (full 2):
 PSYoungGen      total 23552K, used 23488K [0x00000000eab00000, 0x00000000ec480000, 0x0000000100000000)
  eden space 20992K, 100% used [0x00000000eab00000,0x00000000ebf80000,0x00000000ebf80000)
  from space 2560K, 97% used [0x00000000ec200000,0x00000000ec470010,0x00000000ec480000)
  to   space 2560K, 0% used [0x00000000ebf80000,0x00000000ebf80000,0x00000000ec200000)
 ParOldGen       total 68608K, used 26947K [0x00000000c0000000, 0x00000000c4300000, 0x00000000eab00000)
  object space 68608K, 39% used [0x00000000c0000000,0x00000000c1a50c20,0x00000000c4300000)
 Metaspace       used 38006K, committed 38976K, reserved 1114112K
  class space    used 3806K, committed 4224K, reserved 1048576K
}
Event: 13.499 GC heap after
{Heap after GC invocations=21 (full 2):
 PSYoungGen      total 23552K, used 2040K [0x00000000eab00000, 0x00000000ec480000, 0x0000000100000000)
  eden space 20992K, 0% used [0x00000000eab00000,0x00000000eab00000,0x00000000ebf80000)
  from space 2560K, 79% used [0x00000000ebf80000,0x00000000ec17e200,0x00000000ec200000)
  to   space 2560K, 0% used [0x00000000ec200000,0x00000000ec200000,0x00000000ec480000)
 ParOldGen       total 68608K, used 29155K [0x00000000c0000000, 0x00000000c4300000, 0x00000000eab00000)
  object space 68608K, 42% used [0x00000000c0000000,0x00000000c1c78c30,0x00000000c4300000)
 Metaspace       used 38006K, committed 38976K, reserved 1114112K
  class space    used 3806K, committed 4224K, reserved 1048576K
}

Dll operation events (11 events):
Event: 0.020 Loaded shared library C:\Program Files\Java\jdk-22\bin\java.dll
Event: 0.070 Loaded shared library C:\Program Files\Java\jdk-22\bin\jsvml.dll
Event: 0.189 Loaded shared library C:\Program Files\Java\jdk-22\bin\zip.dll
Event: 0.203 Loaded shared library C:\Program Files\Java\jdk-22\bin\instrument.dll
Event: 0.208 Loaded shared library C:\Program Files\Java\jdk-22\bin\net.dll
Event: 0.210 Loaded shared library C:\Program Files\Java\jdk-22\bin\nio.dll
Event: 0.215 Loaded shared library C:\Program Files\Java\jdk-22\bin\zip.dll
Event: 0.245 Loaded shared library C:\Program Files\Java\jdk-22\bin\jimage.dll
Event: 0.415 Loaded shared library C:\Program Files\Java\jdk-22\bin\verify.dll
Event: 2.091 Loaded shared library C:\Users\Kiet\AppData\Roaming\Code\User\globalStorage\redhat.java\1.36.0\config_ss_win\org.eclipse.equinox.launcher\org.eclipse.equinox.launcher.win32.win32.x86_64_1.2.1100.v20240722-2106\eclipse_11904.dll
Event: 3.348 Loaded shared library C:\Users\Kiet\AppData\Local\Temp\jna-2338477\jna17816260117943058443.dll

Deoptimization events (20 events):
Event: 13.622 Thread 0x00000167480bdc00 Uncommon trap: trap_request=0xffffff45 fr.pc=0x0000016771645050 relative=0x0000000000000850
Event: 13.622 Thread 0x00000167480bdc00 Uncommon trap: reason=unstable_if action=reinterpret pc=0x0000016771645050 method=jdk.internal.jrtfs.JrtFileSystem.checkNode(Ljdk/internal/jrtfs/JrtPath;)Ljdk/internal/jimage/ImageReader$Node; @ 16 c2
Event: 13.622 Thread 0x00000167480bdc00 DEOPT PACKING pc=0x0000016771645050 sp=0x00000045944fcb90
Event: 13.622 Thread 0x00000167480bdc00 DEOPT UNPACKING pc=0x0000016770ef6da2 sp=0x00000045944fcba0 mode 2
Event: 13.732 Thread 0x00000167485c72b0 Uncommon trap: trap_request=0xffffff45 fr.pc=0x00000167716eb638 relative=0x0000000000000198
Event: 13.732 Thread 0x00000167485c72b0 Uncommon trap: reason=unstable_if action=reinterpret pc=0x00000167716eb638 method=org.eclipse.jdt.internal.compiler.util.CharDeduplication.equals([CII[C)Z @ 28 c2
Event: 13.732 Thread 0x00000167485c72b0 DEOPT PACKING pc=0x00000167716eb638 sp=0x0000004594efcef0
Event: 13.732 Thread 0x00000167485c72b0 DEOPT UNPACKING pc=0x0000016770ef6da2 sp=0x0000004594efce68 mode 2
Event: 13.843 Thread 0x00000167480bdc00 Uncommon trap: trap_request=0xffffff45 fr.pc=0x00000167714916e0 relative=0x00000000000000c0
Event: 13.843 Thread 0x00000167480bdc00 Uncommon trap: reason=unstable_if action=reinterpret pc=0x00000167714916e0 method=java.util.Hashtable$Enumerator.nextElement()Ljava/lang/Object; @ 87 c2
Event: 13.843 Thread 0x00000167480bdc00 DEOPT PACKING pc=0x00000167714916e0 sp=0x00000045944fe970
Event: 13.843 Thread 0x00000167480bdc00 DEOPT UNPACKING pc=0x0000016770ef6da2 sp=0x00000045944fe898 mode 2
Event: 13.893 Thread 0x00000167485c72b0 DEOPT PACKING pc=0x0000016769eaaa1b sp=0x0000004594efbe80
Event: 13.893 Thread 0x00000167485c72b0 DEOPT UNPACKING pc=0x0000016770ef78e2 sp=0x0000004594efb3b0 mode 0
Event: 13.912 Thread 0x00000167485c72b0 DEOPT PACKING pc=0x0000016769eaaa1b sp=0x0000004594efbe80
Event: 13.912 Thread 0x00000167485c72b0 DEOPT UNPACKING pc=0x0000016770ef78e2 sp=0x0000004594efb3b0 mode 0
Event: 13.962 Thread 0x00000167480bdc00 Uncommon trap: trap_request=0xffffff45 fr.pc=0x0000016771472c38 relative=0x0000000000000098
Event: 13.962 Thread 0x00000167480bdc00 Uncommon trap: reason=unstable_if action=reinterpret pc=0x0000016771472c38 method=java.util.Hashtable$Enumerator.nextElement()Ljava/lang/Object; @ 87 c2
Event: 13.962 Thread 0x00000167480bdc00 DEOPT PACKING pc=0x0000016771472c38 sp=0x00000045944fe930
Event: 13.962 Thread 0x00000167480bdc00 DEOPT UNPACKING pc=0x0000016770ef6da2 sp=0x00000045944fe8b0 mode 2

Classes loaded (20 events):
Event: 11.852 Loading class java/util/concurrent/CompletionException
Event: 11.852 Loading class java/util/concurrent/CompletionException done
Event: 12.376 Loading class java/lang/UnsupportedClassVersionError
Event: 12.376 Loading class java/lang/UnsupportedClassVersionError done
Event: 12.380 Loading class java/io/FileReader
Event: 12.380 Loading class java/io/FileReader done
Event: 12.536 Loading class java/util/stream/MatchOps$MatchKind
Event: 12.536 Loading class java/util/stream/MatchOps$MatchKind done
Event: 12.536 Loading class java/util/stream/MatchOps
Event: 12.537 Loading class java/util/stream/MatchOps done
Event: 12.537 Loading class java/util/stream/MatchOps$MatchOp
Event: 12.537 Loading class java/util/stream/MatchOps$MatchOp done
Event: 12.538 Loading class java/util/stream/MatchOps$BooleanTerminalSink
Event: 12.538 Loading class java/util/stream/MatchOps$BooleanTerminalSink done
Event: 12.577 Loading class java/util/stream/MatchOps$1MatchSink
Event: 12.577 Loading class java/util/stream/MatchOps$1MatchSink done
Event: 13.485 Loading class java/util/stream/ReduceOps$4
Event: 13.486 Loading class java/util/stream/ReduceOps$4 done
Event: 13.486 Loading class java/util/stream/ReduceOps$4ReducingSink
Event: 13.486 Loading class java/util/stream/ReduceOps$4ReducingSink done

Classes unloaded (20 events):
Event: 11.176 Thread 0x00000167411c3140 Unloading class 0x000001670135fc00 'java/lang/invoke/LambdaForm$MH+0x000001670135fc00'
Event: 11.176 Thread 0x00000167411c3140 Unloading class 0x000001670135f400 'java/lang/invoke/LambdaForm$MH+0x000001670135f400'
Event: 11.176 Thread 0x00000167411c3140 Unloading class 0x000001670135f000 'java/lang/invoke/LambdaForm$MH+0x000001670135f000'
Event: 11.176 Thread 0x00000167411c3140 Unloading class 0x000001670135ec00 'java/lang/invoke/LambdaForm$MH+0x000001670135ec00'
Event: 11.176 Thread 0x00000167411c3140 Unloading class 0x000001670135e000 'java/lang/invoke/LambdaForm$MH+0x000001670135e000'
Event: 11.176 Thread 0x00000167411c3140 Unloading class 0x000001670135d800 'java/lang/invoke/LambdaForm$MH+0x000001670135d800'
Event: 11.176 Thread 0x00000167411c3140 Unloading class 0x000001670135d400 'java/lang/invoke/LambdaForm$MH+0x000001670135d400'
Event: 11.176 Thread 0x00000167411c3140 Unloading class 0x000001670135cc00 'java/lang/invoke/LambdaForm$DMH+0x000001670135cc00'
Event: 11.176 Thread 0x00000167411c3140 Unloading class 0x000001670135c800 'java/lang/invoke/LambdaForm$MH+0x000001670135c800'
Event: 11.176 Thread 0x00000167411c3140 Unloading class 0x000001670135bc00 'java/lang/invoke/LambdaForm$MH+0x000001670135bc00'
Event: 11.176 Thread 0x00000167411c3140 Unloading class 0x0000016701358400 'java/lang/invoke/LambdaForm$MH+0x0000016701358400'
Event: 11.176 Thread 0x00000167411c3140 Unloading class 0x0000016701358000 'java/lang/invoke/LambdaForm$MH+0x0000016701358000'
Event: 11.176 Thread 0x00000167411c3140 Unloading class 0x0000016701357800 'java/lang/invoke/LambdaForm$MH+0x0000016701357800'
Event: 11.176 Thread 0x00000167411c3140 Unloading class 0x0000016701357400 'java/lang/invoke/LambdaForm$MH+0x0000016701357400'
Event: 11.176 Thread 0x00000167411c3140 Unloading class 0x0000016701356c00 'java/lang/invoke/LambdaForm$MH+0x0000016701356c00'
Event: 11.176 Thread 0x00000167411c3140 Unloading class 0x0000016701356800 'java/lang/invoke/LambdaForm$MH+0x0000016701356800'
Event: 11.176 Thread 0x00000167411c3140 Unloading class 0x0000016701355400 'java/lang/invoke/LambdaForm$MH+0x0000016701355400'
Event: 11.176 Thread 0x00000167411c3140 Unloading class 0x0000016701355000 'java/lang/invoke/LambdaForm$MH+0x0000016701355000'
Event: 11.176 Thread 0x00000167411c3140 Unloading class 0x0000016701354c00 'java/lang/invoke/LambdaForm$MH+0x0000016701354c00'
Event: 11.176 Thread 0x00000167411c3140 Unloading class 0x0000016701354800 'java/lang/invoke/LambdaForm$DMH+0x0000016701354800'

Classes redefined (0 events):
No events

Internal exceptions (20 events):
Event: 7.632 Thread 0x00000167485c6c20 Exception <a 'java/lang/NoSuchMethodError'{0x00000000eb86e0d0}: 'int java.lang.invoke.Invokers$Holder.linkToTargetMethod(java.lang.Object, java.lang.Object, java.lang.Object)'> (0x00000000eb86e0d0) 
thrown [s\open\src\hotspot\share\interpreter\linkResolver.cpp, line 774]
Event: 9.670 Thread 0x00000167485c8cf0 Exception <a 'java/lang/LinkageError'{0x00000000eb885010}: loader lombok.launch.ShadowClassLoader @75e5d45a attempted duplicate class definition for lombok.launch.PatchFixesHider$Transform. (lombok.launch.PatchFixesHider$Transform is in unnamed module of loader lombok.launch.ShadowClassLoader @75e5d45a, parent loader org.eclipse.osgi.internal.loader.EquinoxClassLoader @6a9c53b1)> (0x00000000eb885010) 
thrown [s\open\src\hotspot\share\classfile\systemDictionary.cpp, line 1684]
Event: 11.248 Thread 0x00000167485c72b0 Implicit null exception at 0x00000167716cce9d to 0x00000167716cda24
Event: 11.832 Thread 0x00000167485c8cf0 Exception <a 'java/lang/IncompatibleClassChangeError'{0x00000000eb7f0ef0}: Found class java.lang.Object, but interface was expected> (0x00000000eb7f0ef0) 
thrown [s\open\src\hotspot\share\interpreter\linkResolver.cpp, line 841]
Event: 11.840 Thread 0x00000167485c8cf0 Exception <a 'java/lang/IncompatibleClassChangeError'{0x00000000eb8004f8}: Found class java.lang.Object, but interface was expected> (0x00000000eb8004f8) 
thrown [s\open\src\hotspot\share\interpreter\linkResolver.cpp, line 841]
Event: 11.846 Thread 0x00000167485c8cf0 Exception <a 'java/lang/IncompatibleClassChangeError'{0x00000000eb810b40}: Found class java.lang.Object, but interface was expected> (0x00000000eb810b40) 
thrown [s\open\src\hotspot\share\interpreter\linkResolver.cpp, line 841]
Event: 12.273 Thread 0x00000167485c6590 Exception <a 'java/lang/NoSuchMethodError'{0x00000000eb8e90b8}: 'java.lang.Object java.lang.invoke.DirectMethodHandle$Holder.invokeSpecial(java.lang.Object, java.lang.Object, int, long)'> (0x00000000eb8e90b8) 
thrown [s\open\src\hotspot\share\interpreter\linkResolver.cpp, line 774]
Event: 12.328 Thread 0x00000167485c6c20 Exception <a 'java/lang/ArrayIndexOutOfBoundsException'{0x00000000eb9c23c0}: Index 255 out of bounds for length 254> (0x00000000eb9c23c0) 
thrown [s\open\src\hotspot\share\interpreter\interpreterRuntime.cpp, line 436]
Event: 12.441 Thread 0x00000167485c72b0 Exception <a 'java/lang/NoSuchMethodError'{0x00000000ebbbc7d8}: 'int java.lang.invoke.Invokers$Holder.invokeExact_MT(java.lang.Object, java.lang.Object)'> (0x00000000ebbbc7d8) 
thrown [s\open\src\hotspot\share\interpreter\linkResolver.cpp, line 774]
Event: 13.369 Thread 0x00000167485c72b0 Exception <a 'java/lang/NoSuchMethodError'{0x00000000ebc55340}: 'int java.lang.invoke.DirectMethodHandle$Holder.invokeInterface(java.lang.Object, java.lang.Object)'> (0x00000000ebc55340) 
thrown [s\open\src\hotspot\share\interpreter\linkResolver.cpp, line 774]
Event: 13.370 Thread 0x00000167485c72b0 Exception <a 'java/lang/IncompatibleClassChangeError'{0x00000000ebc585f0}: Found class java.lang.Object, but interface was expected> (0x00000000ebc585f0) 
thrown [s\open\src\hotspot\share\interpreter\linkResolver.cpp, line 841]
Event: 13.494 Thread 0x00000167480bdc00 Exception <a 'java/lang/NoSuchMethodError'{0x00000000ebf570b0}: 'int java.lang.invoke.DirectMethodHandle$Holder.invokeSpecialIFC(java.lang.Object, java.lang.Object, java.lang.Object)'> (0x00000000ebf570b0) 
thrown [s\open\src\hotspot\share\interpreter\linkResolver.cpp, line 774]
Event: 13.529 Thread 0x00000167480bdc00 Implicit null exception at 0x000001677152914f to 0x0000016771529314
Event: 13.529 Thread 0x00000167485c72b0 Implicit null exception at 0x000001677152914f to 0x0000016771529314
Event: 13.552 Thread 0x00000167480bdc00 Exception <a 'java/io/FileNotFoundException'{0x00000000eacd43a0}> (0x00000000eacd43a0) 
thrown [s\open\src\hotspot\share\prims\jni.cpp, line 520]
Event: 13.552 Thread 0x00000167480bdc00 Exception <a 'java/io/FileNotFoundException'{0x00000000eacd5398}> (0x00000000eacd5398) 
thrown [s\open\src\hotspot\share\prims\jni.cpp, line 520]
Event: 13.575 Thread 0x00000167480bdc00 Exception <a 'java/lang/LinkageError'{0x00000000eadae160}: loader lombok.launch.ShadowClassLoader @75e5d45a attempted duplicate class definition for lombok.launch.PatchFixesHider$Delegate. (lombok.launch.PatchFixesHider$Delegate is in unnamed module of loader lombok.launch.ShadowClassLoader @75e5d45a, parent loader org.eclipse.osgi.internal.loader.EquinoxClassLoader @6a9c53b1)> (0x00000000eadae160) 
thrown [s\open\src\hotspot\share\classfile\systemDictionary.cpp, line 1684]
Event: 13.866 Thread 0x00000167480bdc00 Exception <a 'java/io/FileNotFoundException'{0x00000000eb346f00}> (0x00000000eb346f00) 
thrown [s\open\src\hotspot\share\prims\jni.cpp, line 520]
Event: 13.867 Thread 0x00000167480bdc00 Exception <a 'java/io/FileNotFoundException'{0x00000000eb347ef8}> (0x00000000eb347ef8) 
thrown [s\open\src\hotspot\share\prims\jni.cpp, line 520]
Event: 13.867 Thread 0x00000167480bdc00 Exception <a 'java/io/FileNotFoundException'{0x00000000eb348c60}> (0x00000000eb348c60) 
thrown [s\open\src\hotspot\share\prims\jni.cpp, line 520]

ZGC Phase Switch (0 events):
No events

VM Operations (20 events):
Event: 12.237 Executing VM operation: Cleanup
Event: 12.237 Executing VM operation: Cleanup done
Event: 12.391 Executing VM operation: HandshakeAllThreads (Deoptimize)
Event: 12.391 Executing VM operation: HandshakeAllThreads (Deoptimize) done
Event: 12.676 Executing VM operation: ParallelGCFailedAllocation (Allocation Failure)
Event: 12.679 Executing VM operation: ParallelGCFailedAllocation (Allocation Failure) done
Event: 12.830 Executing VM operation: ParallelGCFailedAllocation (Allocation Failure)
Event: 12.837 Executing VM operation: ParallelGCFailedAllocation (Allocation Failure) done
Event: 13.068 Executing VM operation: ParallelGCFailedAllocation (Allocation Failure)
Event: 13.074 Executing VM operation: ParallelGCFailedAllocation (Allocation Failure) done
Event: 13.203 Executing VM operation: ParallelGCFailedAllocation (Allocation Failure)
Event: 13.209 Executing VM operation: ParallelGCFailedAllocation (Allocation Failure) done
Event: 13.494 Executing VM operation: ParallelGCFailedAllocation (Allocation Failure)
Event: 13.499 Executing VM operation: ParallelGCFailedAllocation (Allocation Failure) done
Event: 13.506 Executing VM operation: HandshakeAllThreads (Deoptimize)
Event: 13.506 Executing VM operation: HandshakeAllThreads (Deoptimize) done
Event: 13.627 Executing VM operation: HandshakeAllThreads (Deoptimize)
Event: 13.627 Executing VM operation: HandshakeAllThreads (Deoptimize) done
Event: 13.780 Executing VM operation: HandshakeAllThreads (Deoptimize)
Event: 13.831 Executing VM operation: HandshakeAllThreads (Deoptimize) done

Memory protections (0 events):
No events

Nmethod flushes (20 events):
Event: 11.190 Thread 0x00000167411c3140 flushing  nmethod 0x0000016769c71610
Event: 11.190 Thread 0x00000167411c3140 flushing  nmethod 0x0000016769c73090
Event: 11.190 Thread 0x00000167411c3140 flushing  nmethod 0x0000016769c76810
Event: 11.190 Thread 0x00000167411c3140 flushing  nmethod 0x0000016769caf090
Event: 11.190 Thread 0x00000167411c3140 flushing  nmethod 0x0000016769cb4f90
Event: 11.190 Thread 0x00000167411c3140 flushing  nmethod 0x0000016769cb9390
Event: 11.190 Thread 0x00000167411c3140 flushing  nmethod 0x0000016769cc6d10
Event: 11.190 Thread 0x00000167411c3140 flushing  nmethod 0x0000016769d93c90
Event: 11.190 Thread 0x00000167411c3140 flushing  nmethod 0x0000016769d9b110
Event: 11.190 Thread 0x00000167411c3140 flushing  nmethod 0x0000016769d9b510
Event: 11.190 Thread 0x00000167411c3140 flushing  nmethod 0x0000016769dcc190
Event: 11.190 Thread 0x00000167411c3140 flushing  nmethod 0x0000016769dcef90
Event: 11.190 Thread 0x00000167411c3140 flushing  nmethod 0x0000016769dcf810
Event: 11.190 Thread 0x00000167411c3140 flushing  nmethod 0x0000016769dfc510
Event: 11.190 Thread 0x00000167411c3140 flushing  nmethod 0x0000016769e0b110
Event: 11.190 Thread 0x00000167411c3140 flushing  nmethod 0x0000016769e38a10
Event: 11.190 Thread 0x00000167411c3140 flushing  nmethod 0x0000016769e38e10
Event: 11.190 Thread 0x00000167411c3140 flushing  nmethod 0x0000016769e3f110
Event: 11.190 Thread 0x00000167411c3140 flushing  nmethod 0x0000016769e57d10
Event: 11.190 Thread 0x00000167411c3140 flushing  nmethod 0x0000016769e69f10

Events (20 events):
Event: 5.404 Thread 0x0000016761620880 Thread added: 0x00000167485c4b50
Event: 5.426 Thread 0x0000016761620880 Thread added: 0x00000167485c5870
Event: 5.579 Thread 0x00000167480bcee0 Thread added: 0x00000167485c6590
Event: 5.683 Thread 0x0000016761620880 Thread added: 0x00000167485c3e30
Event: 5.683 Thread 0x0000016761620880 Thread added: 0x00000167485c8cf0
Event: 6.380 Thread 0x00000167482d6a40 Thread exited: 0x00000167482d6a40
Event: 6.380 Thread 0x0000016748620160 Thread exited: 0x0000016748620160
Event: 7.108 Thread 0x0000016747008520 Thread added: 0x000001674849a7b0
Event: 7.276 Thread 0x00000167485c8cf0 Thread added: 0x00000167485c72b0
Event: 7.279 Thread 0x00000167485c8cf0 Thread added: 0x00000167485c6c20
Event: 7.866 Thread 0x0000016747008520 Thread added: 0x000001674924da50
Event: 8.617 Thread 0x0000016747cb9b40 Thread exited: 0x0000016747cb9b40
Event: 10.405 Thread 0x000001674849a7b0 Thread exited: 0x000001674849a7b0
Event: 10.405 Thread 0x000001674924da50 Thread exited: 0x000001674924da50
Event: 11.753 Thread 0x0000016747008520 Thread added: 0x0000016747669940
Event: 11.843 Thread 0x00000167485c8cf0 Thread added: 0x00000167485c9380
Event: 11.850 Thread 0x00000167485c8cf0 Thread added: 0x00000167485c9a10
Event: 12.252 Thread 0x0000016747669940 Thread exited: 0x0000016747669940
Event: 13.004 Thread 0x0000016747008520 Thread added: 0x0000016748a09020
Event: 13.211 Thread 0x0000016747008520 Thread added: 0x000001674a951470


Dynamic libraries:
0x00007ff673690000 - 0x00007ff6736a0000 	C:\Program Files\Java\jdk-22\bin\java.exe
0x00007ffcd6d50000 - 0x00007ffcd6f67000 	C:\WINDOWS\SYSTEM32\ntdll.dll
0x00007ffcd5bb0000 - 0x00007ffcd5c74000 	C:\WINDOWS\System32\KERNEL32.DLL
0x00007ffcd4370000 - 0x00007ffcd4729000 	C:\WINDOWS\System32\KERNELBASE.dll
0x00007ffcd4170000 - 0x00007ffcd4281000 	C:\WINDOWS\System32\ucrtbase.dll
0x00007ffcc4fb0000 - 0x00007ffcc4fc7000 	C:\Program Files\Java\jdk-22\bin\jli.dll
0x00007ffcd52d0000 - 0x00007ffcd547e000 	C:\WINDOWS\System32\USER32.dll
0x00007ffcd4340000 - 0x00007ffcd4366000 	C:\WINDOWS\System32\win32u.dll
0x00007ffcd5480000 - 0x00007ffcd54a9000 	C:\WINDOWS\System32\GDI32.dll
0x00007ffcd4050000 - 0x00007ffcd416b000 	C:\WINDOWS\System32\gdi32full.dll
0x00007ffcd4730000 - 0x00007ffcd47ca000 	C:\WINDOWS\System32\msvcp_win.dll
0x00007ffcba2d0000 - 0x00007ffcba562000 	C:\WINDOWS\WinSxS\amd64_microsoft.windows.common-controls_6595b64144ccf1df_6.0.22621.4391_none_2715d37f73803e96\COMCTL32.dll
0x00007ffcd67d0000 - 0x00007ffcd6877000 	C:\WINDOWS\System32\msvcrt.dll
0x00007ffcc4770000 - 0x00007ffcc478b000 	C:\Program Files\Java\jdk-22\bin\VCRUNTIME140.dll
0x00007ffcd5030000 - 0x00007ffcd5061000 	C:\WINDOWS\System32\IMM32.DLL
0x00007ffcd0610000 - 0x00007ffcd061c000 	C:\Program Files\Java\jdk-22\bin\vcruntime140_1.dll
0x00007ffc9ea60000 - 0x00007ffc9eaee000 	C:\Program Files\Java\jdk-22\bin\msvcp140.dll
0x00007ffc7f340000 - 0x00007ffc80089000 	C:\Program Files\Java\jdk-22\bin\server\jvm.dll
0x00007ffcd54b0000 - 0x00007ffcd5562000 	C:\WINDOWS\System32\ADVAPI32.dll
0x00007ffcd5c80000 - 0x00007ffcd5d27000 	C:\WINDOWS\System32\sechost.dll
0x00007ffcd4310000 - 0x00007ffcd4338000 	C:\WINDOWS\System32\bcrypt.dll
0x00007ffcd5a90000 - 0x00007ffcd5ba4000 	C:\WINDOWS\System32\RPCRT4.dll
0x00007ffcd5a10000 - 0x00007ffcd5a81000 	C:\WINDOWS\System32\WS2_32.dll
0x00007ffcd3f20000 - 0x00007ffcd3f6d000 	C:\WINDOWS\SYSTEM32\POWRPROF.dll
0x00007ffcd0550000 - 0x00007ffcd0584000 	C:\WINDOWS\SYSTEM32\WINMM.dll
0x00007ffcd0540000 - 0x00007ffcd054a000 	C:\WINDOWS\SYSTEM32\VERSION.dll
0x00007ffcd3f00000 - 0x00007ffcd3f13000 	C:\WINDOWS\SYSTEM32\UMPDC.dll
0x00007ffcd3090000 - 0x00007ffcd30a8000 	C:\WINDOWS\SYSTEM32\kernel.appcore.dll
0x00007ffccc0e0000 - 0x00007ffccc0ea000 	C:\Program Files\Java\jdk-22\bin\jimage.dll
0x00007ffcd1a70000 - 0x00007ffcd1ca2000 	C:\WINDOWS\SYSTEM32\DBGHELP.DLL
0x00007ffcd4a70000 - 0x00007ffcd4dff000 	C:\WINDOWS\System32\combase.dll
0x00007ffcd50d0000 - 0x00007ffcd51a7000 	C:\WINDOWS\System32\OLEAUT32.dll
0x00007ffcd08f0000 - 0x00007ffcd0922000 	C:\WINDOWS\SYSTEM32\dbgcore.DLL
0x00007ffcd4290000 - 0x00007ffcd430b000 	C:\WINDOWS\System32\bcryptPrimitives.dll
0x00007ffcc5330000 - 0x00007ffcc533f000 	C:\Program Files\Java\jdk-22\bin\instrument.dll
0x00007ffcc4730000 - 0x00007ffcc474e000 	C:\Program Files\Java\jdk-22\bin\java.dll
0x00007ffcd5f50000 - 0x00007ffcd67c6000 	C:\WINDOWS\System32\SHELL32.dll
0x00007ffcd4e80000 - 0x00007ffcd5025000 	C:\WINDOWS\System32\ole32.dll
0x00007ffcd1f90000 - 0x00007ffcd2893000 	C:\WINDOWS\SYSTEM32\windows.storage.dll
0x00007ffcd1e50000 - 0x00007ffcd1f8f000 	C:\WINDOWS\SYSTEM32\wintypes.dll
0x00007ffcd51d0000 - 0x00007ffcd52c9000 	C:\WINDOWS\System32\SHCORE.dll
0x00007ffcd5e60000 - 0x00007ffcd5ebe000 	C:\WINDOWS\System32\shlwapi.dll
0x00007ffcd3f80000 - 0x00007ffcd3fab000 	C:\WINDOWS\SYSTEM32\profapi.dll
0x00007ffc9c210000 - 0x00007ffc9c2e7000 	C:\Program Files\Java\jdk-22\bin\jsvml.dll
0x00007ffcc4360000 - 0x00007ffcc4377000 	C:\Program Files\Java\jdk-22\bin\zip.dll
0x00007ffcc5120000 - 0x00007ffcc5130000 	C:\Program Files\Java\jdk-22\bin\net.dll
0x00007ffcd3510000 - 0x00007ffcd3579000 	C:\WINDOWS\system32\mswsock.dll
0x00007ffcc4190000 - 0x00007ffcc41a6000 	C:\Program Files\Java\jdk-22\bin\nio.dll
0x00007ffcc4ee0000 - 0x00007ffcc4ef0000 	C:\Program Files\Java\jdk-22\bin\verify.dll
0x00007ffcae190000 - 0x00007ffcae1d5000 	C:\Users\Kiet\AppData\Roaming\Code\User\globalStorage\redhat.java\1.36.0\config_ss_win\org.eclipse.equinox.launcher\org.eclipse.equinox.launcher.win32.win32.x86_64_1.2.1100.v20240722-2106\eclipse_11904.dll
0x00007ffcd3760000 - 0x00007ffcd377b000 	C:\WINDOWS\SYSTEM32\CRYPTSP.dll
0x00007ffcd2ff0000 - 0x00007ffcd3025000 	C:\WINDOWS\system32\rsaenh.dll
0x00007ffcd3600000 - 0x00007ffcd3628000 	C:\WINDOWS\SYSTEM32\USERENV.dll
0x00007ffcd3780000 - 0x00007ffcd378c000 	C:\WINDOWS\SYSTEM32\CRYPTBASE.dll
0x00007ffcd2b40000 - 0x00007ffcd2b6d000 	C:\WINDOWS\SYSTEM32\IPHLPAPI.DLL
0x00007ffcd5da0000 - 0x00007ffcd5da9000 	C:\WINDOWS\System32\NSI.dll
0x00007ffcaacf0000 - 0x00007ffcaad39000 	C:\Users\Kiet\AppData\Local\Temp\jna-2338477\jna17816260117943058443.dll
0x00007ffcd5a00000 - 0x00007ffcd5a08000 	C:\WINDOWS\System32\PSAPI.DLL
0x00007ffccf6c0000 - 0x00007ffccf7f6000 	C:\WINDOWS\SYSTEM32\winhttp.dll
0x00007ffcd04e0000 - 0x00007ffcd04f9000 	C:\WINDOWS\SYSTEM32\dhcpcsvc6.DLL
0x00007ffcd04c0000 - 0x00007ffcd04df000 	C:\WINDOWS\SYSTEM32\dhcpcsvc.DLL

dbghelp: loaded successfully - version: 4.0.5 - missing functions: none
symbol engine: initialized successfully - sym options: 0x614 - pdb path: .;C:\Program Files\Java\jdk-22\bin;C:\WINDOWS\SYSTEM32;C:\WINDOWS\WinSxS\amd64_microsoft.windows.common-controls_6595b64144ccf1df_6.0.22621.4391_none_2715d37f73803e96;C:\Program Files\Java\jdk-22\bin\server;C:\Users\Kiet\AppData\Roaming\Code\User\globalStorage\redhat.java\1.36.0\config_ss_win\org.eclipse.equinox.launcher\org.eclipse.equinox.launcher.win32.win32.x86_64_1.2.1100.v20240722-2106;C:\Users\Kiet\AppData\Local\Temp\jna-2338477

VM Arguments:
jvm_args: --add-modules=ALL-SYSTEM --add-opens=java.base/java.util=ALL-UNNAMED --add-opens=java.base/java.lang=ALL-UNNAMED --add-opens=java.base/sun.nio.fs=ALL-UNNAMED -Declipse.application=org.eclipse.jdt.ls.core.id1 -Dosgi.bundles.defaultStartLevel=4 -Declipse.product=org.eclipse.jdt.ls.core.product -Djava.import.generatesMetadataFilesAtProjectRoot=false -DDetectVMInstallationsJob.disabled=true -Dfile.encoding=utf8 -XX:+UseParallelGC -XX:GCTimeRatio=4 -XX:AdaptiveSizePolicyWeight=90 -Dsun.zip.disableMemoryMapping=true -Xmx1G -Xms100m -Xlog:disable -javaagent:c:\Users\Kiet\.vscode\extensions\redhat.java-1.36.0\lombok\lombok-1.18.35.jar 
java_command: c:\Users\Kiet\.vscode\extensions\redhat.java-1.36.0\server\plugins\org.eclipse.equinox.launcher_1.6.900.v20240613-2009.jar -configuration c:\Users\Kiet\AppData\Roaming\Code\User\globalStorage\redhat.java\1.36.0\config_ss_win -data c:\Users\Kiet\AppData\Roaming\Code\User\workspaceStorage\bacffae7d29c3e7f06ec343f93caa3f1\redhat.java\ss_ws --pipe=\\.\pipe\lsp-8ee10211a9855cfc525f18a0efa45973-sock
java_class_path (initial): c:\Users\Kiet\.vscode\extensions\redhat.java-1.36.0\server\plugins\org.eclipse.equinox.launcher_1.6.900.v20240613-2009.jar
Launcher Type: SUN_STANDARD

[Global flags]
     uint AdaptiveSizePolicyWeight                 = 90                                        {product} {command line}
     intx CICompilerCount                          = 4                                         {product} {ergonomic}
     uint GCTimeRatio                              = 4                                         {product} {command line}
   size_t InitialHeapSize                          = 104857600                                 {product} {command line}
   size_t MaxHeapSize                              = 1073741824                                {product} {command line}
   size_t MaxNewSize                               = 357564416                                 {product} {ergonomic}
   size_t MinHeapDeltaBytes                        = 524288                                    {product} {ergonomic}
   size_t MinHeapSize                              = 104857600                                 {product} {command line}
   size_t NewSize                                  = 34603008                                  {product} {ergonomic}
    uintx NonNMethodCodeHeapSize                   = 5839372                                {pd product} {ergonomic}
    uintx NonProfiledCodeHeapSize                  = 122909434                              {pd product} {ergonomic}
   size_t OldSize                                  = 70254592                                  {product} {ergonomic}
    uintx ProfiledCodeHeapSize                     = 122909434                              {pd product} {ergonomic}
    uintx ReservedCodeCacheSize                    = 251658240                              {pd product} {ergonomic}
     bool SegmentedCodeCache                       = true                                      {product} {ergonomic}
   size_t SoftMaxHeapSize                          = 1073741824                             {manageable} {ergonomic}
     bool UseCompressedOops                        = true                           {product lp64_product} {ergonomic}
     bool UseLargePagesIndividualAllocation        = false                                  {pd product} {ergonomic}
     bool UseParallelGC                            = true                                      {product} {command line}

Logging:
Log output configuration:
 #0: stdout all=off uptime,level,tags foldmultilines=false
 #1: stderr all=off uptime,level,tags foldmultilines=false

Environment Variables:
JAVA_HOME=C:\Program Files\Java\jdk-22
PATH=C:\Program Files (x86)\Common Files\Oracle\Java\java8path;C:\Program Files (x86)\Common Files\Oracle\Java\javapath;C:\WINDOWS\system32;C:\WINDOWS;C:\WINDOWS\System32\Wbem;C:\WINDOWS\System32\WindowsPowerShell\v1.0\;C:\WINDOWS\System32\OpenSSH\;C:\Program Files\dotnet\;C:\Program Files\Java\jdk-11\bin;C:\Program Files (x86)\Microsoft SQL Server\160\Tools\Binn\;C:\Program Files\Microsoft SQL Server\160\Tools\Binn\;C:\Program Files\Microsoft SQL Server\Client SDK\ODBC\170\Tools\Binn\;C:\Program Files\Microsoft SQL Server\160\DTS\Binn\;C:\Program Files (x86)\Microsoft SQL Server\160\DTS\Binn\;C:\Program Files\Azure Data Studio\bin;C:\Program Files\apache-maven-3.9.6\bin;C:\Program Files\Git\cmd;C:\Program Files\Java\jdk-22\bin;C:\Users\Kiet\AppData\Local\Programs\Python\Python38;C:\Users\Kiet\AppData\Local\Programs\Python\Python38\Scripts;C:\Program Files\CMake\bin;C:\Program Files\PostgreSQL\17\bin;C:\Users\Kiet\anaconda3\Scripts;C:\Program Files\nodejs\;C:\Users\Kiet\AppData\Local\Microsoft\WindowsApps;C:\Users\Kiet\AppData\Local\Programs\Microsoft VS Code\bin;C:\Users\Kiet\.dotnet\tools;C:\Program Files\Azure Data Studio\bin;C:\Users\Kiet\AppData\Roaming\npm
USERNAME=Kiet
OS=Windows_NT
PROCESSOR_IDENTIFIER=Intel64 Family 6 Model 126 Stepping 5, GenuineIntel
TMP=C:\Users\Kiet\AppData\Local\Temp
TEMP=C:\Users\Kiet\AppData\Local\Temp




Periodic native trim disabled

---------------  S Y S T E M  ---------------

OS:
 Windows 11 , 64 bit Build 22621 (10.0.22621.4391)
OS uptime: 5 days 22:42 hours

CPU: total 8 (initial active 8) (4 cores per cpu, 2 threads per core) family 6 model 126 stepping 5 microcode 0xa6, cx8, cmov, fxsr, ht, mmx, 3dnowpref, sse, sse2, sse3, ssse3, sse4.1, sse4.2, popcnt, lzcnt, tsc, tscinvbit, avx, avx2, aes, erms, clmul, bmi1, bmi2, adx, avx512f, avx512dq, avx512cd, avx512bw, avx512vl, sha, fma, vzeroupper, avx512_vpopcntdq, avx512_vpclmulqdq, avx512_vaes, avx512_vnni, clflush, clflushopt, avx512_vbmi2, avx512_vbmi, rdtscp, rdpid, fsrm, gfni, avx512_bitalg, f16c, pku, avx512_ifma
Processor Information for all 8 processors :
  Max Mhz: 1190, Current Mhz: 991, Mhz Limit: 987

Memory: 4k page, system-wide physical 7987M (682M free)
TotalPageFile size 10035M (AvailPageFile size 3M)
current process WorkingSet (physical memory assigned to process): 203M, peak: 203M
current process commit charge ("private bytes"): 282M, peak: 285M

vm_info: Java HotSpot(TM) 64-Bit Server VM (22.0.2+9-70) for windows-amd64 JRE (22.0.2+9-70), built on 2024-06-04T16:52:23Z by "mach5one" with MS VC++ 17.6 (VS2022)

END.
