#
# There is insufficient memory for the Java Runtime Environment to continue.
# Native memory allocation (malloc) failed to allocate 1948656 bytes. Error detail: Chunk::new
# Possible reasons:
#   The system is out of physical RAM or swap space
#   This process is running with CompressedOops enabled, and the Java Heap may be blocking the growth of the native heap
# Possible solutions:
#   Reduce memory load on the system
#   Increase physical memory or swap space
#   Check if swap backing store is full
#   Decrease Java heap size (-Xmx/-Xms)
#   Decrease number of Java threads
#   Decrease Java thread stack sizes (-Xss)
#   Set larger code cache with -XX:ReservedCodeCacheSize=
#   JVM is running with Unscaled Compressed Oops mode in which the Java heap is
#     placed in the first 4GB address space. The Java Heap base address is the
#     maximum limit for the native heap growth. Please use -XX:HeapBaseMinAddress
#     to set the Java Heap base and to place the Java Heap above 4GB virtual address.
# This output file may be truncated or incomplete.
#
#  Out of Memory Error (arena.cpp:150), pid=14324, tid=13728
#
# JRE version: Java(TM) SE Runtime Environment (22.0.2+9) (build 22.0.2+9-70)
# Java VM: Java HotSpot(TM) 64-Bit Server VM (22.0.2+9-70, mixed mode, sharing, tiered, compressed oops, compressed class ptrs, parallel gc, windows-amd64)
# No core dump will be written. Minidumps are not enabled by default on client versions of Windows
#

---------------  S U M M A R Y ------------

Command Line: --add-modules=ALL-SYSTEM --add-opens=java.base/java.util=ALL-UNNAMED --add-opens=java.base/java.lang=ALL-UNNAMED --add-opens=java.base/sun.nio.fs=ALL-UNNAMED -Declipse.application=org.eclipse.jdt.ls.core.id1 -Dosgi.bundles.defaultStartLevel=4 -Declipse.product=org.eclipse.jdt.ls.core.product -Djava.import.generatesMetadataFilesAtProjectRoot=false -DDetectVMInstallationsJob.disabled=true -Dfile.encoding=utf8 -XX:+UseParallelGC -XX:GCTimeRatio=4 -XX:AdaptiveSizePolicyWeight=90 -Dsun.zip.disableMemoryMapping=true -Xmx1G -Xms100m -Xlog:disable -javaagent:c:\Users\Kiet\.vscode\extensions\redhat.java-1.36.0\lombok\lombok-1.18.35.jar -XX:+HeapDumpOnOutOfMemoryError -XX:HeapDumpPath=c:\Users\Kiet\AppData\Roaming\Code\User\workspaceStorage\bacffae7d29c3e7f06ec343f93caa3f1\redhat.java -Daether.dependencyCollector.impl=bf c:\Users\Kiet\.vscode\extensions\redhat.java-1.36.0\server\plugins\org.eclipse.equinox.launcher_1.6.900.v20240613-2009.jar -configuration c:\Users\Kiet\AppData\Roaming\Code\User\globalStorage\redhat.java\1.36.0\config_win -data c:\Users\Kiet\AppData\Roaming\Code\User\workspaceStorage\bacffae7d29c3e7f06ec343f93caa3f1\redhat.java\jdt_ws --pipe=\\.\pipe\lsp-ce71a78cc548f4b5d68e7fc4e1787e1a-sock

Host: Intel(R) Core(TM) i5-1035G1 CPU @ 1.00GHz, 8 cores, 7G,  Windows 11 , 64 bit Build 22621 (10.0.22621.4391)
Time: Thu Nov 21 17:07:31 2024 SE Asia Standard Time elapsed time: 13.013085 seconds (0d 0h 0m 13s)

---------------  T H R E A D  ---------------

Current thread (0x00000252476d25d0):  JavaThread "C2 CompilerThread1" daemon [_thread_in_native, id=13728, stack(0x000000c67ea00000,0x000000c67eb00000) (1024K)]


Current CompileTask:
C2:13013 7379 %     4       java.util.Properties::load0 @ 8 (249 bytes)

Stack: [0x000000c67ea00000,0x000000c67eb00000]
Native frames: (J=compiled Java code, j=interpreted, Vv=VM code, C=native code)
V  [jvm.dll+0x6e26e9]  (no source info available)
V  [jvm.dll+0x875753]  (no source info available)
V  [jvm.dll+0x877b7e]  (no source info available)
V  [jvm.dll+0x878253]  (no source info available)
V  [jvm.dll+0x27fc86]  (no source info available)
V  [jvm.dll+0xc3d0f]  (no source info available)
V  [jvm.dll+0xc3f6b]  (no source info available)
V  [jvm.dll+0x3bb442]  (no source info available)
V  [jvm.dll+0x387d4b]  (no source info available)
V  [jvm.dll+0x3871ba]  (no source info available)
V  [jvm.dll+0x2477f8]  (no source info available)
V  [jvm.dll+0x246e9f]  (no source info available)
V  [jvm.dll+0x1c4e80]  (no source info available)
V  [jvm.dll+0x2568f3]  (no source info available)
V  [jvm.dll+0x254baa]  (no source info available)
V  [jvm.dll+0x3f57a6]  (no source info available)
V  [jvm.dll+0x81dc0b]  (no source info available)
V  [jvm.dll+0x6e0d85]  (no source info available)
C  [ucrtbase.dll+0x29333]  (no source info available)
C  [KERNEL32.DLL+0x1259d]  (no source info available)
C  [ntdll.dll+0x5af38]  (no source info available)


---------------  P R O C E S S  ---------------

Threads class SMR info:
_java_thread_list=0x000002524b23a900, length=45, elements={
0x00000252566b02e0, 0x00000252411c7fe0, 0x00000252411c9090, 0x00000252411cb070,
0x00000252411cc1b0, 0x00000252411cd1c0, 0x00000252411cf910, 0x00000252411d2ab0,
0x00000252411fd4b0, 0x00000252470b3d10, 0x0000025247333130, 0x00000252475ca1e0,
0x00000252475204e0, 0x0000025247bc8c70, 0x0000025247bc92e0, 0x000002524800f110,
0x0000025247e4d1f0, 0x0000025247e4df10, 0x0000025247e4c4d0, 0x0000025247e4e5a0,
0x0000025247e4ec30, 0x00000252476d25d0, 0x0000025247e4f950, 0x0000025247e4cb60,
0x000002524b26e360, 0x000002524b26e9f0, 0x000002524b26a850, 0x000002524b26f080,
0x000002524b26d640, 0x000002524b26bc00, 0x000002524b26aee0, 0x000002524b268e10,
0x000002524b26dcd0, 0x000002524b26c290, 0x000002524b26c920, 0x000002524b26cfb0,
0x000002524b2680f0, 0x000002524b26f710, 0x000002524b26b570, 0x000002524b269b30,
0x0000025248ae5230, 0x0000025248ae2440, 0x0000025248ae58c0, 0x0000025248ae1720,
0x0000025248ae5f50
}

Java Threads: ( => current thread )
  0x00000252566b02e0 JavaThread "main"                              [_thread_blocked, id=20644, stack(0x000000c67ce00000,0x000000c67cf00000) (1024K)]
  0x00000252411c7fe0 JavaThread "Reference Handler"          daemon [_thread_blocked, id=19612, stack(0x000000c67d200000,0x000000c67d300000) (1024K)]
  0x00000252411c9090 JavaThread "Finalizer"                  daemon [_thread_blocked, id=1236, stack(0x000000c67d300000,0x000000c67d400000) (1024K)]
  0x00000252411cb070 JavaThread "Signal Dispatcher"          daemon [_thread_blocked, id=9896, stack(0x000000c67d400000,0x000000c67d500000) (1024K)]
  0x00000252411cc1b0 JavaThread "Attach Listener"            daemon [_thread_blocked, id=10528, stack(0x000000c67d500000,0x000000c67d600000) (1024K)]
  0x00000252411cd1c0 JavaThread "Service Thread"             daemon [_thread_blocked, id=18280, stack(0x000000c67d600000,0x000000c67d700000) (1024K)]
  0x00000252411cf910 JavaThread "Monitor Deflation Thread"   daemon [_thread_blocked, id=3512, stack(0x000000c67d700000,0x000000c67d800000) (1024K)]
  0x00000252411d2ab0 JavaThread "C2 CompilerThread0"         daemon [_thread_in_native, id=7068, stack(0x000000c67d800000,0x000000c67d900000) (1024K)]
  0x00000252411fd4b0 JavaThread "C1 CompilerThread0"         daemon [_thread_blocked, id=9152, stack(0x000000c67d900000,0x000000c67da00000) (1024K)]
  0x00000252470b3d10 JavaThread "Common-Cleaner"             daemon [_thread_blocked, id=13692, stack(0x000000c67da00000,0x000000c67db00000) (1024K)]
  0x0000025247333130 JavaThread "Notification Thread"        daemon [_thread_blocked, id=14516, stack(0x000000c67dc00000,0x000000c67dd00000) (1024K)]
  0x00000252475ca1e0 JavaThread "Active Thread: Equinox Container: f4eb3bb5-7b28-40e4-b4e0-1d18beb17a63"        [_thread_blocked, id=11384, stack(0x000000c67e400000,0x000000c67e500000) (1024K)]
  0x00000252475204e0 JavaThread "Refresh Thread: Equinox Container: f4eb3bb5-7b28-40e4-b4e0-1d18beb17a63" daemon [_thread_blocked, id=7144, stack(0x000000c67dd00000,0x000000c67de00000) (1024K)]
  0x0000025247bc8c70 JavaThread "Framework Event Dispatcher: Equinox Container: f4eb3bb5-7b28-40e4-b4e0-1d18beb17a63" daemon [_thread_blocked, id=14932, stack(0x000000c67e600000,0x000000c67e700000) (1024K)]
  0x0000025247bc92e0 JavaThread "Start Level: Equinox Container: f4eb3bb5-7b28-40e4-b4e0-1d18beb17a63" daemon [_thread_blocked, id=7800, stack(0x000000c67e700000,0x000000c67e800000) (1024K)]
  0x000002524800f110 JavaThread "Bundle File Closer"         daemon [_thread_blocked, id=17528, stack(0x000000c67e900000,0x000000c67ea00000) (1024K)]
  0x0000025247e4d1f0 JavaThread "SCR Component Actor"        daemon [_thread_blocked, id=19992, stack(0x000000c67db00000,0x000000c67dc00000) (1024K)]
  0x0000025247e4df10 JavaThread "Worker-JM"                         [_thread_blocked, id=20036, stack(0x000000c67eb00000,0x000000c67ec00000) (1024K)]
  0x0000025247e4c4d0 JavaThread "JNA Cleaner"                daemon [_thread_blocked, id=19772, stack(0x000000c67ec00000,0x000000c67ed00000) (1024K)]
  0x0000025247e4e5a0 JavaThread "Worker-0"                          [_thread_blocked, id=16268, stack(0x000000c67ed00000,0x000000c67ee00000) (1024K)]
  0x0000025247e4ec30 JavaThread "Worker-1"                          [_thread_blocked, id=14444, stack(0x000000c67ee00000,0x000000c67ef00000) (1024K)]
=>0x00000252476d25d0 JavaThread "C2 CompilerThread1"         daemon [_thread_in_native, id=13728, stack(0x000000c67ea00000,0x000000c67eb00000) (1024K)]
  0x0000025247e4f950 JavaThread "Java indexing"              daemon [_thread_blocked, id=14408, stack(0x000000c67f000000,0x000000c67f100000) (1024K)]
  0x0000025247e4cb60 JavaThread "Worker-2: Initialize workspace"        [_thread_blocked, id=19240, stack(0x000000c67f100000,0x000000c67f200000) (1024K)]
  0x000002524b26e360 JavaThread "Worker-3"                          [_thread_blocked, id=17380, stack(0x000000c67f200000,0x000000c67f300000) (1024K)]
  0x000002524b26e9f0 JavaThread "Thread-2"                   daemon [_thread_in_native, id=12556, stack(0x000000c67f300000,0x000000c67f400000) (1024K)]
  0x000002524b26a850 JavaThread "Thread-3"                   daemon [_thread_in_native, id=20536, stack(0x000000c67f400000,0x000000c67f500000) (1024K)]
  0x000002524b26f080 JavaThread "Thread-4"                   daemon [_thread_in_native, id=17560, stack(0x000000c67f500000,0x000000c67f600000) (1024K)]
  0x000002524b26d640 JavaThread "Thread-5"                   daemon [_thread_in_native, id=18016, stack(0x000000c67f600000,0x000000c67f700000) (1024K)]
  0x000002524b26bc00 JavaThread "Thread-6"                   daemon [_thread_in_native, id=14120, stack(0x000000c67f700000,0x000000c67f800000) (1024K)]
  0x000002524b26aee0 JavaThread "Thread-7"                   daemon [_thread_in_native, id=3576, stack(0x000000c67f800000,0x000000c67f900000) (1024K)]
  0x000002524b268e10 JavaThread "Thread-8"                   daemon [_thread_in_native, id=5716, stack(0x000000c67f900000,0x000000c67fa00000) (1024K)]
  0x000002524b26dcd0 JavaThread "Thread-9"                   daemon [_thread_in_native, id=20152, stack(0x000000c67fa00000,0x000000c67fb00000) (1024K)]
  0x000002524b26c290 JavaThread "Thread-10"                  daemon [_thread_in_native, id=11348, stack(0x000000c67fb00000,0x000000c67fc00000) (1024K)]
  0x000002524b26c920 JavaThread "pool-2-thread-1"                   [_thread_blocked, id=12140, stack(0x000000c67fc00000,0x000000c67fd00000) (1024K)]
  0x000002524b26cfb0 JavaThread "WorkspaceEventsHandler"            [_thread_blocked, id=15972, stack(0x000000c67fd00000,0x000000c67fe00000) (1024K)]
  0x000002524b2680f0 JavaThread "pool-1-thread-1"                   [_thread_blocked, id=13080, stack(0x000000c67fe00000,0x000000c67ff00000) (1024K)]
  0x000002524b26f710 JavaThread "Worker-4"                          [_thread_blocked, id=18776, stack(0x000000c67ff00000,0x000000c680000000) (1024K)]
  0x000002524b26b570 JavaThread "ForkJoinPool.commonPool-worker-1" daemon [_thread_blocked, id=2652, stack(0x000000c600000000,0x000000c600100000) (1024K)]
  0x000002524b269b30 JavaThread "ForkJoinPool.commonPool-worker-2" daemon [_thread_blocked, id=21412, stack(0x000000c600100000,0x000000c600200000) (1024K)]
  0x0000025248ae5230 JavaThread "ForkJoinPool.commonPool-worker-3" daemon [_thread_blocked, id=15456, stack(0x000000c600200000,0x000000c600300000) (1024K)]
  0x0000025248ae2440 JavaThread "ForkJoinPool.commonPool-worker-4" daemon [_thread_blocked, id=13984, stack(0x000000c600300000,0x000000c600400000) (1024K)]
  0x0000025248ae58c0 JavaThread "ForkJoinPool.commonPool-worker-5" daemon [_thread_blocked, id=15004, stack(0x000000c600400000,0x000000c600500000) (1024K)]
  0x0000025248ae1720 JavaThread "ForkJoinPool.commonPool-worker-6" daemon [_thread_in_native, id=2752, stack(0x000000c600500000,0x000000c600600000) (1024K)]
  0x0000025248ae5f50 JavaThread "ForkJoinPool.commonPool-worker-7" daemon [_thread_blocked, id=2668, stack(0x000000c600600000,0x000000c600700000) (1024K)]
Total: 45

Other Threads:
  0x00000252411c36a0 VMThread "VM Thread"                           [id=5920, stack(0x000000c67d100000,0x000000c67d200000) (1024K)]
  0x000002525671af70 WatcherThread "VM Periodic Task Thread"        [id=10120, stack(0x000000c67d000000,0x000000c67d100000) (1024K)]
  0x00000252566ce840 WorkerThread "GC Thread#0"                     [id=21236, stack(0x000000c67cf00000,0x000000c67d000000) (1024K)]
  0x0000025247798a60 WorkerThread "GC Thread#1"                     [id=17412, stack(0x000000c67de00000,0x000000c67df00000) (1024K)]
  0x0000025247580510 WorkerThread "GC Thread#2"                     [id=14984, stack(0x000000c67df00000,0x000000c67e000000) (1024K)]
  0x00000252475808c0 WorkerThread "GC Thread#3"                     [id=3860, stack(0x000000c67e000000,0x000000c67e100000) (1024K)]
  0x0000025247580c70 WorkerThread "GC Thread#4"                     [id=13844, stack(0x000000c67e100000,0x000000c67e200000) (1024K)]
  0x0000025247581020 WorkerThread "GC Thread#5"                     [id=6252, stack(0x000000c67e200000,0x000000c67e300000) (1024K)]
  0x00000252475813d0 WorkerThread "GC Thread#6"                     [id=19648, stack(0x000000c67e300000,0x000000c67e400000) (1024K)]
  0x0000025247cd7a20 WorkerThread "GC Thread#7"                     [id=14760, stack(0x000000c67e500000,0x000000c67e600000) (1024K)]
Total: 10

Threads with active compile tasks:
C2 CompilerThread0  13126 7407 %     4       lombok.launch.PackageShader::apply @ 76 (252 bytes)
C2 CompilerThread1  13126 7379 %     4       java.util.Properties::load0 @ 8 (249 bytes)
Total: 2

VM state: not at safepoint (normal execution)

VM Mutex/Monitor currently owned by a thread: None

Heap address: 0x00000000c0000000, size: 1024 MB, Compressed Oops mode: 32-bit

CDS archive(s) mapped at: [0x0000025200000000-0x0000025200c60000-0x0000025200c60000), size 12976128, SharedBaseAddress: 0x0000025200000000, ArchiveRelocationMode: 1.
Compressed class space mapped at: 0x0000025201000000-0x0000025241000000, reserved size: 1073741824
Narrow klass base: 0x0000025200000000, Narrow klass shift: 0, Narrow klass range: 0x41000000

GC Precious Log:
 CardTable entry size: 512
 CPUs: 8 total, 8 available
 Memory: 7987M
 Large Page Support: Disabled
 NUMA Support: Disabled
 Compressed Oops: Enabled (32-bit)
 Alignments: Space 512K, Generation 512K, Heap 2M
 Heap Min Capacity: 100M
 Heap Initial Capacity: 100M
 Heap Max Capacity: 1G
 Pre-touch: Disabled
 Parallel Workers: 8

Heap:
 PSYoungGen      total 25600K, used 7964K [0x00000000eab00000, 0x00000000ec900000, 0x0000000100000000)
  eden space 21504K, 30% used [0x00000000eab00000,0x00000000eb14d500,0x00000000ec000000)
  from space 4096K, 36% used [0x00000000ec180000,0x00000000ec2f9c20,0x00000000ec580000)
  to   space 2560K, 0% used [0x00000000ec680000,0x00000000ec680000,0x00000000ec900000)
 ParOldGen       total 68608K, used 42311K [0x00000000c0000000, 0x00000000c4300000, 0x00000000eab00000)
  object space 68608K, 61% used [0x00000000c0000000,0x00000000c2951d18,0x00000000c4300000)
 Metaspace       used 49616K, committed 50944K, reserved 1114112K
  class space    used 5428K, committed 5952K, reserved 1048576K

Card table byte_map: [0x0000025256050000,0x0000025256260000] _byte_map_base: 0x0000025255a50000

Marking Bits: (ParMarkBitMap*) 0x00007ffc7ffb1a90
 Begin Bits: [0x000002526da00000, 0x000002526ea00000)
 End Bits:   [0x000002526ea00000, 0x000002526fa00000)

Polling page: 0x0000025254660000

Metaspace:

Usage:
  Non-class:     43.15 MB used.
      Class:      5.30 MB used.
       Both:     48.45 MB used.

Virtual space:
  Non-class space:       64.00 MB reserved,      43.94 MB ( 69%) committed,  1 nodes.
      Class space:        1.00 GB reserved,       5.81 MB ( <1%) committed,  1 nodes.
             Both:        1.06 GB reserved,      49.75 MB (  5%) committed. 

Chunk freelists:
   Non-Class:  3.47 MB
       Class:  10.11 MB
        Both:  13.58 MB

MaxMetaspaceSize: unlimited
CompressedClassSpaceSize: 1.00 GB
Initial GC threshold: 21.00 MB
Current GC threshold: 58.38 MB
CDS: on
 - commit_granule_bytes: 65536.
 - commit_granule_words: 8192.
 - virtual_space_node_default_size: 8388608.
 - enlarge_chunks_in_place: 1.
 - use_allocation_guard: 0.


Internal statistics:

num_allocs_failed_limit: 6.
num_arena_births: 920.
num_arena_deaths: 14.
num_vsnodes_births: 2.
num_vsnodes_deaths: 0.
num_space_committed: 796.
num_space_uncommitted: 0.
num_chunks_returned_to_freelist: 20.
num_chunks_taken_from_freelist: 3223.
num_chunk_merges: 12.
num_chunk_splits: 1969.
num_chunks_enlarged: 1067.
num_inconsistent_stats: 0.

CodeHeap 'non-profiled nmethods': size=120000Kb used=3782Kb max_used=3782Kb free=116217Kb
 bounds [0x00000252664d0000, 0x0000025266890000, 0x000002526da00000]
CodeHeap 'profiled nmethods': size=120000Kb used=14253Kb max_used=14253Kb free=105746Kb
 bounds [0x000002525ea00000, 0x000002525f7f0000, 0x0000025265f30000]
CodeHeap 'non-nmethods': size=5760Kb used=1391Kb max_used=1469Kb free=4368Kb
 bounds [0x0000025265f30000, 0x00000252661a0000, 0x00000252664d0000]
 total_blobs=7457 nmethods=6775 adapters=588
 compilation: enabled
              stopped_count=0, restarted_count=0
 full_count=0

Compilation events (20 events):
Event: 12.757 Thread 0x00000252411fd4b0 7392       3       java.lang.Class::isRecord (33 bytes)
Event: 12.758 Thread 0x00000252411fd4b0 nmethod 7392 0x000002525f7e3090 code [0x000002525f7e3260, 0x000002525f7e34c8]
Event: 12.833 Thread 0x000002524795c680 nmethod 7388 0x0000025266879810 code [0x0000025266879c40, 0x000002526687d1e0]
Event: 12.866 Thread 0x00000252411fd4b0 7393       3       org.lombokweb.asm.ByteVector::enlarge (73 bytes)
Event: 12.866 Thread 0x00000252411fd4b0 nmethod 7393 0x000002525f7e3590 code [0x000002525f7e3760, 0x000002525f7e3b48]
Event: 12.867 Thread 0x00000252411fd4b0 7394       3       java.util.regex.Pattern$StartS::match (138 bytes)
Event: 12.868 Thread 0x00000252411fd4b0 nmethod 7394 0x000002525f7e3c90 code [0x000002525f7e3ee0, 0x000002525f7e4958]
Event: 12.939 Thread 0x00000252411fd4b0 7395       3       java.util.Properties$LineReader::readLine (584 bytes)
Event: 12.940 Thread 0x00000252411d2ab0 7396       4       java.lang.invoke.MemberName::getMethodOrFieldType (72 bytes)
Event: 12.943 Thread 0x00000252411fd4b0 nmethod 7395 0x000002525f7e4c10 code [0x000002525f7e5000, 0x000002525f7e78b8]
Event: 12.943 Thread 0x00000252411fd4b0 7398       3       java.lang.invoke.MemberName::isSetter (8 bytes)
Event: 12.944 Thread 0x00000252411fd4b0 nmethod 7398 0x000002525f7e8590 code [0x000002525f7e8760, 0x000002525f7e8a28]
Event: 12.944 Thread 0x00000252411fd4b0 7399       3       java.util.Locale::getDefault (63 bytes)
Event: 12.944 Thread 0x00000252411fd4b0 nmethod 7399 0x000002525f7e8b10 code [0x000002525f7e8d20, 0x000002525f7e9450]
Event: 12.946 Thread 0x00000252411fd4b0 7400       1       org.eclipse.jdt.internal.compiler.parser.Parser::restartRecovery (5 bytes)
Event: 12.947 Thread 0x00000252411fd4b0 nmethod 7400 0x000002526687e810 code [0x000002526687e9a0, 0x000002526687ea70]
Event: 12.949 Thread 0x00000252411d2ab0 nmethod 7396 0x000002526687eb10 code [0x000002526687ed20, 0x000002526687f1e8]
Event: 12.949 Thread 0x00000252411d2ab0 7397       4       java.lang.invoke.MethodHandle::asTypeCached (52 bytes)
Event: 12.950 Thread 0x00000252411d2ab0 nmethod 7397 0x000002526687f690 code [0x000002526687f820, 0x000002526687f950]
Event: 13.010 Thread 0x00000252411fd4b0 7401       3       sun.net.www.protocol.jar.JarURLConnection::getUseCaches (8 bytes)

GC Heap History (20 events):
Event: 9.116 GC heap before
{Heap before GC invocations=16 (full 2):
 PSYoungGen      total 23552K, used 22016K [0x00000000eab00000, 0x00000000ec580000, 0x0000000100000000)
  eden space 22016K, 100% used [0x00000000eab00000,0x00000000ec080000,0x00000000ec080000)
  from space 1536K, 0% used [0x00000000ec300000,0x00000000ec300000,0x00000000ec480000)
  to   space 1024K, 0% used [0x00000000ec480000,0x00000000ec480000,0x00000000ec580000)
 ParOldGen       total 68608K, used 18376K [0x00000000c0000000, 0x00000000c4300000, 0x00000000eab00000)
  object space 68608K, 26% used [0x00000000c0000000,0x00000000c11f23e8,0x00000000c4300000)
 Metaspace       used 37009K, committed 38144K, reserved 1114112K
  class space    used 3883K, committed 4352K, reserved 1048576K
}
Event: 9.118 GC heap after
{Heap after GC invocations=16 (full 2):
 PSYoungGen      total 23040K, used 1021K [0x00000000eab00000, 0x00000000ec580000, 0x0000000100000000)
  eden space 22016K, 0% used [0x00000000eab00000,0x00000000eab00000,0x00000000ec080000)
  from space 1024K, 99% used [0x00000000ec480000,0x00000000ec57f530,0x00000000ec580000)
  to   space 1536K, 0% used [0x00000000ec280000,0x00000000ec280000,0x00000000ec400000)
 ParOldGen       total 68608K, used 18416K [0x00000000c0000000, 0x00000000c4300000, 0x00000000eab00000)
  object space 68608K, 26% used [0x00000000c0000000,0x00000000c11fc3e8,0x00000000c4300000)
 Metaspace       used 37009K, committed 38144K, reserved 1114112K
  class space    used 3883K, committed 4352K, reserved 1048576K
}
Event: 9.344 GC heap before
{Heap before GC invocations=17 (full 2):
 PSYoungGen      total 23040K, used 23037K [0x00000000eab00000, 0x00000000ec580000, 0x0000000100000000)
  eden space 22016K, 100% used [0x00000000eab00000,0x00000000ec080000,0x00000000ec080000)
  from space 1024K, 99% used [0x00000000ec480000,0x00000000ec57f530,0x00000000ec580000)
  to   space 1536K, 0% used [0x00000000ec280000,0x00000000ec280000,0x00000000ec400000)
 ParOldGen       total 68608K, used 18419K [0x00000000c0000000, 0x00000000c4300000, 0x00000000eab00000)
  object space 68608K, 26% used [0x00000000c0000000,0x00000000c11fcef0,0x00000000c4300000)
 Metaspace       used 39604K, committed 40768K, reserved 1114112K
  class space    used 4195K, committed 4672K, reserved 1048576K
}
Event: 9.347 GC heap after
{Heap after GC invocations=17 (full 2):
 PSYoungGen      total 23552K, used 1280K [0x00000000eab00000, 0x00000000ec500000, 0x0000000100000000)
  eden space 22016K, 0% used [0x00000000eab00000,0x00000000eab00000,0x00000000ec080000)
  from space 1536K, 83% used [0x00000000ec280000,0x00000000ec3c0000,0x00000000ec400000)
  to   space 1024K, 0% used [0x00000000ec400000,0x00000000ec400000,0x00000000ec500000)
 ParOldGen       total 68608K, used 19345K [0x00000000c0000000, 0x00000000c4300000, 0x00000000eab00000)
  object space 68608K, 28% used [0x00000000c0000000,0x00000000c12e4768,0x00000000c4300000)
 Metaspace       used 39604K, committed 40768K, reserved 1114112K
  class space    used 4195K, committed 4672K, reserved 1048576K
}
Event: 9.642 GC heap before
{Heap before GC invocations=18 (full 2):
 PSYoungGen      total 23552K, used 23296K [0x00000000eab00000, 0x00000000ec500000, 0x0000000100000000)
  eden space 22016K, 100% used [0x00000000eab00000,0x00000000ec080000,0x00000000ec080000)
  from space 1536K, 83% used [0x00000000ec280000,0x00000000ec3c0000,0x00000000ec400000)
  to   space 1024K, 0% used [0x00000000ec400000,0x00000000ec400000,0x00000000ec500000)
 ParOldGen       total 68608K, used 19345K [0x00000000c0000000, 0x00000000c4300000, 0x00000000eab00000)
  object space 68608K, 28% used [0x00000000c0000000,0x00000000c12e4768,0x00000000c4300000)
 Metaspace       used 41479K, committed 42624K, reserved 1114112K
  class space    used 4432K, committed 4928K, reserved 1048576K
}
Event: 9.646 GC heap after
{Heap after GC invocations=18 (full 2):
 PSYoungGen      total 22528K, used 1005K [0x00000000eab00000, 0x00000000ec880000, 0x0000000100000000)
  eden space 21504K, 0% used [0x00000000eab00000,0x00000000eab00000,0x00000000ec000000)
  from space 1024K, 98% used [0x00000000ec400000,0x00000000ec4fb6d0,0x00000000ec500000)
  to   space 4096K, 0% used [0x00000000ec000000,0x00000000ec000000,0x00000000ec400000)
 ParOldGen       total 68608K, used 21690K [0x00000000c0000000, 0x00000000c4300000, 0x00000000eab00000)
  object space 68608K, 31% used [0x00000000c0000000,0x00000000c152eb80,0x00000000c4300000)
 Metaspace       used 41479K, committed 42624K, reserved 1114112K
  class space    used 4432K, committed 4928K, reserved 1048576K
}
Event: 10.035 GC heap before
{Heap before GC invocations=19 (full 2):
 PSYoungGen      total 22528K, used 22509K [0x00000000eab00000, 0x00000000ec880000, 0x0000000100000000)
  eden space 21504K, 100% used [0x00000000eab00000,0x00000000ec000000,0x00000000ec000000)
  from space 1024K, 98% used [0x00000000ec400000,0x00000000ec4fb6d0,0x00000000ec500000)
  to   space 4096K, 0% used [0x00000000ec000000,0x00000000ec000000,0x00000000ec400000)
 ParOldGen       total 68608K, used 21690K [0x00000000c0000000, 0x00000000c4300000, 0x00000000eab00000)
  object space 68608K, 31% used [0x00000000c0000000,0x00000000c152eb80,0x00000000c4300000)
 Metaspace       used 42952K, committed 44096K, reserved 1114112K
  class space    used 4636K, committed 5120K, reserved 1048576K
}
Event: 10.041 GC heap after
{Heap after GC invocations=19 (full 2):
 PSYoungGen      total 25600K, used 4092K [0x00000000eab00000, 0x00000000ed700000, 0x0000000100000000)
  eden space 21504K, 0% used [0x00000000eab00000,0x00000000eab00000,0x00000000ec000000)
  from space 4096K, 99% used [0x00000000ec000000,0x00000000ec3ff1c0,0x00000000ec400000)
  to   space 11776K, 0% used [0x00000000ecb80000,0x00000000ecb80000,0x00000000ed700000)
 ParOldGen       total 68608K, used 27721K [0x00000000c0000000, 0x00000000c4300000, 0x00000000eab00000)
  object space 68608K, 40% used [0x00000000c0000000,0x00000000c1b12740,0x00000000c4300000)
 Metaspace       used 42952K, committed 44096K, reserved 1114112K
  class space    used 4636K, committed 5120K, reserved 1048576K
}
Event: 10.566 GC heap before
{Heap before GC invocations=20 (full 2):
 PSYoungGen      total 25600K, used 25592K [0x00000000eab00000, 0x00000000ed700000, 0x0000000100000000)
  eden space 21504K, 99% used [0x00000000eab00000,0x00000000ebfff208,0x00000000ec000000)
  from space 4096K, 99% used [0x00000000ec000000,0x00000000ec3ff1c0,0x00000000ec400000)
  to   space 11776K, 0% used [0x00000000ecb80000,0x00000000ecb80000,0x00000000ed700000)
 ParOldGen       total 68608K, used 27721K [0x00000000c0000000, 0x00000000c4300000, 0x00000000eab00000)
  object space 68608K, 40% used [0x00000000c0000000,0x00000000c1b12740,0x00000000c4300000)
 Metaspace       used 45103K, committed 46336K, reserved 1114112K
  class space    used 4914K, committed 5440K, reserved 1048576K
}
Event: 10.571 GC heap after
{Heap after GC invocations=20 (full 2):
 PSYoungGen      total 26112K, used 4241K [0x00000000eab00000, 0x00000000ed000000, 0x0000000100000000)
  eden space 21504K, 0% used [0x00000000eab00000,0x00000000eab00000,0x00000000ec000000)
  from space 4608K, 92% used [0x00000000ecb80000,0x00000000ecfa45c0,0x00000000ed000000)
  to   space 6656K, 0% used [0x00000000ec300000,0x00000000ec300000,0x00000000ec980000)
 ParOldGen       total 68608K, used 31752K [0x00000000c0000000, 0x00000000c4300000, 0x00000000eab00000)
  object space 68608K, 46% used [0x00000000c0000000,0x00000000c1f020b8,0x00000000c4300000)
 Metaspace       used 45103K, committed 46336K, reserved 1114112K
  class space    used 4914K, committed 5440K, reserved 1048576K
}
Event: 11.128 GC heap before
{Heap before GC invocations=21 (full 2):
 PSYoungGen      total 26112K, used 25745K [0x00000000eab00000, 0x00000000ed000000, 0x0000000100000000)
  eden space 21504K, 99% used [0x00000000eab00000,0x00000000ebffff80,0x00000000ec000000)
  from space 4608K, 92% used [0x00000000ecb80000,0x00000000ecfa45c0,0x00000000ed000000)
  to   space 6656K, 0% used [0x00000000ec300000,0x00000000ec300000,0x00000000ec980000)
 ParOldGen       total 68608K, used 31752K [0x00000000c0000000, 0x00000000c4300000, 0x00000000eab00000)
  object space 68608K, 46% used [0x00000000c0000000,0x00000000c1f020b8,0x00000000c4300000)
 Metaspace       used 45989K, committed 47232K, reserved 1114112K
  class space    used 5005K, committed 5504K, reserved 1048576K
}
Event: 11.134 GC heap after
{Heap after GC invocations=21 (full 2):
 PSYoungGen      total 23040K, used 1104K [0x00000000eab00000, 0x00000000ecc00000, 0x0000000100000000)
  eden space 21504K, 0% used [0x00000000eab00000,0x00000000eab00000,0x00000000ec000000)
  from space 1536K, 71% used [0x00000000ec300000,0x00000000ec414120,0x00000000ec480000)
  to   space 3072K, 0% used [0x00000000ec900000,0x00000000ec900000,0x00000000ecc00000)
 ParOldGen       total 68608K, used 35848K [0x00000000c0000000, 0x00000000c4300000, 0x00000000eab00000)
  object space 68608K, 52% used [0x00000000c0000000,0x00000000c23020c8,0x00000000c4300000)
 Metaspace       used 45989K, committed 47232K, reserved 1114112K
  class space    used 5005K, committed 5504K, reserved 1048576K
}
Event: 11.641 GC heap before
{Heap before GC invocations=22 (full 2):
 PSYoungGen      total 23040K, used 22608K [0x00000000eab00000, 0x00000000ecc00000, 0x0000000100000000)
  eden space 21504K, 99% used [0x00000000eab00000,0x00000000ebfffff8,0x00000000ec000000)
  from space 1536K, 71% used [0x00000000ec300000,0x00000000ec414120,0x00000000ec480000)
  to   space 3072K, 0% used [0x00000000ec900000,0x00000000ec900000,0x00000000ecc00000)
 ParOldGen       total 68608K, used 35848K [0x00000000c0000000, 0x00000000c4300000, 0x00000000eab00000)
  object space 68608K, 52% used [0x00000000c0000000,0x00000000c23020c8,0x00000000c4300000)
 Metaspace       used 47579K, committed 48896K, reserved 1114112K
  class space    used 5179K, committed 5696K, reserved 1048576K
}
Event: 11.646 GC heap after
{Heap after GC invocations=22 (full 2):
 PSYoungGen      total 23552K, used 2039K [0x00000000eab00000, 0x00000000ecb00000, 0x0000000100000000)
  eden space 21504K, 0% used [0x00000000eab00000,0x00000000eab00000,0x00000000ec000000)
  from space 2048K, 99% used [0x00000000ec900000,0x00000000ecafde08,0x00000000ecb00000)
  to   space 2560K, 0% used [0x00000000ec600000,0x00000000ec600000,0x00000000ec880000)
 ParOldGen       total 68608K, used 36654K [0x00000000c0000000, 0x00000000c4300000, 0x00000000eab00000)
  object space 68608K, 53% used [0x00000000c0000000,0x00000000c23cba48,0x00000000c4300000)
 Metaspace       used 47579K, committed 48896K, reserved 1114112K
  class space    used 5179K, committed 5696K, reserved 1048576K
}
Event: 11.869 GC heap before
{Heap before GC invocations=23 (full 2):
 PSYoungGen      total 23552K, used 23543K [0x00000000eab00000, 0x00000000ecb00000, 0x0000000100000000)
  eden space 21504K, 100% used [0x00000000eab00000,0x00000000ec000000,0x00000000ec000000)
  from space 2048K, 99% used [0x00000000ec900000,0x00000000ecafde08,0x00000000ecb00000)
  to   space 2560K, 0% used [0x00000000ec600000,0x00000000ec600000,0x00000000ec880000)
 ParOldGen       total 68608K, used 36654K [0x00000000c0000000, 0x00000000c4300000, 0x00000000eab00000)
  object space 68608K, 53% used [0x00000000c0000000,0x00000000c23cba48,0x00000000c4300000)
 Metaspace       used 47669K, committed 48896K, reserved 1114112K
  class space    used 5187K, committed 5696K, reserved 1048576K
}
Event: 11.877 GC heap after
{Heap after GC invocations=23 (full 2):
 PSYoungGen      total 24064K, used 2097K [0x00000000eab00000, 0x00000000ec980000, 0x0000000100000000)
  eden space 21504K, 0% used [0x00000000eab00000,0x00000000eab00000,0x00000000ec000000)
  from space 2560K, 81% used [0x00000000ec600000,0x00000000ec80c410,0x00000000ec880000)
  to   space 1024K, 0% used [0x00000000ec880000,0x00000000ec880000,0x00000000ec980000)
 ParOldGen       total 68608K, used 38493K [0x00000000c0000000, 0x00000000c4300000, 0x00000000eab00000)
  object space 68608K, 56% used [0x00000000c0000000,0x00000000c2597508,0x00000000c4300000)
 Metaspace       used 47669K, committed 48896K, reserved 1114112K
  class space    used 5187K, committed 5696K, reserved 1048576K
}
Event: 12.120 GC heap before
{Heap before GC invocations=24 (full 2):
 PSYoungGen      total 24064K, used 23601K [0x00000000eab00000, 0x00000000ec980000, 0x0000000100000000)
  eden space 21504K, 100% used [0x00000000eab00000,0x00000000ec000000,0x00000000ec000000)
  from space 2560K, 81% used [0x00000000ec600000,0x00000000ec80c410,0x00000000ec880000)
  to   space 1024K, 0% used [0x00000000ec880000,0x00000000ec880000,0x00000000ec980000)
 ParOldGen       total 68608K, used 38493K [0x00000000c0000000, 0x00000000c4300000, 0x00000000eab00000)
  object space 68608K, 56% used [0x00000000c0000000,0x00000000c2597508,0x00000000c4300000)
 Metaspace       used 47760K, committed 49024K, reserved 1114112K
  class space    used 5187K, committed 5696K, reserved 1048576K
}
Event: 12.125 GC heap after
{Heap after GC invocations=24 (full 2):
 PSYoungGen      total 22528K, used 994K [0x00000000eab00000, 0x00000000ec980000, 0x0000000100000000)
  eden space 21504K, 0% used [0x00000000eab00000,0x00000000eab00000,0x00000000ec000000)
  from space 1024K, 97% used [0x00000000ec880000,0x00000000ec978800,0x00000000ec980000)
  to   space 4096K, 0% used [0x00000000ec180000,0x00000000ec180000,0x00000000ec580000)
 ParOldGen       total 68608K, used 41285K [0x00000000c0000000, 0x00000000c4300000, 0x00000000eab00000)
  object space 68608K, 60% used [0x00000000c0000000,0x00000000c2851518,0x00000000c4300000)
 Metaspace       used 47760K, committed 49024K, reserved 1114112K
  class space    used 5187K, committed 5696K, reserved 1048576K
}
Event: 12.714 GC heap before
{Heap before GC invocations=25 (full 2):
 PSYoungGen      total 22528K, used 22498K [0x00000000eab00000, 0x00000000ec980000, 0x0000000100000000)
  eden space 21504K, 100% used [0x00000000eab00000,0x00000000ec000000,0x00000000ec000000)
  from space 1024K, 97% used [0x00000000ec880000,0x00000000ec978800,0x00000000ec980000)
  to   space 4096K, 0% used [0x00000000ec180000,0x00000000ec180000,0x00000000ec580000)
 ParOldGen       total 68608K, used 41285K [0x00000000c0000000, 0x00000000c4300000, 0x00000000eab00000)
  object space 68608K, 60% used [0x00000000c0000000,0x00000000c2851518,0x00000000c4300000)
 Metaspace       used 49019K, committed 50368K, reserved 1114112K
  class space    used 5343K, committed 5888K, reserved 1048576K
}
Event: 12.718 GC heap after
{Heap after GC invocations=25 (full 2):
 PSYoungGen      total 25600K, used 1511K [0x00000000eab00000, 0x00000000ec900000, 0x0000000100000000)
  eden space 21504K, 0% used [0x00000000eab00000,0x00000000eab00000,0x00000000ec000000)
  from space 4096K, 36% used [0x00000000ec180000,0x00000000ec2f9c20,0x00000000ec580000)
  to   space 2560K, 0% used [0x00000000ec680000,0x00000000ec680000,0x00000000ec900000)
 ParOldGen       total 68608K, used 42311K [0x00000000c0000000, 0x00000000c4300000, 0x00000000eab00000)
  object space 68608K, 61% used [0x00000000c0000000,0x00000000c2951d18,0x00000000c4300000)
 Metaspace       used 49019K, committed 50368K, reserved 1114112K
  class space    used 5343K, committed 5888K, reserved 1048576K
}

Dll operation events (11 events):
Event: 0.042 Loaded shared library C:\Program Files\Java\jdk-22\bin\java.dll
Event: 0.110 Loaded shared library C:\Program Files\Java\jdk-22\bin\jsvml.dll
Event: 0.230 Loaded shared library C:\Program Files\Java\jdk-22\bin\zip.dll
Event: 0.236 Loaded shared library C:\Program Files\Java\jdk-22\bin\instrument.dll
Event: 0.242 Loaded shared library C:\Program Files\Java\jdk-22\bin\net.dll
Event: 0.244 Loaded shared library C:\Program Files\Java\jdk-22\bin\nio.dll
Event: 0.248 Loaded shared library C:\Program Files\Java\jdk-22\bin\zip.dll
Event: 0.276 Loaded shared library C:\Program Files\Java\jdk-22\bin\jimage.dll
Event: 0.369 Loaded shared library C:\Program Files\Java\jdk-22\bin\verify.dll
Event: 1.959 Loaded shared library C:\Users\Kiet\AppData\Roaming\Code\User\globalStorage\redhat.java\1.36.0\config_win\org.eclipse.equinox.launcher\org.eclipse.equinox.launcher.win32.win32.x86_64_1.2.1100.v20240722-2106\eclipse_11904.dll
Event: 4.896 Loaded shared library C:\Users\Kiet\AppData\Local\Temp\jna-2338477\jna7386802755599402718.dll

Deoptimization events (20 events):
Event: 12.468 Thread 0x0000025248ae5f50 DEOPT PACKING pc=0x000002525f7d72a6 sp=0x000000c6006fd860
Event: 12.468 Thread 0x0000025248ae5f50 DEOPT UNPACKING pc=0x0000025265f878e2 sp=0x000000c6006fcd50 mode 0
Event: 12.468 Thread 0x0000025248ae5f50 DEOPT PACKING pc=0x000002525f411e7e sp=0x000000c6006fd870
Event: 12.468 Thread 0x0000025248ae5f50 DEOPT UNPACKING pc=0x0000025265f878e2 sp=0x000000c6006fcd58 mode 0
Event: 12.469 Thread 0x0000025248ae5f50 DEOPT PACKING pc=0x000002525f7d72a6 sp=0x000000c6006fd860
Event: 12.469 Thread 0x0000025248ae5f50 DEOPT UNPACKING pc=0x0000025265f878e2 sp=0x000000c6006fcd50 mode 0
Event: 12.469 Thread 0x0000025248ae5f50 DEOPT PACKING pc=0x000002525f411e7e sp=0x000000c6006fd870
Event: 12.469 Thread 0x0000025248ae5f50 DEOPT UNPACKING pc=0x0000025265f878e2 sp=0x000000c6006fcd58 mode 0
Event: 12.731 Thread 0x0000025248ae5f50 DEOPT PACKING pc=0x000002525f016014 sp=0x000000c6006fc4c0
Event: 12.731 Thread 0x0000025248ae5f50 DEOPT UNPACKING pc=0x0000025265f878e2 sp=0x000000c6006fb9c0 mode 0
Event: 12.754 Thread 0x0000025248ae5f50 DEOPT PACKING pc=0x000002525f691193 sp=0x000000c6006fbcb0
Event: 12.754 Thread 0x0000025248ae5f50 DEOPT UNPACKING pc=0x0000025265f878e2 sp=0x000000c6006fb1e8 mode 0
Event: 12.936 Thread 0x0000025248ae5f50 Uncommon trap: trap_request=0xffffff45 fr.pc=0x000002526687734c relative=0x000000000000036c
Event: 12.936 Thread 0x0000025248ae5f50 Uncommon trap: reason=unstable_if action=reinterpret pc=0x000002526687734c method=java.util.WeakHashMap.remove(Ljava/lang/Object;)Ljava/lang/Object; @ 92 c2
Event: 12.936 Thread 0x0000025248ae5f50 DEOPT PACKING pc=0x000002526687734c sp=0x000000c6006fcf80
Event: 12.936 Thread 0x0000025248ae5f50 DEOPT UNPACKING pc=0x0000025265f86da2 sp=0x000000c6006fcec8 mode 2
Event: 12.939 Thread 0x0000025248ae5f50 Uncommon trap: trap_request=0xffffff45 fr.pc=0x000002526686b724 relative=0x0000000000000e64
Event: 12.939 Thread 0x0000025248ae5f50 Uncommon trap: reason=unstable_if action=reinterpret pc=0x000002526686b724 method=java.util.Properties$LineReader.readLine()I @ 182 c2
Event: 12.939 Thread 0x0000025248ae5f50 DEOPT PACKING pc=0x000002526686b724 sp=0x000000c6006fc570
Event: 12.939 Thread 0x0000025248ae5f50 DEOPT UNPACKING pc=0x0000025265f86da2 sp=0x000000c6006fc500 mode 2

Classes loaded (20 events):
Event: 11.260 Loading class java/nio/file/ClosedDirectoryStreamException
Event: 11.260 Loading class java/nio/file/ClosedDirectoryStreamException done
Event: 11.261 Loading class jdk/internal/jrtfs/JrtFileSystem
Event: 11.261 Loading class jdk/internal/jrtfs/JrtFileSystem done
Event: 11.262 Loading class jdk/internal/jrtfs/JrtPath
Event: 11.263 Loading class jdk/internal/jrtfs/JrtPath done
Event: 11.263 Loading class jdk/internal/jimage/ImageReader$Node
Event: 11.263 Loading class jdk/internal/jimage/ImageReader$Node done
Event: 11.273 Loading class java/nio/ByteBufferAsIntBufferL
Event: 11.273 Loading class java/nio/ByteBufferAsIntBufferL done
Event: 11.278 Loading class jdk/internal/jimage/ImageReader$Directory
Event: 11.279 Loading class jdk/internal/jimage/ImageReader$Directory done
Event: 11.462 Loading class java/util/AbstractList$ListItr
Event: 11.462 Loading class java/util/AbstractList$ListItr done
Event: 11.474 Loading class java/nio/channels/Channels$ReadableByteChannelImpl
Event: 11.475 Loading class java/nio/channels/Channels$ReadableByteChannelImpl done
Event: 11.475 Loading class java/nio/channels/NonWritableChannelException
Event: 11.476 Loading class java/nio/channels/NonWritableChannelException done
Event: 11.881 Loading class java/lang/invoke/MethodHandleImpl$CountingWrapper$1
Event: 11.882 Loading class java/lang/invoke/MethodHandleImpl$CountingWrapper$1 done

Classes unloaded (7 events):
Event: 5.634 Thread 0x00000252411c36a0 Unloading class 0x000002520119cc00 'java/lang/invoke/LambdaForm$MH+0x000002520119cc00'
Event: 5.634 Thread 0x00000252411c36a0 Unloading class 0x000002520119c800 'java/lang/invoke/LambdaForm$MH+0x000002520119c800'
Event: 5.634 Thread 0x00000252411c36a0 Unloading class 0x000002520119c400 'java/lang/invoke/LambdaForm$MH+0x000002520119c400'
Event: 5.634 Thread 0x00000252411c36a0 Unloading class 0x000002520119c000 'java/lang/invoke/LambdaForm$MH+0x000002520119c000'
Event: 5.634 Thread 0x00000252411c36a0 Unloading class 0x000002520119bc00 'java/lang/invoke/LambdaForm$BMH+0x000002520119bc00'
Event: 5.634 Thread 0x00000252411c36a0 Unloading class 0x000002520119b800 'java/lang/invoke/LambdaForm$DMH+0x000002520119b800'
Event: 5.634 Thread 0x00000252411c36a0 Unloading class 0x000002520119a400 'java/lang/invoke/LambdaForm$DMH+0x000002520119a400'

Classes redefined (0 events):
No events

Internal exceptions (20 events):
Event: 9.636 Thread 0x000002524b2680f0 Exception <a 'java/io/FileNotFoundException'{0x00000000ebfa9320}> (0x00000000ebfa9320) 
thrown [s\open\src\hotspot\share\prims\jni.cpp, line 520]
Event: 9.697 Thread 0x000002524b2680f0 Exception <a 'java/lang/NoSuchMethodError'{0x00000000eae2d0f8}: 'java.lang.Object java.lang.invoke.DirectMethodHandle$Holder.invokeStatic(java.lang.Object, int, java.lang.Object, java.lang.Object)'> (0x00000000eae2d0f8) 
thrown [s\open\src\hotspot\share\interpreter\linkResolver.cpp, line 774]
Event: 9.697 Thread 0x000002524b2680f0 Exception <a 'java/lang/NoSuchMethodError'{0x00000000eae308e8}: 'java.lang.Object java.lang.invoke.DelegatingMethodHandle$Holder.delegate(java.lang.Object, int, java.lang.Object, java.lang.Object)'> (0x00000000eae308e8) 
thrown [s\open\src\hotspot\share\interpreter\linkResolver.cpp, line 774]
Event: 9.697 Thread 0x0000025247e4ec30 Exception <a 'java/lang/ExceptionInInitializerError'{0x00000000eae20998}> (0x00000000eae20998) 
thrown [s\open\src\hotspot\share\oops\instanceKlass.cpp, line 1247]
Event: 9.699 Thread 0x000002524b2680f0 Implicit null exception at 0x00000252666ac676 to 0x00000252666ac994
Event: 9.702 Thread 0x000002524b2680f0 Exception <a 'java/lang/NoSuchMethodError'{0x00000000eae44378}: 'int java.lang.invoke.Invokers$Holder.linkToTargetMethod(java.lang.Object, java.lang.Object, java.lang.Object)'> (0x00000000eae44378) 
thrown [s\open\src\hotspot\share\interpreter\linkResolver.cpp, line 774]
Event: 9.742 Thread 0x0000025247e4ec30 Implicit null exception at 0x000002526660bc7e to 0x000002526660bef0
Event: 9.742 Thread 0x0000025247e4ec30 Implicit null exception at 0x0000025266571918 to 0x00000252665727d0
Event: 9.745 Thread 0x0000025247e4ec30 Exception <a 'java/lang/NoSuchMethodError'{0x00000000eafe0398}: 'java.lang.Object java.lang.invoke.Invokers$Holder.invokeExact_MT(java.lang.Object, int, java.lang.Object)'> (0x00000000eafe0398) 
thrown [s\open\src\hotspot\share\interpreter\linkResolver.cpp, line 774]
Event: 9.910 Thread 0x0000025247e4e5a0 Exception <a 'java/io/FileNotFoundException'{0x00000000eb53e500}> (0x00000000eb53e500) 
thrown [s\open\src\hotspot\share\prims\jni.cpp, line 520]
Event: 9.911 Thread 0x0000025247e4e5a0 Exception <a 'java/io/FileNotFoundException'{0x00000000eb53f240}> (0x00000000eb53f240) 
thrown [s\open\src\hotspot\share\prims\jni.cpp, line 520]
Event: 10.214 Thread 0x0000025247e4ec30 Exception <a 'java/lang/NoClassDefFoundError'{0x00000000eb3039f0}: com/google/inject/servlet/ServletModuleTargetVisitor> (0x00000000eb3039f0) 
thrown [s\open\src\hotspot\share\classfile\systemDictionary.cpp, line 302]
Event: 10.530 Thread 0x0000025247e4ec30 Implicit null exception at 0x00000252664efd9f to 0x00000252664f0014
Event: 10.544 Thread 0x000002524b26f710 Exception <a 'java/lang/NoSuchMethodError'{0x00000000ebefd588}: 'int java.lang.invoke.DirectMethodHandle$Holder.invokeSpecialIFC(java.lang.Object, java.lang.Object, java.lang.Object, java.lang.Object)'> (0x00000000ebefd588) 
thrown [s\open\src\hotspot\share\interpreter\linkResolver.cpp, line 774]
Event: 10.607 Thread 0x000002524b26f710 Exception <a 'java/lang/NoSuchMethodError'{0x00000000eabb52b8}: 'int java.lang.invoke.DirectMethodHandle$Holder.invokeInterface(java.lang.Object, java.lang.Object)'> (0x00000000eabb52b8) 
thrown [s\open\src\hotspot\share\interpreter\linkResolver.cpp, line 774]
Event: 10.607 Thread 0x000002524b26f710 Exception <a 'java/lang/IncompatibleClassChangeError'{0x00000000eabb8508}: Found class java.lang.Object, but interface was expected> (0x00000000eabb8508) 
thrown [s\open\src\hotspot\share\interpreter\linkResolver.cpp, line 841]
Event: 10.793 Thread 0x000002524b2680f0 Exception <a 'java/lang/IncompatibleClassChangeError'{0x00000000eb904ce8}: Found class java.lang.Object, but interface was expected> (0x00000000eb904ce8) 
thrown [s\open\src\hotspot\share\interpreter\linkResolver.cpp, line 841]
Event: 11.116 Thread 0x000002524b2680f0 Exception <a 'java/lang/IncompatibleClassChangeError'{0x00000000ebe6eb70}: Found class java.lang.Object, but interface was expected> (0x00000000ebe6eb70) 
thrown [s\open\src\hotspot\share\interpreter\linkResolver.cpp, line 841]
Event: 11.250 Thread 0x000002524b2680f0 Implicit null exception at 0x00000252667bd1ff to 0x00000252667bd480
Event: 11.251 Thread 0x000002524b2680f0 Exception <a 'java/lang/NoSuchMethodError'{0x00000000eb1e5098}: 'java.lang.Object java.lang.invoke.DelegatingMethodHandle$Holder.reinvoke_L(java.lang.Object, int, long, java.lang.Object, java.lang.Object, int, java.lang.Object)'> (0x00000000eb1e5098) 
thrown [s\open\src\hotspot\share\interpreter\linkResolver.cpp, line 774]

ZGC Phase Switch (0 events):
No events

VM Operations (20 events):
Event: 11.275 Executing VM operation: HandshakeAllThreads (Deoptimize)
Event: 11.275 Executing VM operation: HandshakeAllThreads (Deoptimize) done
Event: 11.277 Executing VM operation: HandshakeAllThreads (Deoptimize)
Event: 11.277 Executing VM operation: HandshakeAllThreads (Deoptimize) done
Event: 11.340 Executing VM operation: HandshakeAllThreads (Deoptimize)
Event: 11.340 Executing VM operation: HandshakeAllThreads (Deoptimize) done
Event: 11.465 Executing VM operation: HandshakeAllThreads (Deoptimize)
Event: 11.465 Executing VM operation: HandshakeAllThreads (Deoptimize) done
Event: 11.641 Executing VM operation: ParallelGCFailedAllocation (Allocation Failure)
Event: 11.646 Executing VM operation: ParallelGCFailedAllocation (Allocation Failure) done
Event: 11.868 Executing VM operation: ParallelGCFailedAllocation (Allocation Failure)
Event: 11.877 Executing VM operation: ParallelGCFailedAllocation (Allocation Failure) done
Event: 12.120 Executing VM operation: ParallelGCFailedAllocation (Allocation Failure)
Event: 12.125 Executing VM operation: ParallelGCFailedAllocation (Allocation Failure) done
Event: 12.347 Executing VM operation: HandshakeAllThreads (Deoptimize)
Event: 12.347 Executing VM operation: HandshakeAllThreads (Deoptimize) done
Event: 12.714 Executing VM operation: ParallelGCFailedAllocation (Allocation Failure)
Event: 12.718 Executing VM operation: ParallelGCFailedAllocation (Allocation Failure) done
Event: 12.849 Executing VM operation: HandshakeAllThreads (Deoptimize)
Event: 12.849 Executing VM operation: HandshakeAllThreads (Deoptimize) done

Memory protections (0 events):
No events

Nmethod flushes (20 events):
Event: 8.724 Thread 0x00000252411c36a0 flushing  nmethod 0x000002525f08df10
Event: 8.724 Thread 0x00000252411c36a0 flushing  nmethod 0x000002525f08ef90
Event: 8.724 Thread 0x00000252411c36a0 flushing  nmethod 0x000002525f090090
Event: 8.724 Thread 0x00000252411c36a0 flushing  nmethod 0x000002525f090490
Event: 8.724 Thread 0x00000252411c36a0 flushing  nmethod 0x000002525f090e90
Event: 8.724 Thread 0x00000252411c36a0 flushing  nmethod 0x000002525f091590
Event: 8.724 Thread 0x00000252411c36a0 flushing  nmethod 0x000002525f091a10
Event: 8.724 Thread 0x00000252411c36a0 flushing  nmethod 0x000002525f09f790
Event: 8.724 Thread 0x00000252411c36a0 flushing  nmethod 0x000002525f0c3d10
Event: 8.724 Thread 0x00000252411c36a0 flushing  nmethod 0x000002525f0c4890
Event: 8.724 Thread 0x00000252411c36a0 flushing  nmethod 0x000002525f0ccb10
Event: 8.724 Thread 0x00000252411c36a0 flushing  nmethod 0x000002525f0de190
Event: 8.724 Thread 0x00000252411c36a0 flushing  nmethod 0x000002525f0de590
Event: 8.724 Thread 0x00000252411c36a0 flushing  nmethod 0x000002525f0dea90
Event: 8.724 Thread 0x00000252411c36a0 flushing  nmethod 0x000002525f110390
Event: 8.724 Thread 0x00000252411c36a0 flushing  nmethod 0x000002525f15ce90
Event: 8.724 Thread 0x00000252411c36a0 flushing  nmethod 0x000002525f185490
Event: 8.724 Thread 0x00000252411c36a0 flushing  nmethod 0x000002525f1b7310
Event: 8.724 Thread 0x00000252411c36a0 flushing  nmethod 0x000002525f1b9590
Event: 8.724 Thread 0x00000252411c36a0 flushing  nmethod 0x000002525f1d6010

Events (20 events):
Event: 8.567 Thread 0x00000252566b02e0 Thread added: 0x000002524b26f080
Event: 8.567 Thread 0x00000252566b02e0 Thread added: 0x000002524b26d640
Event: 8.567 Thread 0x00000252566b02e0 Thread added: 0x000002524b26bc00
Event: 8.569 Thread 0x00000252566b02e0 Thread added: 0x000002524b26aee0
Event: 8.569 Thread 0x00000252566b02e0 Thread added: 0x000002524b268e10
Event: 8.570 Thread 0x00000252566b02e0 Thread added: 0x000002524b26dcd0
Event: 8.570 Thread 0x00000252566b02e0 Thread added: 0x000002524b26c290
Event: 8.599 Thread 0x00000252566b02e0 Thread added: 0x000002524b26c920
Event: 9.219 Thread 0x00000252566b02e0 Thread added: 0x000002524b26cfb0
Event: 9.220 Thread 0x00000252566b02e0 Thread added: 0x000002524b2680f0
Event: 9.596 Thread 0x0000025247e4cb60 Thread added: 0x000002524b26f710
Event: 9.940 Thread 0x0000025247e4e5a0 Thread added: 0x000002524b26b570
Event: 9.940 Thread 0x0000025247e4e5a0 Thread added: 0x000002524b269b30
Event: 9.941 Thread 0x000002524b269b30 Thread added: 0x0000025248ae5230
Event: 9.941 Thread 0x0000025247e4e5a0 Thread added: 0x0000025248ae2440
Event: 9.941 Thread 0x0000025248ae5230 Thread added: 0x0000025248ae58c0
Event: 9.943 Thread 0x000002524b26b570 Thread added: 0x0000025248ae1720
Event: 9.960 Thread 0x0000025248ae58c0 Thread added: 0x0000025248ae5f50
Event: 10.621 Thread 0x0000025247e4d880 Thread exited: 0x0000025247e4d880
Event: 12.939 Thread 0x000002524795c680 Thread exited: 0x000002524795c680


Dynamic libraries:
0x00007ff673690000 - 0x00007ff6736a0000 	C:\Program Files\Java\jdk-22\bin\java.exe
0x00007ffcd6d50000 - 0x00007ffcd6f67000 	C:\WINDOWS\SYSTEM32\ntdll.dll
0x00007ffcd5bb0000 - 0x00007ffcd5c74000 	C:\WINDOWS\System32\KERNEL32.DLL
0x00007ffcd4370000 - 0x00007ffcd4729000 	C:\WINDOWS\System32\KERNELBASE.dll
0x00007ffcd4170000 - 0x00007ffcd4281000 	C:\WINDOWS\System32\ucrtbase.dll
0x00007ffcc4fb0000 - 0x00007ffcc4fc7000 	C:\Program Files\Java\jdk-22\bin\jli.dll
0x00007ffcd52d0000 - 0x00007ffcd547e000 	C:\WINDOWS\System32\USER32.dll
0x00007ffcd4340000 - 0x00007ffcd4366000 	C:\WINDOWS\System32\win32u.dll
0x00007ffcd5480000 - 0x00007ffcd54a9000 	C:\WINDOWS\System32\GDI32.dll
0x00007ffcd4050000 - 0x00007ffcd416b000 	C:\WINDOWS\System32\gdi32full.dll
0x00007ffcd4730000 - 0x00007ffcd47ca000 	C:\WINDOWS\System32\msvcp_win.dll
0x00007ffcc4770000 - 0x00007ffcc478b000 	C:\Program Files\Java\jdk-22\bin\VCRUNTIME140.dll
0x00007ffcba2d0000 - 0x00007ffcba562000 	C:\WINDOWS\WinSxS\amd64_microsoft.windows.common-controls_6595b64144ccf1df_6.0.22621.4391_none_2715d37f73803e96\COMCTL32.dll
0x00007ffcd67d0000 - 0x00007ffcd6877000 	C:\WINDOWS\System32\msvcrt.dll
0x00007ffcd5030000 - 0x00007ffcd5061000 	C:\WINDOWS\System32\IMM32.DLL
0x00007ffcd0610000 - 0x00007ffcd061c000 	C:\Program Files\Java\jdk-22\bin\vcruntime140_1.dll
0x00007ffc9ea60000 - 0x00007ffc9eaee000 	C:\Program Files\Java\jdk-22\bin\msvcp140.dll
0x00007ffc7f340000 - 0x00007ffc80089000 	C:\Program Files\Java\jdk-22\bin\server\jvm.dll
0x00007ffcd54b0000 - 0x00007ffcd5562000 	C:\WINDOWS\System32\ADVAPI32.dll
0x00007ffcd5c80000 - 0x00007ffcd5d27000 	C:\WINDOWS\System32\sechost.dll
0x00007ffcd4310000 - 0x00007ffcd4338000 	C:\WINDOWS\System32\bcrypt.dll
0x00007ffcd5a90000 - 0x00007ffcd5ba4000 	C:\WINDOWS\System32\RPCRT4.dll
0x00007ffcd5a10000 - 0x00007ffcd5a81000 	C:\WINDOWS\System32\WS2_32.dll
0x00007ffcd3f20000 - 0x00007ffcd3f6d000 	C:\WINDOWS\SYSTEM32\POWRPROF.dll
0x00007ffcd0550000 - 0x00007ffcd0584000 	C:\WINDOWS\SYSTEM32\WINMM.dll
0x00007ffcd0540000 - 0x00007ffcd054a000 	C:\WINDOWS\SYSTEM32\VERSION.dll
0x00007ffcd3f00000 - 0x00007ffcd3f13000 	C:\WINDOWS\SYSTEM32\UMPDC.dll
0x00007ffcd3090000 - 0x00007ffcd30a8000 	C:\WINDOWS\SYSTEM32\kernel.appcore.dll
0x00007ffccc0e0000 - 0x00007ffccc0ea000 	C:\Program Files\Java\jdk-22\bin\jimage.dll
0x00007ffcd1a70000 - 0x00007ffcd1ca2000 	C:\WINDOWS\SYSTEM32\DBGHELP.DLL
0x00007ffcd4a70000 - 0x00007ffcd4dff000 	C:\WINDOWS\System32\combase.dll
0x00007ffcd50d0000 - 0x00007ffcd51a7000 	C:\WINDOWS\System32\OLEAUT32.dll
0x00007ffcd08f0000 - 0x00007ffcd0922000 	C:\WINDOWS\SYSTEM32\dbgcore.DLL
0x00007ffcd4290000 - 0x00007ffcd430b000 	C:\WINDOWS\System32\bcryptPrimitives.dll
0x00007ffcc5330000 - 0x00007ffcc533f000 	C:\Program Files\Java\jdk-22\bin\instrument.dll
0x00007ffcc4730000 - 0x00007ffcc474e000 	C:\Program Files\Java\jdk-22\bin\java.dll
0x00007ffcd5f50000 - 0x00007ffcd67c6000 	C:\WINDOWS\System32\SHELL32.dll
0x00007ffcd4e80000 - 0x00007ffcd5025000 	C:\WINDOWS\System32\ole32.dll
0x00007ffcd1f90000 - 0x00007ffcd2893000 	C:\WINDOWS\SYSTEM32\windows.storage.dll
0x00007ffcd1e50000 - 0x00007ffcd1f8f000 	C:\WINDOWS\SYSTEM32\wintypes.dll
0x00007ffcd51d0000 - 0x00007ffcd52c9000 	C:\WINDOWS\System32\SHCORE.dll
0x00007ffcd5e60000 - 0x00007ffcd5ebe000 	C:\WINDOWS\System32\shlwapi.dll
0x00007ffcd3f80000 - 0x00007ffcd3fab000 	C:\WINDOWS\SYSTEM32\profapi.dll
0x00007ffc9c210000 - 0x00007ffc9c2e7000 	C:\Program Files\Java\jdk-22\bin\jsvml.dll
0x00007ffcc4360000 - 0x00007ffcc4377000 	C:\Program Files\Java\jdk-22\bin\zip.dll
0x00007ffcc5120000 - 0x00007ffcc5130000 	C:\Program Files\Java\jdk-22\bin\net.dll
0x00007ffcd3510000 - 0x00007ffcd3579000 	C:\WINDOWS\system32\mswsock.dll
0x00007ffcc4190000 - 0x00007ffcc41a6000 	C:\Program Files\Java\jdk-22\bin\nio.dll
0x00007ffcc4ee0000 - 0x00007ffcc4ef0000 	C:\Program Files\Java\jdk-22\bin\verify.dll
0x00007ffcade90000 - 0x00007ffcaded5000 	C:\Users\Kiet\AppData\Roaming\Code\User\globalStorage\redhat.java\1.36.0\config_win\org.eclipse.equinox.launcher\org.eclipse.equinox.launcher.win32.win32.x86_64_1.2.1100.v20240722-2106\eclipse_11904.dll
0x00007ffcd3760000 - 0x00007ffcd377b000 	C:\WINDOWS\SYSTEM32\CRYPTSP.dll
0x00007ffcd2ff0000 - 0x00007ffcd3025000 	C:\WINDOWS\system32\rsaenh.dll
0x00007ffcd3600000 - 0x00007ffcd3628000 	C:\WINDOWS\SYSTEM32\USERENV.dll
0x00007ffcd3780000 - 0x00007ffcd378c000 	C:\WINDOWS\SYSTEM32\CRYPTBASE.dll
0x00007ffcd2b40000 - 0x00007ffcd2b6d000 	C:\WINDOWS\SYSTEM32\IPHLPAPI.DLL
0x00007ffcd5da0000 - 0x00007ffcd5da9000 	C:\WINDOWS\System32\NSI.dll
0x00007ffca8fa0000 - 0x00007ffca8fe9000 	C:\Users\Kiet\AppData\Local\Temp\jna-2338477\jna7386802755599402718.dll
0x00007ffcd5a00000 - 0x00007ffcd5a08000 	C:\WINDOWS\System32\PSAPI.DLL
0x00007ffccf6c0000 - 0x00007ffccf7f6000 	C:\WINDOWS\SYSTEM32\winhttp.dll
0x00007ffcd04e0000 - 0x00007ffcd04f9000 	C:\WINDOWS\SYSTEM32\dhcpcsvc6.DLL
0x00007ffcd04c0000 - 0x00007ffcd04df000 	C:\WINDOWS\SYSTEM32\dhcpcsvc.DLL

dbghelp: loaded successfully - version: 4.0.5 - missing functions: none
symbol engine: initialized successfully - sym options: 0x614 - pdb path: .;C:\Program Files\Java\jdk-22\bin;C:\WINDOWS\SYSTEM32;C:\WINDOWS\WinSxS\amd64_microsoft.windows.common-controls_6595b64144ccf1df_6.0.22621.4391_none_2715d37f73803e96;C:\Program Files\Java\jdk-22\bin\server;C:\Users\Kiet\AppData\Roaming\Code\User\globalStorage\redhat.java\1.36.0\config_win\org.eclipse.equinox.launcher\org.eclipse.equinox.launcher.win32.win32.x86_64_1.2.1100.v20240722-2106;C:\Users\Kiet\AppData\Local\Temp\jna-2338477

VM Arguments:
jvm_args: --add-modules=ALL-SYSTEM --add-opens=java.base/java.util=ALL-UNNAMED --add-opens=java.base/java.lang=ALL-UNNAMED --add-opens=java.base/sun.nio.fs=ALL-UNNAMED -Declipse.application=org.eclipse.jdt.ls.core.id1 -Dosgi.bundles.defaultStartLevel=4 -Declipse.product=org.eclipse.jdt.ls.core.product -Djava.import.generatesMetadataFilesAtProjectRoot=false -DDetectVMInstallationsJob.disabled=true -Dfile.encoding=utf8 -XX:+UseParallelGC -XX:GCTimeRatio=4 -XX:AdaptiveSizePolicyWeight=90 -Dsun.zip.disableMemoryMapping=true -Xmx1G -Xms100m -Xlog:disable -javaagent:c:\Users\Kiet\.vscode\extensions\redhat.java-1.36.0\lombok\lombok-1.18.35.jar -XX:+HeapDumpOnOutOfMemoryError -XX:HeapDumpPath=c:\Users\Kiet\AppData\Roaming\Code\User\workspaceStorage\bacffae7d29c3e7f06ec343f93caa3f1\redhat.java -Daether.dependencyCollector.impl=bf 
java_command: c:\Users\Kiet\.vscode\extensions\redhat.java-1.36.0\server\plugins\org.eclipse.equinox.launcher_1.6.900.v20240613-2009.jar -configuration c:\Users\Kiet\AppData\Roaming\Code\User\globalStorage\redhat.java\1.36.0\config_win -data c:\Users\Kiet\AppData\Roaming\Code\User\workspaceStorage\bacffae7d29c3e7f06ec343f93caa3f1\redhat.java\jdt_ws --pipe=\\.\pipe\lsp-ce71a78cc548f4b5d68e7fc4e1787e1a-sock
java_class_path (initial): c:\Users\Kiet\.vscode\extensions\redhat.java-1.36.0\server\plugins\org.eclipse.equinox.launcher_1.6.900.v20240613-2009.jar
Launcher Type: SUN_STANDARD

[Global flags]
     uint AdaptiveSizePolicyWeight                 = 90                                        {product} {command line}
     intx CICompilerCount                          = 4                                         {product} {ergonomic}
     uint GCTimeRatio                              = 4                                         {product} {command line}
     bool HeapDumpOnOutOfMemoryError               = true                                   {manageable} {command line}
    ccstr HeapDumpPath                             = c:\Users\Kiet\AppData\Roaming\Code\User\workspaceStorage\bacffae7d29c3e7f06ec343f93caa3f1\redhat.java         {manageable} {command line}
   size_t InitialHeapSize                          = 104857600                                 {product} {command line}
   size_t MaxHeapSize                              = 1073741824                                {product} {command line}
   size_t MaxNewSize                               = 357564416                                 {product} {ergonomic}
   size_t MinHeapDeltaBytes                        = 524288                                    {product} {ergonomic}
   size_t MinHeapSize                              = 104857600                                 {product} {command line}
   size_t NewSize                                  = 34603008                                  {product} {ergonomic}
    uintx NonNMethodCodeHeapSize                   = 5839372                                {pd product} {ergonomic}
    uintx NonProfiledCodeHeapSize                  = 122909434                              {pd product} {ergonomic}
   size_t OldSize                                  = 70254592                                  {product} {ergonomic}
    uintx ProfiledCodeHeapSize                     = 122909434                              {pd product} {ergonomic}
    uintx ReservedCodeCacheSize                    = 251658240                              {pd product} {ergonomic}
     bool SegmentedCodeCache                       = true                                      {product} {ergonomic}
   size_t SoftMaxHeapSize                          = 1073741824                             {manageable} {ergonomic}
     bool UseCompressedOops                        = true                           {product lp64_product} {ergonomic}
     bool UseLargePagesIndividualAllocation        = false                                  {pd product} {ergonomic}
     bool UseParallelGC                            = true                                      {product} {command line}

Logging:
Log output configuration:
 #0: stdout all=off uptime,level,tags foldmultilines=false
 #1: stderr all=off uptime,level,tags foldmultilines=false

Environment Variables:
JAVA_HOME=C:\Program Files\Java\jdk-22
PATH=C:\Program Files (x86)\Common Files\Oracle\Java\java8path;C:\Program Files (x86)\Common Files\Oracle\Java\javapath;C:\WINDOWS\system32;C:\WINDOWS;C:\WINDOWS\System32\Wbem;C:\WINDOWS\System32\WindowsPowerShell\v1.0\;C:\WINDOWS\System32\OpenSSH\;C:\Program Files\dotnet\;C:\Program Files\Java\jdk-11\bin;C:\Program Files (x86)\Microsoft SQL Server\160\Tools\Binn\;C:\Program Files\Microsoft SQL Server\160\Tools\Binn\;C:\Program Files\Microsoft SQL Server\Client SDK\ODBC\170\Tools\Binn\;C:\Program Files\Microsoft SQL Server\160\DTS\Binn\;C:\Program Files (x86)\Microsoft SQL Server\160\DTS\Binn\;C:\Program Files\Azure Data Studio\bin;C:\Program Files\apache-maven-3.9.6\bin;C:\Program Files\Git\cmd;C:\Program Files\Java\jdk-22\bin;C:\Users\Kiet\AppData\Local\Programs\Python\Python38;C:\Users\Kiet\AppData\Local\Programs\Python\Python38\Scripts;C:\Program Files\CMake\bin;C:\Program Files\PostgreSQL\17\bin;C:\Users\Kiet\anaconda3\Scripts;C:\Program Files\nodejs\;C:\Users\Kiet\AppData\Local\Microsoft\WindowsApps;C:\Users\Kiet\AppData\Local\Programs\Microsoft VS Code\bin;C:\Users\Kiet\.dotnet\tools;C:\Program Files\Azure Data Studio\bin;C:\Users\Kiet\AppData\Roaming\npm
USERNAME=Kiet
OS=Windows_NT
PROCESSOR_IDENTIFIER=Intel64 Family 6 Model 126 Stepping 5, GenuineIntel
TMP=C:\Users\Kiet\AppData\Local\Temp
TEMP=C:\Users\Kiet\AppData\Local\Temp




Periodic native trim disabled

---------------  S Y S T E M  ---------------

OS:
 Windows 11 , 64 bit Build 22621 (10.0.22621.4391)
OS uptime: 5 days 22:42 hours

CPU: total 8 (initial active 8) (4 cores per cpu, 2 threads per core) family 6 model 126 stepping 5 microcode 0xa6, cx8, cmov, fxsr, ht, mmx, 3dnowpref, sse, sse2, sse3, ssse3, sse4.1, sse4.2, popcnt, lzcnt, tsc, tscinvbit, avx, avx2, aes, erms, clmul, bmi1, bmi2, adx, avx512f, avx512dq, avx512cd, avx512bw, avx512vl, sha, fma, vzeroupper, avx512_vpopcntdq, avx512_vpclmulqdq, avx512_vaes, avx512_vnni, clflush, clflushopt, avx512_vbmi2, avx512_vbmi, rdtscp, rdpid, fsrm, gfni, avx512_bitalg, f16c, pku, avx512_ifma
Processor Information for all 8 processors :
  Max Mhz: 1190, Current Mhz: 991, Mhz Limit: 987

Memory: 4k page, system-wide physical 7987M (682M free)
TotalPageFile size 10035M (AvailPageFile size 3M)
current process WorkingSet (physical memory assigned to process): 280M, peak: 285M
current process commit charge ("private bytes"): 351M, peak: 362M

vm_info: Java HotSpot(TM) 64-Bit Server VM (22.0.2+9-70) for windows-amd64 JRE (22.0.2+9-70), built on 2024-06-04T16:52:23Z by "mach5one" with MS VC++ 17.6 (VS2022)

END.
