#
# There is insufficient memory for the Java Runtime Environment to continue.
# Native memory allocation (malloc) failed to allocate 549136 bytes. Error detail: Chunk::new
# Possible reasons:
#   The system is out of physical RAM or swap space
#   This process is running with CompressedOops enabled, and the Java Heap may be blocking the growth of the native heap
# Possible solutions:
#   Reduce memory load on the system
#   Increase physical memory or swap space
#   Check if swap backing store is full
#   Decrease Java heap size (-Xmx/-Xms)
#   Decrease number of Java threads
#   Decrease Java thread stack sizes (-Xss)
#   Set larger code cache with -XX:ReservedCodeCacheSize=
#   JVM is running with Unscaled Compressed Oops mode in which the Java heap is
#     placed in the first 4GB address space. The Java Heap base address is the
#     maximum limit for the native heap growth. Please use -XX:HeapBaseMinAddress
#     to set the Java Heap base and to place the Java Heap above 4GB virtual address.
# This output file may be truncated or incomplete.
#
#  Out of Memory Error (arena.cpp:191), pid=18560, tid=4740
#
# JRE version: OpenJDK Runtime Environment Temurin-17.0.13+11 (17.0.13+11) (build 17.0.13+11)
# Java VM: OpenJDK 64-Bit Server VM Temurin-17.0.13+11 (17.0.13+11, mixed mode, tiered, compressed oops, compressed class ptrs, parallel gc, windows-amd64)
# No core dump will be written. Minidumps are not enabled by default on client versions of Windows
#

---------------  S U M M A R Y ------------

Command Line: --add-modules=ALL-SYSTEM --add-opens=java.base/java.util=ALL-UNNAMED --add-opens=java.base/java.lang=ALL-UNNAMED --add-opens=java.base/sun.nio.fs=ALL-UNNAMED -Declipse.application=org.eclipse.jdt.ls.core.id1 -Dosgi.bundles.defaultStartLevel=4 -Declipse.product=org.eclipse.jdt.ls.core.product -Djava.import.generatesMetadataFilesAtProjectRoot=false -DDetectVMInstallationsJob.disabled=true -Dfile.encoding=utf8 -XX:+UseParallelGC -XX:GCTimeRatio=4 -XX:AdaptiveSizePolicyWeight=90 -Dsun.zip.disableMemoryMapping=true -Xmx1G -Xms100m -Xlog:disable -javaagent:c:\Users\Kiet\.vscode\extensions\redhat.java-1.38.0-win32-x64\lombok\lombok-1.18.34.jar -XX:+HeapDumpOnOutOfMemoryError -XX:HeapDumpPath=c:\Users\Kiet\AppData\Roaming\Code\User\workspaceStorage\f22878db525d6a51bc79ced663af2e8e\redhat.java -Daether.dependencyCollector.impl=bf c:\Users\Kiet\.vscode\extensions\redhat.java-1.38.0-win32-x64\server\plugins\org.eclipse.equinox.launcher_1.6.900.v20240613-2009.jar -configuration c:\Users\Kiet\AppData\Roaming\Code\User\globalStorage\redhat.java\1.38.0\config_win -data c:\Users\Kiet\AppData\Roaming\Code\User\workspaceStorage\f22878db525d6a51bc79ced663af2e8e\redhat.java\jdt_ws --pipe=\\.\pipe\lsp-91536ff5a2f7f429470fcee97cd82609-sock

Host: Intel(R) Core(TM) i5-1035G1 CPU @ 1.00GHz, 8 cores, 7G,  Windows 11 , 64 bit Build 22621 (10.0.22621.4391)
Time: Fri Dec 20 23:06:19 2024 SE Asia Standard Time elapsed time: 5.654796 seconds (0d 0h 0m 5s)

---------------  T H R E A D  ---------------

Current thread (0x0000018fb9d4cc50):  JavaThread "C2 CompilerThread1" daemon [_thread_in_native, id=4740, stack(0x0000000870400000,0x0000000870500000)]


Current CompileTask:
C2:   5654 3642       4       java.io.BufferedInputStream::read1 (108 bytes)

Stack: [0x0000000870400000,0x0000000870500000]
Native frames: (J=compiled Java code, j=interpreted, Vv=VM code, C=native code)
V  [jvm.dll+0x682a19]
V  [jvm.dll+0x839538]
V  [jvm.dll+0x83afe3]
V  [jvm.dll+0x83b653]
V  [jvm.dll+0x24704f]
V  [jvm.dll+0xace34]
V  [jvm.dll+0xad4cc]
V  [jvm.dll+0x36597e]
V  [jvm.dll+0x1ba989]
V  [jvm.dll+0x2181a7]
V  [jvm.dll+0x21748f]
V  [jvm.dll+0x1a3070]
V  [jvm.dll+0x22788c]
V  [jvm.dll+0x2259eb]
V  [jvm.dll+0x7eec98]
V  [jvm.dll+0x7e8ffc]
V  [jvm.dll+0x6818f7]
C  [ucrtbase.dll+0x29333]
C  [KERNEL32.DLL+0x1259d]
C  [ntdll.dll+0x5af38]


---------------  P R O C E S S  ---------------

Threads class SMR info:
_java_thread_list=0x0000018fb9cca4e0, length=26, elements={
0x0000018f9eb35080, 0x0000018fb7af8040, 0x0000018fb7af9530, 0x0000018fb29ae3d0,
0x0000018fb7b26010, 0x0000018fb7b27080, 0x0000018fb7b29960, 0x0000018fb7b306d0,
0x0000018fb7b81890, 0x0000018fb7ba5d90, 0x0000018f9cabaf70, 0x0000018fb7e74850,
0x0000018fb926a090, 0x0000018fb9563c20, 0x0000018fb9671ee0, 0x0000018fb9672790,
0x0000018fb9b6abe0, 0x0000018fb96f0650, 0x0000018fb96f1580, 0x0000018fb96f0140,
0x0000018fb9d4cc50, 0x0000018fb96f1070, 0x0000018fb96f1a90, 0x0000018fb96ee2e0,
0x0000018fb96ee7f0, 0x0000018fb9f73490
}

Java Threads: ( => current thread )
  0x0000018f9eb35080 JavaThread "main" [_thread_blocked, id=9572, stack(0x000000086e600000,0x000000086e700000)]
  0x0000018fb7af8040 JavaThread "Reference Handler" daemon [_thread_blocked, id=19764, stack(0x000000086e900000,0x000000086ea00000)]
  0x0000018fb7af9530 JavaThread "Finalizer" daemon [_thread_blocked, id=5092, stack(0x000000086ea00000,0x000000086eb00000)]
  0x0000018fb29ae3d0 JavaThread "Signal Dispatcher" daemon [_thread_blocked, id=13304, stack(0x000000086eb00000,0x000000086ec00000)]
  0x0000018fb7b26010 JavaThread "Attach Listener" daemon [_thread_blocked, id=4492, stack(0x000000086ec00000,0x000000086ed00000)]
  0x0000018fb7b27080 JavaThread "Service Thread" daemon [_thread_blocked, id=22484, stack(0x000000086ed00000,0x000000086ee00000)]
  0x0000018fb7b29960 JavaThread "Monitor Deflation Thread" daemon [_thread_blocked, id=12912, stack(0x000000086ee00000,0x000000086ef00000)]
  0x0000018fb7b306d0 JavaThread "C2 CompilerThread0" daemon [_thread_in_native, id=1644, stack(0x000000086ef00000,0x000000086f000000)]
  0x0000018fb7b81890 JavaThread "C1 CompilerThread0" daemon [_thread_in_native, id=15524, stack(0x000000086f000000,0x000000086f100000)]
  0x0000018fb7ba5d90 JavaThread "Sweeper thread" daemon [_thread_blocked, id=17148, stack(0x000000086f100000,0x000000086f200000)]
  0x0000018f9cabaf70 JavaThread "Common-Cleaner" daemon [_thread_blocked, id=8756, stack(0x000000086f200000,0x000000086f300000)]
  0x0000018fb7e74850 JavaThread "Notification Thread" daemon [_thread_blocked, id=13964, stack(0x000000086f400000,0x000000086f500000)]
  0x0000018fb926a090 JavaThread "Active Thread: Equinox Container: 43980359-6a60-407b-86a4-e918f845a37d" [_thread_blocked, id=20456, stack(0x000000086fd00000,0x000000086fe00000)]
  0x0000018fb9563c20 JavaThread "Refresh Thread: Equinox Container: 43980359-6a60-407b-86a4-e918f845a37d" daemon [_thread_blocked, id=3100, stack(0x000000086fe00000,0x000000086ff00000)]
  0x0000018fb9671ee0 JavaThread "Framework Event Dispatcher: Equinox Container: 43980359-6a60-407b-86a4-e918f845a37d" daemon [_thread_blocked, id=20052, stack(0x000000086ff00000,0x0000000870000000)]
  0x0000018fb9672790 JavaThread "Start Level: Equinox Container: 43980359-6a60-407b-86a4-e918f845a37d" daemon [_thread_in_vm, id=20896, stack(0x0000000870000000,0x0000000870100000)]
  0x0000018fb9b6abe0 JavaThread "Bundle File Closer" daemon [_thread_blocked, id=19748, stack(0x000000086f600000,0x000000086f700000)]
  0x0000018fb96f0650 JavaThread "SCR Component Actor" daemon [_thread_blocked, id=12792, stack(0x0000000870200000,0x0000000870300000)]
  0x0000018fb96f1580 JavaThread "SCR Component Registry" daemon [_thread_blocked, id=19020, stack(0x000000086f300000,0x000000086f400000)]
  0x0000018fb96f0140 JavaThread "Worker-JM" [_thread_blocked, id=19792, stack(0x0000000870300000,0x0000000870400000)]
=>0x0000018fb9d4cc50 JavaThread "C2 CompilerThread1" daemon [_thread_in_native, id=4740, stack(0x0000000870400000,0x0000000870500000)]
  0x0000018fb96f1070 JavaThread "JNA Cleaner" daemon [_thread_blocked, id=20068, stack(0x0000000870500000,0x0000000870600000)]
  0x0000018fb96f1a90 JavaThread "Worker-0: Checking project encoding" [_thread_blocked, id=6880, stack(0x0000000870600000,0x0000000870700000)]
  0x0000018fb96ee2e0 JavaThread "Worker-1: Refreshing workspace" [_thread_blocked, id=13884, stack(0x0000000870700000,0x0000000870800000)]
  0x0000018fb96ee7f0 JavaThread "Worker-2" [_thread_blocked, id=4984, stack(0x0000000870800000,0x0000000870900000)]
  0x0000018fb9f73490 JavaThread "C2 CompilerThread2" daemon [_thread_in_native, id=20824, stack(0x0000000870900000,0x0000000870a00000)]

Other Threads:
  0x0000018fb7ae14b0 VMThread "VM Thread" [stack: 0x000000086e800000,0x000000086e900000] [id=7216]
  0x0000018fb7e7a850 WatcherThread [stack: 0x000000086f500000,0x000000086f600000] [id=19012]
  0x0000018f9eb4cdc0 GCTaskThread "GC Thread#0" [stack: 0x000000086e700000,0x000000086e800000] [id=4896]
  0x0000018fb91bbca0 GCTaskThread "GC Thread#1" [stack: 0x000000086f700000,0x000000086f800000] [id=3164]
  0x0000018fb9271e30 GCTaskThread "GC Thread#2" [stack: 0x000000086f800000,0x000000086f900000] [id=7836]
  0x0000018fb92720f0 GCTaskThread "GC Thread#3" [stack: 0x000000086f900000,0x000000086fa00000] [id=18812]
  0x0000018fb936c760 GCTaskThread "GC Thread#4" [stack: 0x000000086fa00000,0x000000086fb00000] [id=22380]
  0x0000018fb936ca20 GCTaskThread "GC Thread#5" [stack: 0x000000086fb00000,0x000000086fc00000] [id=15576]
  0x0000018fb936cce0 GCTaskThread "GC Thread#6" [stack: 0x000000086fc00000,0x000000086fd00000] [id=21852]
  0x0000018fb96160c0 GCTaskThread "GC Thread#7" [stack: 0x0000000870100000,0x0000000870200000] [id=2248]

Threads with active compile tasks:
C2 CompilerThread0     5683 3600       4       jdk.internal.org.objectweb.asm.Frame::execute (2318 bytes)
C1 CompilerThread0     5683 3759       3       jdk.internal.org.objectweb.asm.MethodWriter::visitLdcInsn (215 bytes)
C2 CompilerThread1     5683 3642       4       java.io.BufferedInputStream::read1 (108 bytes)
C2 CompilerThread2     5683 3648  s    4       java.io.BufferedInputStream::read (113 bytes)

VM state: not at safepoint (normal execution)

VM Mutex/Monitor currently owned by a thread:  ([mutex/lock_event])
[0x0000018f9c9f1650] Metaspace_lock - owner thread: 0x0000018fb9672790

Heap address: 0x00000000c0000000, size: 1024 MB, Compressed Oops mode: 32-bit

CDS archive(s) not mapped
Compressed class space mapped at: 0x0000000100000000-0x0000000140000000, reserved size: 1073741824
Narrow klass base: 0x0000000000000000, Narrow klass shift: 3, Narrow klass range: 0x140000000

GC Precious Log:
 CPUs: 8 total, 8 available
 Memory: 7987M
 Large Page Support: Disabled
 NUMA Support: Disabled
 Compressed Oops: Enabled (32-bit)
 Alignments: Space 512K, Generation 512K, Heap 2M
 Heap Min Capacity: 100M
 Heap Initial Capacity: 100M
 Heap Max Capacity: 1G
 Pre-touch: Disabled
 Parallel Workers: 8

Heap:
 PSYoungGen      total 27648K, used 5653K [0x00000000eab00000, 0x00000000eca00000, 0x0000000100000000)
  eden space 24576K, 10% used [0x00000000eab00000,0x00000000ead8bed8,0x00000000ec300000)
  from space 3072K, 99% used [0x00000000ec500000,0x00000000ec7f97e8,0x00000000ec800000)
  to   space 2048K, 0% used [0x00000000ec800000,0x00000000ec800000,0x00000000eca00000)
 ParOldGen       total 68608K, used 10938K [0x00000000c0000000, 0x00000000c4300000, 0x00000000eab00000)
  object space 68608K, 15% used [0x00000000c0000000,0x00000000c0aaeb78,0x00000000c4300000)
 Metaspace       used 27827K, committed 28544K, reserved 1114112K
  class space    used 2881K, committed 3200K, reserved 1048576K

Card table byte_map: [0x0000018f9e4b0000,0x0000018f9e6c0000] _byte_map_base: 0x0000018f9deb0000

Marking Bits: (ParMarkBitMap*) 0x00007ffdc5c66940
 Begin Bits: [0x0000018fb07b0000, 0x0000018fb17b0000)
 End Bits:   [0x0000018fb17b0000, 0x0000018fb27b0000)

Polling page: 0x0000018f9cc50000

Metaspace:

Usage:
  Non-class:     24.36 MB used.
      Class:      2.81 MB used.
       Both:     27.18 MB used.

Virtual space:
  Non-class space:       64.00 MB reserved,      24.75 MB ( 39%) committed,  1 nodes.
      Class space:        1.00 GB reserved,       3.12 MB ( <1%) committed,  1 nodes.
             Both:        1.06 GB reserved,      27.88 MB (  3%) committed. 

Chunk freelists:
   Non-Class:  6.37 MB
       Class:  12.83 MB
        Both:  19.20 MB

MaxMetaspaceSize: unlimited
CompressedClassSpaceSize: 1.00 GB
Initial GC threshold: 21.00 MB
Current GC threshold: 35.00 MB
CDS: off
MetaspaceReclaimPolicy: balanced
 - commit_granule_bytes: 65536.
 - commit_granule_words: 8192.
 - virtual_space_node_default_size: 8388608.
 - enlarge_chunks_in_place: 1.
 - new_chunks_are_fully_committed: 0.
 - uncommit_free_chunks: 1.
 - use_allocation_guard: 0.
 - handle_deallocations: 1.


Internal statistics:

num_allocs_failed_limit: 3.
num_arena_births: 548.
num_arena_deaths: 0.
num_vsnodes_births: 2.
num_vsnodes_deaths: 0.
num_space_committed: 446.
num_space_uncommitted: 0.
num_chunks_returned_to_freelist: 3.
num_chunks_taken_from_freelist: 1360.
num_chunk_merges: 0.
num_chunk_splits: 862.
num_chunks_enlarged: 522.
num_inconsistent_stats: 0.

CodeHeap 'non-profiled nmethods': size=120000Kb used=1548Kb max_used=1548Kb free=118451Kb
 bounds [0x0000018fa9280000, 0x0000018fa94f0000, 0x0000018fb07b0000]
CodeHeap 'profiled nmethods': size=120000Kb used=7637Kb max_used=7637Kb free=112362Kb
 bounds [0x0000018fa17b0000, 0x0000018fa1f30000, 0x0000018fa8ce0000]
CodeHeap 'non-nmethods': size=5760Kb used=1230Kb max_used=1245Kb free=4529Kb
 bounds [0x0000018fa8ce0000, 0x0000018fa8f50000, 0x0000018fa9280000]
 total_blobs=4279 nmethods=3750 adapters=442
 compilation: enabled
              stopped_count=0, restarted_count=0
 full_count=0

Compilation events (20 events):
Event: 5.648 Thread 0x0000018fb7b81890 nmethod 3725 0x0000018fa1f14090 code [0x0000018fa1f14240, 0x0000018fa1f14388]
Event: 5.648 Thread 0x0000018fb7b81890 3724       3       java.lang.Math::max (46 bytes)
Event: 5.649 Thread 0x0000018fb7b81890 nmethod 3724 0x0000018fa1f14490 code [0x0000018fa1f14660, 0x0000018fa1f14998]
Event: 5.649 Thread 0x0000018fb7b81890 3726       3       jdk.internal.access.SharedSecrets::getJavaObjectInputStreamAccess (20 bytes)
Event: 5.649 Thread 0x0000018fb7b81890 nmethod 3726 0x0000018fa1f14a10 code [0x0000018fa1f14c00, 0x0000018fa1f14fa8]
Event: 5.649 Thread 0x0000018fb7b81890 3727       3       java.io.ObjectInputStream$$Lambda$200/0x00000001002e2c48::checkArray (7 bytes)
Event: 5.649 Thread 0x0000018fb7b81890 nmethod 3727 0x0000018fa1f15190 code [0x0000018fa1f15340, 0x0000018fa1f15488]
Event: 5.649 Thread 0x0000018fb7b81890 3728       3       java.io.ObjectInputStream::checkArray (37 bytes)
Event: 5.650 Thread 0x0000018fb7b81890 nmethod 3728 0x0000018fa1f15590 code [0x0000018fa1f15780, 0x0000018fa1f15a98]
Event: 5.650 Thread 0x0000018fb7b81890 3729       3       java.lang.Exception::<init> (6 bytes)
Event: 5.650 Thread 0x0000018fb7b81890 nmethod 3729 0x0000018fa1f15c10 code [0x0000018fa1f15dc0, 0x0000018fa1f160c8]
Event: 5.651 Thread 0x0000018fb7b81890 3730       3       java.lang.invoke.LambdaFormEditor$TransformKey::of (49 bytes)
Event: 5.652 Thread 0x0000018fb7b81890 nmethod 3730 0x0000018fa1f16210 code [0x0000018fa1f16400, 0x0000018fa1f169d8]
Event: 5.652 Thread 0x0000018fb7b81890 3731       3       java.lang.invoke.LambdaFormEditor$TransformKey::packedBytes (32 bytes)
Event: 5.652 Thread 0x0000018fb7b81890 nmethod 3731 0x0000018fa1f16c10 code [0x0000018fa1f16da0, 0x0000018fa1f16eb8]
Event: 5.652 Thread 0x0000018fb7b81890 3732       3       java.lang.invoke.LambdaForm$MH/0x00000001001b6000::invoke (25 bytes)
Event: 5.652 Thread 0x0000018fb7b81890 nmethod 3732 0x0000018fa1f16f90 code [0x0000018fa1f17160, 0x0000018fa1f17518]
Event: 5.652 Thread 0x0000018fb7b81890 3733       3       java.lang.invoke.DirectMethodHandle$Holder::invokeSpecial (15 bytes)
Event: 5.653 Thread 0x0000018fb7b81890 nmethod 3733 0x0000018fa1f17610 code [0x0000018fa1f177e0, 0x0000018fa1f17b98]
Event: 5.653 Thread 0x0000018fb7b81890 3741       3       java.io.ObjectInputStream$BlockDataInputStream::readUTFBody (192 bytes)

GC Heap History (16 events):
Event: 1.081 GC heap before
{Heap before GC invocations=1 (full 0):
 PSYoungGen      total 29696K, used 25600K [0x00000000eab00000, 0x00000000ecc00000, 0x0000000100000000)
  eden space 25600K, 100% used [0x00000000eab00000,0x00000000ec400000,0x00000000ec400000)
  from space 4096K, 0% used [0x00000000ec800000,0x00000000ec800000,0x00000000ecc00000)
  to   space 4096K, 0% used [0x00000000ec400000,0x00000000ec400000,0x00000000ec800000)
 ParOldGen       total 68608K, used 0K [0x00000000c0000000, 0x00000000c4300000, 0x00000000eab00000)
  object space 68608K, 0% used [0x00000000c0000000,0x00000000c0000000,0x00000000c4300000)
 Metaspace       used 10936K, committed 11072K, reserved 1114112K
  class space    used 1086K, committed 1152K, reserved 1048576K
}
Event: 1.088 GC heap after
{Heap after GC invocations=1 (full 0):
 PSYoungGen      total 29696K, used 3205K [0x00000000eab00000, 0x00000000ecc00000, 0x0000000100000000)
  eden space 25600K, 0% used [0x00000000eab00000,0x00000000eab00000,0x00000000ec400000)
  from space 4096K, 78% used [0x00000000ec400000,0x00000000ec721508,0x00000000ec800000)
  to   space 4096K, 0% used [0x00000000ec800000,0x00000000ec800000,0x00000000ecc00000)
 ParOldGen       total 68608K, used 16K [0x00000000c0000000, 0x00000000c4300000, 0x00000000eab00000)
  object space 68608K, 0% used [0x00000000c0000000,0x00000000c0004000,0x00000000c4300000)
 Metaspace       used 10936K, committed 11072K, reserved 1114112K
  class space    used 1086K, committed 1152K, reserved 1048576K
}
Event: 2.010 GC heap before
{Heap before GC invocations=2 (full 0):
 PSYoungGen      total 29696K, used 28805K [0x00000000eab00000, 0x00000000ecc00000, 0x0000000100000000)
  eden space 25600K, 100% used [0x00000000eab00000,0x00000000ec400000,0x00000000ec400000)
  from space 4096K, 78% used [0x00000000ec400000,0x00000000ec721508,0x00000000ec800000)
  to   space 4096K, 0% used [0x00000000ec800000,0x00000000ec800000,0x00000000ecc00000)
 ParOldGen       total 68608K, used 16K [0x00000000c0000000, 0x00000000c4300000, 0x00000000eab00000)
  object space 68608K, 0% used [0x00000000c0000000,0x00000000c0004000,0x00000000c4300000)
 Metaspace       used 14497K, committed 14720K, reserved 1114112K
  class space    used 1454K, committed 1600K, reserved 1048576K
}
Event: 2.015 GC heap after
{Heap after GC invocations=2 (full 0):
 PSYoungGen      total 29696K, used 4084K [0x00000000eab00000, 0x00000000ecc00000, 0x0000000100000000)
  eden space 25600K, 0% used [0x00000000eab00000,0x00000000eab00000,0x00000000ec400000)
  from space 4096K, 99% used [0x00000000ec800000,0x00000000ecbfd1c8,0x00000000ecc00000)
  to   space 4096K, 0% used [0x00000000ec400000,0x00000000ec400000,0x00000000ec800000)
 ParOldGen       total 68608K, used 1532K [0x00000000c0000000, 0x00000000c4300000, 0x00000000eab00000)
  object space 68608K, 2% used [0x00000000c0000000,0x00000000c017f370,0x00000000c4300000)
 Metaspace       used 14497K, committed 14720K, reserved 1114112K
  class space    used 1454K, committed 1600K, reserved 1048576K
}
Event: 2.806 GC heap before
{Heap before GC invocations=3 (full 0):
 PSYoungGen      total 29696K, used 29684K [0x00000000eab00000, 0x00000000ecc00000, 0x0000000100000000)
  eden space 25600K, 100% used [0x00000000eab00000,0x00000000ec400000,0x00000000ec400000)
  from space 4096K, 99% used [0x00000000ec800000,0x00000000ecbfd1c8,0x00000000ecc00000)
  to   space 4096K, 0% used [0x00000000ec400000,0x00000000ec400000,0x00000000ec800000)
 ParOldGen       total 68608K, used 1532K [0x00000000c0000000, 0x00000000c4300000, 0x00000000eab00000)
  object space 68608K, 2% used [0x00000000c0000000,0x00000000c017f370,0x00000000c4300000)
 Metaspace       used 16014K, committed 16256K, reserved 1114112K
  class space    used 1609K, committed 1728K, reserved 1048576K
}
Event: 2.814 GC heap after
{Heap after GC invocations=3 (full 0):
 PSYoungGen      total 29696K, used 4067K [0x00000000eab00000, 0x00000000ecc00000, 0x0000000100000000)
  eden space 25600K, 0% used [0x00000000eab00000,0x00000000eab00000,0x00000000ec400000)
  from space 4096K, 99% used [0x00000000ec400000,0x00000000ec7f8d98,0x00000000ec800000)
  to   space 4096K, 0% used [0x00000000ec800000,0x00000000ec800000,0x00000000ecc00000)
 ParOldGen       total 68608K, used 5364K [0x00000000c0000000, 0x00000000c4300000, 0x00000000eab00000)
  object space 68608K, 7% used [0x00000000c0000000,0x00000000c053d320,0x00000000c4300000)
 Metaspace       used 16014K, committed 16256K, reserved 1114112K
  class space    used 1609K, committed 1728K, reserved 1048576K
}
Event: 3.615 GC heap before
{Heap before GC invocations=4 (full 0):
 PSYoungGen      total 29696K, used 29667K [0x00000000eab00000, 0x00000000ecc00000, 0x0000000100000000)
  eden space 25600K, 100% used [0x00000000eab00000,0x00000000ec400000,0x00000000ec400000)
  from space 4096K, 99% used [0x00000000ec400000,0x00000000ec7f8d98,0x00000000ec800000)
  to   space 4096K, 0% used [0x00000000ec800000,0x00000000ec800000,0x00000000ecc00000)
 ParOldGen       total 68608K, used 5364K [0x00000000c0000000, 0x00000000c4300000, 0x00000000eab00000)
  object space 68608K, 7% used [0x00000000c0000000,0x00000000c053d320,0x00000000c4300000)
 Metaspace       used 19461K, committed 19776K, reserved 1114112K
  class space    used 1970K, committed 2112K, reserved 1048576K
}
Event: 3.621 GC heap after
{Heap after GC invocations=4 (full 0):
 PSYoungGen      total 29696K, used 4072K [0x00000000eab00000, 0x00000000ecc00000, 0x0000000100000000)
  eden space 25600K, 0% used [0x00000000eab00000,0x00000000eab00000,0x00000000ec400000)
  from space 4096K, 99% used [0x00000000ec800000,0x00000000ecbfa0c0,0x00000000ecc00000)
  to   space 4096K, 0% used [0x00000000ec400000,0x00000000ec400000,0x00000000ec800000)
 ParOldGen       total 68608K, used 6570K [0x00000000c0000000, 0x00000000c4300000, 0x00000000eab00000)
  object space 68608K, 9% used [0x00000000c0000000,0x00000000c066ab60,0x00000000c4300000)
 Metaspace       used 19461K, committed 19776K, reserved 1114112K
  class space    used 1970K, committed 2112K, reserved 1048576K
}
Event: 3.856 GC heap before
{Heap before GC invocations=5 (full 0):
 PSYoungGen      total 29696K, used 13067K [0x00000000eab00000, 0x00000000ecc00000, 0x0000000100000000)
  eden space 25600K, 35% used [0x00000000eab00000,0x00000000eb3c8de0,0x00000000ec400000)
  from space 4096K, 99% used [0x00000000ec800000,0x00000000ecbfa0c0,0x00000000ecc00000)
  to   space 4096K, 0% used [0x00000000ec400000,0x00000000ec400000,0x00000000ec800000)
 ParOldGen       total 68608K, used 6570K [0x00000000c0000000, 0x00000000c4300000, 0x00000000eab00000)
  object space 68608K, 9% used [0x00000000c0000000,0x00000000c066ab60,0x00000000c4300000)
 Metaspace       used 21091K, committed 21504K, reserved 1114112K
  class space    used 2118K, committed 2304K, reserved 1048576K
}
Event: 3.860 GC heap after
{Heap after GC invocations=5 (full 0):
 PSYoungGen      total 29696K, used 4075K [0x00000000eab00000, 0x00000000ece00000, 0x0000000100000000)
  eden space 25600K, 0% used [0x00000000eab00000,0x00000000eab00000,0x00000000ec400000)
  from space 4096K, 99% used [0x00000000ec400000,0x00000000ec7faed0,0x00000000ec800000)
  to   space 5120K, 0% used [0x00000000ec900000,0x00000000ec900000,0x00000000ece00000)
 ParOldGen       total 68608K, used 6902K [0x00000000c0000000, 0x00000000c4300000, 0x00000000eab00000)
  object space 68608K, 10% used [0x00000000c0000000,0x00000000c06bd910,0x00000000c4300000)
 Metaspace       used 21091K, committed 21504K, reserved 1114112K
  class space    used 2118K, committed 2304K, reserved 1048576K
}
Event: 3.860 GC heap before
{Heap before GC invocations=6 (full 1):
 PSYoungGen      total 29696K, used 4075K [0x00000000eab00000, 0x00000000ece00000, 0x0000000100000000)
  eden space 25600K, 0% used [0x00000000eab00000,0x00000000eab00000,0x00000000ec400000)
  from space 4096K, 99% used [0x00000000ec400000,0x00000000ec7faed0,0x00000000ec800000)
  to   space 5120K, 0% used [0x00000000ec900000,0x00000000ec900000,0x00000000ece00000)
 ParOldGen       total 68608K, used 6902K [0x00000000c0000000, 0x00000000c4300000, 0x00000000eab00000)
  object space 68608K, 10% used [0x00000000c0000000,0x00000000c06bd910,0x00000000c4300000)
 Metaspace       used 21091K, committed 21504K, reserved 1114112K
  class space    used 2118K, committed 2304K, reserved 1048576K
}
Event: 3.896 GC heap after
{Heap after GC invocations=6 (full 1):
 PSYoungGen      total 29696K, used 0K [0x00000000eab00000, 0x00000000ece00000, 0x0000000100000000)
  eden space 25600K, 0% used [0x00000000eab00000,0x00000000eab00000,0x00000000ec400000)
  from space 4096K, 0% used [0x00000000ec400000,0x00000000ec400000,0x00000000ec800000)
  to   space 5120K, 0% used [0x00000000ec900000,0x00000000ec900000,0x00000000ece00000)
 ParOldGen       total 68608K, used 10666K [0x00000000c0000000, 0x00000000c4300000, 0x00000000eab00000)
  object space 68608K, 15% used [0x00000000c0000000,0x00000000c0a6ab68,0x00000000c4300000)
 Metaspace       used 21091K, committed 21504K, reserved 1114112K
  class space    used 2118K, committed 2304K, reserved 1048576K
}
Event: 5.072 GC heap before
{Heap before GC invocations=7 (full 1):
 PSYoungGen      total 29696K, used 25600K [0x00000000eab00000, 0x00000000ece00000, 0x0000000100000000)
  eden space 25600K, 100% used [0x00000000eab00000,0x00000000ec400000,0x00000000ec400000)
  from space 4096K, 0% used [0x00000000ec400000,0x00000000ec400000,0x00000000ec800000)
  to   space 5120K, 0% used [0x00000000ec900000,0x00000000ec900000,0x00000000ece00000)
 ParOldGen       total 68608K, used 10666K [0x00000000c0000000, 0x00000000c4300000, 0x00000000eab00000)
  object space 68608K, 15% used [0x00000000c0000000,0x00000000c0a6ab68,0x00000000c4300000)
 Metaspace       used 24831K, committed 25408K, reserved 1114112K
  class space    used 2517K, committed 2752K, reserved 1048576K
}
Event: 5.076 GC heap after
{Heap after GC invocations=7 (full 1):
 PSYoungGen      total 27136K, used 1891K [0x00000000eab00000, 0x00000000ecb00000, 0x0000000100000000)
  eden space 25088K, 0% used [0x00000000eab00000,0x00000000eab00000,0x00000000ec380000)
  from space 2048K, 92% used [0x00000000ec900000,0x00000000ecad8e70,0x00000000ecb00000)
  to   space 3072K, 0% used [0x00000000ec500000,0x00000000ec500000,0x00000000ec800000)
 ParOldGen       total 68608K, used 10674K [0x00000000c0000000, 0x00000000c4300000, 0x00000000eab00000)
  object space 68608K, 15% used [0x00000000c0000000,0x00000000c0a6cb68,0x00000000c4300000)
 Metaspace       used 24831K, committed 25408K, reserved 1114112K
  class space    used 2517K, committed 2752K, reserved 1048576K
}
Event: 5.608 GC heap before
{Heap before GC invocations=8 (full 1):
 PSYoungGen      total 27136K, used 26979K [0x00000000eab00000, 0x00000000ecb00000, 0x0000000100000000)
  eden space 25088K, 100% used [0x00000000eab00000,0x00000000ec380000,0x00000000ec380000)
  from space 2048K, 92% used [0x00000000ec900000,0x00000000ecad8e70,0x00000000ecb00000)
  to   space 3072K, 0% used [0x00000000ec500000,0x00000000ec500000,0x00000000ec800000)
 ParOldGen       total 68608K, used 10674K [0x00000000c0000000, 0x00000000c4300000, 0x00000000eab00000)
  object space 68608K, 15% used [0x00000000c0000000,0x00000000c0a6cb68,0x00000000c4300000)
 Metaspace       used 27592K, committed 28288K, reserved 1114112K
  class space    used 2854K, committed 3136K, reserved 1048576K
}
Event: 5.610 GC heap after
{Heap after GC invocations=8 (full 1):
 PSYoungGen      total 27648K, used 3045K [0x00000000eab00000, 0x00000000eca00000, 0x0000000100000000)
  eden space 24576K, 0% used [0x00000000eab00000,0x00000000eab00000,0x00000000ec300000)
  from space 3072K, 99% used [0x00000000ec500000,0x00000000ec7f97e8,0x00000000ec800000)
  to   space 2048K, 0% used [0x00000000ec800000,0x00000000ec800000,0x00000000eca00000)
 ParOldGen       total 68608K, used 10938K [0x00000000c0000000, 0x00000000c4300000, 0x00000000eab00000)
  object space 68608K, 15% used [0x00000000c0000000,0x00000000c0aaeb78,0x00000000c4300000)
 Metaspace       used 27592K, committed 28288K, reserved 1114112K
  class space    used 2854K, committed 3136K, reserved 1048576K
}

Dll operation events (10 events):
Event: 0.014 Loaded shared library c:\Users\Kiet\.vscode\extensions\redhat.java-1.38.0-win32-x64\jre\17.0.13-win32-x86_64\bin\java.dll
Event: 0.287 Loaded shared library c:\Users\Kiet\.vscode\extensions\redhat.java-1.38.0-win32-x64\jre\17.0.13-win32-x86_64\bin\zip.dll
Event: 0.291 Loaded shared library C:\Users\Kiet\.vscode\extensions\redhat.java-1.38.0-win32-x64\jre\17.0.13-win32-x86_64\bin\instrument.dll
Event: 0.306 Loaded shared library C:\Users\Kiet\.vscode\extensions\redhat.java-1.38.0-win32-x64\jre\17.0.13-win32-x86_64\bin\net.dll
Event: 0.308 Loaded shared library C:\Users\Kiet\.vscode\extensions\redhat.java-1.38.0-win32-x64\jre\17.0.13-win32-x86_64\bin\nio.dll
Event: 0.316 Loaded shared library C:\Users\Kiet\.vscode\extensions\redhat.java-1.38.0-win32-x64\jre\17.0.13-win32-x86_64\bin\zip.dll
Event: 0.336 Loaded shared library C:\Users\Kiet\.vscode\extensions\redhat.java-1.38.0-win32-x64\jre\17.0.13-win32-x86_64\bin\jimage.dll
Event: 0.411 Loaded shared library c:\Users\Kiet\.vscode\extensions\redhat.java-1.38.0-win32-x64\jre\17.0.13-win32-x86_64\bin\verify.dll
Event: 1.926 Loaded shared library C:\Users\Kiet\AppData\Roaming\Code\User\globalStorage\redhat.java\1.38.0\config_win\org.eclipse.equinox.launcher\org.eclipse.equinox.launcher.win32.win32.x86_64_1.2.1100.v20240722-2106\eclipse_11904.dll
Event: 4.700 Loaded shared library C:\Users\Kiet\AppData\Local\Temp\jna-2338477\jna2225417354315637154.dll

Deoptimization events (20 events):
Event: 5.417 Thread 0x0000018fb9672790 Uncommon trap: trap_request=0xffffff45 fr.pc=0x0000018fa92c310c relative=0x000000000000036c
Event: 5.417 Thread 0x0000018fb9672790 Uncommon trap: reason=unstable_if action=reinterpret pc=0x0000018fa92c310c method=java.lang.AbstractStringBuilder.isLatin1()Z @ 10 c2
Event: 5.417 Thread 0x0000018fb9672790 DEOPT PACKING pc=0x0000018fa92c310c sp=0x00000008700f2c20
Event: 5.417 Thread 0x0000018fb9672790 DEOPT UNPACKING pc=0x0000018fa8d39ea3 sp=0x00000008700f2ba0 mode 2
Event: 5.417 Thread 0x0000018fb9672790 Uncommon trap: trap_request=0xffffff45 fr.pc=0x0000018fa92ec35c relative=0x000000000000005c
Event: 5.417 Thread 0x0000018fb9672790 Uncommon trap: reason=unstable_if action=reinterpret pc=0x0000018fa92ec35c method=java.lang.AbstractStringBuilder.isLatin1()Z @ 10 c2
Event: 5.417 Thread 0x0000018fb9672790 DEOPT PACKING pc=0x0000018fa92ec35c sp=0x00000008700f2c00
Event: 5.417 Thread 0x0000018fb9672790 DEOPT UNPACKING pc=0x0000018fa8d39ea3 sp=0x00000008700f2b90 mode 2
Event: 5.424 Thread 0x0000018fb9672790 Uncommon trap: trap_request=0xffffff45 fr.pc=0x0000018fa92aec48 relative=0x0000000000000048
Event: 5.424 Thread 0x0000018fb9672790 Uncommon trap: reason=unstable_if action=reinterpret pc=0x0000018fa92aec48 method=java.lang.CharacterData.of(I)Ljava/lang/CharacterData; @ 4 c2
Event: 5.424 Thread 0x0000018fb9672790 DEOPT PACKING pc=0x0000018fa92aec48 sp=0x00000008700f2400
Event: 5.424 Thread 0x0000018fb9672790 DEOPT UNPACKING pc=0x0000018fa8d39ea3 sp=0x00000008700f2398 mode 2
Event: 5.428 Thread 0x0000018fb9672790 Uncommon trap: trap_request=0xffffff45 fr.pc=0x0000018fa92a62b8 relative=0x0000000000000038
Event: 5.428 Thread 0x0000018fb9672790 Uncommon trap: reason=unstable_if action=reinterpret pc=0x0000018fa92a62b8 method=java.lang.StringLatin1.canEncode(I)Z @ 4 c2
Event: 5.428 Thread 0x0000018fb9672790 DEOPT PACKING pc=0x0000018fa92a62b8 sp=0x00000008700f2ba0
Event: 5.428 Thread 0x0000018fb9672790 DEOPT UNPACKING pc=0x0000018fa8d39ea3 sp=0x00000008700f2b30 mode 2
Event: 5.632 Thread 0x0000018fb9672790 Uncommon trap: trap_request=0xffffffc6 fr.pc=0x0000018fa93c26ac relative=0x000000000000076c
Event: 5.632 Thread 0x0000018fb9672790 Uncommon trap: reason=bimorphic_or_optimized_type_check action=maybe_recompile pc=0x0000018fa93c26ac method=java.io.DataInputStream.readUnsignedShort()I @ 6 c2
Event: 5.632 Thread 0x0000018fb9672790 DEOPT PACKING pc=0x0000018fa93c26ac sp=0x00000008700f2e10
Event: 5.632 Thread 0x0000018fb9672790 DEOPT UNPACKING pc=0x0000018fa8d39ea3 sp=0x00000008700f2dd8 mode 2

Classes loaded (20 events):
Event: 5.559 Loading class java/lang/runtime/ObjectMethods
Event: 5.559 Loading class java/lang/runtime/ObjectMethods done
Event: 5.561 Loading class java/lang/invoke/MethodHandleImpl$Makers
Event: 5.561 Loading class java/lang/invoke/MethodHandleImpl$Makers done
Event: 5.561 Loading class java/lang/invoke/MethodHandleImpl$Makers$1
Event: 5.561 Loading class java/lang/invoke/MethodHandleImpl$Makers$1 done
Event: 5.561 Loading class java/lang/invoke/MethodHandleImpl$Makers$2
Event: 5.561 Loading class java/lang/invoke/MethodHandleImpl$Makers$2 done
Event: 5.561 Loading class java/lang/invoke/MethodHandleImpl$Makers$3
Event: 5.561 Loading class java/lang/invoke/MethodHandleImpl$Makers$3 done
Event: 5.564 Loading class java/lang/invoke/DirectMethodHandle$EnsureInitialized
Event: 5.564 Loading class java/lang/invoke/DirectMethodHandle$EnsureInitialized done
Event: 5.565 Loading class java/lang/invoke/BoundMethodHandle$Species_I
Event: 5.565 Loading class java/lang/invoke/BoundMethodHandle$Species_I done
Event: 5.566 Loading class java/lang/runtime/ObjectMethods$1
Event: 5.566 Loading class java/lang/runtime/ObjectMethods$1 done
Event: 5.572 Loading class java/lang/invoke/DirectMethodHandle$1
Event: 5.573 Loading class java/lang/invoke/DirectMethodHandle$1 done
Event: 5.632 Loading class java/io/FileFilter
Event: 5.632 Loading class java/io/FileFilter done

Classes unloaded (0 events):
No events

Classes redefined (0 events):
No events

Internal exceptions (20 events):
Event: 5.275 Thread 0x0000018fb9672790 Exception <a 'java/lang/NoSuchMethodError'{0x00000000eb1692d0}: 'java.lang.Object java.lang.invoke.Invokers$Holder.linkToTargetMethod(java.lang.Object, long, java.lang.Object, java.lang.Object)'> (0x00000000eb1692d0) 
thrown [s\src\hotspot\share\interpreter\linkResolver.cpp, line 759]
Event: 5.504 Thread 0x0000018fb9672790 Exception <a 'java/lang/NoSuchMethodError'{0x00000000ec018e50}: 'void java.lang.invoke.DirectMethodHandle$Holder.invokeSpecial(java.lang.Object, java.lang.Object, java.lang.Object, int)'> (0x00000000ec018e50) 
thrown [s\src\hotspot\share\interpreter\linkResolver.cpp, line 759]
Event: 5.548 Thread 0x0000018fb9672790 Exception <a 'java/lang/NoSuchMethodError'{0x00000000ec1bd148}: 'long java.lang.invoke.DirectMethodHandle$Holder.invokeStatic(java.lang.Object, java.lang.Object, int)'> (0x00000000ec1bd148) 
thrown [s\src\hotspot\share\interpreter\linkResolver.cpp, line 759]
Event: 5.557 Thread 0x0000018fb9672790 Exception <a 'java/lang/NoSuchMethodError'{0x00000000ec216908}: 'java.lang.Object java.lang.invoke.DirectMethodHandle$Holder.invokeStatic(java.lang.Object, java.lang.Object, java.lang.Object, java.lang.Object, int, java.lang.Object)'> (0x00000000ec216908) 
thrown [s\src\hotspot\share\interpreter\linkResolver.cpp, line 759]
Event: 5.559 Thread 0x0000018fb9672790 Exception <a 'java/lang/NoSuchMethodError'{0x00000000ec230f28}: 'java.lang.Object java.lang.invoke.DirectMethodHandle$Holder.invokeStaticInit(java.lang.Object, java.lang.Object, java.lang.Object, java.lang.Object, java.lang.Object, java.lang.Object, java.lang.Object)'> (0x00000000ec230f28) 
thrown [s\src\hotspot\share\interpreter\linkResolver.cpp, line 759]
Event: 5.560 Thread 0x0000018fb9672790 Exception <a 'java/lang/NoSuchMethodError'{0x00000000ec23ac08}: 'java.lang.Object java.lang.invoke.DirectMethodHandle$Holder.invokeSpecial(java.lang.Object, java.lang.Object, java.lang.Object, java.lang.Object, java.lang.Object, java.lang.Object, java.lang.Object, java.lang.Object, java.lang.Object)'> (0x00000000ec23ac08) 
thrown [s\src\hotspot\share\interpreter\linkResolver.cpp, line 759]
Event: 5.561 Thread 0x0000018fb9672790 Exception <a 'java/lang/NoSuchMethodError'{0x00000000ec240898}: 'java.lang.Object java.lang.invoke.Invokers$Holder.invoke_MT(java.lang.Object, java.lang.Object, java.lang.Object, java.lang.Object, java.lang.Object, java.lang.Object, java.lang.Object, java.lang.Object, java.lang.Object)'> (0x00000000ec240898) 
thrown [s\src\hotspot\share\interpreter\linkResolver.cpp, line 759]
Event: 5.566 Thread 0x0000018fb9672790 Exception <a 'java/lang/NoSuchMethodError'{0x00000000ec27bdd0}: 'int java.lang.invoke.DirectMethodHandle$Holder.invokeVirtual(java.lang.Object, java.lang.Object, java.lang.Object)'> (0x00000000ec27bdd0) 
thrown [s\src\hotspot\share\interpreter\linkResolver.cpp, line 759]
Event: 5.567 Thread 0x0000018fb9672790 Exception <a 'java/lang/NoSuchMethodError'{0x00000000ec280678}: 'int java.lang.invoke.DirectMethodHandle$Holder.invokeVirtual(java.lang.Object, java.lang.Object)'> (0x00000000ec280678) 
thrown [s\src\hotspot\share\interpreter\linkResolver.cpp, line 759]
Event: 5.567 Thread 0x0000018fb9672790 Exception <a 'java/lang/NoSuchMethodError'{0x00000000ec285880}: 'int java.lang.invoke.DirectMethodHandle$Holder.invokeStaticInit(java.lang.Object, int, int)'> (0x00000000ec285880) 
thrown [s\src\hotspot\share\interpreter\linkResolver.cpp, line 759]
Event: 5.568 Thread 0x0000018fb9672790 Exception <a 'java/lang/NoSuchMethodError'{0x00000000ec28e060}: 'int java.lang.invoke.DirectMethodHandle$Holder.invokeStaticInit(java.lang.Object, long, long)'> (0x00000000ec28e060) 
thrown [s\src\hotspot\share\interpreter\linkResolver.cpp, line 759]
Event: 5.569 Thread 0x0000018fb9672790 Exception <a 'java/lang/NoSuchMethodError'{0x00000000ec295ea0}: 'int java.lang.invoke.DirectMethodHandle$Holder.invokeStaticInit(java.lang.Object, float, float)'> (0x00000000ec295ea0) 
thrown [s\src\hotspot\share\interpreter\linkResolver.cpp, line 759]
Event: 5.570 Thread 0x0000018fb9672790 Exception <a 'java/lang/NoSuchMethodError'{0x00000000ec29dce8}: 'int java.lang.invoke.DirectMethodHandle$Holder.invokeStaticInit(java.lang.Object, double, double)'> (0x00000000ec29dce8) 
thrown [s\src\hotspot\share\interpreter\linkResolver.cpp, line 759]
Event: 5.571 Thread 0x0000018fb9672790 Exception <a 'java/lang/NoSuchMethodError'{0x00000000ec2a32e0}: 'int java.lang.invoke.DirectMethodHandle$Holder.invokeStatic(java.lang.Object, long)'> (0x00000000ec2a32e0) 
thrown [s\src\hotspot\share\interpreter\linkResolver.cpp, line 759]
Event: 5.576 Thread 0x0000018fb9672790 Exception <a 'java/lang/NoSuchMethodError'{0x00000000ec2cba80}: 'int java.lang.invoke.Invokers$Holder.linkToTargetMethod(java.lang.Object, java.lang.Object)'> (0x00000000ec2cba80) 
thrown [s\src\hotspot\share\interpreter\linkResolver.cpp, line 759]
Event: 5.622 Thread 0x0000018fb9672790 Exception <a 'java/lang/NoSuchMethodError'{0x00000000eab31bd0}: 'java.lang.Object java.lang.invoke.DirectMethodHandle$Holder.newInvokeSpecial(java.lang.Object, java.lang.Object, java.lang.Object, java.lang.Object, java.lang.Object)'> (0x00000000eab31bd0) 
thrown [s\src\hotspot\share\interpreter\linkResolver.cpp, line 759]
Event: 5.627 Thread 0x0000018fb9672790 Exception <a 'java/lang/NoSuchMethodError'{0x00000000eab54ea8}: 'java.lang.Object java.lang.invoke.DirectMethodHandle$Holder.invokeSpecial(java.lang.Object, java.lang.Object, java.lang.Object, java.lang.Object, java.lang.Object, java.lang.Object, java.lang.Object, java.lang.Object, java.lang.Object, java.lang.Object, java.lang.Object)'> (0x00000000eab54ea8) 
thrown [s\src\hotspot\share\interpreter\linkResolver.cpp, line 759]
Event: 5.627 Thread 0x0000018fb9672790 Exception <a 'java/lang/NoSuchMethodError'{0x00000000eab5a3c0}: 'java.lang.Object java.lang.invoke.Invokers$Holder.invoke_MT(java.lang.Object, java.lang.Object, java.lang.Object, java.lang.Object, java.lang.Object, java.lang.Object, java.lang.Object, java.lang.Object, java.lang.Object, java.lang.Object, java.lang.Object)'> (0x00000000eab5a3c0) 
thrown [s\src\hotspot\share\interpreter\linkResolver.cpp, line 759]
Event: 5.640 Thread 0x0000018fb9672790 Exception <a 'java/lang/NoSuchMethodError'{0x00000000eabeff90}: 'java.lang.Object java.lang.invoke.DirectMethodHandle$Holder.invokeSpecial(java.lang.Object, java.lang.Object, java.lang.Object, java.lang.Object, java.lang.Object, java.lang.Object, java.lang.Object, java.lang.Object, java.lang.Object, java.lang.Object)'> (0x00000000eabeff90) 
thrown [s\src\hotspot\share\interpreter\linkResolver.cpp, line 759]
Event: 5.641 Thread 0x0000018fb9672790 Exception <a 'java/lang/NoSuchMethodError'{0x00000000eabf51e0}: 'java.lang.Object java.lang.invoke.Invokers$Holder.invoke_MT(java.lang.Object, java.lang.Object, java.lang.Object, java.lang.Object, java.lang.Object, java.lang.Object, java.lang.Object, java.lang.Object, java.lang.Object, java.lang.Object)'> (0x00000000eabf51e0) 
thrown [s\src\hotspot\share\interpreter\linkResolver.cpp, line 759]

VM Operations (20 events):
Event: 4.717 Executing VM operation: HandshakeAllThreads
Event: 4.718 Executing VM operation: HandshakeAllThreads done
Event: 4.973 Executing VM operation: HandshakeAllThreads
Event: 4.973 Executing VM operation: HandshakeAllThreads done
Event: 4.973 Executing VM operation: Cleanup
Event: 4.973 Executing VM operation: Cleanup done
Event: 5.072 Executing VM operation: ParallelGCFailedAllocation
Event: 5.076 Executing VM operation: ParallelGCFailedAllocation done
Event: 5.078 Executing VM operation: HandshakeAllThreads
Event: 5.079 Executing VM operation: HandshakeAllThreads done
Event: 5.091 Executing VM operation: HandshakeAllThreads
Event: 5.091 Executing VM operation: HandshakeAllThreads done
Event: 5.091 Executing VM operation: HandshakeAllThreads
Event: 5.091 Executing VM operation: HandshakeAllThreads done
Event: 5.425 Executing VM operation: HandshakeAllThreads
Event: 5.425 Executing VM operation: HandshakeAllThreads done
Event: 5.545 Executing VM operation: HandshakeAllThreads
Event: 5.545 Executing VM operation: HandshakeAllThreads done
Event: 5.608 Executing VM operation: ParallelGCFailedAllocation
Event: 5.611 Executing VM operation: ParallelGCFailedAllocation done

Memory protections (0 events):
No events

Nmethod flushes (0 events):
No events

Events (20 events):
Event: 0.272 Thread 0x0000018fb7b81890 Thread added: 0x0000018fb7c93fd0
Event: 0.516 Thread 0x0000018f9eb35080 Thread added: 0x0000018fb7e74850
Event: 0.715 Thread 0x0000018fb7b81890 Thread added: 0x0000018fb8eb9d20
Event: 1.627 Thread 0x0000018f9eb35080 Thread added: 0x0000018fb926a090
Event: 1.920 Thread 0x0000018f9eb35080 Thread added: 0x0000018fb9563c20
Event: 1.967 Thread 0x0000018fb9563c20 Thread added: 0x0000018fb9671ee0
Event: 1.972 Thread 0x0000018f9eb35080 Thread added: 0x0000018fb9672790
Event: 2.087 Thread 0x0000018fb8eb9d20 Thread exited: 0x0000018fb8eb9d20
Event: 2.541 Thread 0x0000018fb9672790 Thread added: 0x0000018fb9b6abe0
Event: 2.863 Thread 0x0000018fb9672790 Thread added: 0x0000018fb96f0650
Event: 2.975 Thread 0x0000018fb7c93fd0 Thread exited: 0x0000018fb7c93fd0
Event: 3.056 Thread 0x0000018fb9672790 Thread added: 0x0000018fb96f1580
Event: 3.762 Thread 0x0000018fb9672790 Thread added: 0x0000018fb96f0140
Event: 4.191 Thread 0x0000018fb7b81890 Thread added: 0x0000018fb9d4cc50
Event: 4.209 Thread 0x0000018fb7b306d0 Thread added: 0x0000018fb9db6f70
Event: 4.705 Thread 0x0000018fb9db6f70 Thread exited: 0x0000018fb9db6f70
Event: 4.750 Thread 0x0000018fb9672790 Thread added: 0x0000018fb96f1070
Event: 4.827 Thread 0x0000018fb9672790 Thread added: 0x0000018fb96f1a90
Event: 4.867 Thread 0x0000018fb9672790 Thread added: 0x0000018fb96ee2e0
Event: 5.111 Thread 0x0000018fb96ee2e0 Thread added: 0x0000018fb96ee7f0


Dynamic libraries:
0x00007ff6c4610000 - 0x00007ff6c461e000 	c:\Users\Kiet\.vscode\extensions\redhat.java-1.38.0-win32-x64\jre\17.0.13-win32-x86_64\bin\java.exe
0x00007ffe112d0000 - 0x00007ffe114e7000 	C:\WINDOWS\SYSTEM32\ntdll.dll
0x00007ffe105a0000 - 0x00007ffe10664000 	C:\WINDOWS\System32\KERNEL32.DLL
0x00007ffe0e7f0000 - 0x00007ffe0ebaa000 	C:\WINDOWS\System32\KERNELBASE.dll
0x00007ffe09f70000 - 0x00007ffe0a007000 	C:\WINDOWS\SYSTEM32\apphelp.dll
0x00007ffe0ee10000 - 0x00007ffe0ef21000 	C:\WINDOWS\System32\ucrtbase.dll
0x00007ffde57f0000 - 0x00007ffde5807000 	c:\Users\Kiet\.vscode\extensions\redhat.java-1.38.0-win32-x64\jre\17.0.13-win32-x86_64\bin\jli.dll
0x00007ffe10950000 - 0x00007ffe10afe000 	C:\WINDOWS\System32\USER32.dll
0x00007ffde57d0000 - 0x00007ffde57ee000 	c:\Users\Kiet\.vscode\extensions\redhat.java-1.38.0-win32-x64\jre\17.0.13-win32-x86_64\bin\VCRUNTIME140.dll
0x00007ffe0e740000 - 0x00007ffe0e766000 	C:\WINDOWS\System32\win32u.dll
0x00007ffe0f1b0000 - 0x00007ffe0f1d9000 	C:\WINDOWS\System32\GDI32.dll
0x00007ffe0e5a0000 - 0x00007ffe0e6bb000 	C:\WINDOWS\System32\gdi32full.dll
0x00007ffdf4940000 - 0x00007ffdf4bd2000 	C:\WINDOWS\WinSxS\amd64_microsoft.windows.common-controls_6595b64144ccf1df_6.0.22621.4541_none_2710d1c57384c085\COMCTL32.dll
0x00007ffe0ef30000 - 0x00007ffe0efca000 	C:\WINDOWS\System32\msvcp_win.dll
0x00007ffe10b20000 - 0x00007ffe10bc7000 	C:\WINDOWS\System32\msvcrt.dll
0x00007ffe0f030000 - 0x00007ffe0f061000 	C:\WINDOWS\System32\IMM32.DLL
0x00007ffe0ac00000 - 0x00007ffe0ac0c000 	c:\Users\Kiet\.vscode\extensions\redhat.java-1.38.0-win32-x64\jre\17.0.13-win32-x86_64\bin\vcruntime140_1.dll
0x00007ffdcee40000 - 0x00007ffdceecd000 	c:\Users\Kiet\.vscode\extensions\redhat.java-1.38.0-win32-x64\jre\17.0.13-win32-x86_64\bin\msvcp140.dll
0x00007ffdc50c0000 - 0x00007ffdc5d2b000 	c:\Users\Kiet\.vscode\extensions\redhat.java-1.38.0-win32-x64\jre\17.0.13-win32-x86_64\bin\server\jvm.dll
0x00007ffe111d0000 - 0x00007ffe11282000 	C:\WINDOWS\System32\ADVAPI32.dll
0x00007ffe0f2e0000 - 0x00007ffe0f387000 	C:\WINDOWS\System32\sechost.dll
0x00007ffe0ebb0000 - 0x00007ffe0ebd8000 	C:\WINDOWS\System32\bcrypt.dll
0x00007ffe0f070000 - 0x00007ffe0f184000 	C:\WINDOWS\System32\RPCRT4.dll
0x00007ffe10340000 - 0x00007ffe103b1000 	C:\WINDOWS\System32\WS2_32.dll
0x00007ffe0e470000 - 0x00007ffe0e4bd000 	C:\WINDOWS\SYSTEM32\POWRPROF.dll
0x00007ffe0a010000 - 0x00007ffe0a044000 	C:\WINDOWS\SYSTEM32\WINMM.dll
0x00007ffe0a630000 - 0x00007ffe0a63a000 	C:\WINDOWS\SYSTEM32\VERSION.dll
0x00007ffe0e450000 - 0x00007ffe0e463000 	C:\WINDOWS\SYSTEM32\UMPDC.dll
0x00007ffe0d5e0000 - 0x00007ffe0d5f8000 	C:\WINDOWS\SYSTEM32\kernel.appcore.dll
0x00007ffe0a320000 - 0x00007ffe0a32a000 	c:\Users\Kiet\.vscode\extensions\redhat.java-1.38.0-win32-x64\jre\17.0.13-win32-x86_64\bin\jimage.dll
0x00007ffe0bdb0000 - 0x00007ffe0bfe2000 	C:\WINDOWS\SYSTEM32\DBGHELP.DLL
0x00007ffe0fca0000 - 0x00007ffe1002f000 	C:\WINDOWS\System32\combase.dll
0x00007ffe110f0000 - 0x00007ffe111c7000 	C:\WINDOWS\System32\OLEAUT32.dll
0x00007ffdfae80000 - 0x00007ffdfaeb2000 	C:\WINDOWS\SYSTEM32\dbgcore.DLL
0x00007ffe0e6c0000 - 0x00007ffe0e73b000 	C:\WINDOWS\System32\bcryptPrimitives.dll
0x00007ffdffa70000 - 0x00007ffdffa7e000 	c:\Users\Kiet\.vscode\extensions\redhat.java-1.38.0-win32-x64\jre\17.0.13-win32-x86_64\bin\instrument.dll
0x00007ffde3dd0000 - 0x00007ffde3df5000 	c:\Users\Kiet\.vscode\extensions\redhat.java-1.38.0-win32-x64\jre\17.0.13-win32-x86_64\bin\java.dll
0x00007ffdfe060000 - 0x00007ffdfe078000 	c:\Users\Kiet\.vscode\extensions\redhat.java-1.38.0-win32-x64\jre\17.0.13-win32-x86_64\bin\zip.dll
0x00007ffe0f390000 - 0x00007ffe0fc08000 	C:\WINDOWS\System32\SHELL32.dll
0x00007ffe0c4e0000 - 0x00007ffe0cde8000 	C:\WINDOWS\SYSTEM32\windows.storage.dll
0x00007ffe0c3a0000 - 0x00007ffe0c4df000 	C:\WINDOWS\SYSTEM32\wintypes.dll
0x00007ffe0f1e0000 - 0x00007ffe0f2da000 	C:\WINDOWS\System32\SHCORE.dll
0x00007ffe0efd0000 - 0x00007ffe0f02e000 	C:\WINDOWS\System32\shlwapi.dll
0x00007ffe0e4d0000 - 0x00007ffe0e4fb000 	C:\WINDOWS\SYSTEM32\profapi.dll
0x00007ffe0ab80000 - 0x00007ffe0ab99000 	C:\Users\Kiet\.vscode\extensions\redhat.java-1.38.0-win32-x64\jre\17.0.13-win32-x86_64\bin\net.dll
0x00007ffe09d40000 - 0x00007ffe09e76000 	C:\WINDOWS\SYSTEM32\WINHTTP.dll
0x00007ffe0da60000 - 0x00007ffe0dac9000 	C:\WINDOWS\system32\mswsock.dll
0x00007ffe079d0000 - 0x00007ffe079e6000 	C:\Users\Kiet\.vscode\extensions\redhat.java-1.38.0-win32-x64\jre\17.0.13-win32-x86_64\bin\nio.dll
0x00007ffe0ac30000 - 0x00007ffe0ac40000 	c:\Users\Kiet\.vscode\extensions\redhat.java-1.38.0-win32-x64\jre\17.0.13-win32-x86_64\bin\verify.dll
0x00007ffde84b0000 - 0x00007ffde84f5000 	C:\Users\Kiet\AppData\Roaming\Code\User\globalStorage\redhat.java\1.38.0\config_win\org.eclipse.equinox.launcher\org.eclipse.equinox.launcher.win32.win32.x86_64_1.2.1100.v20240722-2106\eclipse_11904.dll
0x00007ffe10670000 - 0x00007ffe10815000 	C:\WINDOWS\System32\ole32.dll
0x00007ffe0dcb0000 - 0x00007ffe0dccb000 	C:\WINDOWS\SYSTEM32\CRYPTSP.dll
0x00007ffe0d540000 - 0x00007ffe0d575000 	C:\WINDOWS\system32\rsaenh.dll
0x00007ffe0db50000 - 0x00007ffe0db78000 	C:\WINDOWS\SYSTEM32\USERENV.dll
0x00007ffe0dcd0000 - 0x00007ffe0dcdc000 	C:\WINDOWS\SYSTEM32\CRYPTBASE.dll
0x00007ffe0d050000 - 0x00007ffe0d07d000 	C:\WINDOWS\SYSTEM32\IPHLPAPI.DLL
0x00007ffe0f190000 - 0x00007ffe0f199000 	C:\WINDOWS\System32\NSI.dll
0x00007ffe09ad0000 - 0x00007ffe09ae9000 	C:\WINDOWS\SYSTEM32\dhcpcsvc6.DLL
0x00007ffe099b0000 - 0x00007ffe099cf000 	C:\WINDOWS\SYSTEM32\dhcpcsvc.DLL
0x00007ffe0d0c0000 - 0x00007ffe0d1c2000 	C:\WINDOWS\SYSTEM32\DNSAPI.dll
0x00007ffdddff0000 - 0x00007ffdde039000 	C:\Users\Kiet\AppData\Local\Temp\jna-2338477\jna2225417354315637154.dll
0x00007ffe10590000 - 0x00007ffe10598000 	C:\WINDOWS\System32\PSAPI.DLL

dbghelp: loaded successfully - version: 4.0.5 - missing functions: none
symbol engine: initialized successfully - sym options: 0x614 - pdb path: .;c:\Users\Kiet\.vscode\extensions\redhat.java-1.38.0-win32-x64\jre\17.0.13-win32-x86_64\bin;C:\WINDOWS\SYSTEM32;C:\WINDOWS\WinSxS\amd64_microsoft.windows.common-controls_6595b64144ccf1df_6.0.22621.4541_none_2710d1c57384c085;c:\Users\Kiet\.vscode\extensions\redhat.java-1.38.0-win32-x64\jre\17.0.13-win32-x86_64\bin\server;C:\Users\Kiet\AppData\Roaming\Code\User\globalStorage\redhat.java\1.38.0\config_win\org.eclipse.equinox.launcher\org.eclipse.equinox.launcher.win32.win32.x86_64_1.2.1100.v20240722-2106;C:\Users\Kiet\AppData\Local\Temp\jna-2338477

VM Arguments:
jvm_args: --add-modules=ALL-SYSTEM --add-opens=java.base/java.util=ALL-UNNAMED --add-opens=java.base/java.lang=ALL-UNNAMED --add-opens=java.base/sun.nio.fs=ALL-UNNAMED -Declipse.application=org.eclipse.jdt.ls.core.id1 -Dosgi.bundles.defaultStartLevel=4 -Declipse.product=org.eclipse.jdt.ls.core.product -Djava.import.generatesMetadataFilesAtProjectRoot=false -DDetectVMInstallationsJob.disabled=true -Dfile.encoding=utf8 -XX:+UseParallelGC -XX:GCTimeRatio=4 -XX:AdaptiveSizePolicyWeight=90 -Dsun.zip.disableMemoryMapping=true -Xmx1G -Xms100m -Xlog:disable -javaagent:c:\Users\Kiet\.vscode\extensions\redhat.java-1.38.0-win32-x64\lombok\lombok-1.18.34.jar -XX:+HeapDumpOnOutOfMemoryError -XX:HeapDumpPath=c:\Users\Kiet\AppData\Roaming\Code\User\workspaceStorage\f22878db525d6a51bc79ced663af2e8e\redhat.java -Daether.dependencyCollector.impl=bf 
java_command: c:\Users\Kiet\.vscode\extensions\redhat.java-1.38.0-win32-x64\server\plugins\org.eclipse.equinox.launcher_1.6.900.v20240613-2009.jar -configuration c:\Users\Kiet\AppData\Roaming\Code\User\globalStorage\redhat.java\1.38.0\config_win -data c:\Users\Kiet\AppData\Roaming\Code\User\workspaceStorage\f22878db525d6a51bc79ced663af2e8e\redhat.java\jdt_ws --pipe=\\.\pipe\lsp-91536ff5a2f7f429470fcee97cd82609-sock
java_class_path (initial): c:\Users\Kiet\.vscode\extensions\redhat.java-1.38.0-win32-x64\server\plugins\org.eclipse.equinox.launcher_1.6.900.v20240613-2009.jar
Launcher Type: SUN_STANDARD

[Global flags]
    uintx AdaptiveSizePolicyWeight                 = 90                                        {product} {command line}
     intx CICompilerCount                          = 4                                         {product} {ergonomic}
    uintx GCTimeRatio                              = 4                                         {product} {command line}
     bool HeapDumpOnOutOfMemoryError               = true                                   {manageable} {command line}
    ccstr HeapDumpPath                             = c:\Users\Kiet\AppData\Roaming\Code\User\workspaceStorage\f22878db525d6a51bc79ced663af2e8e\redhat.java         {manageable} {command line}
   size_t InitialHeapSize                          = 104857600                                 {product} {command line}
   size_t MaxHeapSize                              = 1073741824                                {product} {command line}
   size_t MaxNewSize                               = 357564416                                 {product} {ergonomic}
   size_t MinHeapDeltaBytes                        = 524288                                    {product} {ergonomic}
   size_t MinHeapSize                              = 104857600                                 {product} {command line}
   size_t NewSize                                  = 34603008                                  {product} {ergonomic}
    uintx NonNMethodCodeHeapSize                   = 5839372                                {pd product} {ergonomic}
    uintx NonProfiledCodeHeapSize                  = 122909434                              {pd product} {ergonomic}
   size_t OldSize                                  = 70254592                                  {product} {ergonomic}
    uintx ProfiledCodeHeapSize                     = 122909434                              {pd product} {ergonomic}
    uintx ReservedCodeCacheSize                    = 251658240                              {pd product} {ergonomic}
     bool SegmentedCodeCache                       = true                                      {product} {ergonomic}
   size_t SoftMaxHeapSize                          = 1073741824                             {manageable} {ergonomic}
     bool UseCompressedClassPointers               = true                           {product lp64_product} {ergonomic}
     bool UseCompressedOops                        = true                           {product lp64_product} {ergonomic}
     bool UseLargePagesIndividualAllocation        = false                                  {pd product} {ergonomic}
     bool UseParallelGC                            = true                                      {product} {command line}

Logging:
Log output configuration:
 #0: stdout all=off uptime,level,tags
 #1: stderr all=off uptime,level,tags

Environment Variables:
JAVA_HOME=C:\Program Files\Java\jdk-23
PATH=C:\Program Files\Common Files\Oracle\Java\javapath;C:\Program Files (x86)\Common Files\Oracle\Java\java8path;C:\Program Files (x86)\Common Files\Oracle\Java\javapath;C:\WINDOWS\system32;C:\WINDOWS;C:\WINDOWS\System32\Wbem;C:\WINDOWS\System32\WindowsPowerShell\v1.0\;C:\WINDOWS\System32\OpenSSH\;C:\Program Files\dotnet\;C:\Program Files (x86)\Microsoft SQL Server\160\Tools\Binn\;C:\Program Files\Microsoft SQL Server\160\Tools\Binn\;C:\Program Files\Microsoft SQL Server\Client SDK\ODBC\170\Tools\Binn\;C:\Program Files\Microsoft SQL Server\160\DTS\Binn\;C:\Program Files (x86)\Microsoft SQL Server\160\DTS\Binn\;C:\Program Files\Azure Data Studio\bin;C:\Program Files\apache-maven-3.9.6\bin;C:\Program Files\Git\cmd;C:\Program Files\Java\jdk-23\bin;C:\Users\Kiet\AppData\Local\Programs\Python\Python38;C:\Users\Kiet\AppData\Local\Programs\Python\Python38\Scripts;C:\Program Files\CMake\bin;C:\Program Files\PostgreSQL\17\bin;C:\Users\Kiet\anaconda3\Scripts;C:\Program Files\nodejs\;C:\Users\Kiet\AppData\Local\Microsoft\WindowsApps;C:\Users\Kiet\AppData\Local\Programs\Microsoft VS Code\bin;C:\Users\Kiet\.dotnet\tools;C:\Program Files\Azure Data Studio\bin;C:\Users\Kiet\AppData\Roaming\npm
USERNAME=Kiet
OS=Windows_NT
PROCESSOR_IDENTIFIER=Intel64 Family 6 Model 126 Stepping 5, GenuineIntel
TMP=C:\Users\Kiet\AppData\Local\Temp
TEMP=C:\Users\Kiet\AppData\Local\Temp



Periodic native trim disabled


---------------  S Y S T E M  ---------------

OS:
 Windows 11 , 64 bit Build 22621 (10.0.22621.4391)
OS uptime: 6 days 1:05 hours

CPU: total 8 (initial active 8) (4 cores per cpu, 2 threads per core) family 6 model 126 stepping 5 microcode 0xa6, cx8, cmov, fxsr, ht, mmx, 3dnowpref, sse, sse2, sse3, ssse3, sse4.1, sse4.2, popcnt, lzcnt, tsc, tscinvbit, avx, avx2, aes, erms, clmul, bmi1, bmi2, adx, avx512f, avx512dq, avx512cd, avx512bw, avx512vl, sha, fma, vzeroupper, avx512_vpopcntdq, avx512_vpclmulqdq, avx512_vaes, avx512_vnni, clflush, clflushopt, avx512_vbmi2, avx512_vbmi
Processor Information for all 8 processors :
  Max Mhz: 1190, Current Mhz: 991, Mhz Limit: 987

Memory: 4k page, system-wide physical 7987M (716M free)
TotalPageFile size 10035M (AvailPageFile size 8M)
current process WorkingSet (physical memory assigned to process): 137M, peak: 137M
current process commit charge ("private bytes"): 237M, peak: 237M

vm_info: OpenJDK 64-Bit Server VM (17.0.13+11) for windows-amd64 JRE (17.0.13+11), built on Oct 16 2024 00:10:08 by "admin" with MS VC++ 17.7 (VS2022)

END.
